[2023-05-14T06:02:10.327+0000] {taskinstance.py:1090} INFO - Dependencies all met for dep_context=non-requeueable deps ti=<TaskInstance: greenery_addresses_data_pipeline.load_data_from_gcs_to_bigquery manual__2023-05-14T06:02:05.035200+00:00 [queued]>
[2023-05-14T06:02:10.333+0000] {taskinstance.py:1090} INFO - Dependencies all met for dep_context=requeueable deps ti=<TaskInstance: greenery_addresses_data_pipeline.load_data_from_gcs_to_bigquery manual__2023-05-14T06:02:05.035200+00:00 [queued]>
[2023-05-14T06:02:10.334+0000] {taskinstance.py:1288} INFO - 
--------------------------------------------------------------------------------
[2023-05-14T06:02:10.335+0000] {taskinstance.py:1289} INFO - Starting attempt 1 of 1
[2023-05-14T06:02:10.336+0000] {taskinstance.py:1290} INFO - 
--------------------------------------------------------------------------------
[2023-05-14T06:02:10.344+0000] {taskinstance.py:1309} INFO - Executing <Task(PythonOperator): load_data_from_gcs_to_bigquery> on 2023-05-14 06:02:05.035200+00:00
[2023-05-14T06:02:10.349+0000] {standard_task_runner.py:55} INFO - Started process 16784 to run task
[2023-05-14T06:02:10.352+0000] {standard_task_runner.py:82} INFO - Running: ['***', 'tasks', 'run', 'greenery_addresses_data_pipeline', 'load_data_from_gcs_to_bigquery', 'manual__2023-05-14T06:02:05.035200+00:00', '--job-id', '28', '--raw', '--subdir', 'DAGS_FOLDER/greenery_addresses_data_pipeline.py', '--cfg-path', '/tmp/tmprhz69mui']
[2023-05-14T06:02:10.354+0000] {standard_task_runner.py:83} INFO - Job 28: Subtask load_data_from_gcs_to_bigquery
[2023-05-14T06:02:10.414+0000] {task_command.py:389} INFO - Running <TaskInstance: greenery_addresses_data_pipeline.load_data_from_gcs_to_bigquery manual__2023-05-14T06:02:05.035200+00:00 [running]> on host 81a59154956d
[2023-05-14T06:02:10.477+0000] {taskinstance.py:1518} INFO - Exporting the following env vars:
AIRFLOW_CTX_DAG_OWNER=***
AIRFLOW_CTX_DAG_ID=greenery_addresses_data_pipeline
AIRFLOW_CTX_TASK_ID=load_data_from_gcs_to_bigquery
AIRFLOW_CTX_EXECUTION_DATE=2023-05-14T06:02:05.035200+00:00
AIRFLOW_CTX_TRY_NUMBER=1
AIRFLOW_CTX_DAG_RUN_ID=manual__2023-05-14T06:02:05.035200+00:00
[2023-05-14T06:02:10.480+0000] {logging_mixin.py:137} INFO - ##### Start load data: addresses , date: 2023-05-14 from GCS to Big Query #####
[2023-05-14T06:02:16.369+0000] {logging_mixin.py:137} INFO - Loaded 150 rows and 5 columns to dataengineer-384509.deb_bootcamp.addresses
[2023-05-14T06:02:16.375+0000] {logging_mixin.py:137} INFO - ##### End load data: addresses , date: 2023-05-14 from GCS to Big Query #####
[2023-05-14T06:02:16.377+0000] {python.py:177} INFO - Done. Returned value was: None
[2023-05-14T06:02:16.407+0000] {taskinstance.py:1332} INFO - Marking task as SUCCESS. dag_id=greenery_addresses_data_pipeline, task_id=load_data_from_gcs_to_bigquery, execution_date=20230514T060205, start_date=20230514T060210, end_date=20230514T060216
[2023-05-14T06:02:16.448+0000] {local_task_job.py:212} INFO - Task exited with return code 0
[2023-05-14T06:02:16.463+0000] {taskinstance.py:2596} INFO - 0 downstream tasks scheduled from follow-on schedule check
