[2023-05-13T09:59:35.260+0000] {taskinstance.py:1090} INFO - Dependencies all met for dep_context=non-requeueable deps ti=<TaskInstance: greenery_addresses_data_pipeline.load_data_to_gcs manual__2023-05-13T09:59:32.597824+00:00 [queued]>
[2023-05-13T09:59:35.270+0000] {taskinstance.py:1090} INFO - Dependencies all met for dep_context=requeueable deps ti=<TaskInstance: greenery_addresses_data_pipeline.load_data_to_gcs manual__2023-05-13T09:59:32.597824+00:00 [queued]>
[2023-05-13T09:59:35.272+0000] {taskinstance.py:1288} INFO - 
--------------------------------------------------------------------------------
[2023-05-13T09:59:35.273+0000] {taskinstance.py:1289} INFO - Starting attempt 1 of 1
[2023-05-13T09:59:35.275+0000] {taskinstance.py:1290} INFO - 
--------------------------------------------------------------------------------
[2023-05-13T09:59:35.284+0000] {taskinstance.py:1309} INFO - Executing <Task(PythonOperator): load_data_to_gcs> on 2023-05-13 09:59:32.597824+00:00
[2023-05-13T09:59:35.289+0000] {standard_task_runner.py:55} INFO - Started process 15803 to run task
[2023-05-13T09:59:35.293+0000] {standard_task_runner.py:82} INFO - Running: ['***', 'tasks', 'run', 'greenery_addresses_data_pipeline', 'load_data_to_gcs', 'manual__2023-05-13T09:59:32.597824+00:00', '--job-id', '12', '--raw', '--subdir', 'DAGS_FOLDER/greenery_addresses_data_pipeline.py', '--cfg-path', '/tmp/tmp5js48aor']
[2023-05-13T09:59:35.296+0000] {standard_task_runner.py:83} INFO - Job 12: Subtask load_data_to_gcs
[2023-05-13T09:59:35.368+0000] {task_command.py:389} INFO - Running <TaskInstance: greenery_addresses_data_pipeline.load_data_to_gcs manual__2023-05-13T09:59:32.597824+00:00 [running]> on host 81a59154956d
[2023-05-13T09:59:35.469+0000] {taskinstance.py:1518} INFO - Exporting the following env vars:
AIRFLOW_CTX_DAG_OWNER=***
AIRFLOW_CTX_DAG_ID=greenery_addresses_data_pipeline
AIRFLOW_CTX_TASK_ID=load_data_to_gcs
AIRFLOW_CTX_EXECUTION_DATE=2023-05-13T09:59:32.597824+00:00
AIRFLOW_CTX_TRY_NUMBER=1
AIRFLOW_CTX_DAG_RUN_ID=manual__2023-05-13T09:59:32.597824+00:00
[2023-05-13T09:59:35.472+0000] {python.py:177} INFO - Done. Returned value was: None
[2023-05-13T09:59:35.489+0000] {taskinstance.py:1332} INFO - Marking task as SUCCESS. dag_id=greenery_addresses_data_pipeline, task_id=load_data_to_gcs, execution_date=20230513T095932, start_date=20230513T095935, end_date=20230513T095935
[2023-05-13T09:59:35.546+0000] {local_task_job.py:212} INFO - Task exited with return code 0
[2023-05-13T09:59:35.570+0000] {taskinstance.py:2596} INFO - 1 downstream tasks scheduled from follow-on schedule check
