[2023-05-14T06:01:00.888+0000] {taskinstance.py:1090} INFO - Dependencies all met for dep_context=non-requeueable deps ti=<TaskInstance: greenery_addresses_data_pipeline.load_data_from_gcs_to_bigquery manual__2023-05-14T05:44:23.238480+00:00 [queued]>
[2023-05-14T06:01:00.895+0000] {taskinstance.py:1090} INFO - Dependencies all met for dep_context=requeueable deps ti=<TaskInstance: greenery_addresses_data_pipeline.load_data_from_gcs_to_bigquery manual__2023-05-14T05:44:23.238480+00:00 [queued]>
[2023-05-14T06:01:00.896+0000] {taskinstance.py:1288} INFO - 
--------------------------------------------------------------------------------
[2023-05-14T06:01:00.897+0000] {taskinstance.py:1289} INFO - Starting attempt 3 of 3
[2023-05-14T06:01:00.898+0000] {taskinstance.py:1290} INFO - 
--------------------------------------------------------------------------------
[2023-05-14T06:01:00.907+0000] {taskinstance.py:1309} INFO - Executing <Task(PythonOperator): load_data_from_gcs_to_bigquery> on 2023-05-14 05:44:23.238480+00:00
[2023-05-14T06:01:00.913+0000] {standard_task_runner.py:55} INFO - Started process 16321 to run task
[2023-05-14T06:01:00.917+0000] {standard_task_runner.py:82} INFO - Running: ['***', 'tasks', 'run', 'greenery_addresses_data_pipeline', 'load_data_from_gcs_to_bigquery', 'manual__2023-05-14T05:44:23.238480+00:00', '--job-id', '25', '--raw', '--subdir', 'DAGS_FOLDER/greenery_addresses_data_pipeline.py', '--cfg-path', '/tmp/tmpa3xso_gz']
[2023-05-14T06:01:00.919+0000] {standard_task_runner.py:83} INFO - Job 25: Subtask load_data_from_gcs_to_bigquery
[2023-05-14T06:01:00.991+0000] {task_command.py:389} INFO - Running <TaskInstance: greenery_addresses_data_pipeline.load_data_from_gcs_to_bigquery manual__2023-05-14T05:44:23.238480+00:00 [running]> on host 81a59154956d
[2023-05-14T06:01:01.056+0000] {taskinstance.py:1518} INFO - Exporting the following env vars:
AIRFLOW_CTX_DAG_OWNER=***
AIRFLOW_CTX_DAG_ID=greenery_addresses_data_pipeline
AIRFLOW_CTX_TASK_ID=load_data_from_gcs_to_bigquery
AIRFLOW_CTX_EXECUTION_DATE=2023-05-14T05:44:23.238480+00:00
AIRFLOW_CTX_TRY_NUMBER=3
AIRFLOW_CTX_DAG_RUN_ID=manual__2023-05-14T05:44:23.238480+00:00
[2023-05-14T06:01:01.060+0000] {logging_mixin.py:137} INFO - ##### Start load data: addresses , date: 2023-05-14 from GCS to Big Query #####
[2023-05-14T06:01:04.990+0000] {logging_mixin.py:137} INFO - Loaded 150 rows and 5 columns to dataengineer-384509.deb_bootcamp.addresses
[2023-05-14T06:01:04.995+0000] {logging_mixin.py:137} INFO - ##### End load data: addresses , date: 2023-05-14 from GCS to Big Query #####
[2023-05-14T06:01:04.997+0000] {python.py:177} INFO - Done. Returned value was: None
[2023-05-14T06:01:05.045+0000] {taskinstance.py:1332} INFO - Marking task as SUCCESS. dag_id=greenery_addresses_data_pipeline, task_id=load_data_from_gcs_to_bigquery, execution_date=20230514T054423, start_date=20230514T060100, end_date=20230514T060105
[2023-05-14T06:01:05.098+0000] {local_task_job.py:212} INFO - Task exited with return code 0
[2023-05-14T06:01:05.116+0000] {taskinstance.py:2596} INFO - 0 downstream tasks scheduled from follow-on schedule check
