[2023-05-13T10:01:53.977+0000] {taskinstance.py:1090} INFO - Dependencies all met for dep_context=non-requeueable deps ti=<TaskInstance: greenery_addresses_data_pipeline.load_data_to_gcs manual__2023-05-13T10:01:51.178525+00:00 [queued]>
[2023-05-13T10:01:53.983+0000] {taskinstance.py:1090} INFO - Dependencies all met for dep_context=requeueable deps ti=<TaskInstance: greenery_addresses_data_pipeline.load_data_to_gcs manual__2023-05-13T10:01:51.178525+00:00 [queued]>
[2023-05-13T10:01:53.987+0000] {taskinstance.py:1288} INFO - 
--------------------------------------------------------------------------------
[2023-05-13T10:01:53.988+0000] {taskinstance.py:1289} INFO - Starting attempt 1 of 1
[2023-05-13T10:01:53.989+0000] {taskinstance.py:1290} INFO - 
--------------------------------------------------------------------------------
[2023-05-13T10:01:53.998+0000] {taskinstance.py:1309} INFO - Executing <Task(PythonOperator): load_data_to_gcs> on 2023-05-13 10:01:51.178525+00:00
[2023-05-13T10:01:54.003+0000] {standard_task_runner.py:55} INFO - Started process 16920 to run task
[2023-05-13T10:01:54.006+0000] {standard_task_runner.py:82} INFO - Running: ['***', 'tasks', 'run', 'greenery_addresses_data_pipeline', 'load_data_to_gcs', 'manual__2023-05-13T10:01:51.178525+00:00', '--job-id', '15', '--raw', '--subdir', 'DAGS_FOLDER/greenery_addresses_data_pipeline.py', '--cfg-path', '/tmp/tmpuk2digbo']
[2023-05-13T10:01:54.008+0000] {standard_task_runner.py:83} INFO - Job 15: Subtask load_data_to_gcs
[2023-05-13T10:01:54.071+0000] {task_command.py:389} INFO - Running <TaskInstance: greenery_addresses_data_pipeline.load_data_to_gcs manual__2023-05-13T10:01:51.178525+00:00 [running]> on host 81a59154956d
[2023-05-13T10:01:54.123+0000] {taskinstance.py:1518} INFO - Exporting the following env vars:
AIRFLOW_CTX_DAG_OWNER=***
AIRFLOW_CTX_DAG_ID=greenery_addresses_data_pipeline
AIRFLOW_CTX_TASK_ID=load_data_to_gcs
AIRFLOW_CTX_EXECUTION_DATE=2023-05-13T10:01:51.178525+00:00
AIRFLOW_CTX_TRY_NUMBER=1
AIRFLOW_CTX_DAG_RUN_ID=manual__2023-05-13T10:01:51.178525+00:00
[2023-05-13T10:01:54.125+0000] {python.py:177} INFO - Done. Returned value was: None
[2023-05-13T10:01:54.135+0000] {taskinstance.py:1332} INFO - Marking task as SUCCESS. dag_id=greenery_addresses_data_pipeline, task_id=load_data_to_gcs, execution_date=20230513T100151, start_date=20230513T100153, end_date=20230513T100154
[2023-05-13T10:01:54.178+0000] {local_task_job.py:212} INFO - Task exited with return code 0
[2023-05-13T10:01:54.196+0000] {taskinstance.py:2596} INFO - 1 downstream tasks scheduled from follow-on schedule check
