[2023-05-13T09:25:58.316+0000] {processor.py:153} INFO - Started process (PID=225) to work on /opt/airflow/dags/day_tree_every_month.py
[2023-05-13T09:25:58.318+0000] {processor.py:743} INFO - Processing file /opt/airflow/dags/day_tree_every_month.py for tasks to queue
[2023-05-13T09:25:58.319+0000] {logging_mixin.py:137} INFO - [2023-05-13T09:25:58.319+0000] {dagbag.py:532} INFO - Filling up the DagBag from /opt/airflow/dags/day_tree_every_month.py
[2023-05-13T09:25:58.385+0000] {processor.py:753} INFO - DAG(s) dict_keys(['day_tree_every_month']) retrieved from /opt/airflow/dags/day_tree_every_month.py
[2023-05-13T09:25:58.491+0000] {logging_mixin.py:137} INFO - [2023-05-13T09:25:58.491+0000] {manager.py:504} INFO - Created Permission View: can read on DAG:day_tree_every_month
[2023-05-13T09:25:58.499+0000] {logging_mixin.py:137} INFO - [2023-05-13T09:25:58.499+0000] {manager.py:504} INFO - Created Permission View: can delete on DAG:day_tree_every_month
[2023-05-13T09:25:58.504+0000] {logging_mixin.py:137} INFO - [2023-05-13T09:25:58.504+0000] {manager.py:504} INFO - Created Permission View: can edit on DAG:day_tree_every_month
[2023-05-13T09:25:58.505+0000] {logging_mixin.py:137} INFO - [2023-05-13T09:25:58.505+0000] {dag.py:2705} INFO - Sync 1 DAGs
[2023-05-13T09:25:58.515+0000] {logging_mixin.py:137} INFO - [2023-05-13T09:25:58.515+0000] {dag.py:2726} INFO - Creating ORM DAG for day_tree_every_month
[2023-05-13T09:25:58.527+0000] {logging_mixin.py:137} INFO - [2023-05-13T09:25:58.527+0000] {dag.py:3456} INFO - Setting next_dagrun for day_tree_every_month to 2023-05-03T18:00:00+00:00, run_after=2023-06-03T18:00:00+00:00
[2023-05-13T09:25:58.543+0000] {processor.py:175} INFO - Processing /opt/airflow/dags/day_tree_every_month.py took 0.230 seconds
[2023-05-13T09:26:29.449+0000] {processor.py:153} INFO - Started process (PID=504) to work on /opt/airflow/dags/day_tree_every_month.py
[2023-05-13T09:26:29.451+0000] {processor.py:743} INFO - Processing file /opt/airflow/dags/day_tree_every_month.py for tasks to queue
[2023-05-13T09:26:29.452+0000] {logging_mixin.py:137} INFO - [2023-05-13T09:26:29.452+0000] {dagbag.py:532} INFO - Filling up the DagBag from /opt/airflow/dags/day_tree_every_month.py
[2023-05-13T09:26:29.469+0000] {processor.py:753} INFO - DAG(s) dict_keys(['day_tree_every_month']) retrieved from /opt/airflow/dags/day_tree_every_month.py
[2023-05-13T09:26:29.494+0000] {logging_mixin.py:137} INFO - [2023-05-13T09:26:29.494+0000] {dag.py:2705} INFO - Sync 1 DAGs
[2023-05-13T09:26:29.513+0000] {logging_mixin.py:137} INFO - [2023-05-13T09:26:29.513+0000] {dag.py:3456} INFO - Setting next_dagrun for day_tree_every_month to 2023-05-03T18:00:00+00:00, run_after=2023-06-03T18:00:00+00:00
[2023-05-13T09:26:29.529+0000] {processor.py:175} INFO - Processing /opt/airflow/dags/day_tree_every_month.py took 0.082 seconds
[2023-05-13T09:27:00.561+0000] {processor.py:153} INFO - Started process (PID=784) to work on /opt/airflow/dags/day_tree_every_month.py
[2023-05-13T09:27:00.563+0000] {processor.py:743} INFO - Processing file /opt/airflow/dags/day_tree_every_month.py for tasks to queue
[2023-05-13T09:27:00.565+0000] {logging_mixin.py:137} INFO - [2023-05-13T09:27:00.564+0000] {dagbag.py:532} INFO - Filling up the DagBag from /opt/airflow/dags/day_tree_every_month.py
[2023-05-13T09:27:00.581+0000] {processor.py:753} INFO - DAG(s) dict_keys(['day_tree_every_month']) retrieved from /opt/airflow/dags/day_tree_every_month.py
[2023-05-13T09:27:00.606+0000] {logging_mixin.py:137} INFO - [2023-05-13T09:27:00.606+0000] {dag.py:2705} INFO - Sync 1 DAGs
[2023-05-13T09:27:00.625+0000] {logging_mixin.py:137} INFO - [2023-05-13T09:27:00.625+0000] {dag.py:3456} INFO - Setting next_dagrun for day_tree_every_month to 2023-05-03T18:00:00+00:00, run_after=2023-06-03T18:00:00+00:00
[2023-05-13T09:27:00.636+0000] {processor.py:175} INFO - Processing /opt/airflow/dags/day_tree_every_month.py took 0.079 seconds
[2023-05-13T09:27:31.234+0000] {processor.py:153} INFO - Started process (PID=1062) to work on /opt/airflow/dags/day_tree_every_month.py
[2023-05-13T09:27:31.236+0000] {processor.py:743} INFO - Processing file /opt/airflow/dags/day_tree_every_month.py for tasks to queue
[2023-05-13T09:27:31.244+0000] {logging_mixin.py:137} INFO - [2023-05-13T09:27:31.244+0000] {dagbag.py:532} INFO - Filling up the DagBag from /opt/airflow/dags/day_tree_every_month.py
[2023-05-13T09:27:31.268+0000] {processor.py:753} INFO - DAG(s) dict_keys(['day_tree_every_month']) retrieved from /opt/airflow/dags/day_tree_every_month.py
[2023-05-13T09:27:31.295+0000] {logging_mixin.py:137} INFO - [2023-05-13T09:27:31.295+0000] {dag.py:2705} INFO - Sync 1 DAGs
[2023-05-13T09:27:31.318+0000] {logging_mixin.py:137} INFO - [2023-05-13T09:27:31.317+0000] {dag.py:3456} INFO - Setting next_dagrun for day_tree_every_month to 2023-05-03T18:00:00+00:00, run_after=2023-06-03T18:00:00+00:00
[2023-05-13T09:27:31.333+0000] {processor.py:175} INFO - Processing /opt/airflow/dags/day_tree_every_month.py took 0.102 seconds
[2023-05-13T09:28:01.792+0000] {processor.py:153} INFO - Started process (PID=1338) to work on /opt/airflow/dags/day_tree_every_month.py
[2023-05-13T09:28:01.794+0000] {processor.py:743} INFO - Processing file /opt/airflow/dags/day_tree_every_month.py for tasks to queue
[2023-05-13T09:28:01.796+0000] {logging_mixin.py:137} INFO - [2023-05-13T09:28:01.796+0000] {dagbag.py:532} INFO - Filling up the DagBag from /opt/airflow/dags/day_tree_every_month.py
[2023-05-13T09:28:01.810+0000] {processor.py:753} INFO - DAG(s) dict_keys(['day_tree_every_month']) retrieved from /opt/airflow/dags/day_tree_every_month.py
[2023-05-13T09:28:01.832+0000] {logging_mixin.py:137} INFO - [2023-05-13T09:28:01.832+0000] {dag.py:2705} INFO - Sync 1 DAGs
[2023-05-13T09:28:01.854+0000] {logging_mixin.py:137} INFO - [2023-05-13T09:28:01.854+0000] {dag.py:3456} INFO - Setting next_dagrun for day_tree_every_month to 2023-05-03T18:00:00+00:00, run_after=2023-06-03T18:00:00+00:00
[2023-05-13T09:28:01.869+0000] {processor.py:175} INFO - Processing /opt/airflow/dags/day_tree_every_month.py took 0.080 seconds
[2023-05-13T09:28:32.681+0000] {processor.py:153} INFO - Started process (PID=1616) to work on /opt/airflow/dags/day_tree_every_month.py
[2023-05-13T09:28:32.683+0000] {processor.py:743} INFO - Processing file /opt/airflow/dags/day_tree_every_month.py for tasks to queue
[2023-05-13T09:28:32.684+0000] {logging_mixin.py:137} INFO - [2023-05-13T09:28:32.684+0000] {dagbag.py:532} INFO - Filling up the DagBag from /opt/airflow/dags/day_tree_every_month.py
[2023-05-13T09:28:32.699+0000] {processor.py:753} INFO - DAG(s) dict_keys(['day_tree_every_month']) retrieved from /opt/airflow/dags/day_tree_every_month.py
[2023-05-13T09:28:32.721+0000] {logging_mixin.py:137} INFO - [2023-05-13T09:28:32.721+0000] {dag.py:2705} INFO - Sync 1 DAGs
[2023-05-13T09:28:32.741+0000] {logging_mixin.py:137} INFO - [2023-05-13T09:28:32.741+0000] {dag.py:3456} INFO - Setting next_dagrun for day_tree_every_month to 2023-05-03T18:00:00+00:00, run_after=2023-06-03T18:00:00+00:00
[2023-05-13T09:28:32.757+0000] {processor.py:175} INFO - Processing /opt/airflow/dags/day_tree_every_month.py took 0.078 seconds
[2023-05-13T09:29:03.499+0000] {processor.py:153} INFO - Started process (PID=1894) to work on /opt/airflow/dags/day_tree_every_month.py
[2023-05-13T09:29:03.501+0000] {processor.py:743} INFO - Processing file /opt/airflow/dags/day_tree_every_month.py for tasks to queue
[2023-05-13T09:29:03.505+0000] {logging_mixin.py:137} INFO - [2023-05-13T09:29:03.505+0000] {dagbag.py:532} INFO - Filling up the DagBag from /opt/airflow/dags/day_tree_every_month.py
[2023-05-13T09:29:03.523+0000] {processor.py:753} INFO - DAG(s) dict_keys(['day_tree_every_month']) retrieved from /opt/airflow/dags/day_tree_every_month.py
[2023-05-13T09:29:03.545+0000] {logging_mixin.py:137} INFO - [2023-05-13T09:29:03.545+0000] {dag.py:2705} INFO - Sync 1 DAGs
[2023-05-13T09:29:03.570+0000] {logging_mixin.py:137} INFO - [2023-05-13T09:29:03.570+0000] {dag.py:3456} INFO - Setting next_dagrun for day_tree_every_month to 2023-05-03T18:00:00+00:00, run_after=2023-06-03T18:00:00+00:00
[2023-05-13T09:29:03.585+0000] {processor.py:175} INFO - Processing /opt/airflow/dags/day_tree_every_month.py took 0.089 seconds
[2023-05-13T09:29:34.790+0000] {processor.py:153} INFO - Started process (PID=2172) to work on /opt/airflow/dags/day_tree_every_month.py
[2023-05-13T09:29:34.792+0000] {processor.py:743} INFO - Processing file /opt/airflow/dags/day_tree_every_month.py for tasks to queue
[2023-05-13T09:29:34.793+0000] {logging_mixin.py:137} INFO - [2023-05-13T09:29:34.793+0000] {dagbag.py:532} INFO - Filling up the DagBag from /opt/airflow/dags/day_tree_every_month.py
[2023-05-13T09:29:34.810+0000] {processor.py:753} INFO - DAG(s) dict_keys(['day_tree_every_month']) retrieved from /opt/airflow/dags/day_tree_every_month.py
[2023-05-13T09:29:34.832+0000] {logging_mixin.py:137} INFO - [2023-05-13T09:29:34.832+0000] {dag.py:2705} INFO - Sync 1 DAGs
[2023-05-13T09:29:34.850+0000] {logging_mixin.py:137} INFO - [2023-05-13T09:29:34.850+0000] {dag.py:3456} INFO - Setting next_dagrun for day_tree_every_month to 2023-05-03T18:00:00+00:00, run_after=2023-06-03T18:00:00+00:00
[2023-05-13T09:29:34.866+0000] {processor.py:175} INFO - Processing /opt/airflow/dags/day_tree_every_month.py took 0.079 seconds
[2023-05-13T09:30:05.973+0000] {processor.py:153} INFO - Started process (PID=2450) to work on /opt/airflow/dags/day_tree_every_month.py
[2023-05-13T09:30:05.975+0000] {processor.py:743} INFO - Processing file /opt/airflow/dags/day_tree_every_month.py for tasks to queue
[2023-05-13T09:30:05.976+0000] {logging_mixin.py:137} INFO - [2023-05-13T09:30:05.976+0000] {dagbag.py:532} INFO - Filling up the DagBag from /opt/airflow/dags/day_tree_every_month.py
[2023-05-13T09:30:05.991+0000] {processor.py:753} INFO - DAG(s) dict_keys(['day_tree_every_month']) retrieved from /opt/airflow/dags/day_tree_every_month.py
[2023-05-13T09:30:06.014+0000] {logging_mixin.py:137} INFO - [2023-05-13T09:30:06.014+0000] {dag.py:2705} INFO - Sync 1 DAGs
[2023-05-13T09:30:06.033+0000] {logging_mixin.py:137} INFO - [2023-05-13T09:30:06.033+0000] {dag.py:3456} INFO - Setting next_dagrun for day_tree_every_month to 2023-05-03T18:00:00+00:00, run_after=2023-06-03T18:00:00+00:00
[2023-05-13T09:30:06.049+0000] {processor.py:175} INFO - Processing /opt/airflow/dags/day_tree_every_month.py took 0.079 seconds
[2023-05-13T09:30:37.056+0000] {processor.py:153} INFO - Started process (PID=2733) to work on /opt/airflow/dags/day_tree_every_month.py
[2023-05-13T09:30:37.059+0000] {processor.py:743} INFO - Processing file /opt/airflow/dags/day_tree_every_month.py for tasks to queue
[2023-05-13T09:30:37.061+0000] {logging_mixin.py:137} INFO - [2023-05-13T09:30:37.061+0000] {dagbag.py:532} INFO - Filling up the DagBag from /opt/airflow/dags/day_tree_every_month.py
[2023-05-13T09:30:37.099+0000] {processor.py:753} INFO - DAG(s) dict_keys(['day_tree_every_month']) retrieved from /opt/airflow/dags/day_tree_every_month.py
[2023-05-13T09:30:37.125+0000] {logging_mixin.py:137} INFO - [2023-05-13T09:30:37.125+0000] {dag.py:2705} INFO - Sync 1 DAGs
[2023-05-13T09:30:37.146+0000] {logging_mixin.py:137} INFO - [2023-05-13T09:30:37.146+0000] {dag.py:3456} INFO - Setting next_dagrun for day_tree_every_month to 2023-05-03T18:00:00+00:00, run_after=2023-06-03T18:00:00+00:00
[2023-05-13T09:30:37.165+0000] {processor.py:175} INFO - Processing /opt/airflow/dags/day_tree_every_month.py took 0.113 seconds
[2023-05-13T09:31:08.169+0000] {processor.py:153} INFO - Started process (PID=3013) to work on /opt/airflow/dags/day_tree_every_month.py
[2023-05-13T09:31:08.170+0000] {processor.py:743} INFO - Processing file /opt/airflow/dags/day_tree_every_month.py for tasks to queue
[2023-05-13T09:31:08.172+0000] {logging_mixin.py:137} INFO - [2023-05-13T09:31:08.172+0000] {dagbag.py:532} INFO - Filling up the DagBag from /opt/airflow/dags/day_tree_every_month.py
[2023-05-13T09:31:08.190+0000] {processor.py:753} INFO - DAG(s) dict_keys(['day_tree_every_month']) retrieved from /opt/airflow/dags/day_tree_every_month.py
[2023-05-13T09:31:08.212+0000] {logging_mixin.py:137} INFO - [2023-05-13T09:31:08.212+0000] {dag.py:2705} INFO - Sync 1 DAGs
[2023-05-13T09:31:08.236+0000] {logging_mixin.py:137} INFO - [2023-05-13T09:31:08.235+0000] {dag.py:3456} INFO - Setting next_dagrun for day_tree_every_month to 2023-05-03T18:00:00+00:00, run_after=2023-06-03T18:00:00+00:00
[2023-05-13T09:31:08.251+0000] {processor.py:175} INFO - Processing /opt/airflow/dags/day_tree_every_month.py took 0.085 seconds
[2023-05-13T09:31:38.796+0000] {processor.py:153} INFO - Started process (PID=3269) to work on /opt/airflow/dags/day_tree_every_month.py
[2023-05-13T09:31:38.798+0000] {processor.py:743} INFO - Processing file /opt/airflow/dags/day_tree_every_month.py for tasks to queue
[2023-05-13T09:31:38.799+0000] {logging_mixin.py:137} INFO - [2023-05-13T09:31:38.799+0000] {dagbag.py:532} INFO - Filling up the DagBag from /opt/airflow/dags/day_tree_every_month.py
[2023-05-13T09:31:38.815+0000] {processor.py:753} INFO - DAG(s) dict_keys(['day_tree_every_month']) retrieved from /opt/airflow/dags/day_tree_every_month.py
[2023-05-13T09:31:38.837+0000] {logging_mixin.py:137} INFO - [2023-05-13T09:31:38.837+0000] {dag.py:2705} INFO - Sync 1 DAGs
[2023-05-13T09:31:38.855+0000] {logging_mixin.py:137} INFO - [2023-05-13T09:31:38.855+0000] {dag.py:3456} INFO - Setting next_dagrun for day_tree_every_month to 2023-05-03T18:00:00+00:00, run_after=2023-06-03T18:00:00+00:00
[2023-05-13T09:31:38.870+0000] {processor.py:175} INFO - Processing /opt/airflow/dags/day_tree_every_month.py took 0.077 seconds
[2023-05-13T09:32:09.376+0000] {processor.py:153} INFO - Started process (PID=3530) to work on /opt/airflow/dags/day_tree_every_month.py
[2023-05-13T09:32:09.378+0000] {processor.py:743} INFO - Processing file /opt/airflow/dags/day_tree_every_month.py for tasks to queue
[2023-05-13T09:32:09.380+0000] {logging_mixin.py:137} INFO - [2023-05-13T09:32:09.380+0000] {dagbag.py:532} INFO - Filling up the DagBag from /opt/airflow/dags/day_tree_every_month.py
[2023-05-13T09:32:09.395+0000] {processor.py:753} INFO - DAG(s) dict_keys(['day_tree_every_month']) retrieved from /opt/airflow/dags/day_tree_every_month.py
[2023-05-13T09:32:09.418+0000] {logging_mixin.py:137} INFO - [2023-05-13T09:32:09.418+0000] {dag.py:2705} INFO - Sync 1 DAGs
[2023-05-13T09:32:09.435+0000] {logging_mixin.py:137} INFO - [2023-05-13T09:32:09.435+0000] {dag.py:3456} INFO - Setting next_dagrun for day_tree_every_month to 2023-05-03T18:00:00+00:00, run_after=2023-06-03T18:00:00+00:00
[2023-05-13T09:32:09.449+0000] {processor.py:175} INFO - Processing /opt/airflow/dags/day_tree_every_month.py took 0.078 seconds
[2023-05-13T09:32:39.716+0000] {processor.py:153} INFO - Started process (PID=3788) to work on /opt/airflow/dags/day_tree_every_month.py
[2023-05-13T09:32:39.719+0000] {processor.py:743} INFO - Processing file /opt/airflow/dags/day_tree_every_month.py for tasks to queue
[2023-05-13T09:32:39.721+0000] {logging_mixin.py:137} INFO - [2023-05-13T09:32:39.721+0000] {dagbag.py:532} INFO - Filling up the DagBag from /opt/airflow/dags/day_tree_every_month.py
[2023-05-13T09:32:39.738+0000] {processor.py:753} INFO - DAG(s) dict_keys(['day_tree_every_month']) retrieved from /opt/airflow/dags/day_tree_every_month.py
[2023-05-13T09:32:39.763+0000] {logging_mixin.py:137} INFO - [2023-05-13T09:32:39.763+0000] {dag.py:2705} INFO - Sync 1 DAGs
[2023-05-13T09:32:39.792+0000] {logging_mixin.py:137} INFO - [2023-05-13T09:32:39.792+0000] {dag.py:3456} INFO - Setting next_dagrun for day_tree_every_month to 2023-05-03T18:00:00+00:00, run_after=2023-06-03T18:00:00+00:00
[2023-05-13T09:32:39.811+0000] {processor.py:175} INFO - Processing /opt/airflow/dags/day_tree_every_month.py took 0.098 seconds
[2023-05-13T09:33:10.269+0000] {processor.py:153} INFO - Started process (PID=4046) to work on /opt/airflow/dags/day_tree_every_month.py
[2023-05-13T09:33:10.271+0000] {processor.py:743} INFO - Processing file /opt/airflow/dags/day_tree_every_month.py for tasks to queue
[2023-05-13T09:33:10.273+0000] {logging_mixin.py:137} INFO - [2023-05-13T09:33:10.272+0000] {dagbag.py:532} INFO - Filling up the DagBag from /opt/airflow/dags/day_tree_every_month.py
[2023-05-13T09:33:10.301+0000] {processor.py:753} INFO - DAG(s) dict_keys(['day_tree_every_month']) retrieved from /opt/airflow/dags/day_tree_every_month.py
[2023-05-13T09:33:10.327+0000] {logging_mixin.py:137} INFO - [2023-05-13T09:33:10.326+0000] {dag.py:2705} INFO - Sync 1 DAGs
[2023-05-13T09:33:10.345+0000] {logging_mixin.py:137} INFO - [2023-05-13T09:33:10.345+0000] {dag.py:3456} INFO - Setting next_dagrun for day_tree_every_month to 2023-05-03T18:00:00+00:00, run_after=2023-06-03T18:00:00+00:00
[2023-05-13T09:33:10.358+0000] {processor.py:175} INFO - Processing /opt/airflow/dags/day_tree_every_month.py took 0.092 seconds
