[2023-05-13T09:25:58.254+0000] {processor.py:153} INFO - Started process (PID=220) to work on /opt/airflow/dags/eight_thirty_on_tueday.py
[2023-05-13T09:25:58.256+0000] {processor.py:743} INFO - Processing file /opt/airflow/dags/eight_thirty_on_tueday.py for tasks to queue
[2023-05-13T09:25:58.258+0000] {logging_mixin.py:137} INFO - [2023-05-13T09:25:58.257+0000] {dagbag.py:532} INFO - Filling up the DagBag from /opt/airflow/dags/eight_thirty_on_tueday.py
[2023-05-13T09:25:58.288+0000] {processor.py:753} INFO - DAG(s) dict_keys(['eight_thirty_on_tueday']) retrieved from /opt/airflow/dags/eight_thirty_on_tueday.py
[2023-05-13T09:25:58.401+0000] {logging_mixin.py:137} INFO - [2023-05-13T09:25:58.401+0000] {manager.py:504} INFO - Created Permission View: can read on DAG:eight_thirty_on_tueday
[2023-05-13T09:25:58.412+0000] {logging_mixin.py:137} INFO - [2023-05-13T09:25:58.412+0000] {manager.py:504} INFO - Created Permission View: can delete on DAG:eight_thirty_on_tueday
[2023-05-13T09:25:58.425+0000] {logging_mixin.py:137} INFO - [2023-05-13T09:25:58.425+0000] {manager.py:504} INFO - Created Permission View: can edit on DAG:eight_thirty_on_tueday
[2023-05-13T09:25:58.428+0000] {logging_mixin.py:137} INFO - [2023-05-13T09:25:58.428+0000] {dag.py:2705} INFO - Sync 1 DAGs
[2023-05-13T09:25:58.446+0000] {logging_mixin.py:137} INFO - [2023-05-13T09:25:58.446+0000] {dag.py:2726} INFO - Creating ORM DAG for eight_thirty_on_tueday
[2023-05-13T09:25:58.464+0000] {logging_mixin.py:137} INFO - [2023-05-13T09:25:58.464+0000] {dag.py:3456} INFO - Setting next_dagrun for eight_thirty_on_tueday to 2023-05-02T08:30:00+00:00, run_after=2023-05-09T08:30:00+00:00
[2023-05-13T09:25:58.478+0000] {processor.py:175} INFO - Processing /opt/airflow/dags/eight_thirty_on_tueday.py took 0.227 seconds
[2023-05-13T09:26:29.431+0000] {processor.py:153} INFO - Started process (PID=501) to work on /opt/airflow/dags/eight_thirty_on_tueday.py
[2023-05-13T09:26:29.433+0000] {processor.py:743} INFO - Processing file /opt/airflow/dags/eight_thirty_on_tueday.py for tasks to queue
[2023-05-13T09:26:29.434+0000] {logging_mixin.py:137} INFO - [2023-05-13T09:26:29.434+0000] {dagbag.py:532} INFO - Filling up the DagBag from /opt/airflow/dags/eight_thirty_on_tueday.py
[2023-05-13T09:26:29.456+0000] {processor.py:753} INFO - DAG(s) dict_keys(['eight_thirty_on_tueday']) retrieved from /opt/airflow/dags/eight_thirty_on_tueday.py
[2023-05-13T09:26:29.478+0000] {logging_mixin.py:137} INFO - [2023-05-13T09:26:29.478+0000] {dag.py:2705} INFO - Sync 1 DAGs
[2023-05-13T09:26:29.496+0000] {logging_mixin.py:137} INFO - [2023-05-13T09:26:29.496+0000] {dag.py:3456} INFO - Setting next_dagrun for eight_thirty_on_tueday to 2023-05-02T08:30:00+00:00, run_after=2023-05-09T08:30:00+00:00
[2023-05-13T09:26:29.508+0000] {processor.py:175} INFO - Processing /opt/airflow/dags/eight_thirty_on_tueday.py took 0.079 seconds
[2023-05-13T09:27:00.454+0000] {processor.py:153} INFO - Started process (PID=779) to work on /opt/airflow/dags/eight_thirty_on_tueday.py
[2023-05-13T09:27:00.456+0000] {processor.py:743} INFO - Processing file /opt/airflow/dags/eight_thirty_on_tueday.py for tasks to queue
[2023-05-13T09:27:00.458+0000] {logging_mixin.py:137} INFO - [2023-05-13T09:27:00.458+0000] {dagbag.py:532} INFO - Filling up the DagBag from /opt/airflow/dags/eight_thirty_on_tueday.py
[2023-05-13T09:27:00.478+0000] {processor.py:753} INFO - DAG(s) dict_keys(['eight_thirty_on_tueday']) retrieved from /opt/airflow/dags/eight_thirty_on_tueday.py
[2023-05-13T09:27:00.500+0000] {logging_mixin.py:137} INFO - [2023-05-13T09:27:00.500+0000] {dag.py:2705} INFO - Sync 1 DAGs
[2023-05-13T09:27:00.517+0000] {logging_mixin.py:137} INFO - [2023-05-13T09:27:00.517+0000] {dag.py:3456} INFO - Setting next_dagrun for eight_thirty_on_tueday to 2023-05-02T08:30:00+00:00, run_after=2023-05-09T08:30:00+00:00
[2023-05-13T09:27:00.532+0000] {processor.py:175} INFO - Processing /opt/airflow/dags/eight_thirty_on_tueday.py took 0.081 seconds
[2023-05-13T09:27:31.107+0000] {processor.py:153} INFO - Started process (PID=1057) to work on /opt/airflow/dags/eight_thirty_on_tueday.py
[2023-05-13T09:27:31.109+0000] {processor.py:743} INFO - Processing file /opt/airflow/dags/eight_thirty_on_tueday.py for tasks to queue
[2023-05-13T09:27:31.122+0000] {logging_mixin.py:137} INFO - [2023-05-13T09:27:31.122+0000] {dagbag.py:532} INFO - Filling up the DagBag from /opt/airflow/dags/eight_thirty_on_tueday.py
[2023-05-13T09:27:31.139+0000] {processor.py:753} INFO - DAG(s) dict_keys(['eight_thirty_on_tueday']) retrieved from /opt/airflow/dags/eight_thirty_on_tueday.py
[2023-05-13T09:27:31.164+0000] {logging_mixin.py:137} INFO - [2023-05-13T09:27:31.164+0000] {dag.py:2705} INFO - Sync 1 DAGs
[2023-05-13T09:27:31.183+0000] {logging_mixin.py:137} INFO - [2023-05-13T09:27:31.183+0000] {dag.py:3456} INFO - Setting next_dagrun for eight_thirty_on_tueday to 2023-05-02T08:30:00+00:00, run_after=2023-05-09T08:30:00+00:00
[2023-05-13T09:27:31.197+0000] {processor.py:175} INFO - Processing /opt/airflow/dags/eight_thirty_on_tueday.py took 0.093 seconds
[2023-05-13T09:28:01.770+0000] {processor.py:153} INFO - Started process (PID=1335) to work on /opt/airflow/dags/eight_thirty_on_tueday.py
[2023-05-13T09:28:01.772+0000] {processor.py:743} INFO - Processing file /opt/airflow/dags/eight_thirty_on_tueday.py for tasks to queue
[2023-05-13T09:28:01.773+0000] {logging_mixin.py:137} INFO - [2023-05-13T09:28:01.773+0000] {dagbag.py:532} INFO - Filling up the DagBag from /opt/airflow/dags/eight_thirty_on_tueday.py
[2023-05-13T09:28:01.789+0000] {processor.py:753} INFO - DAG(s) dict_keys(['eight_thirty_on_tueday']) retrieved from /opt/airflow/dags/eight_thirty_on_tueday.py
[2023-05-13T09:28:01.812+0000] {logging_mixin.py:137} INFO - [2023-05-13T09:28:01.812+0000] {dag.py:2705} INFO - Sync 1 DAGs
[2023-05-13T09:28:01.832+0000] {logging_mixin.py:137} INFO - [2023-05-13T09:28:01.831+0000] {dag.py:3456} INFO - Setting next_dagrun for eight_thirty_on_tueday to 2023-05-02T08:30:00+00:00, run_after=2023-05-09T08:30:00+00:00
[2023-05-13T09:28:01.845+0000] {processor.py:175} INFO - Processing /opt/airflow/dags/eight_thirty_on_tueday.py took 0.077 seconds
[2023-05-13T09:28:32.653+0000] {processor.py:153} INFO - Started process (PID=1611) to work on /opt/airflow/dags/eight_thirty_on_tueday.py
[2023-05-13T09:28:32.655+0000] {processor.py:743} INFO - Processing file /opt/airflow/dags/eight_thirty_on_tueday.py for tasks to queue
[2023-05-13T09:28:32.656+0000] {logging_mixin.py:137} INFO - [2023-05-13T09:28:32.656+0000] {dagbag.py:532} INFO - Filling up the DagBag from /opt/airflow/dags/eight_thirty_on_tueday.py
[2023-05-13T09:28:32.673+0000] {processor.py:753} INFO - DAG(s) dict_keys(['eight_thirty_on_tueday']) retrieved from /opt/airflow/dags/eight_thirty_on_tueday.py
[2023-05-13T09:28:32.696+0000] {logging_mixin.py:137} INFO - [2023-05-13T09:28:32.696+0000] {dag.py:2705} INFO - Sync 1 DAGs
[2023-05-13T09:28:32.715+0000] {logging_mixin.py:137} INFO - [2023-05-13T09:28:32.715+0000] {dag.py:3456} INFO - Setting next_dagrun for eight_thirty_on_tueday to 2023-05-02T08:30:00+00:00, run_after=2023-05-09T08:30:00+00:00
[2023-05-13T09:28:32.727+0000] {processor.py:175} INFO - Processing /opt/airflow/dags/eight_thirty_on_tueday.py took 0.078 seconds
[2023-05-13T09:29:03.483+0000] {processor.py:153} INFO - Started process (PID=1891) to work on /opt/airflow/dags/eight_thirty_on_tueday.py
[2023-05-13T09:29:03.485+0000] {processor.py:743} INFO - Processing file /opt/airflow/dags/eight_thirty_on_tueday.py for tasks to queue
[2023-05-13T09:29:03.486+0000] {logging_mixin.py:137} INFO - [2023-05-13T09:29:03.486+0000] {dagbag.py:532} INFO - Filling up the DagBag from /opt/airflow/dags/eight_thirty_on_tueday.py
[2023-05-13T09:29:03.503+0000] {processor.py:753} INFO - DAG(s) dict_keys(['eight_thirty_on_tueday']) retrieved from /opt/airflow/dags/eight_thirty_on_tueday.py
[2023-05-13T09:29:03.528+0000] {logging_mixin.py:137} INFO - [2023-05-13T09:29:03.528+0000] {dag.py:2705} INFO - Sync 1 DAGs
[2023-05-13T09:29:03.547+0000] {logging_mixin.py:137} INFO - [2023-05-13T09:29:03.547+0000] {dag.py:3456} INFO - Setting next_dagrun for eight_thirty_on_tueday to 2023-05-02T08:30:00+00:00, run_after=2023-05-09T08:30:00+00:00
[2023-05-13T09:29:03.565+0000] {processor.py:175} INFO - Processing /opt/airflow/dags/eight_thirty_on_tueday.py took 0.084 seconds
[2023-05-13T09:29:34.766+0000] {processor.py:153} INFO - Started process (PID=2169) to work on /opt/airflow/dags/eight_thirty_on_tueday.py
[2023-05-13T09:29:34.768+0000] {processor.py:743} INFO - Processing file /opt/airflow/dags/eight_thirty_on_tueday.py for tasks to queue
[2023-05-13T09:29:34.769+0000] {logging_mixin.py:137} INFO - [2023-05-13T09:29:34.769+0000] {dagbag.py:532} INFO - Filling up the DagBag from /opt/airflow/dags/eight_thirty_on_tueday.py
[2023-05-13T09:29:34.798+0000] {processor.py:753} INFO - DAG(s) dict_keys(['eight_thirty_on_tueday']) retrieved from /opt/airflow/dags/eight_thirty_on_tueday.py
[2023-05-13T09:29:34.820+0000] {logging_mixin.py:137} INFO - [2023-05-13T09:29:34.820+0000] {dag.py:2705} INFO - Sync 1 DAGs
[2023-05-13T09:29:34.840+0000] {logging_mixin.py:137} INFO - [2023-05-13T09:29:34.840+0000] {dag.py:3456} INFO - Setting next_dagrun for eight_thirty_on_tueday to 2023-05-02T08:30:00+00:00, run_after=2023-05-09T08:30:00+00:00
[2023-05-13T09:29:34.853+0000] {processor.py:175} INFO - Processing /opt/airflow/dags/eight_thirty_on_tueday.py took 0.089 seconds
[2023-05-13T09:30:05.944+0000] {processor.py:153} INFO - Started process (PID=2445) to work on /opt/airflow/dags/eight_thirty_on_tueday.py
[2023-05-13T09:30:05.946+0000] {processor.py:743} INFO - Processing file /opt/airflow/dags/eight_thirty_on_tueday.py for tasks to queue
[2023-05-13T09:30:05.947+0000] {logging_mixin.py:137} INFO - [2023-05-13T09:30:05.947+0000] {dagbag.py:532} INFO - Filling up the DagBag from /opt/airflow/dags/eight_thirty_on_tueday.py
[2023-05-13T09:30:05.965+0000] {processor.py:753} INFO - DAG(s) dict_keys(['eight_thirty_on_tueday']) retrieved from /opt/airflow/dags/eight_thirty_on_tueday.py
[2023-05-13T09:30:05.991+0000] {logging_mixin.py:137} INFO - [2023-05-13T09:30:05.991+0000] {dag.py:2705} INFO - Sync 1 DAGs
[2023-05-13T09:30:06.009+0000] {logging_mixin.py:137} INFO - [2023-05-13T09:30:06.009+0000] {dag.py:3456} INFO - Setting next_dagrun for eight_thirty_on_tueday to 2023-05-02T08:30:00+00:00, run_after=2023-05-09T08:30:00+00:00
[2023-05-13T09:30:06.024+0000] {processor.py:175} INFO - Processing /opt/airflow/dags/eight_thirty_on_tueday.py took 0.083 seconds
[2023-05-13T09:30:37.044+0000] {processor.py:153} INFO - Started process (PID=2730) to work on /opt/airflow/dags/eight_thirty_on_tueday.py
[2023-05-13T09:30:37.048+0000] {processor.py:743} INFO - Processing file /opt/airflow/dags/eight_thirty_on_tueday.py for tasks to queue
[2023-05-13T09:30:37.050+0000] {logging_mixin.py:137} INFO - [2023-05-13T09:30:37.050+0000] {dagbag.py:532} INFO - Filling up the DagBag from /opt/airflow/dags/eight_thirty_on_tueday.py
[2023-05-13T09:30:37.090+0000] {processor.py:753} INFO - DAG(s) dict_keys(['eight_thirty_on_tueday']) retrieved from /opt/airflow/dags/eight_thirty_on_tueday.py
[2023-05-13T09:30:37.119+0000] {logging_mixin.py:137} INFO - [2023-05-13T09:30:37.119+0000] {dag.py:2705} INFO - Sync 1 DAGs
[2023-05-13T09:30:37.140+0000] {logging_mixin.py:137} INFO - [2023-05-13T09:30:37.139+0000] {dag.py:3456} INFO - Setting next_dagrun for eight_thirty_on_tueday to 2023-05-02T08:30:00+00:00, run_after=2023-05-09T08:30:00+00:00
[2023-05-13T09:30:37.154+0000] {processor.py:175} INFO - Processing /opt/airflow/dags/eight_thirty_on_tueday.py took 0.114 seconds
[2023-05-13T09:31:08.027+0000] {processor.py:153} INFO - Started process (PID=3008) to work on /opt/airflow/dags/eight_thirty_on_tueday.py
[2023-05-13T09:31:08.035+0000] {processor.py:743} INFO - Processing file /opt/airflow/dags/eight_thirty_on_tueday.py for tasks to queue
[2023-05-13T09:31:08.039+0000] {logging_mixin.py:137} INFO - [2023-05-13T09:31:08.039+0000] {dagbag.py:532} INFO - Filling up the DagBag from /opt/airflow/dags/eight_thirty_on_tueday.py
[2023-05-13T09:31:08.060+0000] {processor.py:753} INFO - DAG(s) dict_keys(['eight_thirty_on_tueday']) retrieved from /opt/airflow/dags/eight_thirty_on_tueday.py
[2023-05-13T09:31:08.102+0000] {logging_mixin.py:137} INFO - [2023-05-13T09:31:08.102+0000] {dag.py:2705} INFO - Sync 1 DAGs
[2023-05-13T09:31:08.123+0000] {logging_mixin.py:137} INFO - [2023-05-13T09:31:08.123+0000] {dag.py:3456} INFO - Setting next_dagrun for eight_thirty_on_tueday to 2023-05-02T08:30:00+00:00, run_after=2023-05-09T08:30:00+00:00
[2023-05-13T09:31:08.136+0000] {processor.py:175} INFO - Processing /opt/airflow/dags/eight_thirty_on_tueday.py took 0.114 seconds
[2023-05-13T09:31:38.787+0000] {processor.py:153} INFO - Started process (PID=3266) to work on /opt/airflow/dags/eight_thirty_on_tueday.py
[2023-05-13T09:31:38.789+0000] {processor.py:743} INFO - Processing file /opt/airflow/dags/eight_thirty_on_tueday.py for tasks to queue
[2023-05-13T09:31:38.790+0000] {logging_mixin.py:137} INFO - [2023-05-13T09:31:38.790+0000] {dagbag.py:532} INFO - Filling up the DagBag from /opt/airflow/dags/eight_thirty_on_tueday.py
[2023-05-13T09:31:38.807+0000] {processor.py:753} INFO - DAG(s) dict_keys(['eight_thirty_on_tueday']) retrieved from /opt/airflow/dags/eight_thirty_on_tueday.py
[2023-05-13T09:31:38.829+0000] {logging_mixin.py:137} INFO - [2023-05-13T09:31:38.829+0000] {dag.py:2705} INFO - Sync 1 DAGs
[2023-05-13T09:31:38.847+0000] {logging_mixin.py:137} INFO - [2023-05-13T09:31:38.847+0000] {dag.py:3456} INFO - Setting next_dagrun for eight_thirty_on_tueday to 2023-05-02T08:30:00+00:00, run_after=2023-05-09T08:30:00+00:00
[2023-05-13T09:31:38.859+0000] {processor.py:175} INFO - Processing /opt/airflow/dags/eight_thirty_on_tueday.py took 0.075 seconds
[2023-05-13T09:32:09.278+0000] {processor.py:153} INFO - Started process (PID=3525) to work on /opt/airflow/dags/eight_thirty_on_tueday.py
[2023-05-13T09:32:09.279+0000] {processor.py:743} INFO - Processing file /opt/airflow/dags/eight_thirty_on_tueday.py for tasks to queue
[2023-05-13T09:32:09.280+0000] {logging_mixin.py:137} INFO - [2023-05-13T09:32:09.280+0000] {dagbag.py:532} INFO - Filling up the DagBag from /opt/airflow/dags/eight_thirty_on_tueday.py
[2023-05-13T09:32:09.295+0000] {processor.py:753} INFO - DAG(s) dict_keys(['eight_thirty_on_tueday']) retrieved from /opt/airflow/dags/eight_thirty_on_tueday.py
[2023-05-13T09:32:09.316+0000] {logging_mixin.py:137} INFO - [2023-05-13T09:32:09.316+0000] {dag.py:2705} INFO - Sync 1 DAGs
[2023-05-13T09:32:09.332+0000] {logging_mixin.py:137} INFO - [2023-05-13T09:32:09.332+0000] {dag.py:3456} INFO - Setting next_dagrun for eight_thirty_on_tueday to 2023-05-02T08:30:00+00:00, run_after=2023-05-09T08:30:00+00:00
[2023-05-13T09:32:09.344+0000] {processor.py:175} INFO - Processing /opt/airflow/dags/eight_thirty_on_tueday.py took 0.069 seconds
[2023-05-13T09:32:39.609+0000] {processor.py:153} INFO - Started process (PID=3783) to work on /opt/airflow/dags/eight_thirty_on_tueday.py
[2023-05-13T09:32:39.611+0000] {processor.py:743} INFO - Processing file /opt/airflow/dags/eight_thirty_on_tueday.py for tasks to queue
[2023-05-13T09:32:39.612+0000] {logging_mixin.py:137} INFO - [2023-05-13T09:32:39.612+0000] {dagbag.py:532} INFO - Filling up the DagBag from /opt/airflow/dags/eight_thirty_on_tueday.py
[2023-05-13T09:32:39.628+0000] {processor.py:753} INFO - DAG(s) dict_keys(['eight_thirty_on_tueday']) retrieved from /opt/airflow/dags/eight_thirty_on_tueday.py
[2023-05-13T09:32:39.652+0000] {logging_mixin.py:137} INFO - [2023-05-13T09:32:39.652+0000] {dag.py:2705} INFO - Sync 1 DAGs
[2023-05-13T09:32:39.669+0000] {logging_mixin.py:137} INFO - [2023-05-13T09:32:39.669+0000] {dag.py:3456} INFO - Setting next_dagrun for eight_thirty_on_tueday to 2023-05-02T08:30:00+00:00, run_after=2023-05-09T08:30:00+00:00
[2023-05-13T09:32:39.681+0000] {processor.py:175} INFO - Processing /opt/airflow/dags/eight_thirty_on_tueday.py took 0.075 seconds
[2023-05-13T09:33:10.165+0000] {processor.py:153} INFO - Started process (PID=4041) to work on /opt/airflow/dags/eight_thirty_on_tueday.py
[2023-05-13T09:33:10.167+0000] {processor.py:743} INFO - Processing file /opt/airflow/dags/eight_thirty_on_tueday.py for tasks to queue
[2023-05-13T09:33:10.168+0000] {logging_mixin.py:137} INFO - [2023-05-13T09:33:10.168+0000] {dagbag.py:532} INFO - Filling up the DagBag from /opt/airflow/dags/eight_thirty_on_tueday.py
[2023-05-13T09:33:10.183+0000] {processor.py:753} INFO - DAG(s) dict_keys(['eight_thirty_on_tueday']) retrieved from /opt/airflow/dags/eight_thirty_on_tueday.py
[2023-05-13T09:33:10.205+0000] {logging_mixin.py:137} INFO - [2023-05-13T09:33:10.205+0000] {dag.py:2705} INFO - Sync 1 DAGs
[2023-05-13T09:33:10.223+0000] {logging_mixin.py:137} INFO - [2023-05-13T09:33:10.223+0000] {dag.py:3456} INFO - Setting next_dagrun for eight_thirty_on_tueday to 2023-05-02T08:30:00+00:00, run_after=2023-05-09T08:30:00+00:00
[2023-05-13T09:33:10.236+0000] {processor.py:175} INFO - Processing /opt/airflow/dags/eight_thirty_on_tueday.py took 0.074 seconds
