[2023-05-13T09:25:58.016+0000] {processor.py:153} INFO - Started process (PID=210) to work on /opt/airflow/dags/everymonth.py
[2023-05-13T09:25:58.018+0000] {processor.py:743} INFO - Processing file /opt/airflow/dags/everymonth.py for tasks to queue
[2023-05-13T09:25:58.021+0000] {logging_mixin.py:137} INFO - [2023-05-13T09:25:58.021+0000] {dagbag.py:532} INFO - Filling up the DagBag from /opt/airflow/dags/everymonth.py
[2023-05-13T09:25:58.075+0000] {processor.py:753} INFO - DAG(s) dict_keys(['everymonth']) retrieved from /opt/airflow/dags/everymonth.py
[2023-05-13T09:25:58.165+0000] {logging_mixin.py:137} INFO - [2023-05-13T09:25:58.165+0000] {manager.py:504} INFO - Created Permission View: can read on DAG:everymonth
[2023-05-13T09:25:58.172+0000] {logging_mixin.py:137} INFO - [2023-05-13T09:25:58.172+0000] {manager.py:504} INFO - Created Permission View: can delete on DAG:everymonth
[2023-05-13T09:25:58.177+0000] {logging_mixin.py:137} INFO - [2023-05-13T09:25:58.177+0000] {manager.py:504} INFO - Created Permission View: can edit on DAG:everymonth
[2023-05-13T09:25:58.178+0000] {logging_mixin.py:137} INFO - [2023-05-13T09:25:58.178+0000] {dag.py:2705} INFO - Sync 1 DAGs
[2023-05-13T09:25:58.188+0000] {logging_mixin.py:137} INFO - [2023-05-13T09:25:58.188+0000] {dag.py:2726} INFO - Creating ORM DAG for everymonth
[2023-05-13T09:25:58.199+0000] {logging_mixin.py:137} INFO - [2023-05-13T09:25:58.199+0000] {dag.py:3456} INFO - Setting next_dagrun for everymonth to 2023-05-01T00:00:00+00:00, run_after=2023-06-01T00:00:00+00:00
[2023-05-13T09:25:58.215+0000] {processor.py:175} INFO - Processing /opt/airflow/dags/everymonth.py took 0.204 seconds
[2023-05-13T09:26:29.312+0000] {processor.py:153} INFO - Started process (PID=491) to work on /opt/airflow/dags/everymonth.py
[2023-05-13T09:26:29.314+0000] {processor.py:743} INFO - Processing file /opt/airflow/dags/everymonth.py for tasks to queue
[2023-05-13T09:26:29.316+0000] {logging_mixin.py:137} INFO - [2023-05-13T09:26:29.316+0000] {dagbag.py:532} INFO - Filling up the DagBag from /opt/airflow/dags/everymonth.py
[2023-05-13T09:26:29.346+0000] {processor.py:753} INFO - DAG(s) dict_keys(['everymonth']) retrieved from /opt/airflow/dags/everymonth.py
[2023-05-13T09:26:29.368+0000] {logging_mixin.py:137} INFO - [2023-05-13T09:26:29.368+0000] {dag.py:2705} INFO - Sync 1 DAGs
[2023-05-13T09:26:29.386+0000] {logging_mixin.py:137} INFO - [2023-05-13T09:26:29.386+0000] {dag.py:3456} INFO - Setting next_dagrun for everymonth to 2023-05-01T00:00:00+00:00, run_after=2023-06-01T00:00:00+00:00
[2023-05-13T09:26:29.399+0000] {processor.py:175} INFO - Processing /opt/airflow/dags/everymonth.py took 0.089 seconds
[2023-05-13T09:27:00.340+0000] {processor.py:153} INFO - Started process (PID=769) to work on /opt/airflow/dags/everymonth.py
[2023-05-13T09:27:00.342+0000] {processor.py:743} INFO - Processing file /opt/airflow/dags/everymonth.py for tasks to queue
[2023-05-13T09:27:00.343+0000] {logging_mixin.py:137} INFO - [2023-05-13T09:27:00.343+0000] {dagbag.py:532} INFO - Filling up the DagBag from /opt/airflow/dags/everymonth.py
[2023-05-13T09:27:00.366+0000] {processor.py:753} INFO - DAG(s) dict_keys(['everymonth']) retrieved from /opt/airflow/dags/everymonth.py
[2023-05-13T09:27:00.388+0000] {logging_mixin.py:137} INFO - [2023-05-13T09:27:00.388+0000] {dag.py:2705} INFO - Sync 1 DAGs
[2023-05-13T09:27:00.407+0000] {logging_mixin.py:137} INFO - [2023-05-13T09:27:00.407+0000] {dag.py:3456} INFO - Setting next_dagrun for everymonth to 2023-05-01T00:00:00+00:00, run_after=2023-06-01T00:00:00+00:00
[2023-05-13T09:27:00.420+0000] {processor.py:175} INFO - Processing /opt/airflow/dags/everymonth.py took 0.083 seconds
[2023-05-13T09:27:30.992+0000] {processor.py:153} INFO - Started process (PID=1047) to work on /opt/airflow/dags/everymonth.py
[2023-05-13T09:27:30.994+0000] {processor.py:743} INFO - Processing file /opt/airflow/dags/everymonth.py for tasks to queue
[2023-05-13T09:27:30.995+0000] {logging_mixin.py:137} INFO - [2023-05-13T09:27:30.995+0000] {dagbag.py:532} INFO - Filling up the DagBag from /opt/airflow/dags/everymonth.py
[2023-05-13T09:27:31.012+0000] {processor.py:753} INFO - DAG(s) dict_keys(['everymonth']) retrieved from /opt/airflow/dags/everymonth.py
[2023-05-13T09:27:31.038+0000] {logging_mixin.py:137} INFO - [2023-05-13T09:27:31.038+0000] {dag.py:2705} INFO - Sync 1 DAGs
[2023-05-13T09:27:31.056+0000] {logging_mixin.py:137} INFO - [2023-05-13T09:27:31.056+0000] {dag.py:3456} INFO - Setting next_dagrun for everymonth to 2023-05-01T00:00:00+00:00, run_after=2023-06-01T00:00:00+00:00
[2023-05-13T09:27:31.072+0000] {processor.py:175} INFO - Processing /opt/airflow/dags/everymonth.py took 0.084 seconds
[2023-05-13T09:28:01.659+0000] {processor.py:153} INFO - Started process (PID=1325) to work on /opt/airflow/dags/everymonth.py
[2023-05-13T09:28:01.661+0000] {processor.py:743} INFO - Processing file /opt/airflow/dags/everymonth.py for tasks to queue
[2023-05-13T09:28:01.664+0000] {logging_mixin.py:137} INFO - [2023-05-13T09:28:01.664+0000] {dagbag.py:532} INFO - Filling up the DagBag from /opt/airflow/dags/everymonth.py
[2023-05-13T09:28:01.682+0000] {processor.py:753} INFO - DAG(s) dict_keys(['everymonth']) retrieved from /opt/airflow/dags/everymonth.py
[2023-05-13T09:28:01.705+0000] {logging_mixin.py:137} INFO - [2023-05-13T09:28:01.705+0000] {dag.py:2705} INFO - Sync 1 DAGs
[2023-05-13T09:28:01.725+0000] {logging_mixin.py:137} INFO - [2023-05-13T09:28:01.725+0000] {dag.py:3456} INFO - Setting next_dagrun for everymonth to 2023-05-01T00:00:00+00:00, run_after=2023-06-01T00:00:00+00:00
[2023-05-13T09:28:01.737+0000] {processor.py:175} INFO - Processing /opt/airflow/dags/everymonth.py took 0.082 seconds
[2023-05-13T09:28:32.539+0000] {processor.py:153} INFO - Started process (PID=1603) to work on /opt/airflow/dags/everymonth.py
[2023-05-13T09:28:32.543+0000] {processor.py:743} INFO - Processing file /opt/airflow/dags/everymonth.py for tasks to queue
[2023-05-13T09:28:32.544+0000] {logging_mixin.py:137} INFO - [2023-05-13T09:28:32.544+0000] {dagbag.py:532} INFO - Filling up the DagBag from /opt/airflow/dags/everymonth.py
[2023-05-13T09:28:32.559+0000] {processor.py:753} INFO - DAG(s) dict_keys(['everymonth']) retrieved from /opt/airflow/dags/everymonth.py
[2023-05-13T09:28:32.586+0000] {logging_mixin.py:137} INFO - [2023-05-13T09:28:32.586+0000] {dag.py:2705} INFO - Sync 1 DAGs
[2023-05-13T09:28:32.607+0000] {logging_mixin.py:137} INFO - [2023-05-13T09:28:32.606+0000] {dag.py:3456} INFO - Setting next_dagrun for everymonth to 2023-05-01T00:00:00+00:00, run_after=2023-06-01T00:00:00+00:00
[2023-05-13T09:28:32.620+0000] {processor.py:175} INFO - Processing /opt/airflow/dags/everymonth.py took 0.083 seconds
[2023-05-13T09:29:03.363+0000] {processor.py:153} INFO - Started process (PID=1881) to work on /opt/airflow/dags/everymonth.py
[2023-05-13T09:29:03.366+0000] {processor.py:743} INFO - Processing file /opt/airflow/dags/everymonth.py for tasks to queue
[2023-05-13T09:29:03.367+0000] {logging_mixin.py:137} INFO - [2023-05-13T09:29:03.367+0000] {dagbag.py:532} INFO - Filling up the DagBag from /opt/airflow/dags/everymonth.py
[2023-05-13T09:29:03.391+0000] {processor.py:753} INFO - DAG(s) dict_keys(['everymonth']) retrieved from /opt/airflow/dags/everymonth.py
[2023-05-13T09:29:03.414+0000] {logging_mixin.py:137} INFO - [2023-05-13T09:29:03.414+0000] {dag.py:2705} INFO - Sync 1 DAGs
[2023-05-13T09:29:03.435+0000] {logging_mixin.py:137} INFO - [2023-05-13T09:29:03.435+0000] {dag.py:3456} INFO - Setting next_dagrun for everymonth to 2023-05-01T00:00:00+00:00, run_after=2023-06-01T00:00:00+00:00
[2023-05-13T09:29:03.450+0000] {processor.py:175} INFO - Processing /opt/airflow/dags/everymonth.py took 0.090 seconds
[2023-05-13T09:29:34.639+0000] {processor.py:153} INFO - Started process (PID=2159) to work on /opt/airflow/dags/everymonth.py
[2023-05-13T09:29:34.641+0000] {processor.py:743} INFO - Processing file /opt/airflow/dags/everymonth.py for tasks to queue
[2023-05-13T09:29:34.642+0000] {logging_mixin.py:137} INFO - [2023-05-13T09:29:34.642+0000] {dagbag.py:532} INFO - Filling up the DagBag from /opt/airflow/dags/everymonth.py
[2023-05-13T09:29:34.670+0000] {processor.py:753} INFO - DAG(s) dict_keys(['everymonth']) retrieved from /opt/airflow/dags/everymonth.py
[2023-05-13T09:29:34.702+0000] {logging_mixin.py:137} INFO - [2023-05-13T09:29:34.702+0000] {dag.py:2705} INFO - Sync 1 DAGs
[2023-05-13T09:29:34.722+0000] {logging_mixin.py:137} INFO - [2023-05-13T09:29:34.722+0000] {dag.py:3456} INFO - Setting next_dagrun for everymonth to 2023-05-01T00:00:00+00:00, run_after=2023-06-01T00:00:00+00:00
[2023-05-13T09:29:34.735+0000] {processor.py:175} INFO - Processing /opt/airflow/dags/everymonth.py took 0.101 seconds
[2023-05-13T09:30:05.827+0000] {processor.py:153} INFO - Started process (PID=2437) to work on /opt/airflow/dags/everymonth.py
[2023-05-13T09:30:05.830+0000] {processor.py:743} INFO - Processing file /opt/airflow/dags/everymonth.py for tasks to queue
[2023-05-13T09:30:05.831+0000] {logging_mixin.py:137} INFO - [2023-05-13T09:30:05.831+0000] {dagbag.py:532} INFO - Filling up the DagBag from /opt/airflow/dags/everymonth.py
[2023-05-13T09:30:05.848+0000] {processor.py:753} INFO - DAG(s) dict_keys(['everymonth']) retrieved from /opt/airflow/dags/everymonth.py
[2023-05-13T09:30:05.875+0000] {logging_mixin.py:137} INFO - [2023-05-13T09:30:05.875+0000] {dag.py:2705} INFO - Sync 1 DAGs
[2023-05-13T09:30:05.894+0000] {logging_mixin.py:137} INFO - [2023-05-13T09:30:05.894+0000] {dag.py:3456} INFO - Setting next_dagrun for everymonth to 2023-05-01T00:00:00+00:00, run_after=2023-06-01T00:00:00+00:00
[2023-05-13T09:30:05.907+0000] {processor.py:175} INFO - Processing /opt/airflow/dags/everymonth.py took 0.084 seconds
[2023-05-13T09:30:36.911+0000] {processor.py:153} INFO - Started process (PID=2720) to work on /opt/airflow/dags/everymonth.py
[2023-05-13T09:30:36.914+0000] {processor.py:743} INFO - Processing file /opt/airflow/dags/everymonth.py for tasks to queue
[2023-05-13T09:30:36.916+0000] {logging_mixin.py:137} INFO - [2023-05-13T09:30:36.916+0000] {dagbag.py:532} INFO - Filling up the DagBag from /opt/airflow/dags/everymonth.py
[2023-05-13T09:30:36.939+0000] {processor.py:753} INFO - DAG(s) dict_keys(['everymonth']) retrieved from /opt/airflow/dags/everymonth.py
[2023-05-13T09:30:36.964+0000] {logging_mixin.py:137} INFO - [2023-05-13T09:30:36.964+0000] {dag.py:2705} INFO - Sync 1 DAGs
[2023-05-13T09:30:36.994+0000] {logging_mixin.py:137} INFO - [2023-05-13T09:30:36.994+0000] {dag.py:3456} INFO - Setting next_dagrun for everymonth to 2023-05-01T00:00:00+00:00, run_after=2023-06-01T00:00:00+00:00
[2023-05-13T09:30:37.008+0000] {processor.py:175} INFO - Processing /opt/airflow/dags/everymonth.py took 0.099 seconds
[2023-05-13T09:31:07.804+0000] {processor.py:153} INFO - Started process (PID=2998) to work on /opt/airflow/dags/everymonth.py
[2023-05-13T09:31:07.816+0000] {processor.py:743} INFO - Processing file /opt/airflow/dags/everymonth.py for tasks to queue
[2023-05-13T09:31:07.817+0000] {logging_mixin.py:137} INFO - [2023-05-13T09:31:07.817+0000] {dagbag.py:532} INFO - Filling up the DagBag from /opt/airflow/dags/everymonth.py
[2023-05-13T09:31:07.838+0000] {processor.py:753} INFO - DAG(s) dict_keys(['everymonth']) retrieved from /opt/airflow/dags/everymonth.py
[2023-05-13T09:31:07.859+0000] {logging_mixin.py:137} INFO - [2023-05-13T09:31:07.859+0000] {dag.py:2705} INFO - Sync 1 DAGs
[2023-05-13T09:31:07.878+0000] {logging_mixin.py:137} INFO - [2023-05-13T09:31:07.878+0000] {dag.py:3456} INFO - Setting next_dagrun for everymonth to 2023-05-01T00:00:00+00:00, run_after=2023-06-01T00:00:00+00:00
[2023-05-13T09:31:07.934+0000] {processor.py:175} INFO - Processing /opt/airflow/dags/everymonth.py took 0.133 seconds
[2023-05-13T09:31:38.656+0000] {processor.py:153} INFO - Started process (PID=3256) to work on /opt/airflow/dags/everymonth.py
[2023-05-13T09:31:38.669+0000] {processor.py:743} INFO - Processing file /opt/airflow/dags/everymonth.py for tasks to queue
[2023-05-13T09:31:38.671+0000] {logging_mixin.py:137} INFO - [2023-05-13T09:31:38.671+0000] {dagbag.py:532} INFO - Filling up the DagBag from /opt/airflow/dags/everymonth.py
[2023-05-13T09:31:38.694+0000] {processor.py:753} INFO - DAG(s) dict_keys(['everymonth']) retrieved from /opt/airflow/dags/everymonth.py
[2023-05-13T09:31:38.721+0000] {logging_mixin.py:137} INFO - [2023-05-13T09:31:38.721+0000] {dag.py:2705} INFO - Sync 1 DAGs
[2023-05-13T09:31:38.740+0000] {logging_mixin.py:137} INFO - [2023-05-13T09:31:38.740+0000] {dag.py:3456} INFO - Setting next_dagrun for everymonth to 2023-05-01T00:00:00+00:00, run_after=2023-06-01T00:00:00+00:00
[2023-05-13T09:31:38.753+0000] {processor.py:175} INFO - Processing /opt/airflow/dags/everymonth.py took 0.104 seconds
[2023-05-13T09:32:09.159+0000] {processor.py:153} INFO - Started process (PID=3515) to work on /opt/airflow/dags/everymonth.py
[2023-05-13T09:32:09.162+0000] {processor.py:743} INFO - Processing file /opt/airflow/dags/everymonth.py for tasks to queue
[2023-05-13T09:32:09.164+0000] {logging_mixin.py:137} INFO - [2023-05-13T09:32:09.164+0000] {dagbag.py:532} INFO - Filling up the DagBag from /opt/airflow/dags/everymonth.py
[2023-05-13T09:32:09.189+0000] {processor.py:753} INFO - DAG(s) dict_keys(['everymonth']) retrieved from /opt/airflow/dags/everymonth.py
[2023-05-13T09:32:09.214+0000] {logging_mixin.py:137} INFO - [2023-05-13T09:32:09.214+0000] {dag.py:2705} INFO - Sync 1 DAGs
[2023-05-13T09:32:09.233+0000] {logging_mixin.py:137} INFO - [2023-05-13T09:32:09.233+0000] {dag.py:3456} INFO - Setting next_dagrun for everymonth to 2023-05-01T00:00:00+00:00, run_after=2023-06-01T00:00:00+00:00
[2023-05-13T09:32:09.246+0000] {processor.py:175} INFO - Processing /opt/airflow/dags/everymonth.py took 0.093 seconds
[2023-05-13T09:32:39.450+0000] {processor.py:153} INFO - Started process (PID=3773) to work on /opt/airflow/dags/everymonth.py
[2023-05-13T09:32:39.454+0000] {processor.py:743} INFO - Processing file /opt/airflow/dags/everymonth.py for tasks to queue
[2023-05-13T09:32:39.456+0000] {logging_mixin.py:137} INFO - [2023-05-13T09:32:39.456+0000] {dagbag.py:532} INFO - Filling up the DagBag from /opt/airflow/dags/everymonth.py
[2023-05-13T09:32:39.493+0000] {processor.py:753} INFO - DAG(s) dict_keys(['everymonth']) retrieved from /opt/airflow/dags/everymonth.py
[2023-05-13T09:32:39.528+0000] {logging_mixin.py:137} INFO - [2023-05-13T09:32:39.528+0000] {dag.py:2705} INFO - Sync 1 DAGs
[2023-05-13T09:32:39.550+0000] {logging_mixin.py:137} INFO - [2023-05-13T09:32:39.550+0000] {dag.py:3456} INFO - Setting next_dagrun for everymonth to 2023-05-01T00:00:00+00:00, run_after=2023-06-01T00:00:00+00:00
[2023-05-13T09:32:39.569+0000] {processor.py:175} INFO - Processing /opt/airflow/dags/everymonth.py took 0.123 seconds
[2023-05-13T09:33:10.046+0000] {processor.py:153} INFO - Started process (PID=4031) to work on /opt/airflow/dags/everymonth.py
[2023-05-13T09:33:10.049+0000] {processor.py:743} INFO - Processing file /opt/airflow/dags/everymonth.py for tasks to queue
[2023-05-13T09:33:10.051+0000] {logging_mixin.py:137} INFO - [2023-05-13T09:33:10.051+0000] {dagbag.py:532} INFO - Filling up the DagBag from /opt/airflow/dags/everymonth.py
[2023-05-13T09:33:10.076+0000] {processor.py:753} INFO - DAG(s) dict_keys(['everymonth']) retrieved from /opt/airflow/dags/everymonth.py
[2023-05-13T09:33:10.099+0000] {logging_mixin.py:137} INFO - [2023-05-13T09:33:10.099+0000] {dag.py:2705} INFO - Sync 1 DAGs
[2023-05-13T09:33:10.117+0000] {logging_mixin.py:137} INFO - [2023-05-13T09:33:10.117+0000] {dag.py:3456} INFO - Setting next_dagrun for everymonth to 2023-05-01T00:00:00+00:00, run_after=2023-06-01T00:00:00+00:00
[2023-05-13T09:33:10.131+0000] {processor.py:175} INFO - Processing /opt/airflow/dags/everymonth.py took 0.090 seconds
