[2023-05-13T09:25:58.086+0000] {processor.py:153} INFO - Started process (PID=215) to work on /opt/airflow/dags/everyday.py
[2023-05-13T09:25:58.088+0000] {processor.py:743} INFO - Processing file /opt/airflow/dags/everyday.py for tasks to queue
[2023-05-13T09:25:58.090+0000] {logging_mixin.py:137} INFO - [2023-05-13T09:25:58.090+0000] {dagbag.py:532} INFO - Filling up the DagBag from /opt/airflow/dags/everyday.py
[2023-05-13T09:25:58.118+0000] {processor.py:753} INFO - DAG(s) dict_keys(['everyday']) retrieved from /opt/airflow/dags/everyday.py
[2023-05-13T09:25:58.196+0000] {logging_mixin.py:137} INFO - [2023-05-13T09:25:58.195+0000] {manager.py:504} INFO - Created Permission View: can read on DAG:everyday
[2023-05-13T09:25:58.203+0000] {logging_mixin.py:137} INFO - [2023-05-13T09:25:58.203+0000] {manager.py:504} INFO - Created Permission View: can delete on DAG:everyday
[2023-05-13T09:25:58.209+0000] {logging_mixin.py:137} INFO - [2023-05-13T09:25:58.209+0000] {manager.py:504} INFO - Created Permission View: can edit on DAG:everyday
[2023-05-13T09:25:58.210+0000] {logging_mixin.py:137} INFO - [2023-05-13T09:25:58.210+0000] {dag.py:2705} INFO - Sync 1 DAGs
[2023-05-13T09:25:58.220+0000] {logging_mixin.py:137} INFO - [2023-05-13T09:25:58.220+0000] {dag.py:2726} INFO - Creating ORM DAG for everyday
[2023-05-13T09:25:58.231+0000] {logging_mixin.py:137} INFO - [2023-05-13T09:25:58.230+0000] {dag.py:3456} INFO - Setting next_dagrun for everyday to 2023-05-12T00:00:00+00:00, run_after=2023-05-13T00:00:00+00:00
[2023-05-13T09:25:58.252+0000] {processor.py:175} INFO - Processing /opt/airflow/dags/everyday.py took 0.169 seconds
[2023-05-13T09:26:29.322+0000] {processor.py:153} INFO - Started process (PID=494) to work on /opt/airflow/dags/everyday.py
[2023-05-13T09:26:29.334+0000] {processor.py:743} INFO - Processing file /opt/airflow/dags/everyday.py for tasks to queue
[2023-05-13T09:26:29.336+0000] {logging_mixin.py:137} INFO - [2023-05-13T09:26:29.336+0000] {dagbag.py:532} INFO - Filling up the DagBag from /opt/airflow/dags/everyday.py
[2023-05-13T09:26:29.355+0000] {processor.py:753} INFO - DAG(s) dict_keys(['everyday']) retrieved from /opt/airflow/dags/everyday.py
[2023-05-13T09:26:29.378+0000] {logging_mixin.py:137} INFO - [2023-05-13T09:26:29.377+0000] {dag.py:2705} INFO - Sync 1 DAGs
[2023-05-13T09:26:29.396+0000] {logging_mixin.py:137} INFO - [2023-05-13T09:26:29.396+0000] {dag.py:3456} INFO - Setting next_dagrun for everyday to 2023-05-12T00:00:00+00:00, run_after=2023-05-13T00:00:00+00:00
[2023-05-13T09:26:29.411+0000] {processor.py:175} INFO - Processing /opt/airflow/dags/everyday.py took 0.092 seconds
[2023-05-13T09:27:00.352+0000] {processor.py:153} INFO - Started process (PID=772) to work on /opt/airflow/dags/everyday.py
[2023-05-13T09:27:00.354+0000] {processor.py:743} INFO - Processing file /opt/airflow/dags/everyday.py for tasks to queue
[2023-05-13T09:27:00.355+0000] {logging_mixin.py:137} INFO - [2023-05-13T09:27:00.355+0000] {dagbag.py:532} INFO - Filling up the DagBag from /opt/airflow/dags/everyday.py
[2023-05-13T09:27:00.371+0000] {processor.py:753} INFO - DAG(s) dict_keys(['everyday']) retrieved from /opt/airflow/dags/everyday.py
[2023-05-13T09:27:00.393+0000] {logging_mixin.py:137} INFO - [2023-05-13T09:27:00.393+0000] {dag.py:2705} INFO - Sync 1 DAGs
[2023-05-13T09:27:00.412+0000] {logging_mixin.py:137} INFO - [2023-05-13T09:27:00.412+0000] {dag.py:3456} INFO - Setting next_dagrun for everyday to 2023-05-12T00:00:00+00:00, run_after=2023-05-13T00:00:00+00:00
[2023-05-13T09:27:00.424+0000] {processor.py:175} INFO - Processing /opt/airflow/dags/everyday.py took 0.075 seconds
[2023-05-13T09:27:30.999+0000] {processor.py:153} INFO - Started process (PID=1050) to work on /opt/airflow/dags/everyday.py
[2023-05-13T09:27:31.001+0000] {processor.py:743} INFO - Processing file /opt/airflow/dags/everyday.py for tasks to queue
[2023-05-13T09:27:31.002+0000] {logging_mixin.py:137} INFO - [2023-05-13T09:27:31.002+0000] {dagbag.py:532} INFO - Filling up the DagBag from /opt/airflow/dags/everyday.py
[2023-05-13T09:27:31.020+0000] {processor.py:753} INFO - DAG(s) dict_keys(['everyday']) retrieved from /opt/airflow/dags/everyday.py
[2023-05-13T09:27:31.044+0000] {logging_mixin.py:137} INFO - [2023-05-13T09:27:31.044+0000] {dag.py:2705} INFO - Sync 1 DAGs
[2023-05-13T09:27:31.064+0000] {logging_mixin.py:137} INFO - [2023-05-13T09:27:31.064+0000] {dag.py:3456} INFO - Setting next_dagrun for everyday to 2023-05-12T00:00:00+00:00, run_after=2023-05-13T00:00:00+00:00
[2023-05-13T09:27:31.079+0000] {processor.py:175} INFO - Processing /opt/airflow/dags/everyday.py took 0.086 seconds
[2023-05-13T09:28:01.679+0000] {processor.py:153} INFO - Started process (PID=1328) to work on /opt/airflow/dags/everyday.py
[2023-05-13T09:28:01.681+0000] {processor.py:743} INFO - Processing file /opt/airflow/dags/everyday.py for tasks to queue
[2023-05-13T09:28:01.682+0000] {logging_mixin.py:137} INFO - [2023-05-13T09:28:01.682+0000] {dagbag.py:532} INFO - Filling up the DagBag from /opt/airflow/dags/everyday.py
[2023-05-13T09:28:01.699+0000] {processor.py:753} INFO - DAG(s) dict_keys(['everyday']) retrieved from /opt/airflow/dags/everyday.py
[2023-05-13T09:28:01.721+0000] {logging_mixin.py:137} INFO - [2023-05-13T09:28:01.721+0000] {dag.py:2705} INFO - Sync 1 DAGs
[2023-05-13T09:28:01.739+0000] {logging_mixin.py:137} INFO - [2023-05-13T09:28:01.739+0000] {dag.py:3456} INFO - Setting next_dagrun for everyday to 2023-05-12T00:00:00+00:00, run_after=2023-05-13T00:00:00+00:00
[2023-05-13T09:28:01.753+0000] {processor.py:175} INFO - Processing /opt/airflow/dags/everyday.py took 0.078 seconds
[2023-05-13T09:28:32.570+0000] {processor.py:153} INFO - Started process (PID=1606) to work on /opt/airflow/dags/everyday.py
[2023-05-13T09:28:32.572+0000] {processor.py:743} INFO - Processing file /opt/airflow/dags/everyday.py for tasks to queue
[2023-05-13T09:28:32.573+0000] {logging_mixin.py:137} INFO - [2023-05-13T09:28:32.573+0000] {dagbag.py:532} INFO - Filling up the DagBag from /opt/airflow/dags/everyday.py
[2023-05-13T09:28:32.591+0000] {processor.py:753} INFO - DAG(s) dict_keys(['everyday']) retrieved from /opt/airflow/dags/everyday.py
[2023-05-13T09:28:32.612+0000] {logging_mixin.py:137} INFO - [2023-05-13T09:28:32.612+0000] {dag.py:2705} INFO - Sync 1 DAGs
[2023-05-13T09:28:32.631+0000] {logging_mixin.py:137} INFO - [2023-05-13T09:28:32.631+0000] {dag.py:3456} INFO - Setting next_dagrun for everyday to 2023-05-12T00:00:00+00:00, run_after=2023-05-13T00:00:00+00:00
[2023-05-13T09:28:32.645+0000] {processor.py:175} INFO - Processing /opt/airflow/dags/everyday.py took 0.077 seconds
[2023-05-13T09:29:03.384+0000] {processor.py:153} INFO - Started process (PID=1884) to work on /opt/airflow/dags/everyday.py
[2023-05-13T09:29:03.386+0000] {processor.py:743} INFO - Processing file /opt/airflow/dags/everyday.py for tasks to queue
[2023-05-13T09:29:03.387+0000] {logging_mixin.py:137} INFO - [2023-05-13T09:29:03.387+0000] {dagbag.py:532} INFO - Filling up the DagBag from /opt/airflow/dags/everyday.py
[2023-05-13T09:29:03.403+0000] {processor.py:753} INFO - DAG(s) dict_keys(['everyday']) retrieved from /opt/airflow/dags/everyday.py
[2023-05-13T09:29:03.427+0000] {logging_mixin.py:137} INFO - [2023-05-13T09:29:03.427+0000] {dag.py:2705} INFO - Sync 1 DAGs
[2023-05-13T09:29:03.445+0000] {logging_mixin.py:137} INFO - [2023-05-13T09:29:03.445+0000] {dag.py:3456} INFO - Setting next_dagrun for everyday to 2023-05-12T00:00:00+00:00, run_after=2023-05-13T00:00:00+00:00
[2023-05-13T09:29:03.465+0000] {processor.py:175} INFO - Processing /opt/airflow/dags/everyday.py took 0.083 seconds
[2023-05-13T09:29:34.659+0000] {processor.py:153} INFO - Started process (PID=2162) to work on /opt/airflow/dags/everyday.py
[2023-05-13T09:29:34.661+0000] {processor.py:743} INFO - Processing file /opt/airflow/dags/everyday.py for tasks to queue
[2023-05-13T09:29:34.662+0000] {logging_mixin.py:137} INFO - [2023-05-13T09:29:34.662+0000] {dagbag.py:532} INFO - Filling up the DagBag from /opt/airflow/dags/everyday.py
[2023-05-13T09:29:34.681+0000] {processor.py:753} INFO - DAG(s) dict_keys(['everyday']) retrieved from /opt/airflow/dags/everyday.py
[2023-05-13T09:29:34.711+0000] {logging_mixin.py:137} INFO - [2023-05-13T09:29:34.710+0000] {dag.py:2705} INFO - Sync 1 DAGs
[2023-05-13T09:29:34.731+0000] {logging_mixin.py:137} INFO - [2023-05-13T09:29:34.730+0000] {dag.py:3456} INFO - Setting next_dagrun for everyday to 2023-05-12T00:00:00+00:00, run_after=2023-05-13T00:00:00+00:00
[2023-05-13T09:29:34.746+0000] {processor.py:175} INFO - Processing /opt/airflow/dags/everyday.py took 0.091 seconds
[2023-05-13T09:30:05.858+0000] {processor.py:153} INFO - Started process (PID=2440) to work on /opt/airflow/dags/everyday.py
[2023-05-13T09:30:05.860+0000] {processor.py:743} INFO - Processing file /opt/airflow/dags/everyday.py for tasks to queue
[2023-05-13T09:30:05.861+0000] {logging_mixin.py:137} INFO - [2023-05-13T09:30:05.861+0000] {dagbag.py:532} INFO - Filling up the DagBag from /opt/airflow/dags/everyday.py
[2023-05-13T09:30:05.882+0000] {processor.py:753} INFO - DAG(s) dict_keys(['everyday']) retrieved from /opt/airflow/dags/everyday.py
[2023-05-13T09:30:05.904+0000] {logging_mixin.py:137} INFO - [2023-05-13T09:30:05.904+0000] {dag.py:2705} INFO - Sync 1 DAGs
[2023-05-13T09:30:05.923+0000] {logging_mixin.py:137} INFO - [2023-05-13T09:30:05.923+0000] {dag.py:3456} INFO - Setting next_dagrun for everyday to 2023-05-12T00:00:00+00:00, run_after=2023-05-13T00:00:00+00:00
[2023-05-13T09:30:05.941+0000] {processor.py:175} INFO - Processing /opt/airflow/dags/everyday.py took 0.086 seconds
[2023-05-13T09:30:36.926+0000] {processor.py:153} INFO - Started process (PID=2723) to work on /opt/airflow/dags/everyday.py
[2023-05-13T09:30:36.928+0000] {processor.py:743} INFO - Processing file /opt/airflow/dags/everyday.py for tasks to queue
[2023-05-13T09:30:36.930+0000] {logging_mixin.py:137} INFO - [2023-05-13T09:30:36.930+0000] {dagbag.py:532} INFO - Filling up the DagBag from /opt/airflow/dags/everyday.py
[2023-05-13T09:30:36.946+0000] {processor.py:753} INFO - DAG(s) dict_keys(['everyday']) retrieved from /opt/airflow/dags/everyday.py
[2023-05-13T09:30:36.969+0000] {logging_mixin.py:137} INFO - [2023-05-13T09:30:36.969+0000] {dag.py:2705} INFO - Sync 1 DAGs
[2023-05-13T09:30:36.994+0000] {logging_mixin.py:137} INFO - [2023-05-13T09:30:36.994+0000] {dag.py:3456} INFO - Setting next_dagrun for everyday to 2023-05-12T00:00:00+00:00, run_after=2023-05-13T00:00:00+00:00
[2023-05-13T09:30:37.008+0000] {processor.py:175} INFO - Processing /opt/airflow/dags/everyday.py took 0.085 seconds
[2023-05-13T09:31:07.824+0000] {processor.py:153} INFO - Started process (PID=3001) to work on /opt/airflow/dags/everyday.py
[2023-05-13T09:31:07.826+0000] {processor.py:743} INFO - Processing file /opt/airflow/dags/everyday.py for tasks to queue
[2023-05-13T09:31:07.827+0000] {logging_mixin.py:137} INFO - [2023-05-13T09:31:07.827+0000] {dagbag.py:532} INFO - Filling up the DagBag from /opt/airflow/dags/everyday.py
[2023-05-13T09:31:07.844+0000] {processor.py:753} INFO - DAG(s) dict_keys(['everyday']) retrieved from /opt/airflow/dags/everyday.py
[2023-05-13T09:31:07.866+0000] {logging_mixin.py:137} INFO - [2023-05-13T09:31:07.866+0000] {dag.py:2705} INFO - Sync 1 DAGs
[2023-05-13T09:31:07.887+0000] {logging_mixin.py:137} INFO - [2023-05-13T09:31:07.886+0000] {dag.py:3456} INFO - Setting next_dagrun for everyday to 2023-05-12T00:00:00+00:00, run_after=2023-05-13T00:00:00+00:00
[2023-05-13T09:31:07.973+0000] {processor.py:175} INFO - Processing /opt/airflow/dags/everyday.py took 0.151 seconds
[2023-05-13T09:31:38.674+0000] {processor.py:153} INFO - Started process (PID=3259) to work on /opt/airflow/dags/everyday.py
[2023-05-13T09:31:38.676+0000] {processor.py:743} INFO - Processing file /opt/airflow/dags/everyday.py for tasks to queue
[2023-05-13T09:31:38.678+0000] {logging_mixin.py:137} INFO - [2023-05-13T09:31:38.678+0000] {dagbag.py:532} INFO - Filling up the DagBag from /opt/airflow/dags/everyday.py
[2023-05-13T09:31:38.702+0000] {processor.py:753} INFO - DAG(s) dict_keys(['everyday']) retrieved from /opt/airflow/dags/everyday.py
[2023-05-13T09:31:38.726+0000] {logging_mixin.py:137} INFO - [2023-05-13T09:31:38.726+0000] {dag.py:2705} INFO - Sync 1 DAGs
[2023-05-13T09:31:38.746+0000] {logging_mixin.py:137} INFO - [2023-05-13T09:31:38.746+0000] {dag.py:3456} INFO - Setting next_dagrun for everyday to 2023-05-12T00:00:00+00:00, run_after=2023-05-13T00:00:00+00:00
[2023-05-13T09:31:38.762+0000] {processor.py:175} INFO - Processing /opt/airflow/dags/everyday.py took 0.093 seconds
[2023-05-13T09:32:09.163+0000] {processor.py:153} INFO - Started process (PID=3518) to work on /opt/airflow/dags/everyday.py
[2023-05-13T09:32:09.169+0000] {processor.py:743} INFO - Processing file /opt/airflow/dags/everyday.py for tasks to queue
[2023-05-13T09:32:09.171+0000] {logging_mixin.py:137} INFO - [2023-05-13T09:32:09.171+0000] {dagbag.py:532} INFO - Filling up the DagBag from /opt/airflow/dags/everyday.py
[2023-05-13T09:32:09.189+0000] {processor.py:753} INFO - DAG(s) dict_keys(['everyday']) retrieved from /opt/airflow/dags/everyday.py
[2023-05-13T09:32:09.214+0000] {logging_mixin.py:137} INFO - [2023-05-13T09:32:09.214+0000] {dag.py:2705} INFO - Sync 1 DAGs
[2023-05-13T09:32:09.233+0000] {logging_mixin.py:137} INFO - [2023-05-13T09:32:09.233+0000] {dag.py:3456} INFO - Setting next_dagrun for everyday to 2023-05-12T00:00:00+00:00, run_after=2023-05-13T00:00:00+00:00
[2023-05-13T09:32:09.246+0000] {processor.py:175} INFO - Processing /opt/airflow/dags/everyday.py took 0.088 seconds
[2023-05-13T09:32:39.451+0000] {processor.py:153} INFO - Started process (PID=3775) to work on /opt/airflow/dags/everyday.py
[2023-05-13T09:32:39.455+0000] {processor.py:743} INFO - Processing file /opt/airflow/dags/everyday.py for tasks to queue
[2023-05-13T09:32:39.456+0000] {logging_mixin.py:137} INFO - [2023-05-13T09:32:39.456+0000] {dagbag.py:532} INFO - Filling up the DagBag from /opt/airflow/dags/everyday.py
[2023-05-13T09:32:39.493+0000] {processor.py:753} INFO - DAG(s) dict_keys(['everyday']) retrieved from /opt/airflow/dags/everyday.py
[2023-05-13T09:32:39.528+0000] {logging_mixin.py:137} INFO - [2023-05-13T09:32:39.528+0000] {dag.py:2705} INFO - Sync 1 DAGs
[2023-05-13T09:32:39.550+0000] {logging_mixin.py:137} INFO - [2023-05-13T09:32:39.550+0000] {dag.py:3456} INFO - Setting next_dagrun for everyday to 2023-05-12T00:00:00+00:00, run_after=2023-05-13T00:00:00+00:00
[2023-05-13T09:32:39.569+0000] {processor.py:175} INFO - Processing /opt/airflow/dags/everyday.py took 0.123 seconds
[2023-05-13T09:33:10.048+0000] {processor.py:153} INFO - Started process (PID=4034) to work on /opt/airflow/dags/everyday.py
[2023-05-13T09:33:10.051+0000] {processor.py:743} INFO - Processing file /opt/airflow/dags/everyday.py for tasks to queue
[2023-05-13T09:33:10.058+0000] {logging_mixin.py:137} INFO - [2023-05-13T09:33:10.058+0000] {dagbag.py:532} INFO - Filling up the DagBag from /opt/airflow/dags/everyday.py
[2023-05-13T09:33:10.076+0000] {processor.py:753} INFO - DAG(s) dict_keys(['everyday']) retrieved from /opt/airflow/dags/everyday.py
[2023-05-13T09:33:10.099+0000] {logging_mixin.py:137} INFO - [2023-05-13T09:33:10.099+0000] {dag.py:2705} INFO - Sync 1 DAGs
[2023-05-13T09:33:10.117+0000] {logging_mixin.py:137} INFO - [2023-05-13T09:33:10.117+0000] {dag.py:3456} INFO - Setting next_dagrun for everyday to 2023-05-12T00:00:00+00:00, run_after=2023-05-13T00:00:00+00:00
[2023-05-13T09:33:10.131+0000] {processor.py:175} INFO - Processing /opt/airflow/dags/everyday.py took 0.087 seconds
