[2023-05-13T09:25:56.922+0000] {processor.py:153} INFO - Started process (PID=196) to work on /opt/airflow/dags/example_gcs_to_bigquery_python_operator.py
[2023-05-13T09:25:56.924+0000] {processor.py:743} INFO - Processing file /opt/airflow/dags/example_gcs_to_bigquery_python_operator.py for tasks to queue
[2023-05-13T09:25:56.925+0000] {logging_mixin.py:137} INFO - [2023-05-13T09:25:56.925+0000] {dagbag.py:532} INFO - Filling up the DagBag from /opt/airflow/dags/example_gcs_to_bigquery_python_operator.py
[2023-05-13T09:25:57.876+0000] {processor.py:753} INFO - DAG(s) dict_keys(['example_gcs_to_bigquery_python_operator']) retrieved from /opt/airflow/dags/example_gcs_to_bigquery_python_operator.py
[2023-05-13T09:25:57.953+0000] {logging_mixin.py:137} INFO - [2023-05-13T09:25:57.953+0000] {manager.py:504} INFO - Created Permission View: can read on DAG:example_gcs_to_bigquery_python_operator
[2023-05-13T09:25:57.962+0000] {logging_mixin.py:137} INFO - [2023-05-13T09:25:57.961+0000] {manager.py:504} INFO - Created Permission View: can delete on DAG:example_gcs_to_bigquery_python_operator
[2023-05-13T09:25:57.968+0000] {logging_mixin.py:137} INFO - [2023-05-13T09:25:57.968+0000] {manager.py:504} INFO - Created Permission View: can edit on DAG:example_gcs_to_bigquery_python_operator
[2023-05-13T09:25:57.970+0000] {logging_mixin.py:137} INFO - [2023-05-13T09:25:57.969+0000] {dag.py:2705} INFO - Sync 1 DAGs
[2023-05-13T09:25:57.980+0000] {logging_mixin.py:137} INFO - [2023-05-13T09:25:57.980+0000] {dag.py:2726} INFO - Creating ORM DAG for example_gcs_to_bigquery_python_operator
[2023-05-13T09:25:57.990+0000] {logging_mixin.py:137} INFO - [2023-05-13T09:25:57.990+0000] {dag.py:3456} INFO - Setting next_dagrun for example_gcs_to_bigquery_python_operator to None, run_after=None
[2023-05-13T09:25:58.008+0000] {processor.py:175} INFO - Processing /opt/airflow/dags/example_gcs_to_bigquery_python_operator.py took 1.092 seconds
[2023-05-13T09:26:28.666+0000] {processor.py:153} INFO - Started process (PID=479) to work on /opt/airflow/dags/example_gcs_to_bigquery_python_operator.py
[2023-05-13T09:26:28.672+0000] {processor.py:743} INFO - Processing file /opt/airflow/dags/example_gcs_to_bigquery_python_operator.py for tasks to queue
[2023-05-13T09:26:28.688+0000] {logging_mixin.py:137} INFO - [2023-05-13T09:26:28.688+0000] {dagbag.py:532} INFO - Filling up the DagBag from /opt/airflow/dags/example_gcs_to_bigquery_python_operator.py
[2023-05-13T09:26:29.212+0000] {processor.py:753} INFO - DAG(s) dict_keys(['example_gcs_to_bigquery_python_operator']) retrieved from /opt/airflow/dags/example_gcs_to_bigquery_python_operator.py
[2023-05-13T09:26:29.234+0000] {logging_mixin.py:137} INFO - [2023-05-13T09:26:29.234+0000] {dag.py:2705} INFO - Sync 1 DAGs
[2023-05-13T09:26:29.252+0000] {logging_mixin.py:137} INFO - [2023-05-13T09:26:29.252+0000] {dag.py:3456} INFO - Setting next_dagrun for example_gcs_to_bigquery_python_operator to None, run_after=None
[2023-05-13T09:26:29.268+0000] {processor.py:175} INFO - Processing /opt/airflow/dags/example_gcs_to_bigquery_python_operator.py took 0.610 seconds
[2023-05-13T09:26:59.734+0000] {processor.py:153} INFO - Started process (PID=757) to work on /opt/airflow/dags/example_gcs_to_bigquery_python_operator.py
[2023-05-13T09:26:59.737+0000] {processor.py:743} INFO - Processing file /opt/airflow/dags/example_gcs_to_bigquery_python_operator.py for tasks to queue
[2023-05-13T09:26:59.738+0000] {logging_mixin.py:137} INFO - [2023-05-13T09:26:59.738+0000] {dagbag.py:532} INFO - Filling up the DagBag from /opt/airflow/dags/example_gcs_to_bigquery_python_operator.py
[2023-05-13T09:27:00.224+0000] {processor.py:753} INFO - DAG(s) dict_keys(['example_gcs_to_bigquery_python_operator']) retrieved from /opt/airflow/dags/example_gcs_to_bigquery_python_operator.py
[2023-05-13T09:27:00.244+0000] {logging_mixin.py:137} INFO - [2023-05-13T09:27:00.244+0000] {dag.py:2705} INFO - Sync 1 DAGs
[2023-05-13T09:27:00.263+0000] {logging_mixin.py:137} INFO - [2023-05-13T09:27:00.263+0000] {dag.py:3456} INFO - Setting next_dagrun for example_gcs_to_bigquery_python_operator to None, run_after=None
[2023-05-13T09:27:00.285+0000] {processor.py:175} INFO - Processing /opt/airflow/dags/example_gcs_to_bigquery_python_operator.py took 0.556 seconds
[2023-05-13T09:27:30.399+0000] {processor.py:153} INFO - Started process (PID=1035) to work on /opt/airflow/dags/example_gcs_to_bigquery_python_operator.py
[2023-05-13T09:27:30.406+0000] {processor.py:743} INFO - Processing file /opt/airflow/dags/example_gcs_to_bigquery_python_operator.py for tasks to queue
[2023-05-13T09:27:30.410+0000] {logging_mixin.py:137} INFO - [2023-05-13T09:27:30.410+0000] {dagbag.py:532} INFO - Filling up the DagBag from /opt/airflow/dags/example_gcs_to_bigquery_python_operator.py
[2023-05-13T09:27:30.864+0000] {processor.py:753} INFO - DAG(s) dict_keys(['example_gcs_to_bigquery_python_operator']) retrieved from /opt/airflow/dags/example_gcs_to_bigquery_python_operator.py
[2023-05-13T09:27:30.891+0000] {logging_mixin.py:137} INFO - [2023-05-13T09:27:30.890+0000] {dag.py:2705} INFO - Sync 1 DAGs
[2023-05-13T09:27:30.911+0000] {logging_mixin.py:137} INFO - [2023-05-13T09:27:30.911+0000] {dag.py:3456} INFO - Setting next_dagrun for example_gcs_to_bigquery_python_operator to None, run_after=None
[2023-05-13T09:27:30.931+0000] {processor.py:175} INFO - Processing /opt/airflow/dags/example_gcs_to_bigquery_python_operator.py took 0.543 seconds
[2023-05-13T09:28:01.124+0000] {processor.py:153} INFO - Started process (PID=1313) to work on /opt/airflow/dags/example_gcs_to_bigquery_python_operator.py
[2023-05-13T09:28:01.130+0000] {processor.py:743} INFO - Processing file /opt/airflow/dags/example_gcs_to_bigquery_python_operator.py for tasks to queue
[2023-05-13T09:28:01.134+0000] {logging_mixin.py:137} INFO - [2023-05-13T09:28:01.133+0000] {dagbag.py:532} INFO - Filling up the DagBag from /opt/airflow/dags/example_gcs_to_bigquery_python_operator.py
[2023-05-13T09:28:01.537+0000] {processor.py:753} INFO - DAG(s) dict_keys(['example_gcs_to_bigquery_python_operator']) retrieved from /opt/airflow/dags/example_gcs_to_bigquery_python_operator.py
[2023-05-13T09:28:01.558+0000] {logging_mixin.py:137} INFO - [2023-05-13T09:28:01.558+0000] {dag.py:2705} INFO - Sync 1 DAGs
[2023-05-13T09:28:01.576+0000] {logging_mixin.py:137} INFO - [2023-05-13T09:28:01.576+0000] {dag.py:3456} INFO - Setting next_dagrun for example_gcs_to_bigquery_python_operator to None, run_after=None
[2023-05-13T09:28:01.600+0000] {processor.py:175} INFO - Processing /opt/airflow/dags/example_gcs_to_bigquery_python_operator.py took 0.484 seconds
[2023-05-13T09:28:32.097+0000] {processor.py:153} INFO - Started process (PID=1591) to work on /opt/airflow/dags/example_gcs_to_bigquery_python_operator.py
[2023-05-13T09:28:32.100+0000] {processor.py:743} INFO - Processing file /opt/airflow/dags/example_gcs_to_bigquery_python_operator.py for tasks to queue
[2023-05-13T09:28:32.101+0000] {logging_mixin.py:137} INFO - [2023-05-13T09:28:32.101+0000] {dagbag.py:532} INFO - Filling up the DagBag from /opt/airflow/dags/example_gcs_to_bigquery_python_operator.py
[2023-05-13T09:28:32.439+0000] {processor.py:753} INFO - DAG(s) dict_keys(['example_gcs_to_bigquery_python_operator']) retrieved from /opt/airflow/dags/example_gcs_to_bigquery_python_operator.py
[2023-05-13T09:28:32.457+0000] {logging_mixin.py:137} INFO - [2023-05-13T09:28:32.457+0000] {dag.py:2705} INFO - Sync 1 DAGs
[2023-05-13T09:28:32.474+0000] {logging_mixin.py:137} INFO - [2023-05-13T09:28:32.474+0000] {dag.py:3456} INFO - Setting next_dagrun for example_gcs_to_bigquery_python_operator to None, run_after=None
[2023-05-13T09:28:32.488+0000] {processor.py:175} INFO - Processing /opt/airflow/dags/example_gcs_to_bigquery_python_operator.py took 0.395 seconds
[2023-05-13T09:29:02.829+0000] {processor.py:153} INFO - Started process (PID=1869) to work on /opt/airflow/dags/example_gcs_to_bigquery_python_operator.py
[2023-05-13T09:29:02.832+0000] {processor.py:743} INFO - Processing file /opt/airflow/dags/example_gcs_to_bigquery_python_operator.py for tasks to queue
[2023-05-13T09:29:02.833+0000] {logging_mixin.py:137} INFO - [2023-05-13T09:29:02.833+0000] {dagbag.py:532} INFO - Filling up the DagBag from /opt/airflow/dags/example_gcs_to_bigquery_python_operator.py
[2023-05-13T09:29:03.252+0000] {processor.py:753} INFO - DAG(s) dict_keys(['example_gcs_to_bigquery_python_operator']) retrieved from /opt/airflow/dags/example_gcs_to_bigquery_python_operator.py
[2023-05-13T09:29:03.276+0000] {logging_mixin.py:137} INFO - [2023-05-13T09:29:03.276+0000] {dag.py:2705} INFO - Sync 1 DAGs
[2023-05-13T09:29:03.294+0000] {logging_mixin.py:137} INFO - [2023-05-13T09:29:03.294+0000] {dag.py:3456} INFO - Setting next_dagrun for example_gcs_to_bigquery_python_operator to None, run_after=None
[2023-05-13T09:29:03.311+0000] {processor.py:175} INFO - Processing /opt/airflow/dags/example_gcs_to_bigquery_python_operator.py took 0.487 seconds
[2023-05-13T09:29:34.093+0000] {processor.py:153} INFO - Started process (PID=2147) to work on /opt/airflow/dags/example_gcs_to_bigquery_python_operator.py
[2023-05-13T09:29:34.096+0000] {processor.py:743} INFO - Processing file /opt/airflow/dags/example_gcs_to_bigquery_python_operator.py for tasks to queue
[2023-05-13T09:29:34.100+0000] {logging_mixin.py:137} INFO - [2023-05-13T09:29:34.100+0000] {dagbag.py:532} INFO - Filling up the DagBag from /opt/airflow/dags/example_gcs_to_bigquery_python_operator.py
[2023-05-13T09:29:34.511+0000] {processor.py:753} INFO - DAG(s) dict_keys(['example_gcs_to_bigquery_python_operator']) retrieved from /opt/airflow/dags/example_gcs_to_bigquery_python_operator.py
[2023-05-13T09:29:34.537+0000] {logging_mixin.py:137} INFO - [2023-05-13T09:29:34.536+0000] {dag.py:2705} INFO - Sync 1 DAGs
[2023-05-13T09:29:34.554+0000] {logging_mixin.py:137} INFO - [2023-05-13T09:29:34.553+0000] {dag.py:3456} INFO - Setting next_dagrun for example_gcs_to_bigquery_python_operator to None, run_after=None
[2023-05-13T09:29:34.566+0000] {processor.py:175} INFO - Processing /opt/airflow/dags/example_gcs_to_bigquery_python_operator.py took 0.481 seconds
[2023-05-13T09:30:05.299+0000] {processor.py:153} INFO - Started process (PID=2425) to work on /opt/airflow/dags/example_gcs_to_bigquery_python_operator.py
[2023-05-13T09:30:05.302+0000] {processor.py:743} INFO - Processing file /opt/airflow/dags/example_gcs_to_bigquery_python_operator.py for tasks to queue
[2023-05-13T09:30:05.305+0000] {logging_mixin.py:137} INFO - [2023-05-13T09:30:05.304+0000] {dagbag.py:532} INFO - Filling up the DagBag from /opt/airflow/dags/example_gcs_to_bigquery_python_operator.py
[2023-05-13T09:30:05.690+0000] {processor.py:753} INFO - DAG(s) dict_keys(['example_gcs_to_bigquery_python_operator']) retrieved from /opt/airflow/dags/example_gcs_to_bigquery_python_operator.py
[2023-05-13T09:30:05.709+0000] {logging_mixin.py:137} INFO - [2023-05-13T09:30:05.709+0000] {dag.py:2705} INFO - Sync 1 DAGs
[2023-05-13T09:30:05.727+0000] {logging_mixin.py:137} INFO - [2023-05-13T09:30:05.727+0000] {dag.py:3456} INFO - Setting next_dagrun for example_gcs_to_bigquery_python_operator to None, run_after=None
[2023-05-13T09:30:05.739+0000] {processor.py:175} INFO - Processing /opt/airflow/dags/example_gcs_to_bigquery_python_operator.py took 0.445 seconds
[2023-05-13T09:30:36.393+0000] {processor.py:153} INFO - Started process (PID=2708) to work on /opt/airflow/dags/example_gcs_to_bigquery_python_operator.py
[2023-05-13T09:30:36.397+0000] {processor.py:743} INFO - Processing file /opt/airflow/dags/example_gcs_to_bigquery_python_operator.py for tasks to queue
[2023-05-13T09:30:36.399+0000] {logging_mixin.py:137} INFO - [2023-05-13T09:30:36.398+0000] {dagbag.py:532} INFO - Filling up the DagBag from /opt/airflow/dags/example_gcs_to_bigquery_python_operator.py
[2023-05-13T09:30:36.797+0000] {processor.py:753} INFO - DAG(s) dict_keys(['example_gcs_to_bigquery_python_operator']) retrieved from /opt/airflow/dags/example_gcs_to_bigquery_python_operator.py
[2023-05-13T09:30:36.818+0000] {logging_mixin.py:137} INFO - [2023-05-13T09:30:36.818+0000] {dag.py:2705} INFO - Sync 1 DAGs
[2023-05-13T09:30:36.835+0000] {logging_mixin.py:137} INFO - [2023-05-13T09:30:36.835+0000] {dag.py:3456} INFO - Setting next_dagrun for example_gcs_to_bigquery_python_operator to None, run_after=None
[2023-05-13T09:30:36.852+0000] {processor.py:175} INFO - Processing /opt/airflow/dags/example_gcs_to_bigquery_python_operator.py took 0.466 seconds
[2023-05-13T09:31:07.350+0000] {processor.py:153} INFO - Started process (PID=2986) to work on /opt/airflow/dags/example_gcs_to_bigquery_python_operator.py
[2023-05-13T09:31:07.353+0000] {processor.py:743} INFO - Processing file /opt/airflow/dags/example_gcs_to_bigquery_python_operator.py for tasks to queue
[2023-05-13T09:31:07.355+0000] {logging_mixin.py:137} INFO - [2023-05-13T09:31:07.355+0000] {dagbag.py:532} INFO - Filling up the DagBag from /opt/airflow/dags/example_gcs_to_bigquery_python_operator.py
[2023-05-13T09:31:07.696+0000] {processor.py:753} INFO - DAG(s) dict_keys(['example_gcs_to_bigquery_python_operator']) retrieved from /opt/airflow/dags/example_gcs_to_bigquery_python_operator.py
[2023-05-13T09:31:07.716+0000] {logging_mixin.py:137} INFO - [2023-05-13T09:31:07.716+0000] {dag.py:2705} INFO - Sync 1 DAGs
[2023-05-13T09:31:07.733+0000] {logging_mixin.py:137} INFO - [2023-05-13T09:31:07.733+0000] {dag.py:3456} INFO - Setting next_dagrun for example_gcs_to_bigquery_python_operator to None, run_after=None
[2023-05-13T09:31:07.749+0000] {processor.py:175} INFO - Processing /opt/airflow/dags/example_gcs_to_bigquery_python_operator.py took 0.408 seconds
