[2023-05-13T09:25:56.464+0000] {processor.py:153} INFO - Started process (PID=177) to work on /opt/airflow/dags/play_with_templating.py
[2023-05-13T09:25:56.468+0000] {processor.py:743} INFO - Processing file /opt/airflow/dags/play_with_templating.py for tasks to queue
[2023-05-13T09:25:56.470+0000] {logging_mixin.py:137} INFO - [2023-05-13T09:25:56.470+0000] {dagbag.py:532} INFO - Filling up the DagBag from /opt/airflow/dags/play_with_templating.py
[2023-05-13T09:25:56.537+0000] {processor.py:753} INFO - DAG(s) dict_keys(['play_with_templating']) retrieved from /opt/airflow/dags/play_with_templating.py
[2023-05-13T09:25:56.704+0000] {logging_mixin.py:137} INFO - [2023-05-13T09:25:56.704+0000] {manager.py:504} INFO - Created Permission View: can read on DAG:play_with_templating
[2023-05-13T09:25:56.712+0000] {logging_mixin.py:137} INFO - [2023-05-13T09:25:56.712+0000] {manager.py:504} INFO - Created Permission View: can delete on DAG:play_with_templating
[2023-05-13T09:25:56.718+0000] {logging_mixin.py:137} INFO - [2023-05-13T09:25:56.718+0000] {manager.py:504} INFO - Created Permission View: can edit on DAG:play_with_templating
[2023-05-13T09:25:56.719+0000] {logging_mixin.py:137} INFO - [2023-05-13T09:25:56.719+0000] {dag.py:2705} INFO - Sync 1 DAGs
[2023-05-13T09:25:56.729+0000] {logging_mixin.py:137} INFO - [2023-05-13T09:25:56.729+0000] {dag.py:2726} INFO - Creating ORM DAG for play_with_templating
[2023-05-13T09:25:56.740+0000] {logging_mixin.py:137} INFO - [2023-05-13T09:25:56.740+0000] {dag.py:3456} INFO - Setting next_dagrun for play_with_templating to 2023-05-12T00:00:00+00:00, run_after=2023-05-13T00:00:00+00:00
[2023-05-13T09:25:56.772+0000] {processor.py:175} INFO - Processing /opt/airflow/dags/play_with_templating.py took 0.313 seconds
[2023-05-13T09:26:27.372+0000] {processor.py:153} INFO - Started process (PID=456) to work on /opt/airflow/dags/play_with_templating.py
[2023-05-13T09:26:27.376+0000] {processor.py:743} INFO - Processing file /opt/airflow/dags/play_with_templating.py for tasks to queue
[2023-05-13T09:26:27.380+0000] {logging_mixin.py:137} INFO - [2023-05-13T09:26:27.380+0000] {dagbag.py:532} INFO - Filling up the DagBag from /opt/airflow/dags/play_with_templating.py
[2023-05-13T09:26:27.412+0000] {processor.py:753} INFO - DAG(s) dict_keys(['play_with_templating']) retrieved from /opt/airflow/dags/play_with_templating.py
[2023-05-13T09:26:27.448+0000] {logging_mixin.py:137} INFO - [2023-05-13T09:26:27.448+0000] {dag.py:2705} INFO - Sync 1 DAGs
[2023-05-13T09:26:27.475+0000] {logging_mixin.py:137} INFO - [2023-05-13T09:26:27.475+0000] {dag.py:3456} INFO - Setting next_dagrun for play_with_templating to 2023-05-12T00:00:00+00:00, run_after=2023-05-13T00:00:00+00:00
[2023-05-13T09:26:27.503+0000] {processor.py:175} INFO - Processing /opt/airflow/dags/play_with_templating.py took 0.143 seconds
[2023-05-13T09:26:58.426+0000] {processor.py:153} INFO - Started process (PID=734) to work on /opt/airflow/dags/play_with_templating.py
[2023-05-13T09:26:58.429+0000] {processor.py:743} INFO - Processing file /opt/airflow/dags/play_with_templating.py for tasks to queue
[2023-05-13T09:26:58.430+0000] {logging_mixin.py:137} INFO - [2023-05-13T09:26:58.430+0000] {dagbag.py:532} INFO - Filling up the DagBag from /opt/airflow/dags/play_with_templating.py
[2023-05-13T09:26:58.472+0000] {processor.py:753} INFO - DAG(s) dict_keys(['play_with_templating']) retrieved from /opt/airflow/dags/play_with_templating.py
[2023-05-13T09:26:58.522+0000] {logging_mixin.py:137} INFO - [2023-05-13T09:26:58.522+0000] {dag.py:2705} INFO - Sync 1 DAGs
[2023-05-13T09:26:58.545+0000] {logging_mixin.py:137} INFO - [2023-05-13T09:26:58.545+0000] {dag.py:3456} INFO - Setting next_dagrun for play_with_templating to 2023-05-12T00:00:00+00:00, run_after=2023-05-13T00:00:00+00:00
[2023-05-13T09:26:58.560+0000] {processor.py:175} INFO - Processing /opt/airflow/dags/play_with_templating.py took 0.140 seconds
[2023-05-13T09:27:28.771+0000] {processor.py:153} INFO - Started process (PID=1017) to work on /opt/airflow/dags/play_with_templating.py
[2023-05-13T09:27:28.774+0000] {processor.py:743} INFO - Processing file /opt/airflow/dags/play_with_templating.py for tasks to queue
[2023-05-13T09:27:28.777+0000] {logging_mixin.py:137} INFO - [2023-05-13T09:27:28.777+0000] {dagbag.py:532} INFO - Filling up the DagBag from /opt/airflow/dags/play_with_templating.py
[2023-05-13T09:27:28.799+0000] {processor.py:753} INFO - DAG(s) dict_keys(['play_with_templating']) retrieved from /opt/airflow/dags/play_with_templating.py
[2023-05-13T09:27:28.847+0000] {logging_mixin.py:137} INFO - [2023-05-13T09:27:28.847+0000] {dag.py:2705} INFO - Sync 1 DAGs
[2023-05-13T09:27:28.876+0000] {logging_mixin.py:137} INFO - [2023-05-13T09:27:28.876+0000] {dag.py:3456} INFO - Setting next_dagrun for play_with_templating to 2023-05-12T00:00:00+00:00, run_after=2023-05-13T00:00:00+00:00
[2023-05-13T09:27:28.894+0000] {processor.py:175} INFO - Processing /opt/airflow/dags/play_with_templating.py took 0.127 seconds
[2023-05-13T09:27:59.409+0000] {processor.py:153} INFO - Started process (PID=1290) to work on /opt/airflow/dags/play_with_templating.py
[2023-05-13T09:27:59.412+0000] {processor.py:743} INFO - Processing file /opt/airflow/dags/play_with_templating.py for tasks to queue
[2023-05-13T09:27:59.414+0000] {logging_mixin.py:137} INFO - [2023-05-13T09:27:59.414+0000] {dagbag.py:532} INFO - Filling up the DagBag from /opt/airflow/dags/play_with_templating.py
[2023-05-13T09:27:59.460+0000] {processor.py:753} INFO - DAG(s) dict_keys(['play_with_templating']) retrieved from /opt/airflow/dags/play_with_templating.py
[2023-05-13T09:27:59.508+0000] {logging_mixin.py:137} INFO - [2023-05-13T09:27:59.508+0000] {dag.py:2705} INFO - Sync 1 DAGs
[2023-05-13T09:27:59.538+0000] {logging_mixin.py:137} INFO - [2023-05-13T09:27:59.537+0000] {dag.py:3456} INFO - Setting next_dagrun for play_with_templating to 2023-05-12T00:00:00+00:00, run_after=2023-05-13T00:00:00+00:00
[2023-05-13T09:27:59.553+0000] {processor.py:175} INFO - Processing /opt/airflow/dags/play_with_templating.py took 0.151 seconds
[2023-05-13T09:28:29.834+0000] {processor.py:153} INFO - Started process (PID=1568) to work on /opt/airflow/dags/play_with_templating.py
[2023-05-13T09:28:29.838+0000] {processor.py:743} INFO - Processing file /opt/airflow/dags/play_with_templating.py for tasks to queue
[2023-05-13T09:28:29.839+0000] {logging_mixin.py:137} INFO - [2023-05-13T09:28:29.839+0000] {dagbag.py:532} INFO - Filling up the DagBag from /opt/airflow/dags/play_with_templating.py
[2023-05-13T09:28:29.865+0000] {processor.py:753} INFO - DAG(s) dict_keys(['play_with_templating']) retrieved from /opt/airflow/dags/play_with_templating.py
[2023-05-13T09:28:29.896+0000] {logging_mixin.py:137} INFO - [2023-05-13T09:28:29.896+0000] {dag.py:2705} INFO - Sync 1 DAGs
[2023-05-13T09:28:29.922+0000] {logging_mixin.py:137} INFO - [2023-05-13T09:28:29.922+0000] {dag.py:3456} INFO - Setting next_dagrun for play_with_templating to 2023-05-12T00:00:00+00:00, run_after=2023-05-13T00:00:00+00:00
[2023-05-13T09:28:29.938+0000] {processor.py:175} INFO - Processing /opt/airflow/dags/play_with_templating.py took 0.110 seconds
[2023-05-13T09:29:00.531+0000] {processor.py:153} INFO - Started process (PID=1846) to work on /opt/airflow/dags/play_with_templating.py
[2023-05-13T09:29:00.537+0000] {processor.py:743} INFO - Processing file /opt/airflow/dags/play_with_templating.py for tasks to queue
[2023-05-13T09:29:00.540+0000] {logging_mixin.py:137} INFO - [2023-05-13T09:29:00.539+0000] {dagbag.py:532} INFO - Filling up the DagBag from /opt/airflow/dags/play_with_templating.py
[2023-05-13T09:29:00.592+0000] {processor.py:753} INFO - DAG(s) dict_keys(['play_with_templating']) retrieved from /opt/airflow/dags/play_with_templating.py
[2023-05-13T09:29:00.628+0000] {logging_mixin.py:137} INFO - [2023-05-13T09:29:00.628+0000] {dag.py:2705} INFO - Sync 1 DAGs
[2023-05-13T09:29:00.656+0000] {logging_mixin.py:137} INFO - [2023-05-13T09:29:00.656+0000] {dag.py:3456} INFO - Setting next_dagrun for play_with_templating to 2023-05-12T00:00:00+00:00, run_after=2023-05-13T00:00:00+00:00
[2023-05-13T09:29:00.689+0000] {processor.py:175} INFO - Processing /opt/airflow/dags/play_with_templating.py took 0.172 seconds
[2023-05-13T09:29:30.830+0000] {processor.py:153} INFO - Started process (PID=2129) to work on /opt/airflow/dags/play_with_templating.py
[2023-05-13T09:29:30.833+0000] {processor.py:743} INFO - Processing file /opt/airflow/dags/play_with_templating.py for tasks to queue
[2023-05-13T09:29:30.835+0000] {logging_mixin.py:137} INFO - [2023-05-13T09:29:30.835+0000] {dagbag.py:532} INFO - Filling up the DagBag from /opt/airflow/dags/play_with_templating.py
[2023-05-13T09:29:30.890+0000] {processor.py:753} INFO - DAG(s) dict_keys(['play_with_templating']) retrieved from /opt/airflow/dags/play_with_templating.py
[2023-05-13T09:29:30.952+0000] {logging_mixin.py:137} INFO - [2023-05-13T09:29:30.952+0000] {dag.py:2705} INFO - Sync 1 DAGs
[2023-05-13T09:29:30.991+0000] {logging_mixin.py:137} INFO - [2023-05-13T09:29:30.991+0000] {dag.py:3456} INFO - Setting next_dagrun for play_with_templating to 2023-05-12T00:00:00+00:00, run_after=2023-05-13T00:00:00+00:00
[2023-05-13T09:29:31.006+0000] {processor.py:175} INFO - Processing /opt/airflow/dags/play_with_templating.py took 0.181 seconds
[2023-05-13T09:30:01.923+0000] {processor.py:153} INFO - Started process (PID=2402) to work on /opt/airflow/dags/play_with_templating.py
[2023-05-13T09:30:01.926+0000] {processor.py:743} INFO - Processing file /opt/airflow/dags/play_with_templating.py for tasks to queue
[2023-05-13T09:30:01.928+0000] {logging_mixin.py:137} INFO - [2023-05-13T09:30:01.928+0000] {dagbag.py:532} INFO - Filling up the DagBag from /opt/airflow/dags/play_with_templating.py
[2023-05-13T09:30:01.963+0000] {processor.py:753} INFO - DAG(s) dict_keys(['play_with_templating']) retrieved from /opt/airflow/dags/play_with_templating.py
[2023-05-13T09:30:02.001+0000] {logging_mixin.py:137} INFO - [2023-05-13T09:30:02.001+0000] {dag.py:2705} INFO - Sync 1 DAGs
[2023-05-13T09:30:02.033+0000] {logging_mixin.py:137} INFO - [2023-05-13T09:30:02.032+0000] {dag.py:3456} INFO - Setting next_dagrun for play_with_templating to 2023-05-12T00:00:00+00:00, run_after=2023-05-13T00:00:00+00:00
[2023-05-13T09:30:02.048+0000] {processor.py:175} INFO - Processing /opt/airflow/dags/play_with_templating.py took 0.130 seconds
[2023-05-13T09:30:32.148+0000] {processor.py:153} INFO - Started process (PID=2690) to work on /opt/airflow/dags/play_with_templating.py
[2023-05-13T09:30:32.150+0000] {processor.py:743} INFO - Processing file /opt/airflow/dags/play_with_templating.py for tasks to queue
[2023-05-13T09:30:32.152+0000] {logging_mixin.py:137} INFO - [2023-05-13T09:30:32.152+0000] {dagbag.py:532} INFO - Filling up the DagBag from /opt/airflow/dags/play_with_templating.py
[2023-05-13T09:30:32.196+0000] {processor.py:753} INFO - DAG(s) dict_keys(['play_with_templating']) retrieved from /opt/airflow/dags/play_with_templating.py
[2023-05-13T09:30:32.232+0000] {logging_mixin.py:137} INFO - [2023-05-13T09:30:32.232+0000] {dag.py:2705} INFO - Sync 1 DAGs
[2023-05-13T09:30:32.263+0000] {logging_mixin.py:137} INFO - [2023-05-13T09:30:32.263+0000] {dag.py:3456} INFO - Setting next_dagrun for play_with_templating to 2023-05-12T00:00:00+00:00, run_after=2023-05-13T00:00:00+00:00
[2023-05-13T09:30:32.279+0000] {processor.py:175} INFO - Processing /opt/airflow/dags/play_with_templating.py took 0.136 seconds
[2023-05-13T09:31:03.138+0000] {processor.py:153} INFO - Started process (PID=2968) to work on /opt/airflow/dags/play_with_templating.py
[2023-05-13T09:31:03.141+0000] {processor.py:743} INFO - Processing file /opt/airflow/dags/play_with_templating.py for tasks to queue
[2023-05-13T09:31:03.142+0000] {logging_mixin.py:137} INFO - [2023-05-13T09:31:03.142+0000] {dagbag.py:532} INFO - Filling up the DagBag from /opt/airflow/dags/play_with_templating.py
[2023-05-13T09:31:03.175+0000] {processor.py:753} INFO - DAG(s) dict_keys(['play_with_templating']) retrieved from /opt/airflow/dags/play_with_templating.py
[2023-05-13T09:31:03.200+0000] {logging_mixin.py:137} INFO - [2023-05-13T09:31:03.200+0000] {dag.py:2705} INFO - Sync 1 DAGs
[2023-05-13T09:31:03.223+0000] {logging_mixin.py:137} INFO - [2023-05-13T09:31:03.223+0000] {dag.py:3456} INFO - Setting next_dagrun for play_with_templating to 2023-05-12T00:00:00+00:00, run_after=2023-05-13T00:00:00+00:00
[2023-05-13T09:31:03.237+0000] {processor.py:175} INFO - Processing /opt/airflow/dags/play_with_templating.py took 0.106 seconds
[2023-05-13T09:31:33.506+0000] {processor.py:153} INFO - Started process (PID=3246) to work on /opt/airflow/dags/play_with_templating.py
[2023-05-13T09:31:33.508+0000] {processor.py:743} INFO - Processing file /opt/airflow/dags/play_with_templating.py for tasks to queue
[2023-05-13T09:31:33.514+0000] {logging_mixin.py:137} INFO - [2023-05-13T09:31:33.514+0000] {dagbag.py:532} INFO - Filling up the DagBag from /opt/airflow/dags/play_with_templating.py
[2023-05-13T09:31:33.532+0000] {processor.py:753} INFO - DAG(s) dict_keys(['play_with_templating']) retrieved from /opt/airflow/dags/play_with_templating.py
[2023-05-13T09:31:33.558+0000] {logging_mixin.py:137} INFO - [2023-05-13T09:31:33.558+0000] {dag.py:2705} INFO - Sync 1 DAGs
[2023-05-13T09:31:33.579+0000] {logging_mixin.py:137} INFO - [2023-05-13T09:31:33.579+0000] {dag.py:3456} INFO - Setting next_dagrun for play_with_templating to 2023-05-12T00:00:00+00:00, run_after=2023-05-13T00:00:00+00:00
[2023-05-13T09:31:33.594+0000] {processor.py:175} INFO - Processing /opt/airflow/dags/play_with_templating.py took 0.092 seconds
[2023-05-13T09:32:03.912+0000] {processor.py:153} INFO - Started process (PID=3505) to work on /opt/airflow/dags/play_with_templating.py
[2023-05-13T09:32:03.916+0000] {processor.py:743} INFO - Processing file /opt/airflow/dags/play_with_templating.py for tasks to queue
[2023-05-13T09:32:03.918+0000] {logging_mixin.py:137} INFO - [2023-05-13T09:32:03.918+0000] {dagbag.py:532} INFO - Filling up the DagBag from /opt/airflow/dags/play_with_templating.py
[2023-05-13T09:32:03.942+0000] {processor.py:753} INFO - DAG(s) dict_keys(['play_with_templating']) retrieved from /opt/airflow/dags/play_with_templating.py
[2023-05-13T09:32:03.969+0000] {logging_mixin.py:137} INFO - [2023-05-13T09:32:03.969+0000] {dag.py:2705} INFO - Sync 1 DAGs
[2023-05-13T09:32:03.992+0000] {logging_mixin.py:137} INFO - [2023-05-13T09:32:03.992+0000] {dag.py:3456} INFO - Setting next_dagrun for play_with_templating to 2023-05-12T00:00:00+00:00, run_after=2023-05-13T00:00:00+00:00
[2023-05-13T09:32:04.008+0000] {processor.py:175} INFO - Processing /opt/airflow/dags/play_with_templating.py took 0.104 seconds
[2023-05-13T09:32:34.331+0000] {processor.py:153} INFO - Started process (PID=3763) to work on /opt/airflow/dags/play_with_templating.py
[2023-05-13T09:32:34.335+0000] {processor.py:743} INFO - Processing file /opt/airflow/dags/play_with_templating.py for tasks to queue
[2023-05-13T09:32:34.338+0000] {logging_mixin.py:137} INFO - [2023-05-13T09:32:34.338+0000] {dagbag.py:532} INFO - Filling up the DagBag from /opt/airflow/dags/play_with_templating.py
[2023-05-13T09:32:34.373+0000] {processor.py:753} INFO - DAG(s) dict_keys(['play_with_templating']) retrieved from /opt/airflow/dags/play_with_templating.py
[2023-05-13T09:32:34.439+0000] {logging_mixin.py:137} INFO - [2023-05-13T09:32:34.439+0000] {dag.py:2705} INFO - Sync 1 DAGs
[2023-05-13T09:32:34.485+0000] {logging_mixin.py:137} INFO - [2023-05-13T09:32:34.485+0000] {dag.py:3456} INFO - Setting next_dagrun for play_with_templating to 2023-05-12T00:00:00+00:00, run_after=2023-05-13T00:00:00+00:00
[2023-05-13T09:32:34.506+0000] {processor.py:175} INFO - Processing /opt/airflow/dags/play_with_templating.py took 0.183 seconds
[2023-05-13T09:33:04.770+0000] {processor.py:153} INFO - Started process (PID=4021) to work on /opt/airflow/dags/play_with_templating.py
[2023-05-13T09:33:04.773+0000] {processor.py:743} INFO - Processing file /opt/airflow/dags/play_with_templating.py for tasks to queue
[2023-05-13T09:33:04.774+0000] {logging_mixin.py:137} INFO - [2023-05-13T09:33:04.774+0000] {dagbag.py:532} INFO - Filling up the DagBag from /opt/airflow/dags/play_with_templating.py
[2023-05-13T09:33:04.821+0000] {processor.py:753} INFO - DAG(s) dict_keys(['play_with_templating']) retrieved from /opt/airflow/dags/play_with_templating.py
[2023-05-13T09:33:04.853+0000] {logging_mixin.py:137} INFO - [2023-05-13T09:33:04.853+0000] {dag.py:2705} INFO - Sync 1 DAGs
[2023-05-13T09:33:04.877+0000] {logging_mixin.py:137} INFO - [2023-05-13T09:33:04.877+0000] {dag.py:3456} INFO - Setting next_dagrun for play_with_templating to 2023-05-12T00:00:00+00:00, run_after=2023-05-13T00:00:00+00:00
[2023-05-13T09:33:04.901+0000] {processor.py:175} INFO - Processing /opt/airflow/dags/play_with_templating.py took 0.138 seconds
[2023-05-13T09:33:35.301+0000] {processor.py:153} INFO - Started process (PID=4284) to work on /opt/airflow/dags/play_with_templating.py
[2023-05-13T09:33:35.307+0000] {processor.py:743} INFO - Processing file /opt/airflow/dags/play_with_templating.py for tasks to queue
[2023-05-13T09:33:35.309+0000] {logging_mixin.py:137} INFO - [2023-05-13T09:33:35.309+0000] {dagbag.py:532} INFO - Filling up the DagBag from /opt/airflow/dags/play_with_templating.py
[2023-05-13T09:33:35.331+0000] {processor.py:753} INFO - DAG(s) dict_keys(['play_with_templating']) retrieved from /opt/airflow/dags/play_with_templating.py
[2023-05-13T09:33:35.361+0000] {logging_mixin.py:137} INFO - [2023-05-13T09:33:35.361+0000] {dag.py:2705} INFO - Sync 1 DAGs
[2023-05-13T09:33:35.384+0000] {logging_mixin.py:137} INFO - [2023-05-13T09:33:35.384+0000] {dag.py:3456} INFO - Setting next_dagrun for play_with_templating to 2023-05-12T00:00:00+00:00, run_after=2023-05-13T00:00:00+00:00
[2023-05-13T09:33:35.400+0000] {processor.py:175} INFO - Processing /opt/airflow/dags/play_with_templating.py took 0.107 seconds
