[2023-05-13T09:41:04.214+0000] {taskinstance.py:1090} INFO - Dependencies all met for dep_context=non-requeueable deps ti=<TaskInstance: greenery_addresses_data_pipeline.load_data_from_gcs_to_bigquery manual__2023-05-13T09:41:00.554862+00:00 [queued]>
[2023-05-13T09:41:04.220+0000] {taskinstance.py:1090} INFO - Dependencies all met for dep_context=requeueable deps ti=<TaskInstance: greenery_addresses_data_pipeline.load_data_from_gcs_to_bigquery manual__2023-05-13T09:41:00.554862+00:00 [queued]>
[2023-05-13T09:41:04.222+0000] {taskinstance.py:1288} INFO - 
--------------------------------------------------------------------------------
[2023-05-13T09:41:04.225+0000] {taskinstance.py:1289} INFO - Starting attempt 1 of 1
[2023-05-13T09:41:04.226+0000] {taskinstance.py:1290} INFO - 
--------------------------------------------------------------------------------
[2023-05-13T09:41:04.235+0000] {taskinstance.py:1309} INFO - Executing <Task(PythonOperator): load_data_from_gcs_to_bigquery> on 2023-05-13 09:41:00.554862+00:00
[2023-05-13T09:41:04.240+0000] {standard_task_runner.py:55} INFO - Started process 7682 to run task
[2023-05-13T09:41:04.245+0000] {standard_task_runner.py:82} INFO - Running: ['***', 'tasks', 'run', 'greenery_addresses_data_pipeline', 'load_data_from_gcs_to_bigquery', 'manual__2023-05-13T09:41:00.554862+00:00', '--job-id', '5', '--raw', '--subdir', 'DAGS_FOLDER/greenery_addresses_data_pipeline.py', '--cfg-path', '/tmp/tmpqj6pnp8j']
[2023-05-13T09:41:04.248+0000] {standard_task_runner.py:83} INFO - Job 5: Subtask load_data_from_gcs_to_bigquery
[2023-05-13T09:41:04.315+0000] {task_command.py:389} INFO - Running <TaskInstance: greenery_addresses_data_pipeline.load_data_from_gcs_to_bigquery manual__2023-05-13T09:41:00.554862+00:00 [running]> on host 81a59154956d
[2023-05-13T09:41:04.365+0000] {taskinstance.py:1518} INFO - Exporting the following env vars:
AIRFLOW_CTX_DAG_OWNER=***
AIRFLOW_CTX_DAG_ID=greenery_addresses_data_pipeline
AIRFLOW_CTX_TASK_ID=load_data_from_gcs_to_bigquery
AIRFLOW_CTX_EXECUTION_DATE=2023-05-13T09:41:00.554862+00:00
AIRFLOW_CTX_TRY_NUMBER=1
AIRFLOW_CTX_DAG_RUN_ID=manual__2023-05-13T09:41:00.554862+00:00
[2023-05-13T09:41:04.367+0000] {python.py:177} INFO - Done. Returned value was: None
[2023-05-13T09:41:04.379+0000] {taskinstance.py:1332} INFO - Marking task as SUCCESS. dag_id=greenery_addresses_data_pipeline, task_id=load_data_from_gcs_to_bigquery, execution_date=20230513T094100, start_date=20230513T094104, end_date=20230513T094104
[2023-05-13T09:41:04.416+0000] {local_task_job.py:212} INFO - Task exited with return code 0
[2023-05-13T09:41:04.433+0000] {taskinstance.py:2596} INFO - 0 downstream tasks scheduled from follow-on schedule check
