[2023-05-14T06:02:08.355+0000] {taskinstance.py:1090} INFO - Dependencies all met for dep_context=non-requeueable deps ti=<TaskInstance: greenery_addresses_data_pipeline.load_data_to_gcs manual__2023-05-14T06:02:05.035200+00:00 [queued]>
[2023-05-14T06:02:08.361+0000] {taskinstance.py:1090} INFO - Dependencies all met for dep_context=requeueable deps ti=<TaskInstance: greenery_addresses_data_pipeline.load_data_to_gcs manual__2023-05-14T06:02:05.035200+00:00 [queued]>
[2023-05-14T06:02:08.362+0000] {taskinstance.py:1288} INFO - 
--------------------------------------------------------------------------------
[2023-05-14T06:02:08.363+0000] {taskinstance.py:1289} INFO - Starting attempt 1 of 1
[2023-05-14T06:02:08.364+0000] {taskinstance.py:1290} INFO - 
--------------------------------------------------------------------------------
[2023-05-14T06:02:08.373+0000] {taskinstance.py:1309} INFO - Executing <Task(PythonOperator): load_data_to_gcs> on 2023-05-14 06:02:05.035200+00:00
[2023-05-14T06:02:08.378+0000] {standard_task_runner.py:55} INFO - Started process 16781 to run task
[2023-05-14T06:02:08.382+0000] {standard_task_runner.py:82} INFO - Running: ['***', 'tasks', 'run', 'greenery_addresses_data_pipeline', 'load_data_to_gcs', 'manual__2023-05-14T06:02:05.035200+00:00', '--job-id', '27', '--raw', '--subdir', 'DAGS_FOLDER/greenery_addresses_data_pipeline.py', '--cfg-path', '/tmp/tmp9oc82k4d']
[2023-05-14T06:02:08.384+0000] {standard_task_runner.py:83} INFO - Job 27: Subtask load_data_to_gcs
[2023-05-14T06:02:08.483+0000] {task_command.py:389} INFO - Running <TaskInstance: greenery_addresses_data_pipeline.load_data_to_gcs manual__2023-05-14T06:02:05.035200+00:00 [running]> on host 81a59154956d
[2023-05-14T06:02:08.539+0000] {taskinstance.py:1518} INFO - Exporting the following env vars:
AIRFLOW_CTX_DAG_OWNER=***
AIRFLOW_CTX_DAG_ID=greenery_addresses_data_pipeline
AIRFLOW_CTX_TASK_ID=load_data_to_gcs
AIRFLOW_CTX_EXECUTION_DATE=2023-05-14T06:02:05.035200+00:00
AIRFLOW_CTX_TRY_NUMBER=1
AIRFLOW_CTX_DAG_RUN_ID=manual__2023-05-14T06:02:05.035200+00:00
[2023-05-14T06:02:08.543+0000] {logging_mixin.py:137} INFO - ##### Start upload data: addresses , date: 2023-05-14 to GCS #####
[2023-05-14T06:02:09.128+0000] {logging_mixin.py:137} INFO - ##### END upload data: addresses , date: 2023-05-14 to GCS #####
[2023-05-14T06:02:09.130+0000] {python.py:177} INFO - Done. Returned value was: None
[2023-05-14T06:02:09.142+0000] {taskinstance.py:1332} INFO - Marking task as SUCCESS. dag_id=greenery_addresses_data_pipeline, task_id=load_data_to_gcs, execution_date=20230514T060205, start_date=20230514T060208, end_date=20230514T060209
[2023-05-14T06:02:09.176+0000] {local_task_job.py:212} INFO - Task exited with return code 0
[2023-05-14T06:02:09.195+0000] {taskinstance.py:2596} INFO - 1 downstream tasks scheduled from follow-on schedule check
