[2023-05-20T02:19:29.869+0000] {processor.py:153} INFO - Started process (PID=220) to work on /home/airflow/.local/lib/python3.7/site-packages/airflow/example_dags/example_task_group.py
[2023-05-20T02:19:29.871+0000] {processor.py:743} INFO - Processing file /home/airflow/.local/lib/python3.7/site-packages/airflow/example_dags/example_task_group.py for tasks to queue
[2023-05-20T02:19:29.874+0000] {logging_mixin.py:137} INFO - [2023-05-20T02:19:29.874+0000] {dagbag.py:532} INFO - Filling up the DagBag from /home/airflow/.local/lib/python3.7/site-packages/airflow/example_dags/example_task_group.py
[2023-05-20T02:19:29.886+0000] {processor.py:753} INFO - DAG(s) dict_keys(['example_task_group']) retrieved from /home/airflow/.local/lib/python3.7/site-packages/airflow/example_dags/example_task_group.py
[2023-05-20T02:19:29.907+0000] {logging_mixin.py:137} INFO - [2023-05-20T02:19:29.907+0000] {dag.py:2705} INFO - Sync 1 DAGs
[2023-05-20T02:19:29.924+0000] {logging_mixin.py:137} INFO - [2023-05-20T02:19:29.924+0000] {dag.py:3456} INFO - Setting next_dagrun for example_task_group to 2023-05-19T02:19:29.924510+00:00, run_after=2023-05-20T02:19:29.924510+00:00
[2023-05-20T02:19:29.941+0000] {processor.py:175} INFO - Processing /home/airflow/.local/lib/python3.7/site-packages/airflow/example_dags/example_task_group.py took 0.074 seconds
[2023-05-20T02:20:00.345+0000] {processor.py:153} INFO - Started process (PID=444) to work on /home/airflow/.local/lib/python3.7/site-packages/airflow/example_dags/example_task_group.py
[2023-05-20T02:20:00.348+0000] {processor.py:743} INFO - Processing file /home/airflow/.local/lib/python3.7/site-packages/airflow/example_dags/example_task_group.py for tasks to queue
[2023-05-20T02:20:00.350+0000] {logging_mixin.py:137} INFO - [2023-05-20T02:20:00.350+0000] {dagbag.py:532} INFO - Filling up the DagBag from /home/airflow/.local/lib/python3.7/site-packages/airflow/example_dags/example_task_group.py
[2023-05-20T02:20:00.364+0000] {processor.py:753} INFO - DAG(s) dict_keys(['example_task_group']) retrieved from /home/airflow/.local/lib/python3.7/site-packages/airflow/example_dags/example_task_group.py
[2023-05-20T02:20:00.388+0000] {logging_mixin.py:137} INFO - [2023-05-20T02:20:00.388+0000] {dag.py:2705} INFO - Sync 1 DAGs
[2023-05-20T02:20:00.407+0000] {logging_mixin.py:137} INFO - [2023-05-20T02:20:00.406+0000] {dag.py:3456} INFO - Setting next_dagrun for example_task_group to 2023-05-19T02:20:00.406757+00:00, run_after=2023-05-20T02:20:00.406757+00:00
[2023-05-20T02:20:00.419+0000] {processor.py:175} INFO - Processing /home/airflow/.local/lib/python3.7/site-packages/airflow/example_dags/example_task_group.py took 0.076 seconds
[2023-05-20T02:20:31.114+0000] {processor.py:153} INFO - Started process (PID=668) to work on /home/airflow/.local/lib/python3.7/site-packages/airflow/example_dags/example_task_group.py
[2023-05-20T02:20:31.115+0000] {processor.py:743} INFO - Processing file /home/airflow/.local/lib/python3.7/site-packages/airflow/example_dags/example_task_group.py for tasks to queue
[2023-05-20T02:20:31.117+0000] {logging_mixin.py:137} INFO - [2023-05-20T02:20:31.117+0000] {dagbag.py:532} INFO - Filling up the DagBag from /home/airflow/.local/lib/python3.7/site-packages/airflow/example_dags/example_task_group.py
[2023-05-20T02:20:31.129+0000] {processor.py:753} INFO - DAG(s) dict_keys(['example_task_group']) retrieved from /home/airflow/.local/lib/python3.7/site-packages/airflow/example_dags/example_task_group.py
[2023-05-20T02:20:31.152+0000] {logging_mixin.py:137} INFO - [2023-05-20T02:20:31.152+0000] {dag.py:2705} INFO - Sync 1 DAGs
[2023-05-20T02:20:31.171+0000] {logging_mixin.py:137} INFO - [2023-05-20T02:20:31.171+0000] {dag.py:3456} INFO - Setting next_dagrun for example_task_group to 2023-05-19T02:20:31.171271+00:00, run_after=2023-05-20T02:20:31.171271+00:00
[2023-05-20T02:20:31.188+0000] {processor.py:175} INFO - Processing /home/airflow/.local/lib/python3.7/site-packages/airflow/example_dags/example_task_group.py took 0.076 seconds
[2023-05-20T02:21:02.214+0000] {processor.py:153} INFO - Started process (PID=894) to work on /home/airflow/.local/lib/python3.7/site-packages/airflow/example_dags/example_task_group.py
[2023-05-20T02:21:02.217+0000] {processor.py:743} INFO - Processing file /home/airflow/.local/lib/python3.7/site-packages/airflow/example_dags/example_task_group.py for tasks to queue
[2023-05-20T02:21:02.219+0000] {logging_mixin.py:137} INFO - [2023-05-20T02:21:02.218+0000] {dagbag.py:532} INFO - Filling up the DagBag from /home/airflow/.local/lib/python3.7/site-packages/airflow/example_dags/example_task_group.py
[2023-05-20T02:21:02.233+0000] {processor.py:753} INFO - DAG(s) dict_keys(['example_task_group']) retrieved from /home/airflow/.local/lib/python3.7/site-packages/airflow/example_dags/example_task_group.py
[2023-05-20T02:21:02.257+0000] {logging_mixin.py:137} INFO - [2023-05-20T02:21:02.257+0000] {dag.py:2705} INFO - Sync 1 DAGs
[2023-05-20T02:21:02.276+0000] {logging_mixin.py:137} INFO - [2023-05-20T02:21:02.276+0000] {dag.py:3456} INFO - Setting next_dagrun for example_task_group to 2023-05-19T02:21:02.276307+00:00, run_after=2023-05-20T02:21:02.276307+00:00
[2023-05-20T02:21:02.323+0000] {processor.py:175} INFO - Processing /home/airflow/.local/lib/python3.7/site-packages/airflow/example_dags/example_task_group.py took 0.112 seconds
[2023-05-20T02:21:32.435+0000] {processor.py:153} INFO - Started process (PID=1118) to work on /home/airflow/.local/lib/python3.7/site-packages/airflow/example_dags/example_task_group.py
[2023-05-20T02:21:32.437+0000] {processor.py:743} INFO - Processing file /home/airflow/.local/lib/python3.7/site-packages/airflow/example_dags/example_task_group.py for tasks to queue
[2023-05-20T02:21:32.438+0000] {logging_mixin.py:137} INFO - [2023-05-20T02:21:32.438+0000] {dagbag.py:532} INFO - Filling up the DagBag from /home/airflow/.local/lib/python3.7/site-packages/airflow/example_dags/example_task_group.py
[2023-05-20T02:21:32.450+0000] {processor.py:753} INFO - DAG(s) dict_keys(['example_task_group']) retrieved from /home/airflow/.local/lib/python3.7/site-packages/airflow/example_dags/example_task_group.py
[2023-05-20T02:21:32.472+0000] {logging_mixin.py:137} INFO - [2023-05-20T02:21:32.472+0000] {dag.py:2705} INFO - Sync 1 DAGs
[2023-05-20T02:21:32.490+0000] {logging_mixin.py:137} INFO - [2023-05-20T02:21:32.490+0000] {dag.py:3456} INFO - Setting next_dagrun for example_task_group to 2023-05-19T02:21:32.489761+00:00, run_after=2023-05-20T02:21:32.489761+00:00
[2023-05-20T02:21:32.502+0000] {processor.py:175} INFO - Processing /home/airflow/.local/lib/python3.7/site-packages/airflow/example_dags/example_task_group.py took 0.071 seconds
[2023-05-20T02:22:03.564+0000] {processor.py:153} INFO - Started process (PID=1342) to work on /home/airflow/.local/lib/python3.7/site-packages/airflow/example_dags/example_task_group.py
[2023-05-20T02:22:03.566+0000] {processor.py:743} INFO - Processing file /home/airflow/.local/lib/python3.7/site-packages/airflow/example_dags/example_task_group.py for tasks to queue
[2023-05-20T02:22:03.567+0000] {logging_mixin.py:137} INFO - [2023-05-20T02:22:03.567+0000] {dagbag.py:532} INFO - Filling up the DagBag from /home/airflow/.local/lib/python3.7/site-packages/airflow/example_dags/example_task_group.py
[2023-05-20T02:22:03.577+0000] {processor.py:753} INFO - DAG(s) dict_keys(['example_task_group']) retrieved from /home/airflow/.local/lib/python3.7/site-packages/airflow/example_dags/example_task_group.py
[2023-05-20T02:22:03.599+0000] {logging_mixin.py:137} INFO - [2023-05-20T02:22:03.599+0000] {dag.py:2705} INFO - Sync 1 DAGs
[2023-05-20T02:22:03.615+0000] {logging_mixin.py:137} INFO - [2023-05-20T02:22:03.615+0000] {dag.py:3456} INFO - Setting next_dagrun for example_task_group to 2023-05-19T02:22:03.615197+00:00, run_after=2023-05-20T02:22:03.615197+00:00
[2023-05-20T02:22:03.626+0000] {processor.py:175} INFO - Processing /home/airflow/.local/lib/python3.7/site-packages/airflow/example_dags/example_task_group.py took 0.065 seconds
[2023-05-20T02:22:34.497+0000] {processor.py:153} INFO - Started process (PID=1565) to work on /home/airflow/.local/lib/python3.7/site-packages/airflow/example_dags/example_task_group.py
[2023-05-20T02:22:34.500+0000] {processor.py:743} INFO - Processing file /home/airflow/.local/lib/python3.7/site-packages/airflow/example_dags/example_task_group.py for tasks to queue
[2023-05-20T02:22:34.501+0000] {logging_mixin.py:137} INFO - [2023-05-20T02:22:34.501+0000] {dagbag.py:532} INFO - Filling up the DagBag from /home/airflow/.local/lib/python3.7/site-packages/airflow/example_dags/example_task_group.py
[2023-05-20T02:22:34.514+0000] {processor.py:753} INFO - DAG(s) dict_keys(['example_task_group']) retrieved from /home/airflow/.local/lib/python3.7/site-packages/airflow/example_dags/example_task_group.py
[2023-05-20T02:22:34.535+0000] {logging_mixin.py:137} INFO - [2023-05-20T02:22:34.534+0000] {dag.py:2705} INFO - Sync 1 DAGs
[2023-05-20T02:22:34.551+0000] {logging_mixin.py:137} INFO - [2023-05-20T02:22:34.551+0000] {dag.py:3456} INFO - Setting next_dagrun for example_task_group to 2023-05-19T02:22:34.551460+00:00, run_after=2023-05-20T02:22:34.551460+00:00
[2023-05-20T02:22:34.564+0000] {processor.py:175} INFO - Processing /home/airflow/.local/lib/python3.7/site-packages/airflow/example_dags/example_task_group.py took 0.069 seconds
