[2023-05-20T02:19:31.651+0000] {processor.py:153} INFO - Started process (PID=355) to work on /home/airflow/.local/lib/python3.7/site-packages/airflow/example_dags/example_branch_labels.py
[2023-05-20T02:19:31.653+0000] {processor.py:743} INFO - Processing file /home/airflow/.local/lib/python3.7/site-packages/airflow/example_dags/example_branch_labels.py for tasks to queue
[2023-05-20T02:19:31.654+0000] {logging_mixin.py:137} INFO - [2023-05-20T02:19:31.654+0000] {dagbag.py:532} INFO - Filling up the DagBag from /home/airflow/.local/lib/python3.7/site-packages/airflow/example_dags/example_branch_labels.py
[2023-05-20T02:19:31.666+0000] {processor.py:753} INFO - DAG(s) dict_keys(['example_branch_labels']) retrieved from /home/airflow/.local/lib/python3.7/site-packages/airflow/example_dags/example_branch_labels.py
[2023-05-20T02:19:31.690+0000] {logging_mixin.py:137} INFO - [2023-05-20T02:19:31.690+0000] {dag.py:2705} INFO - Sync 1 DAGs
[2023-05-20T02:19:31.713+0000] {logging_mixin.py:137} INFO - [2023-05-20T02:19:31.713+0000] {dag.py:3456} INFO - Setting next_dagrun for example_branch_labels to 2023-05-19T00:00:00+00:00, run_after=2023-05-20T00:00:00+00:00
[2023-05-20T02:19:31.727+0000] {processor.py:175} INFO - Processing /home/airflow/.local/lib/python3.7/site-packages/airflow/example_dags/example_branch_labels.py took 0.079 seconds
[2023-05-20T02:20:01.811+0000] {processor.py:153} INFO - Started process (PID=579) to work on /home/airflow/.local/lib/python3.7/site-packages/airflow/example_dags/example_branch_labels.py
[2023-05-20T02:20:01.813+0000] {processor.py:743} INFO - Processing file /home/airflow/.local/lib/python3.7/site-packages/airflow/example_dags/example_branch_labels.py for tasks to queue
[2023-05-20T02:20:01.815+0000] {logging_mixin.py:137} INFO - [2023-05-20T02:20:01.815+0000] {dagbag.py:532} INFO - Filling up the DagBag from /home/airflow/.local/lib/python3.7/site-packages/airflow/example_dags/example_branch_labels.py
[2023-05-20T02:20:01.828+0000] {processor.py:753} INFO - DAG(s) dict_keys(['example_branch_labels']) retrieved from /home/airflow/.local/lib/python3.7/site-packages/airflow/example_dags/example_branch_labels.py
[2023-05-20T02:20:01.854+0000] {logging_mixin.py:137} INFO - [2023-05-20T02:20:01.854+0000] {dag.py:2705} INFO - Sync 1 DAGs
[2023-05-20T02:20:01.876+0000] {logging_mixin.py:137} INFO - [2023-05-20T02:20:01.875+0000] {dag.py:3456} INFO - Setting next_dagrun for example_branch_labels to 2023-05-19T00:00:00+00:00, run_after=2023-05-20T00:00:00+00:00
[2023-05-20T02:20:01.888+0000] {processor.py:175} INFO - Processing /home/airflow/.local/lib/python3.7/site-packages/airflow/example_dags/example_branch_labels.py took 0.079 seconds
[2023-05-20T02:20:32.609+0000] {processor.py:153} INFO - Started process (PID=803) to work on /home/airflow/.local/lib/python3.7/site-packages/airflow/example_dags/example_branch_labels.py
[2023-05-20T02:20:32.611+0000] {processor.py:743} INFO - Processing file /home/airflow/.local/lib/python3.7/site-packages/airflow/example_dags/example_branch_labels.py for tasks to queue
[2023-05-20T02:20:32.613+0000] {logging_mixin.py:137} INFO - [2023-05-20T02:20:32.612+0000] {dagbag.py:532} INFO - Filling up the DagBag from /home/airflow/.local/lib/python3.7/site-packages/airflow/example_dags/example_branch_labels.py
[2023-05-20T02:20:32.623+0000] {processor.py:753} INFO - DAG(s) dict_keys(['example_branch_labels']) retrieved from /home/airflow/.local/lib/python3.7/site-packages/airflow/example_dags/example_branch_labels.py
[2023-05-20T02:20:32.645+0000] {logging_mixin.py:137} INFO - [2023-05-20T02:20:32.645+0000] {dag.py:2705} INFO - Sync 1 DAGs
[2023-05-20T02:20:32.663+0000] {logging_mixin.py:137} INFO - [2023-05-20T02:20:32.662+0000] {dag.py:3456} INFO - Setting next_dagrun for example_branch_labels to 2023-05-19T00:00:00+00:00, run_after=2023-05-20T00:00:00+00:00
[2023-05-20T02:20:32.676+0000] {processor.py:175} INFO - Processing /home/airflow/.local/lib/python3.7/site-packages/airflow/example_dags/example_branch_labels.py took 0.070 seconds
[2023-05-20T02:21:03.785+0000] {processor.py:153} INFO - Started process (PID=1027) to work on /home/airflow/.local/lib/python3.7/site-packages/airflow/example_dags/example_branch_labels.py
[2023-05-20T02:21:03.787+0000] {processor.py:743} INFO - Processing file /home/airflow/.local/lib/python3.7/site-packages/airflow/example_dags/example_branch_labels.py for tasks to queue
[2023-05-20T02:21:03.790+0000] {logging_mixin.py:137} INFO - [2023-05-20T02:21:03.790+0000] {dagbag.py:532} INFO - Filling up the DagBag from /home/airflow/.local/lib/python3.7/site-packages/airflow/example_dags/example_branch_labels.py
[2023-05-20T02:21:03.801+0000] {processor.py:753} INFO - DAG(s) dict_keys(['example_branch_labels']) retrieved from /home/airflow/.local/lib/python3.7/site-packages/airflow/example_dags/example_branch_labels.py
[2023-05-20T02:21:03.825+0000] {logging_mixin.py:137} INFO - [2023-05-20T02:21:03.825+0000] {dag.py:2705} INFO - Sync 1 DAGs
[2023-05-20T02:21:03.843+0000] {logging_mixin.py:137} INFO - [2023-05-20T02:21:03.843+0000] {dag.py:3456} INFO - Setting next_dagrun for example_branch_labels to 2023-05-19T00:00:00+00:00, run_after=2023-05-20T00:00:00+00:00
[2023-05-20T02:21:03.856+0000] {processor.py:175} INFO - Processing /home/airflow/.local/lib/python3.7/site-packages/airflow/example_dags/example_branch_labels.py took 0.074 seconds
[2023-05-20T02:21:33.976+0000] {processor.py:153} INFO - Started process (PID=1251) to work on /home/airflow/.local/lib/python3.7/site-packages/airflow/example_dags/example_branch_labels.py
[2023-05-20T02:21:33.978+0000] {processor.py:743} INFO - Processing file /home/airflow/.local/lib/python3.7/site-packages/airflow/example_dags/example_branch_labels.py for tasks to queue
[2023-05-20T02:21:33.979+0000] {logging_mixin.py:137} INFO - [2023-05-20T02:21:33.979+0000] {dagbag.py:532} INFO - Filling up the DagBag from /home/airflow/.local/lib/python3.7/site-packages/airflow/example_dags/example_branch_labels.py
[2023-05-20T02:21:33.991+0000] {processor.py:753} INFO - DAG(s) dict_keys(['example_branch_labels']) retrieved from /home/airflow/.local/lib/python3.7/site-packages/airflow/example_dags/example_branch_labels.py
[2023-05-20T02:21:34.018+0000] {logging_mixin.py:137} INFO - [2023-05-20T02:21:34.018+0000] {dag.py:2705} INFO - Sync 1 DAGs
[2023-05-20T02:21:34.038+0000] {logging_mixin.py:137} INFO - [2023-05-20T02:21:34.037+0000] {dag.py:3456} INFO - Setting next_dagrun for example_branch_labels to 2023-05-19T00:00:00+00:00, run_after=2023-05-20T00:00:00+00:00
[2023-05-20T02:21:34.050+0000] {processor.py:175} INFO - Processing /home/airflow/.local/lib/python3.7/site-packages/airflow/example_dags/example_branch_labels.py took 0.077 seconds
[2023-05-20T02:22:05.084+0000] {processor.py:153} INFO - Started process (PID=1475) to work on /home/airflow/.local/lib/python3.7/site-packages/airflow/example_dags/example_branch_labels.py
[2023-05-20T02:22:05.086+0000] {processor.py:743} INFO - Processing file /home/airflow/.local/lib/python3.7/site-packages/airflow/example_dags/example_branch_labels.py for tasks to queue
[2023-05-20T02:22:05.087+0000] {logging_mixin.py:137} INFO - [2023-05-20T02:22:05.087+0000] {dagbag.py:532} INFO - Filling up the DagBag from /home/airflow/.local/lib/python3.7/site-packages/airflow/example_dags/example_branch_labels.py
[2023-05-20T02:22:05.097+0000] {processor.py:753} INFO - DAG(s) dict_keys(['example_branch_labels']) retrieved from /home/airflow/.local/lib/python3.7/site-packages/airflow/example_dags/example_branch_labels.py
[2023-05-20T02:22:05.120+0000] {logging_mixin.py:137} INFO - [2023-05-20T02:22:05.120+0000] {dag.py:2705} INFO - Sync 1 DAGs
[2023-05-20T02:22:05.138+0000] {logging_mixin.py:137} INFO - [2023-05-20T02:22:05.138+0000] {dag.py:3456} INFO - Setting next_dagrun for example_branch_labels to 2023-05-19T00:00:00+00:00, run_after=2023-05-20T00:00:00+00:00
[2023-05-20T02:22:05.152+0000] {processor.py:175} INFO - Processing /home/airflow/.local/lib/python3.7/site-packages/airflow/example_dags/example_branch_labels.py took 0.071 seconds
[2023-05-20T02:22:35.932+0000] {processor.py:153} INFO - Started process (PID=1698) to work on /home/airflow/.local/lib/python3.7/site-packages/airflow/example_dags/example_branch_labels.py
[2023-05-20T02:22:35.934+0000] {processor.py:743} INFO - Processing file /home/airflow/.local/lib/python3.7/site-packages/airflow/example_dags/example_branch_labels.py for tasks to queue
[2023-05-20T02:22:35.935+0000] {logging_mixin.py:137} INFO - [2023-05-20T02:22:35.935+0000] {dagbag.py:532} INFO - Filling up the DagBag from /home/airflow/.local/lib/python3.7/site-packages/airflow/example_dags/example_branch_labels.py
[2023-05-20T02:22:35.946+0000] {processor.py:753} INFO - DAG(s) dict_keys(['example_branch_labels']) retrieved from /home/airflow/.local/lib/python3.7/site-packages/airflow/example_dags/example_branch_labels.py
[2023-05-20T02:22:35.971+0000] {logging_mixin.py:137} INFO - [2023-05-20T02:22:35.971+0000] {dag.py:2705} INFO - Sync 1 DAGs
[2023-05-20T02:22:35.991+0000] {logging_mixin.py:137} INFO - [2023-05-20T02:22:35.991+0000] {dag.py:3456} INFO - Setting next_dagrun for example_branch_labels to 2023-05-19T00:00:00+00:00, run_after=2023-05-20T00:00:00+00:00
[2023-05-20T02:22:36.003+0000] {processor.py:175} INFO - Processing /home/airflow/.local/lib/python3.7/site-packages/airflow/example_dags/example_branch_labels.py took 0.075 seconds
