[2023-05-20T02:19:29.860+0000] {processor.py:153} INFO - Started process (PID=217) to work on /home/airflow/.local/lib/python3.7/site-packages/airflow/example_dags/example_skip_dag.py
[2023-05-20T02:19:29.863+0000] {processor.py:743} INFO - Processing file /home/airflow/.local/lib/python3.7/site-packages/airflow/example_dags/example_skip_dag.py for tasks to queue
[2023-05-20T02:19:29.864+0000] {logging_mixin.py:137} INFO - [2023-05-20T02:19:29.864+0000] {dagbag.py:532} INFO - Filling up the DagBag from /home/airflow/.local/lib/python3.7/site-packages/airflow/example_dags/example_skip_dag.py
[2023-05-20T02:19:29.876+0000] {processor.py:753} INFO - DAG(s) dict_keys(['example_skip_dag']) retrieved from /home/airflow/.local/lib/python3.7/site-packages/airflow/example_dags/example_skip_dag.py
[2023-05-20T02:19:29.898+0000] {logging_mixin.py:137} INFO - [2023-05-20T02:19:29.898+0000] {dag.py:2705} INFO - Sync 1 DAGs
[2023-05-20T02:19:29.917+0000] {logging_mixin.py:137} INFO - [2023-05-20T02:19:29.917+0000] {dag.py:3456} INFO - Setting next_dagrun for example_skip_dag to 2023-05-19T02:19:29.917294+00:00, run_after=2023-05-20T02:19:29.917294+00:00
[2023-05-20T02:19:29.932+0000] {processor.py:175} INFO - Processing /home/airflow/.local/lib/python3.7/site-packages/airflow/example_dags/example_skip_dag.py took 0.076 seconds
[2023-05-20T02:20:00.278+0000] {processor.py:153} INFO - Started process (PID=439) to work on /home/airflow/.local/lib/python3.7/site-packages/airflow/example_dags/example_skip_dag.py
[2023-05-20T02:20:00.280+0000] {processor.py:743} INFO - Processing file /home/airflow/.local/lib/python3.7/site-packages/airflow/example_dags/example_skip_dag.py for tasks to queue
[2023-05-20T02:20:00.281+0000] {logging_mixin.py:137} INFO - [2023-05-20T02:20:00.281+0000] {dagbag.py:532} INFO - Filling up the DagBag from /home/airflow/.local/lib/python3.7/site-packages/airflow/example_dags/example_skip_dag.py
[2023-05-20T02:20:00.293+0000] {processor.py:753} INFO - DAG(s) dict_keys(['example_skip_dag']) retrieved from /home/airflow/.local/lib/python3.7/site-packages/airflow/example_dags/example_skip_dag.py
[2023-05-20T02:20:00.315+0000] {logging_mixin.py:137} INFO - [2023-05-20T02:20:00.315+0000] {dag.py:2705} INFO - Sync 1 DAGs
[2023-05-20T02:20:00.337+0000] {logging_mixin.py:137} INFO - [2023-05-20T02:20:00.336+0000] {dag.py:3456} INFO - Setting next_dagrun for example_skip_dag to 2023-05-19T02:20:00.336680+00:00, run_after=2023-05-20T02:20:00.336680+00:00
[2023-05-20T02:20:00.353+0000] {processor.py:175} INFO - Processing /home/airflow/.local/lib/python3.7/site-packages/airflow/example_dags/example_skip_dag.py took 0.078 seconds
[2023-05-20T02:20:31.081+0000] {processor.py:153} INFO - Started process (PID=663) to work on /home/airflow/.local/lib/python3.7/site-packages/airflow/example_dags/example_skip_dag.py
[2023-05-20T02:20:31.083+0000] {processor.py:743} INFO - Processing file /home/airflow/.local/lib/python3.7/site-packages/airflow/example_dags/example_skip_dag.py for tasks to queue
[2023-05-20T02:20:31.084+0000] {logging_mixin.py:137} INFO - [2023-05-20T02:20:31.084+0000] {dagbag.py:532} INFO - Filling up the DagBag from /home/airflow/.local/lib/python3.7/site-packages/airflow/example_dags/example_skip_dag.py
[2023-05-20T02:20:31.097+0000] {processor.py:753} INFO - DAG(s) dict_keys(['example_skip_dag']) retrieved from /home/airflow/.local/lib/python3.7/site-packages/airflow/example_dags/example_skip_dag.py
[2023-05-20T02:20:31.121+0000] {logging_mixin.py:137} INFO - [2023-05-20T02:20:31.121+0000] {dag.py:2705} INFO - Sync 1 DAGs
[2023-05-20T02:20:31.138+0000] {logging_mixin.py:137} INFO - [2023-05-20T02:20:31.138+0000] {dag.py:3456} INFO - Setting next_dagrun for example_skip_dag to 2023-05-19T02:20:31.137903+00:00, run_after=2023-05-20T02:20:31.137903+00:00
[2023-05-20T02:20:31.150+0000] {processor.py:175} INFO - Processing /home/airflow/.local/lib/python3.7/site-packages/airflow/example_dags/example_skip_dag.py took 0.072 seconds
[2023-05-20T02:21:02.119+0000] {processor.py:153} INFO - Started process (PID=887) to work on /home/airflow/.local/lib/python3.7/site-packages/airflow/example_dags/example_skip_dag.py
[2023-05-20T02:21:02.122+0000] {processor.py:743} INFO - Processing file /home/airflow/.local/lib/python3.7/site-packages/airflow/example_dags/example_skip_dag.py for tasks to queue
[2023-05-20T02:21:02.124+0000] {logging_mixin.py:137} INFO - [2023-05-20T02:21:02.124+0000] {dagbag.py:532} INFO - Filling up the DagBag from /home/airflow/.local/lib/python3.7/site-packages/airflow/example_dags/example_skip_dag.py
[2023-05-20T02:21:02.135+0000] {processor.py:753} INFO - DAG(s) dict_keys(['example_skip_dag']) retrieved from /home/airflow/.local/lib/python3.7/site-packages/airflow/example_dags/example_skip_dag.py
[2023-05-20T02:21:02.157+0000] {logging_mixin.py:137} INFO - [2023-05-20T02:21:02.157+0000] {dag.py:2705} INFO - Sync 1 DAGs
[2023-05-20T02:21:02.174+0000] {logging_mixin.py:137} INFO - [2023-05-20T02:21:02.174+0000] {dag.py:3456} INFO - Setting next_dagrun for example_skip_dag to 2023-05-19T02:21:02.174404+00:00, run_after=2023-05-20T02:21:02.174404+00:00
[2023-05-20T02:21:02.188+0000] {processor.py:175} INFO - Processing /home/airflow/.local/lib/python3.7/site-packages/airflow/example_dags/example_skip_dag.py took 0.072 seconds
[2023-05-20T02:21:32.344+0000] {processor.py:153} INFO - Started process (PID=1111) to work on /home/airflow/.local/lib/python3.7/site-packages/airflow/example_dags/example_skip_dag.py
[2023-05-20T02:21:32.346+0000] {processor.py:743} INFO - Processing file /home/airflow/.local/lib/python3.7/site-packages/airflow/example_dags/example_skip_dag.py for tasks to queue
[2023-05-20T02:21:32.347+0000] {logging_mixin.py:137} INFO - [2023-05-20T02:21:32.346+0000] {dagbag.py:532} INFO - Filling up the DagBag from /home/airflow/.local/lib/python3.7/site-packages/airflow/example_dags/example_skip_dag.py
[2023-05-20T02:21:32.357+0000] {processor.py:753} INFO - DAG(s) dict_keys(['example_skip_dag']) retrieved from /home/airflow/.local/lib/python3.7/site-packages/airflow/example_dags/example_skip_dag.py
[2023-05-20T02:21:32.377+0000] {logging_mixin.py:137} INFO - [2023-05-20T02:21:32.377+0000] {dag.py:2705} INFO - Sync 1 DAGs
[2023-05-20T02:21:32.393+0000] {logging_mixin.py:137} INFO - [2023-05-20T02:21:32.393+0000] {dag.py:3456} INFO - Setting next_dagrun for example_skip_dag to 2023-05-19T02:21:32.393684+00:00, run_after=2023-05-20T02:21:32.393684+00:00
[2023-05-20T02:21:32.405+0000] {processor.py:175} INFO - Processing /home/airflow/.local/lib/python3.7/site-packages/airflow/example_dags/example_skip_dag.py took 0.064 seconds
[2023-05-20T02:22:03.473+0000] {processor.py:153} INFO - Started process (PID=1335) to work on /home/airflow/.local/lib/python3.7/site-packages/airflow/example_dags/example_skip_dag.py
[2023-05-20T02:22:03.474+0000] {processor.py:743} INFO - Processing file /home/airflow/.local/lib/python3.7/site-packages/airflow/example_dags/example_skip_dag.py for tasks to queue
[2023-05-20T02:22:03.476+0000] {logging_mixin.py:137} INFO - [2023-05-20T02:22:03.475+0000] {dagbag.py:532} INFO - Filling up the DagBag from /home/airflow/.local/lib/python3.7/site-packages/airflow/example_dags/example_skip_dag.py
[2023-05-20T02:22:03.485+0000] {processor.py:753} INFO - DAG(s) dict_keys(['example_skip_dag']) retrieved from /home/airflow/.local/lib/python3.7/site-packages/airflow/example_dags/example_skip_dag.py
[2023-05-20T02:22:03.507+0000] {logging_mixin.py:137} INFO - [2023-05-20T02:22:03.507+0000] {dag.py:2705} INFO - Sync 1 DAGs
[2023-05-20T02:22:03.527+0000] {logging_mixin.py:137} INFO - [2023-05-20T02:22:03.527+0000] {dag.py:3456} INFO - Setting next_dagrun for example_skip_dag to 2023-05-19T02:22:03.527237+00:00, run_after=2023-05-20T02:22:03.527237+00:00
[2023-05-20T02:22:03.541+0000] {processor.py:175} INFO - Processing /home/airflow/.local/lib/python3.7/site-packages/airflow/example_dags/example_skip_dag.py took 0.071 seconds
[2023-05-20T02:22:34.406+0000] {processor.py:153} INFO - Started process (PID=1558) to work on /home/airflow/.local/lib/python3.7/site-packages/airflow/example_dags/example_skip_dag.py
[2023-05-20T02:22:34.408+0000] {processor.py:743} INFO - Processing file /home/airflow/.local/lib/python3.7/site-packages/airflow/example_dags/example_skip_dag.py for tasks to queue
[2023-05-20T02:22:34.409+0000] {logging_mixin.py:137} INFO - [2023-05-20T02:22:34.409+0000] {dagbag.py:532} INFO - Filling up the DagBag from /home/airflow/.local/lib/python3.7/site-packages/airflow/example_dags/example_skip_dag.py
[2023-05-20T02:22:34.420+0000] {processor.py:753} INFO - DAG(s) dict_keys(['example_skip_dag']) retrieved from /home/airflow/.local/lib/python3.7/site-packages/airflow/example_dags/example_skip_dag.py
[2023-05-20T02:22:34.442+0000] {logging_mixin.py:137} INFO - [2023-05-20T02:22:34.442+0000] {dag.py:2705} INFO - Sync 1 DAGs
[2023-05-20T02:22:34.462+0000] {logging_mixin.py:137} INFO - [2023-05-20T02:22:34.462+0000] {dag.py:3456} INFO - Setting next_dagrun for example_skip_dag to 2023-05-19T02:22:34.461958+00:00, run_after=2023-05-20T02:22:34.461958+00:00
[2023-05-20T02:22:34.476+0000] {processor.py:175} INFO - Processing /home/airflow/.local/lib/python3.7/site-packages/airflow/example_dags/example_skip_dag.py took 0.073 seconds
