[2023-05-20T02:19:30.554+0000] {processor.py:153} INFO - Started process (PID=275) to work on /home/airflow/.local/lib/python3.7/site-packages/airflow/example_dags/example_complex.py
[2023-05-20T02:19:30.556+0000] {processor.py:743} INFO - Processing file /home/airflow/.local/lib/python3.7/site-packages/airflow/example_dags/example_complex.py for tasks to queue
[2023-05-20T02:19:30.557+0000] {logging_mixin.py:137} INFO - [2023-05-20T02:19:30.557+0000] {dagbag.py:532} INFO - Filling up the DagBag from /home/airflow/.local/lib/python3.7/site-packages/airflow/example_dags/example_complex.py
[2023-05-20T02:19:30.567+0000] {logging_mixin.py:137} INFO - [2023-05-20T02:19:30.567+0000] {taskmixin.py:211} WARNING - Dependency <Task(BashOperator): create_entry_group>, delete_entry_group already registered for DAG: example_complex
[2023-05-20T02:19:30.568+0000] {logging_mixin.py:137} INFO - [2023-05-20T02:19:30.568+0000] {taskmixin.py:211} WARNING - Dependency <Task(BashOperator): delete_entry_group>, create_entry_group already registered for DAG: example_complex
[2023-05-20T02:19:30.570+0000] {logging_mixin.py:137} INFO - [2023-05-20T02:19:30.570+0000] {taskmixin.py:211} WARNING - Dependency <Task(BashOperator): create_entry_gcs>, delete_entry already registered for DAG: example_complex
[2023-05-20T02:19:30.571+0000] {logging_mixin.py:137} INFO - [2023-05-20T02:19:30.571+0000] {taskmixin.py:211} WARNING - Dependency <Task(BashOperator): delete_entry>, create_entry_gcs already registered for DAG: example_complex
[2023-05-20T02:19:30.573+0000] {logging_mixin.py:137} INFO - [2023-05-20T02:19:30.572+0000] {taskmixin.py:211} WARNING - Dependency <Task(BashOperator): create_tag>, delete_tag already registered for DAG: example_complex
[2023-05-20T02:19:30.574+0000] {logging_mixin.py:137} INFO - [2023-05-20T02:19:30.574+0000] {taskmixin.py:211} WARNING - Dependency <Task(BashOperator): delete_tag>, create_tag already registered for DAG: example_complex
[2023-05-20T02:19:30.580+0000] {processor.py:753} INFO - DAG(s) dict_keys(['example_complex']) retrieved from /home/airflow/.local/lib/python3.7/site-packages/airflow/example_dags/example_complex.py
[2023-05-20T02:19:30.608+0000] {logging_mixin.py:137} INFO - [2023-05-20T02:19:30.608+0000] {dag.py:2705} INFO - Sync 1 DAGs
[2023-05-20T02:19:30.629+0000] {logging_mixin.py:137} INFO - [2023-05-20T02:19:30.628+0000] {dag.py:3456} INFO - Setting next_dagrun for example_complex to None, run_after=None
[2023-05-20T02:19:30.648+0000] {processor.py:175} INFO - Processing /home/airflow/.local/lib/python3.7/site-packages/airflow/example_dags/example_complex.py took 0.098 seconds
[2023-05-20T02:20:00.925+0000] {processor.py:153} INFO - Started process (PID=499) to work on /home/airflow/.local/lib/python3.7/site-packages/airflow/example_dags/example_complex.py
[2023-05-20T02:20:00.927+0000] {processor.py:743} INFO - Processing file /home/airflow/.local/lib/python3.7/site-packages/airflow/example_dags/example_complex.py for tasks to queue
[2023-05-20T02:20:00.928+0000] {logging_mixin.py:137} INFO - [2023-05-20T02:20:00.928+0000] {dagbag.py:532} INFO - Filling up the DagBag from /home/airflow/.local/lib/python3.7/site-packages/airflow/example_dags/example_complex.py
[2023-05-20T02:20:00.936+0000] {logging_mixin.py:137} INFO - [2023-05-20T02:20:00.936+0000] {taskmixin.py:211} WARNING - Dependency <Task(BashOperator): create_entry_group>, delete_entry_group already registered for DAG: example_complex
[2023-05-20T02:20:00.937+0000] {logging_mixin.py:137} INFO - [2023-05-20T02:20:00.937+0000] {taskmixin.py:211} WARNING - Dependency <Task(BashOperator): delete_entry_group>, create_entry_group already registered for DAG: example_complex
[2023-05-20T02:20:00.939+0000] {logging_mixin.py:137} INFO - [2023-05-20T02:20:00.939+0000] {taskmixin.py:211} WARNING - Dependency <Task(BashOperator): create_entry_gcs>, delete_entry already registered for DAG: example_complex
[2023-05-20T02:20:00.940+0000] {logging_mixin.py:137} INFO - [2023-05-20T02:20:00.940+0000] {taskmixin.py:211} WARNING - Dependency <Task(BashOperator): delete_entry>, create_entry_gcs already registered for DAG: example_complex
[2023-05-20T02:20:00.942+0000] {logging_mixin.py:137} INFO - [2023-05-20T02:20:00.942+0000] {taskmixin.py:211} WARNING - Dependency <Task(BashOperator): create_tag>, delete_tag already registered for DAG: example_complex
[2023-05-20T02:20:00.943+0000] {logging_mixin.py:137} INFO - [2023-05-20T02:20:00.943+0000] {taskmixin.py:211} WARNING - Dependency <Task(BashOperator): delete_tag>, create_tag already registered for DAG: example_complex
[2023-05-20T02:20:00.948+0000] {processor.py:753} INFO - DAG(s) dict_keys(['example_complex']) retrieved from /home/airflow/.local/lib/python3.7/site-packages/airflow/example_dags/example_complex.py
[2023-05-20T02:20:00.979+0000] {logging_mixin.py:137} INFO - [2023-05-20T02:20:00.979+0000] {dag.py:2705} INFO - Sync 1 DAGs
[2023-05-20T02:20:00.995+0000] {logging_mixin.py:137} INFO - [2023-05-20T02:20:00.995+0000] {dag.py:3456} INFO - Setting next_dagrun for example_complex to None, run_after=None
[2023-05-20T02:20:01.008+0000] {processor.py:175} INFO - Processing /home/airflow/.local/lib/python3.7/site-packages/airflow/example_dags/example_complex.py took 0.086 seconds
[2023-05-20T02:20:31.703+0000] {processor.py:153} INFO - Started process (PID=723) to work on /home/airflow/.local/lib/python3.7/site-packages/airflow/example_dags/example_complex.py
[2023-05-20T02:20:31.704+0000] {processor.py:743} INFO - Processing file /home/airflow/.local/lib/python3.7/site-packages/airflow/example_dags/example_complex.py for tasks to queue
[2023-05-20T02:20:31.706+0000] {logging_mixin.py:137} INFO - [2023-05-20T02:20:31.706+0000] {dagbag.py:532} INFO - Filling up the DagBag from /home/airflow/.local/lib/python3.7/site-packages/airflow/example_dags/example_complex.py
[2023-05-20T02:20:31.715+0000] {logging_mixin.py:137} INFO - [2023-05-20T02:20:31.715+0000] {taskmixin.py:211} WARNING - Dependency <Task(BashOperator): create_entry_group>, delete_entry_group already registered for DAG: example_complex
[2023-05-20T02:20:31.716+0000] {logging_mixin.py:137} INFO - [2023-05-20T02:20:31.716+0000] {taskmixin.py:211} WARNING - Dependency <Task(BashOperator): delete_entry_group>, create_entry_group already registered for DAG: example_complex
[2023-05-20T02:20:31.717+0000] {logging_mixin.py:137} INFO - [2023-05-20T02:20:31.717+0000] {taskmixin.py:211} WARNING - Dependency <Task(BashOperator): create_entry_gcs>, delete_entry already registered for DAG: example_complex
[2023-05-20T02:20:31.718+0000] {logging_mixin.py:137} INFO - [2023-05-20T02:20:31.717+0000] {taskmixin.py:211} WARNING - Dependency <Task(BashOperator): delete_entry>, create_entry_gcs already registered for DAG: example_complex
[2023-05-20T02:20:31.718+0000] {logging_mixin.py:137} INFO - [2023-05-20T02:20:31.718+0000] {taskmixin.py:211} WARNING - Dependency <Task(BashOperator): create_tag>, delete_tag already registered for DAG: example_complex
[2023-05-20T02:20:31.719+0000] {logging_mixin.py:137} INFO - [2023-05-20T02:20:31.719+0000] {taskmixin.py:211} WARNING - Dependency <Task(BashOperator): delete_tag>, create_tag already registered for DAG: example_complex
[2023-05-20T02:20:31.726+0000] {processor.py:753} INFO - DAG(s) dict_keys(['example_complex']) retrieved from /home/airflow/.local/lib/python3.7/site-packages/airflow/example_dags/example_complex.py
[2023-05-20T02:20:31.752+0000] {logging_mixin.py:137} INFO - [2023-05-20T02:20:31.752+0000] {dag.py:2705} INFO - Sync 1 DAGs
[2023-05-20T02:20:31.769+0000] {logging_mixin.py:137} INFO - [2023-05-20T02:20:31.769+0000] {dag.py:3456} INFO - Setting next_dagrun for example_complex to None, run_after=None
[2023-05-20T02:20:31.782+0000] {processor.py:175} INFO - Processing /home/airflow/.local/lib/python3.7/site-packages/airflow/example_dags/example_complex.py took 0.083 seconds
[2023-05-20T02:21:02.871+0000] {processor.py:153} INFO - Started process (PID=947) to work on /home/airflow/.local/lib/python3.7/site-packages/airflow/example_dags/example_complex.py
[2023-05-20T02:21:02.872+0000] {processor.py:743} INFO - Processing file /home/airflow/.local/lib/python3.7/site-packages/airflow/example_dags/example_complex.py for tasks to queue
[2023-05-20T02:21:02.874+0000] {logging_mixin.py:137} INFO - [2023-05-20T02:21:02.874+0000] {dagbag.py:532} INFO - Filling up the DagBag from /home/airflow/.local/lib/python3.7/site-packages/airflow/example_dags/example_complex.py
[2023-05-20T02:21:02.883+0000] {logging_mixin.py:137} INFO - [2023-05-20T02:21:02.883+0000] {taskmixin.py:211} WARNING - Dependency <Task(BashOperator): create_entry_group>, delete_entry_group already registered for DAG: example_complex
[2023-05-20T02:21:02.885+0000] {logging_mixin.py:137} INFO - [2023-05-20T02:21:02.885+0000] {taskmixin.py:211} WARNING - Dependency <Task(BashOperator): delete_entry_group>, create_entry_group already registered for DAG: example_complex
[2023-05-20T02:21:02.886+0000] {logging_mixin.py:137} INFO - [2023-05-20T02:21:02.886+0000] {taskmixin.py:211} WARNING - Dependency <Task(BashOperator): create_entry_gcs>, delete_entry already registered for DAG: example_complex
[2023-05-20T02:21:02.887+0000] {logging_mixin.py:137} INFO - [2023-05-20T02:21:02.887+0000] {taskmixin.py:211} WARNING - Dependency <Task(BashOperator): delete_entry>, create_entry_gcs already registered for DAG: example_complex
[2023-05-20T02:21:02.889+0000] {logging_mixin.py:137} INFO - [2023-05-20T02:21:02.889+0000] {taskmixin.py:211} WARNING - Dependency <Task(BashOperator): create_tag>, delete_tag already registered for DAG: example_complex
[2023-05-20T02:21:02.890+0000] {logging_mixin.py:137} INFO - [2023-05-20T02:21:02.890+0000] {taskmixin.py:211} WARNING - Dependency <Task(BashOperator): delete_tag>, create_tag already registered for DAG: example_complex
[2023-05-20T02:21:02.896+0000] {processor.py:753} INFO - DAG(s) dict_keys(['example_complex']) retrieved from /home/airflow/.local/lib/python3.7/site-packages/airflow/example_dags/example_complex.py
[2023-05-20T02:21:02.925+0000] {logging_mixin.py:137} INFO - [2023-05-20T02:21:02.924+0000] {dag.py:2705} INFO - Sync 1 DAGs
[2023-05-20T02:21:02.943+0000] {logging_mixin.py:137} INFO - [2023-05-20T02:21:02.943+0000] {dag.py:3456} INFO - Setting next_dagrun for example_complex to None, run_after=None
[2023-05-20T02:21:02.956+0000] {processor.py:175} INFO - Processing /home/airflow/.local/lib/python3.7/site-packages/airflow/example_dags/example_complex.py took 0.088 seconds
[2023-05-20T02:21:33.025+0000] {processor.py:153} INFO - Started process (PID=1170) to work on /home/airflow/.local/lib/python3.7/site-packages/airflow/example_dags/example_complex.py
[2023-05-20T02:21:33.029+0000] {processor.py:743} INFO - Processing file /home/airflow/.local/lib/python3.7/site-packages/airflow/example_dags/example_complex.py for tasks to queue
[2023-05-20T02:21:33.033+0000] {logging_mixin.py:137} INFO - [2023-05-20T02:21:33.033+0000] {dagbag.py:532} INFO - Filling up the DagBag from /home/airflow/.local/lib/python3.7/site-packages/airflow/example_dags/example_complex.py
[2023-05-20T02:21:33.042+0000] {logging_mixin.py:137} INFO - [2023-05-20T02:21:33.042+0000] {taskmixin.py:211} WARNING - Dependency <Task(BashOperator): create_entry_group>, delete_entry_group already registered for DAG: example_complex
[2023-05-20T02:21:33.044+0000] {logging_mixin.py:137} INFO - [2023-05-20T02:21:33.044+0000] {taskmixin.py:211} WARNING - Dependency <Task(BashOperator): delete_entry_group>, create_entry_group already registered for DAG: example_complex
[2023-05-20T02:21:33.045+0000] {logging_mixin.py:137} INFO - [2023-05-20T02:21:33.045+0000] {taskmixin.py:211} WARNING - Dependency <Task(BashOperator): create_entry_gcs>, delete_entry already registered for DAG: example_complex
[2023-05-20T02:21:33.047+0000] {logging_mixin.py:137} INFO - [2023-05-20T02:21:33.047+0000] {taskmixin.py:211} WARNING - Dependency <Task(BashOperator): delete_entry>, create_entry_gcs already registered for DAG: example_complex
[2023-05-20T02:21:33.048+0000] {logging_mixin.py:137} INFO - [2023-05-20T02:21:33.048+0000] {taskmixin.py:211} WARNING - Dependency <Task(BashOperator): create_tag>, delete_tag already registered for DAG: example_complex
[2023-05-20T02:21:33.050+0000] {logging_mixin.py:137} INFO - [2023-05-20T02:21:33.050+0000] {taskmixin.py:211} WARNING - Dependency <Task(BashOperator): delete_tag>, create_tag already registered for DAG: example_complex
[2023-05-20T02:21:33.056+0000] {processor.py:753} INFO - DAG(s) dict_keys(['example_complex']) retrieved from /home/airflow/.local/lib/python3.7/site-packages/airflow/example_dags/example_complex.py
[2023-05-20T02:21:33.084+0000] {logging_mixin.py:137} INFO - [2023-05-20T02:21:33.084+0000] {dag.py:2705} INFO - Sync 1 DAGs
[2023-05-20T02:21:33.105+0000] {logging_mixin.py:137} INFO - [2023-05-20T02:21:33.105+0000] {dag.py:3456} INFO - Setting next_dagrun for example_complex to None, run_after=None
[2023-05-20T02:21:33.120+0000] {processor.py:175} INFO - Processing /home/airflow/.local/lib/python3.7/site-packages/airflow/example_dags/example_complex.py took 0.099 seconds
[2023-05-20T02:22:04.165+0000] {processor.py:153} INFO - Started process (PID=1395) to work on /home/airflow/.local/lib/python3.7/site-packages/airflow/example_dags/example_complex.py
[2023-05-20T02:22:04.167+0000] {processor.py:743} INFO - Processing file /home/airflow/.local/lib/python3.7/site-packages/airflow/example_dags/example_complex.py for tasks to queue
[2023-05-20T02:22:04.169+0000] {logging_mixin.py:137} INFO - [2023-05-20T02:22:04.169+0000] {dagbag.py:532} INFO - Filling up the DagBag from /home/airflow/.local/lib/python3.7/site-packages/airflow/example_dags/example_complex.py
[2023-05-20T02:22:04.179+0000] {logging_mixin.py:137} INFO - [2023-05-20T02:22:04.179+0000] {taskmixin.py:211} WARNING - Dependency <Task(BashOperator): create_entry_group>, delete_entry_group already registered for DAG: example_complex
[2023-05-20T02:22:04.180+0000] {logging_mixin.py:137} INFO - [2023-05-20T02:22:04.180+0000] {taskmixin.py:211} WARNING - Dependency <Task(BashOperator): delete_entry_group>, create_entry_group already registered for DAG: example_complex
[2023-05-20T02:22:04.181+0000] {logging_mixin.py:137} INFO - [2023-05-20T02:22:04.181+0000] {taskmixin.py:211} WARNING - Dependency <Task(BashOperator): create_entry_gcs>, delete_entry already registered for DAG: example_complex
[2023-05-20T02:22:04.183+0000] {logging_mixin.py:137} INFO - [2023-05-20T02:22:04.182+0000] {taskmixin.py:211} WARNING - Dependency <Task(BashOperator): delete_entry>, create_entry_gcs already registered for DAG: example_complex
[2023-05-20T02:22:04.184+0000] {logging_mixin.py:137} INFO - [2023-05-20T02:22:04.183+0000] {taskmixin.py:211} WARNING - Dependency <Task(BashOperator): create_tag>, delete_tag already registered for DAG: example_complex
[2023-05-20T02:22:04.184+0000] {logging_mixin.py:137} INFO - [2023-05-20T02:22:04.184+0000] {taskmixin.py:211} WARNING - Dependency <Task(BashOperator): delete_tag>, create_tag already registered for DAG: example_complex
[2023-05-20T02:22:04.190+0000] {processor.py:753} INFO - DAG(s) dict_keys(['example_complex']) retrieved from /home/airflow/.local/lib/python3.7/site-packages/airflow/example_dags/example_complex.py
[2023-05-20T02:22:04.217+0000] {logging_mixin.py:137} INFO - [2023-05-20T02:22:04.217+0000] {dag.py:2705} INFO - Sync 1 DAGs
[2023-05-20T02:22:04.241+0000] {logging_mixin.py:137} INFO - [2023-05-20T02:22:04.241+0000] {dag.py:3456} INFO - Setting next_dagrun for example_complex to None, run_after=None
[2023-05-20T02:22:04.254+0000] {processor.py:175} INFO - Processing /home/airflow/.local/lib/python3.7/site-packages/airflow/example_dags/example_complex.py took 0.091 seconds
