[2023-05-20T02:19:30.775+0000] {processor.py:153} INFO - Started process (PID=290) to work on /home/airflow/.local/lib/python3.7/site-packages/airflow/example_dags/example_branch_python_dop_operator_3.py
[2023-05-20T02:19:30.777+0000] {processor.py:743} INFO - Processing file /home/airflow/.local/lib/python3.7/site-packages/airflow/example_dags/example_branch_python_dop_operator_3.py for tasks to queue
[2023-05-20T02:19:30.778+0000] {logging_mixin.py:137} INFO - [2023-05-20T02:19:30.778+0000] {dagbag.py:532} INFO - Filling up the DagBag from /home/airflow/.local/lib/python3.7/site-packages/airflow/example_dags/example_branch_python_dop_operator_3.py
[2023-05-20T02:19:30.799+0000] {processor.py:753} INFO - DAG(s) dict_keys(['example_branch_dop_operator_v3']) retrieved from /home/airflow/.local/lib/python3.7/site-packages/airflow/example_dags/example_branch_python_dop_operator_3.py
[2023-05-20T02:19:30.826+0000] {logging_mixin.py:137} INFO - [2023-05-20T02:19:30.826+0000] {dag.py:2705} INFO - Sync 1 DAGs
[2023-05-20T02:19:30.849+0000] {logging_mixin.py:137} INFO - [2023-05-20T02:19:30.849+0000] {dag.py:3456} INFO - Setting next_dagrun for example_branch_dop_operator_v3 to 2023-05-20T02:18:00+00:00, run_after=2023-05-20T02:19:00+00:00
[2023-05-20T02:19:30.862+0000] {processor.py:175} INFO - Processing /home/airflow/.local/lib/python3.7/site-packages/airflow/example_dags/example_branch_python_dop_operator_3.py took 0.090 seconds
[2023-05-20T02:20:01.090+0000] {processor.py:153} INFO - Started process (PID=514) to work on /home/airflow/.local/lib/python3.7/site-packages/airflow/example_dags/example_branch_python_dop_operator_3.py
[2023-05-20T02:20:01.092+0000] {processor.py:743} INFO - Processing file /home/airflow/.local/lib/python3.7/site-packages/airflow/example_dags/example_branch_python_dop_operator_3.py for tasks to queue
[2023-05-20T02:20:01.093+0000] {logging_mixin.py:137} INFO - [2023-05-20T02:20:01.093+0000] {dagbag.py:532} INFO - Filling up the DagBag from /home/airflow/.local/lib/python3.7/site-packages/airflow/example_dags/example_branch_python_dop_operator_3.py
[2023-05-20T02:20:01.110+0000] {processor.py:753} INFO - DAG(s) dict_keys(['example_branch_dop_operator_v3']) retrieved from /home/airflow/.local/lib/python3.7/site-packages/airflow/example_dags/example_branch_python_dop_operator_3.py
[2023-05-20T02:20:01.133+0000] {logging_mixin.py:137} INFO - [2023-05-20T02:20:01.133+0000] {dag.py:2705} INFO - Sync 1 DAGs
[2023-05-20T02:20:01.153+0000] {logging_mixin.py:137} INFO - [2023-05-20T02:20:01.153+0000] {dag.py:3456} INFO - Setting next_dagrun for example_branch_dop_operator_v3 to 2023-05-20T02:19:00+00:00, run_after=2023-05-20T02:20:00+00:00
[2023-05-20T02:20:01.167+0000] {processor.py:175} INFO - Processing /home/airflow/.local/lib/python3.7/site-packages/airflow/example_dags/example_branch_python_dop_operator_3.py took 0.080 seconds
[2023-05-20T02:20:31.827+0000] {processor.py:153} INFO - Started process (PID=738) to work on /home/airflow/.local/lib/python3.7/site-packages/airflow/example_dags/example_branch_python_dop_operator_3.py
[2023-05-20T02:20:31.829+0000] {processor.py:743} INFO - Processing file /home/airflow/.local/lib/python3.7/site-packages/airflow/example_dags/example_branch_python_dop_operator_3.py for tasks to queue
[2023-05-20T02:20:31.830+0000] {logging_mixin.py:137} INFO - [2023-05-20T02:20:31.830+0000] {dagbag.py:532} INFO - Filling up the DagBag from /home/airflow/.local/lib/python3.7/site-packages/airflow/example_dags/example_branch_python_dop_operator_3.py
[2023-05-20T02:20:31.852+0000] {processor.py:753} INFO - DAG(s) dict_keys(['example_branch_dop_operator_v3']) retrieved from /home/airflow/.local/lib/python3.7/site-packages/airflow/example_dags/example_branch_python_dop_operator_3.py
[2023-05-20T02:20:31.873+0000] {logging_mixin.py:137} INFO - [2023-05-20T02:20:31.873+0000] {dag.py:2705} INFO - Sync 1 DAGs
[2023-05-20T02:20:31.891+0000] {logging_mixin.py:137} INFO - [2023-05-20T02:20:31.891+0000] {dag.py:3456} INFO - Setting next_dagrun for example_branch_dop_operator_v3 to 2023-05-20T02:19:00+00:00, run_after=2023-05-20T02:20:00+00:00
[2023-05-20T02:20:31.908+0000] {processor.py:175} INFO - Processing /home/airflow/.local/lib/python3.7/site-packages/airflow/example_dags/example_branch_python_dop_operator_3.py took 0.084 seconds
[2023-05-20T02:21:03.047+0000] {processor.py:153} INFO - Started process (PID=962) to work on /home/airflow/.local/lib/python3.7/site-packages/airflow/example_dags/example_branch_python_dop_operator_3.py
[2023-05-20T02:21:03.049+0000] {processor.py:743} INFO - Processing file /home/airflow/.local/lib/python3.7/site-packages/airflow/example_dags/example_branch_python_dop_operator_3.py for tasks to queue
[2023-05-20T02:21:03.050+0000] {logging_mixin.py:137} INFO - [2023-05-20T02:21:03.050+0000] {dagbag.py:532} INFO - Filling up the DagBag from /home/airflow/.local/lib/python3.7/site-packages/airflow/example_dags/example_branch_python_dop_operator_3.py
[2023-05-20T02:21:03.068+0000] {processor.py:753} INFO - DAG(s) dict_keys(['example_branch_dop_operator_v3']) retrieved from /home/airflow/.local/lib/python3.7/site-packages/airflow/example_dags/example_branch_python_dop_operator_3.py
[2023-05-20T02:21:03.091+0000] {logging_mixin.py:137} INFO - [2023-05-20T02:21:03.091+0000] {dag.py:2705} INFO - Sync 1 DAGs
[2023-05-20T02:21:03.113+0000] {logging_mixin.py:137} INFO - [2023-05-20T02:21:03.113+0000] {dag.py:3456} INFO - Setting next_dagrun for example_branch_dop_operator_v3 to 2023-05-20T02:20:00+00:00, run_after=2023-05-20T02:21:00+00:00
[2023-05-20T02:21:03.128+0000] {processor.py:175} INFO - Processing /home/airflow/.local/lib/python3.7/site-packages/airflow/example_dags/example_branch_python_dop_operator_3.py took 0.084 seconds
[2023-05-20T02:21:33.232+0000] {processor.py:153} INFO - Started process (PID=1186) to work on /home/airflow/.local/lib/python3.7/site-packages/airflow/example_dags/example_branch_python_dop_operator_3.py
[2023-05-20T02:21:33.234+0000] {processor.py:743} INFO - Processing file /home/airflow/.local/lib/python3.7/site-packages/airflow/example_dags/example_branch_python_dop_operator_3.py for tasks to queue
[2023-05-20T02:21:33.236+0000] {logging_mixin.py:137} INFO - [2023-05-20T02:21:33.236+0000] {dagbag.py:532} INFO - Filling up the DagBag from /home/airflow/.local/lib/python3.7/site-packages/airflow/example_dags/example_branch_python_dop_operator_3.py
[2023-05-20T02:21:33.254+0000] {processor.py:753} INFO - DAG(s) dict_keys(['example_branch_dop_operator_v3']) retrieved from /home/airflow/.local/lib/python3.7/site-packages/airflow/example_dags/example_branch_python_dop_operator_3.py
[2023-05-20T02:21:33.275+0000] {logging_mixin.py:137} INFO - [2023-05-20T02:21:33.275+0000] {dag.py:2705} INFO - Sync 1 DAGs
[2023-05-20T02:21:33.295+0000] {logging_mixin.py:137} INFO - [2023-05-20T02:21:33.295+0000] {dag.py:3456} INFO - Setting next_dagrun for example_branch_dop_operator_v3 to 2023-05-20T02:20:00+00:00, run_after=2023-05-20T02:21:00+00:00
[2023-05-20T02:21:33.308+0000] {processor.py:175} INFO - Processing /home/airflow/.local/lib/python3.7/site-packages/airflow/example_dags/example_branch_python_dop_operator_3.py took 0.079 seconds
[2023-05-20T02:22:04.352+0000] {processor.py:153} INFO - Started process (PID=1410) to work on /home/airflow/.local/lib/python3.7/site-packages/airflow/example_dags/example_branch_python_dop_operator_3.py
[2023-05-20T02:22:04.354+0000] {processor.py:743} INFO - Processing file /home/airflow/.local/lib/python3.7/site-packages/airflow/example_dags/example_branch_python_dop_operator_3.py for tasks to queue
[2023-05-20T02:22:04.355+0000] {logging_mixin.py:137} INFO - [2023-05-20T02:22:04.355+0000] {dagbag.py:532} INFO - Filling up the DagBag from /home/airflow/.local/lib/python3.7/site-packages/airflow/example_dags/example_branch_python_dop_operator_3.py
[2023-05-20T02:22:04.374+0000] {processor.py:753} INFO - DAG(s) dict_keys(['example_branch_dop_operator_v3']) retrieved from /home/airflow/.local/lib/python3.7/site-packages/airflow/example_dags/example_branch_python_dop_operator_3.py
[2023-05-20T02:22:04.397+0000] {logging_mixin.py:137} INFO - [2023-05-20T02:22:04.397+0000] {dag.py:2705} INFO - Sync 1 DAGs
[2023-05-20T02:22:04.419+0000] {logging_mixin.py:137} INFO - [2023-05-20T02:22:04.419+0000] {dag.py:3456} INFO - Setting next_dagrun for example_branch_dop_operator_v3 to 2023-05-20T02:21:00+00:00, run_after=2023-05-20T02:22:00+00:00
[2023-05-20T02:22:04.431+0000] {processor.py:175} INFO - Processing /home/airflow/.local/lib/python3.7/site-packages/airflow/example_dags/example_branch_python_dop_operator_3.py took 0.082 seconds
