[2023-05-20T02:19:31.013+0000] {processor.py:153} INFO - Started process (PID=310) to work on /home/airflow/.local/lib/python3.7/site-packages/airflow/example_dags/example_branch_day_of_week_operator.py
[2023-05-20T02:19:31.015+0000] {processor.py:743} INFO - Processing file /home/airflow/.local/lib/python3.7/site-packages/airflow/example_dags/example_branch_day_of_week_operator.py for tasks to queue
[2023-05-20T02:19:31.017+0000] {logging_mixin.py:137} INFO - [2023-05-20T02:19:31.017+0000] {dagbag.py:532} INFO - Filling up the DagBag from /home/airflow/.local/lib/python3.7/site-packages/airflow/example_dags/example_branch_day_of_week_operator.py
[2023-05-20T02:19:31.029+0000] {processor.py:753} INFO - DAG(s) dict_keys(['example_weekday_branch_operator']) retrieved from /home/airflow/.local/lib/python3.7/site-packages/airflow/example_dags/example_branch_day_of_week_operator.py
[2023-05-20T02:19:31.051+0000] {logging_mixin.py:137} INFO - [2023-05-20T02:19:31.051+0000] {dag.py:2705} INFO - Sync 1 DAGs
[2023-05-20T02:19:31.072+0000] {logging_mixin.py:137} INFO - [2023-05-20T02:19:31.072+0000] {dag.py:3456} INFO - Setting next_dagrun for example_weekday_branch_operator to 2023-05-19T00:00:00+00:00, run_after=2023-05-20T00:00:00+00:00
[2023-05-20T02:19:31.085+0000] {processor.py:175} INFO - Processing /home/airflow/.local/lib/python3.7/site-packages/airflow/example_dags/example_branch_day_of_week_operator.py took 0.074 seconds
[2023-05-20T02:20:01.302+0000] {processor.py:153} INFO - Started process (PID=534) to work on /home/airflow/.local/lib/python3.7/site-packages/airflow/example_dags/example_branch_day_of_week_operator.py
[2023-05-20T02:20:01.303+0000] {processor.py:743} INFO - Processing file /home/airflow/.local/lib/python3.7/site-packages/airflow/example_dags/example_branch_day_of_week_operator.py for tasks to queue
[2023-05-20T02:20:01.305+0000] {logging_mixin.py:137} INFO - [2023-05-20T02:20:01.305+0000] {dagbag.py:532} INFO - Filling up the DagBag from /home/airflow/.local/lib/python3.7/site-packages/airflow/example_dags/example_branch_day_of_week_operator.py
[2023-05-20T02:20:01.316+0000] {processor.py:753} INFO - DAG(s) dict_keys(['example_weekday_branch_operator']) retrieved from /home/airflow/.local/lib/python3.7/site-packages/airflow/example_dags/example_branch_day_of_week_operator.py
[2023-05-20T02:20:01.339+0000] {logging_mixin.py:137} INFO - [2023-05-20T02:20:01.339+0000] {dag.py:2705} INFO - Sync 1 DAGs
[2023-05-20T02:20:01.358+0000] {logging_mixin.py:137} INFO - [2023-05-20T02:20:01.358+0000] {dag.py:3456} INFO - Setting next_dagrun for example_weekday_branch_operator to 2023-05-19T00:00:00+00:00, run_after=2023-05-20T00:00:00+00:00
[2023-05-20T02:20:01.374+0000] {processor.py:175} INFO - Processing /home/airflow/.local/lib/python3.7/site-packages/airflow/example_dags/example_branch_day_of_week_operator.py took 0.075 seconds
[2023-05-20T02:20:32.065+0000] {processor.py:153} INFO - Started process (PID=758) to work on /home/airflow/.local/lib/python3.7/site-packages/airflow/example_dags/example_branch_day_of_week_operator.py
[2023-05-20T02:20:32.067+0000] {processor.py:743} INFO - Processing file /home/airflow/.local/lib/python3.7/site-packages/airflow/example_dags/example_branch_day_of_week_operator.py for tasks to queue
[2023-05-20T02:20:32.068+0000] {logging_mixin.py:137} INFO - [2023-05-20T02:20:32.068+0000] {dagbag.py:532} INFO - Filling up the DagBag from /home/airflow/.local/lib/python3.7/site-packages/airflow/example_dags/example_branch_day_of_week_operator.py
[2023-05-20T02:20:32.080+0000] {processor.py:753} INFO - DAG(s) dict_keys(['example_weekday_branch_operator']) retrieved from /home/airflow/.local/lib/python3.7/site-packages/airflow/example_dags/example_branch_day_of_week_operator.py
[2023-05-20T02:20:32.102+0000] {logging_mixin.py:137} INFO - [2023-05-20T02:20:32.101+0000] {dag.py:2705} INFO - Sync 1 DAGs
[2023-05-20T02:20:32.118+0000] {logging_mixin.py:137} INFO - [2023-05-20T02:20:32.118+0000] {dag.py:3456} INFO - Setting next_dagrun for example_weekday_branch_operator to 2023-05-19T00:00:00+00:00, run_after=2023-05-20T00:00:00+00:00
[2023-05-20T02:20:32.132+0000] {processor.py:175} INFO - Processing /home/airflow/.local/lib/python3.7/site-packages/airflow/example_dags/example_branch_day_of_week_operator.py took 0.070 seconds
[2023-05-20T02:21:03.265+0000] {processor.py:153} INFO - Started process (PID=982) to work on /home/airflow/.local/lib/python3.7/site-packages/airflow/example_dags/example_branch_day_of_week_operator.py
[2023-05-20T02:21:03.267+0000] {processor.py:743} INFO - Processing file /home/airflow/.local/lib/python3.7/site-packages/airflow/example_dags/example_branch_day_of_week_operator.py for tasks to queue
[2023-05-20T02:21:03.269+0000] {logging_mixin.py:137} INFO - [2023-05-20T02:21:03.269+0000] {dagbag.py:532} INFO - Filling up the DagBag from /home/airflow/.local/lib/python3.7/site-packages/airflow/example_dags/example_branch_day_of_week_operator.py
[2023-05-20T02:21:03.280+0000] {processor.py:753} INFO - DAG(s) dict_keys(['example_weekday_branch_operator']) retrieved from /home/airflow/.local/lib/python3.7/site-packages/airflow/example_dags/example_branch_day_of_week_operator.py
[2023-05-20T02:21:03.303+0000] {logging_mixin.py:137} INFO - [2023-05-20T02:21:03.303+0000] {dag.py:2705} INFO - Sync 1 DAGs
[2023-05-20T02:21:03.322+0000] {logging_mixin.py:137} INFO - [2023-05-20T02:21:03.322+0000] {dag.py:3456} INFO - Setting next_dagrun for example_weekday_branch_operator to 2023-05-19T00:00:00+00:00, run_after=2023-05-20T00:00:00+00:00
[2023-05-20T02:21:03.334+0000] {processor.py:175} INFO - Processing /home/airflow/.local/lib/python3.7/site-packages/airflow/example_dags/example_branch_day_of_week_operator.py took 0.072 seconds
[2023-05-20T02:21:33.439+0000] {processor.py:153} INFO - Started process (PID=1206) to work on /home/airflow/.local/lib/python3.7/site-packages/airflow/example_dags/example_branch_day_of_week_operator.py
[2023-05-20T02:21:33.441+0000] {processor.py:743} INFO - Processing file /home/airflow/.local/lib/python3.7/site-packages/airflow/example_dags/example_branch_day_of_week_operator.py for tasks to queue
[2023-05-20T02:21:33.443+0000] {logging_mixin.py:137} INFO - [2023-05-20T02:21:33.443+0000] {dagbag.py:532} INFO - Filling up the DagBag from /home/airflow/.local/lib/python3.7/site-packages/airflow/example_dags/example_branch_day_of_week_operator.py
[2023-05-20T02:21:33.455+0000] {processor.py:753} INFO - DAG(s) dict_keys(['example_weekday_branch_operator']) retrieved from /home/airflow/.local/lib/python3.7/site-packages/airflow/example_dags/example_branch_day_of_week_operator.py
[2023-05-20T02:21:33.479+0000] {logging_mixin.py:137} INFO - [2023-05-20T02:21:33.479+0000] {dag.py:2705} INFO - Sync 1 DAGs
[2023-05-20T02:21:33.497+0000] {logging_mixin.py:137} INFO - [2023-05-20T02:21:33.497+0000] {dag.py:3456} INFO - Setting next_dagrun for example_weekday_branch_operator to 2023-05-19T00:00:00+00:00, run_after=2023-05-20T00:00:00+00:00
[2023-05-20T02:21:33.510+0000] {processor.py:175} INFO - Processing /home/airflow/.local/lib/python3.7/site-packages/airflow/example_dags/example_branch_day_of_week_operator.py took 0.073 seconds
[2023-05-20T02:22:04.564+0000] {processor.py:153} INFO - Started process (PID=1430) to work on /home/airflow/.local/lib/python3.7/site-packages/airflow/example_dags/example_branch_day_of_week_operator.py
[2023-05-20T02:22:04.565+0000] {processor.py:743} INFO - Processing file /home/airflow/.local/lib/python3.7/site-packages/airflow/example_dags/example_branch_day_of_week_operator.py for tasks to queue
[2023-05-20T02:22:04.567+0000] {logging_mixin.py:137} INFO - [2023-05-20T02:22:04.567+0000] {dagbag.py:532} INFO - Filling up the DagBag from /home/airflow/.local/lib/python3.7/site-packages/airflow/example_dags/example_branch_day_of_week_operator.py
[2023-05-20T02:22:04.579+0000] {processor.py:753} INFO - DAG(s) dict_keys(['example_weekday_branch_operator']) retrieved from /home/airflow/.local/lib/python3.7/site-packages/airflow/example_dags/example_branch_day_of_week_operator.py
[2023-05-20T02:22:04.602+0000] {logging_mixin.py:137} INFO - [2023-05-20T02:22:04.602+0000] {dag.py:2705} INFO - Sync 1 DAGs
[2023-05-20T02:22:04.621+0000] {logging_mixin.py:137} INFO - [2023-05-20T02:22:04.621+0000] {dag.py:3456} INFO - Setting next_dagrun for example_weekday_branch_operator to 2023-05-19T00:00:00+00:00, run_after=2023-05-20T00:00:00+00:00
[2023-05-20T02:22:04.633+0000] {processor.py:175} INFO - Processing /home/airflow/.local/lib/python3.7/site-packages/airflow/example_dags/example_branch_day_of_week_operator.py took 0.072 seconds
[2023-05-20T02:22:35.423+0000] {processor.py:153} INFO - Started process (PID=1653) to work on /home/airflow/.local/lib/python3.7/site-packages/airflow/example_dags/example_branch_day_of_week_operator.py
[2023-05-20T02:22:35.425+0000] {processor.py:743} INFO - Processing file /home/airflow/.local/lib/python3.7/site-packages/airflow/example_dags/example_branch_day_of_week_operator.py for tasks to queue
[2023-05-20T02:22:35.426+0000] {logging_mixin.py:137} INFO - [2023-05-20T02:22:35.426+0000] {dagbag.py:532} INFO - Filling up the DagBag from /home/airflow/.local/lib/python3.7/site-packages/airflow/example_dags/example_branch_day_of_week_operator.py
[2023-05-20T02:22:35.437+0000] {processor.py:753} INFO - DAG(s) dict_keys(['example_weekday_branch_operator']) retrieved from /home/airflow/.local/lib/python3.7/site-packages/airflow/example_dags/example_branch_day_of_week_operator.py
[2023-05-20T02:22:35.461+0000] {logging_mixin.py:137} INFO - [2023-05-20T02:22:35.460+0000] {dag.py:2705} INFO - Sync 1 DAGs
[2023-05-20T02:22:35.483+0000] {logging_mixin.py:137} INFO - [2023-05-20T02:22:35.483+0000] {dag.py:3456} INFO - Setting next_dagrun for example_weekday_branch_operator to 2023-05-19T00:00:00+00:00, run_after=2023-05-20T00:00:00+00:00
[2023-05-20T02:22:35.494+0000] {processor.py:175} INFO - Processing /home/airflow/.local/lib/python3.7/site-packages/airflow/example_dags/example_branch_day_of_week_operator.py took 0.074 seconds
