[2023-05-20T02:19:31.496+0000] {processor.py:153} INFO - Started process (PID=345) to work on /home/airflow/.local/lib/python3.7/site-packages/airflow/example_dags/example_external_task_marker_dag.py
[2023-05-20T02:19:31.498+0000] {processor.py:743} INFO - Processing file /home/airflow/.local/lib/python3.7/site-packages/airflow/example_dags/example_external_task_marker_dag.py for tasks to queue
[2023-05-20T02:19:31.500+0000] {logging_mixin.py:137} INFO - [2023-05-20T02:19:31.500+0000] {dagbag.py:532} INFO - Filling up the DagBag from /home/airflow/.local/lib/python3.7/site-packages/airflow/example_dags/example_external_task_marker_dag.py
[2023-05-20T02:19:31.513+0000] {processor.py:753} INFO - DAG(s) dict_keys(['example_external_task_marker_child', 'example_external_task_marker_parent']) retrieved from /home/airflow/.local/lib/python3.7/site-packages/airflow/example_dags/example_external_task_marker_dag.py
[2023-05-20T02:19:31.575+0000] {logging_mixin.py:137} INFO - [2023-05-20T02:19:31.575+0000] {dag.py:2705} INFO - Sync 2 DAGs
[2023-05-20T02:19:31.597+0000] {logging_mixin.py:137} INFO - [2023-05-20T02:19:31.596+0000] {dag.py:3456} INFO - Setting next_dagrun for example_external_task_marker_child to None, run_after=None
[2023-05-20T02:19:31.600+0000] {logging_mixin.py:137} INFO - [2023-05-20T02:19:31.600+0000] {dag.py:3456} INFO - Setting next_dagrun for example_external_task_marker_parent to None, run_after=None
[2023-05-20T02:19:31.612+0000] {processor.py:175} INFO - Processing /home/airflow/.local/lib/python3.7/site-packages/airflow/example_dags/example_external_task_marker_dag.py took 0.121 seconds
[2023-05-20T02:20:01.708+0000] {processor.py:153} INFO - Started process (PID=569) to work on /home/airflow/.local/lib/python3.7/site-packages/airflow/example_dags/example_external_task_marker_dag.py
[2023-05-20T02:20:01.710+0000] {processor.py:743} INFO - Processing file /home/airflow/.local/lib/python3.7/site-packages/airflow/example_dags/example_external_task_marker_dag.py for tasks to queue
[2023-05-20T02:20:01.711+0000] {logging_mixin.py:137} INFO - [2023-05-20T02:20:01.711+0000] {dagbag.py:532} INFO - Filling up the DagBag from /home/airflow/.local/lib/python3.7/site-packages/airflow/example_dags/example_external_task_marker_dag.py
[2023-05-20T02:20:01.722+0000] {processor.py:753} INFO - DAG(s) dict_keys(['example_external_task_marker_child', 'example_external_task_marker_parent']) retrieved from /home/airflow/.local/lib/python3.7/site-packages/airflow/example_dags/example_external_task_marker_dag.py
[2023-05-20T02:20:01.747+0000] {logging_mixin.py:137} INFO - [2023-05-20T02:20:01.747+0000] {dag.py:2705} INFO - Sync 2 DAGs
[2023-05-20T02:20:01.764+0000] {logging_mixin.py:137} INFO - [2023-05-20T02:20:01.764+0000] {dag.py:3456} INFO - Setting next_dagrun for example_external_task_marker_child to None, run_after=None
[2023-05-20T02:20:01.768+0000] {logging_mixin.py:137} INFO - [2023-05-20T02:20:01.767+0000] {dag.py:3456} INFO - Setting next_dagrun for example_external_task_marker_parent to None, run_after=None
[2023-05-20T02:20:01.779+0000] {processor.py:175} INFO - Processing /home/airflow/.local/lib/python3.7/site-packages/airflow/example_dags/example_external_task_marker_dag.py took 0.074 seconds
[2023-05-20T02:20:32.505+0000] {processor.py:153} INFO - Started process (PID=793) to work on /home/airflow/.local/lib/python3.7/site-packages/airflow/example_dags/example_external_task_marker_dag.py
[2023-05-20T02:20:32.507+0000] {processor.py:743} INFO - Processing file /home/airflow/.local/lib/python3.7/site-packages/airflow/example_dags/example_external_task_marker_dag.py for tasks to queue
[2023-05-20T02:20:32.508+0000] {logging_mixin.py:137} INFO - [2023-05-20T02:20:32.508+0000] {dagbag.py:532} INFO - Filling up the DagBag from /home/airflow/.local/lib/python3.7/site-packages/airflow/example_dags/example_external_task_marker_dag.py
[2023-05-20T02:20:32.519+0000] {processor.py:753} INFO - DAG(s) dict_keys(['example_external_task_marker_child', 'example_external_task_marker_parent']) retrieved from /home/airflow/.local/lib/python3.7/site-packages/airflow/example_dags/example_external_task_marker_dag.py
[2023-05-20T02:20:32.543+0000] {logging_mixin.py:137} INFO - [2023-05-20T02:20:32.542+0000] {dag.py:2705} INFO - Sync 2 DAGs
[2023-05-20T02:20:32.561+0000] {logging_mixin.py:137} INFO - [2023-05-20T02:20:32.561+0000] {dag.py:3456} INFO - Setting next_dagrun for example_external_task_marker_child to None, run_after=None
[2023-05-20T02:20:32.564+0000] {logging_mixin.py:137} INFO - [2023-05-20T02:20:32.564+0000] {dag.py:3456} INFO - Setting next_dagrun for example_external_task_marker_parent to None, run_after=None
[2023-05-20T02:20:32.578+0000] {processor.py:175} INFO - Processing /home/airflow/.local/lib/python3.7/site-packages/airflow/example_dags/example_external_task_marker_dag.py took 0.076 seconds
[2023-05-20T02:21:03.662+0000] {processor.py:153} INFO - Started process (PID=1017) to work on /home/airflow/.local/lib/python3.7/site-packages/airflow/example_dags/example_external_task_marker_dag.py
[2023-05-20T02:21:03.666+0000] {processor.py:743} INFO - Processing file /home/airflow/.local/lib/python3.7/site-packages/airflow/example_dags/example_external_task_marker_dag.py for tasks to queue
[2023-05-20T02:21:03.667+0000] {logging_mixin.py:137} INFO - [2023-05-20T02:21:03.667+0000] {dagbag.py:532} INFO - Filling up the DagBag from /home/airflow/.local/lib/python3.7/site-packages/airflow/example_dags/example_external_task_marker_dag.py
[2023-05-20T02:21:03.680+0000] {processor.py:753} INFO - DAG(s) dict_keys(['example_external_task_marker_child', 'example_external_task_marker_parent']) retrieved from /home/airflow/.local/lib/python3.7/site-packages/airflow/example_dags/example_external_task_marker_dag.py
[2023-05-20T02:21:03.714+0000] {logging_mixin.py:137} INFO - [2023-05-20T02:21:03.714+0000] {dag.py:2705} INFO - Sync 2 DAGs
[2023-05-20T02:21:03.732+0000] {logging_mixin.py:137} INFO - [2023-05-20T02:21:03.732+0000] {dag.py:3456} INFO - Setting next_dagrun for example_external_task_marker_child to None, run_after=None
[2023-05-20T02:21:03.737+0000] {logging_mixin.py:137} INFO - [2023-05-20T02:21:03.737+0000] {dag.py:3456} INFO - Setting next_dagrun for example_external_task_marker_parent to None, run_after=None
[2023-05-20T02:21:03.749+0000] {processor.py:175} INFO - Processing /home/airflow/.local/lib/python3.7/site-packages/airflow/example_dags/example_external_task_marker_dag.py took 0.090 seconds
[2023-05-20T02:21:33.839+0000] {processor.py:153} INFO - Started process (PID=1241) to work on /home/airflow/.local/lib/python3.7/site-packages/airflow/example_dags/example_external_task_marker_dag.py
[2023-05-20T02:21:33.841+0000] {processor.py:743} INFO - Processing file /home/airflow/.local/lib/python3.7/site-packages/airflow/example_dags/example_external_task_marker_dag.py for tasks to queue
[2023-05-20T02:21:33.843+0000] {logging_mixin.py:137} INFO - [2023-05-20T02:21:33.843+0000] {dagbag.py:532} INFO - Filling up the DagBag from /home/airflow/.local/lib/python3.7/site-packages/airflow/example_dags/example_external_task_marker_dag.py
[2023-05-20T02:21:33.855+0000] {processor.py:753} INFO - DAG(s) dict_keys(['example_external_task_marker_parent', 'example_external_task_marker_child']) retrieved from /home/airflow/.local/lib/python3.7/site-packages/airflow/example_dags/example_external_task_marker_dag.py
[2023-05-20T02:21:33.896+0000] {logging_mixin.py:137} INFO - [2023-05-20T02:21:33.896+0000] {dag.py:2705} INFO - Sync 2 DAGs
[2023-05-20T02:21:33.927+0000] {logging_mixin.py:137} INFO - [2023-05-20T02:21:33.926+0000] {dag.py:3456} INFO - Setting next_dagrun for example_external_task_marker_child to None, run_after=None
[2023-05-20T02:21:33.930+0000] {logging_mixin.py:137} INFO - [2023-05-20T02:21:33.930+0000] {dag.py:3456} INFO - Setting next_dagrun for example_external_task_marker_parent to None, run_after=None
[2023-05-20T02:21:33.944+0000] {processor.py:175} INFO - Processing /home/airflow/.local/lib/python3.7/site-packages/airflow/example_dags/example_external_task_marker_dag.py took 0.108 seconds
[2023-05-20T02:22:04.960+0000] {processor.py:153} INFO - Started process (PID=1464) to work on /home/airflow/.local/lib/python3.7/site-packages/airflow/example_dags/example_external_task_marker_dag.py
[2023-05-20T02:22:04.963+0000] {processor.py:743} INFO - Processing file /home/airflow/.local/lib/python3.7/site-packages/airflow/example_dags/example_external_task_marker_dag.py for tasks to queue
[2023-05-20T02:22:04.964+0000] {logging_mixin.py:137} INFO - [2023-05-20T02:22:04.964+0000] {dagbag.py:532} INFO - Filling up the DagBag from /home/airflow/.local/lib/python3.7/site-packages/airflow/example_dags/example_external_task_marker_dag.py
[2023-05-20T02:22:04.975+0000] {processor.py:753} INFO - DAG(s) dict_keys(['example_external_task_marker_parent', 'example_external_task_marker_child']) retrieved from /home/airflow/.local/lib/python3.7/site-packages/airflow/example_dags/example_external_task_marker_dag.py
[2023-05-20T02:22:04.997+0000] {logging_mixin.py:137} INFO - [2023-05-20T02:22:04.997+0000] {dag.py:2705} INFO - Sync 2 DAGs
[2023-05-20T02:22:05.014+0000] {logging_mixin.py:137} INFO - [2023-05-20T02:22:05.014+0000] {dag.py:3456} INFO - Setting next_dagrun for example_external_task_marker_child to None, run_after=None
[2023-05-20T02:22:05.017+0000] {logging_mixin.py:137} INFO - [2023-05-20T02:22:05.017+0000] {dag.py:3456} INFO - Setting next_dagrun for example_external_task_marker_parent to None, run_after=None
[2023-05-20T02:22:05.028+0000] {processor.py:175} INFO - Processing /home/airflow/.local/lib/python3.7/site-packages/airflow/example_dags/example_external_task_marker_dag.py took 0.072 seconds
[2023-05-20T02:22:35.830+0000] {processor.py:153} INFO - Started process (PID=1688) to work on /home/airflow/.local/lib/python3.7/site-packages/airflow/example_dags/example_external_task_marker_dag.py
[2023-05-20T02:22:35.832+0000] {processor.py:743} INFO - Processing file /home/airflow/.local/lib/python3.7/site-packages/airflow/example_dags/example_external_task_marker_dag.py for tasks to queue
[2023-05-20T02:22:35.833+0000] {logging_mixin.py:137} INFO - [2023-05-20T02:22:35.833+0000] {dagbag.py:532} INFO - Filling up the DagBag from /home/airflow/.local/lib/python3.7/site-packages/airflow/example_dags/example_external_task_marker_dag.py
[2023-05-20T02:22:35.843+0000] {processor.py:753} INFO - DAG(s) dict_keys(['example_external_task_marker_parent', 'example_external_task_marker_child']) retrieved from /home/airflow/.local/lib/python3.7/site-packages/airflow/example_dags/example_external_task_marker_dag.py
[2023-05-20T02:22:35.870+0000] {logging_mixin.py:137} INFO - [2023-05-20T02:22:35.870+0000] {dag.py:2705} INFO - Sync 2 DAGs
[2023-05-20T02:22:35.887+0000] {logging_mixin.py:137} INFO - [2023-05-20T02:22:35.887+0000] {dag.py:3456} INFO - Setting next_dagrun for example_external_task_marker_child to None, run_after=None
[2023-05-20T02:22:35.890+0000] {logging_mixin.py:137} INFO - [2023-05-20T02:22:35.890+0000] {dag.py:3456} INFO - Setting next_dagrun for example_external_task_marker_parent to None, run_after=None
[2023-05-20T02:22:35.901+0000] {processor.py:175} INFO - Processing /home/airflow/.local/lib/python3.7/site-packages/airflow/example_dags/example_external_task_marker_dag.py took 0.073 seconds
