[2023-05-20T02:19:31.595+0000] {processor.py:153} INFO - Started process (PID=350) to work on /home/airflow/.local/lib/python3.7/site-packages/airflow/example_dags/example_kubernetes_executor.py
[2023-05-20T02:19:31.597+0000] {processor.py:743} INFO - Processing file /home/airflow/.local/lib/python3.7/site-packages/airflow/example_dags/example_kubernetes_executor.py for tasks to queue
[2023-05-20T02:19:31.598+0000] {logging_mixin.py:137} INFO - [2023-05-20T02:19:31.598+0000] {dagbag.py:532} INFO - Filling up the DagBag from /home/airflow/.local/lib/python3.7/site-packages/airflow/example_dags/example_kubernetes_executor.py
[2023-05-20T02:19:31.621+0000] {processor.py:753} INFO - DAG(s) dict_keys(['example_kubernetes_executor']) retrieved from /home/airflow/.local/lib/python3.7/site-packages/airflow/example_dags/example_kubernetes_executor.py
[2023-05-20T02:19:31.650+0000] {logging_mixin.py:137} INFO - [2023-05-20T02:19:31.650+0000] {dag.py:2705} INFO - Sync 1 DAGs
[2023-05-20T02:19:31.669+0000] {logging_mixin.py:137} INFO - [2023-05-20T02:19:31.669+0000] {dag.py:3456} INFO - Setting next_dagrun for example_kubernetes_executor to None, run_after=None
[2023-05-20T02:19:31.682+0000] {processor.py:175} INFO - Processing /home/airflow/.local/lib/python3.7/site-packages/airflow/example_dags/example_kubernetes_executor.py took 0.090 seconds
[2023-05-20T02:20:01.747+0000] {processor.py:153} INFO - Started process (PID=574) to work on /home/airflow/.local/lib/python3.7/site-packages/airflow/example_dags/example_kubernetes_executor.py
[2023-05-20T02:20:01.749+0000] {processor.py:743} INFO - Processing file /home/airflow/.local/lib/python3.7/site-packages/airflow/example_dags/example_kubernetes_executor.py for tasks to queue
[2023-05-20T02:20:01.750+0000] {logging_mixin.py:137} INFO - [2023-05-20T02:20:01.750+0000] {dagbag.py:532} INFO - Filling up the DagBag from /home/airflow/.local/lib/python3.7/site-packages/airflow/example_dags/example_kubernetes_executor.py
[2023-05-20T02:20:01.770+0000] {processor.py:753} INFO - DAG(s) dict_keys(['example_kubernetes_executor']) retrieved from /home/airflow/.local/lib/python3.7/site-packages/airflow/example_dags/example_kubernetes_executor.py
[2023-05-20T02:20:01.798+0000] {logging_mixin.py:137} INFO - [2023-05-20T02:20:01.798+0000] {dag.py:2705} INFO - Sync 1 DAGs
[2023-05-20T02:20:01.819+0000] {logging_mixin.py:137} INFO - [2023-05-20T02:20:01.818+0000] {dag.py:3456} INFO - Setting next_dagrun for example_kubernetes_executor to None, run_after=None
[2023-05-20T02:20:01.833+0000] {processor.py:175} INFO - Processing /home/airflow/.local/lib/python3.7/site-packages/airflow/example_dags/example_kubernetes_executor.py took 0.089 seconds
[2023-05-20T02:20:32.578+0000] {processor.py:153} INFO - Started process (PID=798) to work on /home/airflow/.local/lib/python3.7/site-packages/airflow/example_dags/example_kubernetes_executor.py
[2023-05-20T02:20:32.580+0000] {processor.py:743} INFO - Processing file /home/airflow/.local/lib/python3.7/site-packages/airflow/example_dags/example_kubernetes_executor.py for tasks to queue
[2023-05-20T02:20:32.581+0000] {logging_mixin.py:137} INFO - [2023-05-20T02:20:32.581+0000] {dagbag.py:532} INFO - Filling up the DagBag from /home/airflow/.local/lib/python3.7/site-packages/airflow/example_dags/example_kubernetes_executor.py
[2023-05-20T02:20:32.604+0000] {processor.py:753} INFO - DAG(s) dict_keys(['example_kubernetes_executor']) retrieved from /home/airflow/.local/lib/python3.7/site-packages/airflow/example_dags/example_kubernetes_executor.py
[2023-05-20T02:20:32.628+0000] {logging_mixin.py:137} INFO - [2023-05-20T02:20:32.628+0000] {dag.py:2705} INFO - Sync 1 DAGs
[2023-05-20T02:20:32.645+0000] {logging_mixin.py:137} INFO - [2023-05-20T02:20:32.645+0000] {dag.py:3456} INFO - Setting next_dagrun for example_kubernetes_executor to None, run_after=None
[2023-05-20T02:20:32.657+0000] {processor.py:175} INFO - Processing /home/airflow/.local/lib/python3.7/site-packages/airflow/example_dags/example_kubernetes_executor.py took 0.082 seconds
[2023-05-20T02:21:03.714+0000] {processor.py:153} INFO - Started process (PID=1022) to work on /home/airflow/.local/lib/python3.7/site-packages/airflow/example_dags/example_kubernetes_executor.py
[2023-05-20T02:21:03.717+0000] {processor.py:743} INFO - Processing file /home/airflow/.local/lib/python3.7/site-packages/airflow/example_dags/example_kubernetes_executor.py for tasks to queue
[2023-05-20T02:21:03.718+0000] {logging_mixin.py:137} INFO - [2023-05-20T02:21:03.718+0000] {dagbag.py:532} INFO - Filling up the DagBag from /home/airflow/.local/lib/python3.7/site-packages/airflow/example_dags/example_kubernetes_executor.py
[2023-05-20T02:21:03.740+0000] {processor.py:753} INFO - DAG(s) dict_keys(['example_kubernetes_executor']) retrieved from /home/airflow/.local/lib/python3.7/site-packages/airflow/example_dags/example_kubernetes_executor.py
[2023-05-20T02:21:03.769+0000] {logging_mixin.py:137} INFO - [2023-05-20T02:21:03.769+0000] {dag.py:2705} INFO - Sync 1 DAGs
[2023-05-20T02:21:03.788+0000] {logging_mixin.py:137} INFO - [2023-05-20T02:21:03.788+0000] {dag.py:3456} INFO - Setting next_dagrun for example_kubernetes_executor to None, run_after=None
[2023-05-20T02:21:03.800+0000] {processor.py:175} INFO - Processing /home/airflow/.local/lib/python3.7/site-packages/airflow/example_dags/example_kubernetes_executor.py took 0.089 seconds
[2023-05-20T02:21:33.871+0000] {processor.py:153} INFO - Started process (PID=1246) to work on /home/airflow/.local/lib/python3.7/site-packages/airflow/example_dags/example_kubernetes_executor.py
[2023-05-20T02:21:33.874+0000] {processor.py:743} INFO - Processing file /home/airflow/.local/lib/python3.7/site-packages/airflow/example_dags/example_kubernetes_executor.py for tasks to queue
[2023-05-20T02:21:33.877+0000] {logging_mixin.py:137} INFO - [2023-05-20T02:21:33.877+0000] {dagbag.py:532} INFO - Filling up the DagBag from /home/airflow/.local/lib/python3.7/site-packages/airflow/example_dags/example_kubernetes_executor.py
[2023-05-20T02:21:33.911+0000] {processor.py:753} INFO - DAG(s) dict_keys(['example_kubernetes_executor']) retrieved from /home/airflow/.local/lib/python3.7/site-packages/airflow/example_dags/example_kubernetes_executor.py
[2023-05-20T02:21:33.941+0000] {logging_mixin.py:137} INFO - [2023-05-20T02:21:33.941+0000] {dag.py:2705} INFO - Sync 1 DAGs
[2023-05-20T02:21:33.961+0000] {logging_mixin.py:137} INFO - [2023-05-20T02:21:33.961+0000] {dag.py:3456} INFO - Setting next_dagrun for example_kubernetes_executor to None, run_after=None
[2023-05-20T02:21:33.979+0000] {processor.py:175} INFO - Processing /home/airflow/.local/lib/python3.7/site-packages/airflow/example_dags/example_kubernetes_executor.py took 0.111 seconds
[2023-05-20T02:22:05.058+0000] {processor.py:153} INFO - Started process (PID=1470) to work on /home/airflow/.local/lib/python3.7/site-packages/airflow/example_dags/example_kubernetes_executor.py
[2023-05-20T02:22:05.059+0000] {processor.py:743} INFO - Processing file /home/airflow/.local/lib/python3.7/site-packages/airflow/example_dags/example_kubernetes_executor.py for tasks to queue
[2023-05-20T02:22:05.061+0000] {logging_mixin.py:137} INFO - [2023-05-20T02:22:05.061+0000] {dagbag.py:532} INFO - Filling up the DagBag from /home/airflow/.local/lib/python3.7/site-packages/airflow/example_dags/example_kubernetes_executor.py
[2023-05-20T02:22:05.082+0000] {processor.py:753} INFO - DAG(s) dict_keys(['example_kubernetes_executor']) retrieved from /home/airflow/.local/lib/python3.7/site-packages/airflow/example_dags/example_kubernetes_executor.py
[2023-05-20T02:22:05.106+0000] {logging_mixin.py:137} INFO - [2023-05-20T02:22:05.106+0000] {dag.py:2705} INFO - Sync 1 DAGs
[2023-05-20T02:22:05.123+0000] {logging_mixin.py:137} INFO - [2023-05-20T02:22:05.123+0000] {dag.py:3456} INFO - Setting next_dagrun for example_kubernetes_executor to None, run_after=None
[2023-05-20T02:22:05.134+0000] {processor.py:175} INFO - Processing /home/airflow/.local/lib/python3.7/site-packages/airflow/example_dags/example_kubernetes_executor.py took 0.080 seconds
