[2023-05-20T02:19:30.642+0000] {processor.py:153} INFO - Started process (PID=280) to work on /home/airflow/.local/lib/python3.7/site-packages/airflow/example_dags/example_short_circuit_decorator.py
[2023-05-20T02:19:30.643+0000] {processor.py:743} INFO - Processing file /home/airflow/.local/lib/python3.7/site-packages/airflow/example_dags/example_short_circuit_decorator.py for tasks to queue
[2023-05-20T02:19:30.645+0000] {logging_mixin.py:137} INFO - [2023-05-20T02:19:30.644+0000] {dagbag.py:532} INFO - Filling up the DagBag from /home/airflow/.local/lib/python3.7/site-packages/airflow/example_dags/example_short_circuit_decorator.py
[2023-05-20T02:19:30.664+0000] {processor.py:753} INFO - DAG(s) dict_keys(['example_short_circuit_decorator']) retrieved from /home/airflow/.local/lib/python3.7/site-packages/airflow/example_dags/example_short_circuit_decorator.py
[2023-05-20T02:19:30.690+0000] {logging_mixin.py:137} INFO - [2023-05-20T02:19:30.690+0000] {dag.py:2705} INFO - Sync 1 DAGs
[2023-05-20T02:19:30.709+0000] {logging_mixin.py:137} INFO - [2023-05-20T02:19:30.709+0000] {dag.py:3456} INFO - Setting next_dagrun for example_short_circuit_decorator to 2023-05-19T02:19:30.709440+00:00, run_after=2023-05-20T02:19:30.709440+00:00
[2023-05-20T02:19:30.727+0000] {processor.py:175} INFO - Processing /home/airflow/.local/lib/python3.7/site-packages/airflow/example_dags/example_short_circuit_decorator.py took 0.088 seconds
[2023-05-20T02:20:00.977+0000] {processor.py:153} INFO - Started process (PID=504) to work on /home/airflow/.local/lib/python3.7/site-packages/airflow/example_dags/example_short_circuit_decorator.py
[2023-05-20T02:20:00.980+0000] {processor.py:743} INFO - Processing file /home/airflow/.local/lib/python3.7/site-packages/airflow/example_dags/example_short_circuit_decorator.py for tasks to queue
[2023-05-20T02:20:00.982+0000] {logging_mixin.py:137} INFO - [2023-05-20T02:20:00.981+0000] {dagbag.py:532} INFO - Filling up the DagBag from /home/airflow/.local/lib/python3.7/site-packages/airflow/example_dags/example_short_circuit_decorator.py
[2023-05-20T02:20:00.998+0000] {processor.py:753} INFO - DAG(s) dict_keys(['example_short_circuit_decorator']) retrieved from /home/airflow/.local/lib/python3.7/site-packages/airflow/example_dags/example_short_circuit_decorator.py
[2023-05-20T02:20:01.023+0000] {logging_mixin.py:137} INFO - [2023-05-20T02:20:01.023+0000] {dag.py:2705} INFO - Sync 1 DAGs
[2023-05-20T02:20:01.046+0000] {logging_mixin.py:137} INFO - [2023-05-20T02:20:01.046+0000] {dag.py:3456} INFO - Setting next_dagrun for example_short_circuit_decorator to 2023-05-19T02:20:01.046127+00:00, run_after=2023-05-20T02:20:01.046127+00:00
[2023-05-20T02:20:01.059+0000] {processor.py:175} INFO - Processing /home/airflow/.local/lib/python3.7/site-packages/airflow/example_dags/example_short_circuit_decorator.py took 0.085 seconds
[2023-05-20T02:20:31.719+0000] {processor.py:153} INFO - Started process (PID=728) to work on /home/airflow/.local/lib/python3.7/site-packages/airflow/example_dags/example_short_circuit_decorator.py
[2023-05-20T02:20:31.721+0000] {processor.py:743} INFO - Processing file /home/airflow/.local/lib/python3.7/site-packages/airflow/example_dags/example_short_circuit_decorator.py for tasks to queue
[2023-05-20T02:20:31.722+0000] {logging_mixin.py:137} INFO - [2023-05-20T02:20:31.722+0000] {dagbag.py:532} INFO - Filling up the DagBag from /home/airflow/.local/lib/python3.7/site-packages/airflow/example_dags/example_short_circuit_decorator.py
[2023-05-20T02:20:31.739+0000] {processor.py:753} INFO - DAG(s) dict_keys(['example_short_circuit_decorator']) retrieved from /home/airflow/.local/lib/python3.7/site-packages/airflow/example_dags/example_short_circuit_decorator.py
[2023-05-20T02:20:31.762+0000] {logging_mixin.py:137} INFO - [2023-05-20T02:20:31.762+0000] {dag.py:2705} INFO - Sync 1 DAGs
[2023-05-20T02:20:31.779+0000] {logging_mixin.py:137} INFO - [2023-05-20T02:20:31.779+0000] {dag.py:3456} INFO - Setting next_dagrun for example_short_circuit_decorator to 2023-05-19T02:20:31.778934+00:00, run_after=2023-05-20T02:20:31.778934+00:00
[2023-05-20T02:20:31.795+0000] {processor.py:175} INFO - Processing /home/airflow/.local/lib/python3.7/site-packages/airflow/example_dags/example_short_circuit_decorator.py took 0.078 seconds
[2023-05-20T02:21:02.941+0000] {processor.py:153} INFO - Started process (PID=952) to work on /home/airflow/.local/lib/python3.7/site-packages/airflow/example_dags/example_short_circuit_decorator.py
[2023-05-20T02:21:02.943+0000] {processor.py:743} INFO - Processing file /home/airflow/.local/lib/python3.7/site-packages/airflow/example_dags/example_short_circuit_decorator.py for tasks to queue
[2023-05-20T02:21:02.944+0000] {logging_mixin.py:137} INFO - [2023-05-20T02:21:02.944+0000] {dagbag.py:532} INFO - Filling up the DagBag from /home/airflow/.local/lib/python3.7/site-packages/airflow/example_dags/example_short_circuit_decorator.py
[2023-05-20T02:21:02.963+0000] {processor.py:753} INFO - DAG(s) dict_keys(['example_short_circuit_decorator']) retrieved from /home/airflow/.local/lib/python3.7/site-packages/airflow/example_dags/example_short_circuit_decorator.py
[2023-05-20T02:21:02.986+0000] {logging_mixin.py:137} INFO - [2023-05-20T02:21:02.986+0000] {dag.py:2705} INFO - Sync 1 DAGs
[2023-05-20T02:21:03.004+0000] {logging_mixin.py:137} INFO - [2023-05-20T02:21:03.004+0000] {dag.py:3456} INFO - Setting next_dagrun for example_short_circuit_decorator to 2023-05-19T02:21:03.004228+00:00, run_after=2023-05-20T02:21:03.004228+00:00
[2023-05-20T02:21:03.017+0000] {processor.py:175} INFO - Processing /home/airflow/.local/lib/python3.7/site-packages/airflow/example_dags/example_short_circuit_decorator.py took 0.079 seconds
[2023-05-20T02:21:33.129+0000] {processor.py:153} INFO - Started process (PID=1176) to work on /home/airflow/.local/lib/python3.7/site-packages/airflow/example_dags/example_short_circuit_decorator.py
[2023-05-20T02:21:33.131+0000] {processor.py:743} INFO - Processing file /home/airflow/.local/lib/python3.7/site-packages/airflow/example_dags/example_short_circuit_decorator.py for tasks to queue
[2023-05-20T02:21:33.133+0000] {logging_mixin.py:137} INFO - [2023-05-20T02:21:33.133+0000] {dagbag.py:532} INFO - Filling up the DagBag from /home/airflow/.local/lib/python3.7/site-packages/airflow/example_dags/example_short_circuit_decorator.py
[2023-05-20T02:21:33.152+0000] {processor.py:753} INFO - DAG(s) dict_keys(['example_short_circuit_decorator']) retrieved from /home/airflow/.local/lib/python3.7/site-packages/airflow/example_dags/example_short_circuit_decorator.py
[2023-05-20T02:21:33.174+0000] {logging_mixin.py:137} INFO - [2023-05-20T02:21:33.174+0000] {dag.py:2705} INFO - Sync 1 DAGs
[2023-05-20T02:21:33.190+0000] {logging_mixin.py:137} INFO - [2023-05-20T02:21:33.190+0000] {dag.py:3456} INFO - Setting next_dagrun for example_short_circuit_decorator to 2023-05-19T02:21:33.190647+00:00, run_after=2023-05-20T02:21:33.190647+00:00
[2023-05-20T02:21:33.203+0000] {processor.py:175} INFO - Processing /home/airflow/.local/lib/python3.7/site-packages/airflow/example_dags/example_short_circuit_decorator.py took 0.077 seconds
[2023-05-20T02:22:04.242+0000] {processor.py:153} INFO - Started process (PID=1400) to work on /home/airflow/.local/lib/python3.7/site-packages/airflow/example_dags/example_short_circuit_decorator.py
[2023-05-20T02:22:04.243+0000] {processor.py:743} INFO - Processing file /home/airflow/.local/lib/python3.7/site-packages/airflow/example_dags/example_short_circuit_decorator.py for tasks to queue
[2023-05-20T02:22:04.245+0000] {logging_mixin.py:137} INFO - [2023-05-20T02:22:04.245+0000] {dagbag.py:532} INFO - Filling up the DagBag from /home/airflow/.local/lib/python3.7/site-packages/airflow/example_dags/example_short_circuit_decorator.py
[2023-05-20T02:22:04.263+0000] {processor.py:753} INFO - DAG(s) dict_keys(['example_short_circuit_decorator']) retrieved from /home/airflow/.local/lib/python3.7/site-packages/airflow/example_dags/example_short_circuit_decorator.py
[2023-05-20T02:22:04.291+0000] {logging_mixin.py:137} INFO - [2023-05-20T02:22:04.291+0000] {dag.py:2705} INFO - Sync 1 DAGs
[2023-05-20T02:22:04.308+0000] {logging_mixin.py:137} INFO - [2023-05-20T02:22:04.308+0000] {dag.py:3456} INFO - Setting next_dagrun for example_short_circuit_decorator to 2023-05-19T02:22:04.308603+00:00, run_after=2023-05-20T02:22:04.308603+00:00
[2023-05-20T02:22:04.321+0000] {processor.py:175} INFO - Processing /home/airflow/.local/lib/python3.7/site-packages/airflow/example_dags/example_short_circuit_decorator.py took 0.083 seconds
