[2023-05-20T02:19:29.979+0000] {processor.py:153} INFO - Started process (PID=230) to work on /home/airflow/.local/lib/python3.7/site-packages/airflow/example_dags/example_branch_operator_decorator.py
[2023-05-20T02:19:29.981+0000] {processor.py:743} INFO - Processing file /home/airflow/.local/lib/python3.7/site-packages/airflow/example_dags/example_branch_operator_decorator.py for tasks to queue
[2023-05-20T02:19:29.982+0000] {logging_mixin.py:137} INFO - [2023-05-20T02:19:29.982+0000] {dagbag.py:532} INFO - Filling up the DagBag from /home/airflow/.local/lib/python3.7/site-packages/airflow/example_dags/example_branch_operator_decorator.py
[2023-05-20T02:19:30.001+0000] {processor.py:753} INFO - DAG(s) dict_keys(['example_branch_python_operator_decorator']) retrieved from /home/airflow/.local/lib/python3.7/site-packages/airflow/example_dags/example_branch_operator_decorator.py
[2023-05-20T02:19:30.024+0000] {logging_mixin.py:137} INFO - [2023-05-20T02:19:30.024+0000] {dag.py:2705} INFO - Sync 1 DAGs
[2023-05-20T02:19:30.042+0000] {logging_mixin.py:137} INFO - [2023-05-20T02:19:30.042+0000] {dag.py:3456} INFO - Setting next_dagrun for example_branch_python_operator_decorator to 2023-05-19T00:00:00+00:00, run_after=2023-05-20T00:00:00+00:00
[2023-05-20T02:19:30.055+0000] {processor.py:175} INFO - Processing /home/airflow/.local/lib/python3.7/site-packages/airflow/example_dags/example_branch_operator_decorator.py took 0.079 seconds
[2023-05-20T02:20:00.450+0000] {processor.py:153} INFO - Started process (PID=454) to work on /home/airflow/.local/lib/python3.7/site-packages/airflow/example_dags/example_branch_operator_decorator.py
[2023-05-20T02:20:00.452+0000] {processor.py:743} INFO - Processing file /home/airflow/.local/lib/python3.7/site-packages/airflow/example_dags/example_branch_operator_decorator.py for tasks to queue
[2023-05-20T02:20:00.453+0000] {logging_mixin.py:137} INFO - [2023-05-20T02:20:00.453+0000] {dagbag.py:532} INFO - Filling up the DagBag from /home/airflow/.local/lib/python3.7/site-packages/airflow/example_dags/example_branch_operator_decorator.py
[2023-05-20T02:20:00.473+0000] {processor.py:753} INFO - DAG(s) dict_keys(['example_branch_python_operator_decorator']) retrieved from /home/airflow/.local/lib/python3.7/site-packages/airflow/example_dags/example_branch_operator_decorator.py
[2023-05-20T02:20:00.499+0000] {logging_mixin.py:137} INFO - [2023-05-20T02:20:00.499+0000] {dag.py:2705} INFO - Sync 1 DAGs
[2023-05-20T02:20:00.518+0000] {logging_mixin.py:137} INFO - [2023-05-20T02:20:00.518+0000] {dag.py:3456} INFO - Setting next_dagrun for example_branch_python_operator_decorator to 2023-05-19T00:00:00+00:00, run_after=2023-05-20T00:00:00+00:00
[2023-05-20T02:20:00.529+0000] {processor.py:175} INFO - Processing /home/airflow/.local/lib/python3.7/site-packages/airflow/example_dags/example_branch_operator_decorator.py took 0.082 seconds
[2023-05-20T02:20:31.217+0000] {processor.py:153} INFO - Started process (PID=678) to work on /home/airflow/.local/lib/python3.7/site-packages/airflow/example_dags/example_branch_operator_decorator.py
[2023-05-20T02:20:31.219+0000] {processor.py:743} INFO - Processing file /home/airflow/.local/lib/python3.7/site-packages/airflow/example_dags/example_branch_operator_decorator.py for tasks to queue
[2023-05-20T02:20:31.220+0000] {logging_mixin.py:137} INFO - [2023-05-20T02:20:31.220+0000] {dagbag.py:532} INFO - Filling up the DagBag from /home/airflow/.local/lib/python3.7/site-packages/airflow/example_dags/example_branch_operator_decorator.py
[2023-05-20T02:20:31.237+0000] {processor.py:753} INFO - DAG(s) dict_keys(['example_branch_python_operator_decorator']) retrieved from /home/airflow/.local/lib/python3.7/site-packages/airflow/example_dags/example_branch_operator_decorator.py
[2023-05-20T02:20:31.260+0000] {logging_mixin.py:137} INFO - [2023-05-20T02:20:31.260+0000] {dag.py:2705} INFO - Sync 1 DAGs
[2023-05-20T02:20:31.279+0000] {logging_mixin.py:137} INFO - [2023-05-20T02:20:31.279+0000] {dag.py:3456} INFO - Setting next_dagrun for example_branch_python_operator_decorator to 2023-05-19T00:00:00+00:00, run_after=2023-05-20T00:00:00+00:00
[2023-05-20T02:20:31.294+0000] {processor.py:175} INFO - Processing /home/airflow/.local/lib/python3.7/site-packages/airflow/example_dags/example_branch_operator_decorator.py took 0.079 seconds
[2023-05-20T02:21:02.365+0000] {processor.py:153} INFO - Started process (PID=902) to work on /home/airflow/.local/lib/python3.7/site-packages/airflow/example_dags/example_branch_operator_decorator.py
[2023-05-20T02:21:02.367+0000] {processor.py:743} INFO - Processing file /home/airflow/.local/lib/python3.7/site-packages/airflow/example_dags/example_branch_operator_decorator.py for tasks to queue
[2023-05-20T02:21:02.370+0000] {logging_mixin.py:137} INFO - [2023-05-20T02:21:02.370+0000] {dagbag.py:532} INFO - Filling up the DagBag from /home/airflow/.local/lib/python3.7/site-packages/airflow/example_dags/example_branch_operator_decorator.py
[2023-05-20T02:21:02.390+0000] {processor.py:753} INFO - DAG(s) dict_keys(['example_branch_python_operator_decorator']) retrieved from /home/airflow/.local/lib/python3.7/site-packages/airflow/example_dags/example_branch_operator_decorator.py
[2023-05-20T02:21:02.415+0000] {logging_mixin.py:137} INFO - [2023-05-20T02:21:02.414+0000] {dag.py:2705} INFO - Sync 1 DAGs
[2023-05-20T02:21:02.436+0000] {logging_mixin.py:137} INFO - [2023-05-20T02:21:02.436+0000] {dag.py:3456} INFO - Setting next_dagrun for example_branch_python_operator_decorator to 2023-05-19T00:00:00+00:00, run_after=2023-05-20T00:00:00+00:00
[2023-05-20T02:21:02.448+0000] {processor.py:175} INFO - Processing /home/airflow/.local/lib/python3.7/site-packages/airflow/example_dags/example_branch_operator_decorator.py took 0.087 seconds
[2023-05-20T02:21:32.532+0000] {processor.py:153} INFO - Started process (PID=1128) to work on /home/airflow/.local/lib/python3.7/site-packages/airflow/example_dags/example_branch_operator_decorator.py
[2023-05-20T02:21:32.534+0000] {processor.py:743} INFO - Processing file /home/airflow/.local/lib/python3.7/site-packages/airflow/example_dags/example_branch_operator_decorator.py for tasks to queue
[2023-05-20T02:21:32.535+0000] {logging_mixin.py:137} INFO - [2023-05-20T02:21:32.535+0000] {dagbag.py:532} INFO - Filling up the DagBag from /home/airflow/.local/lib/python3.7/site-packages/airflow/example_dags/example_branch_operator_decorator.py
[2023-05-20T02:21:32.553+0000] {processor.py:753} INFO - DAG(s) dict_keys(['example_branch_python_operator_decorator']) retrieved from /home/airflow/.local/lib/python3.7/site-packages/airflow/example_dags/example_branch_operator_decorator.py
[2023-05-20T02:21:32.576+0000] {logging_mixin.py:137} INFO - [2023-05-20T02:21:32.575+0000] {dag.py:2705} INFO - Sync 1 DAGs
[2023-05-20T02:21:32.593+0000] {logging_mixin.py:137} INFO - [2023-05-20T02:21:32.593+0000] {dag.py:3456} INFO - Setting next_dagrun for example_branch_python_operator_decorator to 2023-05-19T00:00:00+00:00, run_after=2023-05-20T00:00:00+00:00
[2023-05-20T02:21:32.605+0000] {processor.py:175} INFO - Processing /home/airflow/.local/lib/python3.7/site-packages/airflow/example_dags/example_branch_operator_decorator.py took 0.075 seconds
[2023-05-20T02:22:03.661+0000] {processor.py:153} INFO - Started process (PID=1349) to work on /home/airflow/.local/lib/python3.7/site-packages/airflow/example_dags/example_branch_operator_decorator.py
[2023-05-20T02:22:03.662+0000] {processor.py:743} INFO - Processing file /home/airflow/.local/lib/python3.7/site-packages/airflow/example_dags/example_branch_operator_decorator.py for tasks to queue
[2023-05-20T02:22:03.664+0000] {logging_mixin.py:137} INFO - [2023-05-20T02:22:03.664+0000] {dagbag.py:532} INFO - Filling up the DagBag from /home/airflow/.local/lib/python3.7/site-packages/airflow/example_dags/example_branch_operator_decorator.py
[2023-05-20T02:22:03.680+0000] {processor.py:753} INFO - DAG(s) dict_keys(['example_branch_python_operator_decorator']) retrieved from /home/airflow/.local/lib/python3.7/site-packages/airflow/example_dags/example_branch_operator_decorator.py
[2023-05-20T02:22:03.702+0000] {logging_mixin.py:137} INFO - [2023-05-20T02:22:03.702+0000] {dag.py:2705} INFO - Sync 1 DAGs
[2023-05-20T02:22:03.723+0000] {logging_mixin.py:137} INFO - [2023-05-20T02:22:03.723+0000] {dag.py:3456} INFO - Setting next_dagrun for example_branch_python_operator_decorator to 2023-05-19T00:00:00+00:00, run_after=2023-05-20T00:00:00+00:00
[2023-05-20T02:22:03.736+0000] {processor.py:175} INFO - Processing /home/airflow/.local/lib/python3.7/site-packages/airflow/example_dags/example_branch_operator_decorator.py took 0.078 seconds
[2023-05-20T02:22:34.592+0000] {processor.py:153} INFO - Started process (PID=1573) to work on /home/airflow/.local/lib/python3.7/site-packages/airflow/example_dags/example_branch_operator_decorator.py
[2023-05-20T02:22:34.595+0000] {processor.py:743} INFO - Processing file /home/airflow/.local/lib/python3.7/site-packages/airflow/example_dags/example_branch_operator_decorator.py for tasks to queue
[2023-05-20T02:22:34.596+0000] {logging_mixin.py:137} INFO - [2023-05-20T02:22:34.596+0000] {dagbag.py:532} INFO - Filling up the DagBag from /home/airflow/.local/lib/python3.7/site-packages/airflow/example_dags/example_branch_operator_decorator.py
[2023-05-20T02:22:34.615+0000] {processor.py:753} INFO - DAG(s) dict_keys(['example_branch_python_operator_decorator']) retrieved from /home/airflow/.local/lib/python3.7/site-packages/airflow/example_dags/example_branch_operator_decorator.py
[2023-05-20T02:22:34.639+0000] {logging_mixin.py:137} INFO - [2023-05-20T02:22:34.639+0000] {dag.py:2705} INFO - Sync 1 DAGs
[2023-05-20T02:22:34.657+0000] {logging_mixin.py:137} INFO - [2023-05-20T02:22:34.657+0000] {dag.py:3456} INFO - Setting next_dagrun for example_branch_python_operator_decorator to 2023-05-19T00:00:00+00:00, run_after=2023-05-20T00:00:00+00:00
[2023-05-20T02:22:34.671+0000] {processor.py:175} INFO - Processing /home/airflow/.local/lib/python3.7/site-packages/airflow/example_dags/example_branch_operator_decorator.py took 0.082 seconds
