[2023-05-20T02:19:30.420+0000] {processor.py:153} INFO - Started process (PID=262) to work on /home/airflow/.local/lib/python3.7/site-packages/airflow/example_dags/example_latest_only_with_trigger.py
[2023-05-20T02:19:30.422+0000] {processor.py:743} INFO - Processing file /home/airflow/.local/lib/python3.7/site-packages/airflow/example_dags/example_latest_only_with_trigger.py for tasks to queue
[2023-05-20T02:19:30.424+0000] {logging_mixin.py:137} INFO - [2023-05-20T02:19:30.424+0000] {dagbag.py:532} INFO - Filling up the DagBag from /home/airflow/.local/lib/python3.7/site-packages/airflow/example_dags/example_latest_only_with_trigger.py
[2023-05-20T02:19:30.441+0000] {processor.py:753} INFO - DAG(s) dict_keys(['latest_only_with_trigger']) retrieved from /home/airflow/.local/lib/python3.7/site-packages/airflow/example_dags/example_latest_only_with_trigger.py
[2023-05-20T02:19:30.463+0000] {logging_mixin.py:137} INFO - [2023-05-20T02:19:30.463+0000] {dag.py:2705} INFO - Sync 1 DAGs
[2023-05-20T02:19:30.486+0000] {logging_mixin.py:137} INFO - [2023-05-20T02:19:30.485+0000] {dag.py:3456} INFO - Setting next_dagrun for latest_only_with_trigger to 2023-05-19T22:19:30.485701+00:00, run_after=2023-05-20T02:19:30.485701+00:00
[2023-05-20T02:19:30.500+0000] {processor.py:175} INFO - Processing /home/airflow/.local/lib/python3.7/site-packages/airflow/example_dags/example_latest_only_with_trigger.py took 0.083 seconds
[2023-05-20T02:20:00.776+0000] {processor.py:153} INFO - Started process (PID=484) to work on /home/airflow/.local/lib/python3.7/site-packages/airflow/example_dags/example_latest_only_with_trigger.py
[2023-05-20T02:20:00.778+0000] {processor.py:743} INFO - Processing file /home/airflow/.local/lib/python3.7/site-packages/airflow/example_dags/example_latest_only_with_trigger.py for tasks to queue
[2023-05-20T02:20:00.779+0000] {logging_mixin.py:137} INFO - [2023-05-20T02:20:00.779+0000] {dagbag.py:532} INFO - Filling up the DagBag from /home/airflow/.local/lib/python3.7/site-packages/airflow/example_dags/example_latest_only_with_trigger.py
[2023-05-20T02:20:00.790+0000] {processor.py:753} INFO - DAG(s) dict_keys(['latest_only_with_trigger']) retrieved from /home/airflow/.local/lib/python3.7/site-packages/airflow/example_dags/example_latest_only_with_trigger.py
[2023-05-20T02:20:00.817+0000] {logging_mixin.py:137} INFO - [2023-05-20T02:20:00.817+0000] {dag.py:2705} INFO - Sync 1 DAGs
[2023-05-20T02:20:00.834+0000] {logging_mixin.py:137} INFO - [2023-05-20T02:20:00.834+0000] {dag.py:3456} INFO - Setting next_dagrun for latest_only_with_trigger to 2023-05-19T22:20:00.834283+00:00, run_after=2023-05-20T02:20:00.834283+00:00
[2023-05-20T02:20:00.847+0000] {processor.py:175} INFO - Processing /home/airflow/.local/lib/python3.7/site-packages/airflow/example_dags/example_latest_only_with_trigger.py took 0.074 seconds
[2023-05-20T02:20:31.523+0000] {processor.py:153} INFO - Started process (PID=708) to work on /home/airflow/.local/lib/python3.7/site-packages/airflow/example_dags/example_latest_only_with_trigger.py
[2023-05-20T02:20:31.525+0000] {processor.py:743} INFO - Processing file /home/airflow/.local/lib/python3.7/site-packages/airflow/example_dags/example_latest_only_with_trigger.py for tasks to queue
[2023-05-20T02:20:31.526+0000] {logging_mixin.py:137} INFO - [2023-05-20T02:20:31.526+0000] {dagbag.py:532} INFO - Filling up the DagBag from /home/airflow/.local/lib/python3.7/site-packages/airflow/example_dags/example_latest_only_with_trigger.py
[2023-05-20T02:20:31.538+0000] {processor.py:753} INFO - DAG(s) dict_keys(['latest_only_with_trigger']) retrieved from /home/airflow/.local/lib/python3.7/site-packages/airflow/example_dags/example_latest_only_with_trigger.py
[2023-05-20T02:20:31.558+0000] {logging_mixin.py:137} INFO - [2023-05-20T02:20:31.558+0000] {dag.py:2705} INFO - Sync 1 DAGs
[2023-05-20T02:20:31.576+0000] {logging_mixin.py:137} INFO - [2023-05-20T02:20:31.576+0000] {dag.py:3456} INFO - Setting next_dagrun for latest_only_with_trigger to 2023-05-19T22:20:31.576136+00:00, run_after=2023-05-20T02:20:31.576136+00:00
[2023-05-20T02:20:31.591+0000] {processor.py:175} INFO - Processing /home/airflow/.local/lib/python3.7/site-packages/airflow/example_dags/example_latest_only_with_trigger.py took 0.071 seconds
[2023-05-20T02:21:02.722+0000] {processor.py:153} INFO - Started process (PID=932) to work on /home/airflow/.local/lib/python3.7/site-packages/airflow/example_dags/example_latest_only_with_trigger.py
[2023-05-20T02:21:02.724+0000] {processor.py:743} INFO - Processing file /home/airflow/.local/lib/python3.7/site-packages/airflow/example_dags/example_latest_only_with_trigger.py for tasks to queue
[2023-05-20T02:21:02.726+0000] {logging_mixin.py:137} INFO - [2023-05-20T02:21:02.726+0000] {dagbag.py:532} INFO - Filling up the DagBag from /home/airflow/.local/lib/python3.7/site-packages/airflow/example_dags/example_latest_only_with_trigger.py
[2023-05-20T02:21:02.742+0000] {processor.py:753} INFO - DAG(s) dict_keys(['latest_only_with_trigger']) retrieved from /home/airflow/.local/lib/python3.7/site-packages/airflow/example_dags/example_latest_only_with_trigger.py
[2023-05-20T02:21:02.768+0000] {logging_mixin.py:137} INFO - [2023-05-20T02:21:02.768+0000] {dag.py:2705} INFO - Sync 1 DAGs
[2023-05-20T02:21:02.788+0000] {logging_mixin.py:137} INFO - [2023-05-20T02:21:02.788+0000] {dag.py:3456} INFO - Setting next_dagrun for latest_only_with_trigger to 2023-05-19T22:21:02.788240+00:00, run_after=2023-05-20T02:21:02.788240+00:00
[2023-05-20T02:21:02.803+0000] {processor.py:175} INFO - Processing /home/airflow/.local/lib/python3.7/site-packages/airflow/example_dags/example_latest_only_with_trigger.py took 0.084 seconds
[2023-05-20T02:21:32.836+0000] {processor.py:153} INFO - Started process (PID=1156) to work on /home/airflow/.local/lib/python3.7/site-packages/airflow/example_dags/example_latest_only_with_trigger.py
[2023-05-20T02:21:32.838+0000] {processor.py:743} INFO - Processing file /home/airflow/.local/lib/python3.7/site-packages/airflow/example_dags/example_latest_only_with_trigger.py for tasks to queue
[2023-05-20T02:21:32.840+0000] {logging_mixin.py:137} INFO - [2023-05-20T02:21:32.839+0000] {dagbag.py:532} INFO - Filling up the DagBag from /home/airflow/.local/lib/python3.7/site-packages/airflow/example_dags/example_latest_only_with_trigger.py
[2023-05-20T02:21:32.852+0000] {processor.py:753} INFO - DAG(s) dict_keys(['latest_only_with_trigger']) retrieved from /home/airflow/.local/lib/python3.7/site-packages/airflow/example_dags/example_latest_only_with_trigger.py
[2023-05-20T02:21:32.872+0000] {logging_mixin.py:137} INFO - [2023-05-20T02:21:32.872+0000] {dag.py:2705} INFO - Sync 1 DAGs
[2023-05-20T02:21:32.888+0000] {logging_mixin.py:137} INFO - [2023-05-20T02:21:32.888+0000] {dag.py:3456} INFO - Setting next_dagrun for latest_only_with_trigger to 2023-05-19T22:21:32.888069+00:00, run_after=2023-05-20T02:21:32.888069+00:00
[2023-05-20T02:21:32.898+0000] {processor.py:175} INFO - Processing /home/airflow/.local/lib/python3.7/site-packages/airflow/example_dags/example_latest_only_with_trigger.py took 0.065 seconds
[2023-05-20T02:22:04.047+0000] {processor.py:153} INFO - Started process (PID=1382) to work on /home/airflow/.local/lib/python3.7/site-packages/airflow/example_dags/example_latest_only_with_trigger.py
[2023-05-20T02:22:04.049+0000] {processor.py:743} INFO - Processing file /home/airflow/.local/lib/python3.7/site-packages/airflow/example_dags/example_latest_only_with_trigger.py for tasks to queue
[2023-05-20T02:22:04.050+0000] {logging_mixin.py:137} INFO - [2023-05-20T02:22:04.050+0000] {dagbag.py:532} INFO - Filling up the DagBag from /home/airflow/.local/lib/python3.7/site-packages/airflow/example_dags/example_latest_only_with_trigger.py
[2023-05-20T02:22:04.061+0000] {processor.py:753} INFO - DAG(s) dict_keys(['latest_only_with_trigger']) retrieved from /home/airflow/.local/lib/python3.7/site-packages/airflow/example_dags/example_latest_only_with_trigger.py
[2023-05-20T02:22:04.081+0000] {logging_mixin.py:137} INFO - [2023-05-20T02:22:04.081+0000] {dag.py:2705} INFO - Sync 1 DAGs
[2023-05-20T02:22:04.098+0000] {logging_mixin.py:137} INFO - [2023-05-20T02:22:04.098+0000] {dag.py:3456} INFO - Setting next_dagrun for latest_only_with_trigger to 2023-05-19T22:22:04.098384+00:00, run_after=2023-05-20T02:22:04.098384+00:00
[2023-05-20T02:22:04.113+0000] {processor.py:175} INFO - Processing /home/airflow/.local/lib/python3.7/site-packages/airflow/example_dags/example_latest_only_with_trigger.py took 0.068 seconds
[2023-05-20T02:22:34.904+0000] {processor.py:153} INFO - Started process (PID=1603) to work on /home/airflow/.local/lib/python3.7/site-packages/airflow/example_dags/example_latest_only_with_trigger.py
[2023-05-20T02:22:34.906+0000] {processor.py:743} INFO - Processing file /home/airflow/.local/lib/python3.7/site-packages/airflow/example_dags/example_latest_only_with_trigger.py for tasks to queue
[2023-05-20T02:22:34.907+0000] {logging_mixin.py:137} INFO - [2023-05-20T02:22:34.907+0000] {dagbag.py:532} INFO - Filling up the DagBag from /home/airflow/.local/lib/python3.7/site-packages/airflow/example_dags/example_latest_only_with_trigger.py
[2023-05-20T02:22:34.918+0000] {processor.py:753} INFO - DAG(s) dict_keys(['latest_only_with_trigger']) retrieved from /home/airflow/.local/lib/python3.7/site-packages/airflow/example_dags/example_latest_only_with_trigger.py
[2023-05-20T02:22:34.941+0000] {logging_mixin.py:137} INFO - [2023-05-20T02:22:34.941+0000] {dag.py:2705} INFO - Sync 1 DAGs
[2023-05-20T02:22:34.957+0000] {logging_mixin.py:137} INFO - [2023-05-20T02:22:34.957+0000] {dag.py:3456} INFO - Setting next_dagrun for latest_only_with_trigger to 2023-05-19T22:22:34.957575+00:00, run_after=2023-05-20T02:22:34.957575+00:00
[2023-05-20T02:22:34.970+0000] {processor.py:175} INFO - Processing /home/airflow/.local/lib/python3.7/site-packages/airflow/example_dags/example_latest_only_with_trigger.py took 0.069 seconds
