[2023-05-20T02:19:29.340+0000] {processor.py:153} INFO - Started process (PID=190) to work on /home/airflow/.local/lib/python3.7/site-packages/airflow/example_dags/example_python_operator.py
[2023-05-20T02:19:29.341+0000] {processor.py:743} INFO - Processing file /home/airflow/.local/lib/python3.7/site-packages/airflow/example_dags/example_python_operator.py for tasks to queue
[2023-05-20T02:19:29.343+0000] {logging_mixin.py:137} INFO - [2023-05-20T02:19:29.342+0000] {dagbag.py:532} INFO - Filling up the DagBag from /home/airflow/.local/lib/python3.7/site-packages/airflow/example_dags/example_python_operator.py
[2023-05-20T02:19:29.357+0000] {logging_mixin.py:137} INFO - [2023-05-20T02:19:29.357+0000] {taskmixin.py:211} WARNING - Dependency <Task(_PythonDecoratedOperator): print_the_context>, log_sql_query already registered for DAG: example_python_operator
[2023-05-20T02:19:29.359+0000] {logging_mixin.py:137} INFO - [2023-05-20T02:19:29.359+0000] {taskmixin.py:211} WARNING - Dependency <Task(_PythonDecoratedOperator): log_sql_query>, print_the_context already registered for DAG: example_python_operator
[2023-05-20T02:19:29.360+0000] {logging_mixin.py:137} INFO - [2023-05-20T02:19:29.360+0000] {taskmixin.py:211} WARNING - Dependency <Task(_PythonDecoratedOperator): print_the_context>, log_sql_query already registered for DAG: example_python_operator
[2023-05-20T02:19:29.361+0000] {logging_mixin.py:137} INFO - [2023-05-20T02:19:29.361+0000] {taskmixin.py:211} WARNING - Dependency <Task(_PythonDecoratedOperator): log_sql_query>, print_the_context already registered for DAG: example_python_operator
[2023-05-20T02:19:29.364+0000] {logging_mixin.py:137} INFO - [2023-05-20T02:19:29.364+0000] {taskmixin.py:211} WARNING - Dependency <Task(_PythonDecoratedOperator): print_the_context>, log_sql_query already registered for DAG: example_python_operator
[2023-05-20T02:19:29.365+0000] {logging_mixin.py:137} INFO - [2023-05-20T02:19:29.365+0000] {taskmixin.py:211} WARNING - Dependency <Task(_PythonDecoratedOperator): log_sql_query>, print_the_context already registered for DAG: example_python_operator
[2023-05-20T02:19:29.366+0000] {logging_mixin.py:137} INFO - [2023-05-20T02:19:29.366+0000] {taskmixin.py:211} WARNING - Dependency <Task(_PythonDecoratedOperator): print_the_context>, log_sql_query already registered for DAG: example_python_operator
[2023-05-20T02:19:29.367+0000] {logging_mixin.py:137} INFO - [2023-05-20T02:19:29.367+0000] {taskmixin.py:211} WARNING - Dependency <Task(_PythonDecoratedOperator): log_sql_query>, print_the_context already registered for DAG: example_python_operator
[2023-05-20T02:19:29.373+0000] {processor.py:753} INFO - DAG(s) dict_keys(['example_python_operator']) retrieved from /home/airflow/.local/lib/python3.7/site-packages/airflow/example_dags/example_python_operator.py
[2023-05-20T02:19:29.435+0000] {logging_mixin.py:137} INFO - [2023-05-20T02:19:29.435+0000] {dag.py:2705} INFO - Sync 1 DAGs
[2023-05-20T02:19:29.453+0000] {logging_mixin.py:137} INFO - [2023-05-20T02:19:29.453+0000] {dag.py:3456} INFO - Setting next_dagrun for example_python_operator to None, run_after=None
[2023-05-20T02:19:29.469+0000] {processor.py:175} INFO - Processing /home/airflow/.local/lib/python3.7/site-packages/airflow/example_dags/example_python_operator.py took 0.133 seconds
[2023-05-20T02:19:59.761+0000] {processor.py:153} INFO - Started process (PID=412) to work on /home/airflow/.local/lib/python3.7/site-packages/airflow/example_dags/example_python_operator.py
[2023-05-20T02:19:59.763+0000] {processor.py:743} INFO - Processing file /home/airflow/.local/lib/python3.7/site-packages/airflow/example_dags/example_python_operator.py for tasks to queue
[2023-05-20T02:19:59.764+0000] {logging_mixin.py:137} INFO - [2023-05-20T02:19:59.764+0000] {dagbag.py:532} INFO - Filling up the DagBag from /home/airflow/.local/lib/python3.7/site-packages/airflow/example_dags/example_python_operator.py
[2023-05-20T02:19:59.776+0000] {logging_mixin.py:137} INFO - [2023-05-20T02:19:59.776+0000] {taskmixin.py:211} WARNING - Dependency <Task(_PythonDecoratedOperator): print_the_context>, log_sql_query already registered for DAG: example_python_operator
[2023-05-20T02:19:59.779+0000] {logging_mixin.py:137} INFO - [2023-05-20T02:19:59.779+0000] {taskmixin.py:211} WARNING - Dependency <Task(_PythonDecoratedOperator): log_sql_query>, print_the_context already registered for DAG: example_python_operator
[2023-05-20T02:19:59.780+0000] {logging_mixin.py:137} INFO - [2023-05-20T02:19:59.780+0000] {taskmixin.py:211} WARNING - Dependency <Task(_PythonDecoratedOperator): print_the_context>, log_sql_query already registered for DAG: example_python_operator
[2023-05-20T02:19:59.781+0000] {logging_mixin.py:137} INFO - [2023-05-20T02:19:59.781+0000] {taskmixin.py:211} WARNING - Dependency <Task(_PythonDecoratedOperator): log_sql_query>, print_the_context already registered for DAG: example_python_operator
[2023-05-20T02:19:59.782+0000] {logging_mixin.py:137} INFO - [2023-05-20T02:19:59.782+0000] {taskmixin.py:211} WARNING - Dependency <Task(_PythonDecoratedOperator): print_the_context>, log_sql_query already registered for DAG: example_python_operator
[2023-05-20T02:19:59.783+0000] {logging_mixin.py:137} INFO - [2023-05-20T02:19:59.783+0000] {taskmixin.py:211} WARNING - Dependency <Task(_PythonDecoratedOperator): log_sql_query>, print_the_context already registered for DAG: example_python_operator
[2023-05-20T02:19:59.784+0000] {logging_mixin.py:137} INFO - [2023-05-20T02:19:59.784+0000] {taskmixin.py:211} WARNING - Dependency <Task(_PythonDecoratedOperator): print_the_context>, log_sql_query already registered for DAG: example_python_operator
[2023-05-20T02:19:59.785+0000] {logging_mixin.py:137} INFO - [2023-05-20T02:19:59.785+0000] {taskmixin.py:211} WARNING - Dependency <Task(_PythonDecoratedOperator): log_sql_query>, print_the_context already registered for DAG: example_python_operator
[2023-05-20T02:19:59.790+0000] {processor.py:753} INFO - DAG(s) dict_keys(['example_python_operator']) retrieved from /home/airflow/.local/lib/python3.7/site-packages/airflow/example_dags/example_python_operator.py
[2023-05-20T02:19:59.813+0000] {logging_mixin.py:137} INFO - [2023-05-20T02:19:59.813+0000] {dag.py:2705} INFO - Sync 1 DAGs
[2023-05-20T02:19:59.829+0000] {logging_mixin.py:137} INFO - [2023-05-20T02:19:59.829+0000] {dag.py:3456} INFO - Setting next_dagrun for example_python_operator to None, run_after=None
[2023-05-20T02:19:59.843+0000] {processor.py:175} INFO - Processing /home/airflow/.local/lib/python3.7/site-packages/airflow/example_dags/example_python_operator.py took 0.084 seconds
[2023-05-20T02:20:30.786+0000] {processor.py:153} INFO - Started process (PID=638) to work on /home/airflow/.local/lib/python3.7/site-packages/airflow/example_dags/example_python_operator.py
[2023-05-20T02:20:30.788+0000] {processor.py:743} INFO - Processing file /home/airflow/.local/lib/python3.7/site-packages/airflow/example_dags/example_python_operator.py for tasks to queue
[2023-05-20T02:20:30.789+0000] {logging_mixin.py:137} INFO - [2023-05-20T02:20:30.789+0000] {dagbag.py:532} INFO - Filling up the DagBag from /home/airflow/.local/lib/python3.7/site-packages/airflow/example_dags/example_python_operator.py
[2023-05-20T02:20:30.802+0000] {logging_mixin.py:137} INFO - [2023-05-20T02:20:30.802+0000] {taskmixin.py:211} WARNING - Dependency <Task(_PythonDecoratedOperator): print_the_context>, log_sql_query already registered for DAG: example_python_operator
[2023-05-20T02:20:30.804+0000] {logging_mixin.py:137} INFO - [2023-05-20T02:20:30.804+0000] {taskmixin.py:211} WARNING - Dependency <Task(_PythonDecoratedOperator): log_sql_query>, print_the_context already registered for DAG: example_python_operator
[2023-05-20T02:20:30.805+0000] {logging_mixin.py:137} INFO - [2023-05-20T02:20:30.805+0000] {taskmixin.py:211} WARNING - Dependency <Task(_PythonDecoratedOperator): print_the_context>, log_sql_query already registered for DAG: example_python_operator
[2023-05-20T02:20:30.806+0000] {logging_mixin.py:137} INFO - [2023-05-20T02:20:30.806+0000] {taskmixin.py:211} WARNING - Dependency <Task(_PythonDecoratedOperator): log_sql_query>, print_the_context already registered for DAG: example_python_operator
[2023-05-20T02:20:30.809+0000] {logging_mixin.py:137} INFO - [2023-05-20T02:20:30.809+0000] {taskmixin.py:211} WARNING - Dependency <Task(_PythonDecoratedOperator): print_the_context>, log_sql_query already registered for DAG: example_python_operator
[2023-05-20T02:20:30.810+0000] {logging_mixin.py:137} INFO - [2023-05-20T02:20:30.809+0000] {taskmixin.py:211} WARNING - Dependency <Task(_PythonDecoratedOperator): log_sql_query>, print_the_context already registered for DAG: example_python_operator
[2023-05-20T02:20:30.811+0000] {logging_mixin.py:137} INFO - [2023-05-20T02:20:30.811+0000] {taskmixin.py:211} WARNING - Dependency <Task(_PythonDecoratedOperator): print_the_context>, log_sql_query already registered for DAG: example_python_operator
[2023-05-20T02:20:30.812+0000] {logging_mixin.py:137} INFO - [2023-05-20T02:20:30.812+0000] {taskmixin.py:211} WARNING - Dependency <Task(_PythonDecoratedOperator): log_sql_query>, print_the_context already registered for DAG: example_python_operator
[2023-05-20T02:20:30.817+0000] {processor.py:753} INFO - DAG(s) dict_keys(['example_python_operator']) retrieved from /home/airflow/.local/lib/python3.7/site-packages/airflow/example_dags/example_python_operator.py
[2023-05-20T02:20:30.844+0000] {logging_mixin.py:137} INFO - [2023-05-20T02:20:30.844+0000] {dag.py:2705} INFO - Sync 1 DAGs
[2023-05-20T02:20:30.862+0000] {logging_mixin.py:137} INFO - [2023-05-20T02:20:30.862+0000] {dag.py:3456} INFO - Setting next_dagrun for example_python_operator to None, run_after=None
[2023-05-20T02:20:30.876+0000] {processor.py:175} INFO - Processing /home/airflow/.local/lib/python3.7/site-packages/airflow/example_dags/example_python_operator.py took 0.092 seconds
[2023-05-20T02:21:01.664+0000] {processor.py:153} INFO - Started process (PID=862) to work on /home/airflow/.local/lib/python3.7/site-packages/airflow/example_dags/example_python_operator.py
[2023-05-20T02:21:01.666+0000] {processor.py:743} INFO - Processing file /home/airflow/.local/lib/python3.7/site-packages/airflow/example_dags/example_python_operator.py for tasks to queue
[2023-05-20T02:21:01.667+0000] {logging_mixin.py:137} INFO - [2023-05-20T02:21:01.667+0000] {dagbag.py:532} INFO - Filling up the DagBag from /home/airflow/.local/lib/python3.7/site-packages/airflow/example_dags/example_python_operator.py
[2023-05-20T02:21:01.679+0000] {logging_mixin.py:137} INFO - [2023-05-20T02:21:01.679+0000] {taskmixin.py:211} WARNING - Dependency <Task(_PythonDecoratedOperator): print_the_context>, log_sql_query already registered for DAG: example_python_operator
[2023-05-20T02:21:01.680+0000] {logging_mixin.py:137} INFO - [2023-05-20T02:21:01.680+0000] {taskmixin.py:211} WARNING - Dependency <Task(_PythonDecoratedOperator): log_sql_query>, print_the_context already registered for DAG: example_python_operator
[2023-05-20T02:21:01.681+0000] {logging_mixin.py:137} INFO - [2023-05-20T02:21:01.681+0000] {taskmixin.py:211} WARNING - Dependency <Task(_PythonDecoratedOperator): print_the_context>, log_sql_query already registered for DAG: example_python_operator
[2023-05-20T02:21:01.683+0000] {logging_mixin.py:137} INFO - [2023-05-20T02:21:01.683+0000] {taskmixin.py:211} WARNING - Dependency <Task(_PythonDecoratedOperator): log_sql_query>, print_the_context already registered for DAG: example_python_operator
[2023-05-20T02:21:01.684+0000] {logging_mixin.py:137} INFO - [2023-05-20T02:21:01.684+0000] {taskmixin.py:211} WARNING - Dependency <Task(_PythonDecoratedOperator): print_the_context>, log_sql_query already registered for DAG: example_python_operator
[2023-05-20T02:21:01.685+0000] {logging_mixin.py:137} INFO - [2023-05-20T02:21:01.685+0000] {taskmixin.py:211} WARNING - Dependency <Task(_PythonDecoratedOperator): log_sql_query>, print_the_context already registered for DAG: example_python_operator
[2023-05-20T02:21:01.687+0000] {logging_mixin.py:137} INFO - [2023-05-20T02:21:01.687+0000] {taskmixin.py:211} WARNING - Dependency <Task(_PythonDecoratedOperator): print_the_context>, log_sql_query already registered for DAG: example_python_operator
[2023-05-20T02:21:01.689+0000] {logging_mixin.py:137} INFO - [2023-05-20T02:21:01.689+0000] {taskmixin.py:211} WARNING - Dependency <Task(_PythonDecoratedOperator): log_sql_query>, print_the_context already registered for DAG: example_python_operator
[2023-05-20T02:21:01.694+0000] {processor.py:753} INFO - DAG(s) dict_keys(['example_python_operator']) retrieved from /home/airflow/.local/lib/python3.7/site-packages/airflow/example_dags/example_python_operator.py
[2023-05-20T02:21:01.718+0000] {logging_mixin.py:137} INFO - [2023-05-20T02:21:01.718+0000] {dag.py:2705} INFO - Sync 1 DAGs
[2023-05-20T02:21:01.738+0000] {logging_mixin.py:137} INFO - [2023-05-20T02:21:01.738+0000] {dag.py:3456} INFO - Setting next_dagrun for example_python_operator to None, run_after=None
[2023-05-20T02:21:01.753+0000] {processor.py:175} INFO - Processing /home/airflow/.local/lib/python3.7/site-packages/airflow/example_dags/example_python_operator.py took 0.092 seconds
[2023-05-20T02:21:31.794+0000] {processor.py:153} INFO - Started process (PID=1084) to work on /home/airflow/.local/lib/python3.7/site-packages/airflow/example_dags/example_python_operator.py
[2023-05-20T02:21:31.795+0000] {processor.py:743} INFO - Processing file /home/airflow/.local/lib/python3.7/site-packages/airflow/example_dags/example_python_operator.py for tasks to queue
[2023-05-20T02:21:31.797+0000] {logging_mixin.py:137} INFO - [2023-05-20T02:21:31.796+0000] {dagbag.py:532} INFO - Filling up the DagBag from /home/airflow/.local/lib/python3.7/site-packages/airflow/example_dags/example_python_operator.py
[2023-05-20T02:21:31.810+0000] {logging_mixin.py:137} INFO - [2023-05-20T02:21:31.810+0000] {taskmixin.py:211} WARNING - Dependency <Task(_PythonDecoratedOperator): print_the_context>, log_sql_query already registered for DAG: example_python_operator
[2023-05-20T02:21:31.812+0000] {logging_mixin.py:137} INFO - [2023-05-20T02:21:31.811+0000] {taskmixin.py:211} WARNING - Dependency <Task(_PythonDecoratedOperator): log_sql_query>, print_the_context already registered for DAG: example_python_operator
[2023-05-20T02:21:31.813+0000] {logging_mixin.py:137} INFO - [2023-05-20T02:21:31.813+0000] {taskmixin.py:211} WARNING - Dependency <Task(_PythonDecoratedOperator): print_the_context>, log_sql_query already registered for DAG: example_python_operator
[2023-05-20T02:21:31.814+0000] {logging_mixin.py:137} INFO - [2023-05-20T02:21:31.814+0000] {taskmixin.py:211} WARNING - Dependency <Task(_PythonDecoratedOperator): log_sql_query>, print_the_context already registered for DAG: example_python_operator
[2023-05-20T02:21:31.816+0000] {logging_mixin.py:137} INFO - [2023-05-20T02:21:31.816+0000] {taskmixin.py:211} WARNING - Dependency <Task(_PythonDecoratedOperator): print_the_context>, log_sql_query already registered for DAG: example_python_operator
[2023-05-20T02:21:31.817+0000] {logging_mixin.py:137} INFO - [2023-05-20T02:21:31.816+0000] {taskmixin.py:211} WARNING - Dependency <Task(_PythonDecoratedOperator): log_sql_query>, print_the_context already registered for DAG: example_python_operator
[2023-05-20T02:21:31.818+0000] {logging_mixin.py:137} INFO - [2023-05-20T02:21:31.818+0000] {taskmixin.py:211} WARNING - Dependency <Task(_PythonDecoratedOperator): print_the_context>, log_sql_query already registered for DAG: example_python_operator
[2023-05-20T02:21:31.819+0000] {logging_mixin.py:137} INFO - [2023-05-20T02:21:31.819+0000] {taskmixin.py:211} WARNING - Dependency <Task(_PythonDecoratedOperator): log_sql_query>, print_the_context already registered for DAG: example_python_operator
[2023-05-20T02:21:31.824+0000] {processor.py:753} INFO - DAG(s) dict_keys(['example_python_operator']) retrieved from /home/airflow/.local/lib/python3.7/site-packages/airflow/example_dags/example_python_operator.py
[2023-05-20T02:21:31.846+0000] {logging_mixin.py:137} INFO - [2023-05-20T02:21:31.846+0000] {dag.py:2705} INFO - Sync 1 DAGs
[2023-05-20T02:21:31.865+0000] {logging_mixin.py:137} INFO - [2023-05-20T02:21:31.864+0000] {dag.py:3456} INFO - Setting next_dagrun for example_python_operator to None, run_after=None
[2023-05-20T02:21:31.879+0000] {processor.py:175} INFO - Processing /home/airflow/.local/lib/python3.7/site-packages/airflow/example_dags/example_python_operator.py took 0.089 seconds
[2023-05-20T02:22:01.952+0000] {processor.py:153} INFO - Started process (PID=1304) to work on /home/airflow/.local/lib/python3.7/site-packages/airflow/example_dags/example_python_operator.py
[2023-05-20T02:22:01.954+0000] {processor.py:743} INFO - Processing file /home/airflow/.local/lib/python3.7/site-packages/airflow/example_dags/example_python_operator.py for tasks to queue
[2023-05-20T02:22:01.955+0000] {logging_mixin.py:137} INFO - [2023-05-20T02:22:01.955+0000] {dagbag.py:532} INFO - Filling up the DagBag from /home/airflow/.local/lib/python3.7/site-packages/airflow/example_dags/example_python_operator.py
[2023-05-20T02:22:01.968+0000] {logging_mixin.py:137} INFO - [2023-05-20T02:22:01.968+0000] {taskmixin.py:211} WARNING - Dependency <Task(_PythonDecoratedOperator): print_the_context>, log_sql_query already registered for DAG: example_python_operator
[2023-05-20T02:22:01.970+0000] {logging_mixin.py:137} INFO - [2023-05-20T02:22:01.969+0000] {taskmixin.py:211} WARNING - Dependency <Task(_PythonDecoratedOperator): log_sql_query>, print_the_context already registered for DAG: example_python_operator
[2023-05-20T02:22:01.971+0000] {logging_mixin.py:137} INFO - [2023-05-20T02:22:01.971+0000] {taskmixin.py:211} WARNING - Dependency <Task(_PythonDecoratedOperator): print_the_context>, log_sql_query already registered for DAG: example_python_operator
[2023-05-20T02:22:01.971+0000] {logging_mixin.py:137} INFO - [2023-05-20T02:22:01.971+0000] {taskmixin.py:211} WARNING - Dependency <Task(_PythonDecoratedOperator): log_sql_query>, print_the_context already registered for DAG: example_python_operator
[2023-05-20T02:22:01.973+0000] {logging_mixin.py:137} INFO - [2023-05-20T02:22:01.973+0000] {taskmixin.py:211} WARNING - Dependency <Task(_PythonDecoratedOperator): print_the_context>, log_sql_query already registered for DAG: example_python_operator
[2023-05-20T02:22:01.975+0000] {logging_mixin.py:137} INFO - [2023-05-20T02:22:01.975+0000] {taskmixin.py:211} WARNING - Dependency <Task(_PythonDecoratedOperator): log_sql_query>, print_the_context already registered for DAG: example_python_operator
[2023-05-20T02:22:01.976+0000] {logging_mixin.py:137} INFO - [2023-05-20T02:22:01.976+0000] {taskmixin.py:211} WARNING - Dependency <Task(_PythonDecoratedOperator): print_the_context>, log_sql_query already registered for DAG: example_python_operator
[2023-05-20T02:22:01.977+0000] {logging_mixin.py:137} INFO - [2023-05-20T02:22:01.977+0000] {taskmixin.py:211} WARNING - Dependency <Task(_PythonDecoratedOperator): log_sql_query>, print_the_context already registered for DAG: example_python_operator
[2023-05-20T02:22:01.983+0000] {processor.py:753} INFO - DAG(s) dict_keys(['example_python_operator']) retrieved from /home/airflow/.local/lib/python3.7/site-packages/airflow/example_dags/example_python_operator.py
[2023-05-20T02:22:02.017+0000] {logging_mixin.py:137} INFO - [2023-05-20T02:22:02.017+0000] {dag.py:2705} INFO - Sync 1 DAGs
[2023-05-20T02:22:02.047+0000] {logging_mixin.py:137} INFO - [2023-05-20T02:22:02.047+0000] {dag.py:3456} INFO - Setting next_dagrun for example_python_operator to None, run_after=None
[2023-05-20T02:22:02.064+0000] {processor.py:175} INFO - Processing /home/airflow/.local/lib/python3.7/site-packages/airflow/example_dags/example_python_operator.py took 0.115 seconds
