[2023-05-20T02:19:30.090+0000] {processor.py:153} INFO - Started process (PID=237) to work on /home/airflow/.local/lib/python3.7/site-packages/airflow/example_dags/example_sla_dag.py
[2023-05-20T02:19:30.092+0000] {processor.py:743} INFO - Processing file /home/airflow/.local/lib/python3.7/site-packages/airflow/example_dags/example_sla_dag.py for tasks to queue
[2023-05-20T02:19:30.094+0000] {logging_mixin.py:137} INFO - [2023-05-20T02:19:30.094+0000] {dagbag.py:532} INFO - Filling up the DagBag from /home/airflow/.local/lib/python3.7/site-packages/airflow/example_dags/example_sla_dag.py
[2023-05-20T02:19:30.114+0000] {processor.py:753} INFO - DAG(s) dict_keys(['example_sla_dag']) retrieved from /home/airflow/.local/lib/python3.7/site-packages/airflow/example_dags/example_sla_dag.py
[2023-05-20T02:19:30.139+0000] {logging_mixin.py:137} INFO - [2023-05-20T02:19:30.139+0000] {dag.py:2705} INFO - Sync 1 DAGs
[2023-05-20T02:19:30.159+0000] {logging_mixin.py:137} INFO - [2023-05-20T02:19:30.159+0000] {dag.py:3456} INFO - Setting next_dagrun for example_sla_dag to 2023-05-20T02:16:00+00:00, run_after=2023-05-20T02:18:00+00:00
[2023-05-20T02:19:30.171+0000] {processor.py:175} INFO - Processing /home/airflow/.local/lib/python3.7/site-packages/airflow/example_dags/example_sla_dag.py took 0.083 seconds
[2023-05-20T02:20:00.488+0000] {processor.py:153} INFO - Started process (PID=459) to work on /home/airflow/.local/lib/python3.7/site-packages/airflow/example_dags/example_sla_dag.py
[2023-05-20T02:20:00.490+0000] {processor.py:743} INFO - Processing file /home/airflow/.local/lib/python3.7/site-packages/airflow/example_dags/example_sla_dag.py for tasks to queue
[2023-05-20T02:20:00.491+0000] {logging_mixin.py:137} INFO - [2023-05-20T02:20:00.491+0000] {dagbag.py:532} INFO - Filling up the DagBag from /home/airflow/.local/lib/python3.7/site-packages/airflow/example_dags/example_sla_dag.py
[2023-05-20T02:20:00.507+0000] {processor.py:753} INFO - DAG(s) dict_keys(['example_sla_dag']) retrieved from /home/airflow/.local/lib/python3.7/site-packages/airflow/example_dags/example_sla_dag.py
[2023-05-20T02:20:00.529+0000] {logging_mixin.py:137} INFO - [2023-05-20T02:20:00.529+0000] {dag.py:2705} INFO - Sync 1 DAGs
[2023-05-20T02:20:00.554+0000] {logging_mixin.py:137} INFO - [2023-05-20T02:20:00.554+0000] {dag.py:3456} INFO - Setting next_dagrun for example_sla_dag to 2023-05-20T02:18:00+00:00, run_after=2023-05-20T02:20:00+00:00
[2023-05-20T02:20:00.568+0000] {processor.py:175} INFO - Processing /home/airflow/.local/lib/python3.7/site-packages/airflow/example_dags/example_sla_dag.py took 0.082 seconds
[2023-05-20T02:20:31.284+0000] {processor.py:153} INFO - Started process (PID=683) to work on /home/airflow/.local/lib/python3.7/site-packages/airflow/example_dags/example_sla_dag.py
[2023-05-20T02:20:31.285+0000] {processor.py:743} INFO - Processing file /home/airflow/.local/lib/python3.7/site-packages/airflow/example_dags/example_sla_dag.py for tasks to queue
[2023-05-20T02:20:31.286+0000] {logging_mixin.py:137} INFO - [2023-05-20T02:20:31.286+0000] {dagbag.py:532} INFO - Filling up the DagBag from /home/airflow/.local/lib/python3.7/site-packages/airflow/example_dags/example_sla_dag.py
[2023-05-20T02:20:31.305+0000] {processor.py:753} INFO - DAG(s) dict_keys(['example_sla_dag']) retrieved from /home/airflow/.local/lib/python3.7/site-packages/airflow/example_dags/example_sla_dag.py
[2023-05-20T02:20:31.327+0000] {logging_mixin.py:137} INFO - [2023-05-20T02:20:31.327+0000] {dag.py:2705} INFO - Sync 1 DAGs
[2023-05-20T02:20:31.346+0000] {logging_mixin.py:137} INFO - [2023-05-20T02:20:31.346+0000] {dag.py:3456} INFO - Setting next_dagrun for example_sla_dag to 2023-05-20T02:18:00+00:00, run_after=2023-05-20T02:20:00+00:00
[2023-05-20T02:20:31.358+0000] {processor.py:175} INFO - Processing /home/airflow/.local/lib/python3.7/site-packages/airflow/example_dags/example_sla_dag.py took 0.077 seconds
[2023-05-20T02:21:02.387+0000] {processor.py:153} INFO - Started process (PID=907) to work on /home/airflow/.local/lib/python3.7/site-packages/airflow/example_dags/example_sla_dag.py
[2023-05-20T02:21:02.391+0000] {processor.py:743} INFO - Processing file /home/airflow/.local/lib/python3.7/site-packages/airflow/example_dags/example_sla_dag.py for tasks to queue
[2023-05-20T02:21:02.392+0000] {logging_mixin.py:137} INFO - [2023-05-20T02:21:02.392+0000] {dagbag.py:532} INFO - Filling up the DagBag from /home/airflow/.local/lib/python3.7/site-packages/airflow/example_dags/example_sla_dag.py
[2023-05-20T02:21:02.410+0000] {processor.py:753} INFO - DAG(s) dict_keys(['example_sla_dag']) retrieved from /home/airflow/.local/lib/python3.7/site-packages/airflow/example_dags/example_sla_dag.py
[2023-05-20T02:21:02.433+0000] {logging_mixin.py:137} INFO - [2023-05-20T02:21:02.433+0000] {dag.py:2705} INFO - Sync 1 DAGs
[2023-05-20T02:21:02.455+0000] {logging_mixin.py:137} INFO - [2023-05-20T02:21:02.455+0000] {dag.py:3456} INFO - Setting next_dagrun for example_sla_dag to 2023-05-20T02:18:00+00:00, run_after=2023-05-20T02:20:00+00:00
[2023-05-20T02:21:02.470+0000] {processor.py:175} INFO - Processing /home/airflow/.local/lib/python3.7/site-packages/airflow/example_dags/example_sla_dag.py took 0.087 seconds
[2023-05-20T02:21:32.546+0000] {processor.py:153} INFO - Started process (PID=1131) to work on /home/airflow/.local/lib/python3.7/site-packages/airflow/example_dags/example_sla_dag.py
[2023-05-20T02:21:32.548+0000] {processor.py:743} INFO - Processing file /home/airflow/.local/lib/python3.7/site-packages/airflow/example_dags/example_sla_dag.py for tasks to queue
[2023-05-20T02:21:32.550+0000] {logging_mixin.py:137} INFO - [2023-05-20T02:21:32.549+0000] {dagbag.py:532} INFO - Filling up the DagBag from /home/airflow/.local/lib/python3.7/site-packages/airflow/example_dags/example_sla_dag.py
[2023-05-20T02:21:32.567+0000] {processor.py:753} INFO - DAG(s) dict_keys(['example_sla_dag']) retrieved from /home/airflow/.local/lib/python3.7/site-packages/airflow/example_dags/example_sla_dag.py
[2023-05-20T02:21:32.588+0000] {logging_mixin.py:137} INFO - [2023-05-20T02:21:32.588+0000] {dag.py:2705} INFO - Sync 1 DAGs
[2023-05-20T02:21:32.608+0000] {logging_mixin.py:137} INFO - [2023-05-20T02:21:32.608+0000] {dag.py:3456} INFO - Setting next_dagrun for example_sla_dag to 2023-05-20T02:18:00+00:00, run_after=2023-05-20T02:20:00+00:00
[2023-05-20T02:21:32.621+0000] {processor.py:175} INFO - Processing /home/airflow/.local/lib/python3.7/site-packages/airflow/example_dags/example_sla_dag.py took 0.077 seconds
[2023-05-20T02:22:03.757+0000] {processor.py:153} INFO - Started process (PID=1357) to work on /home/airflow/.local/lib/python3.7/site-packages/airflow/example_dags/example_sla_dag.py
[2023-05-20T02:22:03.759+0000] {processor.py:743} INFO - Processing file /home/airflow/.local/lib/python3.7/site-packages/airflow/example_dags/example_sla_dag.py for tasks to queue
[2023-05-20T02:22:03.761+0000] {logging_mixin.py:137} INFO - [2023-05-20T02:22:03.761+0000] {dagbag.py:532} INFO - Filling up the DagBag from /home/airflow/.local/lib/python3.7/site-packages/airflow/example_dags/example_sla_dag.py
[2023-05-20T02:22:03.779+0000] {processor.py:753} INFO - DAG(s) dict_keys(['example_sla_dag']) retrieved from /home/airflow/.local/lib/python3.7/site-packages/airflow/example_dags/example_sla_dag.py
[2023-05-20T02:22:03.800+0000] {logging_mixin.py:137} INFO - [2023-05-20T02:22:03.799+0000] {dag.py:2705} INFO - Sync 1 DAGs
[2023-05-20T02:22:03.819+0000] {logging_mixin.py:137} INFO - [2023-05-20T02:22:03.819+0000] {dag.py:3456} INFO - Setting next_dagrun for example_sla_dag to 2023-05-20T02:20:00+00:00, run_after=2023-05-20T02:22:00+00:00
[2023-05-20T02:22:03.831+0000] {processor.py:175} INFO - Processing /home/airflow/.local/lib/python3.7/site-packages/airflow/example_dags/example_sla_dag.py took 0.076 seconds
