[2023-05-20T02:19:31.400+0000] {processor.py:153} INFO - Started process (PID=340) to work on /home/airflow/.local/lib/python3.7/site-packages/airflow/example_dags/example_datasets.py
[2023-05-20T02:19:31.402+0000] {processor.py:743} INFO - Processing file /home/airflow/.local/lib/python3.7/site-packages/airflow/example_dags/example_datasets.py for tasks to queue
[2023-05-20T02:19:31.403+0000] {logging_mixin.py:137} INFO - [2023-05-20T02:19:31.403+0000] {dagbag.py:532} INFO - Filling up the DagBag from /home/airflow/.local/lib/python3.7/site-packages/airflow/example_dags/example_datasets.py
[2023-05-20T02:19:31.417+0000] {processor.py:753} INFO - DAG(s) dict_keys(['dataset_produces_2', 'dataset_consumes_1_and_2', 'dataset_consumes_1', 'dataset_consumes_1_never_scheduled', 'dataset_consumes_unknown_never_scheduled', 'dataset_produces_1']) retrieved from /home/airflow/.local/lib/python3.7/site-packages/airflow/example_dags/example_datasets.py
[2023-05-20T02:19:31.493+0000] {logging_mixin.py:137} INFO - [2023-05-20T02:19:31.493+0000] {dag.py:2705} INFO - Sync 6 DAGs
[2023-05-20T02:19:31.512+0000] {logging_mixin.py:137} INFO - [2023-05-20T02:19:31.512+0000] {dag.py:3456} INFO - Setting next_dagrun for dataset_consumes_1 to None, run_after=None
[2023-05-20T02:19:31.516+0000] {logging_mixin.py:137} INFO - [2023-05-20T02:19:31.516+0000] {dag.py:3456} INFO - Setting next_dagrun for dataset_consumes_1_and_2 to None, run_after=None
[2023-05-20T02:19:31.519+0000] {logging_mixin.py:137} INFO - [2023-05-20T02:19:31.518+0000] {dag.py:3456} INFO - Setting next_dagrun for dataset_consumes_1_never_scheduled to None, run_after=None
[2023-05-20T02:19:31.520+0000] {logging_mixin.py:137} INFO - [2023-05-20T02:19:31.520+0000] {dag.py:3456} INFO - Setting next_dagrun for dataset_consumes_unknown_never_scheduled to None, run_after=None
[2023-05-20T02:19:31.525+0000] {logging_mixin.py:137} INFO - [2023-05-20T02:19:31.525+0000] {dag.py:3456} INFO - Setting next_dagrun for dataset_produces_1 to 2023-05-19T00:00:00+00:00, run_after=2023-05-20T00:00:00+00:00
[2023-05-20T02:19:31.527+0000] {logging_mixin.py:137} INFO - [2023-05-20T02:19:31.527+0000] {dag.py:3456} INFO - Setting next_dagrun for dataset_produces_2 to None, run_after=None
[2023-05-20T02:19:31.558+0000] {processor.py:175} INFO - Processing /home/airflow/.local/lib/python3.7/site-packages/airflow/example_dags/example_datasets.py took 0.160 seconds
[2023-05-20T02:20:01.617+0000] {processor.py:153} INFO - Started process (PID=564) to work on /home/airflow/.local/lib/python3.7/site-packages/airflow/example_dags/example_datasets.py
[2023-05-20T02:20:01.618+0000] {processor.py:743} INFO - Processing file /home/airflow/.local/lib/python3.7/site-packages/airflow/example_dags/example_datasets.py for tasks to queue
[2023-05-20T02:20:01.619+0000] {logging_mixin.py:137} INFO - [2023-05-20T02:20:01.619+0000] {dagbag.py:532} INFO - Filling up the DagBag from /home/airflow/.local/lib/python3.7/site-packages/airflow/example_dags/example_datasets.py
[2023-05-20T02:20:01.631+0000] {processor.py:753} INFO - DAG(s) dict_keys(['dataset_consumes_1', 'dataset_produces_2', 'dataset_produces_1', 'dataset_consumes_1_and_2', 'dataset_consumes_unknown_never_scheduled', 'dataset_consumes_1_never_scheduled']) retrieved from /home/airflow/.local/lib/python3.7/site-packages/airflow/example_dags/example_datasets.py
[2023-05-20T02:20:01.662+0000] {logging_mixin.py:137} INFO - [2023-05-20T02:20:01.662+0000] {dag.py:2705} INFO - Sync 6 DAGs
[2023-05-20T02:20:01.680+0000] {logging_mixin.py:137} INFO - [2023-05-20T02:20:01.680+0000] {dag.py:3456} INFO - Setting next_dagrun for dataset_consumes_1 to None, run_after=None
[2023-05-20T02:20:01.684+0000] {logging_mixin.py:137} INFO - [2023-05-20T02:20:01.684+0000] {dag.py:3456} INFO - Setting next_dagrun for dataset_consumes_1_and_2 to None, run_after=None
[2023-05-20T02:20:01.687+0000] {logging_mixin.py:137} INFO - [2023-05-20T02:20:01.687+0000] {dag.py:3456} INFO - Setting next_dagrun for dataset_consumes_1_never_scheduled to None, run_after=None
[2023-05-20T02:20:01.688+0000] {logging_mixin.py:137} INFO - [2023-05-20T02:20:01.688+0000] {dag.py:3456} INFO - Setting next_dagrun for dataset_consumes_unknown_never_scheduled to None, run_after=None
[2023-05-20T02:20:01.691+0000] {logging_mixin.py:137} INFO - [2023-05-20T02:20:01.691+0000] {dag.py:3456} INFO - Setting next_dagrun for dataset_produces_1 to 2023-05-19T00:00:00+00:00, run_after=2023-05-20T00:00:00+00:00
[2023-05-20T02:20:01.693+0000] {logging_mixin.py:137} INFO - [2023-05-20T02:20:01.693+0000] {dag.py:3456} INFO - Setting next_dagrun for dataset_produces_2 to None, run_after=None
[2023-05-20T02:20:01.718+0000] {processor.py:175} INFO - Processing /home/airflow/.local/lib/python3.7/site-packages/airflow/example_dags/example_datasets.py took 0.104 seconds
[2023-05-20T02:20:32.451+0000] {processor.py:153} INFO - Started process (PID=788) to work on /home/airflow/.local/lib/python3.7/site-packages/airflow/example_dags/example_datasets.py
[2023-05-20T02:20:32.453+0000] {processor.py:743} INFO - Processing file /home/airflow/.local/lib/python3.7/site-packages/airflow/example_dags/example_datasets.py for tasks to queue
[2023-05-20T02:20:32.454+0000] {logging_mixin.py:137} INFO - [2023-05-20T02:20:32.454+0000] {dagbag.py:532} INFO - Filling up the DagBag from /home/airflow/.local/lib/python3.7/site-packages/airflow/example_dags/example_datasets.py
[2023-05-20T02:20:32.466+0000] {processor.py:753} INFO - DAG(s) dict_keys(['dataset_consumes_1', 'dataset_produces_2', 'dataset_produces_1', 'dataset_consumes_unknown_never_scheduled', 'dataset_consumes_1_never_scheduled', 'dataset_consumes_1_and_2']) retrieved from /home/airflow/.local/lib/python3.7/site-packages/airflow/example_dags/example_datasets.py
[2023-05-20T02:20:32.497+0000] {logging_mixin.py:137} INFO - [2023-05-20T02:20:32.497+0000] {dag.py:2705} INFO - Sync 6 DAGs
[2023-05-20T02:20:32.517+0000] {logging_mixin.py:137} INFO - [2023-05-20T02:20:32.517+0000] {dag.py:3456} INFO - Setting next_dagrun for dataset_consumes_1 to None, run_after=None
[2023-05-20T02:20:32.521+0000] {logging_mixin.py:137} INFO - [2023-05-20T02:20:32.520+0000] {dag.py:3456} INFO - Setting next_dagrun for dataset_consumes_1_and_2 to None, run_after=None
[2023-05-20T02:20:32.522+0000] {logging_mixin.py:137} INFO - [2023-05-20T02:20:32.522+0000] {dag.py:3456} INFO - Setting next_dagrun for dataset_consumes_1_never_scheduled to None, run_after=None
[2023-05-20T02:20:32.524+0000] {logging_mixin.py:137} INFO - [2023-05-20T02:20:32.523+0000] {dag.py:3456} INFO - Setting next_dagrun for dataset_consumes_unknown_never_scheduled to None, run_after=None
[2023-05-20T02:20:32.526+0000] {logging_mixin.py:137} INFO - [2023-05-20T02:20:32.526+0000] {dag.py:3456} INFO - Setting next_dagrun for dataset_produces_1 to 2023-05-19T00:00:00+00:00, run_after=2023-05-20T00:00:00+00:00
[2023-05-20T02:20:32.528+0000] {logging_mixin.py:137} INFO - [2023-05-20T02:20:32.528+0000] {dag.py:3456} INFO - Setting next_dagrun for dataset_produces_2 to None, run_after=None
[2023-05-20T02:20:32.547+0000] {processor.py:175} INFO - Processing /home/airflow/.local/lib/python3.7/site-packages/airflow/example_dags/example_datasets.py took 0.099 seconds
[2023-05-20T02:21:03.572+0000] {processor.py:153} INFO - Started process (PID=1012) to work on /home/airflow/.local/lib/python3.7/site-packages/airflow/example_dags/example_datasets.py
[2023-05-20T02:21:03.574+0000] {processor.py:743} INFO - Processing file /home/airflow/.local/lib/python3.7/site-packages/airflow/example_dags/example_datasets.py for tasks to queue
[2023-05-20T02:21:03.575+0000] {logging_mixin.py:137} INFO - [2023-05-20T02:21:03.575+0000] {dagbag.py:532} INFO - Filling up the DagBag from /home/airflow/.local/lib/python3.7/site-packages/airflow/example_dags/example_datasets.py
[2023-05-20T02:21:03.587+0000] {processor.py:753} INFO - DAG(s) dict_keys(['dataset_consumes_1_and_2', 'dataset_produces_1', 'dataset_consumes_1', 'dataset_consumes_unknown_never_scheduled', 'dataset_produces_2', 'dataset_consumes_1_never_scheduled']) retrieved from /home/airflow/.local/lib/python3.7/site-packages/airflow/example_dags/example_datasets.py
[2023-05-20T02:21:03.619+0000] {logging_mixin.py:137} INFO - [2023-05-20T02:21:03.619+0000] {dag.py:2705} INFO - Sync 6 DAGs
[2023-05-20T02:21:03.639+0000] {logging_mixin.py:137} INFO - [2023-05-20T02:21:03.638+0000] {dag.py:3456} INFO - Setting next_dagrun for dataset_consumes_1 to None, run_after=None
[2023-05-20T02:21:03.643+0000] {logging_mixin.py:137} INFO - [2023-05-20T02:21:03.643+0000] {dag.py:3456} INFO - Setting next_dagrun for dataset_consumes_1_and_2 to None, run_after=None
[2023-05-20T02:21:03.645+0000] {logging_mixin.py:137} INFO - [2023-05-20T02:21:03.645+0000] {dag.py:3456} INFO - Setting next_dagrun for dataset_consumes_1_never_scheduled to None, run_after=None
[2023-05-20T02:21:03.647+0000] {logging_mixin.py:137} INFO - [2023-05-20T02:21:03.647+0000] {dag.py:3456} INFO - Setting next_dagrun for dataset_consumes_unknown_never_scheduled to None, run_after=None
[2023-05-20T02:21:03.649+0000] {logging_mixin.py:137} INFO - [2023-05-20T02:21:03.649+0000] {dag.py:3456} INFO - Setting next_dagrun for dataset_produces_1 to 2023-05-19T00:00:00+00:00, run_after=2023-05-20T00:00:00+00:00
[2023-05-20T02:21:03.651+0000] {logging_mixin.py:137} INFO - [2023-05-20T02:21:03.651+0000] {dag.py:3456} INFO - Setting next_dagrun for dataset_produces_2 to None, run_after=None
[2023-05-20T02:21:03.677+0000] {processor.py:175} INFO - Processing /home/airflow/.local/lib/python3.7/site-packages/airflow/example_dags/example_datasets.py took 0.108 seconds
[2023-05-20T02:21:33.735+0000] {processor.py:153} INFO - Started process (PID=1235) to work on /home/airflow/.local/lib/python3.7/site-packages/airflow/example_dags/example_datasets.py
[2023-05-20T02:21:33.736+0000] {processor.py:743} INFO - Processing file /home/airflow/.local/lib/python3.7/site-packages/airflow/example_dags/example_datasets.py for tasks to queue
[2023-05-20T02:21:33.738+0000] {logging_mixin.py:137} INFO - [2023-05-20T02:21:33.738+0000] {dagbag.py:532} INFO - Filling up the DagBag from /home/airflow/.local/lib/python3.7/site-packages/airflow/example_dags/example_datasets.py
[2023-05-20T02:21:33.750+0000] {processor.py:753} INFO - DAG(s) dict_keys(['dataset_consumes_1_and_2', 'dataset_consumes_1_never_scheduled', 'dataset_consumes_1', 'dataset_consumes_unknown_never_scheduled', 'dataset_produces_1', 'dataset_produces_2']) retrieved from /home/airflow/.local/lib/python3.7/site-packages/airflow/example_dags/example_datasets.py
[2023-05-20T02:21:33.779+0000] {logging_mixin.py:137} INFO - [2023-05-20T02:21:33.779+0000] {dag.py:2705} INFO - Sync 6 DAGs
[2023-05-20T02:21:33.796+0000] {logging_mixin.py:137} INFO - [2023-05-20T02:21:33.796+0000] {dag.py:3456} INFO - Setting next_dagrun for dataset_consumes_1 to None, run_after=None
[2023-05-20T02:21:33.799+0000] {logging_mixin.py:137} INFO - [2023-05-20T02:21:33.799+0000] {dag.py:3456} INFO - Setting next_dagrun for dataset_consumes_1_and_2 to None, run_after=None
[2023-05-20T02:21:33.801+0000] {logging_mixin.py:137} INFO - [2023-05-20T02:21:33.801+0000] {dag.py:3456} INFO - Setting next_dagrun for dataset_consumes_1_never_scheduled to None, run_after=None
[2023-05-20T02:21:33.802+0000] {logging_mixin.py:137} INFO - [2023-05-20T02:21:33.802+0000] {dag.py:3456} INFO - Setting next_dagrun for dataset_consumes_unknown_never_scheduled to None, run_after=None
[2023-05-20T02:21:33.805+0000] {logging_mixin.py:137} INFO - [2023-05-20T02:21:33.804+0000] {dag.py:3456} INFO - Setting next_dagrun for dataset_produces_1 to 2023-05-19T00:00:00+00:00, run_after=2023-05-20T00:00:00+00:00
[2023-05-20T02:21:33.806+0000] {logging_mixin.py:137} INFO - [2023-05-20T02:21:33.806+0000] {dag.py:3456} INFO - Setting next_dagrun for dataset_produces_2 to None, run_after=None
[2023-05-20T02:21:33.828+0000] {processor.py:175} INFO - Processing /home/airflow/.local/lib/python3.7/site-packages/airflow/example_dags/example_datasets.py took 0.096 seconds
[2023-05-20T02:22:04.955+0000] {processor.py:153} INFO - Started process (PID=1462) to work on /home/airflow/.local/lib/python3.7/site-packages/airflow/example_dags/example_datasets.py
[2023-05-20T02:22:04.957+0000] {processor.py:743} INFO - Processing file /home/airflow/.local/lib/python3.7/site-packages/airflow/example_dags/example_datasets.py for tasks to queue
[2023-05-20T02:22:04.958+0000] {logging_mixin.py:137} INFO - [2023-05-20T02:22:04.958+0000] {dagbag.py:532} INFO - Filling up the DagBag from /home/airflow/.local/lib/python3.7/site-packages/airflow/example_dags/example_datasets.py
[2023-05-20T02:22:04.971+0000] {processor.py:753} INFO - DAG(s) dict_keys(['dataset_produces_1', 'dataset_produces_2', 'dataset_consumes_1_and_2', 'dataset_consumes_1', 'dataset_consumes_1_never_scheduled', 'dataset_consumes_unknown_never_scheduled']) retrieved from /home/airflow/.local/lib/python3.7/site-packages/airflow/example_dags/example_datasets.py
[2023-05-20T02:22:05.001+0000] {logging_mixin.py:137} INFO - [2023-05-20T02:22:05.001+0000] {dag.py:2705} INFO - Sync 6 DAGs
[2023-05-20T02:22:05.018+0000] {logging_mixin.py:137} INFO - [2023-05-20T02:22:05.018+0000] {dag.py:3456} INFO - Setting next_dagrun for dataset_consumes_1 to None, run_after=None
[2023-05-20T02:22:05.021+0000] {logging_mixin.py:137} INFO - [2023-05-20T02:22:05.021+0000] {dag.py:3456} INFO - Setting next_dagrun for dataset_consumes_1_and_2 to None, run_after=None
[2023-05-20T02:22:05.023+0000] {logging_mixin.py:137} INFO - [2023-05-20T02:22:05.023+0000] {dag.py:3456} INFO - Setting next_dagrun for dataset_consumes_1_never_scheduled to None, run_after=None
[2023-05-20T02:22:05.024+0000] {logging_mixin.py:137} INFO - [2023-05-20T02:22:05.024+0000] {dag.py:3456} INFO - Setting next_dagrun for dataset_consumes_unknown_never_scheduled to None, run_after=None
[2023-05-20T02:22:05.027+0000] {logging_mixin.py:137} INFO - [2023-05-20T02:22:05.027+0000] {dag.py:3456} INFO - Setting next_dagrun for dataset_produces_1 to 2023-05-19T00:00:00+00:00, run_after=2023-05-20T00:00:00+00:00
[2023-05-20T02:22:05.028+0000] {logging_mixin.py:137} INFO - [2023-05-20T02:22:05.028+0000] {dag.py:3456} INFO - Setting next_dagrun for dataset_produces_2 to None, run_after=None
[2023-05-20T02:22:05.049+0000] {processor.py:175} INFO - Processing /home/airflow/.local/lib/python3.7/site-packages/airflow/example_dags/example_datasets.py took 0.098 seconds
