[2023-05-20T02:19:30.305+0000] {processor.py:153} INFO - Started process (PID=252) to work on /home/airflow/.local/lib/python3.7/site-packages/airflow/example_dags/example_short_circuit_operator.py
[2023-05-20T02:19:30.307+0000] {processor.py:743} INFO - Processing file /home/airflow/.local/lib/python3.7/site-packages/airflow/example_dags/example_short_circuit_operator.py for tasks to queue
[2023-05-20T02:19:30.308+0000] {logging_mixin.py:137} INFO - [2023-05-20T02:19:30.308+0000] {dagbag.py:532} INFO - Filling up the DagBag from /home/airflow/.local/lib/python3.7/site-packages/airflow/example_dags/example_short_circuit_operator.py
[2023-05-20T02:19:30.323+0000] {processor.py:753} INFO - DAG(s) dict_keys(['example_short_circuit_operator']) retrieved from /home/airflow/.local/lib/python3.7/site-packages/airflow/example_dags/example_short_circuit_operator.py
[2023-05-20T02:19:30.347+0000] {logging_mixin.py:137} INFO - [2023-05-20T02:19:30.347+0000] {dag.py:2705} INFO - Sync 1 DAGs
[2023-05-20T02:19:30.365+0000] {logging_mixin.py:137} INFO - [2023-05-20T02:19:30.365+0000] {dag.py:3456} INFO - Setting next_dagrun for example_short_circuit_operator to 2023-05-19T02:19:30.365594+00:00, run_after=2023-05-20T02:19:30.365594+00:00
[2023-05-20T02:19:30.379+0000] {processor.py:175} INFO - Processing /home/airflow/.local/lib/python3.7/site-packages/airflow/example_dags/example_short_circuit_operator.py took 0.078 seconds
[2023-05-20T02:20:00.653+0000] {processor.py:153} INFO - Started process (PID=474) to work on /home/airflow/.local/lib/python3.7/site-packages/airflow/example_dags/example_short_circuit_operator.py
[2023-05-20T02:20:00.655+0000] {processor.py:743} INFO - Processing file /home/airflow/.local/lib/python3.7/site-packages/airflow/example_dags/example_short_circuit_operator.py for tasks to queue
[2023-05-20T02:20:00.657+0000] {logging_mixin.py:137} INFO - [2023-05-20T02:20:00.657+0000] {dagbag.py:532} INFO - Filling up the DagBag from /home/airflow/.local/lib/python3.7/site-packages/airflow/example_dags/example_short_circuit_operator.py
[2023-05-20T02:20:00.670+0000] {processor.py:753} INFO - DAG(s) dict_keys(['example_short_circuit_operator']) retrieved from /home/airflow/.local/lib/python3.7/site-packages/airflow/example_dags/example_short_circuit_operator.py
[2023-05-20T02:20:00.702+0000] {logging_mixin.py:137} INFO - [2023-05-20T02:20:00.702+0000] {dag.py:2705} INFO - Sync 1 DAGs
[2023-05-20T02:20:00.723+0000] {logging_mixin.py:137} INFO - [2023-05-20T02:20:00.723+0000] {dag.py:3456} INFO - Setting next_dagrun for example_short_circuit_operator to 2023-05-19T02:20:00.723295+00:00, run_after=2023-05-20T02:20:00.723295+00:00
[2023-05-20T02:20:00.739+0000] {processor.py:175} INFO - Processing /home/airflow/.local/lib/python3.7/site-packages/airflow/example_dags/example_short_circuit_operator.py took 0.089 seconds
[2023-05-20T02:20:31.422+0000] {processor.py:153} INFO - Started process (PID=698) to work on /home/airflow/.local/lib/python3.7/site-packages/airflow/example_dags/example_short_circuit_operator.py
[2023-05-20T02:20:31.424+0000] {processor.py:743} INFO - Processing file /home/airflow/.local/lib/python3.7/site-packages/airflow/example_dags/example_short_circuit_operator.py for tasks to queue
[2023-05-20T02:20:31.425+0000] {logging_mixin.py:137} INFO - [2023-05-20T02:20:31.425+0000] {dagbag.py:532} INFO - Filling up the DagBag from /home/airflow/.local/lib/python3.7/site-packages/airflow/example_dags/example_short_circuit_operator.py
[2023-05-20T02:20:31.436+0000] {processor.py:753} INFO - DAG(s) dict_keys(['example_short_circuit_operator']) retrieved from /home/airflow/.local/lib/python3.7/site-packages/airflow/example_dags/example_short_circuit_operator.py
[2023-05-20T02:20:31.461+0000] {logging_mixin.py:137} INFO - [2023-05-20T02:20:31.461+0000] {dag.py:2705} INFO - Sync 1 DAGs
[2023-05-20T02:20:31.480+0000] {logging_mixin.py:137} INFO - [2023-05-20T02:20:31.480+0000] {dag.py:3456} INFO - Setting next_dagrun for example_short_circuit_operator to 2023-05-19T02:20:31.480399+00:00, run_after=2023-05-20T02:20:31.480399+00:00
[2023-05-20T02:20:31.494+0000] {processor.py:175} INFO - Processing /home/airflow/.local/lib/python3.7/site-packages/airflow/example_dags/example_short_circuit_operator.py took 0.075 seconds
[2023-05-20T02:21:02.603+0000] {processor.py:153} INFO - Started process (PID=922) to work on /home/airflow/.local/lib/python3.7/site-packages/airflow/example_dags/example_short_circuit_operator.py
[2023-05-20T02:21:02.605+0000] {processor.py:743} INFO - Processing file /home/airflow/.local/lib/python3.7/site-packages/airflow/example_dags/example_short_circuit_operator.py for tasks to queue
[2023-05-20T02:21:02.607+0000] {logging_mixin.py:137} INFO - [2023-05-20T02:21:02.607+0000] {dagbag.py:532} INFO - Filling up the DagBag from /home/airflow/.local/lib/python3.7/site-packages/airflow/example_dags/example_short_circuit_operator.py
[2023-05-20T02:21:02.622+0000] {processor.py:753} INFO - DAG(s) dict_keys(['example_short_circuit_operator']) retrieved from /home/airflow/.local/lib/python3.7/site-packages/airflow/example_dags/example_short_circuit_operator.py
[2023-05-20T02:21:02.649+0000] {logging_mixin.py:137} INFO - [2023-05-20T02:21:02.648+0000] {dag.py:2705} INFO - Sync 1 DAGs
[2023-05-20T02:21:02.671+0000] {logging_mixin.py:137} INFO - [2023-05-20T02:21:02.671+0000] {dag.py:3456} INFO - Setting next_dagrun for example_short_circuit_operator to 2023-05-19T02:21:02.670774+00:00, run_after=2023-05-20T02:21:02.670774+00:00
[2023-05-20T02:21:02.686+0000] {processor.py:175} INFO - Processing /home/airflow/.local/lib/python3.7/site-packages/airflow/example_dags/example_short_circuit_operator.py took 0.087 seconds
[2023-05-20T02:21:32.736+0000] {processor.py:153} INFO - Started process (PID=1146) to work on /home/airflow/.local/lib/python3.7/site-packages/airflow/example_dags/example_short_circuit_operator.py
[2023-05-20T02:21:32.737+0000] {processor.py:743} INFO - Processing file /home/airflow/.local/lib/python3.7/site-packages/airflow/example_dags/example_short_circuit_operator.py for tasks to queue
[2023-05-20T02:21:32.738+0000] {logging_mixin.py:137} INFO - [2023-05-20T02:21:32.738+0000] {dagbag.py:532} INFO - Filling up the DagBag from /home/airflow/.local/lib/python3.7/site-packages/airflow/example_dags/example_short_circuit_operator.py
[2023-05-20T02:21:32.754+0000] {processor.py:753} INFO - DAG(s) dict_keys(['example_short_circuit_operator']) retrieved from /home/airflow/.local/lib/python3.7/site-packages/airflow/example_dags/example_short_circuit_operator.py
[2023-05-20T02:21:32.776+0000] {logging_mixin.py:137} INFO - [2023-05-20T02:21:32.775+0000] {dag.py:2705} INFO - Sync 1 DAGs
[2023-05-20T02:21:32.793+0000] {logging_mixin.py:137} INFO - [2023-05-20T02:21:32.793+0000] {dag.py:3456} INFO - Setting next_dagrun for example_short_circuit_operator to 2023-05-19T02:21:32.793336+00:00, run_after=2023-05-20T02:21:32.793336+00:00
[2023-05-20T02:21:32.805+0000] {processor.py:175} INFO - Processing /home/airflow/.local/lib/python3.7/site-packages/airflow/example_dags/example_short_circuit_operator.py took 0.073 seconds
[2023-05-20T02:22:03.945+0000] {processor.py:153} INFO - Started process (PID=1372) to work on /home/airflow/.local/lib/python3.7/site-packages/airflow/example_dags/example_short_circuit_operator.py
[2023-05-20T02:22:03.946+0000] {processor.py:743} INFO - Processing file /home/airflow/.local/lib/python3.7/site-packages/airflow/example_dags/example_short_circuit_operator.py for tasks to queue
[2023-05-20T02:22:03.947+0000] {logging_mixin.py:137} INFO - [2023-05-20T02:22:03.947+0000] {dagbag.py:532} INFO - Filling up the DagBag from /home/airflow/.local/lib/python3.7/site-packages/airflow/example_dags/example_short_circuit_operator.py
[2023-05-20T02:22:03.961+0000] {processor.py:753} INFO - DAG(s) dict_keys(['example_short_circuit_operator']) retrieved from /home/airflow/.local/lib/python3.7/site-packages/airflow/example_dags/example_short_circuit_operator.py
[2023-05-20T02:22:03.985+0000] {logging_mixin.py:137} INFO - [2023-05-20T02:22:03.985+0000] {dag.py:2705} INFO - Sync 1 DAGs
[2023-05-20T02:22:04.001+0000] {logging_mixin.py:137} INFO - [2023-05-20T02:22:04.001+0000] {dag.py:3456} INFO - Setting next_dagrun for example_short_circuit_operator to 2023-05-19T02:22:04.001634+00:00, run_after=2023-05-20T02:22:04.001634+00:00
[2023-05-20T02:22:04.016+0000] {processor.py:175} INFO - Processing /home/airflow/.local/lib/python3.7/site-packages/airflow/example_dags/example_short_circuit_operator.py took 0.073 seconds
[2023-05-20T02:22:34.805+0000] {processor.py:153} INFO - Started process (PID=1593) to work on /home/airflow/.local/lib/python3.7/site-packages/airflow/example_dags/example_short_circuit_operator.py
[2023-05-20T02:22:34.807+0000] {processor.py:743} INFO - Processing file /home/airflow/.local/lib/python3.7/site-packages/airflow/example_dags/example_short_circuit_operator.py for tasks to queue
[2023-05-20T02:22:34.809+0000] {logging_mixin.py:137} INFO - [2023-05-20T02:22:34.809+0000] {dagbag.py:532} INFO - Filling up the DagBag from /home/airflow/.local/lib/python3.7/site-packages/airflow/example_dags/example_short_circuit_operator.py
[2023-05-20T02:22:34.822+0000] {processor.py:753} INFO - DAG(s) dict_keys(['example_short_circuit_operator']) retrieved from /home/airflow/.local/lib/python3.7/site-packages/airflow/example_dags/example_short_circuit_operator.py
[2023-05-20T02:22:34.844+0000] {logging_mixin.py:137} INFO - [2023-05-20T02:22:34.843+0000] {dag.py:2705} INFO - Sync 1 DAGs
[2023-05-20T02:22:34.861+0000] {logging_mixin.py:137} INFO - [2023-05-20T02:22:34.861+0000] {dag.py:3456} INFO - Setting next_dagrun for example_short_circuit_operator to 2023-05-19T02:22:34.861271+00:00, run_after=2023-05-20T02:22:34.861271+00:00
[2023-05-20T02:22:34.874+0000] {processor.py:175} INFO - Processing /home/airflow/.local/lib/python3.7/site-packages/airflow/example_dags/example_short_circuit_operator.py took 0.072 seconds
