[2023-05-20T02:19:31.066+0000] {processor.py:153} INFO - Started process (PID=315) to work on /home/airflow/.local/lib/python3.7/site-packages/airflow/example_dags/example_nested_branch_dag.py
[2023-05-20T02:19:31.068+0000] {processor.py:743} INFO - Processing file /home/airflow/.local/lib/python3.7/site-packages/airflow/example_dags/example_nested_branch_dag.py for tasks to queue
[2023-05-20T02:19:31.069+0000] {logging_mixin.py:137} INFO - [2023-05-20T02:19:31.069+0000] {dagbag.py:532} INFO - Filling up the DagBag from /home/airflow/.local/lib/python3.7/site-packages/airflow/example_dags/example_nested_branch_dag.py
[2023-05-20T02:19:31.087+0000] {processor.py:753} INFO - DAG(s) dict_keys(['example_nested_branch_dag']) retrieved from /home/airflow/.local/lib/python3.7/site-packages/airflow/example_dags/example_nested_branch_dag.py
[2023-05-20T02:19:31.118+0000] {logging_mixin.py:137} INFO - [2023-05-20T02:19:31.118+0000] {dag.py:2705} INFO - Sync 1 DAGs
[2023-05-20T02:19:31.143+0000] {logging_mixin.py:137} INFO - [2023-05-20T02:19:31.143+0000] {dag.py:3456} INFO - Setting next_dagrun for example_nested_branch_dag to 2023-05-19T00:00:00+00:00, run_after=2023-05-20T00:00:00+00:00
[2023-05-20T02:19:31.157+0000] {processor.py:175} INFO - Processing /home/airflow/.local/lib/python3.7/site-packages/airflow/example_dags/example_nested_branch_dag.py took 0.094 seconds
[2023-05-20T02:20:01.367+0000] {processor.py:153} INFO - Started process (PID=539) to work on /home/airflow/.local/lib/python3.7/site-packages/airflow/example_dags/example_nested_branch_dag.py
[2023-05-20T02:20:01.368+0000] {processor.py:743} INFO - Processing file /home/airflow/.local/lib/python3.7/site-packages/airflow/example_dags/example_nested_branch_dag.py for tasks to queue
[2023-05-20T02:20:01.370+0000] {logging_mixin.py:137} INFO - [2023-05-20T02:20:01.370+0000] {dagbag.py:532} INFO - Filling up the DagBag from /home/airflow/.local/lib/python3.7/site-packages/airflow/example_dags/example_nested_branch_dag.py
[2023-05-20T02:20:01.389+0000] {processor.py:753} INFO - DAG(s) dict_keys(['example_nested_branch_dag']) retrieved from /home/airflow/.local/lib/python3.7/site-packages/airflow/example_dags/example_nested_branch_dag.py
[2023-05-20T02:20:01.414+0000] {logging_mixin.py:137} INFO - [2023-05-20T02:20:01.414+0000] {dag.py:2705} INFO - Sync 1 DAGs
[2023-05-20T02:20:01.431+0000] {logging_mixin.py:137} INFO - [2023-05-20T02:20:01.431+0000] {dag.py:3456} INFO - Setting next_dagrun for example_nested_branch_dag to 2023-05-19T00:00:00+00:00, run_after=2023-05-20T00:00:00+00:00
[2023-05-20T02:20:01.443+0000] {processor.py:175} INFO - Processing /home/airflow/.local/lib/python3.7/site-packages/airflow/example_dags/example_nested_branch_dag.py took 0.079 seconds
[2023-05-20T02:20:32.155+0000] {processor.py:153} INFO - Started process (PID=765) to work on /home/airflow/.local/lib/python3.7/site-packages/airflow/example_dags/example_nested_branch_dag.py
[2023-05-20T02:20:32.157+0000] {processor.py:743} INFO - Processing file /home/airflow/.local/lib/python3.7/site-packages/airflow/example_dags/example_nested_branch_dag.py for tasks to queue
[2023-05-20T02:20:32.158+0000] {logging_mixin.py:137} INFO - [2023-05-20T02:20:32.158+0000] {dagbag.py:532} INFO - Filling up the DagBag from /home/airflow/.local/lib/python3.7/site-packages/airflow/example_dags/example_nested_branch_dag.py
[2023-05-20T02:20:32.174+0000] {processor.py:753} INFO - DAG(s) dict_keys(['example_nested_branch_dag']) retrieved from /home/airflow/.local/lib/python3.7/site-packages/airflow/example_dags/example_nested_branch_dag.py
[2023-05-20T02:20:32.195+0000] {logging_mixin.py:137} INFO - [2023-05-20T02:20:32.195+0000] {dag.py:2705} INFO - Sync 1 DAGs
[2023-05-20T02:20:32.212+0000] {logging_mixin.py:137} INFO - [2023-05-20T02:20:32.211+0000] {dag.py:3456} INFO - Setting next_dagrun for example_nested_branch_dag to 2023-05-19T00:00:00+00:00, run_after=2023-05-20T00:00:00+00:00
[2023-05-20T02:20:32.223+0000] {processor.py:175} INFO - Processing /home/airflow/.local/lib/python3.7/site-packages/airflow/example_dags/example_nested_branch_dag.py took 0.070 seconds
[2023-05-20T02:21:03.313+0000] {processor.py:153} INFO - Started process (PID=987) to work on /home/airflow/.local/lib/python3.7/site-packages/airflow/example_dags/example_nested_branch_dag.py
[2023-05-20T02:21:03.316+0000] {processor.py:743} INFO - Processing file /home/airflow/.local/lib/python3.7/site-packages/airflow/example_dags/example_nested_branch_dag.py for tasks to queue
[2023-05-20T02:21:03.317+0000] {logging_mixin.py:137} INFO - [2023-05-20T02:21:03.317+0000] {dagbag.py:532} INFO - Filling up the DagBag from /home/airflow/.local/lib/python3.7/site-packages/airflow/example_dags/example_nested_branch_dag.py
[2023-05-20T02:21:03.334+0000] {processor.py:753} INFO - DAG(s) dict_keys(['example_nested_branch_dag']) retrieved from /home/airflow/.local/lib/python3.7/site-packages/airflow/example_dags/example_nested_branch_dag.py
[2023-05-20T02:21:03.357+0000] {logging_mixin.py:137} INFO - [2023-05-20T02:21:03.357+0000] {dag.py:2705} INFO - Sync 1 DAGs
[2023-05-20T02:21:03.376+0000] {logging_mixin.py:137} INFO - [2023-05-20T02:21:03.375+0000] {dag.py:3456} INFO - Setting next_dagrun for example_nested_branch_dag to 2023-05-19T00:00:00+00:00, run_after=2023-05-20T00:00:00+00:00
[2023-05-20T02:21:03.390+0000] {processor.py:175} INFO - Processing /home/airflow/.local/lib/python3.7/site-packages/airflow/example_dags/example_nested_branch_dag.py took 0.079 seconds
[2023-05-20T02:21:33.480+0000] {processor.py:153} INFO - Started process (PID=1211) to work on /home/airflow/.local/lib/python3.7/site-packages/airflow/example_dags/example_nested_branch_dag.py
[2023-05-20T02:21:33.482+0000] {processor.py:743} INFO - Processing file /home/airflow/.local/lib/python3.7/site-packages/airflow/example_dags/example_nested_branch_dag.py for tasks to queue
[2023-05-20T02:21:33.483+0000] {logging_mixin.py:137} INFO - [2023-05-20T02:21:33.483+0000] {dagbag.py:532} INFO - Filling up the DagBag from /home/airflow/.local/lib/python3.7/site-packages/airflow/example_dags/example_nested_branch_dag.py
[2023-05-20T02:21:33.500+0000] {processor.py:753} INFO - DAG(s) dict_keys(['example_nested_branch_dag']) retrieved from /home/airflow/.local/lib/python3.7/site-packages/airflow/example_dags/example_nested_branch_dag.py
[2023-05-20T02:21:33.524+0000] {logging_mixin.py:137} INFO - [2023-05-20T02:21:33.524+0000] {dag.py:2705} INFO - Sync 1 DAGs
[2023-05-20T02:21:33.546+0000] {logging_mixin.py:137} INFO - [2023-05-20T02:21:33.546+0000] {dag.py:3456} INFO - Setting next_dagrun for example_nested_branch_dag to 2023-05-19T00:00:00+00:00, run_after=2023-05-20T00:00:00+00:00
[2023-05-20T02:21:33.560+0000] {processor.py:175} INFO - Processing /home/airflow/.local/lib/python3.7/site-packages/airflow/example_dags/example_nested_branch_dag.py took 0.082 seconds
[2023-05-20T02:22:04.609+0000] {processor.py:153} INFO - Started process (PID=1435) to work on /home/airflow/.local/lib/python3.7/site-packages/airflow/example_dags/example_nested_branch_dag.py
[2023-05-20T02:22:04.610+0000] {processor.py:743} INFO - Processing file /home/airflow/.local/lib/python3.7/site-packages/airflow/example_dags/example_nested_branch_dag.py for tasks to queue
[2023-05-20T02:22:04.612+0000] {logging_mixin.py:137} INFO - [2023-05-20T02:22:04.612+0000] {dagbag.py:532} INFO - Filling up the DagBag from /home/airflow/.local/lib/python3.7/site-packages/airflow/example_dags/example_nested_branch_dag.py
[2023-05-20T02:22:04.630+0000] {processor.py:753} INFO - DAG(s) dict_keys(['example_nested_branch_dag']) retrieved from /home/airflow/.local/lib/python3.7/site-packages/airflow/example_dags/example_nested_branch_dag.py
[2023-05-20T02:22:04.655+0000] {logging_mixin.py:137} INFO - [2023-05-20T02:22:04.655+0000] {dag.py:2705} INFO - Sync 1 DAGs
[2023-05-20T02:22:04.674+0000] {logging_mixin.py:137} INFO - [2023-05-20T02:22:04.674+0000] {dag.py:3456} INFO - Setting next_dagrun for example_nested_branch_dag to 2023-05-19T00:00:00+00:00, run_after=2023-05-20T00:00:00+00:00
[2023-05-20T02:22:04.686+0000] {processor.py:175} INFO - Processing /home/airflow/.local/lib/python3.7/site-packages/airflow/example_dags/example_nested_branch_dag.py took 0.080 seconds
[2023-05-20T02:22:35.481+0000] {processor.py:153} INFO - Started process (PID=1658) to work on /home/airflow/.local/lib/python3.7/site-packages/airflow/example_dags/example_nested_branch_dag.py
[2023-05-20T02:22:35.482+0000] {processor.py:743} INFO - Processing file /home/airflow/.local/lib/python3.7/site-packages/airflow/example_dags/example_nested_branch_dag.py for tasks to queue
[2023-05-20T02:22:35.483+0000] {logging_mixin.py:137} INFO - [2023-05-20T02:22:35.483+0000] {dagbag.py:532} INFO - Filling up the DagBag from /home/airflow/.local/lib/python3.7/site-packages/airflow/example_dags/example_nested_branch_dag.py
[2023-05-20T02:22:35.502+0000] {processor.py:753} INFO - DAG(s) dict_keys(['example_nested_branch_dag']) retrieved from /home/airflow/.local/lib/python3.7/site-packages/airflow/example_dags/example_nested_branch_dag.py
[2023-05-20T02:22:35.527+0000] {logging_mixin.py:137} INFO - [2023-05-20T02:22:35.527+0000] {dag.py:2705} INFO - Sync 1 DAGs
[2023-05-20T02:22:35.545+0000] {logging_mixin.py:137} INFO - [2023-05-20T02:22:35.545+0000] {dag.py:3456} INFO - Setting next_dagrun for example_nested_branch_dag to 2023-05-19T00:00:00+00:00, run_after=2023-05-20T00:00:00+00:00
[2023-05-20T02:22:35.558+0000] {processor.py:175} INFO - Processing /home/airflow/.local/lib/python3.7/site-packages/airflow/example_dags/example_nested_branch_dag.py took 0.080 seconds
