[2023-05-20T02:19:31.364+0000] {processor.py:153} INFO - Started process (PID=335) to work on /home/airflow/.local/lib/python3.7/site-packages/airflow/example_dags/example_branch_datetime_operator.py
[2023-05-20T02:19:31.366+0000] {processor.py:743} INFO - Processing file /home/airflow/.local/lib/python3.7/site-packages/airflow/example_dags/example_branch_datetime_operator.py for tasks to queue
[2023-05-20T02:19:31.367+0000] {logging_mixin.py:137} INFO - [2023-05-20T02:19:31.367+0000] {dagbag.py:532} INFO - Filling up the DagBag from /home/airflow/.local/lib/python3.7/site-packages/airflow/example_dags/example_branch_datetime_operator.py
[2023-05-20T02:19:31.383+0000] {processor.py:753} INFO - DAG(s) dict_keys(['example_branch_datetime_operator', 'example_branch_datetime_operator_2', 'example_branch_datetime_operator_3']) retrieved from /home/airflow/.local/lib/python3.7/site-packages/airflow/example_dags/example_branch_datetime_operator.py
[2023-05-20T02:19:31.415+0000] {logging_mixin.py:137} INFO - [2023-05-20T02:19:31.414+0000] {dag.py:2705} INFO - Sync 3 DAGs
[2023-05-20T02:19:31.435+0000] {logging_mixin.py:137} INFO - [2023-05-20T02:19:31.434+0000] {dag.py:3456} INFO - Setting next_dagrun for example_branch_datetime_operator to 2023-05-19T00:00:00+00:00, run_after=2023-05-20T00:00:00+00:00
[2023-05-20T02:19:31.439+0000] {logging_mixin.py:137} INFO - [2023-05-20T02:19:31.439+0000] {dag.py:3456} INFO - Setting next_dagrun for example_branch_datetime_operator_2 to 2023-05-19T00:00:00+00:00, run_after=2023-05-20T00:00:00+00:00
[2023-05-20T02:19:31.443+0000] {logging_mixin.py:137} INFO - [2023-05-20T02:19:31.443+0000] {dag.py:3456} INFO - Setting next_dagrun for example_branch_datetime_operator_3 to 2023-05-19T00:00:00+00:00, run_after=2023-05-20T00:00:00+00:00
[2023-05-20T02:19:31.457+0000] {processor.py:175} INFO - Processing /home/airflow/.local/lib/python3.7/site-packages/airflow/example_dags/example_branch_datetime_operator.py took 0.096 seconds
[2023-05-20T02:20:01.595+0000] {processor.py:153} INFO - Started process (PID=559) to work on /home/airflow/.local/lib/python3.7/site-packages/airflow/example_dags/example_branch_datetime_operator.py
[2023-05-20T02:20:01.597+0000] {processor.py:743} INFO - Processing file /home/airflow/.local/lib/python3.7/site-packages/airflow/example_dags/example_branch_datetime_operator.py for tasks to queue
[2023-05-20T02:20:01.600+0000] {logging_mixin.py:137} INFO - [2023-05-20T02:20:01.600+0000] {dagbag.py:532} INFO - Filling up the DagBag from /home/airflow/.local/lib/python3.7/site-packages/airflow/example_dags/example_branch_datetime_operator.py
[2023-05-20T02:20:01.615+0000] {processor.py:753} INFO - DAG(s) dict_keys(['example_branch_datetime_operator', 'example_branch_datetime_operator_2', 'example_branch_datetime_operator_3']) retrieved from /home/airflow/.local/lib/python3.7/site-packages/airflow/example_dags/example_branch_datetime_operator.py
[2023-05-20T02:20:01.641+0000] {logging_mixin.py:137} INFO - [2023-05-20T02:20:01.641+0000] {dag.py:2705} INFO - Sync 3 DAGs
[2023-05-20T02:20:01.659+0000] {logging_mixin.py:137} INFO - [2023-05-20T02:20:01.658+0000] {dag.py:3456} INFO - Setting next_dagrun for example_branch_datetime_operator to 2023-05-19T00:00:00+00:00, run_after=2023-05-20T00:00:00+00:00
[2023-05-20T02:20:01.662+0000] {logging_mixin.py:137} INFO - [2023-05-20T02:20:01.662+0000] {dag.py:3456} INFO - Setting next_dagrun for example_branch_datetime_operator_2 to 2023-05-19T00:00:00+00:00, run_after=2023-05-20T00:00:00+00:00
[2023-05-20T02:20:01.665+0000] {logging_mixin.py:137} INFO - [2023-05-20T02:20:01.665+0000] {dag.py:3456} INFO - Setting next_dagrun for example_branch_datetime_operator_3 to 2023-05-19T00:00:00+00:00, run_after=2023-05-20T00:00:00+00:00
[2023-05-20T02:20:01.675+0000] {processor.py:175} INFO - Processing /home/airflow/.local/lib/python3.7/site-packages/airflow/example_dags/example_branch_datetime_operator.py took 0.083 seconds
[2023-05-20T02:20:32.396+0000] {processor.py:153} INFO - Started process (PID=783) to work on /home/airflow/.local/lib/python3.7/site-packages/airflow/example_dags/example_branch_datetime_operator.py
[2023-05-20T02:20:32.399+0000] {processor.py:743} INFO - Processing file /home/airflow/.local/lib/python3.7/site-packages/airflow/example_dags/example_branch_datetime_operator.py for tasks to queue
[2023-05-20T02:20:32.400+0000] {logging_mixin.py:137} INFO - [2023-05-20T02:20:32.400+0000] {dagbag.py:532} INFO - Filling up the DagBag from /home/airflow/.local/lib/python3.7/site-packages/airflow/example_dags/example_branch_datetime_operator.py
[2023-05-20T02:20:32.412+0000] {processor.py:753} INFO - DAG(s) dict_keys(['example_branch_datetime_operator', 'example_branch_datetime_operator_3', 'example_branch_datetime_operator_2']) retrieved from /home/airflow/.local/lib/python3.7/site-packages/airflow/example_dags/example_branch_datetime_operator.py
[2023-05-20T02:20:32.439+0000] {logging_mixin.py:137} INFO - [2023-05-20T02:20:32.439+0000] {dag.py:2705} INFO - Sync 3 DAGs
[2023-05-20T02:20:32.460+0000] {logging_mixin.py:137} INFO - [2023-05-20T02:20:32.460+0000] {dag.py:3456} INFO - Setting next_dagrun for example_branch_datetime_operator to 2023-05-19T00:00:00+00:00, run_after=2023-05-20T00:00:00+00:00
[2023-05-20T02:20:32.464+0000] {logging_mixin.py:137} INFO - [2023-05-20T02:20:32.464+0000] {dag.py:3456} INFO - Setting next_dagrun for example_branch_datetime_operator_2 to 2023-05-19T00:00:00+00:00, run_after=2023-05-20T00:00:00+00:00
[2023-05-20T02:20:32.466+0000] {logging_mixin.py:137} INFO - [2023-05-20T02:20:32.466+0000] {dag.py:3456} INFO - Setting next_dagrun for example_branch_datetime_operator_3 to 2023-05-19T00:00:00+00:00, run_after=2023-05-20T00:00:00+00:00
[2023-05-20T02:20:32.478+0000] {processor.py:175} INFO - Processing /home/airflow/.local/lib/python3.7/site-packages/airflow/example_dags/example_branch_datetime_operator.py took 0.085 seconds
[2023-05-20T02:21:03.559+0000] {processor.py:153} INFO - Started process (PID=1009) to work on /home/airflow/.local/lib/python3.7/site-packages/airflow/example_dags/example_branch_datetime_operator.py
[2023-05-20T02:21:03.561+0000] {processor.py:743} INFO - Processing file /home/airflow/.local/lib/python3.7/site-packages/airflow/example_dags/example_branch_datetime_operator.py for tasks to queue
[2023-05-20T02:21:03.562+0000] {logging_mixin.py:137} INFO - [2023-05-20T02:21:03.562+0000] {dagbag.py:532} INFO - Filling up the DagBag from /home/airflow/.local/lib/python3.7/site-packages/airflow/example_dags/example_branch_datetime_operator.py
[2023-05-20T02:21:03.575+0000] {processor.py:753} INFO - DAG(s) dict_keys(['example_branch_datetime_operator', 'example_branch_datetime_operator_2', 'example_branch_datetime_operator_3']) retrieved from /home/airflow/.local/lib/python3.7/site-packages/airflow/example_dags/example_branch_datetime_operator.py
[2023-05-20T02:21:03.599+0000] {logging_mixin.py:137} INFO - [2023-05-20T02:21:03.599+0000] {dag.py:2705} INFO - Sync 3 DAGs
[2023-05-20T02:21:03.617+0000] {logging_mixin.py:137} INFO - [2023-05-20T02:21:03.617+0000] {dag.py:3456} INFO - Setting next_dagrun for example_branch_datetime_operator to 2023-05-19T00:00:00+00:00, run_after=2023-05-20T00:00:00+00:00
[2023-05-20T02:21:03.621+0000] {logging_mixin.py:137} INFO - [2023-05-20T02:21:03.621+0000] {dag.py:3456} INFO - Setting next_dagrun for example_branch_datetime_operator_2 to 2023-05-19T00:00:00+00:00, run_after=2023-05-20T00:00:00+00:00
[2023-05-20T02:21:03.623+0000] {logging_mixin.py:137} INFO - [2023-05-20T02:21:03.623+0000] {dag.py:3456} INFO - Setting next_dagrun for example_branch_datetime_operator_3 to 2023-05-19T00:00:00+00:00, run_after=2023-05-20T00:00:00+00:00
[2023-05-20T02:21:03.633+0000] {processor.py:175} INFO - Processing /home/airflow/.local/lib/python3.7/site-packages/airflow/example_dags/example_branch_datetime_operator.py took 0.076 seconds
[2023-05-20T02:21:33.733+0000] {processor.py:153} INFO - Started process (PID=1233) to work on /home/airflow/.local/lib/python3.7/site-packages/airflow/example_dags/example_branch_datetime_operator.py
[2023-05-20T02:21:33.734+0000] {processor.py:743} INFO - Processing file /home/airflow/.local/lib/python3.7/site-packages/airflow/example_dags/example_branch_datetime_operator.py for tasks to queue
[2023-05-20T02:21:33.737+0000] {logging_mixin.py:137} INFO - [2023-05-20T02:21:33.737+0000] {dagbag.py:532} INFO - Filling up the DagBag from /home/airflow/.local/lib/python3.7/site-packages/airflow/example_dags/example_branch_datetime_operator.py
[2023-05-20T02:21:33.749+0000] {processor.py:753} INFO - DAG(s) dict_keys(['example_branch_datetime_operator', 'example_branch_datetime_operator_2', 'example_branch_datetime_operator_3']) retrieved from /home/airflow/.local/lib/python3.7/site-packages/airflow/example_dags/example_branch_datetime_operator.py
[2023-05-20T02:21:33.774+0000] {logging_mixin.py:137} INFO - [2023-05-20T02:21:33.774+0000] {dag.py:2705} INFO - Sync 3 DAGs
[2023-05-20T02:21:33.792+0000] {logging_mixin.py:137} INFO - [2023-05-20T02:21:33.792+0000] {dag.py:3456} INFO - Setting next_dagrun for example_branch_datetime_operator to 2023-05-19T00:00:00+00:00, run_after=2023-05-20T00:00:00+00:00
[2023-05-20T02:21:33.796+0000] {logging_mixin.py:137} INFO - [2023-05-20T02:21:33.796+0000] {dag.py:3456} INFO - Setting next_dagrun for example_branch_datetime_operator_2 to 2023-05-19T00:00:00+00:00, run_after=2023-05-20T00:00:00+00:00
[2023-05-20T02:21:33.798+0000] {logging_mixin.py:137} INFO - [2023-05-20T02:21:33.798+0000] {dag.py:3456} INFO - Setting next_dagrun for example_branch_datetime_operator_3 to 2023-05-19T00:00:00+00:00, run_after=2023-05-20T00:00:00+00:00
[2023-05-20T02:21:33.811+0000] {processor.py:175} INFO - Processing /home/airflow/.local/lib/python3.7/site-packages/airflow/example_dags/example_branch_datetime_operator.py took 0.082 seconds
[2023-05-20T02:22:04.857+0000] {processor.py:153} INFO - Started process (PID=1457) to work on /home/airflow/.local/lib/python3.7/site-packages/airflow/example_dags/example_branch_datetime_operator.py
[2023-05-20T02:22:04.859+0000] {processor.py:743} INFO - Processing file /home/airflow/.local/lib/python3.7/site-packages/airflow/example_dags/example_branch_datetime_operator.py for tasks to queue
[2023-05-20T02:22:04.860+0000] {logging_mixin.py:137} INFO - [2023-05-20T02:22:04.860+0000] {dagbag.py:532} INFO - Filling up the DagBag from /home/airflow/.local/lib/python3.7/site-packages/airflow/example_dags/example_branch_datetime_operator.py
[2023-05-20T02:22:04.871+0000] {processor.py:753} INFO - DAG(s) dict_keys(['example_branch_datetime_operator', 'example_branch_datetime_operator_3', 'example_branch_datetime_operator_2']) retrieved from /home/airflow/.local/lib/python3.7/site-packages/airflow/example_dags/example_branch_datetime_operator.py
[2023-05-20T02:22:04.896+0000] {logging_mixin.py:137} INFO - [2023-05-20T02:22:04.896+0000] {dag.py:2705} INFO - Sync 3 DAGs
[2023-05-20T02:22:04.912+0000] {logging_mixin.py:137} INFO - [2023-05-20T02:22:04.912+0000] {dag.py:3456} INFO - Setting next_dagrun for example_branch_datetime_operator to 2023-05-19T00:00:00+00:00, run_after=2023-05-20T00:00:00+00:00
[2023-05-20T02:22:04.915+0000] {logging_mixin.py:137} INFO - [2023-05-20T02:22:04.915+0000] {dag.py:3456} INFO - Setting next_dagrun for example_branch_datetime_operator_2 to 2023-05-19T00:00:00+00:00, run_after=2023-05-20T00:00:00+00:00
[2023-05-20T02:22:04.917+0000] {logging_mixin.py:137} INFO - [2023-05-20T02:22:04.917+0000] {dag.py:3456} INFO - Setting next_dagrun for example_branch_datetime_operator_3 to 2023-05-19T00:00:00+00:00, run_after=2023-05-20T00:00:00+00:00
[2023-05-20T02:22:04.927+0000] {processor.py:175} INFO - Processing /home/airflow/.local/lib/python3.7/site-packages/airflow/example_dags/example_branch_datetime_operator.py took 0.072 seconds
