[2023-05-14T00:21:04.871+0000] {processor.py:153} INFO - Started process (PID=2800) to work on /opt/airflow/dags/greenery_addresses_data_pipeline.py
[2023-05-14T00:21:04.874+0000] {processor.py:743} INFO - Processing file /opt/airflow/dags/greenery_addresses_data_pipeline.py for tasks to queue
[2023-05-14T00:21:04.876+0000] {logging_mixin.py:137} INFO - [2023-05-14T00:21:04.875+0000] {dagbag.py:532} INFO - Filling up the DagBag from /opt/airflow/dags/greenery_addresses_data_pipeline.py
[2023-05-14T00:21:04.960+0000] {processor.py:753} INFO - DAG(s) dict_keys(['greenery_addresses_data_pipeline']) retrieved from /opt/airflow/dags/greenery_addresses_data_pipeline.py
[2023-05-14T00:21:04.988+0000] {logging_mixin.py:137} INFO - [2023-05-14T00:21:04.988+0000] {dag.py:2705} INFO - Sync 1 DAGs
[2023-05-14T00:21:05.018+0000] {logging_mixin.py:137} INFO - [2023-05-14T00:21:05.018+0000] {dag.py:3456} INFO - Setting next_dagrun for greenery_addresses_data_pipeline to None, run_after=None
[2023-05-14T00:21:05.040+0000] {processor.py:175} INFO - Processing /opt/airflow/dags/greenery_addresses_data_pipeline.py took 0.176 seconds
[2023-05-14T01:15:56.592+0000] {processor.py:153} INFO - Started process (PID=3024) to work on /opt/airflow/dags/greenery_addresses_data_pipeline.py
[2023-05-14T01:15:56.597+0000] {processor.py:743} INFO - Processing file /opt/airflow/dags/greenery_addresses_data_pipeline.py for tasks to queue
[2023-05-14T01:15:56.600+0000] {logging_mixin.py:137} INFO - [2023-05-14T01:15:56.599+0000] {dagbag.py:532} INFO - Filling up the DagBag from /opt/airflow/dags/greenery_addresses_data_pipeline.py
[2023-05-14T01:15:56.860+0000] {processor.py:753} INFO - DAG(s) dict_keys(['greenery_addresses_data_pipeline']) retrieved from /opt/airflow/dags/greenery_addresses_data_pipeline.py
[2023-05-14T01:15:56.943+0000] {logging_mixin.py:137} INFO - [2023-05-14T01:15:56.943+0000] {dag.py:2705} INFO - Sync 1 DAGs
[2023-05-14T01:15:57.007+0000] {logging_mixin.py:137} INFO - [2023-05-14T01:15:57.006+0000] {dag.py:3456} INFO - Setting next_dagrun for greenery_addresses_data_pipeline to None, run_after=None
[2023-05-14T01:15:57.070+0000] {processor.py:175} INFO - Processing /opt/airflow/dags/greenery_addresses_data_pipeline.py took 0.504 seconds
[2023-05-14T02:15:36.111+0000] {processor.py:153} INFO - Started process (PID=3247) to work on /opt/airflow/dags/greenery_addresses_data_pipeline.py
[2023-05-14T02:15:36.115+0000] {processor.py:743} INFO - Processing file /opt/airflow/dags/greenery_addresses_data_pipeline.py for tasks to queue
[2023-05-14T02:15:36.117+0000] {logging_mixin.py:137} INFO - [2023-05-14T02:15:36.117+0000] {dagbag.py:532} INFO - Filling up the DagBag from /opt/airflow/dags/greenery_addresses_data_pipeline.py
[2023-05-14T02:15:36.361+0000] {processor.py:753} INFO - DAG(s) dict_keys(['greenery_addresses_data_pipeline']) retrieved from /opt/airflow/dags/greenery_addresses_data_pipeline.py
[2023-05-14T02:15:36.441+0000] {logging_mixin.py:137} INFO - [2023-05-14T02:15:36.441+0000] {dag.py:2705} INFO - Sync 1 DAGs
[2023-05-14T02:15:36.481+0000] {logging_mixin.py:137} INFO - [2023-05-14T02:15:36.481+0000] {dag.py:3456} INFO - Setting next_dagrun for greenery_addresses_data_pipeline to None, run_after=None
[2023-05-14T02:15:36.539+0000] {processor.py:175} INFO - Processing /opt/airflow/dags/greenery_addresses_data_pipeline.py took 0.439 seconds
[2023-05-14T02:41:27.172+0000] {processor.py:153} INFO - Started process (PID=3470) to work on /opt/airflow/dags/greenery_addresses_data_pipeline.py
[2023-05-14T02:41:27.176+0000] {processor.py:743} INFO - Processing file /opt/airflow/dags/greenery_addresses_data_pipeline.py for tasks to queue
[2023-05-14T02:41:27.178+0000] {logging_mixin.py:137} INFO - [2023-05-14T02:41:27.178+0000] {dagbag.py:532} INFO - Filling up the DagBag from /opt/airflow/dags/greenery_addresses_data_pipeline.py
[2023-05-14T02:41:27.293+0000] {processor.py:753} INFO - DAG(s) dict_keys(['greenery_addresses_data_pipeline']) retrieved from /opt/airflow/dags/greenery_addresses_data_pipeline.py
[2023-05-14T02:41:27.322+0000] {logging_mixin.py:137} INFO - [2023-05-14T02:41:27.321+0000] {dag.py:2705} INFO - Sync 1 DAGs
[2023-05-14T02:41:27.342+0000] {logging_mixin.py:137} INFO - [2023-05-14T02:41:27.342+0000] {dag.py:3456} INFO - Setting next_dagrun for greenery_addresses_data_pipeline to None, run_after=None
[2023-05-14T02:41:27.355+0000] {processor.py:175} INFO - Processing /opt/airflow/dags/greenery_addresses_data_pipeline.py took 0.209 seconds
[2023-05-14T02:54:54.556+0000] {processor.py:153} INFO - Started process (PID=3693) to work on /opt/airflow/dags/greenery_addresses_data_pipeline.py
[2023-05-14T02:54:54.562+0000] {processor.py:743} INFO - Processing file /opt/airflow/dags/greenery_addresses_data_pipeline.py for tasks to queue
[2023-05-14T02:54:54.564+0000] {logging_mixin.py:137} INFO - [2023-05-14T02:54:54.564+0000] {dagbag.py:532} INFO - Filling up the DagBag from /opt/airflow/dags/greenery_addresses_data_pipeline.py
[2023-05-14T02:54:54.966+0000] {processor.py:753} INFO - DAG(s) dict_keys(['greenery_addresses_data_pipeline']) retrieved from /opt/airflow/dags/greenery_addresses_data_pipeline.py
[2023-05-14T02:54:55.101+0000] {logging_mixin.py:137} INFO - [2023-05-14T02:54:55.100+0000] {dag.py:2705} INFO - Sync 1 DAGs
[2023-05-14T02:54:55.192+0000] {logging_mixin.py:137} INFO - [2023-05-14T02:54:55.192+0000] {dag.py:3456} INFO - Setting next_dagrun for greenery_addresses_data_pipeline to None, run_after=None
[2023-05-14T02:54:55.232+0000] {processor.py:175} INFO - Processing /opt/airflow/dags/greenery_addresses_data_pipeline.py took 0.695 seconds
[2023-05-14T02:59:00.038+0000] {processor.py:153} INFO - Started process (PID=3918) to work on /opt/airflow/dags/greenery_addresses_data_pipeline.py
[2023-05-14T02:59:00.046+0000] {processor.py:743} INFO - Processing file /opt/airflow/dags/greenery_addresses_data_pipeline.py for tasks to queue
[2023-05-14T02:59:00.055+0000] {logging_mixin.py:137} INFO - [2023-05-14T02:59:00.055+0000] {dagbag.py:532} INFO - Filling up the DagBag from /opt/airflow/dags/greenery_addresses_data_pipeline.py
[2023-05-14T02:59:00.271+0000] {processor.py:753} INFO - DAG(s) dict_keys(['greenery_addresses_data_pipeline']) retrieved from /opt/airflow/dags/greenery_addresses_data_pipeline.py
[2023-05-14T02:59:00.337+0000] {logging_mixin.py:137} INFO - [2023-05-14T02:59:00.337+0000] {dag.py:2705} INFO - Sync 1 DAGs
[2023-05-14T02:59:00.374+0000] {logging_mixin.py:137} INFO - [2023-05-14T02:59:00.374+0000] {dag.py:3456} INFO - Setting next_dagrun for greenery_addresses_data_pipeline to None, run_after=None
[2023-05-14T02:59:00.407+0000] {processor.py:175} INFO - Processing /opt/airflow/dags/greenery_addresses_data_pipeline.py took 0.389 seconds
[2023-05-14T02:59:31.350+0000] {processor.py:153} INFO - Started process (PID=4140) to work on /opt/airflow/dags/greenery_addresses_data_pipeline.py
[2023-05-14T02:59:31.357+0000] {processor.py:743} INFO - Processing file /opt/airflow/dags/greenery_addresses_data_pipeline.py for tasks to queue
[2023-05-14T02:59:31.359+0000] {logging_mixin.py:137} INFO - [2023-05-14T02:59:31.359+0000] {dagbag.py:532} INFO - Filling up the DagBag from /opt/airflow/dags/greenery_addresses_data_pipeline.py
[2023-05-14T02:59:31.421+0000] {processor.py:753} INFO - DAG(s) dict_keys(['greenery_addresses_data_pipeline']) retrieved from /opt/airflow/dags/greenery_addresses_data_pipeline.py
[2023-05-14T02:59:31.444+0000] {logging_mixin.py:137} INFO - [2023-05-14T02:59:31.444+0000] {dag.py:2705} INFO - Sync 1 DAGs
[2023-05-14T02:59:31.464+0000] {logging_mixin.py:137} INFO - [2023-05-14T02:59:31.464+0000] {dag.py:3456} INFO - Setting next_dagrun for greenery_addresses_data_pipeline to None, run_after=None
[2023-05-14T02:59:31.477+0000] {processor.py:175} INFO - Processing /opt/airflow/dags/greenery_addresses_data_pipeline.py took 0.135 seconds
[2023-05-14T03:16:05.899+0000] {processor.py:153} INFO - Started process (PID=4363) to work on /opt/airflow/dags/greenery_addresses_data_pipeline.py
[2023-05-14T03:16:05.902+0000] {processor.py:743} INFO - Processing file /opt/airflow/dags/greenery_addresses_data_pipeline.py for tasks to queue
[2023-05-14T03:16:05.904+0000] {logging_mixin.py:137} INFO - [2023-05-14T03:16:05.904+0000] {dagbag.py:532} INFO - Filling up the DagBag from /opt/airflow/dags/greenery_addresses_data_pipeline.py
[2023-05-14T03:16:05.970+0000] {processor.py:753} INFO - DAG(s) dict_keys(['greenery_addresses_data_pipeline']) retrieved from /opt/airflow/dags/greenery_addresses_data_pipeline.py
[2023-05-14T03:16:05.993+0000] {logging_mixin.py:137} INFO - [2023-05-14T03:16:05.992+0000] {dag.py:2705} INFO - Sync 1 DAGs
[2023-05-14T03:16:06.011+0000] {logging_mixin.py:137} INFO - [2023-05-14T03:16:06.011+0000] {dag.py:3456} INFO - Setting next_dagrun for greenery_addresses_data_pipeline to None, run_after=None
[2023-05-14T03:16:06.027+0000] {processor.py:175} INFO - Processing /opt/airflow/dags/greenery_addresses_data_pipeline.py took 0.131 seconds
[2023-05-14T04:20:56.009+0000] {processor.py:153} INFO - Started process (PID=4586) to work on /opt/airflow/dags/greenery_addresses_data_pipeline.py
[2023-05-14T04:20:56.028+0000] {processor.py:743} INFO - Processing file /opt/airflow/dags/greenery_addresses_data_pipeline.py for tasks to queue
[2023-05-14T04:20:56.031+0000] {logging_mixin.py:137} INFO - [2023-05-14T04:20:56.031+0000] {dagbag.py:532} INFO - Filling up the DagBag from /opt/airflow/dags/greenery_addresses_data_pipeline.py
[2023-05-14T04:20:56.219+0000] {processor.py:753} INFO - DAG(s) dict_keys(['greenery_addresses_data_pipeline']) retrieved from /opt/airflow/dags/greenery_addresses_data_pipeline.py
[2023-05-14T04:20:56.246+0000] {logging_mixin.py:137} INFO - [2023-05-14T04:20:56.246+0000] {dag.py:2705} INFO - Sync 1 DAGs
[2023-05-14T04:20:56.269+0000] {logging_mixin.py:137} INFO - [2023-05-14T04:20:56.269+0000] {dag.py:3456} INFO - Setting next_dagrun for greenery_addresses_data_pipeline to None, run_after=None
[2023-05-14T04:20:56.284+0000] {processor.py:175} INFO - Processing /opt/airflow/dags/greenery_addresses_data_pipeline.py took 0.282 seconds
[2023-05-14T05:35:29.531+0000] {processor.py:153} INFO - Started process (PID=4809) to work on /opt/airflow/dags/greenery_addresses_data_pipeline.py
[2023-05-14T05:35:29.541+0000] {processor.py:743} INFO - Processing file /opt/airflow/dags/greenery_addresses_data_pipeline.py for tasks to queue
[2023-05-14T05:35:29.558+0000] {logging_mixin.py:137} INFO - [2023-05-14T05:35:29.552+0000] {dagbag.py:532} INFO - Filling up the DagBag from /opt/airflow/dags/greenery_addresses_data_pipeline.py
[2023-05-14T05:35:29.909+0000] {processor.py:753} INFO - DAG(s) dict_keys(['greenery_addresses_data_pipeline']) retrieved from /opt/airflow/dags/greenery_addresses_data_pipeline.py
[2023-05-14T05:35:29.976+0000] {logging_mixin.py:137} INFO - [2023-05-14T05:35:29.976+0000] {dag.py:2705} INFO - Sync 1 DAGs
[2023-05-14T05:35:30.033+0000] {logging_mixin.py:137} INFO - [2023-05-14T05:35:30.033+0000] {dag.py:3456} INFO - Setting next_dagrun for greenery_addresses_data_pipeline to None, run_after=None
[2023-05-14T05:35:30.107+0000] {processor.py:175} INFO - Processing /opt/airflow/dags/greenery_addresses_data_pipeline.py took 0.602 seconds
[2023-05-14T05:36:00.306+0000] {processor.py:153} INFO - Started process (PID=5032) to work on /opt/airflow/dags/greenery_addresses_data_pipeline.py
[2023-05-14T05:36:00.309+0000] {processor.py:743} INFO - Processing file /opt/airflow/dags/greenery_addresses_data_pipeline.py for tasks to queue
[2023-05-14T05:36:00.311+0000] {logging_mixin.py:137} INFO - [2023-05-14T05:36:00.310+0000] {dagbag.py:532} INFO - Filling up the DagBag from /opt/airflow/dags/greenery_addresses_data_pipeline.py
[2023-05-14T05:36:00.419+0000] {processor.py:753} INFO - DAG(s) dict_keys(['greenery_addresses_data_pipeline']) retrieved from /opt/airflow/dags/greenery_addresses_data_pipeline.py
[2023-05-14T05:36:00.447+0000] {logging_mixin.py:137} INFO - [2023-05-14T05:36:00.447+0000] {dag.py:2705} INFO - Sync 1 DAGs
[2023-05-14T05:36:00.470+0000] {logging_mixin.py:137} INFO - [2023-05-14T05:36:00.470+0000] {dag.py:3456} INFO - Setting next_dagrun for greenery_addresses_data_pipeline to None, run_after=None
[2023-05-14T05:36:00.492+0000] {processor.py:175} INFO - Processing /opt/airflow/dags/greenery_addresses_data_pipeline.py took 0.195 seconds
[2023-05-14T05:36:30.588+0000] {processor.py:153} INFO - Started process (PID=5256) to work on /opt/airflow/dags/greenery_addresses_data_pipeline.py
[2023-05-14T05:36:30.591+0000] {processor.py:743} INFO - Processing file /opt/airflow/dags/greenery_addresses_data_pipeline.py for tasks to queue
[2023-05-14T05:36:30.593+0000] {logging_mixin.py:137} INFO - [2023-05-14T05:36:30.593+0000] {dagbag.py:532} INFO - Filling up the DagBag from /opt/airflow/dags/greenery_addresses_data_pipeline.py
[2023-05-14T05:36:30.647+0000] {processor.py:753} INFO - DAG(s) dict_keys(['greenery_addresses_data_pipeline']) retrieved from /opt/airflow/dags/greenery_addresses_data_pipeline.py
[2023-05-14T05:36:30.687+0000] {logging_mixin.py:137} INFO - [2023-05-14T05:36:30.687+0000] {dag.py:2705} INFO - Sync 1 DAGs
[2023-05-14T05:36:30.707+0000] {logging_mixin.py:137} INFO - [2023-05-14T05:36:30.707+0000] {dag.py:3456} INFO - Setting next_dagrun for greenery_addresses_data_pipeline to None, run_after=None
[2023-05-14T05:36:30.720+0000] {processor.py:175} INFO - Processing /opt/airflow/dags/greenery_addresses_data_pipeline.py took 0.136 seconds
[2023-05-14T05:37:01.501+0000] {processor.py:153} INFO - Started process (PID=5479) to work on /opt/airflow/dags/greenery_addresses_data_pipeline.py
[2023-05-14T05:37:01.503+0000] {processor.py:743} INFO - Processing file /opt/airflow/dags/greenery_addresses_data_pipeline.py for tasks to queue
[2023-05-14T05:37:01.509+0000] {logging_mixin.py:137} INFO - [2023-05-14T05:37:01.509+0000] {dagbag.py:532} INFO - Filling up the DagBag from /opt/airflow/dags/greenery_addresses_data_pipeline.py
[2023-05-14T05:37:01.571+0000] {processor.py:753} INFO - DAG(s) dict_keys(['greenery_addresses_data_pipeline']) retrieved from /opt/airflow/dags/greenery_addresses_data_pipeline.py
[2023-05-14T05:37:01.595+0000] {logging_mixin.py:137} INFO - [2023-05-14T05:37:01.595+0000] {dag.py:2705} INFO - Sync 1 DAGs
[2023-05-14T05:37:01.616+0000] {logging_mixin.py:137} INFO - [2023-05-14T05:37:01.616+0000] {dag.py:3456} INFO - Setting next_dagrun for greenery_addresses_data_pipeline to None, run_after=None
[2023-05-14T05:37:01.630+0000] {processor.py:175} INFO - Processing /opt/airflow/dags/greenery_addresses_data_pipeline.py took 0.135 seconds
[2023-05-14T05:37:31.710+0000] {processor.py:153} INFO - Started process (PID=5702) to work on /opt/airflow/dags/greenery_addresses_data_pipeline.py
[2023-05-14T05:37:31.713+0000] {processor.py:743} INFO - Processing file /opt/airflow/dags/greenery_addresses_data_pipeline.py for tasks to queue
[2023-05-14T05:37:31.718+0000] {logging_mixin.py:137} INFO - [2023-05-14T05:37:31.718+0000] {dagbag.py:532} INFO - Filling up the DagBag from /opt/airflow/dags/greenery_addresses_data_pipeline.py
[2023-05-14T05:37:31.808+0000] {processor.py:753} INFO - DAG(s) dict_keys(['greenery_addresses_data_pipeline']) retrieved from /opt/airflow/dags/greenery_addresses_data_pipeline.py
[2023-05-14T05:37:31.836+0000] {logging_mixin.py:137} INFO - [2023-05-14T05:37:31.836+0000] {dag.py:2705} INFO - Sync 1 DAGs
[2023-05-14T05:37:31.857+0000] {logging_mixin.py:137} INFO - [2023-05-14T05:37:31.857+0000] {dag.py:3456} INFO - Setting next_dagrun for greenery_addresses_data_pipeline to None, run_after=None
[2023-05-14T05:37:31.876+0000] {processor.py:175} INFO - Processing /opt/airflow/dags/greenery_addresses_data_pipeline.py took 0.173 seconds
[2023-05-14T05:37:32.187+0000] {processor.py:153} INFO - Started process (PID=5730) to work on /opt/airflow/dags/greenery_addresses_data_pipeline.py
[2023-05-14T05:37:32.189+0000] {processor.py:743} INFO - Processing file /opt/airflow/dags/greenery_addresses_data_pipeline.py for tasks to queue
[2023-05-14T05:37:32.197+0000] {logging_mixin.py:137} INFO - [2023-05-14T05:37:32.196+0000] {dagbag.py:532} INFO - Filling up the DagBag from /opt/airflow/dags/greenery_addresses_data_pipeline.py
[2023-05-14T05:37:32.296+0000] {processor.py:753} INFO - DAG(s) dict_keys(['greenery_addresses_data_pipeline']) retrieved from /opt/airflow/dags/greenery_addresses_data_pipeline.py
[2023-05-14T05:37:32.324+0000] {logging_mixin.py:137} INFO - [2023-05-14T05:37:32.323+0000] {dag.py:2705} INFO - Sync 1 DAGs
[2023-05-14T05:37:32.344+0000] {logging_mixin.py:137} INFO - [2023-05-14T05:37:32.344+0000] {dag.py:3456} INFO - Setting next_dagrun for greenery_addresses_data_pipeline to None, run_after=None
[2023-05-14T05:37:32.385+0000] {processor.py:175} INFO - Processing /opt/airflow/dags/greenery_addresses_data_pipeline.py took 0.200 seconds
[2023-05-14T05:38:02.553+0000] {processor.py:153} INFO - Started process (PID=5931) to work on /opt/airflow/dags/greenery_addresses_data_pipeline.py
[2023-05-14T05:38:02.555+0000] {processor.py:743} INFO - Processing file /opt/airflow/dags/greenery_addresses_data_pipeline.py for tasks to queue
[2023-05-14T05:38:02.556+0000] {logging_mixin.py:137} INFO - [2023-05-14T05:38:02.556+0000] {dagbag.py:532} INFO - Filling up the DagBag from /opt/airflow/dags/greenery_addresses_data_pipeline.py
[2023-05-14T05:38:02.731+0000] {processor.py:753} INFO - DAG(s) dict_keys(['greenery_addresses_data_pipeline']) retrieved from /opt/airflow/dags/greenery_addresses_data_pipeline.py
[2023-05-14T05:38:02.760+0000] {logging_mixin.py:137} INFO - [2023-05-14T05:38:02.760+0000] {dag.py:2705} INFO - Sync 1 DAGs
[2023-05-14T05:38:02.784+0000] {logging_mixin.py:137} INFO - [2023-05-14T05:38:02.784+0000] {dag.py:3456} INFO - Setting next_dagrun for greenery_addresses_data_pipeline to None, run_after=None
[2023-05-14T05:38:02.805+0000] {processor.py:175} INFO - Processing /opt/airflow/dags/greenery_addresses_data_pipeline.py took 0.258 seconds
[2023-05-14T05:38:10.627+0000] {processor.py:153} INFO - Started process (PID=6147) to work on /opt/airflow/dags/greenery_addresses_data_pipeline.py
[2023-05-14T05:38:10.629+0000] {processor.py:743} INFO - Processing file /opt/airflow/dags/greenery_addresses_data_pipeline.py for tasks to queue
[2023-05-14T05:38:10.631+0000] {logging_mixin.py:137} INFO - [2023-05-14T05:38:10.631+0000] {dagbag.py:532} INFO - Filling up the DagBag from /opt/airflow/dags/greenery_addresses_data_pipeline.py
[2023-05-14T05:38:10.703+0000] {processor.py:753} INFO - DAG(s) dict_keys(['greenery_addresses_data_pipeline']) retrieved from /opt/airflow/dags/greenery_addresses_data_pipeline.py
[2023-05-14T05:38:10.726+0000] {logging_mixin.py:137} INFO - [2023-05-14T05:38:10.726+0000] {dag.py:2705} INFO - Sync 1 DAGs
[2023-05-14T05:38:10.744+0000] {logging_mixin.py:137} INFO - [2023-05-14T05:38:10.744+0000] {dag.py:3456} INFO - Setting next_dagrun for greenery_addresses_data_pipeline to None, run_after=None
[2023-05-14T05:38:10.761+0000] {processor.py:175} INFO - Processing /opt/airflow/dags/greenery_addresses_data_pipeline.py took 0.139 seconds
[2023-05-14T05:38:17.882+0000] {processor.py:153} INFO - Started process (PID=6152) to work on /opt/airflow/dags/greenery_addresses_data_pipeline.py
[2023-05-14T05:38:17.884+0000] {processor.py:743} INFO - Processing file /opt/airflow/dags/greenery_addresses_data_pipeline.py for tasks to queue
[2023-05-14T05:38:17.885+0000] {logging_mixin.py:137} INFO - [2023-05-14T05:38:17.885+0000] {dagbag.py:532} INFO - Filling up the DagBag from /opt/airflow/dags/greenery_addresses_data_pipeline.py
[2023-05-14T05:38:18.133+0000] {processor.py:753} INFO - DAG(s) dict_keys(['greenery_addresses_data_pipeline']) retrieved from /opt/airflow/dags/greenery_addresses_data_pipeline.py
[2023-05-14T05:38:18.161+0000] {logging_mixin.py:137} INFO - [2023-05-14T05:38:18.161+0000] {dag.py:2705} INFO - Sync 1 DAGs
[2023-05-14T05:38:18.184+0000] {logging_mixin.py:137} INFO - [2023-05-14T05:38:18.184+0000] {dag.py:3456} INFO - Setting next_dagrun for greenery_addresses_data_pipeline to None, run_after=None
[2023-05-14T05:38:18.204+0000] {processor.py:175} INFO - Processing /opt/airflow/dags/greenery_addresses_data_pipeline.py took 0.325 seconds
[2023-05-14T05:38:36.839+0000] {processor.py:153} INFO - Started process (PID=6365) to work on /opt/airflow/dags/greenery_addresses_data_pipeline.py
[2023-05-14T05:38:36.842+0000] {processor.py:743} INFO - Processing file /opt/airflow/dags/greenery_addresses_data_pipeline.py for tasks to queue
[2023-05-14T05:38:36.844+0000] {logging_mixin.py:137} INFO - [2023-05-14T05:38:36.844+0000] {dagbag.py:532} INFO - Filling up the DagBag from /opt/airflow/dags/greenery_addresses_data_pipeline.py
[2023-05-14T05:38:37.103+0000] {processor.py:753} INFO - DAG(s) dict_keys(['greenery_addresses_data_pipeline']) retrieved from /opt/airflow/dags/greenery_addresses_data_pipeline.py
[2023-05-14T05:38:37.129+0000] {logging_mixin.py:137} INFO - [2023-05-14T05:38:37.128+0000] {dag.py:2705} INFO - Sync 1 DAGs
[2023-05-14T05:38:37.145+0000] {logging_mixin.py:137} INFO - [2023-05-14T05:38:37.145+0000] {dag.py:3456} INFO - Setting next_dagrun for greenery_addresses_data_pipeline to None, run_after=None
[2023-05-14T05:38:37.163+0000] {processor.py:175} INFO - Processing /opt/airflow/dags/greenery_addresses_data_pipeline.py took 0.328 seconds
[2023-05-14T05:38:58.576+0000] {processor.py:153} INFO - Started process (PID=6389) to work on /opt/airflow/dags/greenery_addresses_data_pipeline.py
[2023-05-14T05:38:58.578+0000] {processor.py:743} INFO - Processing file /opt/airflow/dags/greenery_addresses_data_pipeline.py for tasks to queue
[2023-05-14T05:38:58.580+0000] {logging_mixin.py:137} INFO - [2023-05-14T05:38:58.580+0000] {dagbag.py:532} INFO - Filling up the DagBag from /opt/airflow/dags/greenery_addresses_data_pipeline.py
[2023-05-14T05:38:58.837+0000] {processor.py:753} INFO - DAG(s) dict_keys(['greenery_addresses_data_pipeline']) retrieved from /opt/airflow/dags/greenery_addresses_data_pipeline.py
[2023-05-14T05:38:58.860+0000] {logging_mixin.py:137} INFO - [2023-05-14T05:38:58.860+0000] {dag.py:2705} INFO - Sync 1 DAGs
[2023-05-14T05:38:58.878+0000] {logging_mixin.py:137} INFO - [2023-05-14T05:38:58.878+0000] {dag.py:3456} INFO - Setting next_dagrun for greenery_addresses_data_pipeline to None, run_after=None
[2023-05-14T05:38:58.897+0000] {processor.py:175} INFO - Processing /opt/airflow/dags/greenery_addresses_data_pipeline.py took 0.325 seconds
[2023-05-14T05:39:29.688+0000] {processor.py:153} INFO - Started process (PID=6613) to work on /opt/airflow/dags/greenery_addresses_data_pipeline.py
[2023-05-14T05:39:29.691+0000] {processor.py:743} INFO - Processing file /opt/airflow/dags/greenery_addresses_data_pipeline.py for tasks to queue
[2023-05-14T05:39:29.693+0000] {logging_mixin.py:137} INFO - [2023-05-14T05:39:29.693+0000] {dagbag.py:532} INFO - Filling up the DagBag from /opt/airflow/dags/greenery_addresses_data_pipeline.py
[2023-05-14T05:39:29.926+0000] {processor.py:753} INFO - DAG(s) dict_keys(['greenery_addresses_data_pipeline']) retrieved from /opt/airflow/dags/greenery_addresses_data_pipeline.py
[2023-05-14T05:39:29.947+0000] {logging_mixin.py:137} INFO - [2023-05-14T05:39:29.947+0000] {dag.py:2705} INFO - Sync 1 DAGs
[2023-05-14T05:39:29.965+0000] {logging_mixin.py:137} INFO - [2023-05-14T05:39:29.965+0000] {dag.py:3456} INFO - Setting next_dagrun for greenery_addresses_data_pipeline to None, run_after=None
[2023-05-14T05:39:29.978+0000] {processor.py:175} INFO - Processing /opt/airflow/dags/greenery_addresses_data_pipeline.py took 0.296 seconds
[2023-05-14T05:39:33.919+0000] {processor.py:153} INFO - Started process (PID=6619) to work on /opt/airflow/dags/greenery_addresses_data_pipeline.py
[2023-05-14T05:39:33.922+0000] {processor.py:743} INFO - Processing file /opt/airflow/dags/greenery_addresses_data_pipeline.py for tasks to queue
[2023-05-14T05:39:33.924+0000] {logging_mixin.py:137} INFO - [2023-05-14T05:39:33.924+0000] {dagbag.py:532} INFO - Filling up the DagBag from /opt/airflow/dags/greenery_addresses_data_pipeline.py
[2023-05-14T05:39:34.278+0000] {processor.py:753} INFO - DAG(s) dict_keys(['greenery_addresses_data_pipeline']) retrieved from /opt/airflow/dags/greenery_addresses_data_pipeline.py
[2023-05-14T05:39:34.310+0000] {logging_mixin.py:137} INFO - [2023-05-14T05:39:34.309+0000] {dag.py:2705} INFO - Sync 1 DAGs
[2023-05-14T05:39:34.341+0000] {logging_mixin.py:137} INFO - [2023-05-14T05:39:34.341+0000] {dag.py:3456} INFO - Setting next_dagrun for greenery_addresses_data_pipeline to None, run_after=None
[2023-05-14T05:39:34.376+0000] {processor.py:175} INFO - Processing /opt/airflow/dags/greenery_addresses_data_pipeline.py took 0.460 seconds
[2023-05-14T05:39:37.298+0000] {processor.py:153} INFO - Started process (PID=6748) to work on /opt/airflow/dags/greenery_addresses_data_pipeline.py
[2023-05-14T05:39:37.303+0000] {processor.py:743} INFO - Processing file /opt/airflow/dags/greenery_addresses_data_pipeline.py for tasks to queue
[2023-05-14T05:39:37.305+0000] {logging_mixin.py:137} INFO - [2023-05-14T05:39:37.305+0000] {dagbag.py:532} INFO - Filling up the DagBag from /opt/airflow/dags/greenery_addresses_data_pipeline.py
[2023-05-14T05:39:37.614+0000] {processor.py:753} INFO - DAG(s) dict_keys(['greenery_addresses_data_pipeline']) retrieved from /opt/airflow/dags/greenery_addresses_data_pipeline.py
[2023-05-14T05:39:37.645+0000] {logging_mixin.py:137} INFO - [2023-05-14T05:39:37.645+0000] {dag.py:2705} INFO - Sync 1 DAGs
[2023-05-14T05:39:37.668+0000] {logging_mixin.py:137} INFO - [2023-05-14T05:39:37.667+0000] {dag.py:3456} INFO - Setting next_dagrun for greenery_addresses_data_pipeline to None, run_after=None
[2023-05-14T05:39:37.694+0000] {processor.py:175} INFO - Processing /opt/airflow/dags/greenery_addresses_data_pipeline.py took 0.401 seconds
[2023-05-14T05:39:40.733+0000] {processor.py:153} INFO - Started process (PID=6842) to work on /opt/airflow/dags/greenery_addresses_data_pipeline.py
[2023-05-14T05:39:40.735+0000] {processor.py:743} INFO - Processing file /opt/airflow/dags/greenery_addresses_data_pipeline.py for tasks to queue
[2023-05-14T05:39:40.737+0000] {logging_mixin.py:137} INFO - [2023-05-14T05:39:40.737+0000] {dagbag.py:532} INFO - Filling up the DagBag from /opt/airflow/dags/greenery_addresses_data_pipeline.py
[2023-05-14T05:39:40.995+0000] {processor.py:753} INFO - DAG(s) dict_keys(['greenery_addresses_data_pipeline']) retrieved from /opt/airflow/dags/greenery_addresses_data_pipeline.py
[2023-05-14T05:39:41.017+0000] {logging_mixin.py:137} INFO - [2023-05-14T05:39:41.017+0000] {dag.py:2705} INFO - Sync 1 DAGs
[2023-05-14T05:39:41.036+0000] {logging_mixin.py:137} INFO - [2023-05-14T05:39:41.036+0000] {dag.py:3456} INFO - Setting next_dagrun for greenery_addresses_data_pipeline to None, run_after=None
[2023-05-14T05:39:41.053+0000] {processor.py:175} INFO - Processing /opt/airflow/dags/greenery_addresses_data_pipeline.py took 0.324 seconds
[2023-05-14T05:39:59.180+0000] {processor.py:153} INFO - Started process (PID=6856) to work on /opt/airflow/dags/greenery_addresses_data_pipeline.py
[2023-05-14T05:39:59.183+0000] {processor.py:743} INFO - Processing file /opt/airflow/dags/greenery_addresses_data_pipeline.py for tasks to queue
[2023-05-14T05:39:59.185+0000] {logging_mixin.py:137} INFO - [2023-05-14T05:39:59.185+0000] {dagbag.py:532} INFO - Filling up the DagBag from /opt/airflow/dags/greenery_addresses_data_pipeline.py
[2023-05-14T05:39:59.535+0000] {processor.py:753} INFO - DAG(s) dict_keys(['greenery_addresses_data_pipeline']) retrieved from /opt/airflow/dags/greenery_addresses_data_pipeline.py
[2023-05-14T05:39:59.564+0000] {logging_mixin.py:137} INFO - [2023-05-14T05:39:59.564+0000] {dag.py:2705} INFO - Sync 1 DAGs
[2023-05-14T05:39:59.588+0000] {logging_mixin.py:137} INFO - [2023-05-14T05:39:59.588+0000] {dag.py:3456} INFO - Setting next_dagrun for greenery_addresses_data_pipeline to None, run_after=None
[2023-05-14T05:39:59.609+0000] {processor.py:175} INFO - Processing /opt/airflow/dags/greenery_addresses_data_pipeline.py took 0.433 seconds
[2023-05-14T05:40:01.699+0000] {processor.py:153} INFO - Started process (PID=6862) to work on /opt/airflow/dags/greenery_addresses_data_pipeline.py
[2023-05-14T05:40:01.701+0000] {processor.py:743} INFO - Processing file /opt/airflow/dags/greenery_addresses_data_pipeline.py for tasks to queue
[2023-05-14T05:40:01.708+0000] {logging_mixin.py:137} INFO - [2023-05-14T05:40:01.708+0000] {dagbag.py:532} INFO - Filling up the DagBag from /opt/airflow/dags/greenery_addresses_data_pipeline.py
[2023-05-14T05:40:01.939+0000] {processor.py:753} INFO - DAG(s) dict_keys(['greenery_addresses_data_pipeline']) retrieved from /opt/airflow/dags/greenery_addresses_data_pipeline.py
[2023-05-14T05:40:01.961+0000] {logging_mixin.py:137} INFO - [2023-05-14T05:40:01.961+0000] {dag.py:2705} INFO - Sync 1 DAGs
[2023-05-14T05:40:01.981+0000] {logging_mixin.py:137} INFO - [2023-05-14T05:40:01.981+0000] {dag.py:3456} INFO - Setting next_dagrun for greenery_addresses_data_pipeline to None, run_after=None
[2023-05-14T05:40:01.996+0000] {processor.py:175} INFO - Processing /opt/airflow/dags/greenery_addresses_data_pipeline.py took 0.300 seconds
[2023-05-14T05:40:21.435+0000] {processor.py:153} INFO - Started process (PID=7079) to work on /opt/airflow/dags/greenery_addresses_data_pipeline.py
[2023-05-14T05:40:21.438+0000] {processor.py:743} INFO - Processing file /opt/airflow/dags/greenery_addresses_data_pipeline.py for tasks to queue
[2023-05-14T05:40:21.439+0000] {logging_mixin.py:137} INFO - [2023-05-14T05:40:21.439+0000] {dagbag.py:532} INFO - Filling up the DagBag from /opt/airflow/dags/greenery_addresses_data_pipeline.py
[2023-05-14T05:40:21.691+0000] {processor.py:753} INFO - DAG(s) dict_keys(['greenery_addresses_data_pipeline']) retrieved from /opt/airflow/dags/greenery_addresses_data_pipeline.py
[2023-05-14T05:40:21.837+0000] {logging_mixin.py:137} INFO - [2023-05-14T05:40:21.837+0000] {dag.py:2705} INFO - Sync 1 DAGs
[2023-05-14T05:40:21.859+0000] {logging_mixin.py:137} INFO - [2023-05-14T05:40:21.859+0000] {dag.py:3456} INFO - Setting next_dagrun for greenery_addresses_data_pipeline to None, run_after=None
[2023-05-14T05:40:21.883+0000] {processor.py:175} INFO - Processing /opt/airflow/dags/greenery_addresses_data_pipeline.py took 0.453 seconds
[2023-05-14T05:40:52.321+0000] {processor.py:153} INFO - Started process (PID=7303) to work on /opt/airflow/dags/greenery_addresses_data_pipeline.py
[2023-05-14T05:40:52.324+0000] {processor.py:743} INFO - Processing file /opt/airflow/dags/greenery_addresses_data_pipeline.py for tasks to queue
[2023-05-14T05:40:52.326+0000] {logging_mixin.py:137} INFO - [2023-05-14T05:40:52.326+0000] {dagbag.py:532} INFO - Filling up the DagBag from /opt/airflow/dags/greenery_addresses_data_pipeline.py
[2023-05-14T05:40:52.567+0000] {processor.py:753} INFO - DAG(s) dict_keys(['greenery_addresses_data_pipeline']) retrieved from /opt/airflow/dags/greenery_addresses_data_pipeline.py
[2023-05-14T05:40:52.591+0000] {logging_mixin.py:137} INFO - [2023-05-14T05:40:52.591+0000] {dag.py:2705} INFO - Sync 1 DAGs
[2023-05-14T05:40:52.609+0000] {logging_mixin.py:137} INFO - [2023-05-14T05:40:52.609+0000] {dag.py:3456} INFO - Setting next_dagrun for greenery_addresses_data_pipeline to None, run_after=None
[2023-05-14T05:40:52.620+0000] {processor.py:175} INFO - Processing /opt/airflow/dags/greenery_addresses_data_pipeline.py took 0.304 seconds
[2023-05-14T05:40:59.743+0000] {processor.py:153} INFO - Started process (PID=7316) to work on /opt/airflow/dags/greenery_addresses_data_pipeline.py
[2023-05-14T05:40:59.745+0000] {processor.py:743} INFO - Processing file /opt/airflow/dags/greenery_addresses_data_pipeline.py for tasks to queue
[2023-05-14T05:40:59.746+0000] {logging_mixin.py:137} INFO - [2023-05-14T05:40:59.746+0000] {dagbag.py:532} INFO - Filling up the DagBag from /opt/airflow/dags/greenery_addresses_data_pipeline.py
[2023-05-14T05:40:59.980+0000] {processor.py:753} INFO - DAG(s) dict_keys(['greenery_addresses_data_pipeline']) retrieved from /opt/airflow/dags/greenery_addresses_data_pipeline.py
[2023-05-14T05:41:00.003+0000] {logging_mixin.py:137} INFO - [2023-05-14T05:41:00.002+0000] {dag.py:2705} INFO - Sync 1 DAGs
[2023-05-14T05:41:00.022+0000] {logging_mixin.py:137} INFO - [2023-05-14T05:41:00.022+0000] {dag.py:3456} INFO - Setting next_dagrun for greenery_addresses_data_pipeline to None, run_after=None
[2023-05-14T05:41:00.043+0000] {processor.py:175} INFO - Processing /opt/airflow/dags/greenery_addresses_data_pipeline.py took 0.303 seconds
[2023-05-14T05:41:27.907+0000] {processor.py:153} INFO - Started process (PID=7540) to work on /opt/airflow/dags/greenery_addresses_data_pipeline.py
[2023-05-14T05:41:27.910+0000] {processor.py:743} INFO - Processing file /opt/airflow/dags/greenery_addresses_data_pipeline.py for tasks to queue
[2023-05-14T05:41:27.912+0000] {logging_mixin.py:137} INFO - [2023-05-14T05:41:27.912+0000] {dagbag.py:532} INFO - Filling up the DagBag from /opt/airflow/dags/greenery_addresses_data_pipeline.py
[2023-05-14T05:41:28.233+0000] {processor.py:753} INFO - DAG(s) dict_keys(['greenery_addresses_data_pipeline']) retrieved from /opt/airflow/dags/greenery_addresses_data_pipeline.py
[2023-05-14T05:41:28.262+0000] {logging_mixin.py:137} INFO - [2023-05-14T05:41:28.261+0000] {dag.py:2705} INFO - Sync 1 DAGs
[2023-05-14T05:41:28.287+0000] {logging_mixin.py:137} INFO - [2023-05-14T05:41:28.287+0000] {dag.py:3456} INFO - Setting next_dagrun for greenery_addresses_data_pipeline to None, run_after=None
[2023-05-14T05:41:28.308+0000] {processor.py:175} INFO - Processing /opt/airflow/dags/greenery_addresses_data_pipeline.py took 0.404 seconds
[2023-05-14T05:41:36.892+0000] {processor.py:153} INFO - Started process (PID=7596) to work on /opt/airflow/dags/greenery_addresses_data_pipeline.py
[2023-05-14T05:41:36.894+0000] {processor.py:743} INFO - Processing file /opt/airflow/dags/greenery_addresses_data_pipeline.py for tasks to queue
[2023-05-14T05:41:36.899+0000] {logging_mixin.py:137} INFO - [2023-05-14T05:41:36.899+0000] {dagbag.py:532} INFO - Filling up the DagBag from /opt/airflow/dags/greenery_addresses_data_pipeline.py
[2023-05-14T05:41:37.205+0000] {processor.py:753} INFO - DAG(s) dict_keys(['greenery_addresses_data_pipeline']) retrieved from /opt/airflow/dags/greenery_addresses_data_pipeline.py
[2023-05-14T05:41:37.241+0000] {logging_mixin.py:137} INFO - [2023-05-14T05:41:37.241+0000] {dag.py:2705} INFO - Sync 1 DAGs
[2023-05-14T05:41:37.265+0000] {logging_mixin.py:137} INFO - [2023-05-14T05:41:37.265+0000] {dag.py:3456} INFO - Setting next_dagrun for greenery_addresses_data_pipeline to None, run_after=None
[2023-05-14T05:41:37.293+0000] {processor.py:175} INFO - Processing /opt/airflow/dags/greenery_addresses_data_pipeline.py took 0.405 seconds
[2023-05-14T05:41:46.195+0000] {processor.py:153} INFO - Started process (PID=7763) to work on /opt/airflow/dags/greenery_addresses_data_pipeline.py
[2023-05-14T05:41:46.198+0000] {processor.py:743} INFO - Processing file /opt/airflow/dags/greenery_addresses_data_pipeline.py for tasks to queue
[2023-05-14T05:41:46.200+0000] {logging_mixin.py:137} INFO - [2023-05-14T05:41:46.199+0000] {dagbag.py:532} INFO - Filling up the DagBag from /opt/airflow/dags/greenery_addresses_data_pipeline.py
[2023-05-14T05:41:46.459+0000] {processor.py:753} INFO - DAG(s) dict_keys(['greenery_addresses_data_pipeline']) retrieved from /opt/airflow/dags/greenery_addresses_data_pipeline.py
[2023-05-14T05:41:46.486+0000] {logging_mixin.py:137} INFO - [2023-05-14T05:41:46.486+0000] {dag.py:2705} INFO - Sync 1 DAGs
[2023-05-14T05:41:46.506+0000] {logging_mixin.py:137} INFO - [2023-05-14T05:41:46.506+0000] {dag.py:3456} INFO - Setting next_dagrun for greenery_addresses_data_pipeline to None, run_after=None
[2023-05-14T05:41:46.524+0000] {processor.py:175} INFO - Processing /opt/airflow/dags/greenery_addresses_data_pipeline.py took 0.334 seconds
[2023-05-14T05:42:16.777+0000] {processor.py:153} INFO - Started process (PID=7987) to work on /opt/airflow/dags/greenery_addresses_data_pipeline.py
[2023-05-14T05:42:16.780+0000] {processor.py:743} INFO - Processing file /opt/airflow/dags/greenery_addresses_data_pipeline.py for tasks to queue
[2023-05-14T05:42:16.782+0000] {logging_mixin.py:137} INFO - [2023-05-14T05:42:16.782+0000] {dagbag.py:532} INFO - Filling up the DagBag from /opt/airflow/dags/greenery_addresses_data_pipeline.py
[2023-05-14T05:42:16.998+0000] {processor.py:753} INFO - DAG(s) dict_keys(['greenery_addresses_data_pipeline']) retrieved from /opt/airflow/dags/greenery_addresses_data_pipeline.py
[2023-05-14T05:42:17.020+0000] {logging_mixin.py:137} INFO - [2023-05-14T05:42:17.020+0000] {dag.py:2705} INFO - Sync 1 DAGs
[2023-05-14T05:42:17.038+0000] {logging_mixin.py:137} INFO - [2023-05-14T05:42:17.038+0000] {dag.py:3456} INFO - Setting next_dagrun for greenery_addresses_data_pipeline to None, run_after=None
[2023-05-14T05:42:17.051+0000] {processor.py:175} INFO - Processing /opt/airflow/dags/greenery_addresses_data_pipeline.py took 0.280 seconds
[2023-05-14T05:42:47.287+0000] {processor.py:153} INFO - Started process (PID=8210) to work on /opt/airflow/dags/greenery_addresses_data_pipeline.py
[2023-05-14T05:42:47.290+0000] {processor.py:743} INFO - Processing file /opt/airflow/dags/greenery_addresses_data_pipeline.py for tasks to queue
[2023-05-14T05:42:47.291+0000] {logging_mixin.py:137} INFO - [2023-05-14T05:42:47.291+0000] {dagbag.py:532} INFO - Filling up the DagBag from /opt/airflow/dags/greenery_addresses_data_pipeline.py
[2023-05-14T05:42:47.521+0000] {processor.py:753} INFO - DAG(s) dict_keys(['greenery_addresses_data_pipeline']) retrieved from /opt/airflow/dags/greenery_addresses_data_pipeline.py
[2023-05-14T05:42:47.545+0000] {logging_mixin.py:137} INFO - [2023-05-14T05:42:47.545+0000] {dag.py:2705} INFO - Sync 1 DAGs
[2023-05-14T05:42:47.564+0000] {logging_mixin.py:137} INFO - [2023-05-14T05:42:47.564+0000] {dag.py:3456} INFO - Setting next_dagrun for greenery_addresses_data_pipeline to None, run_after=None
[2023-05-14T05:42:47.576+0000] {processor.py:175} INFO - Processing /opt/airflow/dags/greenery_addresses_data_pipeline.py took 0.294 seconds
[2023-05-14T05:42:58.441+0000] {processor.py:153} INFO - Started process (PID=8224) to work on /opt/airflow/dags/greenery_addresses_data_pipeline.py
[2023-05-14T05:42:58.443+0000] {processor.py:743} INFO - Processing file /opt/airflow/dags/greenery_addresses_data_pipeline.py for tasks to queue
[2023-05-14T05:42:58.445+0000] {logging_mixin.py:137} INFO - [2023-05-14T05:42:58.445+0000] {dagbag.py:532} INFO - Filling up the DagBag from /opt/airflow/dags/greenery_addresses_data_pipeline.py
[2023-05-14T05:42:58.694+0000] {processor.py:753} INFO - DAG(s) dict_keys(['greenery_addresses_data_pipeline']) retrieved from /opt/airflow/dags/greenery_addresses_data_pipeline.py
[2023-05-14T05:42:58.718+0000] {logging_mixin.py:137} INFO - [2023-05-14T05:42:58.717+0000] {dag.py:2705} INFO - Sync 1 DAGs
[2023-05-14T05:42:58.737+0000] {logging_mixin.py:137} INFO - [2023-05-14T05:42:58.737+0000] {dag.py:3456} INFO - Setting next_dagrun for greenery_addresses_data_pipeline to None, run_after=None
[2023-05-14T05:42:58.753+0000] {processor.py:175} INFO - Processing /opt/airflow/dags/greenery_addresses_data_pipeline.py took 0.318 seconds
[2023-05-14T05:43:26.740+0000] {processor.py:153} INFO - Started process (PID=8449) to work on /opt/airflow/dags/greenery_addresses_data_pipeline.py
[2023-05-14T05:43:26.742+0000] {processor.py:743} INFO - Processing file /opt/airflow/dags/greenery_addresses_data_pipeline.py for tasks to queue
[2023-05-14T05:43:26.743+0000] {logging_mixin.py:137} INFO - [2023-05-14T05:43:26.743+0000] {dagbag.py:532} INFO - Filling up the DagBag from /opt/airflow/dags/greenery_addresses_data_pipeline.py
[2023-05-14T05:43:26.985+0000] {processor.py:753} INFO - DAG(s) dict_keys(['greenery_addresses_data_pipeline']) retrieved from /opt/airflow/dags/greenery_addresses_data_pipeline.py
[2023-05-14T05:43:27.007+0000] {logging_mixin.py:137} INFO - [2023-05-14T05:43:27.007+0000] {dag.py:2705} INFO - Sync 1 DAGs
[2023-05-14T05:43:27.026+0000] {logging_mixin.py:137} INFO - [2023-05-14T05:43:27.026+0000] {dag.py:3456} INFO - Setting next_dagrun for greenery_addresses_data_pipeline to None, run_after=None
[2023-05-14T05:43:27.043+0000] {processor.py:175} INFO - Processing /opt/airflow/dags/greenery_addresses_data_pipeline.py took 0.306 seconds
[2023-05-14T05:43:57.944+0000] {processor.py:153} INFO - Started process (PID=8673) to work on /opt/airflow/dags/greenery_addresses_data_pipeline.py
[2023-05-14T05:43:57.948+0000] {processor.py:743} INFO - Processing file /opt/airflow/dags/greenery_addresses_data_pipeline.py for tasks to queue
[2023-05-14T05:43:57.951+0000] {logging_mixin.py:137} INFO - [2023-05-14T05:43:57.951+0000] {dagbag.py:532} INFO - Filling up the DagBag from /opt/airflow/dags/greenery_addresses_data_pipeline.py
[2023-05-14T05:43:58.181+0000] {processor.py:753} INFO - DAG(s) dict_keys(['greenery_addresses_data_pipeline']) retrieved from /opt/airflow/dags/greenery_addresses_data_pipeline.py
[2023-05-14T05:43:58.209+0000] {logging_mixin.py:137} INFO - [2023-05-14T05:43:58.209+0000] {dag.py:2705} INFO - Sync 1 DAGs
[2023-05-14T05:43:58.233+0000] {logging_mixin.py:137} INFO - [2023-05-14T05:43:58.233+0000] {dag.py:3456} INFO - Setting next_dagrun for greenery_addresses_data_pipeline to None, run_after=None
[2023-05-14T05:43:58.246+0000] {processor.py:175} INFO - Processing /opt/airflow/dags/greenery_addresses_data_pipeline.py took 0.307 seconds
[2023-05-14T05:44:02.328+0000] {processor.py:153} INFO - Started process (PID=8679) to work on /opt/airflow/dags/greenery_addresses_data_pipeline.py
[2023-05-14T05:44:02.330+0000] {processor.py:743} INFO - Processing file /opt/airflow/dags/greenery_addresses_data_pipeline.py for tasks to queue
[2023-05-14T05:44:02.331+0000] {logging_mixin.py:137} INFO - [2023-05-14T05:44:02.331+0000] {dagbag.py:532} INFO - Filling up the DagBag from /opt/airflow/dags/greenery_addresses_data_pipeline.py
[2023-05-14T05:44:02.582+0000] {processor.py:753} INFO - DAG(s) dict_keys(['greenery_addresses_data_pipeline']) retrieved from /opt/airflow/dags/greenery_addresses_data_pipeline.py
[2023-05-14T05:44:02.607+0000] {logging_mixin.py:137} INFO - [2023-05-14T05:44:02.606+0000] {dag.py:2705} INFO - Sync 1 DAGs
[2023-05-14T05:44:02.631+0000] {logging_mixin.py:137} INFO - [2023-05-14T05:44:02.631+0000] {dag.py:3456} INFO - Setting next_dagrun for greenery_addresses_data_pipeline to None, run_after=None
[2023-05-14T05:44:02.651+0000] {processor.py:175} INFO - Processing /opt/airflow/dags/greenery_addresses_data_pipeline.py took 0.327 seconds
[2023-05-14T05:44:10.876+0000] {processor.py:153} INFO - Started process (PID=8778) to work on /opt/airflow/dags/greenery_addresses_data_pipeline.py
[2023-05-14T05:44:10.879+0000] {processor.py:743} INFO - Processing file /opt/airflow/dags/greenery_addresses_data_pipeline.py for tasks to queue
[2023-05-14T05:44:10.881+0000] {logging_mixin.py:137} INFO - [2023-05-14T05:44:10.881+0000] {dagbag.py:532} INFO - Filling up the DagBag from /opt/airflow/dags/greenery_addresses_data_pipeline.py
[2023-05-14T05:44:11.171+0000] {processor.py:753} INFO - DAG(s) dict_keys(['greenery_addresses_data_pipeline']) retrieved from /opt/airflow/dags/greenery_addresses_data_pipeline.py
[2023-05-14T05:44:11.195+0000] {logging_mixin.py:137} INFO - [2023-05-14T05:44:11.195+0000] {dag.py:2705} INFO - Sync 1 DAGs
[2023-05-14T05:44:11.216+0000] {logging_mixin.py:137} INFO - [2023-05-14T05:44:11.216+0000] {dag.py:3456} INFO - Setting next_dagrun for greenery_addresses_data_pipeline to None, run_after=None
[2023-05-14T05:44:11.238+0000] {processor.py:175} INFO - Processing /opt/airflow/dags/greenery_addresses_data_pipeline.py took 0.365 seconds
[2023-05-14T05:44:42.029+0000] {processor.py:153} INFO - Started process (PID=9010) to work on /opt/airflow/dags/greenery_addresses_data_pipeline.py
[2023-05-14T05:44:42.037+0000] {processor.py:743} INFO - Processing file /opt/airflow/dags/greenery_addresses_data_pipeline.py for tasks to queue
[2023-05-14T05:44:42.039+0000] {logging_mixin.py:137} INFO - [2023-05-14T05:44:42.039+0000] {dagbag.py:532} INFO - Filling up the DagBag from /opt/airflow/dags/greenery_addresses_data_pipeline.py
[2023-05-14T05:44:42.320+0000] {processor.py:753} INFO - DAG(s) dict_keys(['greenery_addresses_data_pipeline']) retrieved from /opt/airflow/dags/greenery_addresses_data_pipeline.py
[2023-05-14T05:44:42.340+0000] {logging_mixin.py:137} INFO - [2023-05-14T05:44:42.340+0000] {dag.py:2705} INFO - Sync 1 DAGs
[2023-05-14T05:44:42.359+0000] {logging_mixin.py:137} INFO - [2023-05-14T05:44:42.359+0000] {dag.py:3456} INFO - Setting next_dagrun for greenery_addresses_data_pipeline to None, run_after=None
[2023-05-14T05:44:42.372+0000] {processor.py:175} INFO - Processing /opt/airflow/dags/greenery_addresses_data_pipeline.py took 0.349 seconds
[2023-05-14T05:45:12.463+0000] {processor.py:153} INFO - Started process (PID=9242) to work on /opt/airflow/dags/greenery_addresses_data_pipeline.py
[2023-05-14T05:45:12.468+0000] {processor.py:743} INFO - Processing file /opt/airflow/dags/greenery_addresses_data_pipeline.py for tasks to queue
[2023-05-14T05:45:12.470+0000] {logging_mixin.py:137} INFO - [2023-05-14T05:45:12.470+0000] {dagbag.py:532} INFO - Filling up the DagBag from /opt/airflow/dags/greenery_addresses_data_pipeline.py
[2023-05-14T05:45:12.737+0000] {processor.py:753} INFO - DAG(s) dict_keys(['greenery_addresses_data_pipeline']) retrieved from /opt/airflow/dags/greenery_addresses_data_pipeline.py
[2023-05-14T05:45:12.758+0000] {logging_mixin.py:137} INFO - [2023-05-14T05:45:12.758+0000] {dag.py:2705} INFO - Sync 1 DAGs
[2023-05-14T05:45:12.775+0000] {logging_mixin.py:137} INFO - [2023-05-14T05:45:12.775+0000] {dag.py:3456} INFO - Setting next_dagrun for greenery_addresses_data_pipeline to None, run_after=None
[2023-05-14T05:45:12.795+0000] {processor.py:175} INFO - Processing /opt/airflow/dags/greenery_addresses_data_pipeline.py took 0.334 seconds
[2023-05-14T05:45:14.086+0000] {processor.py:153} INFO - Started process (PID=9356) to work on /opt/airflow/dags/greenery_addresses_data_pipeline.py
[2023-05-14T05:45:14.087+0000] {processor.py:743} INFO - Processing file /opt/airflow/dags/greenery_addresses_data_pipeline.py for tasks to queue
[2023-05-14T05:45:14.089+0000] {logging_mixin.py:137} INFO - [2023-05-14T05:45:14.089+0000] {dagbag.py:532} INFO - Filling up the DagBag from /opt/airflow/dags/greenery_addresses_data_pipeline.py
[2023-05-14T05:45:14.317+0000] {processor.py:753} INFO - DAG(s) dict_keys(['greenery_addresses_data_pipeline']) retrieved from /opt/airflow/dags/greenery_addresses_data_pipeline.py
[2023-05-14T05:45:14.337+0000] {logging_mixin.py:137} INFO - [2023-05-14T05:45:14.337+0000] {dag.py:2705} INFO - Sync 1 DAGs
[2023-05-14T05:45:14.356+0000] {logging_mixin.py:137} INFO - [2023-05-14T05:45:14.356+0000] {dag.py:3456} INFO - Setting next_dagrun for greenery_addresses_data_pipeline to None, run_after=None
[2023-05-14T05:45:14.372+0000] {processor.py:175} INFO - Processing /opt/airflow/dags/greenery_addresses_data_pipeline.py took 0.290 seconds
[2023-05-14T05:45:19.149+0000] {processor.py:153} INFO - Started process (PID=9362) to work on /opt/airflow/dags/greenery_addresses_data_pipeline.py
[2023-05-14T05:45:19.152+0000] {processor.py:743} INFO - Processing file /opt/airflow/dags/greenery_addresses_data_pipeline.py for tasks to queue
[2023-05-14T05:45:19.153+0000] {logging_mixin.py:137} INFO - [2023-05-14T05:45:19.153+0000] {dagbag.py:532} INFO - Filling up the DagBag from /opt/airflow/dags/greenery_addresses_data_pipeline.py
[2023-05-14T05:45:19.411+0000] {processor.py:753} INFO - DAG(s) dict_keys(['greenery_addresses_data_pipeline']) retrieved from /opt/airflow/dags/greenery_addresses_data_pipeline.py
[2023-05-14T05:45:19.446+0000] {logging_mixin.py:137} INFO - [2023-05-14T05:45:19.445+0000] {dag.py:2705} INFO - Sync 1 DAGs
[2023-05-14T05:45:19.471+0000] {logging_mixin.py:137} INFO - [2023-05-14T05:45:19.471+0000] {dag.py:3456} INFO - Setting next_dagrun for greenery_addresses_data_pipeline to None, run_after=None
[2023-05-14T05:45:19.492+0000] {processor.py:175} INFO - Processing /opt/airflow/dags/greenery_addresses_data_pipeline.py took 0.347 seconds
[2023-05-14T05:45:35.881+0000] {processor.py:153} INFO - Started process (PID=9375) to work on /opt/airflow/dags/greenery_addresses_data_pipeline.py
[2023-05-14T05:45:35.884+0000] {processor.py:743} INFO - Processing file /opt/airflow/dags/greenery_addresses_data_pipeline.py for tasks to queue
[2023-05-14T05:45:35.885+0000] {logging_mixin.py:137} INFO - [2023-05-14T05:45:35.885+0000] {dagbag.py:532} INFO - Filling up the DagBag from /opt/airflow/dags/greenery_addresses_data_pipeline.py
[2023-05-14T05:45:36.120+0000] {processor.py:753} INFO - DAG(s) dict_keys(['greenery_addresses_data_pipeline']) retrieved from /opt/airflow/dags/greenery_addresses_data_pipeline.py
[2023-05-14T05:45:36.143+0000] {logging_mixin.py:137} INFO - [2023-05-14T05:45:36.142+0000] {dag.py:2705} INFO - Sync 1 DAGs
[2023-05-14T05:45:36.162+0000] {logging_mixin.py:137} INFO - [2023-05-14T05:45:36.162+0000] {dag.py:3456} INFO - Setting next_dagrun for greenery_addresses_data_pipeline to None, run_after=None
[2023-05-14T05:45:36.179+0000] {processor.py:175} INFO - Processing /opt/airflow/dags/greenery_addresses_data_pipeline.py took 0.303 seconds
[2023-05-14T05:46:06.436+0000] {processor.py:153} INFO - Started process (PID=9604) to work on /opt/airflow/dags/greenery_addresses_data_pipeline.py
[2023-05-14T05:46:06.439+0000] {processor.py:743} INFO - Processing file /opt/airflow/dags/greenery_addresses_data_pipeline.py for tasks to queue
[2023-05-14T05:46:06.441+0000] {logging_mixin.py:137} INFO - [2023-05-14T05:46:06.441+0000] {dagbag.py:532} INFO - Filling up the DagBag from /opt/airflow/dags/greenery_addresses_data_pipeline.py
[2023-05-14T05:46:06.661+0000] {processor.py:753} INFO - DAG(s) dict_keys(['greenery_addresses_data_pipeline']) retrieved from /opt/airflow/dags/greenery_addresses_data_pipeline.py
[2023-05-14T05:46:06.682+0000] {logging_mixin.py:137} INFO - [2023-05-14T05:46:06.682+0000] {dag.py:2705} INFO - Sync 1 DAGs
[2023-05-14T05:46:06.698+0000] {logging_mixin.py:137} INFO - [2023-05-14T05:46:06.698+0000] {dag.py:3456} INFO - Setting next_dagrun for greenery_addresses_data_pipeline to None, run_after=None
[2023-05-14T05:46:06.710+0000] {processor.py:175} INFO - Processing /opt/airflow/dags/greenery_addresses_data_pipeline.py took 0.278 seconds
[2023-05-14T05:46:23.266+0000] {processor.py:153} INFO - Started process (PID=9821) to work on /opt/airflow/dags/greenery_addresses_data_pipeline.py
[2023-05-14T05:46:23.269+0000] {processor.py:743} INFO - Processing file /opt/airflow/dags/greenery_addresses_data_pipeline.py for tasks to queue
[2023-05-14T05:46:23.271+0000] {logging_mixin.py:137} INFO - [2023-05-14T05:46:23.271+0000] {dagbag.py:532} INFO - Filling up the DagBag from /opt/airflow/dags/greenery_addresses_data_pipeline.py
[2023-05-14T05:46:23.551+0000] {processor.py:753} INFO - DAG(s) dict_keys(['greenery_addresses_data_pipeline']) retrieved from /opt/airflow/dags/greenery_addresses_data_pipeline.py
[2023-05-14T05:46:23.573+0000] {logging_mixin.py:137} INFO - [2023-05-14T05:46:23.573+0000] {dag.py:2705} INFO - Sync 1 DAGs
[2023-05-14T05:46:23.591+0000] {logging_mixin.py:137} INFO - [2023-05-14T05:46:23.591+0000] {dag.py:3456} INFO - Setting next_dagrun for greenery_addresses_data_pipeline to None, run_after=None
[2023-05-14T05:46:23.607+0000] {processor.py:175} INFO - Processing /opt/airflow/dags/greenery_addresses_data_pipeline.py took 0.345 seconds
[2023-05-14T05:46:53.749+0000] {processor.py:153} INFO - Started process (PID=10045) to work on /opt/airflow/dags/greenery_addresses_data_pipeline.py
[2023-05-14T05:46:53.752+0000] {processor.py:743} INFO - Processing file /opt/airflow/dags/greenery_addresses_data_pipeline.py for tasks to queue
[2023-05-14T05:46:53.753+0000] {logging_mixin.py:137} INFO - [2023-05-14T05:46:53.753+0000] {dagbag.py:532} INFO - Filling up the DagBag from /opt/airflow/dags/greenery_addresses_data_pipeline.py
[2023-05-14T05:46:53.952+0000] {processor.py:753} INFO - DAG(s) dict_keys(['greenery_addresses_data_pipeline']) retrieved from /opt/airflow/dags/greenery_addresses_data_pipeline.py
[2023-05-14T05:46:53.973+0000] {logging_mixin.py:137} INFO - [2023-05-14T05:46:53.973+0000] {dag.py:2705} INFO - Sync 1 DAGs
[2023-05-14T05:46:53.990+0000] {logging_mixin.py:137} INFO - [2023-05-14T05:46:53.989+0000] {dag.py:3456} INFO - Setting next_dagrun for greenery_addresses_data_pipeline to None, run_after=None
[2023-05-14T05:46:54.001+0000] {processor.py:175} INFO - Processing /opt/airflow/dags/greenery_addresses_data_pipeline.py took 0.255 seconds
[2023-05-14T05:47:24.111+0000] {processor.py:153} INFO - Started process (PID=10269) to work on /opt/airflow/dags/greenery_addresses_data_pipeline.py
[2023-05-14T05:47:24.116+0000] {processor.py:743} INFO - Processing file /opt/airflow/dags/greenery_addresses_data_pipeline.py for tasks to queue
[2023-05-14T05:47:24.117+0000] {logging_mixin.py:137} INFO - [2023-05-14T05:47:24.117+0000] {dagbag.py:532} INFO - Filling up the DagBag from /opt/airflow/dags/greenery_addresses_data_pipeline.py
[2023-05-14T05:47:24.321+0000] {processor.py:753} INFO - DAG(s) dict_keys(['greenery_addresses_data_pipeline']) retrieved from /opt/airflow/dags/greenery_addresses_data_pipeline.py
[2023-05-14T05:47:24.345+0000] {logging_mixin.py:137} INFO - [2023-05-14T05:47:24.344+0000] {dag.py:2705} INFO - Sync 1 DAGs
[2023-05-14T05:47:24.363+0000] {logging_mixin.py:137} INFO - [2023-05-14T05:47:24.363+0000] {dag.py:3456} INFO - Setting next_dagrun for greenery_addresses_data_pipeline to None, run_after=None
[2023-05-14T05:47:24.376+0000] {processor.py:175} INFO - Processing /opt/airflow/dags/greenery_addresses_data_pipeline.py took 0.270 seconds
[2023-05-14T05:47:54.548+0000] {processor.py:153} INFO - Started process (PID=10492) to work on /opt/airflow/dags/greenery_addresses_data_pipeline.py
[2023-05-14T05:47:54.551+0000] {processor.py:743} INFO - Processing file /opt/airflow/dags/greenery_addresses_data_pipeline.py for tasks to queue
[2023-05-14T05:47:54.553+0000] {logging_mixin.py:137} INFO - [2023-05-14T05:47:54.553+0000] {dagbag.py:532} INFO - Filling up the DagBag from /opt/airflow/dags/greenery_addresses_data_pipeline.py
[2023-05-14T05:47:54.792+0000] {processor.py:753} INFO - DAG(s) dict_keys(['greenery_addresses_data_pipeline']) retrieved from /opt/airflow/dags/greenery_addresses_data_pipeline.py
[2023-05-14T05:47:54.816+0000] {logging_mixin.py:137} INFO - [2023-05-14T05:47:54.815+0000] {dag.py:2705} INFO - Sync 1 DAGs
[2023-05-14T05:47:54.834+0000] {logging_mixin.py:137} INFO - [2023-05-14T05:47:54.834+0000] {dag.py:3456} INFO - Setting next_dagrun for greenery_addresses_data_pipeline to None, run_after=None
[2023-05-14T05:47:54.847+0000] {processor.py:175} INFO - Processing /opt/airflow/dags/greenery_addresses_data_pipeline.py took 0.305 seconds
[2023-05-14T05:48:24.937+0000] {processor.py:153} INFO - Started process (PID=10716) to work on /opt/airflow/dags/greenery_addresses_data_pipeline.py
[2023-05-14T05:48:24.940+0000] {processor.py:743} INFO - Processing file /opt/airflow/dags/greenery_addresses_data_pipeline.py for tasks to queue
[2023-05-14T05:48:24.941+0000] {logging_mixin.py:137} INFO - [2023-05-14T05:48:24.941+0000] {dagbag.py:532} INFO - Filling up the DagBag from /opt/airflow/dags/greenery_addresses_data_pipeline.py
[2023-05-14T05:48:25.193+0000] {processor.py:753} INFO - DAG(s) dict_keys(['greenery_addresses_data_pipeline']) retrieved from /opt/airflow/dags/greenery_addresses_data_pipeline.py
[2023-05-14T05:48:25.220+0000] {logging_mixin.py:137} INFO - [2023-05-14T05:48:25.219+0000] {dag.py:2705} INFO - Sync 1 DAGs
[2023-05-14T05:48:25.240+0000] {logging_mixin.py:137} INFO - [2023-05-14T05:48:25.240+0000] {dag.py:3456} INFO - Setting next_dagrun for greenery_addresses_data_pipeline to None, run_after=None
[2023-05-14T05:48:25.259+0000] {processor.py:175} INFO - Processing /opt/airflow/dags/greenery_addresses_data_pipeline.py took 0.328 seconds
[2023-05-14T05:48:55.906+0000] {processor.py:153} INFO - Started process (PID=10940) to work on /opt/airflow/dags/greenery_addresses_data_pipeline.py
[2023-05-14T05:48:55.908+0000] {processor.py:743} INFO - Processing file /opt/airflow/dags/greenery_addresses_data_pipeline.py for tasks to queue
[2023-05-14T05:48:55.910+0000] {logging_mixin.py:137} INFO - [2023-05-14T05:48:55.910+0000] {dagbag.py:532} INFO - Filling up the DagBag from /opt/airflow/dags/greenery_addresses_data_pipeline.py
[2023-05-14T05:48:56.143+0000] {processor.py:753} INFO - DAG(s) dict_keys(['greenery_addresses_data_pipeline']) retrieved from /opt/airflow/dags/greenery_addresses_data_pipeline.py
[2023-05-14T05:48:56.167+0000] {logging_mixin.py:137} INFO - [2023-05-14T05:48:56.167+0000] {dag.py:2705} INFO - Sync 1 DAGs
[2023-05-14T05:48:56.186+0000] {logging_mixin.py:137} INFO - [2023-05-14T05:48:56.186+0000] {dag.py:3456} INFO - Setting next_dagrun for greenery_addresses_data_pipeline to None, run_after=None
[2023-05-14T05:48:56.198+0000] {processor.py:175} INFO - Processing /opt/airflow/dags/greenery_addresses_data_pipeline.py took 0.298 seconds
[2023-05-14T05:49:26.404+0000] {processor.py:153} INFO - Started process (PID=11167) to work on /opt/airflow/dags/greenery_addresses_data_pipeline.py
[2023-05-14T05:49:26.406+0000] {processor.py:743} INFO - Processing file /opt/airflow/dags/greenery_addresses_data_pipeline.py for tasks to queue
[2023-05-14T05:49:26.408+0000] {logging_mixin.py:137} INFO - [2023-05-14T05:49:26.408+0000] {dagbag.py:532} INFO - Filling up the DagBag from /opt/airflow/dags/greenery_addresses_data_pipeline.py
[2023-05-14T05:49:26.667+0000] {processor.py:753} INFO - DAG(s) dict_keys(['greenery_addresses_data_pipeline']) retrieved from /opt/airflow/dags/greenery_addresses_data_pipeline.py
[2023-05-14T05:49:26.688+0000] {logging_mixin.py:137} INFO - [2023-05-14T05:49:26.688+0000] {dag.py:2705} INFO - Sync 1 DAGs
[2023-05-14T05:49:26.716+0000] {logging_mixin.py:137} INFO - [2023-05-14T05:49:26.715+0000] {dag.py:3456} INFO - Setting next_dagrun for greenery_addresses_data_pipeline to None, run_after=None
[2023-05-14T05:49:26.733+0000] {processor.py:175} INFO - Processing /opt/airflow/dags/greenery_addresses_data_pipeline.py took 0.334 seconds
[2023-05-14T05:49:56.783+0000] {processor.py:153} INFO - Started process (PID=11397) to work on /opt/airflow/dags/greenery_addresses_data_pipeline.py
[2023-05-14T05:49:56.786+0000] {processor.py:743} INFO - Processing file /opt/airflow/dags/greenery_addresses_data_pipeline.py for tasks to queue
[2023-05-14T05:49:56.787+0000] {logging_mixin.py:137} INFO - [2023-05-14T05:49:56.787+0000] {dagbag.py:532} INFO - Filling up the DagBag from /opt/airflow/dags/greenery_addresses_data_pipeline.py
[2023-05-14T05:49:56.987+0000] {processor.py:753} INFO - DAG(s) dict_keys(['greenery_addresses_data_pipeline']) retrieved from /opt/airflow/dags/greenery_addresses_data_pipeline.py
[2023-05-14T05:49:57.008+0000] {logging_mixin.py:137} INFO - [2023-05-14T05:49:57.007+0000] {dag.py:2705} INFO - Sync 1 DAGs
[2023-05-14T05:49:57.024+0000] {logging_mixin.py:137} INFO - [2023-05-14T05:49:57.024+0000] {dag.py:3456} INFO - Setting next_dagrun for greenery_addresses_data_pipeline to None, run_after=None
[2023-05-14T05:49:57.037+0000] {processor.py:175} INFO - Processing /opt/airflow/dags/greenery_addresses_data_pipeline.py took 0.257 seconds
[2023-05-14T05:50:27.853+0000] {processor.py:153} INFO - Started process (PID=11621) to work on /opt/airflow/dags/greenery_addresses_data_pipeline.py
[2023-05-14T05:50:27.856+0000] {processor.py:743} INFO - Processing file /opt/airflow/dags/greenery_addresses_data_pipeline.py for tasks to queue
[2023-05-14T05:50:27.858+0000] {logging_mixin.py:137} INFO - [2023-05-14T05:50:27.858+0000] {dagbag.py:532} INFO - Filling up the DagBag from /opt/airflow/dags/greenery_addresses_data_pipeline.py
[2023-05-14T05:50:28.089+0000] {processor.py:753} INFO - DAG(s) dict_keys(['greenery_addresses_data_pipeline']) retrieved from /opt/airflow/dags/greenery_addresses_data_pipeline.py
[2023-05-14T05:50:28.109+0000] {logging_mixin.py:137} INFO - [2023-05-14T05:50:28.109+0000] {dag.py:2705} INFO - Sync 1 DAGs
[2023-05-14T05:50:28.128+0000] {logging_mixin.py:137} INFO - [2023-05-14T05:50:28.128+0000] {dag.py:3456} INFO - Setting next_dagrun for greenery_addresses_data_pipeline to None, run_after=None
[2023-05-14T05:50:28.140+0000] {processor.py:175} INFO - Processing /opt/airflow/dags/greenery_addresses_data_pipeline.py took 0.291 seconds
[2023-05-14T05:50:58.339+0000] {processor.py:153} INFO - Started process (PID=11845) to work on /opt/airflow/dags/greenery_addresses_data_pipeline.py
[2023-05-14T05:50:58.367+0000] {processor.py:743} INFO - Processing file /opt/airflow/dags/greenery_addresses_data_pipeline.py for tasks to queue
[2023-05-14T05:50:58.369+0000] {logging_mixin.py:137} INFO - [2023-05-14T05:50:58.369+0000] {dagbag.py:532} INFO - Filling up the DagBag from /opt/airflow/dags/greenery_addresses_data_pipeline.py
[2023-05-14T05:50:58.700+0000] {processor.py:753} INFO - DAG(s) dict_keys(['greenery_addresses_data_pipeline']) retrieved from /opt/airflow/dags/greenery_addresses_data_pipeline.py
[2023-05-14T05:50:58.738+0000] {logging_mixin.py:137} INFO - [2023-05-14T05:50:58.737+0000] {dag.py:2705} INFO - Sync 1 DAGs
[2023-05-14T05:50:58.762+0000] {logging_mixin.py:137} INFO - [2023-05-14T05:50:58.762+0000] {dag.py:3456} INFO - Setting next_dagrun for greenery_addresses_data_pipeline to None, run_after=None
[2023-05-14T05:50:58.775+0000] {processor.py:175} INFO - Processing /opt/airflow/dags/greenery_addresses_data_pipeline.py took 0.433 seconds
[2023-05-14T05:51:28.900+0000] {processor.py:153} INFO - Started process (PID=12069) to work on /opt/airflow/dags/greenery_addresses_data_pipeline.py
[2023-05-14T05:51:28.904+0000] {processor.py:743} INFO - Processing file /opt/airflow/dags/greenery_addresses_data_pipeline.py for tasks to queue
[2023-05-14T05:51:28.906+0000] {logging_mixin.py:137} INFO - [2023-05-14T05:51:28.906+0000] {dagbag.py:532} INFO - Filling up the DagBag from /opt/airflow/dags/greenery_addresses_data_pipeline.py
[2023-05-14T05:51:29.104+0000] {processor.py:753} INFO - DAG(s) dict_keys(['greenery_addresses_data_pipeline']) retrieved from /opt/airflow/dags/greenery_addresses_data_pipeline.py
[2023-05-14T05:51:29.126+0000] {logging_mixin.py:137} INFO - [2023-05-14T05:51:29.126+0000] {dag.py:2705} INFO - Sync 1 DAGs
[2023-05-14T05:51:29.147+0000] {logging_mixin.py:137} INFO - [2023-05-14T05:51:29.146+0000] {dag.py:3456} INFO - Setting next_dagrun for greenery_addresses_data_pipeline to None, run_after=None
[2023-05-14T05:51:29.159+0000] {processor.py:175} INFO - Processing /opt/airflow/dags/greenery_addresses_data_pipeline.py took 0.265 seconds
[2023-05-14T05:52:00.003+0000] {processor.py:153} INFO - Started process (PID=12292) to work on /opt/airflow/dags/greenery_addresses_data_pipeline.py
[2023-05-14T05:52:00.005+0000] {processor.py:743} INFO - Processing file /opt/airflow/dags/greenery_addresses_data_pipeline.py for tasks to queue
[2023-05-14T05:52:00.007+0000] {logging_mixin.py:137} INFO - [2023-05-14T05:52:00.007+0000] {dagbag.py:532} INFO - Filling up the DagBag from /opt/airflow/dags/greenery_addresses_data_pipeline.py
[2023-05-14T05:52:00.227+0000] {processor.py:753} INFO - DAG(s) dict_keys(['greenery_addresses_data_pipeline']) retrieved from /opt/airflow/dags/greenery_addresses_data_pipeline.py
[2023-05-14T05:52:00.248+0000] {logging_mixin.py:137} INFO - [2023-05-14T05:52:00.248+0000] {dag.py:2705} INFO - Sync 1 DAGs
[2023-05-14T05:52:00.270+0000] {logging_mixin.py:137} INFO - [2023-05-14T05:52:00.270+0000] {dag.py:3456} INFO - Setting next_dagrun for greenery_addresses_data_pipeline to None, run_after=None
[2023-05-14T05:52:00.285+0000] {processor.py:175} INFO - Processing /opt/airflow/dags/greenery_addresses_data_pipeline.py took 0.289 seconds
[2023-05-14T05:52:30.582+0000] {processor.py:153} INFO - Started process (PID=12516) to work on /opt/airflow/dags/greenery_addresses_data_pipeline.py
[2023-05-14T05:52:30.585+0000] {processor.py:743} INFO - Processing file /opt/airflow/dags/greenery_addresses_data_pipeline.py for tasks to queue
[2023-05-14T05:52:30.587+0000] {logging_mixin.py:137} INFO - [2023-05-14T05:52:30.587+0000] {dagbag.py:532} INFO - Filling up the DagBag from /opt/airflow/dags/greenery_addresses_data_pipeline.py
[2023-05-14T05:52:30.799+0000] {processor.py:753} INFO - DAG(s) dict_keys(['greenery_addresses_data_pipeline']) retrieved from /opt/airflow/dags/greenery_addresses_data_pipeline.py
[2023-05-14T05:52:30.822+0000] {logging_mixin.py:137} INFO - [2023-05-14T05:52:30.822+0000] {dag.py:2705} INFO - Sync 1 DAGs
[2023-05-14T05:52:30.841+0000] {logging_mixin.py:137} INFO - [2023-05-14T05:52:30.841+0000] {dag.py:3456} INFO - Setting next_dagrun for greenery_addresses_data_pipeline to None, run_after=None
[2023-05-14T05:52:30.853+0000] {processor.py:175} INFO - Processing /opt/airflow/dags/greenery_addresses_data_pipeline.py took 0.276 seconds
[2023-05-14T05:53:01.565+0000] {processor.py:153} INFO - Started process (PID=12740) to work on /opt/airflow/dags/greenery_addresses_data_pipeline.py
[2023-05-14T05:53:01.569+0000] {processor.py:743} INFO - Processing file /opt/airflow/dags/greenery_addresses_data_pipeline.py for tasks to queue
[2023-05-14T05:53:01.571+0000] {logging_mixin.py:137} INFO - [2023-05-14T05:53:01.571+0000] {dagbag.py:532} INFO - Filling up the DagBag from /opt/airflow/dags/greenery_addresses_data_pipeline.py
[2023-05-14T05:53:01.851+0000] {processor.py:753} INFO - DAG(s) dict_keys(['greenery_addresses_data_pipeline']) retrieved from /opt/airflow/dags/greenery_addresses_data_pipeline.py
[2023-05-14T05:53:01.899+0000] {logging_mixin.py:137} INFO - [2023-05-14T05:53:01.898+0000] {dag.py:2705} INFO - Sync 1 DAGs
[2023-05-14T05:53:01.920+0000] {logging_mixin.py:137} INFO - [2023-05-14T05:53:01.920+0000] {dag.py:3456} INFO - Setting next_dagrun for greenery_addresses_data_pipeline to None, run_after=None
[2023-05-14T05:53:01.933+0000] {processor.py:175} INFO - Processing /opt/airflow/dags/greenery_addresses_data_pipeline.py took 0.374 seconds
[2023-05-14T05:53:32.231+0000] {processor.py:153} INFO - Started process (PID=12965) to work on /opt/airflow/dags/greenery_addresses_data_pipeline.py
[2023-05-14T05:53:32.234+0000] {processor.py:743} INFO - Processing file /opt/airflow/dags/greenery_addresses_data_pipeline.py for tasks to queue
[2023-05-14T05:53:32.236+0000] {logging_mixin.py:137} INFO - [2023-05-14T05:53:32.236+0000] {dagbag.py:532} INFO - Filling up the DagBag from /opt/airflow/dags/greenery_addresses_data_pipeline.py
[2023-05-14T05:53:32.510+0000] {processor.py:753} INFO - DAG(s) dict_keys(['greenery_addresses_data_pipeline']) retrieved from /opt/airflow/dags/greenery_addresses_data_pipeline.py
[2023-05-14T05:53:32.536+0000] {logging_mixin.py:137} INFO - [2023-05-14T05:53:32.535+0000] {dag.py:2705} INFO - Sync 1 DAGs
[2023-05-14T05:53:32.558+0000] {logging_mixin.py:137} INFO - [2023-05-14T05:53:32.558+0000] {dag.py:3456} INFO - Setting next_dagrun for greenery_addresses_data_pipeline to None, run_after=None
[2023-05-14T05:53:32.572+0000] {processor.py:175} INFO - Processing /opt/airflow/dags/greenery_addresses_data_pipeline.py took 0.347 seconds
[2023-05-14T05:54:03.353+0000] {processor.py:153} INFO - Started process (PID=13189) to work on /opt/airflow/dags/greenery_addresses_data_pipeline.py
[2023-05-14T05:54:03.356+0000] {processor.py:743} INFO - Processing file /opt/airflow/dags/greenery_addresses_data_pipeline.py for tasks to queue
[2023-05-14T05:54:03.357+0000] {logging_mixin.py:137} INFO - [2023-05-14T05:54:03.357+0000] {dagbag.py:532} INFO - Filling up the DagBag from /opt/airflow/dags/greenery_addresses_data_pipeline.py
[2023-05-14T05:54:03.571+0000] {processor.py:753} INFO - DAG(s) dict_keys(['greenery_addresses_data_pipeline']) retrieved from /opt/airflow/dags/greenery_addresses_data_pipeline.py
[2023-05-14T05:54:03.591+0000] {logging_mixin.py:137} INFO - [2023-05-14T05:54:03.591+0000] {dag.py:2705} INFO - Sync 1 DAGs
[2023-05-14T05:54:03.608+0000] {logging_mixin.py:137} INFO - [2023-05-14T05:54:03.608+0000] {dag.py:3456} INFO - Setting next_dagrun for greenery_addresses_data_pipeline to None, run_after=None
[2023-05-14T05:54:03.620+0000] {processor.py:175} INFO - Processing /opt/airflow/dags/greenery_addresses_data_pipeline.py took 0.271 seconds
[2023-05-14T05:54:33.817+0000] {processor.py:153} INFO - Started process (PID=13412) to work on /opt/airflow/dags/greenery_addresses_data_pipeline.py
[2023-05-14T05:54:33.820+0000] {processor.py:743} INFO - Processing file /opt/airflow/dags/greenery_addresses_data_pipeline.py for tasks to queue
[2023-05-14T05:54:33.821+0000] {logging_mixin.py:137} INFO - [2023-05-14T05:54:33.821+0000] {dagbag.py:532} INFO - Filling up the DagBag from /opt/airflow/dags/greenery_addresses_data_pipeline.py
[2023-05-14T05:54:34.090+0000] {processor.py:753} INFO - DAG(s) dict_keys(['greenery_addresses_data_pipeline']) retrieved from /opt/airflow/dags/greenery_addresses_data_pipeline.py
[2023-05-14T05:54:34.115+0000] {logging_mixin.py:137} INFO - [2023-05-14T05:54:34.115+0000] {dag.py:2705} INFO - Sync 1 DAGs
[2023-05-14T05:54:34.136+0000] {logging_mixin.py:137} INFO - [2023-05-14T05:54:34.136+0000] {dag.py:3456} INFO - Setting next_dagrun for greenery_addresses_data_pipeline to None, run_after=None
[2023-05-14T05:54:34.150+0000] {processor.py:175} INFO - Processing /opt/airflow/dags/greenery_addresses_data_pipeline.py took 0.337 seconds
[2023-05-14T05:55:05.004+0000] {processor.py:153} INFO - Started process (PID=13636) to work on /opt/airflow/dags/greenery_addresses_data_pipeline.py
[2023-05-14T05:55:05.013+0000] {processor.py:743} INFO - Processing file /opt/airflow/dags/greenery_addresses_data_pipeline.py for tasks to queue
[2023-05-14T05:55:05.015+0000] {logging_mixin.py:137} INFO - [2023-05-14T05:55:05.015+0000] {dagbag.py:532} INFO - Filling up the DagBag from /opt/airflow/dags/greenery_addresses_data_pipeline.py
[2023-05-14T05:55:05.255+0000] {processor.py:753} INFO - DAG(s) dict_keys(['greenery_addresses_data_pipeline']) retrieved from /opt/airflow/dags/greenery_addresses_data_pipeline.py
[2023-05-14T05:55:05.279+0000] {logging_mixin.py:137} INFO - [2023-05-14T05:55:05.279+0000] {dag.py:2705} INFO - Sync 1 DAGs
[2023-05-14T05:55:05.300+0000] {logging_mixin.py:137} INFO - [2023-05-14T05:55:05.299+0000] {dag.py:3456} INFO - Setting next_dagrun for greenery_addresses_data_pipeline to None, run_after=None
[2023-05-14T05:55:05.312+0000] {processor.py:175} INFO - Processing /opt/airflow/dags/greenery_addresses_data_pipeline.py took 0.313 seconds
[2023-05-14T05:55:35.564+0000] {processor.py:153} INFO - Started process (PID=13860) to work on /opt/airflow/dags/greenery_addresses_data_pipeline.py
[2023-05-14T05:55:35.567+0000] {processor.py:743} INFO - Processing file /opt/airflow/dags/greenery_addresses_data_pipeline.py for tasks to queue
[2023-05-14T05:55:35.568+0000] {logging_mixin.py:137} INFO - [2023-05-14T05:55:35.568+0000] {dagbag.py:532} INFO - Filling up the DagBag from /opt/airflow/dags/greenery_addresses_data_pipeline.py
[2023-05-14T05:55:35.803+0000] {processor.py:753} INFO - DAG(s) dict_keys(['greenery_addresses_data_pipeline']) retrieved from /opt/airflow/dags/greenery_addresses_data_pipeline.py
[2023-05-14T05:55:35.828+0000] {logging_mixin.py:137} INFO - [2023-05-14T05:55:35.828+0000] {dag.py:2705} INFO - Sync 1 DAGs
[2023-05-14T05:55:35.859+0000] {logging_mixin.py:137} INFO - [2023-05-14T05:55:35.859+0000] {dag.py:3456} INFO - Setting next_dagrun for greenery_addresses_data_pipeline to None, run_after=None
[2023-05-14T05:55:35.872+0000] {processor.py:175} INFO - Processing /opt/airflow/dags/greenery_addresses_data_pipeline.py took 0.312 seconds
[2023-05-14T05:56:06.703+0000] {processor.py:153} INFO - Started process (PID=14084) to work on /opt/airflow/dags/greenery_addresses_data_pipeline.py
[2023-05-14T05:56:06.710+0000] {processor.py:743} INFO - Processing file /opt/airflow/dags/greenery_addresses_data_pipeline.py for tasks to queue
[2023-05-14T05:56:06.712+0000] {logging_mixin.py:137} INFO - [2023-05-14T05:56:06.712+0000] {dagbag.py:532} INFO - Filling up the DagBag from /opt/airflow/dags/greenery_addresses_data_pipeline.py
[2023-05-14T05:56:07.006+0000] {processor.py:753} INFO - DAG(s) dict_keys(['greenery_addresses_data_pipeline']) retrieved from /opt/airflow/dags/greenery_addresses_data_pipeline.py
[2023-05-14T05:56:07.032+0000] {logging_mixin.py:137} INFO - [2023-05-14T05:56:07.032+0000] {dag.py:2705} INFO - Sync 1 DAGs
[2023-05-14T05:56:07.077+0000] {logging_mixin.py:137} INFO - [2023-05-14T05:56:07.076+0000] {dag.py:3456} INFO - Setting next_dagrun for greenery_addresses_data_pipeline to None, run_after=None
[2023-05-14T05:56:07.121+0000] {processor.py:175} INFO - Processing /opt/airflow/dags/greenery_addresses_data_pipeline.py took 0.422 seconds
[2023-05-14T05:56:37.399+0000] {processor.py:153} INFO - Started process (PID=14308) to work on /opt/airflow/dags/greenery_addresses_data_pipeline.py
[2023-05-14T05:56:37.404+0000] {processor.py:743} INFO - Processing file /opt/airflow/dags/greenery_addresses_data_pipeline.py for tasks to queue
[2023-05-14T05:56:37.405+0000] {logging_mixin.py:137} INFO - [2023-05-14T05:56:37.405+0000] {dagbag.py:532} INFO - Filling up the DagBag from /opt/airflow/dags/greenery_addresses_data_pipeline.py
[2023-05-14T05:56:37.712+0000] {processor.py:753} INFO - DAG(s) dict_keys(['greenery_addresses_data_pipeline']) retrieved from /opt/airflow/dags/greenery_addresses_data_pipeline.py
[2023-05-14T05:56:37.742+0000] {logging_mixin.py:137} INFO - [2023-05-14T05:56:37.742+0000] {dag.py:2705} INFO - Sync 1 DAGs
[2023-05-14T05:56:37.766+0000] {logging_mixin.py:137} INFO - [2023-05-14T05:56:37.766+0000] {dag.py:3456} INFO - Setting next_dagrun for greenery_addresses_data_pipeline to None, run_after=None
[2023-05-14T05:56:37.782+0000] {processor.py:175} INFO - Processing /opt/airflow/dags/greenery_addresses_data_pipeline.py took 0.389 seconds
[2023-05-14T05:57:08.064+0000] {processor.py:153} INFO - Started process (PID=14532) to work on /opt/airflow/dags/greenery_addresses_data_pipeline.py
[2023-05-14T05:57:08.068+0000] {processor.py:743} INFO - Processing file /opt/airflow/dags/greenery_addresses_data_pipeline.py for tasks to queue
[2023-05-14T05:57:08.069+0000] {logging_mixin.py:137} INFO - [2023-05-14T05:57:08.069+0000] {dagbag.py:532} INFO - Filling up the DagBag from /opt/airflow/dags/greenery_addresses_data_pipeline.py
[2023-05-14T05:57:08.291+0000] {processor.py:753} INFO - DAG(s) dict_keys(['greenery_addresses_data_pipeline']) retrieved from /opt/airflow/dags/greenery_addresses_data_pipeline.py
[2023-05-14T05:57:08.312+0000] {logging_mixin.py:137} INFO - [2023-05-14T05:57:08.312+0000] {dag.py:2705} INFO - Sync 1 DAGs
[2023-05-14T05:57:08.330+0000] {logging_mixin.py:137} INFO - [2023-05-14T05:57:08.330+0000] {dag.py:3456} INFO - Setting next_dagrun for greenery_addresses_data_pipeline to None, run_after=None
[2023-05-14T05:57:08.342+0000] {processor.py:175} INFO - Processing /opt/airflow/dags/greenery_addresses_data_pipeline.py took 0.283 seconds
[2023-05-14T05:57:38.716+0000] {processor.py:153} INFO - Started process (PID=14756) to work on /opt/airflow/dags/greenery_addresses_data_pipeline.py
[2023-05-14T05:57:38.719+0000] {processor.py:743} INFO - Processing file /opt/airflow/dags/greenery_addresses_data_pipeline.py for tasks to queue
[2023-05-14T05:57:38.723+0000] {logging_mixin.py:137} INFO - [2023-05-14T05:57:38.722+0000] {dagbag.py:532} INFO - Filling up the DagBag from /opt/airflow/dags/greenery_addresses_data_pipeline.py
[2023-05-14T05:57:39.010+0000] {processor.py:753} INFO - DAG(s) dict_keys(['greenery_addresses_data_pipeline']) retrieved from /opt/airflow/dags/greenery_addresses_data_pipeline.py
[2023-05-14T05:57:39.077+0000] {logging_mixin.py:137} INFO - [2023-05-14T05:57:39.076+0000] {dag.py:2705} INFO - Sync 1 DAGs
[2023-05-14T05:57:39.106+0000] {logging_mixin.py:137} INFO - [2023-05-14T05:57:39.105+0000] {dag.py:3456} INFO - Setting next_dagrun for greenery_addresses_data_pipeline to None, run_after=None
[2023-05-14T05:57:39.133+0000] {processor.py:175} INFO - Processing /opt/airflow/dags/greenery_addresses_data_pipeline.py took 0.423 seconds
[2023-05-14T05:58:09.373+0000] {processor.py:153} INFO - Started process (PID=14980) to work on /opt/airflow/dags/greenery_addresses_data_pipeline.py
[2023-05-14T05:58:09.380+0000] {processor.py:743} INFO - Processing file /opt/airflow/dags/greenery_addresses_data_pipeline.py for tasks to queue
[2023-05-14T05:58:09.385+0000] {logging_mixin.py:137} INFO - [2023-05-14T05:58:09.385+0000] {dagbag.py:532} INFO - Filling up the DagBag from /opt/airflow/dags/greenery_addresses_data_pipeline.py
[2023-05-14T05:58:09.625+0000] {processor.py:753} INFO - DAG(s) dict_keys(['greenery_addresses_data_pipeline']) retrieved from /opt/airflow/dags/greenery_addresses_data_pipeline.py
[2023-05-14T05:58:09.657+0000] {logging_mixin.py:137} INFO - [2023-05-14T05:58:09.657+0000] {dag.py:2705} INFO - Sync 1 DAGs
[2023-05-14T05:58:09.677+0000] {logging_mixin.py:137} INFO - [2023-05-14T05:58:09.677+0000] {dag.py:3456} INFO - Setting next_dagrun for greenery_addresses_data_pipeline to None, run_after=None
[2023-05-14T05:58:09.691+0000] {processor.py:175} INFO - Processing /opt/airflow/dags/greenery_addresses_data_pipeline.py took 0.325 seconds
[2023-05-14T05:58:40.447+0000] {processor.py:153} INFO - Started process (PID=15204) to work on /opt/airflow/dags/greenery_addresses_data_pipeline.py
[2023-05-14T05:58:40.450+0000] {processor.py:743} INFO - Processing file /opt/airflow/dags/greenery_addresses_data_pipeline.py for tasks to queue
[2023-05-14T05:58:40.451+0000] {logging_mixin.py:137} INFO - [2023-05-14T05:58:40.451+0000] {dagbag.py:532} INFO - Filling up the DagBag from /opt/airflow/dags/greenery_addresses_data_pipeline.py
[2023-05-14T05:58:40.690+0000] {processor.py:753} INFO - DAG(s) dict_keys(['greenery_addresses_data_pipeline']) retrieved from /opt/airflow/dags/greenery_addresses_data_pipeline.py
[2023-05-14T05:58:40.714+0000] {logging_mixin.py:137} INFO - [2023-05-14T05:58:40.714+0000] {dag.py:2705} INFO - Sync 1 DAGs
[2023-05-14T05:58:40.736+0000] {logging_mixin.py:137} INFO - [2023-05-14T05:58:40.736+0000] {dag.py:3456} INFO - Setting next_dagrun for greenery_addresses_data_pipeline to None, run_after=None
[2023-05-14T05:58:40.749+0000] {processor.py:175} INFO - Processing /opt/airflow/dags/greenery_addresses_data_pipeline.py took 0.306 seconds
[2023-05-14T05:59:10.828+0000] {processor.py:153} INFO - Started process (PID=15428) to work on /opt/airflow/dags/greenery_addresses_data_pipeline.py
[2023-05-14T05:59:10.830+0000] {processor.py:743} INFO - Processing file /opt/airflow/dags/greenery_addresses_data_pipeline.py for tasks to queue
[2023-05-14T05:59:10.831+0000] {logging_mixin.py:137} INFO - [2023-05-14T05:59:10.831+0000] {dagbag.py:532} INFO - Filling up the DagBag from /opt/airflow/dags/greenery_addresses_data_pipeline.py
[2023-05-14T05:59:11.036+0000] {processor.py:753} INFO - DAG(s) dict_keys(['greenery_addresses_data_pipeline']) retrieved from /opt/airflow/dags/greenery_addresses_data_pipeline.py
[2023-05-14T05:59:11.057+0000] {logging_mixin.py:137} INFO - [2023-05-14T05:59:11.056+0000] {dag.py:2705} INFO - Sync 1 DAGs
[2023-05-14T05:59:11.073+0000] {logging_mixin.py:137} INFO - [2023-05-14T05:59:11.073+0000] {dag.py:3456} INFO - Setting next_dagrun for greenery_addresses_data_pipeline to None, run_after=None
[2023-05-14T05:59:11.083+0000] {processor.py:175} INFO - Processing /opt/airflow/dags/greenery_addresses_data_pipeline.py took 0.261 seconds
[2023-05-14T05:59:41.335+0000] {processor.py:153} INFO - Started process (PID=15652) to work on /opt/airflow/dags/greenery_addresses_data_pipeline.py
[2023-05-14T05:59:41.339+0000] {processor.py:743} INFO - Processing file /opt/airflow/dags/greenery_addresses_data_pipeline.py for tasks to queue
[2023-05-14T05:59:41.341+0000] {logging_mixin.py:137} INFO - [2023-05-14T05:59:41.340+0000] {dagbag.py:532} INFO - Filling up the DagBag from /opt/airflow/dags/greenery_addresses_data_pipeline.py
[2023-05-14T05:59:41.588+0000] {processor.py:753} INFO - DAG(s) dict_keys(['greenery_addresses_data_pipeline']) retrieved from /opt/airflow/dags/greenery_addresses_data_pipeline.py
[2023-05-14T05:59:41.612+0000] {logging_mixin.py:137} INFO - [2023-05-14T05:59:41.612+0000] {dag.py:2705} INFO - Sync 1 DAGs
[2023-05-14T05:59:41.631+0000] {logging_mixin.py:137} INFO - [2023-05-14T05:59:41.631+0000] {dag.py:3456} INFO - Setting next_dagrun for greenery_addresses_data_pipeline to None, run_after=None
[2023-05-14T05:59:41.644+0000] {processor.py:175} INFO - Processing /opt/airflow/dags/greenery_addresses_data_pipeline.py took 0.314 seconds
[2023-05-14T06:00:12.541+0000] {processor.py:153} INFO - Started process (PID=15876) to work on /opt/airflow/dags/greenery_addresses_data_pipeline.py
[2023-05-14T06:00:12.543+0000] {processor.py:743} INFO - Processing file /opt/airflow/dags/greenery_addresses_data_pipeline.py for tasks to queue
[2023-05-14T06:00:12.544+0000] {logging_mixin.py:137} INFO - [2023-05-14T06:00:12.544+0000] {dagbag.py:532} INFO - Filling up the DagBag from /opt/airflow/dags/greenery_addresses_data_pipeline.py
[2023-05-14T06:00:12.857+0000] {processor.py:753} INFO - DAG(s) dict_keys(['greenery_addresses_data_pipeline']) retrieved from /opt/airflow/dags/greenery_addresses_data_pipeline.py
[2023-05-14T06:00:12.886+0000] {logging_mixin.py:137} INFO - [2023-05-14T06:00:12.886+0000] {dag.py:2705} INFO - Sync 1 DAGs
[2023-05-14T06:00:12.908+0000] {logging_mixin.py:137} INFO - [2023-05-14T06:00:12.908+0000] {dag.py:3456} INFO - Setting next_dagrun for greenery_addresses_data_pipeline to None, run_after=None
[2023-05-14T06:00:12.924+0000] {processor.py:175} INFO - Processing /opt/airflow/dags/greenery_addresses_data_pipeline.py took 0.390 seconds
[2023-05-14T06:00:39.979+0000] {processor.py:153} INFO - Started process (PID=16100) to work on /opt/airflow/dags/greenery_addresses_data_pipeline.py
[2023-05-14T06:00:39.983+0000] {processor.py:743} INFO - Processing file /opt/airflow/dags/greenery_addresses_data_pipeline.py for tasks to queue
[2023-05-14T06:00:39.986+0000] {logging_mixin.py:137} INFO - [2023-05-14T06:00:39.985+0000] {dagbag.py:532} INFO - Filling up the DagBag from /opt/airflow/dags/greenery_addresses_data_pipeline.py
[2023-05-14T06:00:40.337+0000] {processor.py:753} INFO - DAG(s) dict_keys(['greenery_addresses_data_pipeline']) retrieved from /opt/airflow/dags/greenery_addresses_data_pipeline.py
[2023-05-14T06:00:40.366+0000] {logging_mixin.py:137} INFO - [2023-05-14T06:00:40.366+0000] {dag.py:2705} INFO - Sync 1 DAGs
[2023-05-14T06:00:40.396+0000] {logging_mixin.py:137} INFO - [2023-05-14T06:00:40.396+0000] {dag.py:3456} INFO - Setting next_dagrun for greenery_addresses_data_pipeline to None, run_after=None
[2023-05-14T06:00:40.421+0000] {processor.py:175} INFO - Processing /opt/airflow/dags/greenery_addresses_data_pipeline.py took 0.453 seconds
[2023-05-14T06:01:10.680+0000] {processor.py:153} INFO - Started process (PID=16328) to work on /opt/airflow/dags/greenery_addresses_data_pipeline.py
[2023-05-14T06:01:10.685+0000] {processor.py:743} INFO - Processing file /opt/airflow/dags/greenery_addresses_data_pipeline.py for tasks to queue
[2023-05-14T06:01:10.690+0000] {logging_mixin.py:137} INFO - [2023-05-14T06:01:10.689+0000] {dagbag.py:532} INFO - Filling up the DagBag from /opt/airflow/dags/greenery_addresses_data_pipeline.py
[2023-05-14T06:01:10.910+0000] {processor.py:753} INFO - DAG(s) dict_keys(['greenery_addresses_data_pipeline']) retrieved from /opt/airflow/dags/greenery_addresses_data_pipeline.py
[2023-05-14T06:01:10.932+0000] {logging_mixin.py:137} INFO - [2023-05-14T06:01:10.932+0000] {dag.py:2705} INFO - Sync 1 DAGs
[2023-05-14T06:01:10.950+0000] {logging_mixin.py:137} INFO - [2023-05-14T06:01:10.949+0000] {dag.py:3456} INFO - Setting next_dagrun for greenery_addresses_data_pipeline to None, run_after=None
[2023-05-14T06:01:10.966+0000] {processor.py:175} INFO - Processing /opt/airflow/dags/greenery_addresses_data_pipeline.py took 0.293 seconds
[2023-05-14T06:01:41.389+0000] {processor.py:153} INFO - Started process (PID=16552) to work on /opt/airflow/dags/greenery_addresses_data_pipeline.py
[2023-05-14T06:01:41.393+0000] {processor.py:743} INFO - Processing file /opt/airflow/dags/greenery_addresses_data_pipeline.py for tasks to queue
[2023-05-14T06:01:41.397+0000] {logging_mixin.py:137} INFO - [2023-05-14T06:01:41.396+0000] {dagbag.py:532} INFO - Filling up the DagBag from /opt/airflow/dags/greenery_addresses_data_pipeline.py
[2023-05-14T06:01:41.663+0000] {processor.py:753} INFO - DAG(s) dict_keys(['greenery_addresses_data_pipeline']) retrieved from /opt/airflow/dags/greenery_addresses_data_pipeline.py
[2023-05-14T06:01:41.696+0000] {logging_mixin.py:137} INFO - [2023-05-14T06:01:41.696+0000] {dag.py:2705} INFO - Sync 1 DAGs
[2023-05-14T06:01:41.723+0000] {logging_mixin.py:137} INFO - [2023-05-14T06:01:41.723+0000] {dag.py:3456} INFO - Setting next_dagrun for greenery_addresses_data_pipeline to None, run_after=None
[2023-05-14T06:01:41.752+0000] {processor.py:175} INFO - Processing /opt/airflow/dags/greenery_addresses_data_pipeline.py took 0.369 seconds
[2023-05-14T06:02:12.050+0000] {processor.py:153} INFO - Started process (PID=16785) to work on /opt/airflow/dags/greenery_addresses_data_pipeline.py
[2023-05-14T06:02:12.053+0000] {processor.py:743} INFO - Processing file /opt/airflow/dags/greenery_addresses_data_pipeline.py for tasks to queue
[2023-05-14T06:02:12.055+0000] {logging_mixin.py:137} INFO - [2023-05-14T06:02:12.055+0000] {dagbag.py:532} INFO - Filling up the DagBag from /opt/airflow/dags/greenery_addresses_data_pipeline.py
[2023-05-14T06:02:12.323+0000] {processor.py:753} INFO - DAG(s) dict_keys(['greenery_addresses_data_pipeline']) retrieved from /opt/airflow/dags/greenery_addresses_data_pipeline.py
[2023-05-14T06:02:12.348+0000] {logging_mixin.py:137} INFO - [2023-05-14T06:02:12.348+0000] {dag.py:2705} INFO - Sync 1 DAGs
[2023-05-14T06:02:12.370+0000] {logging_mixin.py:137} INFO - [2023-05-14T06:02:12.370+0000] {dag.py:3456} INFO - Setting next_dagrun for greenery_addresses_data_pipeline to None, run_after=None
[2023-05-14T06:02:12.397+0000] {processor.py:175} INFO - Processing /opt/airflow/dags/greenery_addresses_data_pipeline.py took 0.353 seconds
[2023-05-14T06:02:42.558+0000] {processor.py:153} INFO - Started process (PID=17009) to work on /opt/airflow/dags/greenery_addresses_data_pipeline.py
[2023-05-14T06:02:42.560+0000] {processor.py:743} INFO - Processing file /opt/airflow/dags/greenery_addresses_data_pipeline.py for tasks to queue
[2023-05-14T06:02:42.562+0000] {logging_mixin.py:137} INFO - [2023-05-14T06:02:42.562+0000] {dagbag.py:532} INFO - Filling up the DagBag from /opt/airflow/dags/greenery_addresses_data_pipeline.py
[2023-05-14T06:02:42.781+0000] {processor.py:753} INFO - DAG(s) dict_keys(['greenery_addresses_data_pipeline']) retrieved from /opt/airflow/dags/greenery_addresses_data_pipeline.py
[2023-05-14T06:02:42.801+0000] {logging_mixin.py:137} INFO - [2023-05-14T06:02:42.801+0000] {dag.py:2705} INFO - Sync 1 DAGs
[2023-05-14T06:02:42.821+0000] {logging_mixin.py:137} INFO - [2023-05-14T06:02:42.821+0000] {dag.py:3456} INFO - Setting next_dagrun for greenery_addresses_data_pipeline to None, run_after=None
[2023-05-14T06:02:42.834+0000] {processor.py:175} INFO - Processing /opt/airflow/dags/greenery_addresses_data_pipeline.py took 0.280 seconds
[2023-05-14T06:03:13.044+0000] {processor.py:153} INFO - Started process (PID=17234) to work on /opt/airflow/dags/greenery_addresses_data_pipeline.py
[2023-05-14T06:03:13.047+0000] {processor.py:743} INFO - Processing file /opt/airflow/dags/greenery_addresses_data_pipeline.py for tasks to queue
[2023-05-14T06:03:13.049+0000] {logging_mixin.py:137} INFO - [2023-05-14T06:03:13.049+0000] {dagbag.py:532} INFO - Filling up the DagBag from /opt/airflow/dags/greenery_addresses_data_pipeline.py
[2023-05-14T06:03:13.328+0000] {processor.py:753} INFO - DAG(s) dict_keys(['greenery_addresses_data_pipeline']) retrieved from /opt/airflow/dags/greenery_addresses_data_pipeline.py
[2023-05-14T06:03:13.353+0000] {logging_mixin.py:137} INFO - [2023-05-14T06:03:13.353+0000] {dag.py:2705} INFO - Sync 1 DAGs
[2023-05-14T06:03:13.374+0000] {logging_mixin.py:137} INFO - [2023-05-14T06:03:13.374+0000] {dag.py:3456} INFO - Setting next_dagrun for greenery_addresses_data_pipeline to None, run_after=None
[2023-05-14T06:03:13.387+0000] {processor.py:175} INFO - Processing /opt/airflow/dags/greenery_addresses_data_pipeline.py took 0.349 seconds
[2023-05-14T06:03:33.116+0000] {processor.py:153} INFO - Started process (PID=17453) to work on /opt/airflow/dags/greenery_addresses_data_pipeline.py
[2023-05-14T06:03:33.119+0000] {processor.py:743} INFO - Processing file /opt/airflow/dags/greenery_addresses_data_pipeline.py for tasks to queue
[2023-05-14T06:03:33.120+0000] {logging_mixin.py:137} INFO - [2023-05-14T06:03:33.120+0000] {dagbag.py:532} INFO - Filling up the DagBag from /opt/airflow/dags/greenery_addresses_data_pipeline.py
[2023-05-14T06:03:33.391+0000] {processor.py:753} INFO - DAG(s) dict_keys(['greenery_addresses_data_pipeline']) retrieved from /opt/airflow/dags/greenery_addresses_data_pipeline.py
[2023-05-14T06:03:33.414+0000] {logging_mixin.py:137} INFO - [2023-05-14T06:03:33.414+0000] {dag.py:2705} INFO - Sync 1 DAGs
[2023-05-14T06:03:33.431+0000] {logging_mixin.py:137} INFO - [2023-05-14T06:03:33.431+0000] {dag.py:3456} INFO - Setting next_dagrun for greenery_addresses_data_pipeline to None, run_after=None
[2023-05-14T06:03:33.448+0000] {processor.py:175} INFO - Processing /opt/airflow/dags/greenery_addresses_data_pipeline.py took 0.335 seconds
[2023-05-14T06:04:03.944+0000] {processor.py:153} INFO - Started process (PID=17676) to work on /opt/airflow/dags/greenery_addresses_data_pipeline.py
[2023-05-14T06:04:03.947+0000] {processor.py:743} INFO - Processing file /opt/airflow/dags/greenery_addresses_data_pipeline.py for tasks to queue
[2023-05-14T06:04:03.949+0000] {logging_mixin.py:137} INFO - [2023-05-14T06:04:03.949+0000] {dagbag.py:532} INFO - Filling up the DagBag from /opt/airflow/dags/greenery_addresses_data_pipeline.py
[2023-05-14T06:04:04.238+0000] {processor.py:753} INFO - DAG(s) dict_keys(['greenery_addresses_data_pipeline']) retrieved from /opt/airflow/dags/greenery_addresses_data_pipeline.py
[2023-05-14T06:04:04.261+0000] {logging_mixin.py:137} INFO - [2023-05-14T06:04:04.261+0000] {dag.py:2705} INFO - Sync 1 DAGs
[2023-05-14T06:04:04.285+0000] {logging_mixin.py:137} INFO - [2023-05-14T06:04:04.285+0000] {dag.py:3456} INFO - Setting next_dagrun for greenery_addresses_data_pipeline to None, run_after=None
[2023-05-14T06:04:04.298+0000] {processor.py:175} INFO - Processing /opt/airflow/dags/greenery_addresses_data_pipeline.py took 0.359 seconds
[2023-05-14T06:04:35.298+0000] {processor.py:153} INFO - Started process (PID=17900) to work on /opt/airflow/dags/greenery_addresses_data_pipeline.py
[2023-05-14T06:04:35.300+0000] {processor.py:743} INFO - Processing file /opt/airflow/dags/greenery_addresses_data_pipeline.py for tasks to queue
[2023-05-14T06:04:35.301+0000] {logging_mixin.py:137} INFO - [2023-05-14T06:04:35.301+0000] {dagbag.py:532} INFO - Filling up the DagBag from /opt/airflow/dags/greenery_addresses_data_pipeline.py
[2023-05-14T06:04:35.572+0000] {processor.py:753} INFO - DAG(s) dict_keys(['greenery_addresses_data_pipeline']) retrieved from /opt/airflow/dags/greenery_addresses_data_pipeline.py
[2023-05-14T06:04:35.600+0000] {logging_mixin.py:137} INFO - [2023-05-14T06:04:35.600+0000] {dag.py:2705} INFO - Sync 1 DAGs
[2023-05-14T06:04:35.619+0000] {logging_mixin.py:137} INFO - [2023-05-14T06:04:35.619+0000] {dag.py:3456} INFO - Setting next_dagrun for greenery_addresses_data_pipeline to None, run_after=None
[2023-05-14T06:04:35.631+0000] {processor.py:175} INFO - Processing /opt/airflow/dags/greenery_addresses_data_pipeline.py took 0.337 seconds
[2023-05-14T06:05:04.368+0000] {processor.py:153} INFO - Started process (PID=18124) to work on /opt/airflow/dags/greenery_addresses_data_pipeline.py
[2023-05-14T06:05:04.369+0000] {processor.py:743} INFO - Processing file /opt/airflow/dags/greenery_addresses_data_pipeline.py for tasks to queue
[2023-05-14T06:05:04.370+0000] {logging_mixin.py:137} INFO - [2023-05-14T06:05:04.370+0000] {dagbag.py:532} INFO - Filling up the DagBag from /opt/airflow/dags/greenery_addresses_data_pipeline.py
[2023-05-14T06:05:04.662+0000] {processor.py:753} INFO - DAG(s) dict_keys(['greenery_addresses_data_pipeline']) retrieved from /opt/airflow/dags/greenery_addresses_data_pipeline.py
[2023-05-14T06:05:04.691+0000] {logging_mixin.py:137} INFO - [2023-05-14T06:05:04.691+0000] {dag.py:2705} INFO - Sync 1 DAGs
[2023-05-14T06:05:04.717+0000] {logging_mixin.py:137} INFO - [2023-05-14T06:05:04.716+0000] {dag.py:3456} INFO - Setting next_dagrun for greenery_addresses_data_pipeline to None, run_after=None
[2023-05-14T06:05:04.735+0000] {processor.py:175} INFO - Processing /opt/airflow/dags/greenery_addresses_data_pipeline.py took 0.370 seconds
[2023-05-14T06:05:35.804+0000] {processor.py:153} INFO - Started process (PID=18348) to work on /opt/airflow/dags/greenery_addresses_data_pipeline.py
[2023-05-14T06:05:35.806+0000] {processor.py:743} INFO - Processing file /opt/airflow/dags/greenery_addresses_data_pipeline.py for tasks to queue
[2023-05-14T06:05:35.810+0000] {logging_mixin.py:137} INFO - [2023-05-14T06:05:35.809+0000] {dagbag.py:532} INFO - Filling up the DagBag from /opt/airflow/dags/greenery_addresses_data_pipeline.py
[2023-05-14T06:05:36.072+0000] {processor.py:753} INFO - DAG(s) dict_keys(['greenery_addresses_data_pipeline']) retrieved from /opt/airflow/dags/greenery_addresses_data_pipeline.py
[2023-05-14T06:05:36.102+0000] {logging_mixin.py:137} INFO - [2023-05-14T06:05:36.101+0000] {dag.py:2705} INFO - Sync 1 DAGs
[2023-05-14T06:05:36.124+0000] {logging_mixin.py:137} INFO - [2023-05-14T06:05:36.124+0000] {dag.py:3456} INFO - Setting next_dagrun for greenery_addresses_data_pipeline to None, run_after=None
[2023-05-14T06:05:36.136+0000] {processor.py:175} INFO - Processing /opt/airflow/dags/greenery_addresses_data_pipeline.py took 0.337 seconds
[2023-05-14T06:06:06.945+0000] {processor.py:153} INFO - Started process (PID=18573) to work on /opt/airflow/dags/greenery_addresses_data_pipeline.py
[2023-05-14T06:06:06.947+0000] {processor.py:743} INFO - Processing file /opt/airflow/dags/greenery_addresses_data_pipeline.py for tasks to queue
[2023-05-14T06:06:06.948+0000] {logging_mixin.py:137} INFO - [2023-05-14T06:06:06.948+0000] {dagbag.py:532} INFO - Filling up the DagBag from /opt/airflow/dags/greenery_addresses_data_pipeline.py
[2023-05-14T06:06:07.219+0000] {processor.py:753} INFO - DAG(s) dict_keys(['greenery_addresses_data_pipeline']) retrieved from /opt/airflow/dags/greenery_addresses_data_pipeline.py
[2023-05-14T06:06:07.246+0000] {logging_mixin.py:137} INFO - [2023-05-14T06:06:07.245+0000] {dag.py:2705} INFO - Sync 1 DAGs
[2023-05-14T06:06:07.267+0000] {logging_mixin.py:137} INFO - [2023-05-14T06:06:07.267+0000] {dag.py:3456} INFO - Setting next_dagrun for greenery_addresses_data_pipeline to None, run_after=None
[2023-05-14T06:06:07.280+0000] {processor.py:175} INFO - Processing /opt/airflow/dags/greenery_addresses_data_pipeline.py took 0.339 seconds
[2023-05-14T06:06:38.018+0000] {processor.py:153} INFO - Started process (PID=18797) to work on /opt/airflow/dags/greenery_addresses_data_pipeline.py
[2023-05-14T06:06:38.022+0000] {processor.py:743} INFO - Processing file /opt/airflow/dags/greenery_addresses_data_pipeline.py for tasks to queue
[2023-05-14T06:06:38.024+0000] {logging_mixin.py:137} INFO - [2023-05-14T06:06:38.024+0000] {dagbag.py:532} INFO - Filling up the DagBag from /opt/airflow/dags/greenery_addresses_data_pipeline.py
[2023-05-14T06:06:38.272+0000] {processor.py:753} INFO - DAG(s) dict_keys(['greenery_addresses_data_pipeline']) retrieved from /opt/airflow/dags/greenery_addresses_data_pipeline.py
[2023-05-14T06:06:38.298+0000] {logging_mixin.py:137} INFO - [2023-05-14T06:06:38.298+0000] {dag.py:2705} INFO - Sync 1 DAGs
[2023-05-14T06:06:38.316+0000] {logging_mixin.py:137} INFO - [2023-05-14T06:06:38.316+0000] {dag.py:3456} INFO - Setting next_dagrun for greenery_addresses_data_pipeline to None, run_after=None
[2023-05-14T06:06:38.329+0000] {processor.py:175} INFO - Processing /opt/airflow/dags/greenery_addresses_data_pipeline.py took 0.317 seconds
[2023-05-14T06:07:08.437+0000] {processor.py:153} INFO - Started process (PID=19021) to work on /opt/airflow/dags/greenery_addresses_data_pipeline.py
[2023-05-14T06:07:08.440+0000] {processor.py:743} INFO - Processing file /opt/airflow/dags/greenery_addresses_data_pipeline.py for tasks to queue
[2023-05-14T06:07:08.442+0000] {logging_mixin.py:137} INFO - [2023-05-14T06:07:08.442+0000] {dagbag.py:532} INFO - Filling up the DagBag from /opt/airflow/dags/greenery_addresses_data_pipeline.py
[2023-05-14T06:07:08.718+0000] {processor.py:753} INFO - DAG(s) dict_keys(['greenery_addresses_data_pipeline']) retrieved from /opt/airflow/dags/greenery_addresses_data_pipeline.py
[2023-05-14T06:07:08.741+0000] {logging_mixin.py:137} INFO - [2023-05-14T06:07:08.741+0000] {dag.py:2705} INFO - Sync 1 DAGs
[2023-05-14T06:07:08.760+0000] {logging_mixin.py:137} INFO - [2023-05-14T06:07:08.760+0000] {dag.py:3456} INFO - Setting next_dagrun for greenery_addresses_data_pipeline to None, run_after=None
[2023-05-14T06:07:08.780+0000] {processor.py:175} INFO - Processing /opt/airflow/dags/greenery_addresses_data_pipeline.py took 0.350 seconds
[2023-05-14T06:07:21.248+0000] {processor.py:153} INFO - Started process (PID=19033) to work on /opt/airflow/dags/greenery_addresses_data_pipeline.py
[2023-05-14T06:07:21.250+0000] {processor.py:743} INFO - Processing file /opt/airflow/dags/greenery_addresses_data_pipeline.py for tasks to queue
[2023-05-14T06:07:21.252+0000] {logging_mixin.py:137} INFO - [2023-05-14T06:07:21.252+0000] {dagbag.py:532} INFO - Filling up the DagBag from /opt/airflow/dags/greenery_addresses_data_pipeline.py
[2023-05-14T06:07:21.534+0000] {processor.py:753} INFO - DAG(s) dict_keys(['greenery_addresses_data_pipeline']) retrieved from /opt/airflow/dags/greenery_addresses_data_pipeline.py
[2023-05-14T06:07:21.562+0000] {logging_mixin.py:137} INFO - [2023-05-14T06:07:21.562+0000] {dag.py:2705} INFO - Sync 1 DAGs
[2023-05-14T06:07:21.586+0000] {logging_mixin.py:137} INFO - [2023-05-14T06:07:21.586+0000] {dag.py:3456} INFO - Setting next_dagrun for greenery_addresses_data_pipeline to None, run_after=None
[2023-05-14T06:07:21.605+0000] {processor.py:175} INFO - Processing /opt/airflow/dags/greenery_addresses_data_pipeline.py took 0.364 seconds
