[2023-05-14T06:02:06.619+0000] {taskinstance.py:1090} INFO - Dependencies all met for dep_context=non-requeueable deps ti=<TaskInstance: greenery_addresses_data_pipeline.extract_data manual__2023-05-14T06:02:05.035200+00:00 [queued]>
[2023-05-14T06:02:06.626+0000] {taskinstance.py:1090} INFO - Dependencies all met for dep_context=requeueable deps ti=<TaskInstance: greenery_addresses_data_pipeline.extract_data manual__2023-05-14T06:02:05.035200+00:00 [queued]>
[2023-05-14T06:02:06.627+0000] {taskinstance.py:1288} INFO - 
--------------------------------------------------------------------------------
[2023-05-14T06:02:06.628+0000] {taskinstance.py:1289} INFO - Starting attempt 1 of 1
[2023-05-14T06:02:06.629+0000] {taskinstance.py:1290} INFO - 
--------------------------------------------------------------------------------
[2023-05-14T06:02:06.638+0000] {taskinstance.py:1309} INFO - Executing <Task(PythonOperator): extract_data> on 2023-05-14 06:02:05.035200+00:00
[2023-05-14T06:02:06.644+0000] {standard_task_runner.py:55} INFO - Started process 16778 to run task
[2023-05-14T06:02:06.648+0000] {standard_task_runner.py:82} INFO - Running: ['***', 'tasks', 'run', 'greenery_addresses_data_pipeline', 'extract_data', 'manual__2023-05-14T06:02:05.035200+00:00', '--job-id', '26', '--raw', '--subdir', 'DAGS_FOLDER/greenery_addresses_data_pipeline.py', '--cfg-path', '/tmp/tmpf__82hqt']
[2023-05-14T06:02:06.650+0000] {standard_task_runner.py:83} INFO - Job 26: Subtask extract_data
[2023-05-14T06:02:06.733+0000] {task_command.py:389} INFO - Running <TaskInstance: greenery_addresses_data_pipeline.extract_data manual__2023-05-14T06:02:05.035200+00:00 [running]> on host 81a59154956d
[2023-05-14T06:02:06.791+0000] {taskinstance.py:1518} INFO - Exporting the following env vars:
AIRFLOW_CTX_DAG_OWNER=***
AIRFLOW_CTX_DAG_ID=greenery_addresses_data_pipeline
AIRFLOW_CTX_TASK_ID=extract_data
AIRFLOW_CTX_EXECUTION_DATE=2023-05-14T06:02:05.035200+00:00
AIRFLOW_CTX_TRY_NUMBER=1
AIRFLOW_CTX_DAG_RUN_ID=manual__2023-05-14T06:02:05.035200+00:00
[2023-05-14T06:02:06.795+0000] {logging_mixin.py:137} INFO - ##### Start get data from API #####
[2023-05-14T06:02:07.053+0000] {logging_mixin.py:137} INFO - found data 150  records
[2023-05-14T06:02:07.060+0000] {logging_mixin.py:137} INFO - ##### End get data from API #####
[2023-05-14T06:02:07.062+0000] {python.py:177} INFO - Done. Returned value was: None
[2023-05-14T06:02:07.074+0000] {taskinstance.py:1332} INFO - Marking task as SUCCESS. dag_id=greenery_addresses_data_pipeline, task_id=extract_data, execution_date=20230514T060205, start_date=20230514T060206, end_date=20230514T060207
[2023-05-14T06:02:07.111+0000] {local_task_job.py:212} INFO - Task exited with return code 0
[2023-05-14T06:02:07.137+0000] {taskinstance.py:2596} INFO - 1 downstream tasks scheduled from follow-on schedule check
