[2023-05-13T09:59:36.375+0000] {taskinstance.py:1090} INFO - Dependencies all met for dep_context=non-requeueable deps ti=<TaskInstance: greenery_addresses_data_pipeline.load_data_from_gcs_to_bigquery manual__2023-05-13T09:59:32.597824+00:00 [queued]>
[2023-05-13T09:59:36.381+0000] {taskinstance.py:1090} INFO - Dependencies all met for dep_context=requeueable deps ti=<TaskInstance: greenery_addresses_data_pipeline.load_data_from_gcs_to_bigquery manual__2023-05-13T09:59:32.597824+00:00 [queued]>
[2023-05-13T09:59:36.382+0000] {taskinstance.py:1288} INFO - 
--------------------------------------------------------------------------------
[2023-05-13T09:59:36.383+0000] {taskinstance.py:1289} INFO - Starting attempt 1 of 1
[2023-05-13T09:59:36.384+0000] {taskinstance.py:1290} INFO - 
--------------------------------------------------------------------------------
[2023-05-13T09:59:36.392+0000] {taskinstance.py:1309} INFO - Executing <Task(PythonOperator): load_data_from_gcs_to_bigquery> on 2023-05-13 09:59:32.597824+00:00
[2023-05-13T09:59:36.396+0000] {standard_task_runner.py:55} INFO - Started process 15826 to run task
[2023-05-13T09:59:36.401+0000] {standard_task_runner.py:82} INFO - Running: ['***', 'tasks', 'run', 'greenery_addresses_data_pipeline', 'load_data_from_gcs_to_bigquery', 'manual__2023-05-13T09:59:32.597824+00:00', '--job-id', '13', '--raw', '--subdir', 'DAGS_FOLDER/greenery_addresses_data_pipeline.py', '--cfg-path', '/tmp/tmpfi68xxdc']
[2023-05-13T09:59:36.403+0000] {standard_task_runner.py:83} INFO - Job 13: Subtask load_data_from_gcs_to_bigquery
[2023-05-13T09:59:36.470+0000] {task_command.py:389} INFO - Running <TaskInstance: greenery_addresses_data_pipeline.load_data_from_gcs_to_bigquery manual__2023-05-13T09:59:32.597824+00:00 [running]> on host 81a59154956d
[2023-05-13T09:59:36.526+0000] {taskinstance.py:1518} INFO - Exporting the following env vars:
AIRFLOW_CTX_DAG_OWNER=***
AIRFLOW_CTX_DAG_ID=greenery_addresses_data_pipeline
AIRFLOW_CTX_TASK_ID=load_data_from_gcs_to_bigquery
AIRFLOW_CTX_EXECUTION_DATE=2023-05-13T09:59:32.597824+00:00
AIRFLOW_CTX_TRY_NUMBER=1
AIRFLOW_CTX_DAG_RUN_ID=manual__2023-05-13T09:59:32.597824+00:00
[2023-05-13T09:59:36.530+0000] {python.py:177} INFO - Done. Returned value was: None
[2023-05-13T09:59:36.541+0000] {taskinstance.py:1332} INFO - Marking task as SUCCESS. dag_id=greenery_addresses_data_pipeline, task_id=load_data_from_gcs_to_bigquery, execution_date=20230513T095932, start_date=20230513T095936, end_date=20230513T095936
[2023-05-13T09:59:36.574+0000] {local_task_job.py:212} INFO - Task exited with return code 0
[2023-05-13T09:59:36.590+0000] {taskinstance.py:2596} INFO - 0 downstream tasks scheduled from follow-on schedule check
