[2023-05-13T10:01:52.105+0000] {taskinstance.py:1090} INFO - Dependencies all met for dep_context=non-requeueable deps ti=<TaskInstance: greenery_addresses_data_pipeline.extract_data manual__2023-05-13T10:01:51.178525+00:00 [queued]>
[2023-05-13T10:01:52.112+0000] {taskinstance.py:1090} INFO - Dependencies all met for dep_context=requeueable deps ti=<TaskInstance: greenery_addresses_data_pipeline.extract_data manual__2023-05-13T10:01:51.178525+00:00 [queued]>
[2023-05-13T10:01:52.113+0000] {taskinstance.py:1288} INFO - 
--------------------------------------------------------------------------------
[2023-05-13T10:01:52.114+0000] {taskinstance.py:1289} INFO - Starting attempt 1 of 1
[2023-05-13T10:01:52.114+0000] {taskinstance.py:1290} INFO - 
--------------------------------------------------------------------------------
[2023-05-13T10:01:52.123+0000] {taskinstance.py:1309} INFO - Executing <Task(PythonOperator): extract_data> on 2023-05-13 10:01:51.178525+00:00
[2023-05-13T10:01:52.128+0000] {standard_task_runner.py:55} INFO - Started process 16910 to run task
[2023-05-13T10:01:52.132+0000] {standard_task_runner.py:82} INFO - Running: ['***', 'tasks', 'run', 'greenery_addresses_data_pipeline', 'extract_data', 'manual__2023-05-13T10:01:51.178525+00:00', '--job-id', '14', '--raw', '--subdir', 'DAGS_FOLDER/greenery_addresses_data_pipeline.py', '--cfg-path', '/tmp/tmp6uagkx23']
[2023-05-13T10:01:52.135+0000] {standard_task_runner.py:83} INFO - Job 14: Subtask extract_data
[2023-05-13T10:01:52.211+0000] {task_command.py:389} INFO - Running <TaskInstance: greenery_addresses_data_pipeline.extract_data manual__2023-05-13T10:01:51.178525+00:00 [running]> on host 81a59154956d
[2023-05-13T10:01:52.267+0000] {taskinstance.py:1518} INFO - Exporting the following env vars:
AIRFLOW_CTX_DAG_OWNER=***
AIRFLOW_CTX_DAG_ID=greenery_addresses_data_pipeline
AIRFLOW_CTX_TASK_ID=extract_data
AIRFLOW_CTX_EXECUTION_DATE=2023-05-13T10:01:51.178525+00:00
AIRFLOW_CTX_TRY_NUMBER=1
AIRFLOW_CTX_DAG_RUN_ID=manual__2023-05-13T10:01:51.178525+00:00
[2023-05-13T10:01:52.269+0000] {logging_mixin.py:137} INFO - ##### Start get data from API #####
[2023-05-13T10:01:52.519+0000] {logging_mixin.py:137} INFO - found data 150  records
[2023-05-13T10:01:52.526+0000] {logging_mixin.py:137} INFO - ##### End get data from API #####
[2023-05-13T10:01:52.527+0000] {python.py:177} INFO - Done. Returned value was: None
[2023-05-13T10:01:52.540+0000] {taskinstance.py:1332} INFO - Marking task as SUCCESS. dag_id=greenery_addresses_data_pipeline, task_id=extract_data, execution_date=20230513T100151, start_date=20230513T100152, end_date=20230513T100152
[2023-05-13T10:01:52.595+0000] {local_task_job.py:212} INFO - Task exited with return code 0
[2023-05-13T10:01:52.618+0000] {taskinstance.py:2596} INFO - 1 downstream tasks scheduled from follow-on schedule check
