[2023-05-14T00:21:05.050+0000] {processor.py:153} INFO - Started process (PID=2808) to work on /home/airflow/.local/lib/python3.7/site-packages/airflow/example_dags/example_trigger_target_dag.py
[2023-05-14T00:21:05.052+0000] {processor.py:743} INFO - Processing file /home/airflow/.local/lib/python3.7/site-packages/airflow/example_dags/example_trigger_target_dag.py for tasks to queue
[2023-05-14T00:21:05.053+0000] {logging_mixin.py:137} INFO - [2023-05-14T00:21:05.053+0000] {dagbag.py:532} INFO - Filling up the DagBag from /home/airflow/.local/lib/python3.7/site-packages/airflow/example_dags/example_trigger_target_dag.py
[2023-05-14T00:21:05.074+0000] {processor.py:753} INFO - DAG(s) dict_keys(['example_trigger_target_dag']) retrieved from /home/airflow/.local/lib/python3.7/site-packages/airflow/example_dags/example_trigger_target_dag.py
[2023-05-14T00:21:05.117+0000] {logging_mixin.py:137} INFO - [2023-05-14T00:21:05.117+0000] {dag.py:2705} INFO - Sync 1 DAGs
[2023-05-14T00:21:05.135+0000] {logging_mixin.py:137} INFO - [2023-05-14T00:21:05.135+0000] {dag.py:3456} INFO - Setting next_dagrun for example_trigger_target_dag to None, run_after=None
[2023-05-14T00:21:05.148+0000] {processor.py:175} INFO - Processing /home/airflow/.local/lib/python3.7/site-packages/airflow/example_dags/example_trigger_target_dag.py took 0.101 seconds
[2023-05-14T01:15:57.058+0000] {processor.py:153} INFO - Started process (PID=3032) to work on /home/airflow/.local/lib/python3.7/site-packages/airflow/example_dags/example_trigger_target_dag.py
[2023-05-14T01:15:57.061+0000] {processor.py:743} INFO - Processing file /home/airflow/.local/lib/python3.7/site-packages/airflow/example_dags/example_trigger_target_dag.py for tasks to queue
[2023-05-14T01:15:57.064+0000] {logging_mixin.py:137} INFO - [2023-05-14T01:15:57.063+0000] {dagbag.py:532} INFO - Filling up the DagBag from /home/airflow/.local/lib/python3.7/site-packages/airflow/example_dags/example_trigger_target_dag.py
[2023-05-14T01:15:57.114+0000] {processor.py:753} INFO - DAG(s) dict_keys(['example_trigger_target_dag']) retrieved from /home/airflow/.local/lib/python3.7/site-packages/airflow/example_dags/example_trigger_target_dag.py
[2023-05-14T01:15:57.176+0000] {logging_mixin.py:137} INFO - [2023-05-14T01:15:57.176+0000] {dag.py:2705} INFO - Sync 1 DAGs
[2023-05-14T01:15:57.211+0000] {logging_mixin.py:137} INFO - [2023-05-14T01:15:57.210+0000] {dag.py:3456} INFO - Setting next_dagrun for example_trigger_target_dag to None, run_after=None
[2023-05-14T01:15:57.248+0000] {processor.py:175} INFO - Processing /home/airflow/.local/lib/python3.7/site-packages/airflow/example_dags/example_trigger_target_dag.py took 0.207 seconds
[2023-05-14T02:15:36.523+0000] {processor.py:153} INFO - Started process (PID=3255) to work on /home/airflow/.local/lib/python3.7/site-packages/airflow/example_dags/example_trigger_target_dag.py
[2023-05-14T02:15:36.528+0000] {processor.py:743} INFO - Processing file /home/airflow/.local/lib/python3.7/site-packages/airflow/example_dags/example_trigger_target_dag.py for tasks to queue
[2023-05-14T02:15:36.531+0000] {logging_mixin.py:137} INFO - [2023-05-14T02:15:36.530+0000] {dagbag.py:532} INFO - Filling up the DagBag from /home/airflow/.local/lib/python3.7/site-packages/airflow/example_dags/example_trigger_target_dag.py
[2023-05-14T02:15:36.604+0000] {processor.py:753} INFO - DAG(s) dict_keys(['example_trigger_target_dag']) retrieved from /home/airflow/.local/lib/python3.7/site-packages/airflow/example_dags/example_trigger_target_dag.py
[2023-05-14T02:15:36.671+0000] {logging_mixin.py:137} INFO - [2023-05-14T02:15:36.671+0000] {dag.py:2705} INFO - Sync 1 DAGs
[2023-05-14T02:15:36.710+0000] {logging_mixin.py:137} INFO - [2023-05-14T02:15:36.710+0000] {dag.py:3456} INFO - Setting next_dagrun for example_trigger_target_dag to None, run_after=None
[2023-05-14T02:15:36.748+0000] {processor.py:175} INFO - Processing /home/airflow/.local/lib/python3.7/site-packages/airflow/example_dags/example_trigger_target_dag.py took 0.237 seconds
[2023-05-14T02:41:27.348+0000] {processor.py:153} INFO - Started process (PID=3478) to work on /home/airflow/.local/lib/python3.7/site-packages/airflow/example_dags/example_trigger_target_dag.py
[2023-05-14T02:41:27.351+0000] {processor.py:743} INFO - Processing file /home/airflow/.local/lib/python3.7/site-packages/airflow/example_dags/example_trigger_target_dag.py for tasks to queue
[2023-05-14T02:41:27.352+0000] {logging_mixin.py:137} INFO - [2023-05-14T02:41:27.352+0000] {dagbag.py:532} INFO - Filling up the DagBag from /home/airflow/.local/lib/python3.7/site-packages/airflow/example_dags/example_trigger_target_dag.py
[2023-05-14T02:41:27.372+0000] {processor.py:753} INFO - DAG(s) dict_keys(['example_trigger_target_dag']) retrieved from /home/airflow/.local/lib/python3.7/site-packages/airflow/example_dags/example_trigger_target_dag.py
[2023-05-14T02:41:27.397+0000] {logging_mixin.py:137} INFO - [2023-05-14T02:41:27.397+0000] {dag.py:2705} INFO - Sync 1 DAGs
[2023-05-14T02:41:27.413+0000] {logging_mixin.py:137} INFO - [2023-05-14T02:41:27.413+0000] {dag.py:3456} INFO - Setting next_dagrun for example_trigger_target_dag to None, run_after=None
[2023-05-14T02:41:27.426+0000] {processor.py:175} INFO - Processing /home/airflow/.local/lib/python3.7/site-packages/airflow/example_dags/example_trigger_target_dag.py took 0.081 seconds
[2023-05-14T02:54:55.207+0000] {processor.py:153} INFO - Started process (PID=3701) to work on /home/airflow/.local/lib/python3.7/site-packages/airflow/example_dags/example_trigger_target_dag.py
[2023-05-14T02:54:55.214+0000] {processor.py:743} INFO - Processing file /home/airflow/.local/lib/python3.7/site-packages/airflow/example_dags/example_trigger_target_dag.py for tasks to queue
[2023-05-14T02:54:55.220+0000] {logging_mixin.py:137} INFO - [2023-05-14T02:54:55.219+0000] {dagbag.py:532} INFO - Filling up the DagBag from /home/airflow/.local/lib/python3.7/site-packages/airflow/example_dags/example_trigger_target_dag.py
[2023-05-14T02:54:55.292+0000] {processor.py:753} INFO - DAG(s) dict_keys(['example_trigger_target_dag']) retrieved from /home/airflow/.local/lib/python3.7/site-packages/airflow/example_dags/example_trigger_target_dag.py
[2023-05-14T02:54:55.342+0000] {logging_mixin.py:137} INFO - [2023-05-14T02:54:55.342+0000] {dag.py:2705} INFO - Sync 1 DAGs
[2023-05-14T02:54:55.400+0000] {logging_mixin.py:137} INFO - [2023-05-14T02:54:55.400+0000] {dag.py:3456} INFO - Setting next_dagrun for example_trigger_target_dag to None, run_after=None
[2023-05-14T02:54:55.429+0000] {processor.py:175} INFO - Processing /home/airflow/.local/lib/python3.7/site-packages/airflow/example_dags/example_trigger_target_dag.py took 0.229 seconds
[2023-05-14T02:59:00.420+0000] {processor.py:153} INFO - Started process (PID=3926) to work on /home/airflow/.local/lib/python3.7/site-packages/airflow/example_dags/example_trigger_target_dag.py
[2023-05-14T02:59:00.423+0000] {processor.py:743} INFO - Processing file /home/airflow/.local/lib/python3.7/site-packages/airflow/example_dags/example_trigger_target_dag.py for tasks to queue
[2023-05-14T02:59:00.425+0000] {logging_mixin.py:137} INFO - [2023-05-14T02:59:00.425+0000] {dagbag.py:532} INFO - Filling up the DagBag from /home/airflow/.local/lib/python3.7/site-packages/airflow/example_dags/example_trigger_target_dag.py
[2023-05-14T02:59:00.446+0000] {processor.py:753} INFO - DAG(s) dict_keys(['example_trigger_target_dag']) retrieved from /home/airflow/.local/lib/python3.7/site-packages/airflow/example_dags/example_trigger_target_dag.py
[2023-05-14T02:59:00.470+0000] {logging_mixin.py:137} INFO - [2023-05-14T02:59:00.470+0000] {dag.py:2705} INFO - Sync 1 DAGs
[2023-05-14T02:59:00.491+0000] {logging_mixin.py:137} INFO - [2023-05-14T02:59:00.491+0000] {dag.py:3456} INFO - Setting next_dagrun for example_trigger_target_dag to None, run_after=None
[2023-05-14T02:59:00.505+0000] {processor.py:175} INFO - Processing /home/airflow/.local/lib/python3.7/site-packages/airflow/example_dags/example_trigger_target_dag.py took 0.088 seconds
[2023-05-14T02:59:31.482+0000] {processor.py:153} INFO - Started process (PID=4148) to work on /home/airflow/.local/lib/python3.7/site-packages/airflow/example_dags/example_trigger_target_dag.py
[2023-05-14T02:59:31.486+0000] {processor.py:743} INFO - Processing file /home/airflow/.local/lib/python3.7/site-packages/airflow/example_dags/example_trigger_target_dag.py for tasks to queue
[2023-05-14T02:59:31.488+0000] {logging_mixin.py:137} INFO - [2023-05-14T02:59:31.488+0000] {dagbag.py:532} INFO - Filling up the DagBag from /home/airflow/.local/lib/python3.7/site-packages/airflow/example_dags/example_trigger_target_dag.py
[2023-05-14T02:59:31.508+0000] {processor.py:753} INFO - DAG(s) dict_keys(['example_trigger_target_dag']) retrieved from /home/airflow/.local/lib/python3.7/site-packages/airflow/example_dags/example_trigger_target_dag.py
[2023-05-14T02:59:31.546+0000] {logging_mixin.py:137} INFO - [2023-05-14T02:59:31.546+0000] {dag.py:2705} INFO - Sync 1 DAGs
[2023-05-14T02:59:31.563+0000] {logging_mixin.py:137} INFO - [2023-05-14T02:59:31.563+0000] {dag.py:3456} INFO - Setting next_dagrun for example_trigger_target_dag to None, run_after=None
[2023-05-14T02:59:31.577+0000] {processor.py:175} INFO - Processing /home/airflow/.local/lib/python3.7/site-packages/airflow/example_dags/example_trigger_target_dag.py took 0.099 seconds
[2023-05-14T03:16:06.044+0000] {processor.py:153} INFO - Started process (PID=4373) to work on /home/airflow/.local/lib/python3.7/site-packages/airflow/example_dags/example_trigger_target_dag.py
[2023-05-14T03:16:06.046+0000] {processor.py:743} INFO - Processing file /home/airflow/.local/lib/python3.7/site-packages/airflow/example_dags/example_trigger_target_dag.py for tasks to queue
[2023-05-14T03:16:06.047+0000] {logging_mixin.py:137} INFO - [2023-05-14T03:16:06.047+0000] {dagbag.py:532} INFO - Filling up the DagBag from /home/airflow/.local/lib/python3.7/site-packages/airflow/example_dags/example_trigger_target_dag.py
[2023-05-14T03:16:06.065+0000] {processor.py:753} INFO - DAG(s) dict_keys(['example_trigger_target_dag']) retrieved from /home/airflow/.local/lib/python3.7/site-packages/airflow/example_dags/example_trigger_target_dag.py
[2023-05-14T03:16:06.086+0000] {logging_mixin.py:137} INFO - [2023-05-14T03:16:06.086+0000] {dag.py:2705} INFO - Sync 1 DAGs
[2023-05-14T03:16:06.104+0000] {logging_mixin.py:137} INFO - [2023-05-14T03:16:06.104+0000] {dag.py:3456} INFO - Setting next_dagrun for example_trigger_target_dag to None, run_after=None
[2023-05-14T03:16:06.116+0000] {processor.py:175} INFO - Processing /home/airflow/.local/lib/python3.7/site-packages/airflow/example_dags/example_trigger_target_dag.py took 0.075 seconds
[2023-05-14T04:20:56.286+0000] {processor.py:153} INFO - Started process (PID=4594) to work on /home/airflow/.local/lib/python3.7/site-packages/airflow/example_dags/example_trigger_target_dag.py
[2023-05-14T04:20:56.288+0000] {processor.py:743} INFO - Processing file /home/airflow/.local/lib/python3.7/site-packages/airflow/example_dags/example_trigger_target_dag.py for tasks to queue
[2023-05-14T04:20:56.289+0000] {logging_mixin.py:137} INFO - [2023-05-14T04:20:56.289+0000] {dagbag.py:532} INFO - Filling up the DagBag from /home/airflow/.local/lib/python3.7/site-packages/airflow/example_dags/example_trigger_target_dag.py
[2023-05-14T04:20:56.308+0000] {processor.py:753} INFO - DAG(s) dict_keys(['example_trigger_target_dag']) retrieved from /home/airflow/.local/lib/python3.7/site-packages/airflow/example_dags/example_trigger_target_dag.py
[2023-05-14T04:20:56.332+0000] {logging_mixin.py:137} INFO - [2023-05-14T04:20:56.332+0000] {dag.py:2705} INFO - Sync 1 DAGs
[2023-05-14T04:20:56.352+0000] {logging_mixin.py:137} INFO - [2023-05-14T04:20:56.352+0000] {dag.py:3456} INFO - Setting next_dagrun for example_trigger_target_dag to None, run_after=None
[2023-05-14T04:20:56.365+0000] {processor.py:175} INFO - Processing /home/airflow/.local/lib/python3.7/site-packages/airflow/example_dags/example_trigger_target_dag.py took 0.082 seconds
[2023-05-14T05:35:30.093+0000] {processor.py:153} INFO - Started process (PID=4817) to work on /home/airflow/.local/lib/python3.7/site-packages/airflow/example_dags/example_trigger_target_dag.py
[2023-05-14T05:35:30.106+0000] {processor.py:743} INFO - Processing file /home/airflow/.local/lib/python3.7/site-packages/airflow/example_dags/example_trigger_target_dag.py for tasks to queue
[2023-05-14T05:35:30.111+0000] {logging_mixin.py:137} INFO - [2023-05-14T05:35:30.110+0000] {dagbag.py:532} INFO - Filling up the DagBag from /home/airflow/.local/lib/python3.7/site-packages/airflow/example_dags/example_trigger_target_dag.py
[2023-05-14T05:35:30.186+0000] {processor.py:753} INFO - DAG(s) dict_keys(['example_trigger_target_dag']) retrieved from /home/airflow/.local/lib/python3.7/site-packages/airflow/example_dags/example_trigger_target_dag.py
[2023-05-14T05:35:30.245+0000] {logging_mixin.py:137} INFO - [2023-05-14T05:35:30.244+0000] {dag.py:2705} INFO - Sync 1 DAGs
[2023-05-14T05:35:30.271+0000] {logging_mixin.py:137} INFO - [2023-05-14T05:35:30.271+0000] {dag.py:3456} INFO - Setting next_dagrun for example_trigger_target_dag to None, run_after=None
[2023-05-14T05:35:30.287+0000] {processor.py:175} INFO - Processing /home/airflow/.local/lib/python3.7/site-packages/airflow/example_dags/example_trigger_target_dag.py took 0.209 seconds
[2023-05-14T05:36:00.472+0000] {processor.py:153} INFO - Started process (PID=5040) to work on /home/airflow/.local/lib/python3.7/site-packages/airflow/example_dags/example_trigger_target_dag.py
[2023-05-14T05:36:00.475+0000] {processor.py:743} INFO - Processing file /home/airflow/.local/lib/python3.7/site-packages/airflow/example_dags/example_trigger_target_dag.py for tasks to queue
[2023-05-14T05:36:00.482+0000] {logging_mixin.py:137} INFO - [2023-05-14T05:36:00.482+0000] {dagbag.py:532} INFO - Filling up the DagBag from /home/airflow/.local/lib/python3.7/site-packages/airflow/example_dags/example_trigger_target_dag.py
[2023-05-14T05:36:00.498+0000] {processor.py:753} INFO - DAG(s) dict_keys(['example_trigger_target_dag']) retrieved from /home/airflow/.local/lib/python3.7/site-packages/airflow/example_dags/example_trigger_target_dag.py
[2023-05-14T05:36:00.523+0000] {logging_mixin.py:137} INFO - [2023-05-14T05:36:00.522+0000] {dag.py:2705} INFO - Sync 1 DAGs
[2023-05-14T05:36:00.542+0000] {logging_mixin.py:137} INFO - [2023-05-14T05:36:00.541+0000] {dag.py:3456} INFO - Setting next_dagrun for example_trigger_target_dag to None, run_after=None
[2023-05-14T05:36:00.553+0000] {processor.py:175} INFO - Processing /home/airflow/.local/lib/python3.7/site-packages/airflow/example_dags/example_trigger_target_dag.py took 0.084 seconds
[2023-05-14T05:36:30.711+0000] {processor.py:153} INFO - Started process (PID=5264) to work on /home/airflow/.local/lib/python3.7/site-packages/airflow/example_dags/example_trigger_target_dag.py
[2023-05-14T05:36:30.712+0000] {processor.py:743} INFO - Processing file /home/airflow/.local/lib/python3.7/site-packages/airflow/example_dags/example_trigger_target_dag.py for tasks to queue
[2023-05-14T05:36:30.714+0000] {logging_mixin.py:137} INFO - [2023-05-14T05:36:30.714+0000] {dagbag.py:532} INFO - Filling up the DagBag from /home/airflow/.local/lib/python3.7/site-packages/airflow/example_dags/example_trigger_target_dag.py
[2023-05-14T05:36:30.731+0000] {processor.py:753} INFO - DAG(s) dict_keys(['example_trigger_target_dag']) retrieved from /home/airflow/.local/lib/python3.7/site-packages/airflow/example_dags/example_trigger_target_dag.py
[2023-05-14T05:36:30.756+0000] {logging_mixin.py:137} INFO - [2023-05-14T05:36:30.756+0000] {dag.py:2705} INFO - Sync 1 DAGs
[2023-05-14T05:36:30.773+0000] {logging_mixin.py:137} INFO - [2023-05-14T05:36:30.773+0000] {dag.py:3456} INFO - Setting next_dagrun for example_trigger_target_dag to None, run_after=None
[2023-05-14T05:36:30.786+0000] {processor.py:175} INFO - Processing /home/airflow/.local/lib/python3.7/site-packages/airflow/example_dags/example_trigger_target_dag.py took 0.078 seconds
[2023-05-14T05:37:01.630+0000] {processor.py:153} INFO - Started process (PID=5487) to work on /home/airflow/.local/lib/python3.7/site-packages/airflow/example_dags/example_trigger_target_dag.py
[2023-05-14T05:37:01.632+0000] {processor.py:743} INFO - Processing file /home/airflow/.local/lib/python3.7/site-packages/airflow/example_dags/example_trigger_target_dag.py for tasks to queue
[2023-05-14T05:37:01.633+0000] {logging_mixin.py:137} INFO - [2023-05-14T05:37:01.633+0000] {dagbag.py:532} INFO - Filling up the DagBag from /home/airflow/.local/lib/python3.7/site-packages/airflow/example_dags/example_trigger_target_dag.py
[2023-05-14T05:37:01.651+0000] {processor.py:753} INFO - DAG(s) dict_keys(['example_trigger_target_dag']) retrieved from /home/airflow/.local/lib/python3.7/site-packages/airflow/example_dags/example_trigger_target_dag.py
[2023-05-14T05:37:01.676+0000] {logging_mixin.py:137} INFO - [2023-05-14T05:37:01.675+0000] {dag.py:2705} INFO - Sync 1 DAGs
[2023-05-14T05:37:01.693+0000] {logging_mixin.py:137} INFO - [2023-05-14T05:37:01.693+0000] {dag.py:3456} INFO - Setting next_dagrun for example_trigger_target_dag to None, run_after=None
[2023-05-14T05:37:01.705+0000] {processor.py:175} INFO - Processing /home/airflow/.local/lib/python3.7/site-packages/airflow/example_dags/example_trigger_target_dag.py took 0.078 seconds
[2023-05-14T05:37:31.869+0000] {processor.py:153} INFO - Started process (PID=5710) to work on /home/airflow/.local/lib/python3.7/site-packages/airflow/example_dags/example_trigger_target_dag.py
[2023-05-14T05:37:31.871+0000] {processor.py:743} INFO - Processing file /home/airflow/.local/lib/python3.7/site-packages/airflow/example_dags/example_trigger_target_dag.py for tasks to queue
[2023-05-14T05:37:31.872+0000] {logging_mixin.py:137} INFO - [2023-05-14T05:37:31.872+0000] {dagbag.py:532} INFO - Filling up the DagBag from /home/airflow/.local/lib/python3.7/site-packages/airflow/example_dags/example_trigger_target_dag.py
[2023-05-14T05:37:31.889+0000] {processor.py:753} INFO - DAG(s) dict_keys(['example_trigger_target_dag']) retrieved from /home/airflow/.local/lib/python3.7/site-packages/airflow/example_dags/example_trigger_target_dag.py
[2023-05-14T05:37:31.913+0000] {logging_mixin.py:137} INFO - [2023-05-14T05:37:31.913+0000] {dag.py:2705} INFO - Sync 1 DAGs
[2023-05-14T05:37:31.929+0000] {logging_mixin.py:137} INFO - [2023-05-14T05:37:31.929+0000] {dag.py:3456} INFO - Setting next_dagrun for example_trigger_target_dag to None, run_after=None
[2023-05-14T05:37:31.942+0000] {processor.py:175} INFO - Processing /home/airflow/.local/lib/python3.7/site-packages/airflow/example_dags/example_trigger_target_dag.py took 0.076 seconds
[2023-05-14T05:38:02.802+0000] {processor.py:153} INFO - Started process (PID=5939) to work on /home/airflow/.local/lib/python3.7/site-packages/airflow/example_dags/example_trigger_target_dag.py
[2023-05-14T05:38:02.804+0000] {processor.py:743} INFO - Processing file /home/airflow/.local/lib/python3.7/site-packages/airflow/example_dags/example_trigger_target_dag.py for tasks to queue
[2023-05-14T05:38:02.805+0000] {logging_mixin.py:137} INFO - [2023-05-14T05:38:02.805+0000] {dagbag.py:532} INFO - Filling up the DagBag from /home/airflow/.local/lib/python3.7/site-packages/airflow/example_dags/example_trigger_target_dag.py
[2023-05-14T05:38:02.839+0000] {processor.py:753} INFO - DAG(s) dict_keys(['example_trigger_target_dag']) retrieved from /home/airflow/.local/lib/python3.7/site-packages/airflow/example_dags/example_trigger_target_dag.py
[2023-05-14T05:38:02.874+0000] {logging_mixin.py:137} INFO - [2023-05-14T05:38:02.874+0000] {dag.py:2705} INFO - Sync 1 DAGs
[2023-05-14T05:38:02.893+0000] {logging_mixin.py:137} INFO - [2023-05-14T05:38:02.893+0000] {dag.py:3456} INFO - Setting next_dagrun for example_trigger_target_dag to None, run_after=None
[2023-05-14T05:38:02.910+0000] {processor.py:175} INFO - Processing /home/airflow/.local/lib/python3.7/site-packages/airflow/example_dags/example_trigger_target_dag.py took 0.112 seconds
[2023-05-14T05:38:33.118+0000] {processor.py:153} INFO - Started process (PID=6168) to work on /home/airflow/.local/lib/python3.7/site-packages/airflow/example_dags/example_trigger_target_dag.py
[2023-05-14T05:38:33.121+0000] {processor.py:743} INFO - Processing file /home/airflow/.local/lib/python3.7/site-packages/airflow/example_dags/example_trigger_target_dag.py for tasks to queue
[2023-05-14T05:38:33.123+0000] {logging_mixin.py:137} INFO - [2023-05-14T05:38:33.123+0000] {dagbag.py:532} INFO - Filling up the DagBag from /home/airflow/.local/lib/python3.7/site-packages/airflow/example_dags/example_trigger_target_dag.py
[2023-05-14T05:38:33.144+0000] {processor.py:753} INFO - DAG(s) dict_keys(['example_trigger_target_dag']) retrieved from /home/airflow/.local/lib/python3.7/site-packages/airflow/example_dags/example_trigger_target_dag.py
[2023-05-14T05:38:33.168+0000] {logging_mixin.py:137} INFO - [2023-05-14T05:38:33.168+0000] {dag.py:2705} INFO - Sync 1 DAGs
[2023-05-14T05:38:33.186+0000] {logging_mixin.py:137} INFO - [2023-05-14T05:38:33.186+0000] {dag.py:3456} INFO - Setting next_dagrun for example_trigger_target_dag to None, run_after=None
[2023-05-14T05:38:33.206+0000] {processor.py:175} INFO - Processing /home/airflow/.local/lib/python3.7/site-packages/airflow/example_dags/example_trigger_target_dag.py took 0.092 seconds
[2023-05-14T05:39:03.825+0000] {processor.py:153} INFO - Started process (PID=6398) to work on /home/airflow/.local/lib/python3.7/site-packages/airflow/example_dags/example_trigger_target_dag.py
[2023-05-14T05:39:03.846+0000] {processor.py:743} INFO - Processing file /home/airflow/.local/lib/python3.7/site-packages/airflow/example_dags/example_trigger_target_dag.py for tasks to queue
[2023-05-14T05:39:03.847+0000] {logging_mixin.py:137} INFO - [2023-05-14T05:39:03.847+0000] {dagbag.py:532} INFO - Filling up the DagBag from /home/airflow/.local/lib/python3.7/site-packages/airflow/example_dags/example_trigger_target_dag.py
[2023-05-14T05:39:03.863+0000] {processor.py:753} INFO - DAG(s) dict_keys(['example_trigger_target_dag']) retrieved from /home/airflow/.local/lib/python3.7/site-packages/airflow/example_dags/example_trigger_target_dag.py
[2023-05-14T05:39:03.884+0000] {logging_mixin.py:137} INFO - [2023-05-14T05:39:03.884+0000] {dag.py:2705} INFO - Sync 1 DAGs
[2023-05-14T05:39:03.902+0000] {logging_mixin.py:137} INFO - [2023-05-14T05:39:03.902+0000] {dag.py:3456} INFO - Setting next_dagrun for example_trigger_target_dag to None, run_after=None
[2023-05-14T05:39:03.914+0000] {processor.py:175} INFO - Processing /home/airflow/.local/lib/python3.7/site-packages/airflow/example_dags/example_trigger_target_dag.py took 0.093 seconds
[2023-05-14T05:39:34.241+0000] {processor.py:153} INFO - Started process (PID=6628) to work on /home/airflow/.local/lib/python3.7/site-packages/airflow/example_dags/example_trigger_target_dag.py
[2023-05-14T05:39:34.244+0000] {processor.py:743} INFO - Processing file /home/airflow/.local/lib/python3.7/site-packages/airflow/example_dags/example_trigger_target_dag.py for tasks to queue
[2023-05-14T05:39:34.246+0000] {logging_mixin.py:137} INFO - [2023-05-14T05:39:34.245+0000] {dagbag.py:532} INFO - Filling up the DagBag from /home/airflow/.local/lib/python3.7/site-packages/airflow/example_dags/example_trigger_target_dag.py
[2023-05-14T05:39:34.265+0000] {processor.py:753} INFO - DAG(s) dict_keys(['example_trigger_target_dag']) retrieved from /home/airflow/.local/lib/python3.7/site-packages/airflow/example_dags/example_trigger_target_dag.py
[2023-05-14T05:39:34.302+0000] {logging_mixin.py:137} INFO - [2023-05-14T05:39:34.301+0000] {dag.py:2705} INFO - Sync 1 DAGs
[2023-05-14T05:39:34.329+0000] {logging_mixin.py:137} INFO - [2023-05-14T05:39:34.329+0000] {dag.py:3456} INFO - Setting next_dagrun for example_trigger_target_dag to None, run_after=None
[2023-05-14T05:39:34.358+0000] {processor.py:175} INFO - Processing /home/airflow/.local/lib/python3.7/site-packages/airflow/example_dags/example_trigger_target_dag.py took 0.121 seconds
[2023-05-14T05:40:04.755+0000] {processor.py:153} INFO - Started process (PID=6871) to work on /home/airflow/.local/lib/python3.7/site-packages/airflow/example_dags/example_trigger_target_dag.py
[2023-05-14T05:40:04.757+0000] {processor.py:743} INFO - Processing file /home/airflow/.local/lib/python3.7/site-packages/airflow/example_dags/example_trigger_target_dag.py for tasks to queue
[2023-05-14T05:40:04.760+0000] {logging_mixin.py:137} INFO - [2023-05-14T05:40:04.760+0000] {dagbag.py:532} INFO - Filling up the DagBag from /home/airflow/.local/lib/python3.7/site-packages/airflow/example_dags/example_trigger_target_dag.py
[2023-05-14T05:40:04.782+0000] {processor.py:753} INFO - DAG(s) dict_keys(['example_trigger_target_dag']) retrieved from /home/airflow/.local/lib/python3.7/site-packages/airflow/example_dags/example_trigger_target_dag.py
[2023-05-14T05:40:04.804+0000] {logging_mixin.py:137} INFO - [2023-05-14T05:40:04.804+0000] {dag.py:2705} INFO - Sync 1 DAGs
[2023-05-14T05:40:04.821+0000] {logging_mixin.py:137} INFO - [2023-05-14T05:40:04.821+0000] {dag.py:3456} INFO - Setting next_dagrun for example_trigger_target_dag to None, run_after=None
[2023-05-14T05:40:04.834+0000] {processor.py:175} INFO - Processing /home/airflow/.local/lib/python3.7/site-packages/airflow/example_dags/example_trigger_target_dag.py took 0.083 seconds
[2023-05-14T05:40:35.457+0000] {processor.py:153} INFO - Started process (PID=7094) to work on /home/airflow/.local/lib/python3.7/site-packages/airflow/example_dags/example_trigger_target_dag.py
[2023-05-14T05:40:35.459+0000] {processor.py:743} INFO - Processing file /home/airflow/.local/lib/python3.7/site-packages/airflow/example_dags/example_trigger_target_dag.py for tasks to queue
[2023-05-14T05:40:35.461+0000] {logging_mixin.py:137} INFO - [2023-05-14T05:40:35.461+0000] {dagbag.py:532} INFO - Filling up the DagBag from /home/airflow/.local/lib/python3.7/site-packages/airflow/example_dags/example_trigger_target_dag.py
[2023-05-14T05:40:35.488+0000] {processor.py:753} INFO - DAG(s) dict_keys(['example_trigger_target_dag']) retrieved from /home/airflow/.local/lib/python3.7/site-packages/airflow/example_dags/example_trigger_target_dag.py
[2023-05-14T05:40:35.530+0000] {logging_mixin.py:137} INFO - [2023-05-14T05:40:35.530+0000] {dag.py:2705} INFO - Sync 1 DAGs
[2023-05-14T05:40:35.552+0000] {logging_mixin.py:137} INFO - [2023-05-14T05:40:35.552+0000] {dag.py:3456} INFO - Setting next_dagrun for example_trigger_target_dag to None, run_after=None
[2023-05-14T05:40:35.566+0000] {processor.py:175} INFO - Processing /home/airflow/.local/lib/python3.7/site-packages/airflow/example_dags/example_trigger_target_dag.py took 0.115 seconds
[2023-05-14T05:41:05.874+0000] {processor.py:153} INFO - Started process (PID=7325) to work on /home/airflow/.local/lib/python3.7/site-packages/airflow/example_dags/example_trigger_target_dag.py
[2023-05-14T05:41:05.875+0000] {processor.py:743} INFO - Processing file /home/airflow/.local/lib/python3.7/site-packages/airflow/example_dags/example_trigger_target_dag.py for tasks to queue
[2023-05-14T05:41:05.877+0000] {logging_mixin.py:137} INFO - [2023-05-14T05:41:05.877+0000] {dagbag.py:532} INFO - Filling up the DagBag from /home/airflow/.local/lib/python3.7/site-packages/airflow/example_dags/example_trigger_target_dag.py
[2023-05-14T05:41:05.893+0000] {processor.py:753} INFO - DAG(s) dict_keys(['example_trigger_target_dag']) retrieved from /home/airflow/.local/lib/python3.7/site-packages/airflow/example_dags/example_trigger_target_dag.py
[2023-05-14T05:41:05.916+0000] {logging_mixin.py:137} INFO - [2023-05-14T05:41:05.916+0000] {dag.py:2705} INFO - Sync 1 DAGs
[2023-05-14T05:41:05.934+0000] {logging_mixin.py:137} INFO - [2023-05-14T05:41:05.933+0000] {dag.py:3456} INFO - Setting next_dagrun for example_trigger_target_dag to None, run_after=None
[2023-05-14T05:41:05.946+0000] {processor.py:175} INFO - Processing /home/airflow/.local/lib/python3.7/site-packages/airflow/example_dags/example_trigger_target_dag.py took 0.076 seconds
[2023-05-14T05:41:36.194+0000] {processor.py:153} INFO - Started process (PID=7549) to work on /home/airflow/.local/lib/python3.7/site-packages/airflow/example_dags/example_trigger_target_dag.py
[2023-05-14T05:41:36.196+0000] {processor.py:743} INFO - Processing file /home/airflow/.local/lib/python3.7/site-packages/airflow/example_dags/example_trigger_target_dag.py for tasks to queue
[2023-05-14T05:41:36.198+0000] {logging_mixin.py:137} INFO - [2023-05-14T05:41:36.198+0000] {dagbag.py:532} INFO - Filling up the DagBag from /home/airflow/.local/lib/python3.7/site-packages/airflow/example_dags/example_trigger_target_dag.py
[2023-05-14T05:41:36.217+0000] {processor.py:753} INFO - DAG(s) dict_keys(['example_trigger_target_dag']) retrieved from /home/airflow/.local/lib/python3.7/site-packages/airflow/example_dags/example_trigger_target_dag.py
[2023-05-14T05:41:36.241+0000] {logging_mixin.py:137} INFO - [2023-05-14T05:41:36.240+0000] {dag.py:2705} INFO - Sync 1 DAGs
[2023-05-14T05:41:36.274+0000] {logging_mixin.py:137} INFO - [2023-05-14T05:41:36.274+0000] {dag.py:3456} INFO - Setting next_dagrun for example_trigger_target_dag to None, run_after=None
[2023-05-14T05:41:36.288+0000] {processor.py:175} INFO - Processing /home/airflow/.local/lib/python3.7/site-packages/airflow/example_dags/example_trigger_target_dag.py took 0.100 seconds
[2023-05-14T05:42:06.575+0000] {processor.py:153} INFO - Started process (PID=7778) to work on /home/airflow/.local/lib/python3.7/site-packages/airflow/example_dags/example_trigger_target_dag.py
[2023-05-14T05:42:06.577+0000] {processor.py:743} INFO - Processing file /home/airflow/.local/lib/python3.7/site-packages/airflow/example_dags/example_trigger_target_dag.py for tasks to queue
[2023-05-14T05:42:06.579+0000] {logging_mixin.py:137} INFO - [2023-05-14T05:42:06.579+0000] {dagbag.py:532} INFO - Filling up the DagBag from /home/airflow/.local/lib/python3.7/site-packages/airflow/example_dags/example_trigger_target_dag.py
[2023-05-14T05:42:06.606+0000] {processor.py:753} INFO - DAG(s) dict_keys(['example_trigger_target_dag']) retrieved from /home/airflow/.local/lib/python3.7/site-packages/airflow/example_dags/example_trigger_target_dag.py
[2023-05-14T05:42:06.643+0000] {logging_mixin.py:137} INFO - [2023-05-14T05:42:06.643+0000] {dag.py:2705} INFO - Sync 1 DAGs
[2023-05-14T05:42:06.682+0000] {logging_mixin.py:137} INFO - [2023-05-14T05:42:06.682+0000] {dag.py:3456} INFO - Setting next_dagrun for example_trigger_target_dag to None, run_after=None
[2023-05-14T05:42:06.698+0000] {processor.py:175} INFO - Processing /home/airflow/.local/lib/python3.7/site-packages/airflow/example_dags/example_trigger_target_dag.py took 0.128 seconds
[2023-05-14T05:42:37.335+0000] {processor.py:153} INFO - Started process (PID=8001) to work on /home/airflow/.local/lib/python3.7/site-packages/airflow/example_dags/example_trigger_target_dag.py
[2023-05-14T05:42:37.338+0000] {processor.py:743} INFO - Processing file /home/airflow/.local/lib/python3.7/site-packages/airflow/example_dags/example_trigger_target_dag.py for tasks to queue
[2023-05-14T05:42:37.340+0000] {logging_mixin.py:137} INFO - [2023-05-14T05:42:37.339+0000] {dagbag.py:532} INFO - Filling up the DagBag from /home/airflow/.local/lib/python3.7/site-packages/airflow/example_dags/example_trigger_target_dag.py
[2023-05-14T05:42:37.363+0000] {processor.py:753} INFO - DAG(s) dict_keys(['example_trigger_target_dag']) retrieved from /home/airflow/.local/lib/python3.7/site-packages/airflow/example_dags/example_trigger_target_dag.py
[2023-05-14T05:42:37.402+0000] {logging_mixin.py:137} INFO - [2023-05-14T05:42:37.402+0000] {dag.py:2705} INFO - Sync 1 DAGs
[2023-05-14T05:42:37.428+0000] {logging_mixin.py:137} INFO - [2023-05-14T05:42:37.428+0000] {dag.py:3456} INFO - Setting next_dagrun for example_trigger_target_dag to None, run_after=None
[2023-05-14T05:42:37.442+0000] {processor.py:175} INFO - Processing /home/airflow/.local/lib/python3.7/site-packages/airflow/example_dags/example_trigger_target_dag.py took 0.113 seconds
[2023-05-14T05:43:07.950+0000] {processor.py:153} INFO - Started process (PID=8232) to work on /home/airflow/.local/lib/python3.7/site-packages/airflow/example_dags/example_trigger_target_dag.py
[2023-05-14T05:43:07.953+0000] {processor.py:743} INFO - Processing file /home/airflow/.local/lib/python3.7/site-packages/airflow/example_dags/example_trigger_target_dag.py for tasks to queue
[2023-05-14T05:43:07.956+0000] {logging_mixin.py:137} INFO - [2023-05-14T05:43:07.956+0000] {dagbag.py:532} INFO - Filling up the DagBag from /home/airflow/.local/lib/python3.7/site-packages/airflow/example_dags/example_trigger_target_dag.py
[2023-05-14T05:43:07.981+0000] {processor.py:753} INFO - DAG(s) dict_keys(['example_trigger_target_dag']) retrieved from /home/airflow/.local/lib/python3.7/site-packages/airflow/example_dags/example_trigger_target_dag.py
[2023-05-14T05:43:08.008+0000] {logging_mixin.py:137} INFO - [2023-05-14T05:43:08.008+0000] {dag.py:2705} INFO - Sync 1 DAGs
[2023-05-14T05:43:08.031+0000] {logging_mixin.py:137} INFO - [2023-05-14T05:43:08.031+0000] {dag.py:3456} INFO - Setting next_dagrun for example_trigger_target_dag to None, run_after=None
[2023-05-14T05:43:08.048+0000] {processor.py:175} INFO - Processing /home/airflow/.local/lib/python3.7/site-packages/airflow/example_dags/example_trigger_target_dag.py took 0.103 seconds
[2023-05-14T05:43:38.289+0000] {processor.py:153} INFO - Started process (PID=8458) to work on /home/airflow/.local/lib/python3.7/site-packages/airflow/example_dags/example_trigger_target_dag.py
[2023-05-14T05:43:38.291+0000] {processor.py:743} INFO - Processing file /home/airflow/.local/lib/python3.7/site-packages/airflow/example_dags/example_trigger_target_dag.py for tasks to queue
[2023-05-14T05:43:38.293+0000] {logging_mixin.py:137} INFO - [2023-05-14T05:43:38.292+0000] {dagbag.py:532} INFO - Filling up the DagBag from /home/airflow/.local/lib/python3.7/site-packages/airflow/example_dags/example_trigger_target_dag.py
[2023-05-14T05:43:38.311+0000] {processor.py:753} INFO - DAG(s) dict_keys(['example_trigger_target_dag']) retrieved from /home/airflow/.local/lib/python3.7/site-packages/airflow/example_dags/example_trigger_target_dag.py
[2023-05-14T05:43:38.335+0000] {logging_mixin.py:137} INFO - [2023-05-14T05:43:38.335+0000] {dag.py:2705} INFO - Sync 1 DAGs
[2023-05-14T05:43:38.352+0000] {logging_mixin.py:137} INFO - [2023-05-14T05:43:38.352+0000] {dag.py:3456} INFO - Setting next_dagrun for example_trigger_target_dag to None, run_after=None
[2023-05-14T05:43:38.366+0000] {processor.py:175} INFO - Processing /home/airflow/.local/lib/python3.7/site-packages/airflow/example_dags/example_trigger_target_dag.py took 0.081 seconds
[2023-05-14T05:44:08.470+0000] {processor.py:153} INFO - Started process (PID=8687) to work on /home/airflow/.local/lib/python3.7/site-packages/airflow/example_dags/example_trigger_target_dag.py
[2023-05-14T05:44:08.472+0000] {processor.py:743} INFO - Processing file /home/airflow/.local/lib/python3.7/site-packages/airflow/example_dags/example_trigger_target_dag.py for tasks to queue
[2023-05-14T05:44:08.474+0000] {logging_mixin.py:137} INFO - [2023-05-14T05:44:08.474+0000] {dagbag.py:532} INFO - Filling up the DagBag from /home/airflow/.local/lib/python3.7/site-packages/airflow/example_dags/example_trigger_target_dag.py
[2023-05-14T05:44:08.503+0000] {processor.py:753} INFO - DAG(s) dict_keys(['example_trigger_target_dag']) retrieved from /home/airflow/.local/lib/python3.7/site-packages/airflow/example_dags/example_trigger_target_dag.py
[2023-05-14T05:44:08.535+0000] {logging_mixin.py:137} INFO - [2023-05-14T05:44:08.534+0000] {dag.py:2705} INFO - Sync 1 DAGs
[2023-05-14T05:44:08.556+0000] {logging_mixin.py:137} INFO - [2023-05-14T05:44:08.556+0000] {dag.py:3456} INFO - Setting next_dagrun for example_trigger_target_dag to None, run_after=None
[2023-05-14T05:44:08.570+0000] {processor.py:175} INFO - Processing /home/airflow/.local/lib/python3.7/site-packages/airflow/example_dags/example_trigger_target_dag.py took 0.106 seconds
[2023-05-14T05:44:38.694+0000] {processor.py:153} INFO - Started process (PID=8918) to work on /home/airflow/.local/lib/python3.7/site-packages/airflow/example_dags/example_trigger_target_dag.py
[2023-05-14T05:44:38.696+0000] {processor.py:743} INFO - Processing file /home/airflow/.local/lib/python3.7/site-packages/airflow/example_dags/example_trigger_target_dag.py for tasks to queue
[2023-05-14T05:44:38.697+0000] {logging_mixin.py:137} INFO - [2023-05-14T05:44:38.697+0000] {dagbag.py:532} INFO - Filling up the DagBag from /home/airflow/.local/lib/python3.7/site-packages/airflow/example_dags/example_trigger_target_dag.py
[2023-05-14T05:44:38.723+0000] {processor.py:753} INFO - DAG(s) dict_keys(['example_trigger_target_dag']) retrieved from /home/airflow/.local/lib/python3.7/site-packages/airflow/example_dags/example_trigger_target_dag.py
[2023-05-14T05:44:38.751+0000] {logging_mixin.py:137} INFO - [2023-05-14T05:44:38.751+0000] {dag.py:2705} INFO - Sync 1 DAGs
[2023-05-14T05:44:38.803+0000] {logging_mixin.py:137} INFO - [2023-05-14T05:44:38.803+0000] {dag.py:3456} INFO - Setting next_dagrun for example_trigger_target_dag to None, run_after=None
[2023-05-14T05:44:38.843+0000] {processor.py:175} INFO - Processing /home/airflow/.local/lib/python3.7/site-packages/airflow/example_dags/example_trigger_target_dag.py took 0.153 seconds
[2023-05-14T05:45:08.973+0000] {processor.py:153} INFO - Started process (PID=9142) to work on /home/airflow/.local/lib/python3.7/site-packages/airflow/example_dags/example_trigger_target_dag.py
[2023-05-14T05:45:08.975+0000] {processor.py:743} INFO - Processing file /home/airflow/.local/lib/python3.7/site-packages/airflow/example_dags/example_trigger_target_dag.py for tasks to queue
[2023-05-14T05:45:08.977+0000] {logging_mixin.py:137} INFO - [2023-05-14T05:45:08.977+0000] {dagbag.py:532} INFO - Filling up the DagBag from /home/airflow/.local/lib/python3.7/site-packages/airflow/example_dags/example_trigger_target_dag.py
[2023-05-14T05:45:09.013+0000] {processor.py:753} INFO - DAG(s) dict_keys(['example_trigger_target_dag']) retrieved from /home/airflow/.local/lib/python3.7/site-packages/airflow/example_dags/example_trigger_target_dag.py
[2023-05-14T05:45:09.062+0000] {logging_mixin.py:137} INFO - [2023-05-14T05:45:09.061+0000] {dag.py:2705} INFO - Sync 1 DAGs
[2023-05-14T05:45:09.082+0000] {logging_mixin.py:137} INFO - [2023-05-14T05:45:09.082+0000] {dag.py:3456} INFO - Setting next_dagrun for example_trigger_target_dag to None, run_after=None
[2023-05-14T05:45:09.097+0000] {processor.py:175} INFO - Processing /home/airflow/.local/lib/python3.7/site-packages/airflow/example_dags/example_trigger_target_dag.py took 0.128 seconds
[2023-05-14T05:45:39.308+0000] {processor.py:153} INFO - Started process (PID=9383) to work on /home/airflow/.local/lib/python3.7/site-packages/airflow/example_dags/example_trigger_target_dag.py
[2023-05-14T05:45:39.312+0000] {processor.py:743} INFO - Processing file /home/airflow/.local/lib/python3.7/site-packages/airflow/example_dags/example_trigger_target_dag.py for tasks to queue
[2023-05-14T05:45:39.314+0000] {logging_mixin.py:137} INFO - [2023-05-14T05:45:39.314+0000] {dagbag.py:532} INFO - Filling up the DagBag from /home/airflow/.local/lib/python3.7/site-packages/airflow/example_dags/example_trigger_target_dag.py
[2023-05-14T05:45:39.350+0000] {processor.py:753} INFO - DAG(s) dict_keys(['example_trigger_target_dag']) retrieved from /home/airflow/.local/lib/python3.7/site-packages/airflow/example_dags/example_trigger_target_dag.py
[2023-05-14T05:45:39.381+0000] {logging_mixin.py:137} INFO - [2023-05-14T05:45:39.381+0000] {dag.py:2705} INFO - Sync 1 DAGs
[2023-05-14T05:45:39.410+0000] {logging_mixin.py:137} INFO - [2023-05-14T05:45:39.410+0000] {dag.py:3456} INFO - Setting next_dagrun for example_trigger_target_dag to None, run_after=None
[2023-05-14T05:45:39.423+0000] {processor.py:175} INFO - Processing /home/airflow/.local/lib/python3.7/site-packages/airflow/example_dags/example_trigger_target_dag.py took 0.122 seconds
[2023-05-14T05:46:09.525+0000] {processor.py:153} INFO - Started process (PID=9612) to work on /home/airflow/.local/lib/python3.7/site-packages/airflow/example_dags/example_trigger_target_dag.py
[2023-05-14T05:46:09.527+0000] {processor.py:743} INFO - Processing file /home/airflow/.local/lib/python3.7/site-packages/airflow/example_dags/example_trigger_target_dag.py for tasks to queue
[2023-05-14T05:46:09.529+0000] {logging_mixin.py:137} INFO - [2023-05-14T05:46:09.529+0000] {dagbag.py:532} INFO - Filling up the DagBag from /home/airflow/.local/lib/python3.7/site-packages/airflow/example_dags/example_trigger_target_dag.py
[2023-05-14T05:46:09.557+0000] {processor.py:753} INFO - DAG(s) dict_keys(['example_trigger_target_dag']) retrieved from /home/airflow/.local/lib/python3.7/site-packages/airflow/example_dags/example_trigger_target_dag.py
[2023-05-14T05:46:09.584+0000] {logging_mixin.py:137} INFO - [2023-05-14T05:46:09.584+0000] {dag.py:2705} INFO - Sync 1 DAGs
[2023-05-14T05:46:09.603+0000] {logging_mixin.py:137} INFO - [2023-05-14T05:46:09.603+0000] {dag.py:3456} INFO - Setting next_dagrun for example_trigger_target_dag to None, run_after=None
[2023-05-14T05:46:09.617+0000] {processor.py:175} INFO - Processing /home/airflow/.local/lib/python3.7/site-packages/airflow/example_dags/example_trigger_target_dag.py took 0.098 seconds
[2023-05-14T05:46:39.776+0000] {processor.py:153} INFO - Started process (PID=9837) to work on /home/airflow/.local/lib/python3.7/site-packages/airflow/example_dags/example_trigger_target_dag.py
[2023-05-14T05:46:39.779+0000] {processor.py:743} INFO - Processing file /home/airflow/.local/lib/python3.7/site-packages/airflow/example_dags/example_trigger_target_dag.py for tasks to queue
[2023-05-14T05:46:39.780+0000] {logging_mixin.py:137} INFO - [2023-05-14T05:46:39.780+0000] {dagbag.py:532} INFO - Filling up the DagBag from /home/airflow/.local/lib/python3.7/site-packages/airflow/example_dags/example_trigger_target_dag.py
[2023-05-14T05:46:39.797+0000] {processor.py:753} INFO - DAG(s) dict_keys(['example_trigger_target_dag']) retrieved from /home/airflow/.local/lib/python3.7/site-packages/airflow/example_dags/example_trigger_target_dag.py
[2023-05-14T05:46:39.819+0000] {logging_mixin.py:137} INFO - [2023-05-14T05:46:39.819+0000] {dag.py:2705} INFO - Sync 1 DAGs
[2023-05-14T05:46:39.836+0000] {logging_mixin.py:137} INFO - [2023-05-14T05:46:39.835+0000] {dag.py:3456} INFO - Setting next_dagrun for example_trigger_target_dag to None, run_after=None
[2023-05-14T05:46:39.851+0000] {processor.py:175} INFO - Processing /home/airflow/.local/lib/python3.7/site-packages/airflow/example_dags/example_trigger_target_dag.py took 0.078 seconds
[2023-05-14T05:47:10.029+0000] {processor.py:153} INFO - Started process (PID=10060) to work on /home/airflow/.local/lib/python3.7/site-packages/airflow/example_dags/example_trigger_target_dag.py
[2023-05-14T05:47:10.031+0000] {processor.py:743} INFO - Processing file /home/airflow/.local/lib/python3.7/site-packages/airflow/example_dags/example_trigger_target_dag.py for tasks to queue
[2023-05-14T05:47:10.032+0000] {logging_mixin.py:137} INFO - [2023-05-14T05:47:10.032+0000] {dagbag.py:532} INFO - Filling up the DagBag from /home/airflow/.local/lib/python3.7/site-packages/airflow/example_dags/example_trigger_target_dag.py
[2023-05-14T05:47:10.057+0000] {processor.py:753} INFO - DAG(s) dict_keys(['example_trigger_target_dag']) retrieved from /home/airflow/.local/lib/python3.7/site-packages/airflow/example_dags/example_trigger_target_dag.py
[2023-05-14T05:47:10.087+0000] {logging_mixin.py:137} INFO - [2023-05-14T05:47:10.086+0000] {dag.py:2705} INFO - Sync 1 DAGs
[2023-05-14T05:47:10.107+0000] {logging_mixin.py:137} INFO - [2023-05-14T05:47:10.107+0000] {dag.py:3456} INFO - Setting next_dagrun for example_trigger_target_dag to None, run_after=None
[2023-05-14T05:47:10.121+0000] {processor.py:175} INFO - Processing /home/airflow/.local/lib/python3.7/site-packages/airflow/example_dags/example_trigger_target_dag.py took 0.096 seconds
[2023-05-14T05:47:40.352+0000] {processor.py:153} INFO - Started process (PID=10284) to work on /home/airflow/.local/lib/python3.7/site-packages/airflow/example_dags/example_trigger_target_dag.py
[2023-05-14T05:47:40.355+0000] {processor.py:743} INFO - Processing file /home/airflow/.local/lib/python3.7/site-packages/airflow/example_dags/example_trigger_target_dag.py for tasks to queue
[2023-05-14T05:47:40.374+0000] {logging_mixin.py:137} INFO - [2023-05-14T05:47:40.374+0000] {dagbag.py:532} INFO - Filling up the DagBag from /home/airflow/.local/lib/python3.7/site-packages/airflow/example_dags/example_trigger_target_dag.py
[2023-05-14T05:47:40.389+0000] {processor.py:753} INFO - DAG(s) dict_keys(['example_trigger_target_dag']) retrieved from /home/airflow/.local/lib/python3.7/site-packages/airflow/example_dags/example_trigger_target_dag.py
[2023-05-14T05:47:40.412+0000] {logging_mixin.py:137} INFO - [2023-05-14T05:47:40.412+0000] {dag.py:2705} INFO - Sync 1 DAGs
[2023-05-14T05:47:40.429+0000] {logging_mixin.py:137} INFO - [2023-05-14T05:47:40.429+0000] {dag.py:3456} INFO - Setting next_dagrun for example_trigger_target_dag to None, run_after=None
[2023-05-14T05:47:40.441+0000] {processor.py:175} INFO - Processing /home/airflow/.local/lib/python3.7/site-packages/airflow/example_dags/example_trigger_target_dag.py took 0.094 seconds
[2023-05-14T05:48:10.814+0000] {processor.py:153} INFO - Started process (PID=10508) to work on /home/airflow/.local/lib/python3.7/site-packages/airflow/example_dags/example_trigger_target_dag.py
[2023-05-14T05:48:10.816+0000] {processor.py:743} INFO - Processing file /home/airflow/.local/lib/python3.7/site-packages/airflow/example_dags/example_trigger_target_dag.py for tasks to queue
[2023-05-14T05:48:10.817+0000] {logging_mixin.py:137} INFO - [2023-05-14T05:48:10.817+0000] {dagbag.py:532} INFO - Filling up the DagBag from /home/airflow/.local/lib/python3.7/site-packages/airflow/example_dags/example_trigger_target_dag.py
[2023-05-14T05:48:10.836+0000] {processor.py:753} INFO - DAG(s) dict_keys(['example_trigger_target_dag']) retrieved from /home/airflow/.local/lib/python3.7/site-packages/airflow/example_dags/example_trigger_target_dag.py
[2023-05-14T05:48:10.862+0000] {logging_mixin.py:137} INFO - [2023-05-14T05:48:10.862+0000] {dag.py:2705} INFO - Sync 1 DAGs
[2023-05-14T05:48:10.881+0000] {logging_mixin.py:137} INFO - [2023-05-14T05:48:10.881+0000] {dag.py:3456} INFO - Setting next_dagrun for example_trigger_target_dag to None, run_after=None
[2023-05-14T05:48:10.895+0000] {processor.py:175} INFO - Processing /home/airflow/.local/lib/python3.7/site-packages/airflow/example_dags/example_trigger_target_dag.py took 0.085 seconds
[2023-05-14T05:48:41.173+0000] {processor.py:153} INFO - Started process (PID=10732) to work on /home/airflow/.local/lib/python3.7/site-packages/airflow/example_dags/example_trigger_target_dag.py
[2023-05-14T05:48:41.176+0000] {processor.py:743} INFO - Processing file /home/airflow/.local/lib/python3.7/site-packages/airflow/example_dags/example_trigger_target_dag.py for tasks to queue
[2023-05-14T05:48:41.178+0000] {logging_mixin.py:137} INFO - [2023-05-14T05:48:41.178+0000] {dagbag.py:532} INFO - Filling up the DagBag from /home/airflow/.local/lib/python3.7/site-packages/airflow/example_dags/example_trigger_target_dag.py
[2023-05-14T05:48:41.215+0000] {processor.py:753} INFO - DAG(s) dict_keys(['example_trigger_target_dag']) retrieved from /home/airflow/.local/lib/python3.7/site-packages/airflow/example_dags/example_trigger_target_dag.py
[2023-05-14T05:48:41.259+0000] {logging_mixin.py:137} INFO - [2023-05-14T05:48:41.259+0000] {dag.py:2705} INFO - Sync 1 DAGs
[2023-05-14T05:48:41.278+0000] {logging_mixin.py:137} INFO - [2023-05-14T05:48:41.278+0000] {dag.py:3456} INFO - Setting next_dagrun for example_trigger_target_dag to None, run_after=None
[2023-05-14T05:48:41.291+0000] {processor.py:175} INFO - Processing /home/airflow/.local/lib/python3.7/site-packages/airflow/example_dags/example_trigger_target_dag.py took 0.124 seconds
[2023-05-14T05:49:11.478+0000] {processor.py:153} INFO - Started process (PID=10956) to work on /home/airflow/.local/lib/python3.7/site-packages/airflow/example_dags/example_trigger_target_dag.py
[2023-05-14T05:49:11.481+0000] {processor.py:743} INFO - Processing file /home/airflow/.local/lib/python3.7/site-packages/airflow/example_dags/example_trigger_target_dag.py for tasks to queue
[2023-05-14T05:49:11.483+0000] {logging_mixin.py:137} INFO - [2023-05-14T05:49:11.483+0000] {dagbag.py:532} INFO - Filling up the DagBag from /home/airflow/.local/lib/python3.7/site-packages/airflow/example_dags/example_trigger_target_dag.py
[2023-05-14T05:49:11.506+0000] {processor.py:753} INFO - DAG(s) dict_keys(['example_trigger_target_dag']) retrieved from /home/airflow/.local/lib/python3.7/site-packages/airflow/example_dags/example_trigger_target_dag.py
[2023-05-14T05:49:11.534+0000] {logging_mixin.py:137} INFO - [2023-05-14T05:49:11.533+0000] {dag.py:2705} INFO - Sync 1 DAGs
[2023-05-14T05:49:11.554+0000] {logging_mixin.py:137} INFO - [2023-05-14T05:49:11.554+0000] {dag.py:3456} INFO - Setting next_dagrun for example_trigger_target_dag to None, run_after=None
[2023-05-14T05:49:11.568+0000] {processor.py:175} INFO - Processing /home/airflow/.local/lib/python3.7/site-packages/airflow/example_dags/example_trigger_target_dag.py took 0.095 seconds
[2023-05-14T05:49:41.815+0000] {processor.py:153} INFO - Started process (PID=11182) to work on /home/airflow/.local/lib/python3.7/site-packages/airflow/example_dags/example_trigger_target_dag.py
[2023-05-14T05:49:41.818+0000] {processor.py:743} INFO - Processing file /home/airflow/.local/lib/python3.7/site-packages/airflow/example_dags/example_trigger_target_dag.py for tasks to queue
[2023-05-14T05:49:41.819+0000] {logging_mixin.py:137} INFO - [2023-05-14T05:49:41.819+0000] {dagbag.py:532} INFO - Filling up the DagBag from /home/airflow/.local/lib/python3.7/site-packages/airflow/example_dags/example_trigger_target_dag.py
[2023-05-14T05:49:41.840+0000] {processor.py:753} INFO - DAG(s) dict_keys(['example_trigger_target_dag']) retrieved from /home/airflow/.local/lib/python3.7/site-packages/airflow/example_dags/example_trigger_target_dag.py
[2023-05-14T05:49:41.862+0000] {logging_mixin.py:137} INFO - [2023-05-14T05:49:41.862+0000] {dag.py:2705} INFO - Sync 1 DAGs
[2023-05-14T05:49:41.880+0000] {logging_mixin.py:137} INFO - [2023-05-14T05:49:41.880+0000] {dag.py:3456} INFO - Setting next_dagrun for example_trigger_target_dag to None, run_after=None
[2023-05-14T05:49:41.892+0000] {processor.py:175} INFO - Processing /home/airflow/.local/lib/python3.7/site-packages/airflow/example_dags/example_trigger_target_dag.py took 0.082 seconds
[2023-05-14T05:50:12.024+0000] {processor.py:153} INFO - Started process (PID=11406) to work on /home/airflow/.local/lib/python3.7/site-packages/airflow/example_dags/example_trigger_target_dag.py
[2023-05-14T05:50:12.026+0000] {processor.py:743} INFO - Processing file /home/airflow/.local/lib/python3.7/site-packages/airflow/example_dags/example_trigger_target_dag.py for tasks to queue
[2023-05-14T05:50:12.027+0000] {logging_mixin.py:137} INFO - [2023-05-14T05:50:12.027+0000] {dagbag.py:532} INFO - Filling up the DagBag from /home/airflow/.local/lib/python3.7/site-packages/airflow/example_dags/example_trigger_target_dag.py
[2023-05-14T05:50:12.045+0000] {processor.py:753} INFO - DAG(s) dict_keys(['example_trigger_target_dag']) retrieved from /home/airflow/.local/lib/python3.7/site-packages/airflow/example_dags/example_trigger_target_dag.py
[2023-05-14T05:50:12.067+0000] {logging_mixin.py:137} INFO - [2023-05-14T05:50:12.066+0000] {dag.py:2705} INFO - Sync 1 DAGs
[2023-05-14T05:50:12.087+0000] {logging_mixin.py:137} INFO - [2023-05-14T05:50:12.086+0000] {dag.py:3456} INFO - Setting next_dagrun for example_trigger_target_dag to None, run_after=None
[2023-05-14T05:50:12.099+0000] {processor.py:175} INFO - Processing /home/airflow/.local/lib/python3.7/site-packages/airflow/example_dags/example_trigger_target_dag.py took 0.080 seconds
[2023-05-14T05:50:42.450+0000] {processor.py:153} INFO - Started process (PID=11630) to work on /home/airflow/.local/lib/python3.7/site-packages/airflow/example_dags/example_trigger_target_dag.py
[2023-05-14T05:50:42.456+0000] {processor.py:743} INFO - Processing file /home/airflow/.local/lib/python3.7/site-packages/airflow/example_dags/example_trigger_target_dag.py for tasks to queue
[2023-05-14T05:50:42.458+0000] {logging_mixin.py:137} INFO - [2023-05-14T05:50:42.458+0000] {dagbag.py:532} INFO - Filling up the DagBag from /home/airflow/.local/lib/python3.7/site-packages/airflow/example_dags/example_trigger_target_dag.py
[2023-05-14T05:50:42.483+0000] {processor.py:753} INFO - DAG(s) dict_keys(['example_trigger_target_dag']) retrieved from /home/airflow/.local/lib/python3.7/site-packages/airflow/example_dags/example_trigger_target_dag.py
[2023-05-14T05:50:42.506+0000] {logging_mixin.py:137} INFO - [2023-05-14T05:50:42.505+0000] {dag.py:2705} INFO - Sync 1 DAGs
[2023-05-14T05:50:42.524+0000] {logging_mixin.py:137} INFO - [2023-05-14T05:50:42.524+0000] {dag.py:3456} INFO - Setting next_dagrun for example_trigger_target_dag to None, run_after=None
[2023-05-14T05:50:42.540+0000] {processor.py:175} INFO - Processing /home/airflow/.local/lib/python3.7/site-packages/airflow/example_dags/example_trigger_target_dag.py took 0.095 seconds
[2023-05-14T05:51:12.780+0000] {processor.py:153} INFO - Started process (PID=11854) to work on /home/airflow/.local/lib/python3.7/site-packages/airflow/example_dags/example_trigger_target_dag.py
[2023-05-14T05:51:12.782+0000] {processor.py:743} INFO - Processing file /home/airflow/.local/lib/python3.7/site-packages/airflow/example_dags/example_trigger_target_dag.py for tasks to queue
[2023-05-14T05:51:12.784+0000] {logging_mixin.py:137} INFO - [2023-05-14T05:51:12.784+0000] {dagbag.py:532} INFO - Filling up the DagBag from /home/airflow/.local/lib/python3.7/site-packages/airflow/example_dags/example_trigger_target_dag.py
[2023-05-14T05:51:12.808+0000] {processor.py:753} INFO - DAG(s) dict_keys(['example_trigger_target_dag']) retrieved from /home/airflow/.local/lib/python3.7/site-packages/airflow/example_dags/example_trigger_target_dag.py
[2023-05-14T05:51:12.835+0000] {logging_mixin.py:137} INFO - [2023-05-14T05:51:12.835+0000] {dag.py:2705} INFO - Sync 1 DAGs
[2023-05-14T05:51:12.876+0000] {logging_mixin.py:137} INFO - [2023-05-14T05:51:12.876+0000] {dag.py:3456} INFO - Setting next_dagrun for example_trigger_target_dag to None, run_after=None
[2023-05-14T05:51:12.891+0000] {processor.py:175} INFO - Processing /home/airflow/.local/lib/python3.7/site-packages/airflow/example_dags/example_trigger_target_dag.py took 0.115 seconds
[2023-05-14T05:51:43.143+0000] {processor.py:153} INFO - Started process (PID=12077) to work on /home/airflow/.local/lib/python3.7/site-packages/airflow/example_dags/example_trigger_target_dag.py
[2023-05-14T05:51:43.146+0000] {processor.py:743} INFO - Processing file /home/airflow/.local/lib/python3.7/site-packages/airflow/example_dags/example_trigger_target_dag.py for tasks to queue
[2023-05-14T05:51:43.148+0000] {logging_mixin.py:137} INFO - [2023-05-14T05:51:43.147+0000] {dagbag.py:532} INFO - Filling up the DagBag from /home/airflow/.local/lib/python3.7/site-packages/airflow/example_dags/example_trigger_target_dag.py
[2023-05-14T05:51:43.180+0000] {processor.py:753} INFO - DAG(s) dict_keys(['example_trigger_target_dag']) retrieved from /home/airflow/.local/lib/python3.7/site-packages/airflow/example_dags/example_trigger_target_dag.py
[2023-05-14T05:51:43.207+0000] {logging_mixin.py:137} INFO - [2023-05-14T05:51:43.207+0000] {dag.py:2705} INFO - Sync 1 DAGs
[2023-05-14T05:51:43.233+0000] {logging_mixin.py:137} INFO - [2023-05-14T05:51:43.233+0000] {dag.py:3456} INFO - Setting next_dagrun for example_trigger_target_dag to None, run_after=None
[2023-05-14T05:51:43.248+0000] {processor.py:175} INFO - Processing /home/airflow/.local/lib/python3.7/site-packages/airflow/example_dags/example_trigger_target_dag.py took 0.111 seconds
[2023-05-14T05:52:13.415+0000] {processor.py:153} INFO - Started process (PID=12300) to work on /home/airflow/.local/lib/python3.7/site-packages/airflow/example_dags/example_trigger_target_dag.py
[2023-05-14T05:52:13.418+0000] {processor.py:743} INFO - Processing file /home/airflow/.local/lib/python3.7/site-packages/airflow/example_dags/example_trigger_target_dag.py for tasks to queue
[2023-05-14T05:52:13.419+0000] {logging_mixin.py:137} INFO - [2023-05-14T05:52:13.419+0000] {dagbag.py:532} INFO - Filling up the DagBag from /home/airflow/.local/lib/python3.7/site-packages/airflow/example_dags/example_trigger_target_dag.py
[2023-05-14T05:52:13.447+0000] {processor.py:753} INFO - DAG(s) dict_keys(['example_trigger_target_dag']) retrieved from /home/airflow/.local/lib/python3.7/site-packages/airflow/example_dags/example_trigger_target_dag.py
[2023-05-14T05:52:13.474+0000] {logging_mixin.py:137} INFO - [2023-05-14T05:52:13.473+0000] {dag.py:2705} INFO - Sync 1 DAGs
[2023-05-14T05:52:13.495+0000] {logging_mixin.py:137} INFO - [2023-05-14T05:52:13.495+0000] {dag.py:3456} INFO - Setting next_dagrun for example_trigger_target_dag to None, run_after=None
[2023-05-14T05:52:13.510+0000] {processor.py:175} INFO - Processing /home/airflow/.local/lib/python3.7/site-packages/airflow/example_dags/example_trigger_target_dag.py took 0.102 seconds
[2023-05-14T05:52:43.825+0000] {processor.py:153} INFO - Started process (PID=12524) to work on /home/airflow/.local/lib/python3.7/site-packages/airflow/example_dags/example_trigger_target_dag.py
[2023-05-14T05:52:43.835+0000] {processor.py:743} INFO - Processing file /home/airflow/.local/lib/python3.7/site-packages/airflow/example_dags/example_trigger_target_dag.py for tasks to queue
[2023-05-14T05:52:43.836+0000] {logging_mixin.py:137} INFO - [2023-05-14T05:52:43.836+0000] {dagbag.py:532} INFO - Filling up the DagBag from /home/airflow/.local/lib/python3.7/site-packages/airflow/example_dags/example_trigger_target_dag.py
[2023-05-14T05:52:43.856+0000] {processor.py:753} INFO - DAG(s) dict_keys(['example_trigger_target_dag']) retrieved from /home/airflow/.local/lib/python3.7/site-packages/airflow/example_dags/example_trigger_target_dag.py
[2023-05-14T05:52:43.876+0000] {logging_mixin.py:137} INFO - [2023-05-14T05:52:43.876+0000] {dag.py:2705} INFO - Sync 1 DAGs
[2023-05-14T05:52:43.893+0000] {logging_mixin.py:137} INFO - [2023-05-14T05:52:43.893+0000] {dag.py:3456} INFO - Setting next_dagrun for example_trigger_target_dag to None, run_after=None
[2023-05-14T05:52:43.906+0000] {processor.py:175} INFO - Processing /home/airflow/.local/lib/python3.7/site-packages/airflow/example_dags/example_trigger_target_dag.py took 0.086 seconds
[2023-05-14T05:53:14.147+0000] {processor.py:153} INFO - Started process (PID=12749) to work on /home/airflow/.local/lib/python3.7/site-packages/airflow/example_dags/example_trigger_target_dag.py
[2023-05-14T05:53:14.170+0000] {processor.py:743} INFO - Processing file /home/airflow/.local/lib/python3.7/site-packages/airflow/example_dags/example_trigger_target_dag.py for tasks to queue
[2023-05-14T05:53:14.173+0000] {logging_mixin.py:137} INFO - [2023-05-14T05:53:14.173+0000] {dagbag.py:532} INFO - Filling up the DagBag from /home/airflow/.local/lib/python3.7/site-packages/airflow/example_dags/example_trigger_target_dag.py
[2023-05-14T05:53:14.206+0000] {processor.py:753} INFO - DAG(s) dict_keys(['example_trigger_target_dag']) retrieved from /home/airflow/.local/lib/python3.7/site-packages/airflow/example_dags/example_trigger_target_dag.py
[2023-05-14T05:53:14.234+0000] {logging_mixin.py:137} INFO - [2023-05-14T05:53:14.234+0000] {dag.py:2705} INFO - Sync 1 DAGs
[2023-05-14T05:53:14.260+0000] {logging_mixin.py:137} INFO - [2023-05-14T05:53:14.259+0000] {dag.py:3456} INFO - Setting next_dagrun for example_trigger_target_dag to None, run_after=None
[2023-05-14T05:53:14.275+0000] {processor.py:175} INFO - Processing /home/airflow/.local/lib/python3.7/site-packages/airflow/example_dags/example_trigger_target_dag.py took 0.134 seconds
[2023-05-14T05:53:44.432+0000] {processor.py:153} INFO - Started process (PID=12974) to work on /home/airflow/.local/lib/python3.7/site-packages/airflow/example_dags/example_trigger_target_dag.py
[2023-05-14T05:53:44.435+0000] {processor.py:743} INFO - Processing file /home/airflow/.local/lib/python3.7/site-packages/airflow/example_dags/example_trigger_target_dag.py for tasks to queue
[2023-05-14T05:53:44.436+0000] {logging_mixin.py:137} INFO - [2023-05-14T05:53:44.436+0000] {dagbag.py:532} INFO - Filling up the DagBag from /home/airflow/.local/lib/python3.7/site-packages/airflow/example_dags/example_trigger_target_dag.py
[2023-05-14T05:53:44.458+0000] {processor.py:753} INFO - DAG(s) dict_keys(['example_trigger_target_dag']) retrieved from /home/airflow/.local/lib/python3.7/site-packages/airflow/example_dags/example_trigger_target_dag.py
[2023-05-14T05:53:44.482+0000] {logging_mixin.py:137} INFO - [2023-05-14T05:53:44.481+0000] {dag.py:2705} INFO - Sync 1 DAGs
[2023-05-14T05:53:44.498+0000] {logging_mixin.py:137} INFO - [2023-05-14T05:53:44.498+0000] {dag.py:3456} INFO - Setting next_dagrun for example_trigger_target_dag to None, run_after=None
[2023-05-14T05:53:44.510+0000] {processor.py:175} INFO - Processing /home/airflow/.local/lib/python3.7/site-packages/airflow/example_dags/example_trigger_target_dag.py took 0.082 seconds
[2023-05-14T05:54:14.755+0000] {processor.py:153} INFO - Started process (PID=13198) to work on /home/airflow/.local/lib/python3.7/site-packages/airflow/example_dags/example_trigger_target_dag.py
[2023-05-14T05:54:14.757+0000] {processor.py:743} INFO - Processing file /home/airflow/.local/lib/python3.7/site-packages/airflow/example_dags/example_trigger_target_dag.py for tasks to queue
[2023-05-14T05:54:14.759+0000] {logging_mixin.py:137} INFO - [2023-05-14T05:54:14.759+0000] {dagbag.py:532} INFO - Filling up the DagBag from /home/airflow/.local/lib/python3.7/site-packages/airflow/example_dags/example_trigger_target_dag.py
[2023-05-14T05:54:14.781+0000] {processor.py:753} INFO - DAG(s) dict_keys(['example_trigger_target_dag']) retrieved from /home/airflow/.local/lib/python3.7/site-packages/airflow/example_dags/example_trigger_target_dag.py
[2023-05-14T05:54:14.801+0000] {logging_mixin.py:137} INFO - [2023-05-14T05:54:14.801+0000] {dag.py:2705} INFO - Sync 1 DAGs
[2023-05-14T05:54:14.818+0000] {logging_mixin.py:137} INFO - [2023-05-14T05:54:14.818+0000] {dag.py:3456} INFO - Setting next_dagrun for example_trigger_target_dag to None, run_after=None
[2023-05-14T05:54:14.846+0000] {processor.py:175} INFO - Processing /home/airflow/.local/lib/python3.7/site-packages/airflow/example_dags/example_trigger_target_dag.py took 0.095 seconds
[2023-05-14T05:54:45.042+0000] {processor.py:153} INFO - Started process (PID=13421) to work on /home/airflow/.local/lib/python3.7/site-packages/airflow/example_dags/example_trigger_target_dag.py
[2023-05-14T05:54:45.045+0000] {processor.py:743} INFO - Processing file /home/airflow/.local/lib/python3.7/site-packages/airflow/example_dags/example_trigger_target_dag.py for tasks to queue
[2023-05-14T05:54:45.047+0000] {logging_mixin.py:137} INFO - [2023-05-14T05:54:45.047+0000] {dagbag.py:532} INFO - Filling up the DagBag from /home/airflow/.local/lib/python3.7/site-packages/airflow/example_dags/example_trigger_target_dag.py
[2023-05-14T05:54:45.071+0000] {processor.py:753} INFO - DAG(s) dict_keys(['example_trigger_target_dag']) retrieved from /home/airflow/.local/lib/python3.7/site-packages/airflow/example_dags/example_trigger_target_dag.py
[2023-05-14T05:54:45.096+0000] {logging_mixin.py:137} INFO - [2023-05-14T05:54:45.095+0000] {dag.py:2705} INFO - Sync 1 DAGs
[2023-05-14T05:54:45.114+0000] {logging_mixin.py:137} INFO - [2023-05-14T05:54:45.114+0000] {dag.py:3456} INFO - Setting next_dagrun for example_trigger_target_dag to None, run_after=None
[2023-05-14T05:54:45.130+0000] {processor.py:175} INFO - Processing /home/airflow/.local/lib/python3.7/site-packages/airflow/example_dags/example_trigger_target_dag.py took 0.093 seconds
[2023-05-14T05:55:15.343+0000] {processor.py:153} INFO - Started process (PID=13645) to work on /home/airflow/.local/lib/python3.7/site-packages/airflow/example_dags/example_trigger_target_dag.py
[2023-05-14T05:55:15.347+0000] {processor.py:743} INFO - Processing file /home/airflow/.local/lib/python3.7/site-packages/airflow/example_dags/example_trigger_target_dag.py for tasks to queue
[2023-05-14T05:55:15.366+0000] {logging_mixin.py:137} INFO - [2023-05-14T05:55:15.366+0000] {dagbag.py:532} INFO - Filling up the DagBag from /home/airflow/.local/lib/python3.7/site-packages/airflow/example_dags/example_trigger_target_dag.py
[2023-05-14T05:55:15.390+0000] {processor.py:753} INFO - DAG(s) dict_keys(['example_trigger_target_dag']) retrieved from /home/airflow/.local/lib/python3.7/site-packages/airflow/example_dags/example_trigger_target_dag.py
[2023-05-14T05:55:15.415+0000] {logging_mixin.py:137} INFO - [2023-05-14T05:55:15.415+0000] {dag.py:2705} INFO - Sync 1 DAGs
[2023-05-14T05:55:15.434+0000] {logging_mixin.py:137} INFO - [2023-05-14T05:55:15.434+0000] {dag.py:3456} INFO - Setting next_dagrun for example_trigger_target_dag to None, run_after=None
[2023-05-14T05:55:15.448+0000] {processor.py:175} INFO - Processing /home/airflow/.local/lib/python3.7/site-packages/airflow/example_dags/example_trigger_target_dag.py took 0.111 seconds
[2023-05-14T05:55:45.775+0000] {processor.py:153} INFO - Started process (PID=13869) to work on /home/airflow/.local/lib/python3.7/site-packages/airflow/example_dags/example_trigger_target_dag.py
[2023-05-14T05:55:45.778+0000] {processor.py:743} INFO - Processing file /home/airflow/.local/lib/python3.7/site-packages/airflow/example_dags/example_trigger_target_dag.py for tasks to queue
[2023-05-14T05:55:45.780+0000] {logging_mixin.py:137} INFO - [2023-05-14T05:55:45.779+0000] {dagbag.py:532} INFO - Filling up the DagBag from /home/airflow/.local/lib/python3.7/site-packages/airflow/example_dags/example_trigger_target_dag.py
[2023-05-14T05:55:45.802+0000] {processor.py:753} INFO - DAG(s) dict_keys(['example_trigger_target_dag']) retrieved from /home/airflow/.local/lib/python3.7/site-packages/airflow/example_dags/example_trigger_target_dag.py
[2023-05-14T05:55:45.828+0000] {logging_mixin.py:137} INFO - [2023-05-14T05:55:45.828+0000] {dag.py:2705} INFO - Sync 1 DAGs
[2023-05-14T05:55:45.848+0000] {logging_mixin.py:137} INFO - [2023-05-14T05:55:45.847+0000] {dag.py:3456} INFO - Setting next_dagrun for example_trigger_target_dag to None, run_after=None
[2023-05-14T05:55:45.865+0000] {processor.py:175} INFO - Processing /home/airflow/.local/lib/python3.7/site-packages/airflow/example_dags/example_trigger_target_dag.py took 0.095 seconds
[2023-05-14T05:56:16.025+0000] {processor.py:153} INFO - Started process (PID=14093) to work on /home/airflow/.local/lib/python3.7/site-packages/airflow/example_dags/example_trigger_target_dag.py
[2023-05-14T05:56:16.028+0000] {processor.py:743} INFO - Processing file /home/airflow/.local/lib/python3.7/site-packages/airflow/example_dags/example_trigger_target_dag.py for tasks to queue
[2023-05-14T05:56:16.029+0000] {logging_mixin.py:137} INFO - [2023-05-14T05:56:16.029+0000] {dagbag.py:532} INFO - Filling up the DagBag from /home/airflow/.local/lib/python3.7/site-packages/airflow/example_dags/example_trigger_target_dag.py
[2023-05-14T05:56:16.056+0000] {processor.py:753} INFO - DAG(s) dict_keys(['example_trigger_target_dag']) retrieved from /home/airflow/.local/lib/python3.7/site-packages/airflow/example_dags/example_trigger_target_dag.py
[2023-05-14T05:56:16.086+0000] {logging_mixin.py:137} INFO - [2023-05-14T05:56:16.086+0000] {dag.py:2705} INFO - Sync 1 DAGs
[2023-05-14T05:56:16.107+0000] {logging_mixin.py:137} INFO - [2023-05-14T05:56:16.107+0000] {dag.py:3456} INFO - Setting next_dagrun for example_trigger_target_dag to None, run_after=None
[2023-05-14T05:56:16.120+0000] {processor.py:175} INFO - Processing /home/airflow/.local/lib/python3.7/site-packages/airflow/example_dags/example_trigger_target_dag.py took 0.100 seconds
[2023-05-14T05:56:46.708+0000] {processor.py:153} INFO - Started process (PID=14317) to work on /home/airflow/.local/lib/python3.7/site-packages/airflow/example_dags/example_trigger_target_dag.py
[2023-05-14T05:56:46.711+0000] {processor.py:743} INFO - Processing file /home/airflow/.local/lib/python3.7/site-packages/airflow/example_dags/example_trigger_target_dag.py for tasks to queue
[2023-05-14T05:56:46.714+0000] {logging_mixin.py:137} INFO - [2023-05-14T05:56:46.713+0000] {dagbag.py:532} INFO - Filling up the DagBag from /home/airflow/.local/lib/python3.7/site-packages/airflow/example_dags/example_trigger_target_dag.py
[2023-05-14T05:56:46.739+0000] {processor.py:753} INFO - DAG(s) dict_keys(['example_trigger_target_dag']) retrieved from /home/airflow/.local/lib/python3.7/site-packages/airflow/example_dags/example_trigger_target_dag.py
[2023-05-14T05:56:46.771+0000] {logging_mixin.py:137} INFO - [2023-05-14T05:56:46.771+0000] {dag.py:2705} INFO - Sync 1 DAGs
[2023-05-14T05:56:46.790+0000] {logging_mixin.py:137} INFO - [2023-05-14T05:56:46.790+0000] {dag.py:3456} INFO - Setting next_dagrun for example_trigger_target_dag to None, run_after=None
[2023-05-14T05:56:46.806+0000] {processor.py:175} INFO - Processing /home/airflow/.local/lib/python3.7/site-packages/airflow/example_dags/example_trigger_target_dag.py took 0.103 seconds
[2023-05-14T05:57:17.464+0000] {processor.py:153} INFO - Started process (PID=14541) to work on /home/airflow/.local/lib/python3.7/site-packages/airflow/example_dags/example_trigger_target_dag.py
[2023-05-14T05:57:17.466+0000] {processor.py:743} INFO - Processing file /home/airflow/.local/lib/python3.7/site-packages/airflow/example_dags/example_trigger_target_dag.py for tasks to queue
[2023-05-14T05:57:17.488+0000] {logging_mixin.py:137} INFO - [2023-05-14T05:57:17.487+0000] {dagbag.py:532} INFO - Filling up the DagBag from /home/airflow/.local/lib/python3.7/site-packages/airflow/example_dags/example_trigger_target_dag.py
[2023-05-14T05:57:17.554+0000] {processor.py:753} INFO - DAG(s) dict_keys(['example_trigger_target_dag']) retrieved from /home/airflow/.local/lib/python3.7/site-packages/airflow/example_dags/example_trigger_target_dag.py
[2023-05-14T05:57:17.589+0000] {logging_mixin.py:137} INFO - [2023-05-14T05:57:17.588+0000] {dag.py:2705} INFO - Sync 1 DAGs
[2023-05-14T05:57:17.612+0000] {logging_mixin.py:137} INFO - [2023-05-14T05:57:17.612+0000] {dag.py:3456} INFO - Setting next_dagrun for example_trigger_target_dag to None, run_after=None
[2023-05-14T05:57:17.648+0000] {processor.py:175} INFO - Processing /home/airflow/.local/lib/python3.7/site-packages/airflow/example_dags/example_trigger_target_dag.py took 0.192 seconds
[2023-05-14T05:57:48.016+0000] {processor.py:153} INFO - Started process (PID=14765) to work on /home/airflow/.local/lib/python3.7/site-packages/airflow/example_dags/example_trigger_target_dag.py
[2023-05-14T05:57:48.018+0000] {processor.py:743} INFO - Processing file /home/airflow/.local/lib/python3.7/site-packages/airflow/example_dags/example_trigger_target_dag.py for tasks to queue
[2023-05-14T05:57:48.021+0000] {logging_mixin.py:137} INFO - [2023-05-14T05:57:48.021+0000] {dagbag.py:532} INFO - Filling up the DagBag from /home/airflow/.local/lib/python3.7/site-packages/airflow/example_dags/example_trigger_target_dag.py
[2023-05-14T05:57:48.046+0000] {processor.py:753} INFO - DAG(s) dict_keys(['example_trigger_target_dag']) retrieved from /home/airflow/.local/lib/python3.7/site-packages/airflow/example_dags/example_trigger_target_dag.py
[2023-05-14T05:57:48.070+0000] {logging_mixin.py:137} INFO - [2023-05-14T05:57:48.070+0000] {dag.py:2705} INFO - Sync 1 DAGs
[2023-05-14T05:57:48.096+0000] {logging_mixin.py:137} INFO - [2023-05-14T05:57:48.096+0000] {dag.py:3456} INFO - Setting next_dagrun for example_trigger_target_dag to None, run_after=None
[2023-05-14T05:57:48.113+0000] {processor.py:175} INFO - Processing /home/airflow/.local/lib/python3.7/site-packages/airflow/example_dags/example_trigger_target_dag.py took 0.101 seconds
[2023-05-14T05:58:18.495+0000] {processor.py:153} INFO - Started process (PID=14989) to work on /home/airflow/.local/lib/python3.7/site-packages/airflow/example_dags/example_trigger_target_dag.py
[2023-05-14T05:58:18.499+0000] {processor.py:743} INFO - Processing file /home/airflow/.local/lib/python3.7/site-packages/airflow/example_dags/example_trigger_target_dag.py for tasks to queue
[2023-05-14T05:58:18.500+0000] {logging_mixin.py:137} INFO - [2023-05-14T05:58:18.500+0000] {dagbag.py:532} INFO - Filling up the DagBag from /home/airflow/.local/lib/python3.7/site-packages/airflow/example_dags/example_trigger_target_dag.py
[2023-05-14T05:58:18.521+0000] {processor.py:753} INFO - DAG(s) dict_keys(['example_trigger_target_dag']) retrieved from /home/airflow/.local/lib/python3.7/site-packages/airflow/example_dags/example_trigger_target_dag.py
[2023-05-14T05:58:18.544+0000] {logging_mixin.py:137} INFO - [2023-05-14T05:58:18.544+0000] {dag.py:2705} INFO - Sync 1 DAGs
[2023-05-14T05:58:18.561+0000] {logging_mixin.py:137} INFO - [2023-05-14T05:58:18.561+0000] {dag.py:3456} INFO - Setting next_dagrun for example_trigger_target_dag to None, run_after=None
[2023-05-14T05:58:18.573+0000] {processor.py:175} INFO - Processing /home/airflow/.local/lib/python3.7/site-packages/airflow/example_dags/example_trigger_target_dag.py took 0.083 seconds
[2023-05-14T05:58:48.708+0000] {processor.py:153} INFO - Started process (PID=15213) to work on /home/airflow/.local/lib/python3.7/site-packages/airflow/example_dags/example_trigger_target_dag.py
[2023-05-14T05:58:48.710+0000] {processor.py:743} INFO - Processing file /home/airflow/.local/lib/python3.7/site-packages/airflow/example_dags/example_trigger_target_dag.py for tasks to queue
[2023-05-14T05:58:48.711+0000] {logging_mixin.py:137} INFO - [2023-05-14T05:58:48.711+0000] {dagbag.py:532} INFO - Filling up the DagBag from /home/airflow/.local/lib/python3.7/site-packages/airflow/example_dags/example_trigger_target_dag.py
[2023-05-14T05:58:48.732+0000] {processor.py:753} INFO - DAG(s) dict_keys(['example_trigger_target_dag']) retrieved from /home/airflow/.local/lib/python3.7/site-packages/airflow/example_dags/example_trigger_target_dag.py
[2023-05-14T05:58:48.754+0000] {logging_mixin.py:137} INFO - [2023-05-14T05:58:48.754+0000] {dag.py:2705} INFO - Sync 1 DAGs
[2023-05-14T05:58:48.772+0000] {logging_mixin.py:137} INFO - [2023-05-14T05:58:48.771+0000] {dag.py:3456} INFO - Setting next_dagrun for example_trigger_target_dag to None, run_after=None
[2023-05-14T05:58:48.784+0000] {processor.py:175} INFO - Processing /home/airflow/.local/lib/python3.7/site-packages/airflow/example_dags/example_trigger_target_dag.py took 0.080 seconds
[2023-05-14T05:59:18.991+0000] {processor.py:153} INFO - Started process (PID=15437) to work on /home/airflow/.local/lib/python3.7/site-packages/airflow/example_dags/example_trigger_target_dag.py
[2023-05-14T05:59:18.994+0000] {processor.py:743} INFO - Processing file /home/airflow/.local/lib/python3.7/site-packages/airflow/example_dags/example_trigger_target_dag.py for tasks to queue
[2023-05-14T05:59:18.995+0000] {logging_mixin.py:137} INFO - [2023-05-14T05:59:18.995+0000] {dagbag.py:532} INFO - Filling up the DagBag from /home/airflow/.local/lib/python3.7/site-packages/airflow/example_dags/example_trigger_target_dag.py
[2023-05-14T05:59:19.022+0000] {processor.py:753} INFO - DAG(s) dict_keys(['example_trigger_target_dag']) retrieved from /home/airflow/.local/lib/python3.7/site-packages/airflow/example_dags/example_trigger_target_dag.py
[2023-05-14T05:59:19.055+0000] {logging_mixin.py:137} INFO - [2023-05-14T05:59:19.055+0000] {dag.py:2705} INFO - Sync 1 DAGs
[2023-05-14T05:59:19.080+0000] {logging_mixin.py:137} INFO - [2023-05-14T05:59:19.080+0000] {dag.py:3456} INFO - Setting next_dagrun for example_trigger_target_dag to None, run_after=None
[2023-05-14T05:59:19.097+0000] {processor.py:175} INFO - Processing /home/airflow/.local/lib/python3.7/site-packages/airflow/example_dags/example_trigger_target_dag.py took 0.112 seconds
[2023-05-14T05:59:49.464+0000] {processor.py:153} INFO - Started process (PID=15661) to work on /home/airflow/.local/lib/python3.7/site-packages/airflow/example_dags/example_trigger_target_dag.py
[2023-05-14T05:59:49.466+0000] {processor.py:743} INFO - Processing file /home/airflow/.local/lib/python3.7/site-packages/airflow/example_dags/example_trigger_target_dag.py for tasks to queue
[2023-05-14T05:59:49.467+0000] {logging_mixin.py:137} INFO - [2023-05-14T05:59:49.467+0000] {dagbag.py:532} INFO - Filling up the DagBag from /home/airflow/.local/lib/python3.7/site-packages/airflow/example_dags/example_trigger_target_dag.py
[2023-05-14T05:59:49.487+0000] {processor.py:753} INFO - DAG(s) dict_keys(['example_trigger_target_dag']) retrieved from /home/airflow/.local/lib/python3.7/site-packages/airflow/example_dags/example_trigger_target_dag.py
[2023-05-14T05:59:49.513+0000] {logging_mixin.py:137} INFO - [2023-05-14T05:59:49.513+0000] {dag.py:2705} INFO - Sync 1 DAGs
[2023-05-14T05:59:49.532+0000] {logging_mixin.py:137} INFO - [2023-05-14T05:59:49.531+0000] {dag.py:3456} INFO - Setting next_dagrun for example_trigger_target_dag to None, run_after=None
[2023-05-14T05:59:49.545+0000] {processor.py:175} INFO - Processing /home/airflow/.local/lib/python3.7/site-packages/airflow/example_dags/example_trigger_target_dag.py took 0.085 seconds
[2023-05-14T06:00:19.772+0000] {processor.py:153} INFO - Started process (PID=15885) to work on /home/airflow/.local/lib/python3.7/site-packages/airflow/example_dags/example_trigger_target_dag.py
[2023-05-14T06:00:19.774+0000] {processor.py:743} INFO - Processing file /home/airflow/.local/lib/python3.7/site-packages/airflow/example_dags/example_trigger_target_dag.py for tasks to queue
[2023-05-14T06:00:19.779+0000] {logging_mixin.py:137} INFO - [2023-05-14T06:00:19.779+0000] {dagbag.py:532} INFO - Filling up the DagBag from /home/airflow/.local/lib/python3.7/site-packages/airflow/example_dags/example_trigger_target_dag.py
[2023-05-14T06:00:19.802+0000] {processor.py:753} INFO - DAG(s) dict_keys(['example_trigger_target_dag']) retrieved from /home/airflow/.local/lib/python3.7/site-packages/airflow/example_dags/example_trigger_target_dag.py
[2023-05-14T06:00:19.829+0000] {logging_mixin.py:137} INFO - [2023-05-14T06:00:19.829+0000] {dag.py:2705} INFO - Sync 1 DAGs
[2023-05-14T06:00:19.849+0000] {logging_mixin.py:137} INFO - [2023-05-14T06:00:19.849+0000] {dag.py:3456} INFO - Setting next_dagrun for example_trigger_target_dag to None, run_after=None
[2023-05-14T06:00:19.863+0000] {processor.py:175} INFO - Processing /home/airflow/.local/lib/python3.7/site-packages/airflow/example_dags/example_trigger_target_dag.py took 0.096 seconds
[2023-05-14T06:00:50.273+0000] {processor.py:153} INFO - Started process (PID=16108) to work on /home/airflow/.local/lib/python3.7/site-packages/airflow/example_dags/example_trigger_target_dag.py
[2023-05-14T06:00:50.275+0000] {processor.py:743} INFO - Processing file /home/airflow/.local/lib/python3.7/site-packages/airflow/example_dags/example_trigger_target_dag.py for tasks to queue
[2023-05-14T06:00:50.277+0000] {logging_mixin.py:137} INFO - [2023-05-14T06:00:50.277+0000] {dagbag.py:532} INFO - Filling up the DagBag from /home/airflow/.local/lib/python3.7/site-packages/airflow/example_dags/example_trigger_target_dag.py
[2023-05-14T06:00:50.303+0000] {processor.py:753} INFO - DAG(s) dict_keys(['example_trigger_target_dag']) retrieved from /home/airflow/.local/lib/python3.7/site-packages/airflow/example_dags/example_trigger_target_dag.py
[2023-05-14T06:00:50.335+0000] {logging_mixin.py:137} INFO - [2023-05-14T06:00:50.335+0000] {dag.py:2705} INFO - Sync 1 DAGs
[2023-05-14T06:00:50.368+0000] {logging_mixin.py:137} INFO - [2023-05-14T06:00:50.368+0000] {dag.py:3456} INFO - Setting next_dagrun for example_trigger_target_dag to None, run_after=None
[2023-05-14T06:00:50.385+0000] {processor.py:175} INFO - Processing /home/airflow/.local/lib/python3.7/site-packages/airflow/example_dags/example_trigger_target_dag.py took 0.118 seconds
[2023-05-14T06:01:21.075+0000] {processor.py:153} INFO - Started process (PID=16337) to work on /home/airflow/.local/lib/python3.7/site-packages/airflow/example_dags/example_trigger_target_dag.py
[2023-05-14T06:01:21.078+0000] {processor.py:743} INFO - Processing file /home/airflow/.local/lib/python3.7/site-packages/airflow/example_dags/example_trigger_target_dag.py for tasks to queue
[2023-05-14T06:01:21.080+0000] {logging_mixin.py:137} INFO - [2023-05-14T06:01:21.080+0000] {dagbag.py:532} INFO - Filling up the DagBag from /home/airflow/.local/lib/python3.7/site-packages/airflow/example_dags/example_trigger_target_dag.py
[2023-05-14T06:01:21.114+0000] {processor.py:753} INFO - DAG(s) dict_keys(['example_trigger_target_dag']) retrieved from /home/airflow/.local/lib/python3.7/site-packages/airflow/example_dags/example_trigger_target_dag.py
[2023-05-14T06:01:21.161+0000] {logging_mixin.py:137} INFO - [2023-05-14T06:01:21.161+0000] {dag.py:2705} INFO - Sync 1 DAGs
[2023-05-14T06:01:21.185+0000] {logging_mixin.py:137} INFO - [2023-05-14T06:01:21.185+0000] {dag.py:3456} INFO - Setting next_dagrun for example_trigger_target_dag to None, run_after=None
[2023-05-14T06:01:21.216+0000] {processor.py:175} INFO - Processing /home/airflow/.local/lib/python3.7/site-packages/airflow/example_dags/example_trigger_target_dag.py took 0.146 seconds
[2023-05-14T06:01:51.715+0000] {processor.py:153} INFO - Started process (PID=16560) to work on /home/airflow/.local/lib/python3.7/site-packages/airflow/example_dags/example_trigger_target_dag.py
[2023-05-14T06:01:51.717+0000] {processor.py:743} INFO - Processing file /home/airflow/.local/lib/python3.7/site-packages/airflow/example_dags/example_trigger_target_dag.py for tasks to queue
[2023-05-14T06:01:51.719+0000] {logging_mixin.py:137} INFO - [2023-05-14T06:01:51.719+0000] {dagbag.py:532} INFO - Filling up the DagBag from /home/airflow/.local/lib/python3.7/site-packages/airflow/example_dags/example_trigger_target_dag.py
[2023-05-14T06:01:51.759+0000] {processor.py:753} INFO - DAG(s) dict_keys(['example_trigger_target_dag']) retrieved from /home/airflow/.local/lib/python3.7/site-packages/airflow/example_dags/example_trigger_target_dag.py
[2023-05-14T06:01:51.785+0000] {logging_mixin.py:137} INFO - [2023-05-14T06:01:51.785+0000] {dag.py:2705} INFO - Sync 1 DAGs
[2023-05-14T06:01:51.806+0000] {logging_mixin.py:137} INFO - [2023-05-14T06:01:51.806+0000] {dag.py:3456} INFO - Setting next_dagrun for example_trigger_target_dag to None, run_after=None
[2023-05-14T06:01:51.823+0000] {processor.py:175} INFO - Processing /home/airflow/.local/lib/python3.7/site-packages/airflow/example_dags/example_trigger_target_dag.py took 0.120 seconds
[2023-05-14T06:02:22.214+0000] {processor.py:153} INFO - Started process (PID=16794) to work on /home/airflow/.local/lib/python3.7/site-packages/airflow/example_dags/example_trigger_target_dag.py
[2023-05-14T06:02:22.216+0000] {processor.py:743} INFO - Processing file /home/airflow/.local/lib/python3.7/site-packages/airflow/example_dags/example_trigger_target_dag.py for tasks to queue
[2023-05-14T06:02:22.217+0000] {logging_mixin.py:137} INFO - [2023-05-14T06:02:22.217+0000] {dagbag.py:532} INFO - Filling up the DagBag from /home/airflow/.local/lib/python3.7/site-packages/airflow/example_dags/example_trigger_target_dag.py
[2023-05-14T06:02:22.242+0000] {processor.py:753} INFO - DAG(s) dict_keys(['example_trigger_target_dag']) retrieved from /home/airflow/.local/lib/python3.7/site-packages/airflow/example_dags/example_trigger_target_dag.py
[2023-05-14T06:02:22.271+0000] {logging_mixin.py:137} INFO - [2023-05-14T06:02:22.271+0000] {dag.py:2705} INFO - Sync 1 DAGs
[2023-05-14T06:02:22.299+0000] {logging_mixin.py:137} INFO - [2023-05-14T06:02:22.299+0000] {dag.py:3456} INFO - Setting next_dagrun for example_trigger_target_dag to None, run_after=None
[2023-05-14T06:02:22.313+0000] {processor.py:175} INFO - Processing /home/airflow/.local/lib/python3.7/site-packages/airflow/example_dags/example_trigger_target_dag.py took 0.104 seconds
[2023-05-14T06:02:52.711+0000] {processor.py:153} INFO - Started process (PID=17018) to work on /home/airflow/.local/lib/python3.7/site-packages/airflow/example_dags/example_trigger_target_dag.py
[2023-05-14T06:02:52.714+0000] {processor.py:743} INFO - Processing file /home/airflow/.local/lib/python3.7/site-packages/airflow/example_dags/example_trigger_target_dag.py for tasks to queue
[2023-05-14T06:02:52.716+0000] {logging_mixin.py:137} INFO - [2023-05-14T06:02:52.715+0000] {dagbag.py:532} INFO - Filling up the DagBag from /home/airflow/.local/lib/python3.7/site-packages/airflow/example_dags/example_trigger_target_dag.py
[2023-05-14T06:02:52.744+0000] {processor.py:753} INFO - DAG(s) dict_keys(['example_trigger_target_dag']) retrieved from /home/airflow/.local/lib/python3.7/site-packages/airflow/example_dags/example_trigger_target_dag.py
[2023-05-14T06:02:52.775+0000] {logging_mixin.py:137} INFO - [2023-05-14T06:02:52.775+0000] {dag.py:2705} INFO - Sync 1 DAGs
[2023-05-14T06:02:52.794+0000] {logging_mixin.py:137} INFO - [2023-05-14T06:02:52.794+0000] {dag.py:3456} INFO - Setting next_dagrun for example_trigger_target_dag to None, run_after=None
[2023-05-14T06:02:52.808+0000] {processor.py:175} INFO - Processing /home/airflow/.local/lib/python3.7/site-packages/airflow/example_dags/example_trigger_target_dag.py took 0.102 seconds
[2023-05-14T06:03:23.343+0000] {processor.py:153} INFO - Started process (PID=17243) to work on /home/airflow/.local/lib/python3.7/site-packages/airflow/example_dags/example_trigger_target_dag.py
[2023-05-14T06:03:23.345+0000] {processor.py:743} INFO - Processing file /home/airflow/.local/lib/python3.7/site-packages/airflow/example_dags/example_trigger_target_dag.py for tasks to queue
[2023-05-14T06:03:23.346+0000] {logging_mixin.py:137} INFO - [2023-05-14T06:03:23.346+0000] {dagbag.py:532} INFO - Filling up the DagBag from /home/airflow/.local/lib/python3.7/site-packages/airflow/example_dags/example_trigger_target_dag.py
[2023-05-14T06:03:23.370+0000] {processor.py:753} INFO - DAG(s) dict_keys(['example_trigger_target_dag']) retrieved from /home/airflow/.local/lib/python3.7/site-packages/airflow/example_dags/example_trigger_target_dag.py
[2023-05-14T06:03:23.395+0000] {logging_mixin.py:137} INFO - [2023-05-14T06:03:23.395+0000] {dag.py:2705} INFO - Sync 1 DAGs
[2023-05-14T06:03:23.413+0000] {logging_mixin.py:137} INFO - [2023-05-14T06:03:23.413+0000] {dag.py:3456} INFO - Setting next_dagrun for example_trigger_target_dag to None, run_after=None
[2023-05-14T06:03:23.425+0000] {processor.py:175} INFO - Processing /home/airflow/.local/lib/python3.7/site-packages/airflow/example_dags/example_trigger_target_dag.py took 0.087 seconds
[2023-05-14T06:03:53.713+0000] {processor.py:153} INFO - Started process (PID=17467) to work on /home/airflow/.local/lib/python3.7/site-packages/airflow/example_dags/example_trigger_target_dag.py
[2023-05-14T06:03:53.716+0000] {processor.py:743} INFO - Processing file /home/airflow/.local/lib/python3.7/site-packages/airflow/example_dags/example_trigger_target_dag.py for tasks to queue
[2023-05-14T06:03:53.718+0000] {logging_mixin.py:137} INFO - [2023-05-14T06:03:53.717+0000] {dagbag.py:532} INFO - Filling up the DagBag from /home/airflow/.local/lib/python3.7/site-packages/airflow/example_dags/example_trigger_target_dag.py
[2023-05-14T06:03:53.794+0000] {processor.py:753} INFO - DAG(s) dict_keys(['example_trigger_target_dag']) retrieved from /home/airflow/.local/lib/python3.7/site-packages/airflow/example_dags/example_trigger_target_dag.py
[2023-05-14T06:03:53.821+0000] {logging_mixin.py:137} INFO - [2023-05-14T06:03:53.821+0000] {dag.py:2705} INFO - Sync 1 DAGs
[2023-05-14T06:03:53.843+0000] {logging_mixin.py:137} INFO - [2023-05-14T06:03:53.843+0000] {dag.py:3456} INFO - Setting next_dagrun for example_trigger_target_dag to None, run_after=None
[2023-05-14T06:03:53.857+0000] {processor.py:175} INFO - Processing /home/airflow/.local/lib/python3.7/site-packages/airflow/example_dags/example_trigger_target_dag.py took 0.151 seconds
[2023-05-14T06:04:24.327+0000] {processor.py:153} INFO - Started process (PID=17691) to work on /home/airflow/.local/lib/python3.7/site-packages/airflow/example_dags/example_trigger_target_dag.py
[2023-05-14T06:04:24.329+0000] {processor.py:743} INFO - Processing file /home/airflow/.local/lib/python3.7/site-packages/airflow/example_dags/example_trigger_target_dag.py for tasks to queue
[2023-05-14T06:04:24.331+0000] {logging_mixin.py:137} INFO - [2023-05-14T06:04:24.331+0000] {dagbag.py:532} INFO - Filling up the DagBag from /home/airflow/.local/lib/python3.7/site-packages/airflow/example_dags/example_trigger_target_dag.py
[2023-05-14T06:04:24.360+0000] {processor.py:753} INFO - DAG(s) dict_keys(['example_trigger_target_dag']) retrieved from /home/airflow/.local/lib/python3.7/site-packages/airflow/example_dags/example_trigger_target_dag.py
[2023-05-14T06:04:24.410+0000] {logging_mixin.py:137} INFO - [2023-05-14T06:04:24.410+0000] {dag.py:2705} INFO - Sync 1 DAGs
[2023-05-14T06:04:24.434+0000] {logging_mixin.py:137} INFO - [2023-05-14T06:04:24.434+0000] {dag.py:3456} INFO - Setting next_dagrun for example_trigger_target_dag to None, run_after=None
[2023-05-14T06:04:24.449+0000] {processor.py:175} INFO - Processing /home/airflow/.local/lib/python3.7/site-packages/airflow/example_dags/example_trigger_target_dag.py took 0.128 seconds
[2023-05-14T06:04:54.635+0000] {processor.py:153} INFO - Started process (PID=17915) to work on /home/airflow/.local/lib/python3.7/site-packages/airflow/example_dags/example_trigger_target_dag.py
[2023-05-14T06:04:54.637+0000] {processor.py:743} INFO - Processing file /home/airflow/.local/lib/python3.7/site-packages/airflow/example_dags/example_trigger_target_dag.py for tasks to queue
[2023-05-14T06:04:54.638+0000] {logging_mixin.py:137} INFO - [2023-05-14T06:04:54.638+0000] {dagbag.py:532} INFO - Filling up the DagBag from /home/airflow/.local/lib/python3.7/site-packages/airflow/example_dags/example_trigger_target_dag.py
[2023-05-14T06:04:54.659+0000] {processor.py:753} INFO - DAG(s) dict_keys(['example_trigger_target_dag']) retrieved from /home/airflow/.local/lib/python3.7/site-packages/airflow/example_dags/example_trigger_target_dag.py
[2023-05-14T06:04:54.680+0000] {logging_mixin.py:137} INFO - [2023-05-14T06:04:54.680+0000] {dag.py:2705} INFO - Sync 1 DAGs
[2023-05-14T06:04:54.697+0000] {logging_mixin.py:137} INFO - [2023-05-14T06:04:54.697+0000] {dag.py:3456} INFO - Setting next_dagrun for example_trigger_target_dag to None, run_after=None
[2023-05-14T06:04:54.711+0000] {processor.py:175} INFO - Processing /home/airflow/.local/lib/python3.7/site-packages/airflow/example_dags/example_trigger_target_dag.py took 0.080 seconds
[2023-05-14T06:05:25.100+0000] {processor.py:153} INFO - Started process (PID=18138) to work on /home/airflow/.local/lib/python3.7/site-packages/airflow/example_dags/example_trigger_target_dag.py
[2023-05-14T06:05:25.102+0000] {processor.py:743} INFO - Processing file /home/airflow/.local/lib/python3.7/site-packages/airflow/example_dags/example_trigger_target_dag.py for tasks to queue
[2023-05-14T06:05:25.103+0000] {logging_mixin.py:137} INFO - [2023-05-14T06:05:25.103+0000] {dagbag.py:532} INFO - Filling up the DagBag from /home/airflow/.local/lib/python3.7/site-packages/airflow/example_dags/example_trigger_target_dag.py
[2023-05-14T06:05:25.130+0000] {processor.py:753} INFO - DAG(s) dict_keys(['example_trigger_target_dag']) retrieved from /home/airflow/.local/lib/python3.7/site-packages/airflow/example_dags/example_trigger_target_dag.py
[2023-05-14T06:05:25.161+0000] {logging_mixin.py:137} INFO - [2023-05-14T06:05:25.161+0000] {dag.py:2705} INFO - Sync 1 DAGs
[2023-05-14T06:05:25.184+0000] {logging_mixin.py:137} INFO - [2023-05-14T06:05:25.184+0000] {dag.py:3456} INFO - Setting next_dagrun for example_trigger_target_dag to None, run_after=None
[2023-05-14T06:05:25.206+0000] {processor.py:175} INFO - Processing /home/airflow/.local/lib/python3.7/site-packages/airflow/example_dags/example_trigger_target_dag.py took 0.111 seconds
[2023-05-14T06:05:55.529+0000] {processor.py:153} INFO - Started process (PID=18363) to work on /home/airflow/.local/lib/python3.7/site-packages/airflow/example_dags/example_trigger_target_dag.py
[2023-05-14T06:05:55.536+0000] {processor.py:743} INFO - Processing file /home/airflow/.local/lib/python3.7/site-packages/airflow/example_dags/example_trigger_target_dag.py for tasks to queue
[2023-05-14T06:05:55.550+0000] {logging_mixin.py:137} INFO - [2023-05-14T06:05:55.549+0000] {dagbag.py:532} INFO - Filling up the DagBag from /home/airflow/.local/lib/python3.7/site-packages/airflow/example_dags/example_trigger_target_dag.py
[2023-05-14T06:05:55.596+0000] {processor.py:753} INFO - DAG(s) dict_keys(['example_trigger_target_dag']) retrieved from /home/airflow/.local/lib/python3.7/site-packages/airflow/example_dags/example_trigger_target_dag.py
[2023-05-14T06:05:55.647+0000] {logging_mixin.py:137} INFO - [2023-05-14T06:05:55.647+0000] {dag.py:2705} INFO - Sync 1 DAGs
[2023-05-14T06:05:55.672+0000] {logging_mixin.py:137} INFO - [2023-05-14T06:05:55.672+0000] {dag.py:3456} INFO - Setting next_dagrun for example_trigger_target_dag to None, run_after=None
[2023-05-14T06:05:55.693+0000] {processor.py:175} INFO - Processing /home/airflow/.local/lib/python3.7/site-packages/airflow/example_dags/example_trigger_target_dag.py took 0.181 seconds
[2023-05-14T06:06:26.268+0000] {processor.py:153} INFO - Started process (PID=18587) to work on /home/airflow/.local/lib/python3.7/site-packages/airflow/example_dags/example_trigger_target_dag.py
[2023-05-14T06:06:26.270+0000] {processor.py:743} INFO - Processing file /home/airflow/.local/lib/python3.7/site-packages/airflow/example_dags/example_trigger_target_dag.py for tasks to queue
[2023-05-14T06:06:26.271+0000] {logging_mixin.py:137} INFO - [2023-05-14T06:06:26.271+0000] {dagbag.py:532} INFO - Filling up the DagBag from /home/airflow/.local/lib/python3.7/site-packages/airflow/example_dags/example_trigger_target_dag.py
[2023-05-14T06:06:26.294+0000] {processor.py:753} INFO - DAG(s) dict_keys(['example_trigger_target_dag']) retrieved from /home/airflow/.local/lib/python3.7/site-packages/airflow/example_dags/example_trigger_target_dag.py
[2023-05-14T06:06:26.318+0000] {logging_mixin.py:137} INFO - [2023-05-14T06:06:26.317+0000] {dag.py:2705} INFO - Sync 1 DAGs
[2023-05-14T06:06:26.338+0000] {logging_mixin.py:137} INFO - [2023-05-14T06:06:26.338+0000] {dag.py:3456} INFO - Setting next_dagrun for example_trigger_target_dag to None, run_after=None
[2023-05-14T06:06:26.353+0000] {processor.py:175} INFO - Processing /home/airflow/.local/lib/python3.7/site-packages/airflow/example_dags/example_trigger_target_dag.py took 0.089 seconds
[2023-05-14T06:06:56.679+0000] {processor.py:153} INFO - Started process (PID=18812) to work on /home/airflow/.local/lib/python3.7/site-packages/airflow/example_dags/example_trigger_target_dag.py
[2023-05-14T06:06:56.682+0000] {processor.py:743} INFO - Processing file /home/airflow/.local/lib/python3.7/site-packages/airflow/example_dags/example_trigger_target_dag.py for tasks to queue
[2023-05-14T06:06:56.684+0000] {logging_mixin.py:137} INFO - [2023-05-14T06:06:56.684+0000] {dagbag.py:532} INFO - Filling up the DagBag from /home/airflow/.local/lib/python3.7/site-packages/airflow/example_dags/example_trigger_target_dag.py
[2023-05-14T06:06:56.707+0000] {processor.py:753} INFO - DAG(s) dict_keys(['example_trigger_target_dag']) retrieved from /home/airflow/.local/lib/python3.7/site-packages/airflow/example_dags/example_trigger_target_dag.py
[2023-05-14T06:06:56.735+0000] {logging_mixin.py:137} INFO - [2023-05-14T06:06:56.735+0000] {dag.py:2705} INFO - Sync 1 DAGs
[2023-05-14T06:06:56.757+0000] {logging_mixin.py:137} INFO - [2023-05-14T06:06:56.757+0000] {dag.py:3456} INFO - Setting next_dagrun for example_trigger_target_dag to None, run_after=None
[2023-05-14T06:06:56.772+0000] {processor.py:175} INFO - Processing /home/airflow/.local/lib/python3.7/site-packages/airflow/example_dags/example_trigger_target_dag.py took 0.100 seconds
[2023-05-14T06:07:27.360+0000] {processor.py:153} INFO - Started process (PID=19041) to work on /home/airflow/.local/lib/python3.7/site-packages/airflow/example_dags/example_trigger_target_dag.py
[2023-05-14T06:07:27.364+0000] {processor.py:743} INFO - Processing file /home/airflow/.local/lib/python3.7/site-packages/airflow/example_dags/example_trigger_target_dag.py for tasks to queue
[2023-05-14T06:07:27.366+0000] {logging_mixin.py:137} INFO - [2023-05-14T06:07:27.365+0000] {dagbag.py:532} INFO - Filling up the DagBag from /home/airflow/.local/lib/python3.7/site-packages/airflow/example_dags/example_trigger_target_dag.py
[2023-05-14T06:07:27.421+0000] {processor.py:753} INFO - DAG(s) dict_keys(['example_trigger_target_dag']) retrieved from /home/airflow/.local/lib/python3.7/site-packages/airflow/example_dags/example_trigger_target_dag.py
[2023-05-14T06:07:27.473+0000] {logging_mixin.py:137} INFO - [2023-05-14T06:07:27.473+0000] {dag.py:2705} INFO - Sync 1 DAGs
[2023-05-14T06:07:27.494+0000] {logging_mixin.py:137} INFO - [2023-05-14T06:07:27.494+0000] {dag.py:3456} INFO - Setting next_dagrun for example_trigger_target_dag to None, run_after=None
[2023-05-14T06:07:27.510+0000] {processor.py:175} INFO - Processing /home/airflow/.local/lib/python3.7/site-packages/airflow/example_dags/example_trigger_target_dag.py took 0.157 seconds
