[2023-05-14T00:21:05.754+0000] {processor.py:153} INFO - Started process (PID=2843) to work on /home/airflow/.local/lib/python3.7/site-packages/airflow/example_dags/example_skip_dag.py
[2023-05-14T00:21:05.760+0000] {processor.py:743} INFO - Processing file /home/airflow/.local/lib/python3.7/site-packages/airflow/example_dags/example_skip_dag.py for tasks to queue
[2023-05-14T00:21:05.763+0000] {logging_mixin.py:137} INFO - [2023-05-14T00:21:05.762+0000] {dagbag.py:532} INFO - Filling up the DagBag from /home/airflow/.local/lib/python3.7/site-packages/airflow/example_dags/example_skip_dag.py
[2023-05-14T00:21:05.793+0000] {processor.py:753} INFO - DAG(s) dict_keys(['example_skip_dag']) retrieved from /home/airflow/.local/lib/python3.7/site-packages/airflow/example_dags/example_skip_dag.py
[2023-05-14T00:21:05.873+0000] {logging_mixin.py:137} INFO - [2023-05-14T00:21:05.872+0000] {dag.py:2705} INFO - Sync 1 DAGs
[2023-05-14T00:21:05.925+0000] {logging_mixin.py:137} INFO - [2023-05-14T00:21:05.925+0000] {dag.py:3456} INFO - Setting next_dagrun for example_skip_dag to 2023-05-13T00:21:05.924772+00:00, run_after=2023-05-14T00:21:05.924772+00:00
[2023-05-14T00:21:05.968+0000] {processor.py:175} INFO - Processing /home/airflow/.local/lib/python3.7/site-packages/airflow/example_dags/example_skip_dag.py took 0.229 seconds
[2023-05-14T01:15:57.691+0000] {processor.py:153} INFO - Started process (PID=3067) to work on /home/airflow/.local/lib/python3.7/site-packages/airflow/example_dags/example_skip_dag.py
[2023-05-14T01:15:57.692+0000] {processor.py:743} INFO - Processing file /home/airflow/.local/lib/python3.7/site-packages/airflow/example_dags/example_skip_dag.py for tasks to queue
[2023-05-14T01:15:57.694+0000] {logging_mixin.py:137} INFO - [2023-05-14T01:15:57.693+0000] {dagbag.py:532} INFO - Filling up the DagBag from /home/airflow/.local/lib/python3.7/site-packages/airflow/example_dags/example_skip_dag.py
[2023-05-14T01:15:57.706+0000] {processor.py:753} INFO - DAG(s) dict_keys(['example_skip_dag']) retrieved from /home/airflow/.local/lib/python3.7/site-packages/airflow/example_dags/example_skip_dag.py
[2023-05-14T01:15:57.755+0000] {logging_mixin.py:137} INFO - [2023-05-14T01:15:57.755+0000] {dag.py:2705} INFO - Sync 1 DAGs
[2023-05-14T01:15:57.779+0000] {logging_mixin.py:137} INFO - [2023-05-14T01:15:57.779+0000] {dag.py:3456} INFO - Setting next_dagrun for example_skip_dag to 2023-05-13T01:15:57.778897+00:00, run_after=2023-05-14T01:15:57.778897+00:00
[2023-05-14T01:15:57.792+0000] {processor.py:175} INFO - Processing /home/airflow/.local/lib/python3.7/site-packages/airflow/example_dags/example_skip_dag.py took 0.105 seconds
[2023-05-14T02:15:37.277+0000] {processor.py:153} INFO - Started process (PID=3290) to work on /home/airflow/.local/lib/python3.7/site-packages/airflow/example_dags/example_skip_dag.py
[2023-05-14T02:15:37.279+0000] {processor.py:743} INFO - Processing file /home/airflow/.local/lib/python3.7/site-packages/airflow/example_dags/example_skip_dag.py for tasks to queue
[2023-05-14T02:15:37.280+0000] {logging_mixin.py:137} INFO - [2023-05-14T02:15:37.280+0000] {dagbag.py:532} INFO - Filling up the DagBag from /home/airflow/.local/lib/python3.7/site-packages/airflow/example_dags/example_skip_dag.py
[2023-05-14T02:15:37.293+0000] {processor.py:753} INFO - DAG(s) dict_keys(['example_skip_dag']) retrieved from /home/airflow/.local/lib/python3.7/site-packages/airflow/example_dags/example_skip_dag.py
[2023-05-14T02:15:37.331+0000] {logging_mixin.py:137} INFO - [2023-05-14T02:15:37.331+0000] {dag.py:2705} INFO - Sync 1 DAGs
[2023-05-14T02:15:37.360+0000] {logging_mixin.py:137} INFO - [2023-05-14T02:15:37.360+0000] {dag.py:3456} INFO - Setting next_dagrun for example_skip_dag to 2023-05-13T02:15:37.360346+00:00, run_after=2023-05-14T02:15:37.360346+00:00
[2023-05-14T02:15:37.376+0000] {processor.py:175} INFO - Processing /home/airflow/.local/lib/python3.7/site-packages/airflow/example_dags/example_skip_dag.py took 0.102 seconds
[2023-05-14T02:41:27.759+0000] {processor.py:153} INFO - Started process (PID=3513) to work on /home/airflow/.local/lib/python3.7/site-packages/airflow/example_dags/example_skip_dag.py
[2023-05-14T02:41:27.763+0000] {processor.py:743} INFO - Processing file /home/airflow/.local/lib/python3.7/site-packages/airflow/example_dags/example_skip_dag.py for tasks to queue
[2023-05-14T02:41:27.764+0000] {logging_mixin.py:137} INFO - [2023-05-14T02:41:27.764+0000] {dagbag.py:532} INFO - Filling up the DagBag from /home/airflow/.local/lib/python3.7/site-packages/airflow/example_dags/example_skip_dag.py
[2023-05-14T02:41:27.792+0000] {processor.py:753} INFO - DAG(s) dict_keys(['example_skip_dag']) retrieved from /home/airflow/.local/lib/python3.7/site-packages/airflow/example_dags/example_skip_dag.py
[2023-05-14T02:41:27.815+0000] {logging_mixin.py:137} INFO - [2023-05-14T02:41:27.815+0000] {dag.py:2705} INFO - Sync 1 DAGs
[2023-05-14T02:41:27.834+0000] {logging_mixin.py:137} INFO - [2023-05-14T02:41:27.834+0000] {dag.py:3456} INFO - Setting next_dagrun for example_skip_dag to 2023-05-13T02:41:27.834288+00:00, run_after=2023-05-14T02:41:27.834288+00:00
[2023-05-14T02:41:27.848+0000] {processor.py:175} INFO - Processing /home/airflow/.local/lib/python3.7/site-packages/airflow/example_dags/example_skip_dag.py took 0.092 seconds
[2023-05-14T02:54:55.872+0000] {processor.py:153} INFO - Started process (PID=3736) to work on /home/airflow/.local/lib/python3.7/site-packages/airflow/example_dags/example_skip_dag.py
[2023-05-14T02:54:55.875+0000] {processor.py:743} INFO - Processing file /home/airflow/.local/lib/python3.7/site-packages/airflow/example_dags/example_skip_dag.py for tasks to queue
[2023-05-14T02:54:55.877+0000] {logging_mixin.py:137} INFO - [2023-05-14T02:54:55.876+0000] {dagbag.py:532} INFO - Filling up the DagBag from /home/airflow/.local/lib/python3.7/site-packages/airflow/example_dags/example_skip_dag.py
[2023-05-14T02:54:55.894+0000] {processor.py:753} INFO - DAG(s) dict_keys(['example_skip_dag']) retrieved from /home/airflow/.local/lib/python3.7/site-packages/airflow/example_dags/example_skip_dag.py
[2023-05-14T02:54:55.930+0000] {logging_mixin.py:137} INFO - [2023-05-14T02:54:55.929+0000] {dag.py:2705} INFO - Sync 1 DAGs
[2023-05-14T02:54:55.950+0000] {logging_mixin.py:137} INFO - [2023-05-14T02:54:55.950+0000] {dag.py:3456} INFO - Setting next_dagrun for example_skip_dag to 2023-05-13T02:54:55.950046+00:00, run_after=2023-05-14T02:54:55.950046+00:00
[2023-05-14T02:54:55.963+0000] {processor.py:175} INFO - Processing /home/airflow/.local/lib/python3.7/site-packages/airflow/example_dags/example_skip_dag.py took 0.094 seconds
[2023-05-14T02:59:00.823+0000] {processor.py:153} INFO - Started process (PID=3961) to work on /home/airflow/.local/lib/python3.7/site-packages/airflow/example_dags/example_skip_dag.py
[2023-05-14T02:59:00.824+0000] {processor.py:743} INFO - Processing file /home/airflow/.local/lib/python3.7/site-packages/airflow/example_dags/example_skip_dag.py for tasks to queue
[2023-05-14T02:59:00.825+0000] {logging_mixin.py:137} INFO - [2023-05-14T02:59:00.825+0000] {dagbag.py:532} INFO - Filling up the DagBag from /home/airflow/.local/lib/python3.7/site-packages/airflow/example_dags/example_skip_dag.py
[2023-05-14T02:59:00.836+0000] {processor.py:753} INFO - DAG(s) dict_keys(['example_skip_dag']) retrieved from /home/airflow/.local/lib/python3.7/site-packages/airflow/example_dags/example_skip_dag.py
[2023-05-14T02:59:00.859+0000] {logging_mixin.py:137} INFO - [2023-05-14T02:59:00.859+0000] {dag.py:2705} INFO - Sync 1 DAGs
[2023-05-14T02:59:00.881+0000] {logging_mixin.py:137} INFO - [2023-05-14T02:59:00.881+0000] {dag.py:3456} INFO - Setting next_dagrun for example_skip_dag to 2023-05-13T02:59:00.881067+00:00, run_after=2023-05-14T02:59:00.881067+00:00
[2023-05-14T02:59:00.894+0000] {processor.py:175} INFO - Processing /home/airflow/.local/lib/python3.7/site-packages/airflow/example_dags/example_skip_dag.py took 0.074 seconds
[2023-05-14T02:59:31.880+0000] {processor.py:153} INFO - Started process (PID=4183) to work on /home/airflow/.local/lib/python3.7/site-packages/airflow/example_dags/example_skip_dag.py
[2023-05-14T02:59:31.883+0000] {processor.py:743} INFO - Processing file /home/airflow/.local/lib/python3.7/site-packages/airflow/example_dags/example_skip_dag.py for tasks to queue
[2023-05-14T02:59:31.884+0000] {logging_mixin.py:137} INFO - [2023-05-14T02:59:31.884+0000] {dagbag.py:532} INFO - Filling up the DagBag from /home/airflow/.local/lib/python3.7/site-packages/airflow/example_dags/example_skip_dag.py
[2023-05-14T02:59:31.895+0000] {processor.py:753} INFO - DAG(s) dict_keys(['example_skip_dag']) retrieved from /home/airflow/.local/lib/python3.7/site-packages/airflow/example_dags/example_skip_dag.py
[2023-05-14T02:59:31.918+0000] {logging_mixin.py:137} INFO - [2023-05-14T02:59:31.918+0000] {dag.py:2705} INFO - Sync 1 DAGs
[2023-05-14T02:59:31.937+0000] {logging_mixin.py:137} INFO - [2023-05-14T02:59:31.937+0000] {dag.py:3456} INFO - Setting next_dagrun for example_skip_dag to 2023-05-13T02:59:31.937229+00:00, run_after=2023-05-14T02:59:31.937229+00:00
[2023-05-14T02:59:31.951+0000] {processor.py:175} INFO - Processing /home/airflow/.local/lib/python3.7/site-packages/airflow/example_dags/example_skip_dag.py took 0.073 seconds
[2023-05-14T03:16:06.799+0000] {processor.py:153} INFO - Started process (PID=4406) to work on /home/airflow/.local/lib/python3.7/site-packages/airflow/example_dags/example_skip_dag.py
[2023-05-14T03:16:06.806+0000] {processor.py:743} INFO - Processing file /home/airflow/.local/lib/python3.7/site-packages/airflow/example_dags/example_skip_dag.py for tasks to queue
[2023-05-14T03:16:06.809+0000] {logging_mixin.py:137} INFO - [2023-05-14T03:16:06.809+0000] {dagbag.py:532} INFO - Filling up the DagBag from /home/airflow/.local/lib/python3.7/site-packages/airflow/example_dags/example_skip_dag.py
[2023-05-14T03:16:06.864+0000] {processor.py:753} INFO - DAG(s) dict_keys(['example_skip_dag']) retrieved from /home/airflow/.local/lib/python3.7/site-packages/airflow/example_dags/example_skip_dag.py
[2023-05-14T03:16:06.925+0000] {logging_mixin.py:137} INFO - [2023-05-14T03:16:06.924+0000] {dag.py:2705} INFO - Sync 1 DAGs
[2023-05-14T03:16:07.001+0000] {logging_mixin.py:137} INFO - [2023-05-14T03:16:07.001+0000] {dag.py:3456} INFO - Setting next_dagrun for example_skip_dag to 2023-05-13T03:16:07.001109+00:00, run_after=2023-05-14T03:16:07.001109+00:00
[2023-05-14T03:16:07.040+0000] {processor.py:175} INFO - Processing /home/airflow/.local/lib/python3.7/site-packages/airflow/example_dags/example_skip_dag.py took 0.260 seconds
[2023-05-14T04:20:56.690+0000] {processor.py:153} INFO - Started process (PID=4629) to work on /home/airflow/.local/lib/python3.7/site-packages/airflow/example_dags/example_skip_dag.py
[2023-05-14T04:20:56.692+0000] {processor.py:743} INFO - Processing file /home/airflow/.local/lib/python3.7/site-packages/airflow/example_dags/example_skip_dag.py for tasks to queue
[2023-05-14T04:20:56.694+0000] {logging_mixin.py:137} INFO - [2023-05-14T04:20:56.694+0000] {dagbag.py:532} INFO - Filling up the DagBag from /home/airflow/.local/lib/python3.7/site-packages/airflow/example_dags/example_skip_dag.py
[2023-05-14T04:20:56.720+0000] {processor.py:753} INFO - DAG(s) dict_keys(['example_skip_dag']) retrieved from /home/airflow/.local/lib/python3.7/site-packages/airflow/example_dags/example_skip_dag.py
[2023-05-14T04:20:56.745+0000] {logging_mixin.py:137} INFO - [2023-05-14T04:20:56.744+0000] {dag.py:2705} INFO - Sync 1 DAGs
[2023-05-14T04:20:56.765+0000] {logging_mixin.py:137} INFO - [2023-05-14T04:20:56.765+0000] {dag.py:3456} INFO - Setting next_dagrun for example_skip_dag to 2023-05-13T04:20:56.765432+00:00, run_after=2023-05-14T04:20:56.765432+00:00
[2023-05-14T04:20:56.780+0000] {processor.py:175} INFO - Processing /home/airflow/.local/lib/python3.7/site-packages/airflow/example_dags/example_skip_dag.py took 0.093 seconds
[2023-05-14T05:35:30.783+0000] {processor.py:153} INFO - Started process (PID=4852) to work on /home/airflow/.local/lib/python3.7/site-packages/airflow/example_dags/example_skip_dag.py
[2023-05-14T05:35:30.785+0000] {processor.py:743} INFO - Processing file /home/airflow/.local/lib/python3.7/site-packages/airflow/example_dags/example_skip_dag.py for tasks to queue
[2023-05-14T05:35:30.788+0000] {logging_mixin.py:137} INFO - [2023-05-14T05:35:30.788+0000] {dagbag.py:532} INFO - Filling up the DagBag from /home/airflow/.local/lib/python3.7/site-packages/airflow/example_dags/example_skip_dag.py
[2023-05-14T05:35:30.802+0000] {processor.py:753} INFO - DAG(s) dict_keys(['example_skip_dag']) retrieved from /home/airflow/.local/lib/python3.7/site-packages/airflow/example_dags/example_skip_dag.py
[2023-05-14T05:35:30.830+0000] {logging_mixin.py:137} INFO - [2023-05-14T05:35:30.830+0000] {dag.py:2705} INFO - Sync 1 DAGs
[2023-05-14T05:35:30.852+0000] {logging_mixin.py:137} INFO - [2023-05-14T05:35:30.852+0000] {dag.py:3456} INFO - Setting next_dagrun for example_skip_dag to 2023-05-13T05:35:30.852498+00:00, run_after=2023-05-14T05:35:30.852498+00:00
[2023-05-14T05:35:30.867+0000] {processor.py:175} INFO - Processing /home/airflow/.local/lib/python3.7/site-packages/airflow/example_dags/example_skip_dag.py took 0.087 seconds
[2023-05-14T05:36:01.012+0000] {processor.py:153} INFO - Started process (PID=5077) to work on /home/airflow/.local/lib/python3.7/site-packages/airflow/example_dags/example_skip_dag.py
[2023-05-14T05:36:01.014+0000] {processor.py:743} INFO - Processing file /home/airflow/.local/lib/python3.7/site-packages/airflow/example_dags/example_skip_dag.py for tasks to queue
[2023-05-14T05:36:01.015+0000] {logging_mixin.py:137} INFO - [2023-05-14T05:36:01.015+0000] {dagbag.py:532} INFO - Filling up the DagBag from /home/airflow/.local/lib/python3.7/site-packages/airflow/example_dags/example_skip_dag.py
[2023-05-14T05:36:01.028+0000] {processor.py:753} INFO - DAG(s) dict_keys(['example_skip_dag']) retrieved from /home/airflow/.local/lib/python3.7/site-packages/airflow/example_dags/example_skip_dag.py
[2023-05-14T05:36:01.050+0000] {logging_mixin.py:137} INFO - [2023-05-14T05:36:01.050+0000] {dag.py:2705} INFO - Sync 1 DAGs
[2023-05-14T05:36:01.068+0000] {logging_mixin.py:137} INFO - [2023-05-14T05:36:01.068+0000] {dag.py:3456} INFO - Setting next_dagrun for example_skip_dag to 2023-05-13T05:36:01.068192+00:00, run_after=2023-05-14T05:36:01.068192+00:00
[2023-05-14T05:36:01.081+0000] {processor.py:175} INFO - Processing /home/airflow/.local/lib/python3.7/site-packages/airflow/example_dags/example_skip_dag.py took 0.073 seconds
[2023-05-14T05:36:31.114+0000] {processor.py:153} INFO - Started process (PID=5299) to work on /home/airflow/.local/lib/python3.7/site-packages/airflow/example_dags/example_skip_dag.py
[2023-05-14T05:36:31.116+0000] {processor.py:743} INFO - Processing file /home/airflow/.local/lib/python3.7/site-packages/airflow/example_dags/example_skip_dag.py for tasks to queue
[2023-05-14T05:36:31.117+0000] {logging_mixin.py:137} INFO - [2023-05-14T05:36:31.117+0000] {dagbag.py:532} INFO - Filling up the DagBag from /home/airflow/.local/lib/python3.7/site-packages/airflow/example_dags/example_skip_dag.py
[2023-05-14T05:36:31.128+0000] {processor.py:753} INFO - DAG(s) dict_keys(['example_skip_dag']) retrieved from /home/airflow/.local/lib/python3.7/site-packages/airflow/example_dags/example_skip_dag.py
[2023-05-14T05:36:31.150+0000] {logging_mixin.py:137} INFO - [2023-05-14T05:36:31.150+0000] {dag.py:2705} INFO - Sync 1 DAGs
[2023-05-14T05:36:31.169+0000] {logging_mixin.py:137} INFO - [2023-05-14T05:36:31.169+0000] {dag.py:3456} INFO - Setting next_dagrun for example_skip_dag to 2023-05-13T05:36:31.168958+00:00, run_after=2023-05-14T05:36:31.168958+00:00
[2023-05-14T05:36:31.180+0000] {processor.py:175} INFO - Processing /home/airflow/.local/lib/python3.7/site-packages/airflow/example_dags/example_skip_dag.py took 0.069 seconds
[2023-05-14T05:37:02.040+0000] {processor.py:153} INFO - Started process (PID=5522) to work on /home/airflow/.local/lib/python3.7/site-packages/airflow/example_dags/example_skip_dag.py
[2023-05-14T05:37:02.042+0000] {processor.py:743} INFO - Processing file /home/airflow/.local/lib/python3.7/site-packages/airflow/example_dags/example_skip_dag.py for tasks to queue
[2023-05-14T05:37:02.044+0000] {logging_mixin.py:137} INFO - [2023-05-14T05:37:02.044+0000] {dagbag.py:532} INFO - Filling up the DagBag from /home/airflow/.local/lib/python3.7/site-packages/airflow/example_dags/example_skip_dag.py
[2023-05-14T05:37:02.055+0000] {processor.py:753} INFO - DAG(s) dict_keys(['example_skip_dag']) retrieved from /home/airflow/.local/lib/python3.7/site-packages/airflow/example_dags/example_skip_dag.py
[2023-05-14T05:37:02.080+0000] {logging_mixin.py:137} INFO - [2023-05-14T05:37:02.080+0000] {dag.py:2705} INFO - Sync 1 DAGs
[2023-05-14T05:37:02.103+0000] {logging_mixin.py:137} INFO - [2023-05-14T05:37:02.103+0000] {dag.py:3456} INFO - Setting next_dagrun for example_skip_dag to 2023-05-13T05:37:02.103074+00:00, run_after=2023-05-14T05:37:02.103074+00:00
[2023-05-14T05:37:02.115+0000] {processor.py:175} INFO - Processing /home/airflow/.local/lib/python3.7/site-packages/airflow/example_dags/example_skip_dag.py took 0.078 seconds
[2023-05-14T05:37:32.528+0000] {processor.py:153} INFO - Started process (PID=5750) to work on /home/airflow/.local/lib/python3.7/site-packages/airflow/example_dags/example_skip_dag.py
[2023-05-14T05:37:32.530+0000] {processor.py:743} INFO - Processing file /home/airflow/.local/lib/python3.7/site-packages/airflow/example_dags/example_skip_dag.py for tasks to queue
[2023-05-14T05:37:32.531+0000] {logging_mixin.py:137} INFO - [2023-05-14T05:37:32.531+0000] {dagbag.py:532} INFO - Filling up the DagBag from /home/airflow/.local/lib/python3.7/site-packages/airflow/example_dags/example_skip_dag.py
[2023-05-14T05:37:32.545+0000] {processor.py:753} INFO - DAG(s) dict_keys(['example_skip_dag']) retrieved from /home/airflow/.local/lib/python3.7/site-packages/airflow/example_dags/example_skip_dag.py
[2023-05-14T05:37:32.593+0000] {logging_mixin.py:137} INFO - [2023-05-14T05:37:32.593+0000] {dag.py:2705} INFO - Sync 1 DAGs
[2023-05-14T05:37:32.616+0000] {logging_mixin.py:137} INFO - [2023-05-14T05:37:32.616+0000] {dag.py:3456} INFO - Setting next_dagrun for example_skip_dag to 2023-05-13T05:37:32.616394+00:00, run_after=2023-05-14T05:37:32.616394+00:00
[2023-05-14T05:37:32.635+0000] {processor.py:175} INFO - Processing /home/airflow/.local/lib/python3.7/site-packages/airflow/example_dags/example_skip_dag.py took 0.111 seconds
[2023-05-14T05:38:03.268+0000] {processor.py:153} INFO - Started process (PID=5974) to work on /home/airflow/.local/lib/python3.7/site-packages/airflow/example_dags/example_skip_dag.py
[2023-05-14T05:38:03.271+0000] {processor.py:743} INFO - Processing file /home/airflow/.local/lib/python3.7/site-packages/airflow/example_dags/example_skip_dag.py for tasks to queue
[2023-05-14T05:38:03.273+0000] {logging_mixin.py:137} INFO - [2023-05-14T05:38:03.272+0000] {dagbag.py:532} INFO - Filling up the DagBag from /home/airflow/.local/lib/python3.7/site-packages/airflow/example_dags/example_skip_dag.py
[2023-05-14T05:38:03.286+0000] {processor.py:753} INFO - DAG(s) dict_keys(['example_skip_dag']) retrieved from /home/airflow/.local/lib/python3.7/site-packages/airflow/example_dags/example_skip_dag.py
[2023-05-14T05:38:03.312+0000] {logging_mixin.py:137} INFO - [2023-05-14T05:38:03.312+0000] {dag.py:2705} INFO - Sync 1 DAGs
[2023-05-14T05:38:03.334+0000] {logging_mixin.py:137} INFO - [2023-05-14T05:38:03.334+0000] {dag.py:3456} INFO - Setting next_dagrun for example_skip_dag to 2023-05-13T05:38:03.333500+00:00, run_after=2023-05-14T05:38:03.333500+00:00
[2023-05-14T05:38:03.410+0000] {processor.py:175} INFO - Processing /home/airflow/.local/lib/python3.7/site-packages/airflow/example_dags/example_skip_dag.py took 0.145 seconds
[2023-05-14T05:38:33.719+0000] {processor.py:153} INFO - Started process (PID=6203) to work on /home/airflow/.local/lib/python3.7/site-packages/airflow/example_dags/example_skip_dag.py
[2023-05-14T05:38:33.720+0000] {processor.py:743} INFO - Processing file /home/airflow/.local/lib/python3.7/site-packages/airflow/example_dags/example_skip_dag.py for tasks to queue
[2023-05-14T05:38:33.722+0000] {logging_mixin.py:137} INFO - [2023-05-14T05:38:33.721+0000] {dagbag.py:532} INFO - Filling up the DagBag from /home/airflow/.local/lib/python3.7/site-packages/airflow/example_dags/example_skip_dag.py
[2023-05-14T05:38:33.736+0000] {processor.py:753} INFO - DAG(s) dict_keys(['example_skip_dag']) retrieved from /home/airflow/.local/lib/python3.7/site-packages/airflow/example_dags/example_skip_dag.py
[2023-05-14T05:38:33.761+0000] {logging_mixin.py:137} INFO - [2023-05-14T05:38:33.761+0000] {dag.py:2705} INFO - Sync 1 DAGs
[2023-05-14T05:38:33.777+0000] {logging_mixin.py:137} INFO - [2023-05-14T05:38:33.777+0000] {dag.py:3456} INFO - Setting next_dagrun for example_skip_dag to 2023-05-13T05:38:33.777264+00:00, run_after=2023-05-14T05:38:33.777264+00:00
[2023-05-14T05:38:33.795+0000] {processor.py:175} INFO - Processing /home/airflow/.local/lib/python3.7/site-packages/airflow/example_dags/example_skip_dag.py took 0.080 seconds
[2023-05-14T05:39:04.308+0000] {processor.py:153} INFO - Started process (PID=6433) to work on /home/airflow/.local/lib/python3.7/site-packages/airflow/example_dags/example_skip_dag.py
[2023-05-14T05:39:04.310+0000] {processor.py:743} INFO - Processing file /home/airflow/.local/lib/python3.7/site-packages/airflow/example_dags/example_skip_dag.py for tasks to queue
[2023-05-14T05:39:04.311+0000] {logging_mixin.py:137} INFO - [2023-05-14T05:39:04.310+0000] {dagbag.py:532} INFO - Filling up the DagBag from /home/airflow/.local/lib/python3.7/site-packages/airflow/example_dags/example_skip_dag.py
[2023-05-14T05:39:04.320+0000] {processor.py:753} INFO - DAG(s) dict_keys(['example_skip_dag']) retrieved from /home/airflow/.local/lib/python3.7/site-packages/airflow/example_dags/example_skip_dag.py
[2023-05-14T05:39:04.342+0000] {logging_mixin.py:137} INFO - [2023-05-14T05:39:04.342+0000] {dag.py:2705} INFO - Sync 1 DAGs
[2023-05-14T05:39:04.360+0000] {logging_mixin.py:137} INFO - [2023-05-14T05:39:04.360+0000] {dag.py:3456} INFO - Setting next_dagrun for example_skip_dag to 2023-05-13T05:39:04.360253+00:00, run_after=2023-05-14T05:39:04.360253+00:00
[2023-05-14T05:39:04.377+0000] {processor.py:175} INFO - Processing /home/airflow/.local/lib/python3.7/site-packages/airflow/example_dags/example_skip_dag.py took 0.073 seconds
[2023-05-14T05:39:34.935+0000] {processor.py:153} INFO - Started process (PID=6663) to work on /home/airflow/.local/lib/python3.7/site-packages/airflow/example_dags/example_skip_dag.py
[2023-05-14T05:39:34.938+0000] {processor.py:743} INFO - Processing file /home/airflow/.local/lib/python3.7/site-packages/airflow/example_dags/example_skip_dag.py for tasks to queue
[2023-05-14T05:39:34.939+0000] {logging_mixin.py:137} INFO - [2023-05-14T05:39:34.939+0000] {dagbag.py:532} INFO - Filling up the DagBag from /home/airflow/.local/lib/python3.7/site-packages/airflow/example_dags/example_skip_dag.py
[2023-05-14T05:39:34.954+0000] {processor.py:753} INFO - DAG(s) dict_keys(['example_skip_dag']) retrieved from /home/airflow/.local/lib/python3.7/site-packages/airflow/example_dags/example_skip_dag.py
[2023-05-14T05:39:34.983+0000] {logging_mixin.py:137} INFO - [2023-05-14T05:39:34.983+0000] {dag.py:2705} INFO - Sync 1 DAGs
[2023-05-14T05:39:35.003+0000] {logging_mixin.py:137} INFO - [2023-05-14T05:39:35.003+0000] {dag.py:3456} INFO - Setting next_dagrun for example_skip_dag to 2023-05-13T05:39:35.003003+00:00, run_after=2023-05-14T05:39:35.003003+00:00
[2023-05-14T05:39:35.020+0000] {processor.py:175} INFO - Processing /home/airflow/.local/lib/python3.7/site-packages/airflow/example_dags/example_skip_dag.py took 0.089 seconds
[2023-05-14T05:40:05.194+0000] {processor.py:153} INFO - Started process (PID=6908) to work on /home/airflow/.local/lib/python3.7/site-packages/airflow/example_dags/example_skip_dag.py
[2023-05-14T05:40:05.196+0000] {processor.py:743} INFO - Processing file /home/airflow/.local/lib/python3.7/site-packages/airflow/example_dags/example_skip_dag.py for tasks to queue
[2023-05-14T05:40:05.197+0000] {logging_mixin.py:137} INFO - [2023-05-14T05:40:05.197+0000] {dagbag.py:532} INFO - Filling up the DagBag from /home/airflow/.local/lib/python3.7/site-packages/airflow/example_dags/example_skip_dag.py
[2023-05-14T05:40:05.209+0000] {processor.py:753} INFO - DAG(s) dict_keys(['example_skip_dag']) retrieved from /home/airflow/.local/lib/python3.7/site-packages/airflow/example_dags/example_skip_dag.py
[2023-05-14T05:40:05.231+0000] {logging_mixin.py:137} INFO - [2023-05-14T05:40:05.231+0000] {dag.py:2705} INFO - Sync 1 DAGs
[2023-05-14T05:40:05.246+0000] {logging_mixin.py:137} INFO - [2023-05-14T05:40:05.246+0000] {dag.py:3456} INFO - Setting next_dagrun for example_skip_dag to 2023-05-13T05:40:05.245888+00:00, run_after=2023-05-14T05:40:05.245888+00:00
[2023-05-14T05:40:05.257+0000] {processor.py:175} INFO - Processing /home/airflow/.local/lib/python3.7/site-packages/airflow/example_dags/example_skip_dag.py took 0.065 seconds
[2023-05-14T05:40:36.037+0000] {processor.py:153} INFO - Started process (PID=7132) to work on /home/airflow/.local/lib/python3.7/site-packages/airflow/example_dags/example_skip_dag.py
[2023-05-14T05:40:36.040+0000] {processor.py:743} INFO - Processing file /home/airflow/.local/lib/python3.7/site-packages/airflow/example_dags/example_skip_dag.py for tasks to queue
[2023-05-14T05:40:36.041+0000] {logging_mixin.py:137} INFO - [2023-05-14T05:40:36.041+0000] {dagbag.py:532} INFO - Filling up the DagBag from /home/airflow/.local/lib/python3.7/site-packages/airflow/example_dags/example_skip_dag.py
[2023-05-14T05:40:36.053+0000] {processor.py:753} INFO - DAG(s) dict_keys(['example_skip_dag']) retrieved from /home/airflow/.local/lib/python3.7/site-packages/airflow/example_dags/example_skip_dag.py
[2023-05-14T05:40:36.076+0000] {logging_mixin.py:137} INFO - [2023-05-14T05:40:36.076+0000] {dag.py:2705} INFO - Sync 1 DAGs
[2023-05-14T05:40:36.099+0000] {logging_mixin.py:137} INFO - [2023-05-14T05:40:36.099+0000] {dag.py:3456} INFO - Setting next_dagrun for example_skip_dag to 2023-05-13T05:40:36.098800+00:00, run_after=2023-05-14T05:40:36.098800+00:00
[2023-05-14T05:40:36.111+0000] {processor.py:175} INFO - Processing /home/airflow/.local/lib/python3.7/site-packages/airflow/example_dags/example_skip_dag.py took 0.078 seconds
[2023-05-14T05:41:06.465+0000] {processor.py:153} INFO - Started process (PID=7362) to work on /home/airflow/.local/lib/python3.7/site-packages/airflow/example_dags/example_skip_dag.py
[2023-05-14T05:41:06.466+0000] {processor.py:743} INFO - Processing file /home/airflow/.local/lib/python3.7/site-packages/airflow/example_dags/example_skip_dag.py for tasks to queue
[2023-05-14T05:41:06.469+0000] {logging_mixin.py:137} INFO - [2023-05-14T05:41:06.469+0000] {dagbag.py:532} INFO - Filling up the DagBag from /home/airflow/.local/lib/python3.7/site-packages/airflow/example_dags/example_skip_dag.py
[2023-05-14T05:41:06.483+0000] {processor.py:753} INFO - DAG(s) dict_keys(['example_skip_dag']) retrieved from /home/airflow/.local/lib/python3.7/site-packages/airflow/example_dags/example_skip_dag.py
[2023-05-14T05:41:06.507+0000] {logging_mixin.py:137} INFO - [2023-05-14T05:41:06.507+0000] {dag.py:2705} INFO - Sync 1 DAGs
[2023-05-14T05:41:06.526+0000] {logging_mixin.py:137} INFO - [2023-05-14T05:41:06.526+0000] {dag.py:3456} INFO - Setting next_dagrun for example_skip_dag to 2023-05-13T05:41:06.526010+00:00, run_after=2023-05-14T05:41:06.526010+00:00
[2023-05-14T05:41:06.540+0000] {processor.py:175} INFO - Processing /home/airflow/.local/lib/python3.7/site-packages/airflow/example_dags/example_skip_dag.py took 0.077 seconds
[2023-05-14T05:41:36.669+0000] {processor.py:153} INFO - Started process (PID=7586) to work on /home/airflow/.local/lib/python3.7/site-packages/airflow/example_dags/example_skip_dag.py
[2023-05-14T05:41:36.671+0000] {processor.py:743} INFO - Processing file /home/airflow/.local/lib/python3.7/site-packages/airflow/example_dags/example_skip_dag.py for tasks to queue
[2023-05-14T05:41:36.673+0000] {logging_mixin.py:137} INFO - [2023-05-14T05:41:36.673+0000] {dagbag.py:532} INFO - Filling up the DagBag from /home/airflow/.local/lib/python3.7/site-packages/airflow/example_dags/example_skip_dag.py
[2023-05-14T05:41:36.683+0000] {processor.py:753} INFO - DAG(s) dict_keys(['example_skip_dag']) retrieved from /home/airflow/.local/lib/python3.7/site-packages/airflow/example_dags/example_skip_dag.py
[2023-05-14T05:41:36.709+0000] {logging_mixin.py:137} INFO - [2023-05-14T05:41:36.709+0000] {dag.py:2705} INFO - Sync 1 DAGs
[2023-05-14T05:41:36.728+0000] {logging_mixin.py:137} INFO - [2023-05-14T05:41:36.728+0000] {dag.py:3456} INFO - Setting next_dagrun for example_skip_dag to 2023-05-13T05:41:36.728056+00:00, run_after=2023-05-14T05:41:36.728056+00:00
[2023-05-14T05:41:36.741+0000] {processor.py:175} INFO - Processing /home/airflow/.local/lib/python3.7/site-packages/airflow/example_dags/example_skip_dag.py took 0.075 seconds
[2023-05-14T05:42:07.271+0000] {processor.py:153} INFO - Started process (PID=7814) to work on /home/airflow/.local/lib/python3.7/site-packages/airflow/example_dags/example_skip_dag.py
[2023-05-14T05:42:07.273+0000] {processor.py:743} INFO - Processing file /home/airflow/.local/lib/python3.7/site-packages/airflow/example_dags/example_skip_dag.py for tasks to queue
[2023-05-14T05:42:07.275+0000] {logging_mixin.py:137} INFO - [2023-05-14T05:42:07.275+0000] {dagbag.py:532} INFO - Filling up the DagBag from /home/airflow/.local/lib/python3.7/site-packages/airflow/example_dags/example_skip_dag.py
[2023-05-14T05:42:07.290+0000] {processor.py:753} INFO - DAG(s) dict_keys(['example_skip_dag']) retrieved from /home/airflow/.local/lib/python3.7/site-packages/airflow/example_dags/example_skip_dag.py
[2023-05-14T05:42:07.324+0000] {logging_mixin.py:137} INFO - [2023-05-14T05:42:07.324+0000] {dag.py:2705} INFO - Sync 1 DAGs
[2023-05-14T05:42:07.350+0000] {logging_mixin.py:137} INFO - [2023-05-14T05:42:07.350+0000] {dag.py:3456} INFO - Setting next_dagrun for example_skip_dag to 2023-05-13T05:42:07.350022+00:00, run_after=2023-05-14T05:42:07.350022+00:00
[2023-05-14T05:42:07.376+0000] {processor.py:175} INFO - Processing /home/airflow/.local/lib/python3.7/site-packages/airflow/example_dags/example_skip_dag.py took 0.109 seconds
[2023-05-14T05:42:37.828+0000] {processor.py:153} INFO - Started process (PID=8037) to work on /home/airflow/.local/lib/python3.7/site-packages/airflow/example_dags/example_skip_dag.py
[2023-05-14T05:42:37.830+0000] {processor.py:743} INFO - Processing file /home/airflow/.local/lib/python3.7/site-packages/airflow/example_dags/example_skip_dag.py for tasks to queue
[2023-05-14T05:42:37.833+0000] {logging_mixin.py:137} INFO - [2023-05-14T05:42:37.833+0000] {dagbag.py:532} INFO - Filling up the DagBag from /home/airflow/.local/lib/python3.7/site-packages/airflow/example_dags/example_skip_dag.py
[2023-05-14T05:42:37.845+0000] {processor.py:753} INFO - DAG(s) dict_keys(['example_skip_dag']) retrieved from /home/airflow/.local/lib/python3.7/site-packages/airflow/example_dags/example_skip_dag.py
[2023-05-14T05:42:37.866+0000] {logging_mixin.py:137} INFO - [2023-05-14T05:42:37.866+0000] {dag.py:2705} INFO - Sync 1 DAGs
[2023-05-14T05:42:37.883+0000] {logging_mixin.py:137} INFO - [2023-05-14T05:42:37.883+0000] {dag.py:3456} INFO - Setting next_dagrun for example_skip_dag to 2023-05-13T05:42:37.882853+00:00, run_after=2023-05-14T05:42:37.882853+00:00
[2023-05-14T05:42:37.897+0000] {processor.py:175} INFO - Processing /home/airflow/.local/lib/python3.7/site-packages/airflow/example_dags/example_skip_dag.py took 0.073 seconds
[2023-05-14T05:43:08.470+0000] {processor.py:153} INFO - Started process (PID=8268) to work on /home/airflow/.local/lib/python3.7/site-packages/airflow/example_dags/example_skip_dag.py
[2023-05-14T05:43:08.472+0000] {processor.py:743} INFO - Processing file /home/airflow/.local/lib/python3.7/site-packages/airflow/example_dags/example_skip_dag.py for tasks to queue
[2023-05-14T05:43:08.473+0000] {logging_mixin.py:137} INFO - [2023-05-14T05:43:08.473+0000] {dagbag.py:532} INFO - Filling up the DagBag from /home/airflow/.local/lib/python3.7/site-packages/airflow/example_dags/example_skip_dag.py
[2023-05-14T05:43:08.487+0000] {processor.py:753} INFO - DAG(s) dict_keys(['example_skip_dag']) retrieved from /home/airflow/.local/lib/python3.7/site-packages/airflow/example_dags/example_skip_dag.py
[2023-05-14T05:43:08.511+0000] {logging_mixin.py:137} INFO - [2023-05-14T05:43:08.511+0000] {dag.py:2705} INFO - Sync 1 DAGs
[2023-05-14T05:43:08.529+0000] {logging_mixin.py:137} INFO - [2023-05-14T05:43:08.529+0000] {dag.py:3456} INFO - Setting next_dagrun for example_skip_dag to 2023-05-13T05:43:08.529367+00:00, run_after=2023-05-14T05:43:08.529367+00:00
[2023-05-14T05:43:08.543+0000] {processor.py:175} INFO - Processing /home/airflow/.local/lib/python3.7/site-packages/airflow/example_dags/example_skip_dag.py took 0.076 seconds
[2023-05-14T05:43:38.740+0000] {processor.py:153} INFO - Started process (PID=8493) to work on /home/airflow/.local/lib/python3.7/site-packages/airflow/example_dags/example_skip_dag.py
[2023-05-14T05:43:38.742+0000] {processor.py:743} INFO - Processing file /home/airflow/.local/lib/python3.7/site-packages/airflow/example_dags/example_skip_dag.py for tasks to queue
[2023-05-14T05:43:38.743+0000] {logging_mixin.py:137} INFO - [2023-05-14T05:43:38.743+0000] {dagbag.py:532} INFO - Filling up the DagBag from /home/airflow/.local/lib/python3.7/site-packages/airflow/example_dags/example_skip_dag.py
[2023-05-14T05:43:38.755+0000] {processor.py:753} INFO - DAG(s) dict_keys(['example_skip_dag']) retrieved from /home/airflow/.local/lib/python3.7/site-packages/airflow/example_dags/example_skip_dag.py
[2023-05-14T05:43:38.778+0000] {logging_mixin.py:137} INFO - [2023-05-14T05:43:38.778+0000] {dag.py:2705} INFO - Sync 1 DAGs
[2023-05-14T05:43:38.798+0000] {logging_mixin.py:137} INFO - [2023-05-14T05:43:38.798+0000] {dag.py:3456} INFO - Setting next_dagrun for example_skip_dag to 2023-05-13T05:43:38.798330+00:00, run_after=2023-05-14T05:43:38.798330+00:00
[2023-05-14T05:43:38.811+0000] {processor.py:175} INFO - Processing /home/airflow/.local/lib/python3.7/site-packages/airflow/example_dags/example_skip_dag.py took 0.073 seconds
[2023-05-14T05:44:09.084+0000] {processor.py:153} INFO - Started process (PID=8723) to work on /home/airflow/.local/lib/python3.7/site-packages/airflow/example_dags/example_skip_dag.py
[2023-05-14T05:44:09.086+0000] {processor.py:743} INFO - Processing file /home/airflow/.local/lib/python3.7/site-packages/airflow/example_dags/example_skip_dag.py for tasks to queue
[2023-05-14T05:44:09.088+0000] {logging_mixin.py:137} INFO - [2023-05-14T05:44:09.088+0000] {dagbag.py:532} INFO - Filling up the DagBag from /home/airflow/.local/lib/python3.7/site-packages/airflow/example_dags/example_skip_dag.py
[2023-05-14T05:44:09.099+0000] {processor.py:753} INFO - DAG(s) dict_keys(['example_skip_dag']) retrieved from /home/airflow/.local/lib/python3.7/site-packages/airflow/example_dags/example_skip_dag.py
[2023-05-14T05:44:09.122+0000] {logging_mixin.py:137} INFO - [2023-05-14T05:44:09.121+0000] {dag.py:2705} INFO - Sync 1 DAGs
[2023-05-14T05:44:09.140+0000] {logging_mixin.py:137} INFO - [2023-05-14T05:44:09.139+0000] {dag.py:3456} INFO - Setting next_dagrun for example_skip_dag to 2023-05-13T05:44:09.139695+00:00, run_after=2023-05-14T05:44:09.139695+00:00
[2023-05-14T05:44:09.152+0000] {processor.py:175} INFO - Processing /home/airflow/.local/lib/python3.7/site-packages/airflow/example_dags/example_skip_dag.py took 0.072 seconds
[2023-05-14T05:44:39.339+0000] {processor.py:153} INFO - Started process (PID=8955) to work on /home/airflow/.local/lib/python3.7/site-packages/airflow/example_dags/example_skip_dag.py
[2023-05-14T05:44:39.341+0000] {processor.py:743} INFO - Processing file /home/airflow/.local/lib/python3.7/site-packages/airflow/example_dags/example_skip_dag.py for tasks to queue
[2023-05-14T05:44:39.342+0000] {logging_mixin.py:137} INFO - [2023-05-14T05:44:39.342+0000] {dagbag.py:532} INFO - Filling up the DagBag from /home/airflow/.local/lib/python3.7/site-packages/airflow/example_dags/example_skip_dag.py
[2023-05-14T05:44:39.355+0000] {processor.py:753} INFO - DAG(s) dict_keys(['example_skip_dag']) retrieved from /home/airflow/.local/lib/python3.7/site-packages/airflow/example_dags/example_skip_dag.py
[2023-05-14T05:44:39.385+0000] {logging_mixin.py:137} INFO - [2023-05-14T05:44:39.384+0000] {dag.py:2705} INFO - Sync 1 DAGs
[2023-05-14T05:44:39.401+0000] {logging_mixin.py:137} INFO - [2023-05-14T05:44:39.401+0000] {dag.py:3456} INFO - Setting next_dagrun for example_skip_dag to 2023-05-13T05:44:39.401672+00:00, run_after=2023-05-14T05:44:39.401672+00:00
[2023-05-14T05:44:39.413+0000] {processor.py:175} INFO - Processing /home/airflow/.local/lib/python3.7/site-packages/airflow/example_dags/example_skip_dag.py took 0.078 seconds
[2023-05-14T05:45:09.516+0000] {processor.py:153} INFO - Started process (PID=9177) to work on /home/airflow/.local/lib/python3.7/site-packages/airflow/example_dags/example_skip_dag.py
[2023-05-14T05:45:09.518+0000] {processor.py:743} INFO - Processing file /home/airflow/.local/lib/python3.7/site-packages/airflow/example_dags/example_skip_dag.py for tasks to queue
[2023-05-14T05:45:09.520+0000] {logging_mixin.py:137} INFO - [2023-05-14T05:45:09.520+0000] {dagbag.py:532} INFO - Filling up the DagBag from /home/airflow/.local/lib/python3.7/site-packages/airflow/example_dags/example_skip_dag.py
[2023-05-14T05:45:09.532+0000] {processor.py:753} INFO - DAG(s) dict_keys(['example_skip_dag']) retrieved from /home/airflow/.local/lib/python3.7/site-packages/airflow/example_dags/example_skip_dag.py
[2023-05-14T05:45:09.558+0000] {logging_mixin.py:137} INFO - [2023-05-14T05:45:09.557+0000] {dag.py:2705} INFO - Sync 1 DAGs
[2023-05-14T05:45:09.579+0000] {logging_mixin.py:137} INFO - [2023-05-14T05:45:09.579+0000] {dag.py:3456} INFO - Setting next_dagrun for example_skip_dag to 2023-05-13T05:45:09.579239+00:00, run_after=2023-05-14T05:45:09.579239+00:00
[2023-05-14T05:45:09.604+0000] {processor.py:175} INFO - Processing /home/airflow/.local/lib/python3.7/site-packages/airflow/example_dags/example_skip_dag.py took 0.091 seconds
[2023-05-14T05:45:39.850+0000] {processor.py:153} INFO - Started process (PID=9419) to work on /home/airflow/.local/lib/python3.7/site-packages/airflow/example_dags/example_skip_dag.py
[2023-05-14T05:45:39.852+0000] {processor.py:743} INFO - Processing file /home/airflow/.local/lib/python3.7/site-packages/airflow/example_dags/example_skip_dag.py for tasks to queue
[2023-05-14T05:45:39.853+0000] {logging_mixin.py:137} INFO - [2023-05-14T05:45:39.853+0000] {dagbag.py:532} INFO - Filling up the DagBag from /home/airflow/.local/lib/python3.7/site-packages/airflow/example_dags/example_skip_dag.py
[2023-05-14T05:45:39.863+0000] {processor.py:753} INFO - DAG(s) dict_keys(['example_skip_dag']) retrieved from /home/airflow/.local/lib/python3.7/site-packages/airflow/example_dags/example_skip_dag.py
[2023-05-14T05:45:39.888+0000] {logging_mixin.py:137} INFO - [2023-05-14T05:45:39.888+0000] {dag.py:2705} INFO - Sync 1 DAGs
[2023-05-14T05:45:39.908+0000] {logging_mixin.py:137} INFO - [2023-05-14T05:45:39.908+0000] {dag.py:3456} INFO - Setting next_dagrun for example_skip_dag to 2023-05-13T05:45:39.908167+00:00, run_after=2023-05-14T05:45:39.908167+00:00
[2023-05-14T05:45:39.927+0000] {processor.py:175} INFO - Processing /home/airflow/.local/lib/python3.7/site-packages/airflow/example_dags/example_skip_dag.py took 0.081 seconds
[2023-05-14T05:46:10.023+0000] {processor.py:153} INFO - Started process (PID=9648) to work on /home/airflow/.local/lib/python3.7/site-packages/airflow/example_dags/example_skip_dag.py
[2023-05-14T05:46:10.025+0000] {processor.py:743} INFO - Processing file /home/airflow/.local/lib/python3.7/site-packages/airflow/example_dags/example_skip_dag.py for tasks to queue
[2023-05-14T05:46:10.026+0000] {logging_mixin.py:137} INFO - [2023-05-14T05:46:10.026+0000] {dagbag.py:532} INFO - Filling up the DagBag from /home/airflow/.local/lib/python3.7/site-packages/airflow/example_dags/example_skip_dag.py
[2023-05-14T05:46:10.037+0000] {processor.py:753} INFO - DAG(s) dict_keys(['example_skip_dag']) retrieved from /home/airflow/.local/lib/python3.7/site-packages/airflow/example_dags/example_skip_dag.py
[2023-05-14T05:46:10.059+0000] {logging_mixin.py:137} INFO - [2023-05-14T05:46:10.059+0000] {dag.py:2705} INFO - Sync 1 DAGs
[2023-05-14T05:46:10.079+0000] {logging_mixin.py:137} INFO - [2023-05-14T05:46:10.079+0000] {dag.py:3456} INFO - Setting next_dagrun for example_skip_dag to 2023-05-13T05:46:10.079435+00:00, run_after=2023-05-14T05:46:10.079435+00:00
[2023-05-14T05:46:10.095+0000] {processor.py:175} INFO - Processing /home/airflow/.local/lib/python3.7/site-packages/airflow/example_dags/example_skip_dag.py took 0.074 seconds
[2023-05-14T05:46:40.251+0000] {processor.py:153} INFO - Started process (PID=9872) to work on /home/airflow/.local/lib/python3.7/site-packages/airflow/example_dags/example_skip_dag.py
[2023-05-14T05:46:40.253+0000] {processor.py:743} INFO - Processing file /home/airflow/.local/lib/python3.7/site-packages/airflow/example_dags/example_skip_dag.py for tasks to queue
[2023-05-14T05:46:40.255+0000] {logging_mixin.py:137} INFO - [2023-05-14T05:46:40.255+0000] {dagbag.py:532} INFO - Filling up the DagBag from /home/airflow/.local/lib/python3.7/site-packages/airflow/example_dags/example_skip_dag.py
[2023-05-14T05:46:40.266+0000] {processor.py:753} INFO - DAG(s) dict_keys(['example_skip_dag']) retrieved from /home/airflow/.local/lib/python3.7/site-packages/airflow/example_dags/example_skip_dag.py
[2023-05-14T05:46:40.289+0000] {logging_mixin.py:137} INFO - [2023-05-14T05:46:40.288+0000] {dag.py:2705} INFO - Sync 1 DAGs
[2023-05-14T05:46:40.306+0000] {logging_mixin.py:137} INFO - [2023-05-14T05:46:40.306+0000] {dag.py:3456} INFO - Setting next_dagrun for example_skip_dag to 2023-05-13T05:46:40.306572+00:00, run_after=2023-05-14T05:46:40.306572+00:00
[2023-05-14T05:46:40.321+0000] {processor.py:175} INFO - Processing /home/airflow/.local/lib/python3.7/site-packages/airflow/example_dags/example_skip_dag.py took 0.072 seconds
[2023-05-14T05:47:10.601+0000] {processor.py:153} INFO - Started process (PID=10098) to work on /home/airflow/.local/lib/python3.7/site-packages/airflow/example_dags/example_skip_dag.py
[2023-05-14T05:47:10.602+0000] {processor.py:743} INFO - Processing file /home/airflow/.local/lib/python3.7/site-packages/airflow/example_dags/example_skip_dag.py for tasks to queue
[2023-05-14T05:47:10.618+0000] {logging_mixin.py:137} INFO - [2023-05-14T05:47:10.617+0000] {dagbag.py:532} INFO - Filling up the DagBag from /home/airflow/.local/lib/python3.7/site-packages/airflow/example_dags/example_skip_dag.py
[2023-05-14T05:47:10.627+0000] {processor.py:753} INFO - DAG(s) dict_keys(['example_skip_dag']) retrieved from /home/airflow/.local/lib/python3.7/site-packages/airflow/example_dags/example_skip_dag.py
[2023-05-14T05:47:10.648+0000] {logging_mixin.py:137} INFO - [2023-05-14T05:47:10.648+0000] {dag.py:2705} INFO - Sync 1 DAGs
[2023-05-14T05:47:10.664+0000] {logging_mixin.py:137} INFO - [2023-05-14T05:47:10.664+0000] {dag.py:3456} INFO - Setting next_dagrun for example_skip_dag to 2023-05-13T05:47:10.664426+00:00, run_after=2023-05-14T05:47:10.664426+00:00
[2023-05-14T05:47:10.676+0000] {processor.py:175} INFO - Processing /home/airflow/.local/lib/python3.7/site-packages/airflow/example_dags/example_skip_dag.py took 0.078 seconds
[2023-05-14T05:47:40.924+0000] {processor.py:153} INFO - Started process (PID=10321) to work on /home/airflow/.local/lib/python3.7/site-packages/airflow/example_dags/example_skip_dag.py
[2023-05-14T05:47:40.927+0000] {processor.py:743} INFO - Processing file /home/airflow/.local/lib/python3.7/site-packages/airflow/example_dags/example_skip_dag.py for tasks to queue
[2023-05-14T05:47:40.929+0000] {logging_mixin.py:137} INFO - [2023-05-14T05:47:40.929+0000] {dagbag.py:532} INFO - Filling up the DagBag from /home/airflow/.local/lib/python3.7/site-packages/airflow/example_dags/example_skip_dag.py
[2023-05-14T05:47:40.940+0000] {processor.py:753} INFO - DAG(s) dict_keys(['example_skip_dag']) retrieved from /home/airflow/.local/lib/python3.7/site-packages/airflow/example_dags/example_skip_dag.py
[2023-05-14T05:47:40.962+0000] {logging_mixin.py:137} INFO - [2023-05-14T05:47:40.962+0000] {dag.py:2705} INFO - Sync 1 DAGs
[2023-05-14T05:47:40.980+0000] {logging_mixin.py:137} INFO - [2023-05-14T05:47:40.980+0000] {dag.py:3456} INFO - Setting next_dagrun for example_skip_dag to 2023-05-13T05:47:40.980361+00:00, run_after=2023-05-14T05:47:40.980361+00:00
[2023-05-14T05:47:40.994+0000] {processor.py:175} INFO - Processing /home/airflow/.local/lib/python3.7/site-packages/airflow/example_dags/example_skip_dag.py took 0.074 seconds
[2023-05-14T05:48:11.292+0000] {processor.py:153} INFO - Started process (PID=10543) to work on /home/airflow/.local/lib/python3.7/site-packages/airflow/example_dags/example_skip_dag.py
[2023-05-14T05:48:11.294+0000] {processor.py:743} INFO - Processing file /home/airflow/.local/lib/python3.7/site-packages/airflow/example_dags/example_skip_dag.py for tasks to queue
[2023-05-14T05:48:11.296+0000] {logging_mixin.py:137} INFO - [2023-05-14T05:48:11.296+0000] {dagbag.py:532} INFO - Filling up the DagBag from /home/airflow/.local/lib/python3.7/site-packages/airflow/example_dags/example_skip_dag.py
[2023-05-14T05:48:11.307+0000] {processor.py:753} INFO - DAG(s) dict_keys(['example_skip_dag']) retrieved from /home/airflow/.local/lib/python3.7/site-packages/airflow/example_dags/example_skip_dag.py
[2023-05-14T05:48:11.329+0000] {logging_mixin.py:137} INFO - [2023-05-14T05:48:11.329+0000] {dag.py:2705} INFO - Sync 1 DAGs
[2023-05-14T05:48:11.347+0000] {logging_mixin.py:137} INFO - [2023-05-14T05:48:11.346+0000] {dag.py:3456} INFO - Setting next_dagrun for example_skip_dag to 2023-05-13T05:48:11.346711+00:00, run_after=2023-05-14T05:48:11.346711+00:00
[2023-05-14T05:48:11.362+0000] {processor.py:175} INFO - Processing /home/airflow/.local/lib/python3.7/site-packages/airflow/example_dags/example_skip_dag.py took 0.073 seconds
[2023-05-14T05:48:41.720+0000] {processor.py:153} INFO - Started process (PID=10767) to work on /home/airflow/.local/lib/python3.7/site-packages/airflow/example_dags/example_skip_dag.py
[2023-05-14T05:48:41.722+0000] {processor.py:743} INFO - Processing file /home/airflow/.local/lib/python3.7/site-packages/airflow/example_dags/example_skip_dag.py for tasks to queue
[2023-05-14T05:48:41.723+0000] {logging_mixin.py:137} INFO - [2023-05-14T05:48:41.723+0000] {dagbag.py:532} INFO - Filling up the DagBag from /home/airflow/.local/lib/python3.7/site-packages/airflow/example_dags/example_skip_dag.py
[2023-05-14T05:48:41.734+0000] {processor.py:753} INFO - DAG(s) dict_keys(['example_skip_dag']) retrieved from /home/airflow/.local/lib/python3.7/site-packages/airflow/example_dags/example_skip_dag.py
[2023-05-14T05:48:41.754+0000] {logging_mixin.py:137} INFO - [2023-05-14T05:48:41.754+0000] {dag.py:2705} INFO - Sync 1 DAGs
[2023-05-14T05:48:41.773+0000] {logging_mixin.py:137} INFO - [2023-05-14T05:48:41.773+0000] {dag.py:3456} INFO - Setting next_dagrun for example_skip_dag to 2023-05-13T05:48:41.773105+00:00, run_after=2023-05-14T05:48:41.773105+00:00
[2023-05-14T05:48:41.785+0000] {processor.py:175} INFO - Processing /home/airflow/.local/lib/python3.7/site-packages/airflow/example_dags/example_skip_dag.py took 0.069 seconds
[2023-05-14T05:49:11.979+0000] {processor.py:153} INFO - Started process (PID=10991) to work on /home/airflow/.local/lib/python3.7/site-packages/airflow/example_dags/example_skip_dag.py
[2023-05-14T05:49:11.981+0000] {processor.py:743} INFO - Processing file /home/airflow/.local/lib/python3.7/site-packages/airflow/example_dags/example_skip_dag.py for tasks to queue
[2023-05-14T05:49:11.982+0000] {logging_mixin.py:137} INFO - [2023-05-14T05:49:11.982+0000] {dagbag.py:532} INFO - Filling up the DagBag from /home/airflow/.local/lib/python3.7/site-packages/airflow/example_dags/example_skip_dag.py
[2023-05-14T05:49:11.994+0000] {processor.py:753} INFO - DAG(s) dict_keys(['example_skip_dag']) retrieved from /home/airflow/.local/lib/python3.7/site-packages/airflow/example_dags/example_skip_dag.py
[2023-05-14T05:49:12.016+0000] {logging_mixin.py:137} INFO - [2023-05-14T05:49:12.016+0000] {dag.py:2705} INFO - Sync 1 DAGs
[2023-05-14T05:49:12.033+0000] {logging_mixin.py:137} INFO - [2023-05-14T05:49:12.033+0000] {dag.py:3456} INFO - Setting next_dagrun for example_skip_dag to 2023-05-13T05:49:12.033281+00:00, run_after=2023-05-14T05:49:12.033281+00:00
[2023-05-14T05:49:12.048+0000] {processor.py:175} INFO - Processing /home/airflow/.local/lib/python3.7/site-packages/airflow/example_dags/example_skip_dag.py took 0.072 seconds
[2023-05-14T05:49:42.338+0000] {processor.py:153} INFO - Started process (PID=11217) to work on /home/airflow/.local/lib/python3.7/site-packages/airflow/example_dags/example_skip_dag.py
[2023-05-14T05:49:42.340+0000] {processor.py:743} INFO - Processing file /home/airflow/.local/lib/python3.7/site-packages/airflow/example_dags/example_skip_dag.py for tasks to queue
[2023-05-14T05:49:42.341+0000] {logging_mixin.py:137} INFO - [2023-05-14T05:49:42.341+0000] {dagbag.py:532} INFO - Filling up the DagBag from /home/airflow/.local/lib/python3.7/site-packages/airflow/example_dags/example_skip_dag.py
[2023-05-14T05:49:42.352+0000] {processor.py:753} INFO - DAG(s) dict_keys(['example_skip_dag']) retrieved from /home/airflow/.local/lib/python3.7/site-packages/airflow/example_dags/example_skip_dag.py
[2023-05-14T05:49:42.374+0000] {logging_mixin.py:137} INFO - [2023-05-14T05:49:42.374+0000] {dag.py:2705} INFO - Sync 1 DAGs
[2023-05-14T05:49:42.392+0000] {logging_mixin.py:137} INFO - [2023-05-14T05:49:42.392+0000] {dag.py:3456} INFO - Setting next_dagrun for example_skip_dag to 2023-05-13T05:49:42.391867+00:00, run_after=2023-05-14T05:49:42.391867+00:00
[2023-05-14T05:49:42.411+0000] {processor.py:175} INFO - Processing /home/airflow/.local/lib/python3.7/site-packages/airflow/example_dags/example_skip_dag.py took 0.076 seconds
[2023-05-14T05:50:12.496+0000] {processor.py:153} INFO - Started process (PID=11441) to work on /home/airflow/.local/lib/python3.7/site-packages/airflow/example_dags/example_skip_dag.py
[2023-05-14T05:50:12.498+0000] {processor.py:743} INFO - Processing file /home/airflow/.local/lib/python3.7/site-packages/airflow/example_dags/example_skip_dag.py for tasks to queue
[2023-05-14T05:50:12.499+0000] {logging_mixin.py:137} INFO - [2023-05-14T05:50:12.499+0000] {dagbag.py:532} INFO - Filling up the DagBag from /home/airflow/.local/lib/python3.7/site-packages/airflow/example_dags/example_skip_dag.py
[2023-05-14T05:50:12.510+0000] {processor.py:753} INFO - DAG(s) dict_keys(['example_skip_dag']) retrieved from /home/airflow/.local/lib/python3.7/site-packages/airflow/example_dags/example_skip_dag.py
[2023-05-14T05:50:12.533+0000] {logging_mixin.py:137} INFO - [2023-05-14T05:50:12.533+0000] {dag.py:2705} INFO - Sync 1 DAGs
[2023-05-14T05:50:12.552+0000] {logging_mixin.py:137} INFO - [2023-05-14T05:50:12.552+0000] {dag.py:3456} INFO - Setting next_dagrun for example_skip_dag to 2023-05-13T05:50:12.552233+00:00, run_after=2023-05-14T05:50:12.552233+00:00
[2023-05-14T05:50:12.567+0000] {processor.py:175} INFO - Processing /home/airflow/.local/lib/python3.7/site-packages/airflow/example_dags/example_skip_dag.py took 0.074 seconds
[2023-05-14T05:50:42.954+0000] {processor.py:153} INFO - Started process (PID=11665) to work on /home/airflow/.local/lib/python3.7/site-packages/airflow/example_dags/example_skip_dag.py
[2023-05-14T05:50:42.956+0000] {processor.py:743} INFO - Processing file /home/airflow/.local/lib/python3.7/site-packages/airflow/example_dags/example_skip_dag.py for tasks to queue
[2023-05-14T05:50:42.958+0000] {logging_mixin.py:137} INFO - [2023-05-14T05:50:42.958+0000] {dagbag.py:532} INFO - Filling up the DagBag from /home/airflow/.local/lib/python3.7/site-packages/airflow/example_dags/example_skip_dag.py
[2023-05-14T05:50:42.969+0000] {processor.py:753} INFO - DAG(s) dict_keys(['example_skip_dag']) retrieved from /home/airflow/.local/lib/python3.7/site-packages/airflow/example_dags/example_skip_dag.py
[2023-05-14T05:50:42.990+0000] {logging_mixin.py:137} INFO - [2023-05-14T05:50:42.990+0000] {dag.py:2705} INFO - Sync 1 DAGs
[2023-05-14T05:50:43.008+0000] {logging_mixin.py:137} INFO - [2023-05-14T05:50:43.007+0000] {dag.py:3456} INFO - Setting next_dagrun for example_skip_dag to 2023-05-13T05:50:43.007670+00:00, run_after=2023-05-14T05:50:43.007670+00:00
[2023-05-14T05:50:43.023+0000] {processor.py:175} INFO - Processing /home/airflow/.local/lib/python3.7/site-packages/airflow/example_dags/example_skip_dag.py took 0.072 seconds
[2023-05-14T05:51:13.348+0000] {processor.py:153} INFO - Started process (PID=11889) to work on /home/airflow/.local/lib/python3.7/site-packages/airflow/example_dags/example_skip_dag.py
[2023-05-14T05:51:13.349+0000] {processor.py:743} INFO - Processing file /home/airflow/.local/lib/python3.7/site-packages/airflow/example_dags/example_skip_dag.py for tasks to queue
[2023-05-14T05:51:13.351+0000] {logging_mixin.py:137} INFO - [2023-05-14T05:51:13.350+0000] {dagbag.py:532} INFO - Filling up the DagBag from /home/airflow/.local/lib/python3.7/site-packages/airflow/example_dags/example_skip_dag.py
[2023-05-14T05:51:13.363+0000] {processor.py:753} INFO - DAG(s) dict_keys(['example_skip_dag']) retrieved from /home/airflow/.local/lib/python3.7/site-packages/airflow/example_dags/example_skip_dag.py
[2023-05-14T05:51:13.386+0000] {logging_mixin.py:137} INFO - [2023-05-14T05:51:13.386+0000] {dag.py:2705} INFO - Sync 1 DAGs
[2023-05-14T05:51:13.406+0000] {logging_mixin.py:137} INFO - [2023-05-14T05:51:13.406+0000] {dag.py:3456} INFO - Setting next_dagrun for example_skip_dag to 2023-05-13T05:51:13.405933+00:00, run_after=2023-05-14T05:51:13.405933+00:00
[2023-05-14T05:51:13.421+0000] {processor.py:175} INFO - Processing /home/airflow/.local/lib/python3.7/site-packages/airflow/example_dags/example_skip_dag.py took 0.076 seconds
[2023-05-14T05:51:43.738+0000] {processor.py:153} INFO - Started process (PID=12112) to work on /home/airflow/.local/lib/python3.7/site-packages/airflow/example_dags/example_skip_dag.py
[2023-05-14T05:51:43.740+0000] {processor.py:743} INFO - Processing file /home/airflow/.local/lib/python3.7/site-packages/airflow/example_dags/example_skip_dag.py for tasks to queue
[2023-05-14T05:51:43.741+0000] {logging_mixin.py:137} INFO - [2023-05-14T05:51:43.741+0000] {dagbag.py:532} INFO - Filling up the DagBag from /home/airflow/.local/lib/python3.7/site-packages/airflow/example_dags/example_skip_dag.py
[2023-05-14T05:51:43.752+0000] {processor.py:753} INFO - DAG(s) dict_keys(['example_skip_dag']) retrieved from /home/airflow/.local/lib/python3.7/site-packages/airflow/example_dags/example_skip_dag.py
[2023-05-14T05:51:43.772+0000] {logging_mixin.py:137} INFO - [2023-05-14T05:51:43.772+0000] {dag.py:2705} INFO - Sync 1 DAGs
[2023-05-14T05:51:43.791+0000] {logging_mixin.py:137} INFO - [2023-05-14T05:51:43.791+0000] {dag.py:3456} INFO - Setting next_dagrun for example_skip_dag to 2023-05-13T05:51:43.791466+00:00, run_after=2023-05-14T05:51:43.791466+00:00
[2023-05-14T05:51:43.806+0000] {processor.py:175} INFO - Processing /home/airflow/.local/lib/python3.7/site-packages/airflow/example_dags/example_skip_dag.py took 0.071 seconds
[2023-05-14T05:52:13.915+0000] {processor.py:153} INFO - Started process (PID=12336) to work on /home/airflow/.local/lib/python3.7/site-packages/airflow/example_dags/example_skip_dag.py
[2023-05-14T05:52:13.918+0000] {processor.py:743} INFO - Processing file /home/airflow/.local/lib/python3.7/site-packages/airflow/example_dags/example_skip_dag.py for tasks to queue
[2023-05-14T05:52:13.920+0000] {logging_mixin.py:137} INFO - [2023-05-14T05:52:13.920+0000] {dagbag.py:532} INFO - Filling up the DagBag from /home/airflow/.local/lib/python3.7/site-packages/airflow/example_dags/example_skip_dag.py
[2023-05-14T05:52:13.931+0000] {processor.py:753} INFO - DAG(s) dict_keys(['example_skip_dag']) retrieved from /home/airflow/.local/lib/python3.7/site-packages/airflow/example_dags/example_skip_dag.py
[2023-05-14T05:52:13.954+0000] {logging_mixin.py:137} INFO - [2023-05-14T05:52:13.954+0000] {dag.py:2705} INFO - Sync 1 DAGs
[2023-05-14T05:52:13.972+0000] {logging_mixin.py:137} INFO - [2023-05-14T05:52:13.972+0000] {dag.py:3456} INFO - Setting next_dagrun for example_skip_dag to 2023-05-13T05:52:13.971941+00:00, run_after=2023-05-14T05:52:13.971941+00:00
[2023-05-14T05:52:13.987+0000] {processor.py:175} INFO - Processing /home/airflow/.local/lib/python3.7/site-packages/airflow/example_dags/example_skip_dag.py took 0.075 seconds
[2023-05-14T05:52:44.370+0000] {processor.py:153} INFO - Started process (PID=12562) to work on /home/airflow/.local/lib/python3.7/site-packages/airflow/example_dags/example_skip_dag.py
[2023-05-14T05:52:44.371+0000] {processor.py:743} INFO - Processing file /home/airflow/.local/lib/python3.7/site-packages/airflow/example_dags/example_skip_dag.py for tasks to queue
[2023-05-14T05:52:44.372+0000] {logging_mixin.py:137} INFO - [2023-05-14T05:52:44.372+0000] {dagbag.py:532} INFO - Filling up the DagBag from /home/airflow/.local/lib/python3.7/site-packages/airflow/example_dags/example_skip_dag.py
[2023-05-14T05:52:44.384+0000] {processor.py:753} INFO - DAG(s) dict_keys(['example_skip_dag']) retrieved from /home/airflow/.local/lib/python3.7/site-packages/airflow/example_dags/example_skip_dag.py
[2023-05-14T05:52:44.413+0000] {logging_mixin.py:137} INFO - [2023-05-14T05:52:44.413+0000] {dag.py:2705} INFO - Sync 1 DAGs
[2023-05-14T05:52:44.432+0000] {logging_mixin.py:137} INFO - [2023-05-14T05:52:44.432+0000] {dag.py:3456} INFO - Setting next_dagrun for example_skip_dag to 2023-05-13T05:52:44.431861+00:00, run_after=2023-05-14T05:52:44.431861+00:00
[2023-05-14T05:52:44.445+0000] {processor.py:175} INFO - Processing /home/airflow/.local/lib/python3.7/site-packages/airflow/example_dags/example_skip_dag.py took 0.078 seconds
[2023-05-14T05:53:14.746+0000] {processor.py:153} INFO - Started process (PID=12784) to work on /home/airflow/.local/lib/python3.7/site-packages/airflow/example_dags/example_skip_dag.py
[2023-05-14T05:53:14.750+0000] {processor.py:743} INFO - Processing file /home/airflow/.local/lib/python3.7/site-packages/airflow/example_dags/example_skip_dag.py for tasks to queue
[2023-05-14T05:53:14.752+0000] {logging_mixin.py:137} INFO - [2023-05-14T05:53:14.752+0000] {dagbag.py:532} INFO - Filling up the DagBag from /home/airflow/.local/lib/python3.7/site-packages/airflow/example_dags/example_skip_dag.py
[2023-05-14T05:53:14.762+0000] {processor.py:753} INFO - DAG(s) dict_keys(['example_skip_dag']) retrieved from /home/airflow/.local/lib/python3.7/site-packages/airflow/example_dags/example_skip_dag.py
[2023-05-14T05:53:14.786+0000] {logging_mixin.py:137} INFO - [2023-05-14T05:53:14.786+0000] {dag.py:2705} INFO - Sync 1 DAGs
[2023-05-14T05:53:14.806+0000] {logging_mixin.py:137} INFO - [2023-05-14T05:53:14.805+0000] {dag.py:3456} INFO - Setting next_dagrun for example_skip_dag to 2023-05-13T05:53:14.805775+00:00, run_after=2023-05-14T05:53:14.805775+00:00
[2023-05-14T05:53:14.822+0000] {processor.py:175} INFO - Processing /home/airflow/.local/lib/python3.7/site-packages/airflow/example_dags/example_skip_dag.py took 0.079 seconds
[2023-05-14T05:53:44.902+0000] {processor.py:153} INFO - Started process (PID=13009) to work on /home/airflow/.local/lib/python3.7/site-packages/airflow/example_dags/example_skip_dag.py
[2023-05-14T05:53:44.903+0000] {processor.py:743} INFO - Processing file /home/airflow/.local/lib/python3.7/site-packages/airflow/example_dags/example_skip_dag.py for tasks to queue
[2023-05-14T05:53:44.904+0000] {logging_mixin.py:137} INFO - [2023-05-14T05:53:44.904+0000] {dagbag.py:532} INFO - Filling up the DagBag from /home/airflow/.local/lib/python3.7/site-packages/airflow/example_dags/example_skip_dag.py
[2023-05-14T05:53:44.915+0000] {processor.py:753} INFO - DAG(s) dict_keys(['example_skip_dag']) retrieved from /home/airflow/.local/lib/python3.7/site-packages/airflow/example_dags/example_skip_dag.py
[2023-05-14T05:53:44.938+0000] {logging_mixin.py:137} INFO - [2023-05-14T05:53:44.938+0000] {dag.py:2705} INFO - Sync 1 DAGs
[2023-05-14T05:53:44.959+0000] {logging_mixin.py:137} INFO - [2023-05-14T05:53:44.959+0000] {dag.py:3456} INFO - Setting next_dagrun for example_skip_dag to 2023-05-13T05:53:44.959192+00:00, run_after=2023-05-14T05:53:44.959192+00:00
[2023-05-14T05:53:44.973+0000] {processor.py:175} INFO - Processing /home/airflow/.local/lib/python3.7/site-packages/airflow/example_dags/example_skip_dag.py took 0.074 seconds
[2023-05-14T05:54:15.311+0000] {processor.py:153} INFO - Started process (PID=13233) to work on /home/airflow/.local/lib/python3.7/site-packages/airflow/example_dags/example_skip_dag.py
[2023-05-14T05:54:15.313+0000] {processor.py:743} INFO - Processing file /home/airflow/.local/lib/python3.7/site-packages/airflow/example_dags/example_skip_dag.py for tasks to queue
[2023-05-14T05:54:15.319+0000] {logging_mixin.py:137} INFO - [2023-05-14T05:54:15.318+0000] {dagbag.py:532} INFO - Filling up the DagBag from /home/airflow/.local/lib/python3.7/site-packages/airflow/example_dags/example_skip_dag.py
[2023-05-14T05:54:15.332+0000] {processor.py:753} INFO - DAG(s) dict_keys(['example_skip_dag']) retrieved from /home/airflow/.local/lib/python3.7/site-packages/airflow/example_dags/example_skip_dag.py
[2023-05-14T05:54:15.362+0000] {logging_mixin.py:137} INFO - [2023-05-14T05:54:15.362+0000] {dag.py:2705} INFO - Sync 1 DAGs
[2023-05-14T05:54:15.381+0000] {logging_mixin.py:137} INFO - [2023-05-14T05:54:15.380+0000] {dag.py:3456} INFO - Setting next_dagrun for example_skip_dag to 2023-05-13T05:54:15.380800+00:00, run_after=2023-05-14T05:54:15.380800+00:00
[2023-05-14T05:54:15.394+0000] {processor.py:175} INFO - Processing /home/airflow/.local/lib/python3.7/site-packages/airflow/example_dags/example_skip_dag.py took 0.087 seconds
[2023-05-14T05:54:45.546+0000] {processor.py:153} INFO - Started process (PID=13456) to work on /home/airflow/.local/lib/python3.7/site-packages/airflow/example_dags/example_skip_dag.py
[2023-05-14T05:54:45.549+0000] {processor.py:743} INFO - Processing file /home/airflow/.local/lib/python3.7/site-packages/airflow/example_dags/example_skip_dag.py for tasks to queue
[2023-05-14T05:54:45.550+0000] {logging_mixin.py:137} INFO - [2023-05-14T05:54:45.550+0000] {dagbag.py:532} INFO - Filling up the DagBag from /home/airflow/.local/lib/python3.7/site-packages/airflow/example_dags/example_skip_dag.py
[2023-05-14T05:54:45.585+0000] {processor.py:753} INFO - DAG(s) dict_keys(['example_skip_dag']) retrieved from /home/airflow/.local/lib/python3.7/site-packages/airflow/example_dags/example_skip_dag.py
[2023-05-14T05:54:45.608+0000] {logging_mixin.py:137} INFO - [2023-05-14T05:54:45.608+0000] {dag.py:2705} INFO - Sync 1 DAGs
[2023-05-14T05:54:45.627+0000] {logging_mixin.py:137} INFO - [2023-05-14T05:54:45.627+0000] {dag.py:3456} INFO - Setting next_dagrun for example_skip_dag to 2023-05-13T05:54:45.627205+00:00, run_after=2023-05-14T05:54:45.627205+00:00
[2023-05-14T05:54:45.643+0000] {processor.py:175} INFO - Processing /home/airflow/.local/lib/python3.7/site-packages/airflow/example_dags/example_skip_dag.py took 0.102 seconds
[2023-05-14T05:55:15.990+0000] {processor.py:153} INFO - Started process (PID=13680) to work on /home/airflow/.local/lib/python3.7/site-packages/airflow/example_dags/example_skip_dag.py
[2023-05-14T05:55:15.991+0000] {processor.py:743} INFO - Processing file /home/airflow/.local/lib/python3.7/site-packages/airflow/example_dags/example_skip_dag.py for tasks to queue
[2023-05-14T05:55:15.992+0000] {logging_mixin.py:137} INFO - [2023-05-14T05:55:15.992+0000] {dagbag.py:532} INFO - Filling up the DagBag from /home/airflow/.local/lib/python3.7/site-packages/airflow/example_dags/example_skip_dag.py
[2023-05-14T05:55:16.006+0000] {processor.py:753} INFO - DAG(s) dict_keys(['example_skip_dag']) retrieved from /home/airflow/.local/lib/python3.7/site-packages/airflow/example_dags/example_skip_dag.py
[2023-05-14T05:55:16.030+0000] {logging_mixin.py:137} INFO - [2023-05-14T05:55:16.030+0000] {dag.py:2705} INFO - Sync 1 DAGs
[2023-05-14T05:55:16.048+0000] {logging_mixin.py:137} INFO - [2023-05-14T05:55:16.048+0000] {dag.py:3456} INFO - Setting next_dagrun for example_skip_dag to 2023-05-13T05:55:16.048057+00:00, run_after=2023-05-14T05:55:16.048057+00:00
[2023-05-14T05:55:16.061+0000] {processor.py:175} INFO - Processing /home/airflow/.local/lib/python3.7/site-packages/airflow/example_dags/example_skip_dag.py took 0.074 seconds
[2023-05-14T05:55:46.311+0000] {processor.py:153} INFO - Started process (PID=13904) to work on /home/airflow/.local/lib/python3.7/site-packages/airflow/example_dags/example_skip_dag.py
[2023-05-14T05:55:46.314+0000] {processor.py:743} INFO - Processing file /home/airflow/.local/lib/python3.7/site-packages/airflow/example_dags/example_skip_dag.py for tasks to queue
[2023-05-14T05:55:46.316+0000] {logging_mixin.py:137} INFO - [2023-05-14T05:55:46.316+0000] {dagbag.py:532} INFO - Filling up the DagBag from /home/airflow/.local/lib/python3.7/site-packages/airflow/example_dags/example_skip_dag.py
[2023-05-14T05:55:46.332+0000] {processor.py:753} INFO - DAG(s) dict_keys(['example_skip_dag']) retrieved from /home/airflow/.local/lib/python3.7/site-packages/airflow/example_dags/example_skip_dag.py
[2023-05-14T05:55:46.362+0000] {logging_mixin.py:137} INFO - [2023-05-14T05:55:46.362+0000] {dag.py:2705} INFO - Sync 1 DAGs
[2023-05-14T05:55:46.382+0000] {logging_mixin.py:137} INFO - [2023-05-14T05:55:46.382+0000] {dag.py:3456} INFO - Setting next_dagrun for example_skip_dag to 2023-05-13T05:55:46.382644+00:00, run_after=2023-05-14T05:55:46.382644+00:00
[2023-05-14T05:55:46.396+0000] {processor.py:175} INFO - Processing /home/airflow/.local/lib/python3.7/site-packages/airflow/example_dags/example_skip_dag.py took 0.088 seconds
[2023-05-14T05:56:16.711+0000] {processor.py:153} INFO - Started process (PID=14130) to work on /home/airflow/.local/lib/python3.7/site-packages/airflow/example_dags/example_skip_dag.py
[2023-05-14T05:56:16.712+0000] {processor.py:743} INFO - Processing file /home/airflow/.local/lib/python3.7/site-packages/airflow/example_dags/example_skip_dag.py for tasks to queue
[2023-05-14T05:56:16.714+0000] {logging_mixin.py:137} INFO - [2023-05-14T05:56:16.713+0000] {dagbag.py:532} INFO - Filling up the DagBag from /home/airflow/.local/lib/python3.7/site-packages/airflow/example_dags/example_skip_dag.py
[2023-05-14T05:56:16.725+0000] {processor.py:753} INFO - DAG(s) dict_keys(['example_skip_dag']) retrieved from /home/airflow/.local/lib/python3.7/site-packages/airflow/example_dags/example_skip_dag.py
[2023-05-14T05:56:16.748+0000] {logging_mixin.py:137} INFO - [2023-05-14T05:56:16.748+0000] {dag.py:2705} INFO - Sync 1 DAGs
[2023-05-14T05:56:16.765+0000] {logging_mixin.py:137} INFO - [2023-05-14T05:56:16.765+0000] {dag.py:3456} INFO - Setting next_dagrun for example_skip_dag to 2023-05-13T05:56:16.765497+00:00, run_after=2023-05-14T05:56:16.765497+00:00
[2023-05-14T05:56:16.778+0000] {processor.py:175} INFO - Processing /home/airflow/.local/lib/python3.7/site-packages/airflow/example_dags/example_skip_dag.py took 0.070 seconds
[2023-05-14T05:56:47.264+0000] {processor.py:153} INFO - Started process (PID=14352) to work on /home/airflow/.local/lib/python3.7/site-packages/airflow/example_dags/example_skip_dag.py
[2023-05-14T05:56:47.266+0000] {processor.py:743} INFO - Processing file /home/airflow/.local/lib/python3.7/site-packages/airflow/example_dags/example_skip_dag.py for tasks to queue
[2023-05-14T05:56:47.268+0000] {logging_mixin.py:137} INFO - [2023-05-14T05:56:47.267+0000] {dagbag.py:532} INFO - Filling up the DagBag from /home/airflow/.local/lib/python3.7/site-packages/airflow/example_dags/example_skip_dag.py
[2023-05-14T05:56:47.280+0000] {processor.py:753} INFO - DAG(s) dict_keys(['example_skip_dag']) retrieved from /home/airflow/.local/lib/python3.7/site-packages/airflow/example_dags/example_skip_dag.py
[2023-05-14T05:56:47.304+0000] {logging_mixin.py:137} INFO - [2023-05-14T05:56:47.304+0000] {dag.py:2705} INFO - Sync 1 DAGs
[2023-05-14T05:56:47.326+0000] {logging_mixin.py:137} INFO - [2023-05-14T05:56:47.326+0000] {dag.py:3456} INFO - Setting next_dagrun for example_skip_dag to 2023-05-13T05:56:47.326108+00:00, run_after=2023-05-14T05:56:47.326108+00:00
[2023-05-14T05:56:47.341+0000] {processor.py:175} INFO - Processing /home/airflow/.local/lib/python3.7/site-packages/airflow/example_dags/example_skip_dag.py took 0.081 seconds
[2023-05-14T05:57:18.187+0000] {processor.py:153} INFO - Started process (PID=14576) to work on /home/airflow/.local/lib/python3.7/site-packages/airflow/example_dags/example_skip_dag.py
[2023-05-14T05:57:18.190+0000] {processor.py:743} INFO - Processing file /home/airflow/.local/lib/python3.7/site-packages/airflow/example_dags/example_skip_dag.py for tasks to queue
[2023-05-14T05:57:18.194+0000] {logging_mixin.py:137} INFO - [2023-05-14T05:57:18.194+0000] {dagbag.py:532} INFO - Filling up the DagBag from /home/airflow/.local/lib/python3.7/site-packages/airflow/example_dags/example_skip_dag.py
[2023-05-14T05:57:18.207+0000] {processor.py:753} INFO - DAG(s) dict_keys(['example_skip_dag']) retrieved from /home/airflow/.local/lib/python3.7/site-packages/airflow/example_dags/example_skip_dag.py
[2023-05-14T05:57:18.235+0000] {logging_mixin.py:137} INFO - [2023-05-14T05:57:18.234+0000] {dag.py:2705} INFO - Sync 1 DAGs
[2023-05-14T05:57:18.255+0000] {logging_mixin.py:137} INFO - [2023-05-14T05:57:18.254+0000] {dag.py:3456} INFO - Setting next_dagrun for example_skip_dag to 2023-05-13T05:57:18.254680+00:00, run_after=2023-05-14T05:57:18.254680+00:00
[2023-05-14T05:57:18.271+0000] {processor.py:175} INFO - Processing /home/airflow/.local/lib/python3.7/site-packages/airflow/example_dags/example_skip_dag.py took 0.087 seconds
[2023-05-14T05:57:48.575+0000] {processor.py:153} INFO - Started process (PID=14800) to work on /home/airflow/.local/lib/python3.7/site-packages/airflow/example_dags/example_skip_dag.py
[2023-05-14T05:57:48.577+0000] {processor.py:743} INFO - Processing file /home/airflow/.local/lib/python3.7/site-packages/airflow/example_dags/example_skip_dag.py for tasks to queue
[2023-05-14T05:57:48.578+0000] {logging_mixin.py:137} INFO - [2023-05-14T05:57:48.578+0000] {dagbag.py:532} INFO - Filling up the DagBag from /home/airflow/.local/lib/python3.7/site-packages/airflow/example_dags/example_skip_dag.py
[2023-05-14T05:57:48.591+0000] {processor.py:753} INFO - DAG(s) dict_keys(['example_skip_dag']) retrieved from /home/airflow/.local/lib/python3.7/site-packages/airflow/example_dags/example_skip_dag.py
[2023-05-14T05:57:48.621+0000] {logging_mixin.py:137} INFO - [2023-05-14T05:57:48.621+0000] {dag.py:2705} INFO - Sync 1 DAGs
[2023-05-14T05:57:48.643+0000] {logging_mixin.py:137} INFO - [2023-05-14T05:57:48.643+0000] {dag.py:3456} INFO - Setting next_dagrun for example_skip_dag to 2023-05-13T05:57:48.643168+00:00, run_after=2023-05-14T05:57:48.643168+00:00
[2023-05-14T05:57:48.658+0000] {processor.py:175} INFO - Processing /home/airflow/.local/lib/python3.7/site-packages/airflow/example_dags/example_skip_dag.py took 0.086 seconds
[2023-05-14T05:58:19.021+0000] {processor.py:153} INFO - Started process (PID=15024) to work on /home/airflow/.local/lib/python3.7/site-packages/airflow/example_dags/example_skip_dag.py
[2023-05-14T05:58:19.023+0000] {processor.py:743} INFO - Processing file /home/airflow/.local/lib/python3.7/site-packages/airflow/example_dags/example_skip_dag.py for tasks to queue
[2023-05-14T05:58:19.024+0000] {logging_mixin.py:137} INFO - [2023-05-14T05:58:19.024+0000] {dagbag.py:532} INFO - Filling up the DagBag from /home/airflow/.local/lib/python3.7/site-packages/airflow/example_dags/example_skip_dag.py
[2023-05-14T05:58:19.035+0000] {processor.py:753} INFO - DAG(s) dict_keys(['example_skip_dag']) retrieved from /home/airflow/.local/lib/python3.7/site-packages/airflow/example_dags/example_skip_dag.py
[2023-05-14T05:58:19.058+0000] {logging_mixin.py:137} INFO - [2023-05-14T05:58:19.058+0000] {dag.py:2705} INFO - Sync 1 DAGs
[2023-05-14T05:58:19.077+0000] {logging_mixin.py:137} INFO - [2023-05-14T05:58:19.077+0000] {dag.py:3456} INFO - Setting next_dagrun for example_skip_dag to 2023-05-13T05:58:19.077626+00:00, run_after=2023-05-14T05:58:19.077626+00:00
[2023-05-14T05:58:19.092+0000] {processor.py:175} INFO - Processing /home/airflow/.local/lib/python3.7/site-packages/airflow/example_dags/example_skip_dag.py took 0.073 seconds
[2023-05-14T05:58:49.282+0000] {processor.py:153} INFO - Started process (PID=15248) to work on /home/airflow/.local/lib/python3.7/site-packages/airflow/example_dags/example_skip_dag.py
[2023-05-14T05:58:49.283+0000] {processor.py:743} INFO - Processing file /home/airflow/.local/lib/python3.7/site-packages/airflow/example_dags/example_skip_dag.py for tasks to queue
[2023-05-14T05:58:49.285+0000] {logging_mixin.py:137} INFO - [2023-05-14T05:58:49.285+0000] {dagbag.py:532} INFO - Filling up the DagBag from /home/airflow/.local/lib/python3.7/site-packages/airflow/example_dags/example_skip_dag.py
[2023-05-14T05:58:49.296+0000] {processor.py:753} INFO - DAG(s) dict_keys(['example_skip_dag']) retrieved from /home/airflow/.local/lib/python3.7/site-packages/airflow/example_dags/example_skip_dag.py
[2023-05-14T05:58:49.317+0000] {logging_mixin.py:137} INFO - [2023-05-14T05:58:49.317+0000] {dag.py:2705} INFO - Sync 1 DAGs
[2023-05-14T05:58:49.334+0000] {logging_mixin.py:137} INFO - [2023-05-14T05:58:49.334+0000] {dag.py:3456} INFO - Setting next_dagrun for example_skip_dag to 2023-05-13T05:58:49.333906+00:00, run_after=2023-05-14T05:58:49.333906+00:00
[2023-05-14T05:58:49.346+0000] {processor.py:175} INFO - Processing /home/airflow/.local/lib/python3.7/site-packages/airflow/example_dags/example_skip_dag.py took 0.067 seconds
[2023-05-14T05:59:19.564+0000] {processor.py:153} INFO - Started process (PID=15472) to work on /home/airflow/.local/lib/python3.7/site-packages/airflow/example_dags/example_skip_dag.py
[2023-05-14T05:59:19.566+0000] {processor.py:743} INFO - Processing file /home/airflow/.local/lib/python3.7/site-packages/airflow/example_dags/example_skip_dag.py for tasks to queue
[2023-05-14T05:59:19.567+0000] {logging_mixin.py:137} INFO - [2023-05-14T05:59:19.567+0000] {dagbag.py:532} INFO - Filling up the DagBag from /home/airflow/.local/lib/python3.7/site-packages/airflow/example_dags/example_skip_dag.py
[2023-05-14T05:59:19.578+0000] {processor.py:753} INFO - DAG(s) dict_keys(['example_skip_dag']) retrieved from /home/airflow/.local/lib/python3.7/site-packages/airflow/example_dags/example_skip_dag.py
[2023-05-14T05:59:19.600+0000] {logging_mixin.py:137} INFO - [2023-05-14T05:59:19.600+0000] {dag.py:2705} INFO - Sync 1 DAGs
[2023-05-14T05:59:19.618+0000] {logging_mixin.py:137} INFO - [2023-05-14T05:59:19.618+0000] {dag.py:3456} INFO - Setting next_dagrun for example_skip_dag to 2023-05-13T05:59:19.618643+00:00, run_after=2023-05-14T05:59:19.618643+00:00
[2023-05-14T05:59:19.633+0000] {processor.py:175} INFO - Processing /home/airflow/.local/lib/python3.7/site-packages/airflow/example_dags/example_skip_dag.py took 0.072 seconds
[2023-05-14T05:59:50.098+0000] {processor.py:153} INFO - Started process (PID=15698) to work on /home/airflow/.local/lib/python3.7/site-packages/airflow/example_dags/example_skip_dag.py
[2023-05-14T05:59:50.100+0000] {processor.py:743} INFO - Processing file /home/airflow/.local/lib/python3.7/site-packages/airflow/example_dags/example_skip_dag.py for tasks to queue
[2023-05-14T05:59:50.101+0000] {logging_mixin.py:137} INFO - [2023-05-14T05:59:50.101+0000] {dagbag.py:532} INFO - Filling up the DagBag from /home/airflow/.local/lib/python3.7/site-packages/airflow/example_dags/example_skip_dag.py
[2023-05-14T05:59:50.113+0000] {processor.py:753} INFO - DAG(s) dict_keys(['example_skip_dag']) retrieved from /home/airflow/.local/lib/python3.7/site-packages/airflow/example_dags/example_skip_dag.py
[2023-05-14T05:59:50.136+0000] {logging_mixin.py:137} INFO - [2023-05-14T05:59:50.136+0000] {dag.py:2705} INFO - Sync 1 DAGs
[2023-05-14T05:59:50.156+0000] {logging_mixin.py:137} INFO - [2023-05-14T05:59:50.156+0000] {dag.py:3456} INFO - Setting next_dagrun for example_skip_dag to 2023-05-13T05:59:50.156240+00:00, run_after=2023-05-14T05:59:50.156240+00:00
[2023-05-14T05:59:50.171+0000] {processor.py:175} INFO - Processing /home/airflow/.local/lib/python3.7/site-packages/airflow/example_dags/example_skip_dag.py took 0.076 seconds
[2023-05-14T06:00:20.291+0000] {processor.py:153} INFO - Started process (PID=15920) to work on /home/airflow/.local/lib/python3.7/site-packages/airflow/example_dags/example_skip_dag.py
[2023-05-14T06:00:20.293+0000] {processor.py:743} INFO - Processing file /home/airflow/.local/lib/python3.7/site-packages/airflow/example_dags/example_skip_dag.py for tasks to queue
[2023-05-14T06:00:20.295+0000] {logging_mixin.py:137} INFO - [2023-05-14T06:00:20.295+0000] {dagbag.py:532} INFO - Filling up the DagBag from /home/airflow/.local/lib/python3.7/site-packages/airflow/example_dags/example_skip_dag.py
[2023-05-14T06:00:20.306+0000] {processor.py:753} INFO - DAG(s) dict_keys(['example_skip_dag']) retrieved from /home/airflow/.local/lib/python3.7/site-packages/airflow/example_dags/example_skip_dag.py
[2023-05-14T06:00:20.327+0000] {logging_mixin.py:137} INFO - [2023-05-14T06:00:20.327+0000] {dag.py:2705} INFO - Sync 1 DAGs
[2023-05-14T06:00:20.347+0000] {logging_mixin.py:137} INFO - [2023-05-14T06:00:20.347+0000] {dag.py:3456} INFO - Setting next_dagrun for example_skip_dag to 2023-05-13T06:00:20.347091+00:00, run_after=2023-05-14T06:00:20.347091+00:00
[2023-05-14T06:00:20.363+0000] {processor.py:175} INFO - Processing /home/airflow/.local/lib/python3.7/site-packages/airflow/example_dags/example_skip_dag.py took 0.075 seconds
[2023-05-14T06:00:50.983+0000] {processor.py:153} INFO - Started process (PID=16146) to work on /home/airflow/.local/lib/python3.7/site-packages/airflow/example_dags/example_skip_dag.py
[2023-05-14T06:00:50.985+0000] {processor.py:743} INFO - Processing file /home/airflow/.local/lib/python3.7/site-packages/airflow/example_dags/example_skip_dag.py for tasks to queue
[2023-05-14T06:00:50.986+0000] {logging_mixin.py:137} INFO - [2023-05-14T06:00:50.985+0000] {dagbag.py:532} INFO - Filling up the DagBag from /home/airflow/.local/lib/python3.7/site-packages/airflow/example_dags/example_skip_dag.py
[2023-05-14T06:00:50.999+0000] {processor.py:753} INFO - DAG(s) dict_keys(['example_skip_dag']) retrieved from /home/airflow/.local/lib/python3.7/site-packages/airflow/example_dags/example_skip_dag.py
[2023-05-14T06:00:51.022+0000] {logging_mixin.py:137} INFO - [2023-05-14T06:00:51.022+0000] {dag.py:2705} INFO - Sync 1 DAGs
[2023-05-14T06:00:51.038+0000] {logging_mixin.py:137} INFO - [2023-05-14T06:00:51.038+0000] {dag.py:3456} INFO - Setting next_dagrun for example_skip_dag to 2023-05-13T06:00:51.038593+00:00, run_after=2023-05-14T06:00:51.038593+00:00
[2023-05-14T06:00:51.051+0000] {processor.py:175} INFO - Processing /home/airflow/.local/lib/python3.7/site-packages/airflow/example_dags/example_skip_dag.py took 0.071 seconds
[2023-05-14T06:01:21.782+0000] {processor.py:153} INFO - Started process (PID=16372) to work on /home/airflow/.local/lib/python3.7/site-packages/airflow/example_dags/example_skip_dag.py
[2023-05-14T06:01:21.785+0000] {processor.py:743} INFO - Processing file /home/airflow/.local/lib/python3.7/site-packages/airflow/example_dags/example_skip_dag.py for tasks to queue
[2023-05-14T06:01:21.787+0000] {logging_mixin.py:137} INFO - [2023-05-14T06:01:21.786+0000] {dagbag.py:532} INFO - Filling up the DagBag from /home/airflow/.local/lib/python3.7/site-packages/airflow/example_dags/example_skip_dag.py
[2023-05-14T06:01:21.807+0000] {processor.py:753} INFO - DAG(s) dict_keys(['example_skip_dag']) retrieved from /home/airflow/.local/lib/python3.7/site-packages/airflow/example_dags/example_skip_dag.py
[2023-05-14T06:01:21.836+0000] {logging_mixin.py:137} INFO - [2023-05-14T06:01:21.836+0000] {dag.py:2705} INFO - Sync 1 DAGs
[2023-05-14T06:01:21.855+0000] {logging_mixin.py:137} INFO - [2023-05-14T06:01:21.855+0000] {dag.py:3456} INFO - Setting next_dagrun for example_skip_dag to 2023-05-13T06:01:21.855216+00:00, run_after=2023-05-14T06:01:21.855216+00:00
[2023-05-14T06:01:21.869+0000] {processor.py:175} INFO - Processing /home/airflow/.local/lib/python3.7/site-packages/airflow/example_dags/example_skip_dag.py took 0.097 seconds
[2023-05-14T06:01:52.273+0000] {processor.py:153} INFO - Started process (PID=16596) to work on /home/airflow/.local/lib/python3.7/site-packages/airflow/example_dags/example_skip_dag.py
[2023-05-14T06:01:52.275+0000] {processor.py:743} INFO - Processing file /home/airflow/.local/lib/python3.7/site-packages/airflow/example_dags/example_skip_dag.py for tasks to queue
[2023-05-14T06:01:52.277+0000] {logging_mixin.py:137} INFO - [2023-05-14T06:01:52.277+0000] {dagbag.py:532} INFO - Filling up the DagBag from /home/airflow/.local/lib/python3.7/site-packages/airflow/example_dags/example_skip_dag.py
[2023-05-14T06:01:52.292+0000] {processor.py:753} INFO - DAG(s) dict_keys(['example_skip_dag']) retrieved from /home/airflow/.local/lib/python3.7/site-packages/airflow/example_dags/example_skip_dag.py
[2023-05-14T06:01:52.314+0000] {logging_mixin.py:137} INFO - [2023-05-14T06:01:52.314+0000] {dag.py:2705} INFO - Sync 1 DAGs
[2023-05-14T06:01:52.330+0000] {logging_mixin.py:137} INFO - [2023-05-14T06:01:52.330+0000] {dag.py:3456} INFO - Setting next_dagrun for example_skip_dag to 2023-05-13T06:01:52.330300+00:00, run_after=2023-05-14T06:01:52.330300+00:00
[2023-05-14T06:01:52.343+0000] {processor.py:175} INFO - Processing /home/airflow/.local/lib/python3.7/site-packages/airflow/example_dags/example_skip_dag.py took 0.073 seconds
[2023-05-14T06:02:22.760+0000] {processor.py:153} INFO - Started process (PID=16829) to work on /home/airflow/.local/lib/python3.7/site-packages/airflow/example_dags/example_skip_dag.py
[2023-05-14T06:02:22.762+0000] {processor.py:743} INFO - Processing file /home/airflow/.local/lib/python3.7/site-packages/airflow/example_dags/example_skip_dag.py for tasks to queue
[2023-05-14T06:02:22.763+0000] {logging_mixin.py:137} INFO - [2023-05-14T06:02:22.763+0000] {dagbag.py:532} INFO - Filling up the DagBag from /home/airflow/.local/lib/python3.7/site-packages/airflow/example_dags/example_skip_dag.py
[2023-05-14T06:02:22.777+0000] {processor.py:753} INFO - DAG(s) dict_keys(['example_skip_dag']) retrieved from /home/airflow/.local/lib/python3.7/site-packages/airflow/example_dags/example_skip_dag.py
[2023-05-14T06:02:22.801+0000] {logging_mixin.py:137} INFO - [2023-05-14T06:02:22.801+0000] {dag.py:2705} INFO - Sync 1 DAGs
[2023-05-14T06:02:22.821+0000] {logging_mixin.py:137} INFO - [2023-05-14T06:02:22.821+0000] {dag.py:3456} INFO - Setting next_dagrun for example_skip_dag to 2023-05-13T06:02:22.821233+00:00, run_after=2023-05-14T06:02:22.821233+00:00
[2023-05-14T06:02:22.835+0000] {processor.py:175} INFO - Processing /home/airflow/.local/lib/python3.7/site-packages/airflow/example_dags/example_skip_dag.py took 0.079 seconds
[2023-05-14T06:02:53.268+0000] {processor.py:153} INFO - Started process (PID=17055) to work on /home/airflow/.local/lib/python3.7/site-packages/airflow/example_dags/example_skip_dag.py
[2023-05-14T06:02:53.273+0000] {processor.py:743} INFO - Processing file /home/airflow/.local/lib/python3.7/site-packages/airflow/example_dags/example_skip_dag.py for tasks to queue
[2023-05-14T06:02:53.277+0000] {logging_mixin.py:137} INFO - [2023-05-14T06:02:53.277+0000] {dagbag.py:532} INFO - Filling up the DagBag from /home/airflow/.local/lib/python3.7/site-packages/airflow/example_dags/example_skip_dag.py
[2023-05-14T06:02:53.290+0000] {processor.py:753} INFO - DAG(s) dict_keys(['example_skip_dag']) retrieved from /home/airflow/.local/lib/python3.7/site-packages/airflow/example_dags/example_skip_dag.py
[2023-05-14T06:02:53.312+0000] {logging_mixin.py:137} INFO - [2023-05-14T06:02:53.312+0000] {dag.py:2705} INFO - Sync 1 DAGs
[2023-05-14T06:02:53.328+0000] {logging_mixin.py:137} INFO - [2023-05-14T06:02:53.328+0000] {dag.py:3456} INFO - Setting next_dagrun for example_skip_dag to 2023-05-13T06:02:53.328220+00:00, run_after=2023-05-14T06:02:53.328220+00:00
[2023-05-14T06:02:53.339+0000] {processor.py:175} INFO - Processing /home/airflow/.local/lib/python3.7/site-packages/airflow/example_dags/example_skip_dag.py took 0.076 seconds
[2023-05-14T06:03:23.842+0000] {processor.py:153} INFO - Started process (PID=17278) to work on /home/airflow/.local/lib/python3.7/site-packages/airflow/example_dags/example_skip_dag.py
[2023-05-14T06:03:23.845+0000] {processor.py:743} INFO - Processing file /home/airflow/.local/lib/python3.7/site-packages/airflow/example_dags/example_skip_dag.py for tasks to queue
[2023-05-14T06:03:23.846+0000] {logging_mixin.py:137} INFO - [2023-05-14T06:03:23.846+0000] {dagbag.py:532} INFO - Filling up the DagBag from /home/airflow/.local/lib/python3.7/site-packages/airflow/example_dags/example_skip_dag.py
[2023-05-14T06:03:23.862+0000] {processor.py:753} INFO - DAG(s) dict_keys(['example_skip_dag']) retrieved from /home/airflow/.local/lib/python3.7/site-packages/airflow/example_dags/example_skip_dag.py
[2023-05-14T06:03:23.883+0000] {logging_mixin.py:137} INFO - [2023-05-14T06:03:23.883+0000] {dag.py:2705} INFO - Sync 1 DAGs
[2023-05-14T06:03:23.900+0000] {logging_mixin.py:137} INFO - [2023-05-14T06:03:23.900+0000] {dag.py:3456} INFO - Setting next_dagrun for example_skip_dag to 2023-05-13T06:03:23.900709+00:00, run_after=2023-05-14T06:03:23.900709+00:00
[2023-05-14T06:03:23.914+0000] {processor.py:175} INFO - Processing /home/airflow/.local/lib/python3.7/site-packages/airflow/example_dags/example_skip_dag.py took 0.075 seconds
[2023-05-14T06:03:54.487+0000] {processor.py:153} INFO - Started process (PID=17503) to work on /home/airflow/.local/lib/python3.7/site-packages/airflow/example_dags/example_skip_dag.py
[2023-05-14T06:03:54.489+0000] {processor.py:743} INFO - Processing file /home/airflow/.local/lib/python3.7/site-packages/airflow/example_dags/example_skip_dag.py for tasks to queue
[2023-05-14T06:03:54.490+0000] {logging_mixin.py:137} INFO - [2023-05-14T06:03:54.490+0000] {dagbag.py:532} INFO - Filling up the DagBag from /home/airflow/.local/lib/python3.7/site-packages/airflow/example_dags/example_skip_dag.py
[2023-05-14T06:03:54.515+0000] {processor.py:753} INFO - DAG(s) dict_keys(['example_skip_dag']) retrieved from /home/airflow/.local/lib/python3.7/site-packages/airflow/example_dags/example_skip_dag.py
[2023-05-14T06:03:54.559+0000] {logging_mixin.py:137} INFO - [2023-05-14T06:03:54.559+0000] {dag.py:2705} INFO - Sync 1 DAGs
[2023-05-14T06:03:54.578+0000] {logging_mixin.py:137} INFO - [2023-05-14T06:03:54.578+0000] {dag.py:3456} INFO - Setting next_dagrun for example_skip_dag to 2023-05-13T06:03:54.578234+00:00, run_after=2023-05-14T06:03:54.578234+00:00
[2023-05-14T06:03:54.591+0000] {processor.py:175} INFO - Processing /home/airflow/.local/lib/python3.7/site-packages/airflow/example_dags/example_skip_dag.py took 0.107 seconds
[2023-05-14T06:04:24.913+0000] {processor.py:153} INFO - Started process (PID=17726) to work on /home/airflow/.local/lib/python3.7/site-packages/airflow/example_dags/example_skip_dag.py
[2023-05-14T06:04:24.915+0000] {processor.py:743} INFO - Processing file /home/airflow/.local/lib/python3.7/site-packages/airflow/example_dags/example_skip_dag.py for tasks to queue
[2023-05-14T06:04:24.916+0000] {logging_mixin.py:137} INFO - [2023-05-14T06:04:24.916+0000] {dagbag.py:532} INFO - Filling up the DagBag from /home/airflow/.local/lib/python3.7/site-packages/airflow/example_dags/example_skip_dag.py
[2023-05-14T06:04:24.952+0000] {processor.py:753} INFO - DAG(s) dict_keys(['example_skip_dag']) retrieved from /home/airflow/.local/lib/python3.7/site-packages/airflow/example_dags/example_skip_dag.py
[2023-05-14T06:04:24.978+0000] {logging_mixin.py:137} INFO - [2023-05-14T06:04:24.978+0000] {dag.py:2705} INFO - Sync 1 DAGs
[2023-05-14T06:04:24.999+0000] {logging_mixin.py:137} INFO - [2023-05-14T06:04:24.999+0000] {dag.py:3456} INFO - Setting next_dagrun for example_skip_dag to 2023-05-13T06:04:24.999546+00:00, run_after=2023-05-14T06:04:24.999546+00:00
[2023-05-14T06:04:25.016+0000] {processor.py:175} INFO - Processing /home/airflow/.local/lib/python3.7/site-packages/airflow/example_dags/example_skip_dag.py took 0.107 seconds
[2023-05-14T06:04:55.229+0000] {processor.py:153} INFO - Started process (PID=17952) to work on /home/airflow/.local/lib/python3.7/site-packages/airflow/example_dags/example_skip_dag.py
[2023-05-14T06:04:55.231+0000] {processor.py:743} INFO - Processing file /home/airflow/.local/lib/python3.7/site-packages/airflow/example_dags/example_skip_dag.py for tasks to queue
[2023-05-14T06:04:55.232+0000] {logging_mixin.py:137} INFO - [2023-05-14T06:04:55.232+0000] {dagbag.py:532} INFO - Filling up the DagBag from /home/airflow/.local/lib/python3.7/site-packages/airflow/example_dags/example_skip_dag.py
[2023-05-14T06:04:55.246+0000] {processor.py:753} INFO - DAG(s) dict_keys(['example_skip_dag']) retrieved from /home/airflow/.local/lib/python3.7/site-packages/airflow/example_dags/example_skip_dag.py
[2023-05-14T06:04:55.268+0000] {logging_mixin.py:137} INFO - [2023-05-14T06:04:55.268+0000] {dag.py:2705} INFO - Sync 1 DAGs
[2023-05-14T06:04:55.283+0000] {logging_mixin.py:137} INFO - [2023-05-14T06:04:55.283+0000] {dag.py:3456} INFO - Setting next_dagrun for example_skip_dag to 2023-05-13T06:04:55.283729+00:00, run_after=2023-05-14T06:04:55.283729+00:00
[2023-05-14T06:04:55.295+0000] {processor.py:175} INFO - Processing /home/airflow/.local/lib/python3.7/site-packages/airflow/example_dags/example_skip_dag.py took 0.069 seconds
[2023-05-14T06:05:25.666+0000] {processor.py:153} INFO - Started process (PID=18176) to work on /home/airflow/.local/lib/python3.7/site-packages/airflow/example_dags/example_skip_dag.py
[2023-05-14T06:05:25.668+0000] {processor.py:743} INFO - Processing file /home/airflow/.local/lib/python3.7/site-packages/airflow/example_dags/example_skip_dag.py for tasks to queue
[2023-05-14T06:05:25.669+0000] {logging_mixin.py:137} INFO - [2023-05-14T06:05:25.669+0000] {dagbag.py:532} INFO - Filling up the DagBag from /home/airflow/.local/lib/python3.7/site-packages/airflow/example_dags/example_skip_dag.py
[2023-05-14T06:05:25.682+0000] {processor.py:753} INFO - DAG(s) dict_keys(['example_skip_dag']) retrieved from /home/airflow/.local/lib/python3.7/site-packages/airflow/example_dags/example_skip_dag.py
[2023-05-14T06:05:25.703+0000] {logging_mixin.py:137} INFO - [2023-05-14T06:05:25.703+0000] {dag.py:2705} INFO - Sync 1 DAGs
[2023-05-14T06:05:25.720+0000] {logging_mixin.py:137} INFO - [2023-05-14T06:05:25.720+0000] {dag.py:3456} INFO - Setting next_dagrun for example_skip_dag to 2023-05-13T06:05:25.720003+00:00, run_after=2023-05-14T06:05:25.720003+00:00
[2023-05-14T06:05:25.733+0000] {processor.py:175} INFO - Processing /home/airflow/.local/lib/python3.7/site-packages/airflow/example_dags/example_skip_dag.py took 0.070 seconds
[2023-05-14T06:05:56.161+0000] {processor.py:153} INFO - Started process (PID=18400) to work on /home/airflow/.local/lib/python3.7/site-packages/airflow/example_dags/example_skip_dag.py
[2023-05-14T06:05:56.163+0000] {processor.py:743} INFO - Processing file /home/airflow/.local/lib/python3.7/site-packages/airflow/example_dags/example_skip_dag.py for tasks to queue
[2023-05-14T06:05:56.167+0000] {logging_mixin.py:137} INFO - [2023-05-14T06:05:56.167+0000] {dagbag.py:532} INFO - Filling up the DagBag from /home/airflow/.local/lib/python3.7/site-packages/airflow/example_dags/example_skip_dag.py
[2023-05-14T06:05:56.183+0000] {processor.py:753} INFO - DAG(s) dict_keys(['example_skip_dag']) retrieved from /home/airflow/.local/lib/python3.7/site-packages/airflow/example_dags/example_skip_dag.py
[2023-05-14T06:05:56.206+0000] {logging_mixin.py:137} INFO - [2023-05-14T06:05:56.206+0000] {dag.py:2705} INFO - Sync 1 DAGs
[2023-05-14T06:05:56.224+0000] {logging_mixin.py:137} INFO - [2023-05-14T06:05:56.223+0000] {dag.py:3456} INFO - Setting next_dagrun for example_skip_dag to 2023-05-13T06:05:56.223654+00:00, run_after=2023-05-14T06:05:56.223654+00:00
[2023-05-14T06:05:56.236+0000] {processor.py:175} INFO - Processing /home/airflow/.local/lib/python3.7/site-packages/airflow/example_dags/example_skip_dag.py took 0.077 seconds
[2023-05-14T06:06:26.794+0000] {processor.py:153} INFO - Started process (PID=18623) to work on /home/airflow/.local/lib/python3.7/site-packages/airflow/example_dags/example_skip_dag.py
[2023-05-14T06:06:26.796+0000] {processor.py:743} INFO - Processing file /home/airflow/.local/lib/python3.7/site-packages/airflow/example_dags/example_skip_dag.py for tasks to queue
[2023-05-14T06:06:26.797+0000] {logging_mixin.py:137} INFO - [2023-05-14T06:06:26.797+0000] {dagbag.py:532} INFO - Filling up the DagBag from /home/airflow/.local/lib/python3.7/site-packages/airflow/example_dags/example_skip_dag.py
[2023-05-14T06:06:26.812+0000] {processor.py:753} INFO - DAG(s) dict_keys(['example_skip_dag']) retrieved from /home/airflow/.local/lib/python3.7/site-packages/airflow/example_dags/example_skip_dag.py
[2023-05-14T06:06:26.835+0000] {logging_mixin.py:137} INFO - [2023-05-14T06:06:26.835+0000] {dag.py:2705} INFO - Sync 1 DAGs
[2023-05-14T06:06:26.853+0000] {logging_mixin.py:137} INFO - [2023-05-14T06:06:26.853+0000] {dag.py:3456} INFO - Setting next_dagrun for example_skip_dag to 2023-05-13T06:06:26.853196+00:00, run_after=2023-05-14T06:06:26.853196+00:00
[2023-05-14T06:06:26.869+0000] {processor.py:175} INFO - Processing /home/airflow/.local/lib/python3.7/site-packages/airflow/example_dags/example_skip_dag.py took 0.079 seconds
[2023-05-14T06:06:57.325+0000] {processor.py:153} INFO - Started process (PID=18847) to work on /home/airflow/.local/lib/python3.7/site-packages/airflow/example_dags/example_skip_dag.py
[2023-05-14T06:06:57.326+0000] {processor.py:743} INFO - Processing file /home/airflow/.local/lib/python3.7/site-packages/airflow/example_dags/example_skip_dag.py for tasks to queue
[2023-05-14T06:06:57.328+0000] {logging_mixin.py:137} INFO - [2023-05-14T06:06:57.328+0000] {dagbag.py:532} INFO - Filling up the DagBag from /home/airflow/.local/lib/python3.7/site-packages/airflow/example_dags/example_skip_dag.py
[2023-05-14T06:06:57.344+0000] {processor.py:753} INFO - DAG(s) dict_keys(['example_skip_dag']) retrieved from /home/airflow/.local/lib/python3.7/site-packages/airflow/example_dags/example_skip_dag.py
[2023-05-14T06:06:57.367+0000] {logging_mixin.py:137} INFO - [2023-05-14T06:06:57.367+0000] {dag.py:2705} INFO - Sync 1 DAGs
[2023-05-14T06:06:57.385+0000] {logging_mixin.py:137} INFO - [2023-05-14T06:06:57.385+0000] {dag.py:3456} INFO - Setting next_dagrun for example_skip_dag to 2023-05-13T06:06:57.385468+00:00, run_after=2023-05-14T06:06:57.385468+00:00
[2023-05-14T06:06:57.399+0000] {processor.py:175} INFO - Processing /home/airflow/.local/lib/python3.7/site-packages/airflow/example_dags/example_skip_dag.py took 0.077 seconds
[2023-05-14T06:07:27.996+0000] {processor.py:153} INFO - Started process (PID=19079) to work on /home/airflow/.local/lib/python3.7/site-packages/airflow/example_dags/example_skip_dag.py
[2023-05-14T06:07:27.998+0000] {processor.py:743} INFO - Processing file /home/airflow/.local/lib/python3.7/site-packages/airflow/example_dags/example_skip_dag.py for tasks to queue
[2023-05-14T06:07:27.999+0000] {logging_mixin.py:137} INFO - [2023-05-14T06:07:27.999+0000] {dagbag.py:532} INFO - Filling up the DagBag from /home/airflow/.local/lib/python3.7/site-packages/airflow/example_dags/example_skip_dag.py
[2023-05-14T06:07:28.012+0000] {processor.py:753} INFO - DAG(s) dict_keys(['example_skip_dag']) retrieved from /home/airflow/.local/lib/python3.7/site-packages/airflow/example_dags/example_skip_dag.py
[2023-05-14T06:07:28.035+0000] {logging_mixin.py:137} INFO - [2023-05-14T06:07:28.035+0000] {dag.py:2705} INFO - Sync 1 DAGs
[2023-05-14T06:07:28.053+0000] {logging_mixin.py:137} INFO - [2023-05-14T06:07:28.053+0000] {dag.py:3456} INFO - Setting next_dagrun for example_skip_dag to 2023-05-13T06:07:28.052961+00:00, run_after=2023-05-14T06:07:28.052961+00:00
[2023-05-14T06:07:28.065+0000] {processor.py:175} INFO - Processing /home/airflow/.local/lib/python3.7/site-packages/airflow/example_dags/example_skip_dag.py took 0.072 seconds
