[2023-05-14T00:21:07.196+0000] {processor.py:153} INFO - Started process (PID=2915) to work on /home/airflow/.local/lib/python3.7/site-packages/airflow/example_dags/example_xcom.py
[2023-05-14T00:21:07.198+0000] {processor.py:743} INFO - Processing file /home/airflow/.local/lib/python3.7/site-packages/airflow/example_dags/example_xcom.py for tasks to queue
[2023-05-14T00:21:07.200+0000] {logging_mixin.py:137} INFO - [2023-05-14T00:21:07.200+0000] {dagbag.py:532} INFO - Filling up the DagBag from /home/airflow/.local/lib/python3.7/site-packages/airflow/example_dags/example_xcom.py
[2023-05-14T00:21:07.219+0000] {processor.py:753} INFO - DAG(s) dict_keys(['example_xcom']) retrieved from /home/airflow/.local/lib/python3.7/site-packages/airflow/example_dags/example_xcom.py
[2023-05-14T00:21:07.242+0000] {logging_mixin.py:137} INFO - [2023-05-14T00:21:07.242+0000] {dag.py:2705} INFO - Sync 1 DAGs
[2023-05-14T00:21:07.260+0000] {logging_mixin.py:137} INFO - [2023-05-14T00:21:07.260+0000] {dag.py:3456} INFO - Setting next_dagrun for example_xcom to 2021-01-01T00:00:00+00:00, run_after=2021-01-01T00:00:00+00:00
[2023-05-14T00:21:07.272+0000] {processor.py:175} INFO - Processing /home/airflow/.local/lib/python3.7/site-packages/airflow/example_dags/example_xcom.py took 0.081 seconds
[2023-05-14T01:15:58.700+0000] {processor.py:153} INFO - Started process (PID=3139) to work on /home/airflow/.local/lib/python3.7/site-packages/airflow/example_dags/example_xcom.py
[2023-05-14T01:15:58.702+0000] {processor.py:743} INFO - Processing file /home/airflow/.local/lib/python3.7/site-packages/airflow/example_dags/example_xcom.py for tasks to queue
[2023-05-14T01:15:58.703+0000] {logging_mixin.py:137} INFO - [2023-05-14T01:15:58.703+0000] {dagbag.py:532} INFO - Filling up the DagBag from /home/airflow/.local/lib/python3.7/site-packages/airflow/example_dags/example_xcom.py
[2023-05-14T01:15:58.721+0000] {processor.py:753} INFO - DAG(s) dict_keys(['example_xcom']) retrieved from /home/airflow/.local/lib/python3.7/site-packages/airflow/example_dags/example_xcom.py
[2023-05-14T01:15:58.744+0000] {logging_mixin.py:137} INFO - [2023-05-14T01:15:58.744+0000] {dag.py:2705} INFO - Sync 1 DAGs
[2023-05-14T01:15:58.761+0000] {logging_mixin.py:137} INFO - [2023-05-14T01:15:58.761+0000] {dag.py:3456} INFO - Setting next_dagrun for example_xcom to 2021-01-01T00:00:00+00:00, run_after=2021-01-01T00:00:00+00:00
[2023-05-14T01:15:58.773+0000] {processor.py:175} INFO - Processing /home/airflow/.local/lib/python3.7/site-packages/airflow/example_dags/example_xcom.py took 0.075 seconds
[2023-05-14T02:15:38.494+0000] {processor.py:153} INFO - Started process (PID=3360) to work on /home/airflow/.local/lib/python3.7/site-packages/airflow/example_dags/example_xcom.py
[2023-05-14T02:15:38.497+0000] {processor.py:743} INFO - Processing file /home/airflow/.local/lib/python3.7/site-packages/airflow/example_dags/example_xcom.py for tasks to queue
[2023-05-14T02:15:38.500+0000] {logging_mixin.py:137} INFO - [2023-05-14T02:15:38.499+0000] {dagbag.py:532} INFO - Filling up the DagBag from /home/airflow/.local/lib/python3.7/site-packages/airflow/example_dags/example_xcom.py
[2023-05-14T02:15:38.525+0000] {processor.py:753} INFO - DAG(s) dict_keys(['example_xcom']) retrieved from /home/airflow/.local/lib/python3.7/site-packages/airflow/example_dags/example_xcom.py
[2023-05-14T02:15:38.555+0000] {logging_mixin.py:137} INFO - [2023-05-14T02:15:38.555+0000] {dag.py:2705} INFO - Sync 1 DAGs
[2023-05-14T02:15:38.575+0000] {logging_mixin.py:137} INFO - [2023-05-14T02:15:38.575+0000] {dag.py:3456} INFO - Setting next_dagrun for example_xcom to 2021-01-01T00:00:00+00:00, run_after=2021-01-01T00:00:00+00:00
[2023-05-14T02:15:38.593+0000] {processor.py:175} INFO - Processing /home/airflow/.local/lib/python3.7/site-packages/airflow/example_dags/example_xcom.py took 0.102 seconds
[2023-05-14T02:41:29.365+0000] {processor.py:153} INFO - Started process (PID=3583) to work on /home/airflow/.local/lib/python3.7/site-packages/airflow/example_dags/example_xcom.py
[2023-05-14T02:41:29.367+0000] {processor.py:743} INFO - Processing file /home/airflow/.local/lib/python3.7/site-packages/airflow/example_dags/example_xcom.py for tasks to queue
[2023-05-14T02:41:29.370+0000] {logging_mixin.py:137} INFO - [2023-05-14T02:41:29.370+0000] {dagbag.py:532} INFO - Filling up the DagBag from /home/airflow/.local/lib/python3.7/site-packages/airflow/example_dags/example_xcom.py
[2023-05-14T02:41:29.390+0000] {processor.py:753} INFO - DAG(s) dict_keys(['example_xcom']) retrieved from /home/airflow/.local/lib/python3.7/site-packages/airflow/example_dags/example_xcom.py
[2023-05-14T02:41:29.426+0000] {logging_mixin.py:137} INFO - [2023-05-14T02:41:29.426+0000] {dag.py:2705} INFO - Sync 1 DAGs
[2023-05-14T02:41:29.446+0000] {logging_mixin.py:137} INFO - [2023-05-14T02:41:29.446+0000] {dag.py:3456} INFO - Setting next_dagrun for example_xcom to 2021-01-01T00:00:00+00:00, run_after=2021-01-01T00:00:00+00:00
[2023-05-14T02:41:29.459+0000] {processor.py:175} INFO - Processing /home/airflow/.local/lib/python3.7/site-packages/airflow/example_dags/example_xcom.py took 0.097 seconds
[2023-05-14T02:54:56.712+0000] {processor.py:153} INFO - Started process (PID=3806) to work on /home/airflow/.local/lib/python3.7/site-packages/airflow/example_dags/example_xcom.py
[2023-05-14T02:54:56.714+0000] {processor.py:743} INFO - Processing file /home/airflow/.local/lib/python3.7/site-packages/airflow/example_dags/example_xcom.py for tasks to queue
[2023-05-14T02:54:56.715+0000] {logging_mixin.py:137} INFO - [2023-05-14T02:54:56.715+0000] {dagbag.py:532} INFO - Filling up the DagBag from /home/airflow/.local/lib/python3.7/site-packages/airflow/example_dags/example_xcom.py
[2023-05-14T02:54:56.733+0000] {processor.py:753} INFO - DAG(s) dict_keys(['example_xcom']) retrieved from /home/airflow/.local/lib/python3.7/site-packages/airflow/example_dags/example_xcom.py
[2023-05-14T02:54:56.755+0000] {logging_mixin.py:137} INFO - [2023-05-14T02:54:56.755+0000] {dag.py:2705} INFO - Sync 1 DAGs
[2023-05-14T02:54:56.773+0000] {logging_mixin.py:137} INFO - [2023-05-14T02:54:56.773+0000] {dag.py:3456} INFO - Setting next_dagrun for example_xcom to 2021-01-01T00:00:00+00:00, run_after=2021-01-01T00:00:00+00:00
[2023-05-14T02:54:56.801+0000] {processor.py:175} INFO - Processing /home/airflow/.local/lib/python3.7/site-packages/airflow/example_dags/example_xcom.py took 0.092 seconds
[2023-05-14T02:59:01.678+0000] {processor.py:153} INFO - Started process (PID=4031) to work on /home/airflow/.local/lib/python3.7/site-packages/airflow/example_dags/example_xcom.py
[2023-05-14T02:59:01.680+0000] {processor.py:743} INFO - Processing file /home/airflow/.local/lib/python3.7/site-packages/airflow/example_dags/example_xcom.py for tasks to queue
[2023-05-14T02:59:01.681+0000] {logging_mixin.py:137} INFO - [2023-05-14T02:59:01.681+0000] {dagbag.py:532} INFO - Filling up the DagBag from /home/airflow/.local/lib/python3.7/site-packages/airflow/example_dags/example_xcom.py
[2023-05-14T02:59:01.699+0000] {processor.py:753} INFO - DAG(s) dict_keys(['example_xcom']) retrieved from /home/airflow/.local/lib/python3.7/site-packages/airflow/example_dags/example_xcom.py
[2023-05-14T02:59:01.720+0000] {logging_mixin.py:137} INFO - [2023-05-14T02:59:01.720+0000] {dag.py:2705} INFO - Sync 1 DAGs
[2023-05-14T02:59:01.738+0000] {logging_mixin.py:137} INFO - [2023-05-14T02:59:01.738+0000] {dag.py:3456} INFO - Setting next_dagrun for example_xcom to 2021-01-01T00:00:00+00:00, run_after=2021-01-01T00:00:00+00:00
[2023-05-14T02:59:01.751+0000] {processor.py:175} INFO - Processing /home/airflow/.local/lib/python3.7/site-packages/airflow/example_dags/example_xcom.py took 0.076 seconds
[2023-05-14T02:59:32.682+0000] {processor.py:153} INFO - Started process (PID=4253) to work on /home/airflow/.local/lib/python3.7/site-packages/airflow/example_dags/example_xcom.py
[2023-05-14T02:59:32.684+0000] {processor.py:743} INFO - Processing file /home/airflow/.local/lib/python3.7/site-packages/airflow/example_dags/example_xcom.py for tasks to queue
[2023-05-14T02:59:32.685+0000] {logging_mixin.py:137} INFO - [2023-05-14T02:59:32.685+0000] {dagbag.py:532} INFO - Filling up the DagBag from /home/airflow/.local/lib/python3.7/site-packages/airflow/example_dags/example_xcom.py
[2023-05-14T02:59:32.705+0000] {processor.py:753} INFO - DAG(s) dict_keys(['example_xcom']) retrieved from /home/airflow/.local/lib/python3.7/site-packages/airflow/example_dags/example_xcom.py
[2023-05-14T02:59:32.742+0000] {logging_mixin.py:137} INFO - [2023-05-14T02:59:32.742+0000] {dag.py:2705} INFO - Sync 1 DAGs
[2023-05-14T02:59:32.759+0000] {logging_mixin.py:137} INFO - [2023-05-14T02:59:32.759+0000] {dag.py:3456} INFO - Setting next_dagrun for example_xcom to 2021-01-01T00:00:00+00:00, run_after=2021-01-01T00:00:00+00:00
[2023-05-14T02:59:32.771+0000] {processor.py:175} INFO - Processing /home/airflow/.local/lib/python3.7/site-packages/airflow/example_dags/example_xcom.py took 0.092 seconds
[2023-05-14T03:16:08.002+0000] {processor.py:153} INFO - Started process (PID=4478) to work on /home/airflow/.local/lib/python3.7/site-packages/airflow/example_dags/example_xcom.py
[2023-05-14T03:16:08.004+0000] {processor.py:743} INFO - Processing file /home/airflow/.local/lib/python3.7/site-packages/airflow/example_dags/example_xcom.py for tasks to queue
[2023-05-14T03:16:08.006+0000] {logging_mixin.py:137} INFO - [2023-05-14T03:16:08.005+0000] {dagbag.py:532} INFO - Filling up the DagBag from /home/airflow/.local/lib/python3.7/site-packages/airflow/example_dags/example_xcom.py
[2023-05-14T03:16:08.024+0000] {processor.py:753} INFO - DAG(s) dict_keys(['example_xcom']) retrieved from /home/airflow/.local/lib/python3.7/site-packages/airflow/example_dags/example_xcom.py
[2023-05-14T03:16:08.045+0000] {logging_mixin.py:137} INFO - [2023-05-14T03:16:08.045+0000] {dag.py:2705} INFO - Sync 1 DAGs
[2023-05-14T03:16:08.062+0000] {logging_mixin.py:137} INFO - [2023-05-14T03:16:08.062+0000] {dag.py:3456} INFO - Setting next_dagrun for example_xcom to 2021-01-01T00:00:00+00:00, run_after=2021-01-01T00:00:00+00:00
[2023-05-14T03:16:08.075+0000] {processor.py:175} INFO - Processing /home/airflow/.local/lib/python3.7/site-packages/airflow/example_dags/example_xcom.py took 0.075 seconds
[2023-05-14T04:20:57.855+0000] {processor.py:153} INFO - Started process (PID=4699) to work on /home/airflow/.local/lib/python3.7/site-packages/airflow/example_dags/example_xcom.py
[2023-05-14T04:20:57.857+0000] {processor.py:743} INFO - Processing file /home/airflow/.local/lib/python3.7/site-packages/airflow/example_dags/example_xcom.py for tasks to queue
[2023-05-14T04:20:57.859+0000] {logging_mixin.py:137} INFO - [2023-05-14T04:20:57.859+0000] {dagbag.py:532} INFO - Filling up the DagBag from /home/airflow/.local/lib/python3.7/site-packages/airflow/example_dags/example_xcom.py
[2023-05-14T04:20:57.883+0000] {processor.py:753} INFO - DAG(s) dict_keys(['example_xcom']) retrieved from /home/airflow/.local/lib/python3.7/site-packages/airflow/example_dags/example_xcom.py
[2023-05-14T04:20:57.909+0000] {logging_mixin.py:137} INFO - [2023-05-14T04:20:57.909+0000] {dag.py:2705} INFO - Sync 1 DAGs
[2023-05-14T04:20:57.931+0000] {logging_mixin.py:137} INFO - [2023-05-14T04:20:57.930+0000] {dag.py:3456} INFO - Setting next_dagrun for example_xcom to 2021-01-01T00:00:00+00:00, run_after=2021-01-01T00:00:00+00:00
[2023-05-14T04:20:57.945+0000] {processor.py:175} INFO - Processing /home/airflow/.local/lib/python3.7/site-packages/airflow/example_dags/example_xcom.py took 0.094 seconds
[2023-05-14T05:35:31.681+0000] {processor.py:153} INFO - Started process (PID=4924) to work on /home/airflow/.local/lib/python3.7/site-packages/airflow/example_dags/example_xcom.py
[2023-05-14T05:35:31.683+0000] {processor.py:743} INFO - Processing file /home/airflow/.local/lib/python3.7/site-packages/airflow/example_dags/example_xcom.py for tasks to queue
[2023-05-14T05:35:31.684+0000] {logging_mixin.py:137} INFO - [2023-05-14T05:35:31.684+0000] {dagbag.py:532} INFO - Filling up the DagBag from /home/airflow/.local/lib/python3.7/site-packages/airflow/example_dags/example_xcom.py
[2023-05-14T05:35:31.701+0000] {processor.py:753} INFO - DAG(s) dict_keys(['example_xcom']) retrieved from /home/airflow/.local/lib/python3.7/site-packages/airflow/example_dags/example_xcom.py
[2023-05-14T05:35:31.726+0000] {logging_mixin.py:137} INFO - [2023-05-14T05:35:31.725+0000] {dag.py:2705} INFO - Sync 1 DAGs
[2023-05-14T05:35:31.743+0000] {logging_mixin.py:137} INFO - [2023-05-14T05:35:31.743+0000] {dag.py:3456} INFO - Setting next_dagrun for example_xcom to 2021-01-01T00:00:00+00:00, run_after=2021-01-01T00:00:00+00:00
[2023-05-14T05:35:31.758+0000] {processor.py:175} INFO - Processing /home/airflow/.local/lib/python3.7/site-packages/airflow/example_dags/example_xcom.py took 0.080 seconds
[2023-05-14T05:36:01.909+0000] {processor.py:153} INFO - Started process (PID=5145) to work on /home/airflow/.local/lib/python3.7/site-packages/airflow/example_dags/example_xcom.py
[2023-05-14T05:36:01.910+0000] {processor.py:743} INFO - Processing file /home/airflow/.local/lib/python3.7/site-packages/airflow/example_dags/example_xcom.py for tasks to queue
[2023-05-14T05:36:01.911+0000] {logging_mixin.py:137} INFO - [2023-05-14T05:36:01.911+0000] {dagbag.py:532} INFO - Filling up the DagBag from /home/airflow/.local/lib/python3.7/site-packages/airflow/example_dags/example_xcom.py
[2023-05-14T05:36:01.930+0000] {processor.py:753} INFO - DAG(s) dict_keys(['example_xcom']) retrieved from /home/airflow/.local/lib/python3.7/site-packages/airflow/example_dags/example_xcom.py
[2023-05-14T05:36:01.956+0000] {logging_mixin.py:137} INFO - [2023-05-14T05:36:01.956+0000] {dag.py:2705} INFO - Sync 1 DAGs
[2023-05-14T05:36:01.989+0000] {logging_mixin.py:137} INFO - [2023-05-14T05:36:01.988+0000] {dag.py:3456} INFO - Setting next_dagrun for example_xcom to 2021-01-01T00:00:00+00:00, run_after=2021-01-01T00:00:00+00:00
[2023-05-14T05:36:02.002+0000] {processor.py:175} INFO - Processing /home/airflow/.local/lib/python3.7/site-packages/airflow/example_dags/example_xcom.py took 0.096 seconds
[2023-05-14T05:36:33.686+0000] {processor.py:153} INFO - Started process (PID=5369) to work on /home/airflow/.local/lib/python3.7/site-packages/airflow/example_dags/example_xcom.py
[2023-05-14T05:36:33.693+0000] {processor.py:743} INFO - Processing file /home/airflow/.local/lib/python3.7/site-packages/airflow/example_dags/example_xcom.py for tasks to queue
[2023-05-14T05:36:33.694+0000] {logging_mixin.py:137} INFO - [2023-05-14T05:36:33.694+0000] {dagbag.py:532} INFO - Filling up the DagBag from /home/airflow/.local/lib/python3.7/site-packages/airflow/example_dags/example_xcom.py
[2023-05-14T05:36:33.714+0000] {processor.py:753} INFO - DAG(s) dict_keys(['example_xcom']) retrieved from /home/airflow/.local/lib/python3.7/site-packages/airflow/example_dags/example_xcom.py
[2023-05-14T05:36:33.740+0000] {logging_mixin.py:137} INFO - [2023-05-14T05:36:33.740+0000] {dag.py:2705} INFO - Sync 1 DAGs
[2023-05-14T05:36:33.771+0000] {logging_mixin.py:137} INFO - [2023-05-14T05:36:33.771+0000] {dag.py:3456} INFO - Setting next_dagrun for example_xcom to 2021-01-01T00:00:00+00:00, run_after=2021-01-01T00:00:00+00:00
[2023-05-14T05:36:33.791+0000] {processor.py:175} INFO - Processing /home/airflow/.local/lib/python3.7/site-packages/airflow/example_dags/example_xcom.py took 0.109 seconds
[2023-05-14T05:37:03.854+0000] {processor.py:153} INFO - Started process (PID=5592) to work on /home/airflow/.local/lib/python3.7/site-packages/airflow/example_dags/example_xcom.py
[2023-05-14T05:37:03.856+0000] {processor.py:743} INFO - Processing file /home/airflow/.local/lib/python3.7/site-packages/airflow/example_dags/example_xcom.py for tasks to queue
[2023-05-14T05:37:03.857+0000] {logging_mixin.py:137} INFO - [2023-05-14T05:37:03.857+0000] {dagbag.py:532} INFO - Filling up the DagBag from /home/airflow/.local/lib/python3.7/site-packages/airflow/example_dags/example_xcom.py
[2023-05-14T05:37:03.874+0000] {processor.py:753} INFO - DAG(s) dict_keys(['example_xcom']) retrieved from /home/airflow/.local/lib/python3.7/site-packages/airflow/example_dags/example_xcom.py
[2023-05-14T05:37:03.896+0000] {logging_mixin.py:137} INFO - [2023-05-14T05:37:03.896+0000] {dag.py:2705} INFO - Sync 1 DAGs
[2023-05-14T05:37:03.916+0000] {logging_mixin.py:137} INFO - [2023-05-14T05:37:03.916+0000] {dag.py:3456} INFO - Setting next_dagrun for example_xcom to 2021-01-01T00:00:00+00:00, run_after=2021-01-01T00:00:00+00:00
[2023-05-14T05:37:03.930+0000] {processor.py:175} INFO - Processing /home/airflow/.local/lib/python3.7/site-packages/airflow/example_dags/example_xcom.py took 0.079 seconds
[2023-05-14T05:37:34.579+0000] {processor.py:153} INFO - Started process (PID=5820) to work on /home/airflow/.local/lib/python3.7/site-packages/airflow/example_dags/example_xcom.py
[2023-05-14T05:37:34.590+0000] {processor.py:743} INFO - Processing file /home/airflow/.local/lib/python3.7/site-packages/airflow/example_dags/example_xcom.py for tasks to queue
[2023-05-14T05:37:34.592+0000] {logging_mixin.py:137} INFO - [2023-05-14T05:37:34.592+0000] {dagbag.py:532} INFO - Filling up the DagBag from /home/airflow/.local/lib/python3.7/site-packages/airflow/example_dags/example_xcom.py
[2023-05-14T05:37:34.621+0000] {processor.py:753} INFO - DAG(s) dict_keys(['example_xcom']) retrieved from /home/airflow/.local/lib/python3.7/site-packages/airflow/example_dags/example_xcom.py
[2023-05-14T05:37:34.651+0000] {logging_mixin.py:137} INFO - [2023-05-14T05:37:34.651+0000] {dag.py:2705} INFO - Sync 1 DAGs
[2023-05-14T05:37:34.673+0000] {logging_mixin.py:137} INFO - [2023-05-14T05:37:34.672+0000] {dag.py:3456} INFO - Setting next_dagrun for example_xcom to 2021-01-01T00:00:00+00:00, run_after=2021-01-01T00:00:00+00:00
[2023-05-14T05:37:34.692+0000] {processor.py:175} INFO - Processing /home/airflow/.local/lib/python3.7/site-packages/airflow/example_dags/example_xcom.py took 0.120 seconds
[2023-05-14T05:38:05.316+0000] {processor.py:153} INFO - Started process (PID=6046) to work on /home/airflow/.local/lib/python3.7/site-packages/airflow/example_dags/example_xcom.py
[2023-05-14T05:38:05.320+0000] {processor.py:743} INFO - Processing file /home/airflow/.local/lib/python3.7/site-packages/airflow/example_dags/example_xcom.py for tasks to queue
[2023-05-14T05:38:05.321+0000] {logging_mixin.py:137} INFO - [2023-05-14T05:38:05.321+0000] {dagbag.py:532} INFO - Filling up the DagBag from /home/airflow/.local/lib/python3.7/site-packages/airflow/example_dags/example_xcom.py
[2023-05-14T05:38:05.343+0000] {processor.py:753} INFO - DAG(s) dict_keys(['example_xcom']) retrieved from /home/airflow/.local/lib/python3.7/site-packages/airflow/example_dags/example_xcom.py
[2023-05-14T05:38:05.368+0000] {logging_mixin.py:137} INFO - [2023-05-14T05:38:05.367+0000] {dag.py:2705} INFO - Sync 1 DAGs
[2023-05-14T05:38:05.385+0000] {logging_mixin.py:137} INFO - [2023-05-14T05:38:05.385+0000] {dag.py:3456} INFO - Setting next_dagrun for example_xcom to 2021-01-01T00:00:00+00:00, run_after=2021-01-01T00:00:00+00:00
[2023-05-14T05:38:05.398+0000] {processor.py:175} INFO - Processing /home/airflow/.local/lib/python3.7/site-packages/airflow/example_dags/example_xcom.py took 0.085 seconds
[2023-05-14T05:38:35.696+0000] {processor.py:153} INFO - Started process (PID=6275) to work on /home/airflow/.local/lib/python3.7/site-packages/airflow/example_dags/example_xcom.py
[2023-05-14T05:38:35.699+0000] {processor.py:743} INFO - Processing file /home/airflow/.local/lib/python3.7/site-packages/airflow/example_dags/example_xcom.py for tasks to queue
[2023-05-14T05:38:35.701+0000] {logging_mixin.py:137} INFO - [2023-05-14T05:38:35.700+0000] {dagbag.py:532} INFO - Filling up the DagBag from /home/airflow/.local/lib/python3.7/site-packages/airflow/example_dags/example_xcom.py
[2023-05-14T05:38:35.717+0000] {processor.py:753} INFO - DAG(s) dict_keys(['example_xcom']) retrieved from /home/airflow/.local/lib/python3.7/site-packages/airflow/example_dags/example_xcom.py
[2023-05-14T05:38:35.747+0000] {logging_mixin.py:137} INFO - [2023-05-14T05:38:35.747+0000] {dag.py:2705} INFO - Sync 1 DAGs
[2023-05-14T05:38:35.763+0000] {logging_mixin.py:137} INFO - [2023-05-14T05:38:35.763+0000] {dag.py:3456} INFO - Setting next_dagrun for example_xcom to 2021-01-01T00:00:00+00:00, run_after=2021-01-01T00:00:00+00:00
[2023-05-14T05:38:35.777+0000] {processor.py:175} INFO - Processing /home/airflow/.local/lib/python3.7/site-packages/airflow/example_dags/example_xcom.py took 0.086 seconds
[2023-05-14T05:39:06.210+0000] {processor.py:153} INFO - Started process (PID=6505) to work on /home/airflow/.local/lib/python3.7/site-packages/airflow/example_dags/example_xcom.py
[2023-05-14T05:39:06.212+0000] {processor.py:743} INFO - Processing file /home/airflow/.local/lib/python3.7/site-packages/airflow/example_dags/example_xcom.py for tasks to queue
[2023-05-14T05:39:06.213+0000] {logging_mixin.py:137} INFO - [2023-05-14T05:39:06.213+0000] {dagbag.py:532} INFO - Filling up the DagBag from /home/airflow/.local/lib/python3.7/site-packages/airflow/example_dags/example_xcom.py
[2023-05-14T05:39:06.228+0000] {processor.py:753} INFO - DAG(s) dict_keys(['example_xcom']) retrieved from /home/airflow/.local/lib/python3.7/site-packages/airflow/example_dags/example_xcom.py
[2023-05-14T05:39:06.250+0000] {logging_mixin.py:137} INFO - [2023-05-14T05:39:06.250+0000] {dag.py:2705} INFO - Sync 1 DAGs
[2023-05-14T05:39:06.265+0000] {logging_mixin.py:137} INFO - [2023-05-14T05:39:06.265+0000] {dag.py:3456} INFO - Setting next_dagrun for example_xcom to 2021-01-01T00:00:00+00:00, run_after=2021-01-01T00:00:00+00:00
[2023-05-14T05:39:06.276+0000] {processor.py:175} INFO - Processing /home/airflow/.local/lib/python3.7/site-packages/airflow/example_dags/example_xcom.py took 0.068 seconds
[2023-05-14T05:39:37.071+0000] {processor.py:153} INFO - Started process (PID=6733) to work on /home/airflow/.local/lib/python3.7/site-packages/airflow/example_dags/example_xcom.py
[2023-05-14T05:39:37.073+0000] {processor.py:743} INFO - Processing file /home/airflow/.local/lib/python3.7/site-packages/airflow/example_dags/example_xcom.py for tasks to queue
[2023-05-14T05:39:37.074+0000] {logging_mixin.py:137} INFO - [2023-05-14T05:39:37.074+0000] {dagbag.py:532} INFO - Filling up the DagBag from /home/airflow/.local/lib/python3.7/site-packages/airflow/example_dags/example_xcom.py
[2023-05-14T05:39:37.096+0000] {processor.py:753} INFO - DAG(s) dict_keys(['example_xcom']) retrieved from /home/airflow/.local/lib/python3.7/site-packages/airflow/example_dags/example_xcom.py
[2023-05-14T05:39:37.122+0000] {logging_mixin.py:137} INFO - [2023-05-14T05:39:37.122+0000] {dag.py:2705} INFO - Sync 1 DAGs
[2023-05-14T05:39:37.142+0000] {logging_mixin.py:137} INFO - [2023-05-14T05:39:37.142+0000] {dag.py:3456} INFO - Setting next_dagrun for example_xcom to 2021-01-01T00:00:00+00:00, run_after=2021-01-01T00:00:00+00:00
[2023-05-14T05:39:37.158+0000] {processor.py:175} INFO - Processing /home/airflow/.local/lib/python3.7/site-packages/airflow/example_dags/example_xcom.py took 0.090 seconds
[2023-05-14T05:40:08.078+0000] {processor.py:153} INFO - Started process (PID=6976) to work on /home/airflow/.local/lib/python3.7/site-packages/airflow/example_dags/example_xcom.py
[2023-05-14T05:40:08.081+0000] {processor.py:743} INFO - Processing file /home/airflow/.local/lib/python3.7/site-packages/airflow/example_dags/example_xcom.py for tasks to queue
[2023-05-14T05:40:08.082+0000] {logging_mixin.py:137} INFO - [2023-05-14T05:40:08.082+0000] {dagbag.py:532} INFO - Filling up the DagBag from /home/airflow/.local/lib/python3.7/site-packages/airflow/example_dags/example_xcom.py
[2023-05-14T05:40:08.098+0000] {processor.py:753} INFO - DAG(s) dict_keys(['example_xcom']) retrieved from /home/airflow/.local/lib/python3.7/site-packages/airflow/example_dags/example_xcom.py
[2023-05-14T05:40:08.123+0000] {logging_mixin.py:137} INFO - [2023-05-14T05:40:08.123+0000] {dag.py:2705} INFO - Sync 1 DAGs
[2023-05-14T05:40:08.150+0000] {logging_mixin.py:137} INFO - [2023-05-14T05:40:08.150+0000] {dag.py:3456} INFO - Setting next_dagrun for example_xcom to 2021-01-01T00:00:00+00:00, run_after=2021-01-01T00:00:00+00:00
[2023-05-14T05:40:08.163+0000] {processor.py:175} INFO - Processing /home/airflow/.local/lib/python3.7/site-packages/airflow/example_dags/example_xcom.py took 0.088 seconds
[2023-05-14T05:40:38.903+0000] {processor.py:153} INFO - Started process (PID=7200) to work on /home/airflow/.local/lib/python3.7/site-packages/airflow/example_dags/example_xcom.py
[2023-05-14T05:40:38.905+0000] {processor.py:743} INFO - Processing file /home/airflow/.local/lib/python3.7/site-packages/airflow/example_dags/example_xcom.py for tasks to queue
[2023-05-14T05:40:38.908+0000] {logging_mixin.py:137} INFO - [2023-05-14T05:40:38.908+0000] {dagbag.py:532} INFO - Filling up the DagBag from /home/airflow/.local/lib/python3.7/site-packages/airflow/example_dags/example_xcom.py
[2023-05-14T05:40:38.928+0000] {processor.py:753} INFO - DAG(s) dict_keys(['example_xcom']) retrieved from /home/airflow/.local/lib/python3.7/site-packages/airflow/example_dags/example_xcom.py
[2023-05-14T05:40:38.953+0000] {logging_mixin.py:137} INFO - [2023-05-14T05:40:38.953+0000] {dag.py:2705} INFO - Sync 1 DAGs
[2023-05-14T05:40:38.974+0000] {logging_mixin.py:137} INFO - [2023-05-14T05:40:38.974+0000] {dag.py:3456} INFO - Setting next_dagrun for example_xcom to 2021-01-01T00:00:00+00:00, run_after=2021-01-01T00:00:00+00:00
[2023-05-14T05:40:38.996+0000] {processor.py:175} INFO - Processing /home/airflow/.local/lib/python3.7/site-packages/airflow/example_dags/example_xcom.py took 0.096 seconds
[2023-05-14T05:41:09.286+0000] {processor.py:153} INFO - Started process (PID=7430) to work on /home/airflow/.local/lib/python3.7/site-packages/airflow/example_dags/example_xcom.py
[2023-05-14T05:41:09.287+0000] {processor.py:743} INFO - Processing file /home/airflow/.local/lib/python3.7/site-packages/airflow/example_dags/example_xcom.py for tasks to queue
[2023-05-14T05:41:09.288+0000] {logging_mixin.py:137} INFO - [2023-05-14T05:41:09.288+0000] {dagbag.py:532} INFO - Filling up the DagBag from /home/airflow/.local/lib/python3.7/site-packages/airflow/example_dags/example_xcom.py
[2023-05-14T05:41:09.304+0000] {processor.py:753} INFO - DAG(s) dict_keys(['example_xcom']) retrieved from /home/airflow/.local/lib/python3.7/site-packages/airflow/example_dags/example_xcom.py
[2023-05-14T05:41:09.325+0000] {logging_mixin.py:137} INFO - [2023-05-14T05:41:09.325+0000] {dag.py:2705} INFO - Sync 1 DAGs
[2023-05-14T05:41:09.341+0000] {logging_mixin.py:137} INFO - [2023-05-14T05:41:09.341+0000] {dag.py:3456} INFO - Setting next_dagrun for example_xcom to 2021-01-01T00:00:00+00:00, run_after=2021-01-01T00:00:00+00:00
[2023-05-14T05:41:09.355+0000] {processor.py:175} INFO - Processing /home/airflow/.local/lib/python3.7/site-packages/airflow/example_dags/example_xcom.py took 0.072 seconds
[2023-05-14T05:41:39.915+0000] {processor.py:153} INFO - Started process (PID=7660) to work on /home/airflow/.local/lib/python3.7/site-packages/airflow/example_dags/example_xcom.py
[2023-05-14T05:41:39.917+0000] {processor.py:743} INFO - Processing file /home/airflow/.local/lib/python3.7/site-packages/airflow/example_dags/example_xcom.py for tasks to queue
[2023-05-14T05:41:39.923+0000] {logging_mixin.py:137} INFO - [2023-05-14T05:41:39.923+0000] {dagbag.py:532} INFO - Filling up the DagBag from /home/airflow/.local/lib/python3.7/site-packages/airflow/example_dags/example_xcom.py
[2023-05-14T05:41:39.939+0000] {processor.py:753} INFO - DAG(s) dict_keys(['example_xcom']) retrieved from /home/airflow/.local/lib/python3.7/site-packages/airflow/example_dags/example_xcom.py
[2023-05-14T05:41:39.961+0000] {logging_mixin.py:137} INFO - [2023-05-14T05:41:39.961+0000] {dag.py:2705} INFO - Sync 1 DAGs
[2023-05-14T05:41:39.978+0000] {logging_mixin.py:137} INFO - [2023-05-14T05:41:39.977+0000] {dag.py:3456} INFO - Setting next_dagrun for example_xcom to 2021-01-01T00:00:00+00:00, run_after=2021-01-01T00:00:00+00:00
[2023-05-14T05:41:39.993+0000] {processor.py:175} INFO - Processing /home/airflow/.local/lib/python3.7/site-packages/airflow/example_dags/example_xcom.py took 0.081 seconds
[2023-05-14T05:42:10.472+0000] {processor.py:153} INFO - Started process (PID=7886) to work on /home/airflow/.local/lib/python3.7/site-packages/airflow/example_dags/example_xcom.py
[2023-05-14T05:42:10.474+0000] {processor.py:743} INFO - Processing file /home/airflow/.local/lib/python3.7/site-packages/airflow/example_dags/example_xcom.py for tasks to queue
[2023-05-14T05:42:10.477+0000] {logging_mixin.py:137} INFO - [2023-05-14T05:42:10.477+0000] {dagbag.py:532} INFO - Filling up the DagBag from /home/airflow/.local/lib/python3.7/site-packages/airflow/example_dags/example_xcom.py
[2023-05-14T05:42:10.496+0000] {processor.py:753} INFO - DAG(s) dict_keys(['example_xcom']) retrieved from /home/airflow/.local/lib/python3.7/site-packages/airflow/example_dags/example_xcom.py
[2023-05-14T05:42:10.526+0000] {logging_mixin.py:137} INFO - [2023-05-14T05:42:10.526+0000] {dag.py:2705} INFO - Sync 1 DAGs
[2023-05-14T05:42:10.545+0000] {logging_mixin.py:137} INFO - [2023-05-14T05:42:10.545+0000] {dag.py:3456} INFO - Setting next_dagrun for example_xcom to 2021-01-01T00:00:00+00:00, run_after=2021-01-01T00:00:00+00:00
[2023-05-14T05:42:10.560+0000] {processor.py:175} INFO - Processing /home/airflow/.local/lib/python3.7/site-packages/airflow/example_dags/example_xcom.py took 0.091 seconds
[2023-05-14T05:42:40.779+0000] {processor.py:153} INFO - Started process (PID=8107) to work on /home/airflow/.local/lib/python3.7/site-packages/airflow/example_dags/example_xcom.py
[2023-05-14T05:42:40.781+0000] {processor.py:743} INFO - Processing file /home/airflow/.local/lib/python3.7/site-packages/airflow/example_dags/example_xcom.py for tasks to queue
[2023-05-14T05:42:40.782+0000] {logging_mixin.py:137} INFO - [2023-05-14T05:42:40.782+0000] {dagbag.py:532} INFO - Filling up the DagBag from /home/airflow/.local/lib/python3.7/site-packages/airflow/example_dags/example_xcom.py
[2023-05-14T05:42:40.800+0000] {processor.py:753} INFO - DAG(s) dict_keys(['example_xcom']) retrieved from /home/airflow/.local/lib/python3.7/site-packages/airflow/example_dags/example_xcom.py
[2023-05-14T05:42:40.826+0000] {logging_mixin.py:137} INFO - [2023-05-14T05:42:40.826+0000] {dag.py:2705} INFO - Sync 1 DAGs
[2023-05-14T05:42:40.844+0000] {logging_mixin.py:137} INFO - [2023-05-14T05:42:40.844+0000] {dag.py:3456} INFO - Setting next_dagrun for example_xcom to 2021-01-01T00:00:00+00:00, run_after=2021-01-01T00:00:00+00:00
[2023-05-14T05:42:40.862+0000] {processor.py:175} INFO - Processing /home/airflow/.local/lib/python3.7/site-packages/airflow/example_dags/example_xcom.py took 0.085 seconds
[2023-05-14T05:43:11.414+0000] {processor.py:153} INFO - Started process (PID=8338) to work on /home/airflow/.local/lib/python3.7/site-packages/airflow/example_dags/example_xcom.py
[2023-05-14T05:43:11.416+0000] {processor.py:743} INFO - Processing file /home/airflow/.local/lib/python3.7/site-packages/airflow/example_dags/example_xcom.py for tasks to queue
[2023-05-14T05:43:11.417+0000] {logging_mixin.py:137} INFO - [2023-05-14T05:43:11.417+0000] {dagbag.py:532} INFO - Filling up the DagBag from /home/airflow/.local/lib/python3.7/site-packages/airflow/example_dags/example_xcom.py
[2023-05-14T05:43:11.434+0000] {processor.py:753} INFO - DAG(s) dict_keys(['example_xcom']) retrieved from /home/airflow/.local/lib/python3.7/site-packages/airflow/example_dags/example_xcom.py
[2023-05-14T05:43:11.457+0000] {logging_mixin.py:137} INFO - [2023-05-14T05:43:11.457+0000] {dag.py:2705} INFO - Sync 1 DAGs
[2023-05-14T05:43:11.475+0000] {logging_mixin.py:137} INFO - [2023-05-14T05:43:11.474+0000] {dag.py:3456} INFO - Setting next_dagrun for example_xcom to 2021-01-01T00:00:00+00:00, run_after=2021-01-01T00:00:00+00:00
[2023-05-14T05:43:11.487+0000] {processor.py:175} INFO - Processing /home/airflow/.local/lib/python3.7/site-packages/airflow/example_dags/example_xcom.py took 0.077 seconds
[2023-05-14T05:43:41.591+0000] {processor.py:153} INFO - Started process (PID=8563) to work on /home/airflow/.local/lib/python3.7/site-packages/airflow/example_dags/example_xcom.py
[2023-05-14T05:43:41.593+0000] {processor.py:743} INFO - Processing file /home/airflow/.local/lib/python3.7/site-packages/airflow/example_dags/example_xcom.py for tasks to queue
[2023-05-14T05:43:41.594+0000] {logging_mixin.py:137} INFO - [2023-05-14T05:43:41.594+0000] {dagbag.py:532} INFO - Filling up the DagBag from /home/airflow/.local/lib/python3.7/site-packages/airflow/example_dags/example_xcom.py
[2023-05-14T05:43:41.612+0000] {processor.py:753} INFO - DAG(s) dict_keys(['example_xcom']) retrieved from /home/airflow/.local/lib/python3.7/site-packages/airflow/example_dags/example_xcom.py
[2023-05-14T05:43:41.634+0000] {logging_mixin.py:137} INFO - [2023-05-14T05:43:41.634+0000] {dag.py:2705} INFO - Sync 1 DAGs
[2023-05-14T05:43:41.653+0000] {logging_mixin.py:137} INFO - [2023-05-14T05:43:41.653+0000] {dag.py:3456} INFO - Setting next_dagrun for example_xcom to 2021-01-01T00:00:00+00:00, run_after=2021-01-01T00:00:00+00:00
[2023-05-14T05:43:41.668+0000] {processor.py:175} INFO - Processing /home/airflow/.local/lib/python3.7/site-packages/airflow/example_dags/example_xcom.py took 0.081 seconds
[2023-05-14T05:44:12.091+0000] {processor.py:153} INFO - Started process (PID=8799) to work on /home/airflow/.local/lib/python3.7/site-packages/airflow/example_dags/example_xcom.py
[2023-05-14T05:44:12.105+0000] {processor.py:743} INFO - Processing file /home/airflow/.local/lib/python3.7/site-packages/airflow/example_dags/example_xcom.py for tasks to queue
[2023-05-14T05:44:12.106+0000] {logging_mixin.py:137} INFO - [2023-05-14T05:44:12.106+0000] {dagbag.py:532} INFO - Filling up the DagBag from /home/airflow/.local/lib/python3.7/site-packages/airflow/example_dags/example_xcom.py
[2023-05-14T05:44:12.127+0000] {processor.py:753} INFO - DAG(s) dict_keys(['example_xcom']) retrieved from /home/airflow/.local/lib/python3.7/site-packages/airflow/example_dags/example_xcom.py
[2023-05-14T05:44:12.151+0000] {logging_mixin.py:137} INFO - [2023-05-14T05:44:12.151+0000] {dag.py:2705} INFO - Sync 1 DAGs
[2023-05-14T05:44:12.171+0000] {logging_mixin.py:137} INFO - [2023-05-14T05:44:12.171+0000] {dag.py:3456} INFO - Setting next_dagrun for example_xcom to 2021-01-01T00:00:00+00:00, run_after=2021-01-01T00:00:00+00:00
[2023-05-14T05:44:12.186+0000] {processor.py:175} INFO - Processing /home/airflow/.local/lib/python3.7/site-packages/airflow/example_dags/example_xcom.py took 0.098 seconds
[2023-05-14T05:44:42.430+0000] {processor.py:153} INFO - Started process (PID=9029) to work on /home/airflow/.local/lib/python3.7/site-packages/airflow/example_dags/example_xcom.py
[2023-05-14T05:44:42.432+0000] {processor.py:743} INFO - Processing file /home/airflow/.local/lib/python3.7/site-packages/airflow/example_dags/example_xcom.py for tasks to queue
[2023-05-14T05:44:42.433+0000] {logging_mixin.py:137} INFO - [2023-05-14T05:44:42.433+0000] {dagbag.py:532} INFO - Filling up the DagBag from /home/airflow/.local/lib/python3.7/site-packages/airflow/example_dags/example_xcom.py
[2023-05-14T05:44:42.450+0000] {processor.py:753} INFO - DAG(s) dict_keys(['example_xcom']) retrieved from /home/airflow/.local/lib/python3.7/site-packages/airflow/example_dags/example_xcom.py
[2023-05-14T05:44:42.472+0000] {logging_mixin.py:137} INFO - [2023-05-14T05:44:42.472+0000] {dag.py:2705} INFO - Sync 1 DAGs
[2023-05-14T05:44:42.489+0000] {logging_mixin.py:137} INFO - [2023-05-14T05:44:42.489+0000] {dag.py:3456} INFO - Setting next_dagrun for example_xcom to 2021-01-01T00:00:00+00:00, run_after=2021-01-01T00:00:00+00:00
[2023-05-14T05:44:42.505+0000] {processor.py:175} INFO - Processing /home/airflow/.local/lib/python3.7/site-packages/airflow/example_dags/example_xcom.py took 0.078 seconds
[2023-05-14T05:45:12.629+0000] {processor.py:153} INFO - Started process (PID=9253) to work on /home/airflow/.local/lib/python3.7/site-packages/airflow/example_dags/example_xcom.py
[2023-05-14T05:45:12.631+0000] {processor.py:743} INFO - Processing file /home/airflow/.local/lib/python3.7/site-packages/airflow/example_dags/example_xcom.py for tasks to queue
[2023-05-14T05:45:12.632+0000] {logging_mixin.py:137} INFO - [2023-05-14T05:45:12.632+0000] {dagbag.py:532} INFO - Filling up the DagBag from /home/airflow/.local/lib/python3.7/site-packages/airflow/example_dags/example_xcom.py
[2023-05-14T05:45:12.649+0000] {processor.py:753} INFO - DAG(s) dict_keys(['example_xcom']) retrieved from /home/airflow/.local/lib/python3.7/site-packages/airflow/example_dags/example_xcom.py
[2023-05-14T05:45:12.673+0000] {logging_mixin.py:137} INFO - [2023-05-14T05:45:12.673+0000] {dag.py:2705} INFO - Sync 1 DAGs
[2023-05-14T05:45:12.693+0000] {logging_mixin.py:137} INFO - [2023-05-14T05:45:12.692+0000] {dag.py:3456} INFO - Setting next_dagrun for example_xcom to 2021-01-01T00:00:00+00:00, run_after=2021-01-01T00:00:00+00:00
[2023-05-14T05:45:12.707+0000] {processor.py:175} INFO - Processing /home/airflow/.local/lib/python3.7/site-packages/airflow/example_dags/example_xcom.py took 0.081 seconds
[2023-05-14T05:45:42.772+0000] {processor.py:153} INFO - Started process (PID=9491) to work on /home/airflow/.local/lib/python3.7/site-packages/airflow/example_dags/example_xcom.py
[2023-05-14T05:45:42.774+0000] {processor.py:743} INFO - Processing file /home/airflow/.local/lib/python3.7/site-packages/airflow/example_dags/example_xcom.py for tasks to queue
[2023-05-14T05:45:42.775+0000] {logging_mixin.py:137} INFO - [2023-05-14T05:45:42.775+0000] {dagbag.py:532} INFO - Filling up the DagBag from /home/airflow/.local/lib/python3.7/site-packages/airflow/example_dags/example_xcom.py
[2023-05-14T05:45:42.791+0000] {processor.py:753} INFO - DAG(s) dict_keys(['example_xcom']) retrieved from /home/airflow/.local/lib/python3.7/site-packages/airflow/example_dags/example_xcom.py
[2023-05-14T05:45:42.813+0000] {logging_mixin.py:137} INFO - [2023-05-14T05:45:42.812+0000] {dag.py:2705} INFO - Sync 1 DAGs
[2023-05-14T05:45:42.829+0000] {logging_mixin.py:137} INFO - [2023-05-14T05:45:42.829+0000] {dag.py:3456} INFO - Setting next_dagrun for example_xcom to 2021-01-01T00:00:00+00:00, run_after=2021-01-01T00:00:00+00:00
[2023-05-14T05:45:42.840+0000] {processor.py:175} INFO - Processing /home/airflow/.local/lib/python3.7/site-packages/airflow/example_dags/example_xcom.py took 0.071 seconds
[2023-05-14T05:46:12.901+0000] {processor.py:153} INFO - Started process (PID=9718) to work on /home/airflow/.local/lib/python3.7/site-packages/airflow/example_dags/example_xcom.py
[2023-05-14T05:46:12.904+0000] {processor.py:743} INFO - Processing file /home/airflow/.local/lib/python3.7/site-packages/airflow/example_dags/example_xcom.py for tasks to queue
[2023-05-14T05:46:12.905+0000] {logging_mixin.py:137} INFO - [2023-05-14T05:46:12.905+0000] {dagbag.py:532} INFO - Filling up the DagBag from /home/airflow/.local/lib/python3.7/site-packages/airflow/example_dags/example_xcom.py
[2023-05-14T05:46:12.924+0000] {processor.py:753} INFO - DAG(s) dict_keys(['example_xcom']) retrieved from /home/airflow/.local/lib/python3.7/site-packages/airflow/example_dags/example_xcom.py
[2023-05-14T05:46:12.948+0000] {logging_mixin.py:137} INFO - [2023-05-14T05:46:12.948+0000] {dag.py:2705} INFO - Sync 1 DAGs
[2023-05-14T05:46:12.972+0000] {logging_mixin.py:137} INFO - [2023-05-14T05:46:12.971+0000] {dag.py:3456} INFO - Setting next_dagrun for example_xcom to 2021-01-01T00:00:00+00:00, run_after=2021-01-01T00:00:00+00:00
[2023-05-14T05:46:12.983+0000] {processor.py:175} INFO - Processing /home/airflow/.local/lib/python3.7/site-packages/airflow/example_dags/example_xcom.py took 0.087 seconds
[2023-05-14T05:46:43.125+0000] {processor.py:153} INFO - Started process (PID=9942) to work on /home/airflow/.local/lib/python3.7/site-packages/airflow/example_dags/example_xcom.py
[2023-05-14T05:46:43.127+0000] {processor.py:743} INFO - Processing file /home/airflow/.local/lib/python3.7/site-packages/airflow/example_dags/example_xcom.py for tasks to queue
[2023-05-14T05:46:43.128+0000] {logging_mixin.py:137} INFO - [2023-05-14T05:46:43.128+0000] {dagbag.py:532} INFO - Filling up the DagBag from /home/airflow/.local/lib/python3.7/site-packages/airflow/example_dags/example_xcom.py
[2023-05-14T05:46:43.145+0000] {processor.py:753} INFO - DAG(s) dict_keys(['example_xcom']) retrieved from /home/airflow/.local/lib/python3.7/site-packages/airflow/example_dags/example_xcom.py
[2023-05-14T05:46:43.167+0000] {logging_mixin.py:137} INFO - [2023-05-14T05:46:43.167+0000] {dag.py:2705} INFO - Sync 1 DAGs
[2023-05-14T05:46:43.185+0000] {logging_mixin.py:137} INFO - [2023-05-14T05:46:43.185+0000] {dag.py:3456} INFO - Setting next_dagrun for example_xcom to 2021-01-01T00:00:00+00:00, run_after=2021-01-01T00:00:00+00:00
[2023-05-14T05:46:43.201+0000] {processor.py:175} INFO - Processing /home/airflow/.local/lib/python3.7/site-packages/airflow/example_dags/example_xcom.py took 0.080 seconds
[2023-05-14T05:47:13.491+0000] {processor.py:153} INFO - Started process (PID=10166) to work on /home/airflow/.local/lib/python3.7/site-packages/airflow/example_dags/example_xcom.py
[2023-05-14T05:47:13.493+0000] {processor.py:743} INFO - Processing file /home/airflow/.local/lib/python3.7/site-packages/airflow/example_dags/example_xcom.py for tasks to queue
[2023-05-14T05:47:13.494+0000] {logging_mixin.py:137} INFO - [2023-05-14T05:47:13.494+0000] {dagbag.py:532} INFO - Filling up the DagBag from /home/airflow/.local/lib/python3.7/site-packages/airflow/example_dags/example_xcom.py
[2023-05-14T05:47:13.511+0000] {processor.py:753} INFO - DAG(s) dict_keys(['example_xcom']) retrieved from /home/airflow/.local/lib/python3.7/site-packages/airflow/example_dags/example_xcom.py
[2023-05-14T05:47:13.533+0000] {logging_mixin.py:137} INFO - [2023-05-14T05:47:13.533+0000] {dag.py:2705} INFO - Sync 1 DAGs
[2023-05-14T05:47:13.550+0000] {logging_mixin.py:137} INFO - [2023-05-14T05:47:13.550+0000] {dag.py:3456} INFO - Setting next_dagrun for example_xcom to 2021-01-01T00:00:00+00:00, run_after=2021-01-01T00:00:00+00:00
[2023-05-14T05:47:13.563+0000] {processor.py:175} INFO - Processing /home/airflow/.local/lib/python3.7/site-packages/airflow/example_dags/example_xcom.py took 0.075 seconds
[2023-05-14T05:47:43.748+0000] {processor.py:153} INFO - Started process (PID=10389) to work on /home/airflow/.local/lib/python3.7/site-packages/airflow/example_dags/example_xcom.py
[2023-05-14T05:47:43.750+0000] {processor.py:743} INFO - Processing file /home/airflow/.local/lib/python3.7/site-packages/airflow/example_dags/example_xcom.py for tasks to queue
[2023-05-14T05:47:43.751+0000] {logging_mixin.py:137} INFO - [2023-05-14T05:47:43.751+0000] {dagbag.py:532} INFO - Filling up the DagBag from /home/airflow/.local/lib/python3.7/site-packages/airflow/example_dags/example_xcom.py
[2023-05-14T05:47:43.769+0000] {processor.py:753} INFO - DAG(s) dict_keys(['example_xcom']) retrieved from /home/airflow/.local/lib/python3.7/site-packages/airflow/example_dags/example_xcom.py
[2023-05-14T05:47:43.791+0000] {logging_mixin.py:137} INFO - [2023-05-14T05:47:43.791+0000] {dag.py:2705} INFO - Sync 1 DAGs
[2023-05-14T05:47:43.810+0000] {logging_mixin.py:137} INFO - [2023-05-14T05:47:43.810+0000] {dag.py:3456} INFO - Setting next_dagrun for example_xcom to 2021-01-01T00:00:00+00:00, run_after=2021-01-01T00:00:00+00:00
[2023-05-14T05:47:43.821+0000] {processor.py:175} INFO - Processing /home/airflow/.local/lib/python3.7/site-packages/airflow/example_dags/example_xcom.py took 0.076 seconds
[2023-05-14T05:48:14.209+0000] {processor.py:153} INFO - Started process (PID=10613) to work on /home/airflow/.local/lib/python3.7/site-packages/airflow/example_dags/example_xcom.py
[2023-05-14T05:48:14.211+0000] {processor.py:743} INFO - Processing file /home/airflow/.local/lib/python3.7/site-packages/airflow/example_dags/example_xcom.py for tasks to queue
[2023-05-14T05:48:14.212+0000] {logging_mixin.py:137} INFO - [2023-05-14T05:48:14.212+0000] {dagbag.py:532} INFO - Filling up the DagBag from /home/airflow/.local/lib/python3.7/site-packages/airflow/example_dags/example_xcom.py
[2023-05-14T05:48:14.230+0000] {processor.py:753} INFO - DAG(s) dict_keys(['example_xcom']) retrieved from /home/airflow/.local/lib/python3.7/site-packages/airflow/example_dags/example_xcom.py
[2023-05-14T05:48:14.255+0000] {logging_mixin.py:137} INFO - [2023-05-14T05:48:14.254+0000] {dag.py:2705} INFO - Sync 1 DAGs
[2023-05-14T05:48:14.276+0000] {logging_mixin.py:137} INFO - [2023-05-14T05:48:14.275+0000] {dag.py:3456} INFO - Setting next_dagrun for example_xcom to 2021-01-01T00:00:00+00:00, run_after=2021-01-01T00:00:00+00:00
[2023-05-14T05:48:14.290+0000] {processor.py:175} INFO - Processing /home/airflow/.local/lib/python3.7/site-packages/airflow/example_dags/example_xcom.py took 0.083 seconds
[2023-05-14T05:48:44.542+0000] {processor.py:153} INFO - Started process (PID=10837) to work on /home/airflow/.local/lib/python3.7/site-packages/airflow/example_dags/example_xcom.py
[2023-05-14T05:48:44.544+0000] {processor.py:743} INFO - Processing file /home/airflow/.local/lib/python3.7/site-packages/airflow/example_dags/example_xcom.py for tasks to queue
[2023-05-14T05:48:44.545+0000] {logging_mixin.py:137} INFO - [2023-05-14T05:48:44.545+0000] {dagbag.py:532} INFO - Filling up the DagBag from /home/airflow/.local/lib/python3.7/site-packages/airflow/example_dags/example_xcom.py
[2023-05-14T05:48:44.562+0000] {processor.py:753} INFO - DAG(s) dict_keys(['example_xcom']) retrieved from /home/airflow/.local/lib/python3.7/site-packages/airflow/example_dags/example_xcom.py
[2023-05-14T05:48:44.585+0000] {logging_mixin.py:137} INFO - [2023-05-14T05:48:44.585+0000] {dag.py:2705} INFO - Sync 1 DAGs
[2023-05-14T05:48:44.605+0000] {logging_mixin.py:137} INFO - [2023-05-14T05:48:44.604+0000] {dag.py:3456} INFO - Setting next_dagrun for example_xcom to 2021-01-01T00:00:00+00:00, run_after=2021-01-01T00:00:00+00:00
[2023-05-14T05:48:44.623+0000] {processor.py:175} INFO - Processing /home/airflow/.local/lib/python3.7/site-packages/airflow/example_dags/example_xcom.py took 0.084 seconds
[2023-05-14T05:49:14.886+0000] {processor.py:153} INFO - Started process (PID=11061) to work on /home/airflow/.local/lib/python3.7/site-packages/airflow/example_dags/example_xcom.py
[2023-05-14T05:49:14.887+0000] {processor.py:743} INFO - Processing file /home/airflow/.local/lib/python3.7/site-packages/airflow/example_dags/example_xcom.py for tasks to queue
[2023-05-14T05:49:14.889+0000] {logging_mixin.py:137} INFO - [2023-05-14T05:49:14.888+0000] {dagbag.py:532} INFO - Filling up the DagBag from /home/airflow/.local/lib/python3.7/site-packages/airflow/example_dags/example_xcom.py
[2023-05-14T05:49:14.905+0000] {processor.py:753} INFO - DAG(s) dict_keys(['example_xcom']) retrieved from /home/airflow/.local/lib/python3.7/site-packages/airflow/example_dags/example_xcom.py
[2023-05-14T05:49:14.929+0000] {logging_mixin.py:137} INFO - [2023-05-14T05:49:14.929+0000] {dag.py:2705} INFO - Sync 1 DAGs
[2023-05-14T05:49:14.951+0000] {logging_mixin.py:137} INFO - [2023-05-14T05:49:14.951+0000] {dag.py:3456} INFO - Setting next_dagrun for example_xcom to 2021-01-01T00:00:00+00:00, run_after=2021-01-01T00:00:00+00:00
[2023-05-14T05:49:14.966+0000] {processor.py:175} INFO - Processing /home/airflow/.local/lib/python3.7/site-packages/airflow/example_dags/example_xcom.py took 0.083 seconds
[2023-05-14T05:49:45.115+0000] {processor.py:153} INFO - Started process (PID=11287) to work on /home/airflow/.local/lib/python3.7/site-packages/airflow/example_dags/example_xcom.py
[2023-05-14T05:49:45.118+0000] {processor.py:743} INFO - Processing file /home/airflow/.local/lib/python3.7/site-packages/airflow/example_dags/example_xcom.py for tasks to queue
[2023-05-14T05:49:45.123+0000] {logging_mixin.py:137} INFO - [2023-05-14T05:49:45.123+0000] {dagbag.py:532} INFO - Filling up the DagBag from /home/airflow/.local/lib/python3.7/site-packages/airflow/example_dags/example_xcom.py
[2023-05-14T05:49:45.142+0000] {processor.py:753} INFO - DAG(s) dict_keys(['example_xcom']) retrieved from /home/airflow/.local/lib/python3.7/site-packages/airflow/example_dags/example_xcom.py
[2023-05-14T05:49:45.164+0000] {logging_mixin.py:137} INFO - [2023-05-14T05:49:45.164+0000] {dag.py:2705} INFO - Sync 1 DAGs
[2023-05-14T05:49:45.191+0000] {logging_mixin.py:137} INFO - [2023-05-14T05:49:45.191+0000] {dag.py:3456} INFO - Setting next_dagrun for example_xcom to 2021-01-01T00:00:00+00:00, run_after=2021-01-01T00:00:00+00:00
[2023-05-14T05:49:45.205+0000] {processor.py:175} INFO - Processing /home/airflow/.local/lib/python3.7/site-packages/airflow/example_dags/example_xcom.py took 0.093 seconds
[2023-05-14T05:50:15.479+0000] {processor.py:153} INFO - Started process (PID=11511) to work on /home/airflow/.local/lib/python3.7/site-packages/airflow/example_dags/example_xcom.py
[2023-05-14T05:50:15.481+0000] {processor.py:743} INFO - Processing file /home/airflow/.local/lib/python3.7/site-packages/airflow/example_dags/example_xcom.py for tasks to queue
[2023-05-14T05:50:15.483+0000] {logging_mixin.py:137} INFO - [2023-05-14T05:50:15.483+0000] {dagbag.py:532} INFO - Filling up the DagBag from /home/airflow/.local/lib/python3.7/site-packages/airflow/example_dags/example_xcom.py
[2023-05-14T05:50:15.508+0000] {processor.py:753} INFO - DAG(s) dict_keys(['example_xcom']) retrieved from /home/airflow/.local/lib/python3.7/site-packages/airflow/example_dags/example_xcom.py
[2023-05-14T05:50:15.543+0000] {logging_mixin.py:137} INFO - [2023-05-14T05:50:15.543+0000] {dag.py:2705} INFO - Sync 1 DAGs
[2023-05-14T05:50:15.567+0000] {logging_mixin.py:137} INFO - [2023-05-14T05:50:15.567+0000] {dag.py:3456} INFO - Setting next_dagrun for example_xcom to 2021-01-01T00:00:00+00:00, run_after=2021-01-01T00:00:00+00:00
[2023-05-14T05:50:15.580+0000] {processor.py:175} INFO - Processing /home/airflow/.local/lib/python3.7/site-packages/airflow/example_dags/example_xcom.py took 0.106 seconds
[2023-05-14T05:50:45.884+0000] {processor.py:153} INFO - Started process (PID=11735) to work on /home/airflow/.local/lib/python3.7/site-packages/airflow/example_dags/example_xcom.py
[2023-05-14T05:50:45.886+0000] {processor.py:743} INFO - Processing file /home/airflow/.local/lib/python3.7/site-packages/airflow/example_dags/example_xcom.py for tasks to queue
[2023-05-14T05:50:45.888+0000] {logging_mixin.py:137} INFO - [2023-05-14T05:50:45.888+0000] {dagbag.py:532} INFO - Filling up the DagBag from /home/airflow/.local/lib/python3.7/site-packages/airflow/example_dags/example_xcom.py
[2023-05-14T05:50:45.908+0000] {processor.py:753} INFO - DAG(s) dict_keys(['example_xcom']) retrieved from /home/airflow/.local/lib/python3.7/site-packages/airflow/example_dags/example_xcom.py
[2023-05-14T05:50:45.934+0000] {logging_mixin.py:137} INFO - [2023-05-14T05:50:45.934+0000] {dag.py:2705} INFO - Sync 1 DAGs
[2023-05-14T05:50:45.954+0000] {logging_mixin.py:137} INFO - [2023-05-14T05:50:45.954+0000] {dag.py:3456} INFO - Setting next_dagrun for example_xcom to 2021-01-01T00:00:00+00:00, run_after=2021-01-01T00:00:00+00:00
[2023-05-14T05:50:45.966+0000] {processor.py:175} INFO - Processing /home/airflow/.local/lib/python3.7/site-packages/airflow/example_dags/example_xcom.py took 0.085 seconds
[2023-05-14T05:51:16.281+0000] {processor.py:153} INFO - Started process (PID=11959) to work on /home/airflow/.local/lib/python3.7/site-packages/airflow/example_dags/example_xcom.py
[2023-05-14T05:51:16.283+0000] {processor.py:743} INFO - Processing file /home/airflow/.local/lib/python3.7/site-packages/airflow/example_dags/example_xcom.py for tasks to queue
[2023-05-14T05:51:16.284+0000] {logging_mixin.py:137} INFO - [2023-05-14T05:51:16.284+0000] {dagbag.py:532} INFO - Filling up the DagBag from /home/airflow/.local/lib/python3.7/site-packages/airflow/example_dags/example_xcom.py
[2023-05-14T05:51:16.304+0000] {processor.py:753} INFO - DAG(s) dict_keys(['example_xcom']) retrieved from /home/airflow/.local/lib/python3.7/site-packages/airflow/example_dags/example_xcom.py
[2023-05-14T05:51:16.327+0000] {logging_mixin.py:137} INFO - [2023-05-14T05:51:16.327+0000] {dag.py:2705} INFO - Sync 1 DAGs
[2023-05-14T05:51:16.346+0000] {logging_mixin.py:137} INFO - [2023-05-14T05:51:16.346+0000] {dag.py:3456} INFO - Setting next_dagrun for example_xcom to 2021-01-01T00:00:00+00:00, run_after=2021-01-01T00:00:00+00:00
[2023-05-14T05:51:16.357+0000] {processor.py:175} INFO - Processing /home/airflow/.local/lib/python3.7/site-packages/airflow/example_dags/example_xcom.py took 0.080 seconds
[2023-05-14T05:51:46.644+0000] {processor.py:153} INFO - Started process (PID=12183) to work on /home/airflow/.local/lib/python3.7/site-packages/airflow/example_dags/example_xcom.py
[2023-05-14T05:51:46.646+0000] {processor.py:743} INFO - Processing file /home/airflow/.local/lib/python3.7/site-packages/airflow/example_dags/example_xcom.py for tasks to queue
[2023-05-14T05:51:46.648+0000] {logging_mixin.py:137} INFO - [2023-05-14T05:51:46.648+0000] {dagbag.py:532} INFO - Filling up the DagBag from /home/airflow/.local/lib/python3.7/site-packages/airflow/example_dags/example_xcom.py
[2023-05-14T05:51:46.668+0000] {processor.py:753} INFO - DAG(s) dict_keys(['example_xcom']) retrieved from /home/airflow/.local/lib/python3.7/site-packages/airflow/example_dags/example_xcom.py
[2023-05-14T05:51:46.689+0000] {logging_mixin.py:137} INFO - [2023-05-14T05:51:46.689+0000] {dag.py:2705} INFO - Sync 1 DAGs
[2023-05-14T05:51:46.706+0000] {logging_mixin.py:137} INFO - [2023-05-14T05:51:46.706+0000] {dag.py:3456} INFO - Setting next_dagrun for example_xcom to 2021-01-01T00:00:00+00:00, run_after=2021-01-01T00:00:00+00:00
[2023-05-14T05:51:46.719+0000] {processor.py:175} INFO - Processing /home/airflow/.local/lib/python3.7/site-packages/airflow/example_dags/example_xcom.py took 0.078 seconds
[2023-05-14T05:52:16.907+0000] {processor.py:153} INFO - Started process (PID=12406) to work on /home/airflow/.local/lib/python3.7/site-packages/airflow/example_dags/example_xcom.py
[2023-05-14T05:52:16.910+0000] {processor.py:743} INFO - Processing file /home/airflow/.local/lib/python3.7/site-packages/airflow/example_dags/example_xcom.py for tasks to queue
[2023-05-14T05:52:16.911+0000] {logging_mixin.py:137} INFO - [2023-05-14T05:52:16.911+0000] {dagbag.py:532} INFO - Filling up the DagBag from /home/airflow/.local/lib/python3.7/site-packages/airflow/example_dags/example_xcom.py
[2023-05-14T05:52:16.933+0000] {processor.py:753} INFO - DAG(s) dict_keys(['example_xcom']) retrieved from /home/airflow/.local/lib/python3.7/site-packages/airflow/example_dags/example_xcom.py
[2023-05-14T05:52:16.957+0000] {logging_mixin.py:137} INFO - [2023-05-14T05:52:16.957+0000] {dag.py:2705} INFO - Sync 1 DAGs
[2023-05-14T05:52:16.980+0000] {logging_mixin.py:137} INFO - [2023-05-14T05:52:16.980+0000] {dag.py:3456} INFO - Setting next_dagrun for example_xcom to 2021-01-01T00:00:00+00:00, run_after=2021-01-01T00:00:00+00:00
[2023-05-14T05:52:16.996+0000] {processor.py:175} INFO - Processing /home/airflow/.local/lib/python3.7/site-packages/airflow/example_dags/example_xcom.py took 0.092 seconds
[2023-05-14T05:52:47.161+0000] {processor.py:153} INFO - Started process (PID=12630) to work on /home/airflow/.local/lib/python3.7/site-packages/airflow/example_dags/example_xcom.py
[2023-05-14T05:52:47.163+0000] {processor.py:743} INFO - Processing file /home/airflow/.local/lib/python3.7/site-packages/airflow/example_dags/example_xcom.py for tasks to queue
[2023-05-14T05:52:47.164+0000] {logging_mixin.py:137} INFO - [2023-05-14T05:52:47.163+0000] {dagbag.py:532} INFO - Filling up the DagBag from /home/airflow/.local/lib/python3.7/site-packages/airflow/example_dags/example_xcom.py
[2023-05-14T05:52:47.184+0000] {processor.py:753} INFO - DAG(s) dict_keys(['example_xcom']) retrieved from /home/airflow/.local/lib/python3.7/site-packages/airflow/example_dags/example_xcom.py
[2023-05-14T05:52:47.206+0000] {logging_mixin.py:137} INFO - [2023-05-14T05:52:47.206+0000] {dag.py:2705} INFO - Sync 1 DAGs
[2023-05-14T05:52:47.222+0000] {logging_mixin.py:137} INFO - [2023-05-14T05:52:47.222+0000] {dag.py:3456} INFO - Setting next_dagrun for example_xcom to 2021-01-01T00:00:00+00:00, run_after=2021-01-01T00:00:00+00:00
[2023-05-14T05:52:47.235+0000] {processor.py:175} INFO - Processing /home/airflow/.local/lib/python3.7/site-packages/airflow/example_dags/example_xcom.py took 0.077 seconds
[2023-05-14T05:53:17.671+0000] {processor.py:153} INFO - Started process (PID=12854) to work on /home/airflow/.local/lib/python3.7/site-packages/airflow/example_dags/example_xcom.py
[2023-05-14T05:53:17.685+0000] {processor.py:743} INFO - Processing file /home/airflow/.local/lib/python3.7/site-packages/airflow/example_dags/example_xcom.py for tasks to queue
[2023-05-14T05:53:17.687+0000] {logging_mixin.py:137} INFO - [2023-05-14T05:53:17.687+0000] {dagbag.py:532} INFO - Filling up the DagBag from /home/airflow/.local/lib/python3.7/site-packages/airflow/example_dags/example_xcom.py
[2023-05-14T05:53:17.711+0000] {processor.py:753} INFO - DAG(s) dict_keys(['example_xcom']) retrieved from /home/airflow/.local/lib/python3.7/site-packages/airflow/example_dags/example_xcom.py
[2023-05-14T05:53:17.735+0000] {logging_mixin.py:137} INFO - [2023-05-14T05:53:17.735+0000] {dag.py:2705} INFO - Sync 1 DAGs
[2023-05-14T05:53:17.754+0000] {logging_mixin.py:137} INFO - [2023-05-14T05:53:17.754+0000] {dag.py:3456} INFO - Setting next_dagrun for example_xcom to 2021-01-01T00:00:00+00:00, run_after=2021-01-01T00:00:00+00:00
[2023-05-14T05:53:17.767+0000] {processor.py:175} INFO - Processing /home/airflow/.local/lib/python3.7/site-packages/airflow/example_dags/example_xcom.py took 0.100 seconds
[2023-05-14T05:53:48.066+0000] {processor.py:153} INFO - Started process (PID=13079) to work on /home/airflow/.local/lib/python3.7/site-packages/airflow/example_dags/example_xcom.py
[2023-05-14T05:53:48.070+0000] {processor.py:743} INFO - Processing file /home/airflow/.local/lib/python3.7/site-packages/airflow/example_dags/example_xcom.py for tasks to queue
[2023-05-14T05:53:48.077+0000] {logging_mixin.py:137} INFO - [2023-05-14T05:53:48.077+0000] {dagbag.py:532} INFO - Filling up the DagBag from /home/airflow/.local/lib/python3.7/site-packages/airflow/example_dags/example_xcom.py
[2023-05-14T05:53:48.104+0000] {processor.py:753} INFO - DAG(s) dict_keys(['example_xcom']) retrieved from /home/airflow/.local/lib/python3.7/site-packages/airflow/example_dags/example_xcom.py
[2023-05-14T05:53:48.133+0000] {logging_mixin.py:137} INFO - [2023-05-14T05:53:48.133+0000] {dag.py:2705} INFO - Sync 1 DAGs
[2023-05-14T05:53:48.154+0000] {logging_mixin.py:137} INFO - [2023-05-14T05:53:48.154+0000] {dag.py:3456} INFO - Setting next_dagrun for example_xcom to 2021-01-01T00:00:00+00:00, run_after=2021-01-01T00:00:00+00:00
[2023-05-14T05:53:48.169+0000] {processor.py:175} INFO - Processing /home/airflow/.local/lib/python3.7/site-packages/airflow/example_dags/example_xcom.py took 0.111 seconds
[2023-05-14T05:54:18.324+0000] {processor.py:153} INFO - Started process (PID=13305) to work on /home/airflow/.local/lib/python3.7/site-packages/airflow/example_dags/example_xcom.py
[2023-05-14T05:54:18.325+0000] {processor.py:743} INFO - Processing file /home/airflow/.local/lib/python3.7/site-packages/airflow/example_dags/example_xcom.py for tasks to queue
[2023-05-14T05:54:18.327+0000] {logging_mixin.py:137} INFO - [2023-05-14T05:54:18.327+0000] {dagbag.py:532} INFO - Filling up the DagBag from /home/airflow/.local/lib/python3.7/site-packages/airflow/example_dags/example_xcom.py
[2023-05-14T05:54:18.345+0000] {processor.py:753} INFO - DAG(s) dict_keys(['example_xcom']) retrieved from /home/airflow/.local/lib/python3.7/site-packages/airflow/example_dags/example_xcom.py
[2023-05-14T05:54:18.367+0000] {logging_mixin.py:137} INFO - [2023-05-14T05:54:18.367+0000] {dag.py:2705} INFO - Sync 1 DAGs
[2023-05-14T05:54:18.383+0000] {logging_mixin.py:137} INFO - [2023-05-14T05:54:18.383+0000] {dag.py:3456} INFO - Setting next_dagrun for example_xcom to 2021-01-01T00:00:00+00:00, run_after=2021-01-01T00:00:00+00:00
[2023-05-14T05:54:18.394+0000] {processor.py:175} INFO - Processing /home/airflow/.local/lib/python3.7/site-packages/airflow/example_dags/example_xcom.py took 0.074 seconds
[2023-05-14T05:54:48.478+0000] {processor.py:153} INFO - Started process (PID=13526) to work on /home/airflow/.local/lib/python3.7/site-packages/airflow/example_dags/example_xcom.py
[2023-05-14T05:54:48.479+0000] {processor.py:743} INFO - Processing file /home/airflow/.local/lib/python3.7/site-packages/airflow/example_dags/example_xcom.py for tasks to queue
[2023-05-14T05:54:48.481+0000] {logging_mixin.py:137} INFO - [2023-05-14T05:54:48.481+0000] {dagbag.py:532} INFO - Filling up the DagBag from /home/airflow/.local/lib/python3.7/site-packages/airflow/example_dags/example_xcom.py
[2023-05-14T05:54:48.501+0000] {processor.py:753} INFO - DAG(s) dict_keys(['example_xcom']) retrieved from /home/airflow/.local/lib/python3.7/site-packages/airflow/example_dags/example_xcom.py
[2023-05-14T05:54:48.525+0000] {logging_mixin.py:137} INFO - [2023-05-14T05:54:48.525+0000] {dag.py:2705} INFO - Sync 1 DAGs
[2023-05-14T05:54:48.543+0000] {logging_mixin.py:137} INFO - [2023-05-14T05:54:48.543+0000] {dag.py:3456} INFO - Setting next_dagrun for example_xcom to 2021-01-01T00:00:00+00:00, run_after=2021-01-01T00:00:00+00:00
[2023-05-14T05:54:48.556+0000] {processor.py:175} INFO - Processing /home/airflow/.local/lib/python3.7/site-packages/airflow/example_dags/example_xcom.py took 0.081 seconds
[2023-05-14T05:55:18.857+0000] {processor.py:153} INFO - Started process (PID=13750) to work on /home/airflow/.local/lib/python3.7/site-packages/airflow/example_dags/example_xcom.py
[2023-05-14T05:55:18.860+0000] {processor.py:743} INFO - Processing file /home/airflow/.local/lib/python3.7/site-packages/airflow/example_dags/example_xcom.py for tasks to queue
[2023-05-14T05:55:18.864+0000] {logging_mixin.py:137} INFO - [2023-05-14T05:55:18.864+0000] {dagbag.py:532} INFO - Filling up the DagBag from /home/airflow/.local/lib/python3.7/site-packages/airflow/example_dags/example_xcom.py
[2023-05-14T05:55:18.885+0000] {processor.py:753} INFO - DAG(s) dict_keys(['example_xcom']) retrieved from /home/airflow/.local/lib/python3.7/site-packages/airflow/example_dags/example_xcom.py
[2023-05-14T05:55:18.909+0000] {logging_mixin.py:137} INFO - [2023-05-14T05:55:18.909+0000] {dag.py:2705} INFO - Sync 1 DAGs
[2023-05-14T05:55:18.926+0000] {logging_mixin.py:137} INFO - [2023-05-14T05:55:18.926+0000] {dag.py:3456} INFO - Setting next_dagrun for example_xcom to 2021-01-01T00:00:00+00:00, run_after=2021-01-01T00:00:00+00:00
[2023-05-14T05:55:18.942+0000] {processor.py:175} INFO - Processing /home/airflow/.local/lib/python3.7/site-packages/airflow/example_dags/example_xcom.py took 0.088 seconds
[2023-05-14T05:55:49.247+0000] {processor.py:153} INFO - Started process (PID=13974) to work on /home/airflow/.local/lib/python3.7/site-packages/airflow/example_dags/example_xcom.py
[2023-05-14T05:55:49.251+0000] {processor.py:743} INFO - Processing file /home/airflow/.local/lib/python3.7/site-packages/airflow/example_dags/example_xcom.py for tasks to queue
[2023-05-14T05:55:49.252+0000] {logging_mixin.py:137} INFO - [2023-05-14T05:55:49.252+0000] {dagbag.py:532} INFO - Filling up the DagBag from /home/airflow/.local/lib/python3.7/site-packages/airflow/example_dags/example_xcom.py
[2023-05-14T05:55:49.272+0000] {processor.py:753} INFO - DAG(s) dict_keys(['example_xcom']) retrieved from /home/airflow/.local/lib/python3.7/site-packages/airflow/example_dags/example_xcom.py
[2023-05-14T05:55:49.293+0000] {logging_mixin.py:137} INFO - [2023-05-14T05:55:49.293+0000] {dag.py:2705} INFO - Sync 1 DAGs
[2023-05-14T05:55:49.310+0000] {logging_mixin.py:137} INFO - [2023-05-14T05:55:49.309+0000] {dag.py:3456} INFO - Setting next_dagrun for example_xcom to 2021-01-01T00:00:00+00:00, run_after=2021-01-01T00:00:00+00:00
[2023-05-14T05:55:49.325+0000] {processor.py:175} INFO - Processing /home/airflow/.local/lib/python3.7/site-packages/airflow/example_dags/example_xcom.py took 0.080 seconds
[2023-05-14T05:56:19.548+0000] {processor.py:153} INFO - Started process (PID=14198) to work on /home/airflow/.local/lib/python3.7/site-packages/airflow/example_dags/example_xcom.py
[2023-05-14T05:56:19.550+0000] {processor.py:743} INFO - Processing file /home/airflow/.local/lib/python3.7/site-packages/airflow/example_dags/example_xcom.py for tasks to queue
[2023-05-14T05:56:19.551+0000] {logging_mixin.py:137} INFO - [2023-05-14T05:56:19.550+0000] {dagbag.py:532} INFO - Filling up the DagBag from /home/airflow/.local/lib/python3.7/site-packages/airflow/example_dags/example_xcom.py
[2023-05-14T05:56:19.570+0000] {processor.py:753} INFO - DAG(s) dict_keys(['example_xcom']) retrieved from /home/airflow/.local/lib/python3.7/site-packages/airflow/example_dags/example_xcom.py
[2023-05-14T05:56:19.592+0000] {logging_mixin.py:137} INFO - [2023-05-14T05:56:19.592+0000] {dag.py:2705} INFO - Sync 1 DAGs
[2023-05-14T05:56:19.614+0000] {logging_mixin.py:137} INFO - [2023-05-14T05:56:19.614+0000] {dag.py:3456} INFO - Setting next_dagrun for example_xcom to 2021-01-01T00:00:00+00:00, run_after=2021-01-01T00:00:00+00:00
[2023-05-14T05:56:19.643+0000] {processor.py:175} INFO - Processing /home/airflow/.local/lib/python3.7/site-packages/airflow/example_dags/example_xcom.py took 0.099 seconds
[2023-05-14T05:56:50.455+0000] {processor.py:153} INFO - Started process (PID=14422) to work on /home/airflow/.local/lib/python3.7/site-packages/airflow/example_dags/example_xcom.py
[2023-05-14T05:56:50.457+0000] {processor.py:743} INFO - Processing file /home/airflow/.local/lib/python3.7/site-packages/airflow/example_dags/example_xcom.py for tasks to queue
[2023-05-14T05:56:50.459+0000] {logging_mixin.py:137} INFO - [2023-05-14T05:56:50.458+0000] {dagbag.py:532} INFO - Filling up the DagBag from /home/airflow/.local/lib/python3.7/site-packages/airflow/example_dags/example_xcom.py
[2023-05-14T05:56:50.483+0000] {processor.py:753} INFO - DAG(s) dict_keys(['example_xcom']) retrieved from /home/airflow/.local/lib/python3.7/site-packages/airflow/example_dags/example_xcom.py
[2023-05-14T05:56:50.518+0000] {logging_mixin.py:137} INFO - [2023-05-14T05:56:50.517+0000] {dag.py:2705} INFO - Sync 1 DAGs
[2023-05-14T05:56:50.548+0000] {logging_mixin.py:137} INFO - [2023-05-14T05:56:50.548+0000] {dag.py:3456} INFO - Setting next_dagrun for example_xcom to 2021-01-01T00:00:00+00:00, run_after=2021-01-01T00:00:00+00:00
[2023-05-14T05:56:50.562+0000] {processor.py:175} INFO - Processing /home/airflow/.local/lib/python3.7/site-packages/airflow/example_dags/example_xcom.py took 0.110 seconds
[2023-05-14T05:57:21.340+0000] {processor.py:153} INFO - Started process (PID=14646) to work on /home/airflow/.local/lib/python3.7/site-packages/airflow/example_dags/example_xcom.py
[2023-05-14T05:57:21.342+0000] {processor.py:743} INFO - Processing file /home/airflow/.local/lib/python3.7/site-packages/airflow/example_dags/example_xcom.py for tasks to queue
[2023-05-14T05:57:21.364+0000] {logging_mixin.py:137} INFO - [2023-05-14T05:57:21.364+0000] {dagbag.py:532} INFO - Filling up the DagBag from /home/airflow/.local/lib/python3.7/site-packages/airflow/example_dags/example_xcom.py
[2023-05-14T05:57:21.393+0000] {processor.py:753} INFO - DAG(s) dict_keys(['example_xcom']) retrieved from /home/airflow/.local/lib/python3.7/site-packages/airflow/example_dags/example_xcom.py
[2023-05-14T05:57:21.418+0000] {logging_mixin.py:137} INFO - [2023-05-14T05:57:21.418+0000] {dag.py:2705} INFO - Sync 1 DAGs
[2023-05-14T05:57:21.436+0000] {logging_mixin.py:137} INFO - [2023-05-14T05:57:21.435+0000] {dag.py:3456} INFO - Setting next_dagrun for example_xcom to 2021-01-01T00:00:00+00:00, run_after=2021-01-01T00:00:00+00:00
[2023-05-14T05:57:21.448+0000] {processor.py:175} INFO - Processing /home/airflow/.local/lib/python3.7/site-packages/airflow/example_dags/example_xcom.py took 0.111 seconds
[2023-05-14T05:57:51.557+0000] {processor.py:153} INFO - Started process (PID=14870) to work on /home/airflow/.local/lib/python3.7/site-packages/airflow/example_dags/example_xcom.py
[2023-05-14T05:57:51.559+0000] {processor.py:743} INFO - Processing file /home/airflow/.local/lib/python3.7/site-packages/airflow/example_dags/example_xcom.py for tasks to queue
[2023-05-14T05:57:51.560+0000] {logging_mixin.py:137} INFO - [2023-05-14T05:57:51.560+0000] {dagbag.py:532} INFO - Filling up the DagBag from /home/airflow/.local/lib/python3.7/site-packages/airflow/example_dags/example_xcom.py
[2023-05-14T05:57:51.581+0000] {processor.py:753} INFO - DAG(s) dict_keys(['example_xcom']) retrieved from /home/airflow/.local/lib/python3.7/site-packages/airflow/example_dags/example_xcom.py
[2023-05-14T05:57:51.605+0000] {logging_mixin.py:137} INFO - [2023-05-14T05:57:51.605+0000] {dag.py:2705} INFO - Sync 1 DAGs
[2023-05-14T05:57:51.625+0000] {logging_mixin.py:137} INFO - [2023-05-14T05:57:51.625+0000] {dag.py:3456} INFO - Setting next_dagrun for example_xcom to 2021-01-01T00:00:00+00:00, run_after=2021-01-01T00:00:00+00:00
[2023-05-14T05:57:51.643+0000] {processor.py:175} INFO - Processing /home/airflow/.local/lib/python3.7/site-packages/airflow/example_dags/example_xcom.py took 0.090 seconds
[2023-05-14T05:58:21.981+0000] {processor.py:153} INFO - Started process (PID=15094) to work on /home/airflow/.local/lib/python3.7/site-packages/airflow/example_dags/example_xcom.py
[2023-05-14T05:58:21.983+0000] {processor.py:743} INFO - Processing file /home/airflow/.local/lib/python3.7/site-packages/airflow/example_dags/example_xcom.py for tasks to queue
[2023-05-14T05:58:21.984+0000] {logging_mixin.py:137} INFO - [2023-05-14T05:58:21.984+0000] {dagbag.py:532} INFO - Filling up the DagBag from /home/airflow/.local/lib/python3.7/site-packages/airflow/example_dags/example_xcom.py
[2023-05-14T05:58:22.004+0000] {processor.py:753} INFO - DAG(s) dict_keys(['example_xcom']) retrieved from /home/airflow/.local/lib/python3.7/site-packages/airflow/example_dags/example_xcom.py
[2023-05-14T05:58:22.028+0000] {logging_mixin.py:137} INFO - [2023-05-14T05:58:22.028+0000] {dag.py:2705} INFO - Sync 1 DAGs
[2023-05-14T05:58:22.046+0000] {logging_mixin.py:137} INFO - [2023-05-14T05:58:22.046+0000] {dag.py:3456} INFO - Setting next_dagrun for example_xcom to 2021-01-01T00:00:00+00:00, run_after=2021-01-01T00:00:00+00:00
[2023-05-14T05:58:22.059+0000] {processor.py:175} INFO - Processing /home/airflow/.local/lib/python3.7/site-packages/airflow/example_dags/example_xcom.py took 0.082 seconds
[2023-05-14T05:58:52.242+0000] {processor.py:153} INFO - Started process (PID=15318) to work on /home/airflow/.local/lib/python3.7/site-packages/airflow/example_dags/example_xcom.py
[2023-05-14T05:58:52.245+0000] {processor.py:743} INFO - Processing file /home/airflow/.local/lib/python3.7/site-packages/airflow/example_dags/example_xcom.py for tasks to queue
[2023-05-14T05:58:52.247+0000] {logging_mixin.py:137} INFO - [2023-05-14T05:58:52.246+0000] {dagbag.py:532} INFO - Filling up the DagBag from /home/airflow/.local/lib/python3.7/site-packages/airflow/example_dags/example_xcom.py
[2023-05-14T05:58:52.271+0000] {processor.py:753} INFO - DAG(s) dict_keys(['example_xcom']) retrieved from /home/airflow/.local/lib/python3.7/site-packages/airflow/example_dags/example_xcom.py
[2023-05-14T05:58:52.294+0000] {logging_mixin.py:137} INFO - [2023-05-14T05:58:52.293+0000] {dag.py:2705} INFO - Sync 1 DAGs
[2023-05-14T05:58:52.313+0000] {logging_mixin.py:137} INFO - [2023-05-14T05:58:52.312+0000] {dag.py:3456} INFO - Setting next_dagrun for example_xcom to 2021-01-01T00:00:00+00:00, run_after=2021-01-01T00:00:00+00:00
[2023-05-14T05:58:52.324+0000] {processor.py:175} INFO - Processing /home/airflow/.local/lib/python3.7/site-packages/airflow/example_dags/example_xcom.py took 0.085 seconds
[2023-05-14T05:59:22.541+0000] {processor.py:153} INFO - Started process (PID=15542) to work on /home/airflow/.local/lib/python3.7/site-packages/airflow/example_dags/example_xcom.py
[2023-05-14T05:59:22.547+0000] {processor.py:743} INFO - Processing file /home/airflow/.local/lib/python3.7/site-packages/airflow/example_dags/example_xcom.py for tasks to queue
[2023-05-14T05:59:22.549+0000] {logging_mixin.py:137} INFO - [2023-05-14T05:59:22.549+0000] {dagbag.py:532} INFO - Filling up the DagBag from /home/airflow/.local/lib/python3.7/site-packages/airflow/example_dags/example_xcom.py
[2023-05-14T05:59:22.572+0000] {processor.py:753} INFO - DAG(s) dict_keys(['example_xcom']) retrieved from /home/airflow/.local/lib/python3.7/site-packages/airflow/example_dags/example_xcom.py
[2023-05-14T05:59:22.598+0000] {logging_mixin.py:137} INFO - [2023-05-14T05:59:22.597+0000] {dag.py:2705} INFO - Sync 1 DAGs
[2023-05-14T05:59:22.620+0000] {logging_mixin.py:137} INFO - [2023-05-14T05:59:22.620+0000] {dag.py:3456} INFO - Setting next_dagrun for example_xcom to 2021-01-01T00:00:00+00:00, run_after=2021-01-01T00:00:00+00:00
[2023-05-14T05:59:22.639+0000] {processor.py:175} INFO - Processing /home/airflow/.local/lib/python3.7/site-packages/airflow/example_dags/example_xcom.py took 0.101 seconds
[2023-05-14T05:59:53.073+0000] {processor.py:153} INFO - Started process (PID=15766) to work on /home/airflow/.local/lib/python3.7/site-packages/airflow/example_dags/example_xcom.py
[2023-05-14T05:59:53.076+0000] {processor.py:743} INFO - Processing file /home/airflow/.local/lib/python3.7/site-packages/airflow/example_dags/example_xcom.py for tasks to queue
[2023-05-14T05:59:53.079+0000] {logging_mixin.py:137} INFO - [2023-05-14T05:59:53.079+0000] {dagbag.py:532} INFO - Filling up the DagBag from /home/airflow/.local/lib/python3.7/site-packages/airflow/example_dags/example_xcom.py
[2023-05-14T05:59:53.104+0000] {processor.py:753} INFO - DAG(s) dict_keys(['example_xcom']) retrieved from /home/airflow/.local/lib/python3.7/site-packages/airflow/example_dags/example_xcom.py
[2023-05-14T05:59:53.132+0000] {logging_mixin.py:137} INFO - [2023-05-14T05:59:53.132+0000] {dag.py:2705} INFO - Sync 1 DAGs
[2023-05-14T05:59:53.152+0000] {logging_mixin.py:137} INFO - [2023-05-14T05:59:53.152+0000] {dag.py:3456} INFO - Setting next_dagrun for example_xcom to 2021-01-01T00:00:00+00:00, run_after=2021-01-01T00:00:00+00:00
[2023-05-14T05:59:53.169+0000] {processor.py:175} INFO - Processing /home/airflow/.local/lib/python3.7/site-packages/airflow/example_dags/example_xcom.py took 0.100 seconds
[2023-05-14T06:00:23.254+0000] {processor.py:153} INFO - Started process (PID=15989) to work on /home/airflow/.local/lib/python3.7/site-packages/airflow/example_dags/example_xcom.py
[2023-05-14T06:00:23.256+0000] {processor.py:743} INFO - Processing file /home/airflow/.local/lib/python3.7/site-packages/airflow/example_dags/example_xcom.py for tasks to queue
[2023-05-14T06:00:23.262+0000] {logging_mixin.py:137} INFO - [2023-05-14T06:00:23.262+0000] {dagbag.py:532} INFO - Filling up the DagBag from /home/airflow/.local/lib/python3.7/site-packages/airflow/example_dags/example_xcom.py
[2023-05-14T06:00:23.287+0000] {processor.py:753} INFO - DAG(s) dict_keys(['example_xcom']) retrieved from /home/airflow/.local/lib/python3.7/site-packages/airflow/example_dags/example_xcom.py
[2023-05-14T06:00:23.309+0000] {logging_mixin.py:137} INFO - [2023-05-14T06:00:23.309+0000] {dag.py:2705} INFO - Sync 1 DAGs
[2023-05-14T06:00:23.325+0000] {logging_mixin.py:137} INFO - [2023-05-14T06:00:23.325+0000] {dag.py:3456} INFO - Setting next_dagrun for example_xcom to 2021-01-01T00:00:00+00:00, run_after=2021-01-01T00:00:00+00:00
[2023-05-14T06:00:23.341+0000] {processor.py:175} INFO - Processing /home/airflow/.local/lib/python3.7/site-packages/airflow/example_dags/example_xcom.py took 0.090 seconds
[2023-05-14T06:00:54.070+0000] {processor.py:153} INFO - Started process (PID=16214) to work on /home/airflow/.local/lib/python3.7/site-packages/airflow/example_dags/example_xcom.py
[2023-05-14T06:00:54.072+0000] {processor.py:743} INFO - Processing file /home/airflow/.local/lib/python3.7/site-packages/airflow/example_dags/example_xcom.py for tasks to queue
[2023-05-14T06:00:54.073+0000] {logging_mixin.py:137} INFO - [2023-05-14T06:00:54.073+0000] {dagbag.py:532} INFO - Filling up the DagBag from /home/airflow/.local/lib/python3.7/site-packages/airflow/example_dags/example_xcom.py
[2023-05-14T06:00:54.093+0000] {processor.py:753} INFO - DAG(s) dict_keys(['example_xcom']) retrieved from /home/airflow/.local/lib/python3.7/site-packages/airflow/example_dags/example_xcom.py
[2023-05-14T06:00:54.115+0000] {logging_mixin.py:137} INFO - [2023-05-14T06:00:54.115+0000] {dag.py:2705} INFO - Sync 1 DAGs
[2023-05-14T06:00:54.135+0000] {logging_mixin.py:137} INFO - [2023-05-14T06:00:54.135+0000] {dag.py:3456} INFO - Setting next_dagrun for example_xcom to 2021-01-01T00:00:00+00:00, run_after=2021-01-01T00:00:00+00:00
[2023-05-14T06:00:54.150+0000] {processor.py:175} INFO - Processing /home/airflow/.local/lib/python3.7/site-packages/airflow/example_dags/example_xcom.py took 0.083 seconds
[2023-05-14T06:01:24.776+0000] {processor.py:153} INFO - Started process (PID=16442) to work on /home/airflow/.local/lib/python3.7/site-packages/airflow/example_dags/example_xcom.py
[2023-05-14T06:01:24.781+0000] {processor.py:743} INFO - Processing file /home/airflow/.local/lib/python3.7/site-packages/airflow/example_dags/example_xcom.py for tasks to queue
[2023-05-14T06:01:24.782+0000] {logging_mixin.py:137} INFO - [2023-05-14T06:01:24.782+0000] {dagbag.py:532} INFO - Filling up the DagBag from /home/airflow/.local/lib/python3.7/site-packages/airflow/example_dags/example_xcom.py
[2023-05-14T06:01:24.816+0000] {processor.py:753} INFO - DAG(s) dict_keys(['example_xcom']) retrieved from /home/airflow/.local/lib/python3.7/site-packages/airflow/example_dags/example_xcom.py
[2023-05-14T06:01:24.842+0000] {logging_mixin.py:137} INFO - [2023-05-14T06:01:24.842+0000] {dag.py:2705} INFO - Sync 1 DAGs
[2023-05-14T06:01:24.864+0000] {logging_mixin.py:137} INFO - [2023-05-14T06:01:24.864+0000] {dag.py:3456} INFO - Setting next_dagrun for example_xcom to 2021-01-01T00:00:00+00:00, run_after=2021-01-01T00:00:00+00:00
[2023-05-14T06:01:24.883+0000] {processor.py:175} INFO - Processing /home/airflow/.local/lib/python3.7/site-packages/airflow/example_dags/example_xcom.py took 0.110 seconds
[2023-05-14T06:01:55.379+0000] {processor.py:153} INFO - Started process (PID=16666) to work on /home/airflow/.local/lib/python3.7/site-packages/airflow/example_dags/example_xcom.py
[2023-05-14T06:01:55.383+0000] {processor.py:743} INFO - Processing file /home/airflow/.local/lib/python3.7/site-packages/airflow/example_dags/example_xcom.py for tasks to queue
[2023-05-14T06:01:55.384+0000] {logging_mixin.py:137} INFO - [2023-05-14T06:01:55.384+0000] {dagbag.py:532} INFO - Filling up the DagBag from /home/airflow/.local/lib/python3.7/site-packages/airflow/example_dags/example_xcom.py
[2023-05-14T06:01:55.405+0000] {processor.py:753} INFO - DAG(s) dict_keys(['example_xcom']) retrieved from /home/airflow/.local/lib/python3.7/site-packages/airflow/example_dags/example_xcom.py
[2023-05-14T06:01:55.429+0000] {logging_mixin.py:137} INFO - [2023-05-14T06:01:55.429+0000] {dag.py:2705} INFO - Sync 1 DAGs
[2023-05-14T06:01:55.448+0000] {logging_mixin.py:137} INFO - [2023-05-14T06:01:55.448+0000] {dag.py:3456} INFO - Setting next_dagrun for example_xcom to 2021-01-01T00:00:00+00:00, run_after=2021-01-01T00:00:00+00:00
[2023-05-14T06:01:55.464+0000] {processor.py:175} INFO - Processing /home/airflow/.local/lib/python3.7/site-packages/airflow/example_dags/example_xcom.py took 0.088 seconds
[2023-05-14T06:02:25.712+0000] {processor.py:153} INFO - Started process (PID=16899) to work on /home/airflow/.local/lib/python3.7/site-packages/airflow/example_dags/example_xcom.py
[2023-05-14T06:02:25.715+0000] {processor.py:743} INFO - Processing file /home/airflow/.local/lib/python3.7/site-packages/airflow/example_dags/example_xcom.py for tasks to queue
[2023-05-14T06:02:25.717+0000] {logging_mixin.py:137} INFO - [2023-05-14T06:02:25.717+0000] {dagbag.py:532} INFO - Filling up the DagBag from /home/airflow/.local/lib/python3.7/site-packages/airflow/example_dags/example_xcom.py
[2023-05-14T06:02:25.739+0000] {processor.py:753} INFO - DAG(s) dict_keys(['example_xcom']) retrieved from /home/airflow/.local/lib/python3.7/site-packages/airflow/example_dags/example_xcom.py
[2023-05-14T06:02:25.764+0000] {logging_mixin.py:137} INFO - [2023-05-14T06:02:25.764+0000] {dag.py:2705} INFO - Sync 1 DAGs
[2023-05-14T06:02:25.783+0000] {logging_mixin.py:137} INFO - [2023-05-14T06:02:25.783+0000] {dag.py:3456} INFO - Setting next_dagrun for example_xcom to 2021-01-01T00:00:00+00:00, run_after=2021-01-01T00:00:00+00:00
[2023-05-14T06:02:25.796+0000] {processor.py:175} INFO - Processing /home/airflow/.local/lib/python3.7/site-packages/airflow/example_dags/example_xcom.py took 0.088 seconds
[2023-05-14T06:02:56.266+0000] {processor.py:153} INFO - Started process (PID=17123) to work on /home/airflow/.local/lib/python3.7/site-packages/airflow/example_dags/example_xcom.py
[2023-05-14T06:02:56.268+0000] {processor.py:743} INFO - Processing file /home/airflow/.local/lib/python3.7/site-packages/airflow/example_dags/example_xcom.py for tasks to queue
[2023-05-14T06:02:56.269+0000] {logging_mixin.py:137} INFO - [2023-05-14T06:02:56.269+0000] {dagbag.py:532} INFO - Filling up the DagBag from /home/airflow/.local/lib/python3.7/site-packages/airflow/example_dags/example_xcom.py
[2023-05-14T06:02:56.290+0000] {processor.py:753} INFO - DAG(s) dict_keys(['example_xcom']) retrieved from /home/airflow/.local/lib/python3.7/site-packages/airflow/example_dags/example_xcom.py
[2023-05-14T06:02:56.312+0000] {logging_mixin.py:137} INFO - [2023-05-14T06:02:56.312+0000] {dag.py:2705} INFO - Sync 1 DAGs
[2023-05-14T06:02:56.330+0000] {logging_mixin.py:137} INFO - [2023-05-14T06:02:56.330+0000] {dag.py:3456} INFO - Setting next_dagrun for example_xcom to 2021-01-01T00:00:00+00:00, run_after=2021-01-01T00:00:00+00:00
[2023-05-14T06:02:56.355+0000] {processor.py:175} INFO - Processing /home/airflow/.local/lib/python3.7/site-packages/airflow/example_dags/example_xcom.py took 0.092 seconds
[2023-05-14T06:03:26.726+0000] {processor.py:153} INFO - Started process (PID=17348) to work on /home/airflow/.local/lib/python3.7/site-packages/airflow/example_dags/example_xcom.py
[2023-05-14T06:03:26.728+0000] {processor.py:743} INFO - Processing file /home/airflow/.local/lib/python3.7/site-packages/airflow/example_dags/example_xcom.py for tasks to queue
[2023-05-14T06:03:26.730+0000] {logging_mixin.py:137} INFO - [2023-05-14T06:03:26.730+0000] {dagbag.py:532} INFO - Filling up the DagBag from /home/airflow/.local/lib/python3.7/site-packages/airflow/example_dags/example_xcom.py
[2023-05-14T06:03:26.750+0000] {processor.py:753} INFO - DAG(s) dict_keys(['example_xcom']) retrieved from /home/airflow/.local/lib/python3.7/site-packages/airflow/example_dags/example_xcom.py
[2023-05-14T06:03:26.772+0000] {logging_mixin.py:137} INFO - [2023-05-14T06:03:26.772+0000] {dag.py:2705} INFO - Sync 1 DAGs
[2023-05-14T06:03:26.792+0000] {logging_mixin.py:137} INFO - [2023-05-14T06:03:26.792+0000] {dag.py:3456} INFO - Setting next_dagrun for example_xcom to 2021-01-01T00:00:00+00:00, run_after=2021-01-01T00:00:00+00:00
[2023-05-14T06:03:26.802+0000] {processor.py:175} INFO - Processing /home/airflow/.local/lib/python3.7/site-packages/airflow/example_dags/example_xcom.py took 0.079 seconds
[2023-05-14T06:03:57.460+0000] {processor.py:153} INFO - Started process (PID=17573) to work on /home/airflow/.local/lib/python3.7/site-packages/airflow/example_dags/example_xcom.py
[2023-05-14T06:03:57.462+0000] {processor.py:743} INFO - Processing file /home/airflow/.local/lib/python3.7/site-packages/airflow/example_dags/example_xcom.py for tasks to queue
[2023-05-14T06:03:57.464+0000] {logging_mixin.py:137} INFO - [2023-05-14T06:03:57.464+0000] {dagbag.py:532} INFO - Filling up the DagBag from /home/airflow/.local/lib/python3.7/site-packages/airflow/example_dags/example_xcom.py
[2023-05-14T06:03:57.484+0000] {processor.py:753} INFO - DAG(s) dict_keys(['example_xcom']) retrieved from /home/airflow/.local/lib/python3.7/site-packages/airflow/example_dags/example_xcom.py
[2023-05-14T06:03:57.508+0000] {logging_mixin.py:137} INFO - [2023-05-14T06:03:57.508+0000] {dag.py:2705} INFO - Sync 1 DAGs
[2023-05-14T06:03:57.528+0000] {logging_mixin.py:137} INFO - [2023-05-14T06:03:57.528+0000] {dag.py:3456} INFO - Setting next_dagrun for example_xcom to 2021-01-01T00:00:00+00:00, run_after=2021-01-01T00:00:00+00:00
[2023-05-14T06:03:57.540+0000] {processor.py:175} INFO - Processing /home/airflow/.local/lib/python3.7/site-packages/airflow/example_dags/example_xcom.py took 0.083 seconds
[2023-05-14T06:04:27.920+0000] {processor.py:153} INFO - Started process (PID=17796) to work on /home/airflow/.local/lib/python3.7/site-packages/airflow/example_dags/example_xcom.py
[2023-05-14T06:04:27.922+0000] {processor.py:743} INFO - Processing file /home/airflow/.local/lib/python3.7/site-packages/airflow/example_dags/example_xcom.py for tasks to queue
[2023-05-14T06:04:27.924+0000] {logging_mixin.py:137} INFO - [2023-05-14T06:04:27.924+0000] {dagbag.py:532} INFO - Filling up the DagBag from /home/airflow/.local/lib/python3.7/site-packages/airflow/example_dags/example_xcom.py
[2023-05-14T06:04:27.946+0000] {processor.py:753} INFO - DAG(s) dict_keys(['example_xcom']) retrieved from /home/airflow/.local/lib/python3.7/site-packages/airflow/example_dags/example_xcom.py
[2023-05-14T06:04:27.968+0000] {logging_mixin.py:137} INFO - [2023-05-14T06:04:27.968+0000] {dag.py:2705} INFO - Sync 1 DAGs
[2023-05-14T06:04:27.988+0000] {logging_mixin.py:137} INFO - [2023-05-14T06:04:27.988+0000] {dag.py:3456} INFO - Setting next_dagrun for example_xcom to 2021-01-01T00:00:00+00:00, run_after=2021-01-01T00:00:00+00:00
[2023-05-14T06:04:28.000+0000] {processor.py:175} INFO - Processing /home/airflow/.local/lib/python3.7/site-packages/airflow/example_dags/example_xcom.py took 0.082 seconds
[2023-05-14T06:04:58.219+0000] {processor.py:153} INFO - Started process (PID=18020) to work on /home/airflow/.local/lib/python3.7/site-packages/airflow/example_dags/example_xcom.py
[2023-05-14T06:04:58.221+0000] {processor.py:743} INFO - Processing file /home/airflow/.local/lib/python3.7/site-packages/airflow/example_dags/example_xcom.py for tasks to queue
[2023-05-14T06:04:58.222+0000] {logging_mixin.py:137} INFO - [2023-05-14T06:04:58.222+0000] {dagbag.py:532} INFO - Filling up the DagBag from /home/airflow/.local/lib/python3.7/site-packages/airflow/example_dags/example_xcom.py
[2023-05-14T06:04:58.242+0000] {processor.py:753} INFO - DAG(s) dict_keys(['example_xcom']) retrieved from /home/airflow/.local/lib/python3.7/site-packages/airflow/example_dags/example_xcom.py
[2023-05-14T06:04:58.263+0000] {logging_mixin.py:137} INFO - [2023-05-14T06:04:58.263+0000] {dag.py:2705} INFO - Sync 1 DAGs
[2023-05-14T06:04:58.280+0000] {logging_mixin.py:137} INFO - [2023-05-14T06:04:58.280+0000] {dag.py:3456} INFO - Setting next_dagrun for example_xcom to 2021-01-01T00:00:00+00:00, run_after=2021-01-01T00:00:00+00:00
[2023-05-14T06:04:58.292+0000] {processor.py:175} INFO - Processing /home/airflow/.local/lib/python3.7/site-packages/airflow/example_dags/example_xcom.py took 0.076 seconds
[2023-05-14T06:05:28.720+0000] {processor.py:153} INFO - Started process (PID=18244) to work on /home/airflow/.local/lib/python3.7/site-packages/airflow/example_dags/example_xcom.py
[2023-05-14T06:05:28.723+0000] {processor.py:743} INFO - Processing file /home/airflow/.local/lib/python3.7/site-packages/airflow/example_dags/example_xcom.py for tasks to queue
[2023-05-14T06:05:28.725+0000] {logging_mixin.py:137} INFO - [2023-05-14T06:05:28.725+0000] {dagbag.py:532} INFO - Filling up the DagBag from /home/airflow/.local/lib/python3.7/site-packages/airflow/example_dags/example_xcom.py
[2023-05-14T06:05:28.745+0000] {processor.py:753} INFO - DAG(s) dict_keys(['example_xcom']) retrieved from /home/airflow/.local/lib/python3.7/site-packages/airflow/example_dags/example_xcom.py
[2023-05-14T06:05:28.769+0000] {logging_mixin.py:137} INFO - [2023-05-14T06:05:28.769+0000] {dag.py:2705} INFO - Sync 1 DAGs
[2023-05-14T06:05:28.788+0000] {logging_mixin.py:137} INFO - [2023-05-14T06:05:28.788+0000] {dag.py:3456} INFO - Setting next_dagrun for example_xcom to 2021-01-01T00:00:00+00:00, run_after=2021-01-01T00:00:00+00:00
[2023-05-14T06:05:28.803+0000] {processor.py:175} INFO - Processing /home/airflow/.local/lib/python3.7/site-packages/airflow/example_dags/example_xcom.py took 0.085 seconds
[2023-05-14T06:05:59.095+0000] {processor.py:153} INFO - Started process (PID=18468) to work on /home/airflow/.local/lib/python3.7/site-packages/airflow/example_dags/example_xcom.py
[2023-05-14T06:05:59.097+0000] {processor.py:743} INFO - Processing file /home/airflow/.local/lib/python3.7/site-packages/airflow/example_dags/example_xcom.py for tasks to queue
[2023-05-14T06:05:59.099+0000] {logging_mixin.py:137} INFO - [2023-05-14T06:05:59.099+0000] {dagbag.py:532} INFO - Filling up the DagBag from /home/airflow/.local/lib/python3.7/site-packages/airflow/example_dags/example_xcom.py
[2023-05-14T06:05:59.120+0000] {processor.py:753} INFO - DAG(s) dict_keys(['example_xcom']) retrieved from /home/airflow/.local/lib/python3.7/site-packages/airflow/example_dags/example_xcom.py
[2023-05-14T06:05:59.143+0000] {logging_mixin.py:137} INFO - [2023-05-14T06:05:59.143+0000] {dag.py:2705} INFO - Sync 1 DAGs
[2023-05-14T06:05:59.166+0000] {logging_mixin.py:137} INFO - [2023-05-14T06:05:59.166+0000] {dag.py:3456} INFO - Setting next_dagrun for example_xcom to 2021-01-01T00:00:00+00:00, run_after=2021-01-01T00:00:00+00:00
[2023-05-14T06:05:59.179+0000] {processor.py:175} INFO - Processing /home/airflow/.local/lib/python3.7/site-packages/airflow/example_dags/example_xcom.py took 0.088 seconds
[2023-05-14T06:06:29.770+0000] {processor.py:153} INFO - Started process (PID=18693) to work on /home/airflow/.local/lib/python3.7/site-packages/airflow/example_dags/example_xcom.py
[2023-05-14T06:06:29.772+0000] {processor.py:743} INFO - Processing file /home/airflow/.local/lib/python3.7/site-packages/airflow/example_dags/example_xcom.py for tasks to queue
[2023-05-14T06:06:29.773+0000] {logging_mixin.py:137} INFO - [2023-05-14T06:06:29.773+0000] {dagbag.py:532} INFO - Filling up the DagBag from /home/airflow/.local/lib/python3.7/site-packages/airflow/example_dags/example_xcom.py
[2023-05-14T06:06:29.796+0000] {processor.py:753} INFO - DAG(s) dict_keys(['example_xcom']) retrieved from /home/airflow/.local/lib/python3.7/site-packages/airflow/example_dags/example_xcom.py
[2023-05-14T06:06:29.819+0000] {logging_mixin.py:137} INFO - [2023-05-14T06:06:29.819+0000] {dag.py:2705} INFO - Sync 1 DAGs
[2023-05-14T06:06:29.838+0000] {logging_mixin.py:137} INFO - [2023-05-14T06:06:29.837+0000] {dag.py:3456} INFO - Setting next_dagrun for example_xcom to 2021-01-01T00:00:00+00:00, run_after=2021-01-01T00:00:00+00:00
[2023-05-14T06:06:29.853+0000] {processor.py:175} INFO - Processing /home/airflow/.local/lib/python3.7/site-packages/airflow/example_dags/example_xcom.py took 0.086 seconds
[2023-05-14T06:07:00.283+0000] {processor.py:153} INFO - Started process (PID=18917) to work on /home/airflow/.local/lib/python3.7/site-packages/airflow/example_dags/example_xcom.py
[2023-05-14T06:07:00.285+0000] {processor.py:743} INFO - Processing file /home/airflow/.local/lib/python3.7/site-packages/airflow/example_dags/example_xcom.py for tasks to queue
[2023-05-14T06:07:00.286+0000] {logging_mixin.py:137} INFO - [2023-05-14T06:07:00.286+0000] {dagbag.py:532} INFO - Filling up the DagBag from /home/airflow/.local/lib/python3.7/site-packages/airflow/example_dags/example_xcom.py
[2023-05-14T06:07:00.306+0000] {processor.py:753} INFO - DAG(s) dict_keys(['example_xcom']) retrieved from /home/airflow/.local/lib/python3.7/site-packages/airflow/example_dags/example_xcom.py
[2023-05-14T06:07:00.331+0000] {logging_mixin.py:137} INFO - [2023-05-14T06:07:00.331+0000] {dag.py:2705} INFO - Sync 1 DAGs
[2023-05-14T06:07:00.350+0000] {logging_mixin.py:137} INFO - [2023-05-14T06:07:00.350+0000] {dag.py:3456} INFO - Setting next_dagrun for example_xcom to 2021-01-01T00:00:00+00:00, run_after=2021-01-01T00:00:00+00:00
[2023-05-14T06:07:00.364+0000] {processor.py:175} INFO - Processing /home/airflow/.local/lib/python3.7/site-packages/airflow/example_dags/example_xcom.py took 0.085 seconds
