[2023-05-14T00:21:06.499+0000] {processor.py:153} INFO - Started process (PID=2868) to work on /home/airflow/.local/lib/python3.7/site-packages/airflow/example_dags/example_latest_only.py
[2023-05-14T00:21:06.501+0000] {processor.py:743} INFO - Processing file /home/airflow/.local/lib/python3.7/site-packages/airflow/example_dags/example_latest_only.py for tasks to queue
[2023-05-14T00:21:06.503+0000] {logging_mixin.py:137} INFO - [2023-05-14T00:21:06.502+0000] {dagbag.py:532} INFO - Filling up the DagBag from /home/airflow/.local/lib/python3.7/site-packages/airflow/example_dags/example_latest_only.py
[2023-05-14T00:21:06.515+0000] {processor.py:753} INFO - DAG(s) dict_keys(['latest_only']) retrieved from /home/airflow/.local/lib/python3.7/site-packages/airflow/example_dags/example_latest_only.py
[2023-05-14T00:21:06.540+0000] {logging_mixin.py:137} INFO - [2023-05-14T00:21:06.539+0000] {dag.py:2705} INFO - Sync 1 DAGs
[2023-05-14T00:21:06.560+0000] {logging_mixin.py:137} INFO - [2023-05-14T00:21:06.560+0000] {dag.py:3456} INFO - Setting next_dagrun for latest_only to 2023-05-13T20:21:06.560611+00:00, run_after=2023-05-14T00:21:06.560611+00:00
[2023-05-14T00:21:06.574+0000] {processor.py:175} INFO - Processing /home/airflow/.local/lib/python3.7/site-packages/airflow/example_dags/example_latest_only.py took 0.077 seconds
[2023-05-14T01:15:58.034+0000] {processor.py:153} INFO - Started process (PID=3092) to work on /home/airflow/.local/lib/python3.7/site-packages/airflow/example_dags/example_latest_only.py
[2023-05-14T01:15:58.036+0000] {processor.py:743} INFO - Processing file /home/airflow/.local/lib/python3.7/site-packages/airflow/example_dags/example_latest_only.py for tasks to queue
[2023-05-14T01:15:58.037+0000] {logging_mixin.py:137} INFO - [2023-05-14T01:15:58.037+0000] {dagbag.py:532} INFO - Filling up the DagBag from /home/airflow/.local/lib/python3.7/site-packages/airflow/example_dags/example_latest_only.py
[2023-05-14T01:15:58.049+0000] {processor.py:753} INFO - DAG(s) dict_keys(['latest_only']) retrieved from /home/airflow/.local/lib/python3.7/site-packages/airflow/example_dags/example_latest_only.py
[2023-05-14T01:15:58.073+0000] {logging_mixin.py:137} INFO - [2023-05-14T01:15:58.073+0000] {dag.py:2705} INFO - Sync 1 DAGs
[2023-05-14T01:15:58.093+0000] {logging_mixin.py:137} INFO - [2023-05-14T01:15:58.093+0000] {dag.py:3456} INFO - Setting next_dagrun for latest_only to 2023-05-13T21:15:58.093713+00:00, run_after=2023-05-14T01:15:58.093713+00:00
[2023-05-14T01:15:58.108+0000] {processor.py:175} INFO - Processing /home/airflow/.local/lib/python3.7/site-packages/airflow/example_dags/example_latest_only.py took 0.077 seconds
[2023-05-14T02:15:37.597+0000] {processor.py:153} INFO - Started process (PID=3315) to work on /home/airflow/.local/lib/python3.7/site-packages/airflow/example_dags/example_latest_only.py
[2023-05-14T02:15:37.599+0000] {processor.py:743} INFO - Processing file /home/airflow/.local/lib/python3.7/site-packages/airflow/example_dags/example_latest_only.py for tasks to queue
[2023-05-14T02:15:37.601+0000] {logging_mixin.py:137} INFO - [2023-05-14T02:15:37.601+0000] {dagbag.py:532} INFO - Filling up the DagBag from /home/airflow/.local/lib/python3.7/site-packages/airflow/example_dags/example_latest_only.py
[2023-05-14T02:15:37.614+0000] {processor.py:753} INFO - DAG(s) dict_keys(['latest_only']) retrieved from /home/airflow/.local/lib/python3.7/site-packages/airflow/example_dags/example_latest_only.py
[2023-05-14T02:15:37.637+0000] {logging_mixin.py:137} INFO - [2023-05-14T02:15:37.636+0000] {dag.py:2705} INFO - Sync 1 DAGs
[2023-05-14T02:15:37.654+0000] {logging_mixin.py:137} INFO - [2023-05-14T02:15:37.654+0000] {dag.py:3456} INFO - Setting next_dagrun for latest_only to 2023-05-13T22:15:37.654423+00:00, run_after=2023-05-14T02:15:37.654423+00:00
[2023-05-14T02:15:37.667+0000] {processor.py:175} INFO - Processing /home/airflow/.local/lib/python3.7/site-packages/airflow/example_dags/example_latest_only.py took 0.072 seconds
[2023-05-14T02:41:28.258+0000] {processor.py:153} INFO - Started process (PID=3538) to work on /home/airflow/.local/lib/python3.7/site-packages/airflow/example_dags/example_latest_only.py
[2023-05-14T02:41:28.264+0000] {processor.py:743} INFO - Processing file /home/airflow/.local/lib/python3.7/site-packages/airflow/example_dags/example_latest_only.py for tasks to queue
[2023-05-14T02:41:28.267+0000] {logging_mixin.py:137} INFO - [2023-05-14T02:41:28.266+0000] {dagbag.py:532} INFO - Filling up the DagBag from /home/airflow/.local/lib/python3.7/site-packages/airflow/example_dags/example_latest_only.py
[2023-05-14T02:41:28.338+0000] {processor.py:753} INFO - DAG(s) dict_keys(['latest_only']) retrieved from /home/airflow/.local/lib/python3.7/site-packages/airflow/example_dags/example_latest_only.py
[2023-05-14T02:41:28.393+0000] {logging_mixin.py:137} INFO - [2023-05-14T02:41:28.393+0000] {dag.py:2705} INFO - Sync 1 DAGs
[2023-05-14T02:41:28.453+0000] {logging_mixin.py:137} INFO - [2023-05-14T02:41:28.453+0000] {dag.py:3456} INFO - Setting next_dagrun for latest_only to 2023-05-13T22:41:28.453067+00:00, run_after=2023-05-14T02:41:28.453067+00:00
[2023-05-14T02:41:28.504+0000] {processor.py:175} INFO - Processing /home/airflow/.local/lib/python3.7/site-packages/airflow/example_dags/example_latest_only.py took 0.267 seconds
[2023-05-14T02:54:56.184+0000] {processor.py:153} INFO - Started process (PID=3761) to work on /home/airflow/.local/lib/python3.7/site-packages/airflow/example_dags/example_latest_only.py
[2023-05-14T02:54:56.185+0000] {processor.py:743} INFO - Processing file /home/airflow/.local/lib/python3.7/site-packages/airflow/example_dags/example_latest_only.py for tasks to queue
[2023-05-14T02:54:56.187+0000] {logging_mixin.py:137} INFO - [2023-05-14T02:54:56.187+0000] {dagbag.py:532} INFO - Filling up the DagBag from /home/airflow/.local/lib/python3.7/site-packages/airflow/example_dags/example_latest_only.py
[2023-05-14T02:54:56.198+0000] {processor.py:753} INFO - DAG(s) dict_keys(['latest_only']) retrieved from /home/airflow/.local/lib/python3.7/site-packages/airflow/example_dags/example_latest_only.py
[2023-05-14T02:54:56.221+0000] {logging_mixin.py:137} INFO - [2023-05-14T02:54:56.221+0000] {dag.py:2705} INFO - Sync 1 DAGs
[2023-05-14T02:54:56.243+0000] {logging_mixin.py:137} INFO - [2023-05-14T02:54:56.243+0000] {dag.py:3456} INFO - Setting next_dagrun for latest_only to 2023-05-13T22:54:56.242973+00:00, run_after=2023-05-14T02:54:56.242973+00:00
[2023-05-14T02:54:56.255+0000] {processor.py:175} INFO - Processing /home/airflow/.local/lib/python3.7/site-packages/airflow/example_dags/example_latest_only.py took 0.074 seconds
[2023-05-14T02:59:01.112+0000] {processor.py:153} INFO - Started process (PID=3986) to work on /home/airflow/.local/lib/python3.7/site-packages/airflow/example_dags/example_latest_only.py
[2023-05-14T02:59:01.114+0000] {processor.py:743} INFO - Processing file /home/airflow/.local/lib/python3.7/site-packages/airflow/example_dags/example_latest_only.py for tasks to queue
[2023-05-14T02:59:01.115+0000] {logging_mixin.py:137} INFO - [2023-05-14T02:59:01.115+0000] {dagbag.py:532} INFO - Filling up the DagBag from /home/airflow/.local/lib/python3.7/site-packages/airflow/example_dags/example_latest_only.py
[2023-05-14T02:59:01.125+0000] {processor.py:753} INFO - DAG(s) dict_keys(['latest_only']) retrieved from /home/airflow/.local/lib/python3.7/site-packages/airflow/example_dags/example_latest_only.py
[2023-05-14T02:59:01.148+0000] {logging_mixin.py:137} INFO - [2023-05-14T02:59:01.148+0000] {dag.py:2705} INFO - Sync 1 DAGs
[2023-05-14T02:59:01.169+0000] {logging_mixin.py:137} INFO - [2023-05-14T02:59:01.169+0000] {dag.py:3456} INFO - Setting next_dagrun for latest_only to 2023-05-13T22:59:01.169076+00:00, run_after=2023-05-14T02:59:01.169076+00:00
[2023-05-14T02:59:01.183+0000] {processor.py:175} INFO - Processing /home/airflow/.local/lib/python3.7/site-packages/airflow/example_dags/example_latest_only.py took 0.074 seconds
[2023-05-14T02:59:32.177+0000] {processor.py:153} INFO - Started process (PID=4208) to work on /home/airflow/.local/lib/python3.7/site-packages/airflow/example_dags/example_latest_only.py
[2023-05-14T02:59:32.182+0000] {processor.py:743} INFO - Processing file /home/airflow/.local/lib/python3.7/site-packages/airflow/example_dags/example_latest_only.py for tasks to queue
[2023-05-14T02:59:32.183+0000] {logging_mixin.py:137} INFO - [2023-05-14T02:59:32.183+0000] {dagbag.py:532} INFO - Filling up the DagBag from /home/airflow/.local/lib/python3.7/site-packages/airflow/example_dags/example_latest_only.py
[2023-05-14T02:59:32.195+0000] {processor.py:753} INFO - DAG(s) dict_keys(['latest_only']) retrieved from /home/airflow/.local/lib/python3.7/site-packages/airflow/example_dags/example_latest_only.py
[2023-05-14T02:59:32.222+0000] {logging_mixin.py:137} INFO - [2023-05-14T02:59:32.222+0000] {dag.py:2705} INFO - Sync 1 DAGs
[2023-05-14T02:59:32.241+0000] {logging_mixin.py:137} INFO - [2023-05-14T02:59:32.241+0000] {dag.py:3456} INFO - Setting next_dagrun for latest_only to 2023-05-13T22:59:32.241479+00:00, run_after=2023-05-14T02:59:32.241479+00:00
[2023-05-14T02:59:32.253+0000] {processor.py:175} INFO - Processing /home/airflow/.local/lib/python3.7/site-packages/airflow/example_dags/example_latest_only.py took 0.080 seconds
[2023-05-14T03:16:07.463+0000] {processor.py:153} INFO - Started process (PID=4431) to work on /home/airflow/.local/lib/python3.7/site-packages/airflow/example_dags/example_latest_only.py
[2023-05-14T03:16:07.465+0000] {processor.py:743} INFO - Processing file /home/airflow/.local/lib/python3.7/site-packages/airflow/example_dags/example_latest_only.py for tasks to queue
[2023-05-14T03:16:07.466+0000] {logging_mixin.py:137} INFO - [2023-05-14T03:16:07.466+0000] {dagbag.py:532} INFO - Filling up the DagBag from /home/airflow/.local/lib/python3.7/site-packages/airflow/example_dags/example_latest_only.py
[2023-05-14T03:16:07.477+0000] {processor.py:753} INFO - DAG(s) dict_keys(['latest_only']) retrieved from /home/airflow/.local/lib/python3.7/site-packages/airflow/example_dags/example_latest_only.py
[2023-05-14T03:16:07.499+0000] {logging_mixin.py:137} INFO - [2023-05-14T03:16:07.499+0000] {dag.py:2705} INFO - Sync 1 DAGs
[2023-05-14T03:16:07.519+0000] {logging_mixin.py:137} INFO - [2023-05-14T03:16:07.519+0000] {dag.py:3456} INFO - Setting next_dagrun for latest_only to 2023-05-13T23:16:07.519352+00:00, run_after=2023-05-14T03:16:07.519352+00:00
[2023-05-14T03:16:07.531+0000] {processor.py:175} INFO - Processing /home/airflow/.local/lib/python3.7/site-packages/airflow/example_dags/example_latest_only.py took 0.072 seconds
[2023-05-14T04:20:56.994+0000] {processor.py:153} INFO - Started process (PID=4654) to work on /home/airflow/.local/lib/python3.7/site-packages/airflow/example_dags/example_latest_only.py
[2023-05-14T04:20:56.996+0000] {processor.py:743} INFO - Processing file /home/airflow/.local/lib/python3.7/site-packages/airflow/example_dags/example_latest_only.py for tasks to queue
[2023-05-14T04:20:56.998+0000] {logging_mixin.py:137} INFO - [2023-05-14T04:20:56.998+0000] {dagbag.py:532} INFO - Filling up the DagBag from /home/airflow/.local/lib/python3.7/site-packages/airflow/example_dags/example_latest_only.py
[2023-05-14T04:20:57.139+0000] {processor.py:753} INFO - DAG(s) dict_keys(['latest_only']) retrieved from /home/airflow/.local/lib/python3.7/site-packages/airflow/example_dags/example_latest_only.py
[2023-05-14T04:20:57.234+0000] {logging_mixin.py:137} INFO - [2023-05-14T04:20:57.234+0000] {dag.py:2705} INFO - Sync 1 DAGs
[2023-05-14T04:20:57.254+0000] {logging_mixin.py:137} INFO - [2023-05-14T04:20:57.254+0000] {dag.py:3456} INFO - Setting next_dagrun for latest_only to 2023-05-14T00:20:57.254541+00:00, run_after=2023-05-14T04:20:57.254541+00:00
[2023-05-14T04:20:57.283+0000] {processor.py:175} INFO - Processing /home/airflow/.local/lib/python3.7/site-packages/airflow/example_dags/example_latest_only.py took 0.291 seconds
[2023-05-14T05:35:31.136+0000] {processor.py:153} INFO - Started process (PID=4877) to work on /home/airflow/.local/lib/python3.7/site-packages/airflow/example_dags/example_latest_only.py
[2023-05-14T05:35:31.138+0000] {processor.py:743} INFO - Processing file /home/airflow/.local/lib/python3.7/site-packages/airflow/example_dags/example_latest_only.py for tasks to queue
[2023-05-14T05:35:31.140+0000] {logging_mixin.py:137} INFO - [2023-05-14T05:35:31.140+0000] {dagbag.py:532} INFO - Filling up the DagBag from /home/airflow/.local/lib/python3.7/site-packages/airflow/example_dags/example_latest_only.py
[2023-05-14T05:35:31.152+0000] {processor.py:753} INFO - DAG(s) dict_keys(['latest_only']) retrieved from /home/airflow/.local/lib/python3.7/site-packages/airflow/example_dags/example_latest_only.py
[2023-05-14T05:35:31.177+0000] {logging_mixin.py:137} INFO - [2023-05-14T05:35:31.177+0000] {dag.py:2705} INFO - Sync 1 DAGs
[2023-05-14T05:35:31.196+0000] {logging_mixin.py:137} INFO - [2023-05-14T05:35:31.196+0000] {dag.py:3456} INFO - Setting next_dagrun for latest_only to 2023-05-14T01:35:31.196546+00:00, run_after=2023-05-14T05:35:31.196546+00:00
[2023-05-14T05:35:31.209+0000] {processor.py:175} INFO - Processing /home/airflow/.local/lib/python3.7/site-packages/airflow/example_dags/example_latest_only.py took 0.076 seconds
[2023-05-14T05:36:01.340+0000] {processor.py:153} INFO - Started process (PID=5102) to work on /home/airflow/.local/lib/python3.7/site-packages/airflow/example_dags/example_latest_only.py
[2023-05-14T05:36:01.342+0000] {processor.py:743} INFO - Processing file /home/airflow/.local/lib/python3.7/site-packages/airflow/example_dags/example_latest_only.py for tasks to queue
[2023-05-14T05:36:01.343+0000] {logging_mixin.py:137} INFO - [2023-05-14T05:36:01.343+0000] {dagbag.py:532} INFO - Filling up the DagBag from /home/airflow/.local/lib/python3.7/site-packages/airflow/example_dags/example_latest_only.py
[2023-05-14T05:36:01.353+0000] {processor.py:753} INFO - DAG(s) dict_keys(['latest_only']) retrieved from /home/airflow/.local/lib/python3.7/site-packages/airflow/example_dags/example_latest_only.py
[2023-05-14T05:36:01.374+0000] {logging_mixin.py:137} INFO - [2023-05-14T05:36:01.374+0000] {dag.py:2705} INFO - Sync 1 DAGs
[2023-05-14T05:36:01.390+0000] {logging_mixin.py:137} INFO - [2023-05-14T05:36:01.390+0000] {dag.py:3456} INFO - Setting next_dagrun for latest_only to 2023-05-14T01:36:01.389837+00:00, run_after=2023-05-14T05:36:01.389837+00:00
[2023-05-14T05:36:01.401+0000] {processor.py:175} INFO - Processing /home/airflow/.local/lib/python3.7/site-packages/airflow/example_dags/example_latest_only.py took 0.063 seconds
[2023-05-14T05:36:31.447+0000] {processor.py:153} INFO - Started process (PID=5324) to work on /home/airflow/.local/lib/python3.7/site-packages/airflow/example_dags/example_latest_only.py
[2023-05-14T05:36:31.449+0000] {processor.py:743} INFO - Processing file /home/airflow/.local/lib/python3.7/site-packages/airflow/example_dags/example_latest_only.py for tasks to queue
[2023-05-14T05:36:31.450+0000] {logging_mixin.py:137} INFO - [2023-05-14T05:36:31.450+0000] {dagbag.py:532} INFO - Filling up the DagBag from /home/airflow/.local/lib/python3.7/site-packages/airflow/example_dags/example_latest_only.py
[2023-05-14T05:36:31.462+0000] {processor.py:753} INFO - DAG(s) dict_keys(['latest_only']) retrieved from /home/airflow/.local/lib/python3.7/site-packages/airflow/example_dags/example_latest_only.py
[2023-05-14T05:36:31.484+0000] {logging_mixin.py:137} INFO - [2023-05-14T05:36:31.484+0000] {dag.py:2705} INFO - Sync 1 DAGs
[2023-05-14T05:36:31.500+0000] {logging_mixin.py:137} INFO - [2023-05-14T05:36:31.499+0000] {dag.py:3456} INFO - Setting next_dagrun for latest_only to 2023-05-14T01:36:31.499755+00:00, run_after=2023-05-14T05:36:31.499755+00:00
[2023-05-14T05:36:31.511+0000] {processor.py:175} INFO - Processing /home/airflow/.local/lib/python3.7/site-packages/airflow/example_dags/example_latest_only.py took 0.067 seconds
[2023-05-14T05:37:02.334+0000] {processor.py:153} INFO - Started process (PID=5547) to work on /home/airflow/.local/lib/python3.7/site-packages/airflow/example_dags/example_latest_only.py
[2023-05-14T05:37:02.336+0000] {processor.py:743} INFO - Processing file /home/airflow/.local/lib/python3.7/site-packages/airflow/example_dags/example_latest_only.py for tasks to queue
[2023-05-14T05:37:02.338+0000] {logging_mixin.py:137} INFO - [2023-05-14T05:37:02.338+0000] {dagbag.py:532} INFO - Filling up the DagBag from /home/airflow/.local/lib/python3.7/site-packages/airflow/example_dags/example_latest_only.py
[2023-05-14T05:37:02.349+0000] {processor.py:753} INFO - DAG(s) dict_keys(['latest_only']) retrieved from /home/airflow/.local/lib/python3.7/site-packages/airflow/example_dags/example_latest_only.py
[2023-05-14T05:37:02.372+0000] {logging_mixin.py:137} INFO - [2023-05-14T05:37:02.372+0000] {dag.py:2705} INFO - Sync 1 DAGs
[2023-05-14T05:37:02.391+0000] {logging_mixin.py:137} INFO - [2023-05-14T05:37:02.390+0000] {dag.py:3456} INFO - Setting next_dagrun for latest_only to 2023-05-14T01:37:02.390729+00:00, run_after=2023-05-14T05:37:02.390729+00:00
[2023-05-14T05:37:02.403+0000] {processor.py:175} INFO - Processing /home/airflow/.local/lib/python3.7/site-packages/airflow/example_dags/example_latest_only.py took 0.072 seconds
[2023-05-14T05:37:32.936+0000] {processor.py:153} INFO - Started process (PID=5775) to work on /home/airflow/.local/lib/python3.7/site-packages/airflow/example_dags/example_latest_only.py
[2023-05-14T05:37:32.938+0000] {processor.py:743} INFO - Processing file /home/airflow/.local/lib/python3.7/site-packages/airflow/example_dags/example_latest_only.py for tasks to queue
[2023-05-14T05:37:32.940+0000] {logging_mixin.py:137} INFO - [2023-05-14T05:37:32.940+0000] {dagbag.py:532} INFO - Filling up the DagBag from /home/airflow/.local/lib/python3.7/site-packages/airflow/example_dags/example_latest_only.py
[2023-05-14T05:37:32.953+0000] {processor.py:753} INFO - DAG(s) dict_keys(['latest_only']) retrieved from /home/airflow/.local/lib/python3.7/site-packages/airflow/example_dags/example_latest_only.py
[2023-05-14T05:37:32.979+0000] {logging_mixin.py:137} INFO - [2023-05-14T05:37:32.979+0000] {dag.py:2705} INFO - Sync 1 DAGs
[2023-05-14T05:37:33.003+0000] {logging_mixin.py:137} INFO - [2023-05-14T05:37:33.003+0000] {dag.py:3456} INFO - Setting next_dagrun for latest_only to 2023-05-14T01:37:33.003086+00:00, run_after=2023-05-14T05:37:33.003086+00:00
[2023-05-14T05:37:33.023+0000] {processor.py:175} INFO - Processing /home/airflow/.local/lib/python3.7/site-packages/airflow/example_dags/example_latest_only.py took 0.092 seconds
[2023-05-14T05:38:03.648+0000] {processor.py:153} INFO - Started process (PID=5999) to work on /home/airflow/.local/lib/python3.7/site-packages/airflow/example_dags/example_latest_only.py
[2023-05-14T05:38:03.650+0000] {processor.py:743} INFO - Processing file /home/airflow/.local/lib/python3.7/site-packages/airflow/example_dags/example_latest_only.py for tasks to queue
[2023-05-14T05:38:03.652+0000] {logging_mixin.py:137} INFO - [2023-05-14T05:38:03.652+0000] {dagbag.py:532} INFO - Filling up the DagBag from /home/airflow/.local/lib/python3.7/site-packages/airflow/example_dags/example_latest_only.py
[2023-05-14T05:38:03.664+0000] {processor.py:753} INFO - DAG(s) dict_keys(['latest_only']) retrieved from /home/airflow/.local/lib/python3.7/site-packages/airflow/example_dags/example_latest_only.py
[2023-05-14T05:38:03.688+0000] {logging_mixin.py:137} INFO - [2023-05-14T05:38:03.688+0000] {dag.py:2705} INFO - Sync 1 DAGs
[2023-05-14T05:38:03.706+0000] {logging_mixin.py:137} INFO - [2023-05-14T05:38:03.706+0000] {dag.py:3456} INFO - Setting next_dagrun for latest_only to 2023-05-14T01:38:03.705801+00:00, run_after=2023-05-14T05:38:03.705801+00:00
[2023-05-14T05:38:03.718+0000] {processor.py:175} INFO - Processing /home/airflow/.local/lib/python3.7/site-packages/airflow/example_dags/example_latest_only.py took 0.072 seconds
[2023-05-14T05:38:34.061+0000] {processor.py:153} INFO - Started process (PID=6228) to work on /home/airflow/.local/lib/python3.7/site-packages/airflow/example_dags/example_latest_only.py
[2023-05-14T05:38:34.062+0000] {processor.py:743} INFO - Processing file /home/airflow/.local/lib/python3.7/site-packages/airflow/example_dags/example_latest_only.py for tasks to queue
[2023-05-14T05:38:34.064+0000] {logging_mixin.py:137} INFO - [2023-05-14T05:38:34.064+0000] {dagbag.py:532} INFO - Filling up the DagBag from /home/airflow/.local/lib/python3.7/site-packages/airflow/example_dags/example_latest_only.py
[2023-05-14T05:38:34.079+0000] {processor.py:753} INFO - DAG(s) dict_keys(['latest_only']) retrieved from /home/airflow/.local/lib/python3.7/site-packages/airflow/example_dags/example_latest_only.py
[2023-05-14T05:38:34.107+0000] {logging_mixin.py:137} INFO - [2023-05-14T05:38:34.107+0000] {dag.py:2705} INFO - Sync 1 DAGs
[2023-05-14T05:38:34.128+0000] {logging_mixin.py:137} INFO - [2023-05-14T05:38:34.128+0000] {dag.py:3456} INFO - Setting next_dagrun for latest_only to 2023-05-14T01:38:34.127873+00:00, run_after=2023-05-14T05:38:34.127873+00:00
[2023-05-14T05:38:34.143+0000] {processor.py:175} INFO - Processing /home/airflow/.local/lib/python3.7/site-packages/airflow/example_dags/example_latest_only.py took 0.087 seconds
[2023-05-14T05:39:04.615+0000] {processor.py:153} INFO - Started process (PID=6458) to work on /home/airflow/.local/lib/python3.7/site-packages/airflow/example_dags/example_latest_only.py
[2023-05-14T05:39:04.617+0000] {processor.py:743} INFO - Processing file /home/airflow/.local/lib/python3.7/site-packages/airflow/example_dags/example_latest_only.py for tasks to queue
[2023-05-14T05:39:04.618+0000] {logging_mixin.py:137} INFO - [2023-05-14T05:39:04.618+0000] {dagbag.py:532} INFO - Filling up the DagBag from /home/airflow/.local/lib/python3.7/site-packages/airflow/example_dags/example_latest_only.py
[2023-05-14T05:39:04.631+0000] {processor.py:753} INFO - DAG(s) dict_keys(['latest_only']) retrieved from /home/airflow/.local/lib/python3.7/site-packages/airflow/example_dags/example_latest_only.py
[2023-05-14T05:39:04.655+0000] {logging_mixin.py:137} INFO - [2023-05-14T05:39:04.655+0000] {dag.py:2705} INFO - Sync 1 DAGs
[2023-05-14T05:39:04.674+0000] {logging_mixin.py:137} INFO - [2023-05-14T05:39:04.673+0000] {dag.py:3456} INFO - Setting next_dagrun for latest_only to 2023-05-14T01:39:04.673746+00:00, run_after=2023-05-14T05:39:04.673746+00:00
[2023-05-14T05:39:04.686+0000] {processor.py:175} INFO - Processing /home/airflow/.local/lib/python3.7/site-packages/airflow/example_dags/example_latest_only.py took 0.074 seconds
[2023-05-14T05:39:35.287+0000] {processor.py:153} INFO - Started process (PID=6688) to work on /home/airflow/.local/lib/python3.7/site-packages/airflow/example_dags/example_latest_only.py
[2023-05-14T05:39:35.291+0000] {processor.py:743} INFO - Processing file /home/airflow/.local/lib/python3.7/site-packages/airflow/example_dags/example_latest_only.py for tasks to queue
[2023-05-14T05:39:35.292+0000] {logging_mixin.py:137} INFO - [2023-05-14T05:39:35.292+0000] {dagbag.py:532} INFO - Filling up the DagBag from /home/airflow/.local/lib/python3.7/site-packages/airflow/example_dags/example_latest_only.py
[2023-05-14T05:39:35.310+0000] {processor.py:753} INFO - DAG(s) dict_keys(['latest_only']) retrieved from /home/airflow/.local/lib/python3.7/site-packages/airflow/example_dags/example_latest_only.py
[2023-05-14T05:39:35.341+0000] {logging_mixin.py:137} INFO - [2023-05-14T05:39:35.341+0000] {dag.py:2705} INFO - Sync 1 DAGs
[2023-05-14T05:39:35.369+0000] {logging_mixin.py:137} INFO - [2023-05-14T05:39:35.369+0000] {dag.py:3456} INFO - Setting next_dagrun for latest_only to 2023-05-14T01:39:35.368717+00:00, run_after=2023-05-14T05:39:35.368717+00:00
[2023-05-14T05:39:35.387+0000] {processor.py:175} INFO - Processing /home/airflow/.local/lib/python3.7/site-packages/airflow/example_dags/example_latest_only.py took 0.106 seconds
[2023-05-14T05:40:05.627+0000] {processor.py:153} INFO - Started process (PID=6933) to work on /home/airflow/.local/lib/python3.7/site-packages/airflow/example_dags/example_latest_only.py
[2023-05-14T05:40:05.629+0000] {processor.py:743} INFO - Processing file /home/airflow/.local/lib/python3.7/site-packages/airflow/example_dags/example_latest_only.py for tasks to queue
[2023-05-14T05:40:05.630+0000] {logging_mixin.py:137} INFO - [2023-05-14T05:40:05.630+0000] {dagbag.py:532} INFO - Filling up the DagBag from /home/airflow/.local/lib/python3.7/site-packages/airflow/example_dags/example_latest_only.py
[2023-05-14T05:40:05.640+0000] {processor.py:753} INFO - DAG(s) dict_keys(['latest_only']) retrieved from /home/airflow/.local/lib/python3.7/site-packages/airflow/example_dags/example_latest_only.py
[2023-05-14T05:40:05.661+0000] {logging_mixin.py:137} INFO - [2023-05-14T05:40:05.661+0000] {dag.py:2705} INFO - Sync 1 DAGs
[2023-05-14T05:40:05.678+0000] {logging_mixin.py:137} INFO - [2023-05-14T05:40:05.678+0000] {dag.py:3456} INFO - Setting next_dagrun for latest_only to 2023-05-14T01:40:05.678674+00:00, run_after=2023-05-14T05:40:05.678674+00:00
[2023-05-14T05:40:05.691+0000] {processor.py:175} INFO - Processing /home/airflow/.local/lib/python3.7/site-packages/airflow/example_dags/example_latest_only.py took 0.069 seconds
[2023-05-14T05:40:36.375+0000] {processor.py:153} INFO - Started process (PID=7157) to work on /home/airflow/.local/lib/python3.7/site-packages/airflow/example_dags/example_latest_only.py
[2023-05-14T05:40:36.376+0000] {processor.py:743} INFO - Processing file /home/airflow/.local/lib/python3.7/site-packages/airflow/example_dags/example_latest_only.py for tasks to queue
[2023-05-14T05:40:36.377+0000] {logging_mixin.py:137} INFO - [2023-05-14T05:40:36.377+0000] {dagbag.py:532} INFO - Filling up the DagBag from /home/airflow/.local/lib/python3.7/site-packages/airflow/example_dags/example_latest_only.py
[2023-05-14T05:40:36.390+0000] {processor.py:753} INFO - DAG(s) dict_keys(['latest_only']) retrieved from /home/airflow/.local/lib/python3.7/site-packages/airflow/example_dags/example_latest_only.py
[2023-05-14T05:40:36.412+0000] {logging_mixin.py:137} INFO - [2023-05-14T05:40:36.411+0000] {dag.py:2705} INFO - Sync 1 DAGs
[2023-05-14T05:40:36.429+0000] {logging_mixin.py:137} INFO - [2023-05-14T05:40:36.429+0000] {dag.py:3456} INFO - Setting next_dagrun for latest_only to 2023-05-14T01:40:36.429228+00:00, run_after=2023-05-14T05:40:36.429228+00:00
[2023-05-14T05:40:36.440+0000] {processor.py:175} INFO - Processing /home/airflow/.local/lib/python3.7/site-packages/airflow/example_dags/example_latest_only.py took 0.068 seconds
[2023-05-14T05:41:06.732+0000] {processor.py:153} INFO - Started process (PID=7385) to work on /home/airflow/.local/lib/python3.7/site-packages/airflow/example_dags/example_latest_only.py
[2023-05-14T05:41:06.734+0000] {processor.py:743} INFO - Processing file /home/airflow/.local/lib/python3.7/site-packages/airflow/example_dags/example_latest_only.py for tasks to queue
[2023-05-14T05:41:06.735+0000] {logging_mixin.py:137} INFO - [2023-05-14T05:41:06.735+0000] {dagbag.py:532} INFO - Filling up the DagBag from /home/airflow/.local/lib/python3.7/site-packages/airflow/example_dags/example_latest_only.py
[2023-05-14T05:41:06.746+0000] {processor.py:753} INFO - DAG(s) dict_keys(['latest_only']) retrieved from /home/airflow/.local/lib/python3.7/site-packages/airflow/example_dags/example_latest_only.py
[2023-05-14T05:41:06.767+0000] {logging_mixin.py:137} INFO - [2023-05-14T05:41:06.767+0000] {dag.py:2705} INFO - Sync 1 DAGs
[2023-05-14T05:41:06.790+0000] {logging_mixin.py:137} INFO - [2023-05-14T05:41:06.790+0000] {dag.py:3456} INFO - Setting next_dagrun for latest_only to 2023-05-14T01:41:06.790344+00:00, run_after=2023-05-14T05:41:06.790344+00:00
[2023-05-14T05:41:06.803+0000] {processor.py:175} INFO - Processing /home/airflow/.local/lib/python3.7/site-packages/airflow/example_dags/example_latest_only.py took 0.074 seconds
[2023-05-14T05:41:37.349+0000] {processor.py:153} INFO - Started process (PID=7617) to work on /home/airflow/.local/lib/python3.7/site-packages/airflow/example_dags/example_latest_only.py
[2023-05-14T05:41:37.351+0000] {processor.py:743} INFO - Processing file /home/airflow/.local/lib/python3.7/site-packages/airflow/example_dags/example_latest_only.py for tasks to queue
[2023-05-14T05:41:37.354+0000] {logging_mixin.py:137} INFO - [2023-05-14T05:41:37.354+0000] {dagbag.py:532} INFO - Filling up the DagBag from /home/airflow/.local/lib/python3.7/site-packages/airflow/example_dags/example_latest_only.py
[2023-05-14T05:41:37.369+0000] {processor.py:753} INFO - DAG(s) dict_keys(['latest_only']) retrieved from /home/airflow/.local/lib/python3.7/site-packages/airflow/example_dags/example_latest_only.py
[2023-05-14T05:41:37.396+0000] {logging_mixin.py:137} INFO - [2023-05-14T05:41:37.396+0000] {dag.py:2705} INFO - Sync 1 DAGs
[2023-05-14T05:41:37.414+0000] {logging_mixin.py:137} INFO - [2023-05-14T05:41:37.413+0000] {dag.py:3456} INFO - Setting next_dagrun for latest_only to 2023-05-14T01:41:37.413820+00:00, run_after=2023-05-14T05:41:37.413820+00:00
[2023-05-14T05:41:37.427+0000] {processor.py:175} INFO - Processing /home/airflow/.local/lib/python3.7/site-packages/airflow/example_dags/example_latest_only.py took 0.081 seconds
[2023-05-14T05:42:07.739+0000] {processor.py:153} INFO - Started process (PID=7839) to work on /home/airflow/.local/lib/python3.7/site-packages/airflow/example_dags/example_latest_only.py
[2023-05-14T05:42:07.742+0000] {processor.py:743} INFO - Processing file /home/airflow/.local/lib/python3.7/site-packages/airflow/example_dags/example_latest_only.py for tasks to queue
[2023-05-14T05:42:07.744+0000] {logging_mixin.py:137} INFO - [2023-05-14T05:42:07.744+0000] {dagbag.py:532} INFO - Filling up the DagBag from /home/airflow/.local/lib/python3.7/site-packages/airflow/example_dags/example_latest_only.py
[2023-05-14T05:42:07.756+0000] {processor.py:753} INFO - DAG(s) dict_keys(['latest_only']) retrieved from /home/airflow/.local/lib/python3.7/site-packages/airflow/example_dags/example_latest_only.py
[2023-05-14T05:42:07.781+0000] {logging_mixin.py:137} INFO - [2023-05-14T05:42:07.781+0000] {dag.py:2705} INFO - Sync 1 DAGs
[2023-05-14T05:42:07.808+0000] {logging_mixin.py:137} INFO - [2023-05-14T05:42:07.808+0000] {dag.py:3456} INFO - Setting next_dagrun for latest_only to 2023-05-14T01:42:07.808388+00:00, run_after=2023-05-14T05:42:07.808388+00:00
[2023-05-14T05:42:07.832+0000] {processor.py:175} INFO - Processing /home/airflow/.local/lib/python3.7/site-packages/airflow/example_dags/example_latest_only.py took 0.096 seconds
[2023-05-14T05:42:38.192+0000] {processor.py:153} INFO - Started process (PID=8062) to work on /home/airflow/.local/lib/python3.7/site-packages/airflow/example_dags/example_latest_only.py
[2023-05-14T05:42:38.194+0000] {processor.py:743} INFO - Processing file /home/airflow/.local/lib/python3.7/site-packages/airflow/example_dags/example_latest_only.py for tasks to queue
[2023-05-14T05:42:38.197+0000] {logging_mixin.py:137} INFO - [2023-05-14T05:42:38.196+0000] {dagbag.py:532} INFO - Filling up the DagBag from /home/airflow/.local/lib/python3.7/site-packages/airflow/example_dags/example_latest_only.py
[2023-05-14T05:42:38.207+0000] {processor.py:753} INFO - DAG(s) dict_keys(['latest_only']) retrieved from /home/airflow/.local/lib/python3.7/site-packages/airflow/example_dags/example_latest_only.py
[2023-05-14T05:42:38.231+0000] {logging_mixin.py:137} INFO - [2023-05-14T05:42:38.231+0000] {dag.py:2705} INFO - Sync 1 DAGs
[2023-05-14T05:42:38.249+0000] {logging_mixin.py:137} INFO - [2023-05-14T05:42:38.249+0000] {dag.py:3456} INFO - Setting next_dagrun for latest_only to 2023-05-14T01:42:38.249354+00:00, run_after=2023-05-14T05:42:38.249354+00:00
[2023-05-14T05:42:38.266+0000] {processor.py:175} INFO - Processing /home/airflow/.local/lib/python3.7/site-packages/airflow/example_dags/example_latest_only.py took 0.077 seconds
[2023-05-14T05:43:08.835+0000] {processor.py:153} INFO - Started process (PID=8293) to work on /home/airflow/.local/lib/python3.7/site-packages/airflow/example_dags/example_latest_only.py
[2023-05-14T05:43:08.838+0000] {processor.py:743} INFO - Processing file /home/airflow/.local/lib/python3.7/site-packages/airflow/example_dags/example_latest_only.py for tasks to queue
[2023-05-14T05:43:08.840+0000] {logging_mixin.py:137} INFO - [2023-05-14T05:43:08.840+0000] {dagbag.py:532} INFO - Filling up the DagBag from /home/airflow/.local/lib/python3.7/site-packages/airflow/example_dags/example_latest_only.py
[2023-05-14T05:43:08.856+0000] {processor.py:753} INFO - DAG(s) dict_keys(['latest_only']) retrieved from /home/airflow/.local/lib/python3.7/site-packages/airflow/example_dags/example_latest_only.py
[2023-05-14T05:43:08.881+0000] {logging_mixin.py:137} INFO - [2023-05-14T05:43:08.880+0000] {dag.py:2705} INFO - Sync 1 DAGs
[2023-05-14T05:43:08.898+0000] {logging_mixin.py:137} INFO - [2023-05-14T05:43:08.898+0000] {dag.py:3456} INFO - Setting next_dagrun for latest_only to 2023-05-14T01:43:08.898499+00:00, run_after=2023-05-14T05:43:08.898499+00:00
[2023-05-14T05:43:08.915+0000] {processor.py:175} INFO - Processing /home/airflow/.local/lib/python3.7/site-packages/airflow/example_dags/example_latest_only.py took 0.083 seconds
[2023-05-14T05:43:39.000+0000] {processor.py:153} INFO - Started process (PID=8518) to work on /home/airflow/.local/lib/python3.7/site-packages/airflow/example_dags/example_latest_only.py
[2023-05-14T05:43:39.002+0000] {processor.py:743} INFO - Processing file /home/airflow/.local/lib/python3.7/site-packages/airflow/example_dags/example_latest_only.py for tasks to queue
[2023-05-14T05:43:39.019+0000] {logging_mixin.py:137} INFO - [2023-05-14T05:43:39.019+0000] {dagbag.py:532} INFO - Filling up the DagBag from /home/airflow/.local/lib/python3.7/site-packages/airflow/example_dags/example_latest_only.py
[2023-05-14T05:43:39.029+0000] {processor.py:753} INFO - DAG(s) dict_keys(['latest_only']) retrieved from /home/airflow/.local/lib/python3.7/site-packages/airflow/example_dags/example_latest_only.py
[2023-05-14T05:43:39.052+0000] {logging_mixin.py:137} INFO - [2023-05-14T05:43:39.052+0000] {dag.py:2705} INFO - Sync 1 DAGs
[2023-05-14T05:43:39.070+0000] {logging_mixin.py:137} INFO - [2023-05-14T05:43:39.070+0000] {dag.py:3456} INFO - Setting next_dagrun for latest_only to 2023-05-14T01:43:39.070484+00:00, run_after=2023-05-14T05:43:39.070484+00:00
[2023-05-14T05:43:39.086+0000] {processor.py:175} INFO - Processing /home/airflow/.local/lib/python3.7/site-packages/airflow/example_dags/example_latest_only.py took 0.090 seconds
[2023-05-14T05:44:09.410+0000] {processor.py:153} INFO - Started process (PID=8750) to work on /home/airflow/.local/lib/python3.7/site-packages/airflow/example_dags/example_latest_only.py
[2023-05-14T05:44:09.412+0000] {processor.py:743} INFO - Processing file /home/airflow/.local/lib/python3.7/site-packages/airflow/example_dags/example_latest_only.py for tasks to queue
[2023-05-14T05:44:09.413+0000] {logging_mixin.py:137} INFO - [2023-05-14T05:44:09.413+0000] {dagbag.py:532} INFO - Filling up the DagBag from /home/airflow/.local/lib/python3.7/site-packages/airflow/example_dags/example_latest_only.py
[2023-05-14T05:44:09.425+0000] {processor.py:753} INFO - DAG(s) dict_keys(['latest_only']) retrieved from /home/airflow/.local/lib/python3.7/site-packages/airflow/example_dags/example_latest_only.py
[2023-05-14T05:44:09.455+0000] {logging_mixin.py:137} INFO - [2023-05-14T05:44:09.455+0000] {dag.py:2705} INFO - Sync 1 DAGs
[2023-05-14T05:44:09.474+0000] {logging_mixin.py:137} INFO - [2023-05-14T05:44:09.474+0000] {dag.py:3456} INFO - Setting next_dagrun for latest_only to 2023-05-14T01:44:09.474152+00:00, run_after=2023-05-14T05:44:09.474152+00:00
[2023-05-14T05:44:09.487+0000] {processor.py:175} INFO - Processing /home/airflow/.local/lib/python3.7/site-packages/airflow/example_dags/example_latest_only.py took 0.080 seconds
[2023-05-14T05:44:39.687+0000] {processor.py:153} INFO - Started process (PID=8980) to work on /home/airflow/.local/lib/python3.7/site-packages/airflow/example_dags/example_latest_only.py
[2023-05-14T05:44:39.691+0000] {processor.py:743} INFO - Processing file /home/airflow/.local/lib/python3.7/site-packages/airflow/example_dags/example_latest_only.py for tasks to queue
[2023-05-14T05:44:39.692+0000] {logging_mixin.py:137} INFO - [2023-05-14T05:44:39.692+0000] {dagbag.py:532} INFO - Filling up the DagBag from /home/airflow/.local/lib/python3.7/site-packages/airflow/example_dags/example_latest_only.py
[2023-05-14T05:44:39.705+0000] {processor.py:753} INFO - DAG(s) dict_keys(['latest_only']) retrieved from /home/airflow/.local/lib/python3.7/site-packages/airflow/example_dags/example_latest_only.py
[2023-05-14T05:44:39.734+0000] {logging_mixin.py:137} INFO - [2023-05-14T05:44:39.734+0000] {dag.py:2705} INFO - Sync 1 DAGs
[2023-05-14T05:44:39.755+0000] {logging_mixin.py:137} INFO - [2023-05-14T05:44:39.755+0000] {dag.py:3456} INFO - Setting next_dagrun for latest_only to 2023-05-14T01:44:39.754989+00:00, run_after=2023-05-14T05:44:39.754989+00:00
[2023-05-14T05:44:39.771+0000] {processor.py:175} INFO - Processing /home/airflow/.local/lib/python3.7/site-packages/airflow/example_dags/example_latest_only.py took 0.088 seconds
[2023-05-14T05:45:09.817+0000] {processor.py:153} INFO - Started process (PID=9202) to work on /home/airflow/.local/lib/python3.7/site-packages/airflow/example_dags/example_latest_only.py
[2023-05-14T05:45:09.819+0000] {processor.py:743} INFO - Processing file /home/airflow/.local/lib/python3.7/site-packages/airflow/example_dags/example_latest_only.py for tasks to queue
[2023-05-14T05:45:09.820+0000] {logging_mixin.py:137} INFO - [2023-05-14T05:45:09.820+0000] {dagbag.py:532} INFO - Filling up the DagBag from /home/airflow/.local/lib/python3.7/site-packages/airflow/example_dags/example_latest_only.py
[2023-05-14T05:45:09.830+0000] {processor.py:753} INFO - DAG(s) dict_keys(['latest_only']) retrieved from /home/airflow/.local/lib/python3.7/site-packages/airflow/example_dags/example_latest_only.py
[2023-05-14T05:45:09.853+0000] {logging_mixin.py:137} INFO - [2023-05-14T05:45:09.853+0000] {dag.py:2705} INFO - Sync 1 DAGs
[2023-05-14T05:45:09.873+0000] {logging_mixin.py:137} INFO - [2023-05-14T05:45:09.873+0000] {dag.py:3456} INFO - Setting next_dagrun for latest_only to 2023-05-14T01:45:09.873231+00:00, run_after=2023-05-14T05:45:09.873231+00:00
[2023-05-14T05:45:09.886+0000] {processor.py:175} INFO - Processing /home/airflow/.local/lib/python3.7/site-packages/airflow/example_dags/example_latest_only.py took 0.072 seconds
[2023-05-14T05:45:40.150+0000] {processor.py:153} INFO - Started process (PID=9444) to work on /home/airflow/.local/lib/python3.7/site-packages/airflow/example_dags/example_latest_only.py
[2023-05-14T05:45:40.151+0000] {processor.py:743} INFO - Processing file /home/airflow/.local/lib/python3.7/site-packages/airflow/example_dags/example_latest_only.py for tasks to queue
[2023-05-14T05:45:40.153+0000] {logging_mixin.py:137} INFO - [2023-05-14T05:45:40.153+0000] {dagbag.py:532} INFO - Filling up the DagBag from /home/airflow/.local/lib/python3.7/site-packages/airflow/example_dags/example_latest_only.py
[2023-05-14T05:45:40.164+0000] {processor.py:753} INFO - DAG(s) dict_keys(['latest_only']) retrieved from /home/airflow/.local/lib/python3.7/site-packages/airflow/example_dags/example_latest_only.py
[2023-05-14T05:45:40.188+0000] {logging_mixin.py:137} INFO - [2023-05-14T05:45:40.188+0000] {dag.py:2705} INFO - Sync 1 DAGs
[2023-05-14T05:45:40.212+0000] {logging_mixin.py:137} INFO - [2023-05-14T05:45:40.211+0000] {dag.py:3456} INFO - Setting next_dagrun for latest_only to 2023-05-14T01:45:40.211715+00:00, run_after=2023-05-14T05:45:40.211715+00:00
[2023-05-14T05:45:40.240+0000] {processor.py:175} INFO - Processing /home/airflow/.local/lib/python3.7/site-packages/airflow/example_dags/example_latest_only.py took 0.093 seconds
[2023-05-14T05:46:10.312+0000] {processor.py:153} INFO - Started process (PID=9673) to work on /home/airflow/.local/lib/python3.7/site-packages/airflow/example_dags/example_latest_only.py
[2023-05-14T05:46:10.314+0000] {processor.py:743} INFO - Processing file /home/airflow/.local/lib/python3.7/site-packages/airflow/example_dags/example_latest_only.py for tasks to queue
[2023-05-14T05:46:10.315+0000] {logging_mixin.py:137} INFO - [2023-05-14T05:46:10.315+0000] {dagbag.py:532} INFO - Filling up the DagBag from /home/airflow/.local/lib/python3.7/site-packages/airflow/example_dags/example_latest_only.py
[2023-05-14T05:46:10.326+0000] {processor.py:753} INFO - DAG(s) dict_keys(['latest_only']) retrieved from /home/airflow/.local/lib/python3.7/site-packages/airflow/example_dags/example_latest_only.py
[2023-05-14T05:46:10.350+0000] {logging_mixin.py:137} INFO - [2023-05-14T05:46:10.350+0000] {dag.py:2705} INFO - Sync 1 DAGs
[2023-05-14T05:46:10.375+0000] {logging_mixin.py:137} INFO - [2023-05-14T05:46:10.375+0000] {dag.py:3456} INFO - Setting next_dagrun for latest_only to 2023-05-14T01:46:10.375648+00:00, run_after=2023-05-14T05:46:10.375648+00:00
[2023-05-14T05:46:10.389+0000] {processor.py:175} INFO - Processing /home/airflow/.local/lib/python3.7/site-packages/airflow/example_dags/example_latest_only.py took 0.079 seconds
[2023-05-14T05:46:40.567+0000] {processor.py:153} INFO - Started process (PID=9897) to work on /home/airflow/.local/lib/python3.7/site-packages/airflow/example_dags/example_latest_only.py
[2023-05-14T05:46:40.569+0000] {processor.py:743} INFO - Processing file /home/airflow/.local/lib/python3.7/site-packages/airflow/example_dags/example_latest_only.py for tasks to queue
[2023-05-14T05:46:40.570+0000] {logging_mixin.py:137} INFO - [2023-05-14T05:46:40.570+0000] {dagbag.py:532} INFO - Filling up the DagBag from /home/airflow/.local/lib/python3.7/site-packages/airflow/example_dags/example_latest_only.py
[2023-05-14T05:46:40.583+0000] {processor.py:753} INFO - DAG(s) dict_keys(['latest_only']) retrieved from /home/airflow/.local/lib/python3.7/site-packages/airflow/example_dags/example_latest_only.py
[2023-05-14T05:46:40.606+0000] {logging_mixin.py:137} INFO - [2023-05-14T05:46:40.606+0000] {dag.py:2705} INFO - Sync 1 DAGs
[2023-05-14T05:46:40.624+0000] {logging_mixin.py:137} INFO - [2023-05-14T05:46:40.624+0000] {dag.py:3456} INFO - Setting next_dagrun for latest_only to 2023-05-14T01:46:40.624179+00:00, run_after=2023-05-14T05:46:40.624179+00:00
[2023-05-14T05:46:40.636+0000] {processor.py:175} INFO - Processing /home/airflow/.local/lib/python3.7/site-packages/airflow/example_dags/example_latest_only.py took 0.072 seconds
[2023-05-14T05:47:10.922+0000] {processor.py:153} INFO - Started process (PID=10123) to work on /home/airflow/.local/lib/python3.7/site-packages/airflow/example_dags/example_latest_only.py
[2023-05-14T05:47:10.924+0000] {processor.py:743} INFO - Processing file /home/airflow/.local/lib/python3.7/site-packages/airflow/example_dags/example_latest_only.py for tasks to queue
[2023-05-14T05:47:10.926+0000] {logging_mixin.py:137} INFO - [2023-05-14T05:47:10.926+0000] {dagbag.py:532} INFO - Filling up the DagBag from /home/airflow/.local/lib/python3.7/site-packages/airflow/example_dags/example_latest_only.py
[2023-05-14T05:47:10.940+0000] {processor.py:753} INFO - DAG(s) dict_keys(['latest_only']) retrieved from /home/airflow/.local/lib/python3.7/site-packages/airflow/example_dags/example_latest_only.py
[2023-05-14T05:47:10.978+0000] {logging_mixin.py:137} INFO - [2023-05-14T05:47:10.978+0000] {dag.py:2705} INFO - Sync 1 DAGs
[2023-05-14T05:47:10.997+0000] {logging_mixin.py:137} INFO - [2023-05-14T05:47:10.997+0000] {dag.py:3456} INFO - Setting next_dagrun for latest_only to 2023-05-14T01:47:10.997007+00:00, run_after=2023-05-14T05:47:10.997007+00:00
[2023-05-14T05:47:11.010+0000] {processor.py:175} INFO - Processing /home/airflow/.local/lib/python3.7/site-packages/airflow/example_dags/example_latest_only.py took 0.091 seconds
[2023-05-14T05:47:41.164+0000] {processor.py:153} INFO - Started process (PID=10344) to work on /home/airflow/.local/lib/python3.7/site-packages/airflow/example_dags/example_latest_only.py
[2023-05-14T05:47:41.167+0000] {processor.py:743} INFO - Processing file /home/airflow/.local/lib/python3.7/site-packages/airflow/example_dags/example_latest_only.py for tasks to queue
[2023-05-14T05:47:41.168+0000] {logging_mixin.py:137} INFO - [2023-05-14T05:47:41.168+0000] {dagbag.py:532} INFO - Filling up the DagBag from /home/airflow/.local/lib/python3.7/site-packages/airflow/example_dags/example_latest_only.py
[2023-05-14T05:47:41.183+0000] {processor.py:753} INFO - DAG(s) dict_keys(['latest_only']) retrieved from /home/airflow/.local/lib/python3.7/site-packages/airflow/example_dags/example_latest_only.py
[2023-05-14T05:47:41.205+0000] {logging_mixin.py:137} INFO - [2023-05-14T05:47:41.205+0000] {dag.py:2705} INFO - Sync 1 DAGs
[2023-05-14T05:47:41.224+0000] {logging_mixin.py:137} INFO - [2023-05-14T05:47:41.224+0000] {dag.py:3456} INFO - Setting next_dagrun for latest_only to 2023-05-14T01:47:41.224180+00:00, run_after=2023-05-14T05:47:41.224180+00:00
[2023-05-14T05:47:41.238+0000] {processor.py:175} INFO - Processing /home/airflow/.local/lib/python3.7/site-packages/airflow/example_dags/example_latest_only.py took 0.077 seconds
[2023-05-14T05:48:11.616+0000] {processor.py:153} INFO - Started process (PID=10570) to work on /home/airflow/.local/lib/python3.7/site-packages/airflow/example_dags/example_latest_only.py
[2023-05-14T05:48:11.618+0000] {processor.py:743} INFO - Processing file /home/airflow/.local/lib/python3.7/site-packages/airflow/example_dags/example_latest_only.py for tasks to queue
[2023-05-14T05:48:11.619+0000] {logging_mixin.py:137} INFO - [2023-05-14T05:48:11.619+0000] {dagbag.py:532} INFO - Filling up the DagBag from /home/airflow/.local/lib/python3.7/site-packages/airflow/example_dags/example_latest_only.py
[2023-05-14T05:48:11.632+0000] {processor.py:753} INFO - DAG(s) dict_keys(['latest_only']) retrieved from /home/airflow/.local/lib/python3.7/site-packages/airflow/example_dags/example_latest_only.py
[2023-05-14T05:48:11.654+0000] {logging_mixin.py:137} INFO - [2023-05-14T05:48:11.654+0000] {dag.py:2705} INFO - Sync 1 DAGs
[2023-05-14T05:48:11.671+0000] {logging_mixin.py:137} INFO - [2023-05-14T05:48:11.671+0000] {dag.py:3456} INFO - Setting next_dagrun for latest_only to 2023-05-14T01:48:11.671380+00:00, run_after=2023-05-14T05:48:11.671380+00:00
[2023-05-14T05:48:11.683+0000] {processor.py:175} INFO - Processing /home/airflow/.local/lib/python3.7/site-packages/airflow/example_dags/example_latest_only.py took 0.070 seconds
[2023-05-14T05:48:42.056+0000] {processor.py:153} INFO - Started process (PID=10792) to work on /home/airflow/.local/lib/python3.7/site-packages/airflow/example_dags/example_latest_only.py
[2023-05-14T05:48:42.058+0000] {processor.py:743} INFO - Processing file /home/airflow/.local/lib/python3.7/site-packages/airflow/example_dags/example_latest_only.py for tasks to queue
[2023-05-14T05:48:42.059+0000] {logging_mixin.py:137} INFO - [2023-05-14T05:48:42.059+0000] {dagbag.py:532} INFO - Filling up the DagBag from /home/airflow/.local/lib/python3.7/site-packages/airflow/example_dags/example_latest_only.py
[2023-05-14T05:48:42.070+0000] {processor.py:753} INFO - DAG(s) dict_keys(['latest_only']) retrieved from /home/airflow/.local/lib/python3.7/site-packages/airflow/example_dags/example_latest_only.py
[2023-05-14T05:48:42.094+0000] {logging_mixin.py:137} INFO - [2023-05-14T05:48:42.094+0000] {dag.py:2705} INFO - Sync 1 DAGs
[2023-05-14T05:48:42.112+0000] {logging_mixin.py:137} INFO - [2023-05-14T05:48:42.112+0000] {dag.py:3456} INFO - Setting next_dagrun for latest_only to 2023-05-14T01:48:42.112210+00:00, run_after=2023-05-14T05:48:42.112210+00:00
[2023-05-14T05:48:42.125+0000] {processor.py:175} INFO - Processing /home/airflow/.local/lib/python3.7/site-packages/airflow/example_dags/example_latest_only.py took 0.071 seconds
[2023-05-14T05:49:12.316+0000] {processor.py:153} INFO - Started process (PID=11016) to work on /home/airflow/.local/lib/python3.7/site-packages/airflow/example_dags/example_latest_only.py
[2023-05-14T05:49:12.318+0000] {processor.py:743} INFO - Processing file /home/airflow/.local/lib/python3.7/site-packages/airflow/example_dags/example_latest_only.py for tasks to queue
[2023-05-14T05:49:12.319+0000] {logging_mixin.py:137} INFO - [2023-05-14T05:49:12.319+0000] {dagbag.py:532} INFO - Filling up the DagBag from /home/airflow/.local/lib/python3.7/site-packages/airflow/example_dags/example_latest_only.py
[2023-05-14T05:49:12.329+0000] {processor.py:753} INFO - DAG(s) dict_keys(['latest_only']) retrieved from /home/airflow/.local/lib/python3.7/site-packages/airflow/example_dags/example_latest_only.py
[2023-05-14T05:49:12.354+0000] {logging_mixin.py:137} INFO - [2023-05-14T05:49:12.354+0000] {dag.py:2705} INFO - Sync 1 DAGs
[2023-05-14T05:49:12.371+0000] {logging_mixin.py:137} INFO - [2023-05-14T05:49:12.371+0000] {dag.py:3456} INFO - Setting next_dagrun for latest_only to 2023-05-14T01:49:12.371479+00:00, run_after=2023-05-14T05:49:12.371479+00:00
[2023-05-14T05:49:12.385+0000] {processor.py:175} INFO - Processing /home/airflow/.local/lib/python3.7/site-packages/airflow/example_dags/example_latest_only.py took 0.072 seconds
[2023-05-14T05:49:42.640+0000] {processor.py:153} INFO - Started process (PID=11242) to work on /home/airflow/.local/lib/python3.7/site-packages/airflow/example_dags/example_latest_only.py
[2023-05-14T05:49:42.643+0000] {processor.py:743} INFO - Processing file /home/airflow/.local/lib/python3.7/site-packages/airflow/example_dags/example_latest_only.py for tasks to queue
[2023-05-14T05:49:42.644+0000] {logging_mixin.py:137} INFO - [2023-05-14T05:49:42.643+0000] {dagbag.py:532} INFO - Filling up the DagBag from /home/airflow/.local/lib/python3.7/site-packages/airflow/example_dags/example_latest_only.py
[2023-05-14T05:49:42.660+0000] {processor.py:753} INFO - DAG(s) dict_keys(['latest_only']) retrieved from /home/airflow/.local/lib/python3.7/site-packages/airflow/example_dags/example_latest_only.py
[2023-05-14T05:49:42.683+0000] {logging_mixin.py:137} INFO - [2023-05-14T05:49:42.683+0000] {dag.py:2705} INFO - Sync 1 DAGs
[2023-05-14T05:49:42.702+0000] {logging_mixin.py:137} INFO - [2023-05-14T05:49:42.702+0000] {dag.py:3456} INFO - Setting next_dagrun for latest_only to 2023-05-14T01:49:42.701858+00:00, run_after=2023-05-14T05:49:42.701858+00:00
[2023-05-14T05:49:42.714+0000] {processor.py:175} INFO - Processing /home/airflow/.local/lib/python3.7/site-packages/airflow/example_dags/example_latest_only.py took 0.076 seconds
[2023-05-14T05:50:12.796+0000] {processor.py:153} INFO - Started process (PID=11466) to work on /home/airflow/.local/lib/python3.7/site-packages/airflow/example_dags/example_latest_only.py
[2023-05-14T05:50:12.798+0000] {processor.py:743} INFO - Processing file /home/airflow/.local/lib/python3.7/site-packages/airflow/example_dags/example_latest_only.py for tasks to queue
[2023-05-14T05:50:12.801+0000] {logging_mixin.py:137} INFO - [2023-05-14T05:50:12.801+0000] {dagbag.py:532} INFO - Filling up the DagBag from /home/airflow/.local/lib/python3.7/site-packages/airflow/example_dags/example_latest_only.py
[2023-05-14T05:50:12.813+0000] {processor.py:753} INFO - DAG(s) dict_keys(['latest_only']) retrieved from /home/airflow/.local/lib/python3.7/site-packages/airflow/example_dags/example_latest_only.py
[2023-05-14T05:50:12.837+0000] {logging_mixin.py:137} INFO - [2023-05-14T05:50:12.837+0000] {dag.py:2705} INFO - Sync 1 DAGs
[2023-05-14T05:50:12.854+0000] {logging_mixin.py:137} INFO - [2023-05-14T05:50:12.854+0000] {dag.py:3456} INFO - Setting next_dagrun for latest_only to 2023-05-14T01:50:12.853875+00:00, run_after=2023-05-14T05:50:12.853875+00:00
[2023-05-14T05:50:12.866+0000] {processor.py:175} INFO - Processing /home/airflow/.local/lib/python3.7/site-packages/airflow/example_dags/example_latest_only.py took 0.073 seconds
[2023-05-14T05:50:43.280+0000] {processor.py:153} INFO - Started process (PID=11690) to work on /home/airflow/.local/lib/python3.7/site-packages/airflow/example_dags/example_latest_only.py
[2023-05-14T05:50:43.282+0000] {processor.py:743} INFO - Processing file /home/airflow/.local/lib/python3.7/site-packages/airflow/example_dags/example_latest_only.py for tasks to queue
[2023-05-14T05:50:43.284+0000] {logging_mixin.py:137} INFO - [2023-05-14T05:50:43.284+0000] {dagbag.py:532} INFO - Filling up the DagBag from /home/airflow/.local/lib/python3.7/site-packages/airflow/example_dags/example_latest_only.py
[2023-05-14T05:50:43.296+0000] {processor.py:753} INFO - DAG(s) dict_keys(['latest_only']) retrieved from /home/airflow/.local/lib/python3.7/site-packages/airflow/example_dags/example_latest_only.py
[2023-05-14T05:50:43.319+0000] {logging_mixin.py:137} INFO - [2023-05-14T05:50:43.319+0000] {dag.py:2705} INFO - Sync 1 DAGs
[2023-05-14T05:50:43.336+0000] {logging_mixin.py:137} INFO - [2023-05-14T05:50:43.336+0000] {dag.py:3456} INFO - Setting next_dagrun for latest_only to 2023-05-14T01:50:43.336638+00:00, run_after=2023-05-14T05:50:43.336638+00:00
[2023-05-14T05:50:43.352+0000] {processor.py:175} INFO - Processing /home/airflow/.local/lib/python3.7/site-packages/airflow/example_dags/example_latest_only.py took 0.075 seconds
[2023-05-14T05:51:13.656+0000] {processor.py:153} INFO - Started process (PID=11914) to work on /home/airflow/.local/lib/python3.7/site-packages/airflow/example_dags/example_latest_only.py
[2023-05-14T05:51:13.658+0000] {processor.py:743} INFO - Processing file /home/airflow/.local/lib/python3.7/site-packages/airflow/example_dags/example_latest_only.py for tasks to queue
[2023-05-14T05:51:13.660+0000] {logging_mixin.py:137} INFO - [2023-05-14T05:51:13.660+0000] {dagbag.py:532} INFO - Filling up the DagBag from /home/airflow/.local/lib/python3.7/site-packages/airflow/example_dags/example_latest_only.py
[2023-05-14T05:51:13.681+0000] {processor.py:753} INFO - DAG(s) dict_keys(['latest_only']) retrieved from /home/airflow/.local/lib/python3.7/site-packages/airflow/example_dags/example_latest_only.py
[2023-05-14T05:51:13.715+0000] {logging_mixin.py:137} INFO - [2023-05-14T05:51:13.715+0000] {dag.py:2705} INFO - Sync 1 DAGs
[2023-05-14T05:51:13.737+0000] {logging_mixin.py:137} INFO - [2023-05-14T05:51:13.737+0000] {dag.py:3456} INFO - Setting next_dagrun for latest_only to 2023-05-14T01:51:13.737637+00:00, run_after=2023-05-14T05:51:13.737637+00:00
[2023-05-14T05:51:13.750+0000] {processor.py:175} INFO - Processing /home/airflow/.local/lib/python3.7/site-packages/airflow/example_dags/example_latest_only.py took 0.097 seconds
[2023-05-14T05:51:44.066+0000] {processor.py:153} INFO - Started process (PID=12138) to work on /home/airflow/.local/lib/python3.7/site-packages/airflow/example_dags/example_latest_only.py
[2023-05-14T05:51:44.068+0000] {processor.py:743} INFO - Processing file /home/airflow/.local/lib/python3.7/site-packages/airflow/example_dags/example_latest_only.py for tasks to queue
[2023-05-14T05:51:44.069+0000] {logging_mixin.py:137} INFO - [2023-05-14T05:51:44.069+0000] {dagbag.py:532} INFO - Filling up the DagBag from /home/airflow/.local/lib/python3.7/site-packages/airflow/example_dags/example_latest_only.py
[2023-05-14T05:51:44.080+0000] {processor.py:753} INFO - DAG(s) dict_keys(['latest_only']) retrieved from /home/airflow/.local/lib/python3.7/site-packages/airflow/example_dags/example_latest_only.py
[2023-05-14T05:51:44.103+0000] {logging_mixin.py:137} INFO - [2023-05-14T05:51:44.103+0000] {dag.py:2705} INFO - Sync 1 DAGs
[2023-05-14T05:51:44.122+0000] {logging_mixin.py:137} INFO - [2023-05-14T05:51:44.122+0000] {dag.py:3456} INFO - Setting next_dagrun for latest_only to 2023-05-14T01:51:44.122650+00:00, run_after=2023-05-14T05:51:44.122650+00:00
[2023-05-14T05:51:44.135+0000] {processor.py:175} INFO - Processing /home/airflow/.local/lib/python3.7/site-packages/airflow/example_dags/example_latest_only.py took 0.072 seconds
[2023-05-14T05:52:14.245+0000] {processor.py:153} INFO - Started process (PID=12361) to work on /home/airflow/.local/lib/python3.7/site-packages/airflow/example_dags/example_latest_only.py
[2023-05-14T05:52:14.246+0000] {processor.py:743} INFO - Processing file /home/airflow/.local/lib/python3.7/site-packages/airflow/example_dags/example_latest_only.py for tasks to queue
[2023-05-14T05:52:14.247+0000] {logging_mixin.py:137} INFO - [2023-05-14T05:52:14.247+0000] {dagbag.py:532} INFO - Filling up the DagBag from /home/airflow/.local/lib/python3.7/site-packages/airflow/example_dags/example_latest_only.py
[2023-05-14T05:52:14.264+0000] {processor.py:753} INFO - DAG(s) dict_keys(['latest_only']) retrieved from /home/airflow/.local/lib/python3.7/site-packages/airflow/example_dags/example_latest_only.py
[2023-05-14T05:52:14.286+0000] {logging_mixin.py:137} INFO - [2023-05-14T05:52:14.286+0000] {dag.py:2705} INFO - Sync 1 DAGs
[2023-05-14T05:52:14.304+0000] {logging_mixin.py:137} INFO - [2023-05-14T05:52:14.304+0000] {dag.py:3456} INFO - Setting next_dagrun for latest_only to 2023-05-14T01:52:14.304224+00:00, run_after=2023-05-14T05:52:14.304224+00:00
[2023-05-14T05:52:14.318+0000] {processor.py:175} INFO - Processing /home/airflow/.local/lib/python3.7/site-packages/airflow/example_dags/example_latest_only.py took 0.076 seconds
[2023-05-14T05:52:44.613+0000] {processor.py:153} INFO - Started process (PID=12585) to work on /home/airflow/.local/lib/python3.7/site-packages/airflow/example_dags/example_latest_only.py
[2023-05-14T05:52:44.615+0000] {processor.py:743} INFO - Processing file /home/airflow/.local/lib/python3.7/site-packages/airflow/example_dags/example_latest_only.py for tasks to queue
[2023-05-14T05:52:44.616+0000] {logging_mixin.py:137} INFO - [2023-05-14T05:52:44.616+0000] {dagbag.py:532} INFO - Filling up the DagBag from /home/airflow/.local/lib/python3.7/site-packages/airflow/example_dags/example_latest_only.py
[2023-05-14T05:52:44.627+0000] {processor.py:753} INFO - DAG(s) dict_keys(['latest_only']) retrieved from /home/airflow/.local/lib/python3.7/site-packages/airflow/example_dags/example_latest_only.py
[2023-05-14T05:52:44.648+0000] {logging_mixin.py:137} INFO - [2023-05-14T05:52:44.648+0000] {dag.py:2705} INFO - Sync 1 DAGs
[2023-05-14T05:52:44.664+0000] {logging_mixin.py:137} INFO - [2023-05-14T05:52:44.664+0000] {dag.py:3456} INFO - Setting next_dagrun for latest_only to 2023-05-14T01:52:44.664598+00:00, run_after=2023-05-14T05:52:44.664598+00:00
[2023-05-14T05:52:44.677+0000] {processor.py:175} INFO - Processing /home/airflow/.local/lib/python3.7/site-packages/airflow/example_dags/example_latest_only.py took 0.067 seconds
[2023-05-14T05:53:15.085+0000] {processor.py:153} INFO - Started process (PID=12809) to work on /home/airflow/.local/lib/python3.7/site-packages/airflow/example_dags/example_latest_only.py
[2023-05-14T05:53:15.087+0000] {processor.py:743} INFO - Processing file /home/airflow/.local/lib/python3.7/site-packages/airflow/example_dags/example_latest_only.py for tasks to queue
[2023-05-14T05:53:15.088+0000] {logging_mixin.py:137} INFO - [2023-05-14T05:53:15.088+0000] {dagbag.py:532} INFO - Filling up the DagBag from /home/airflow/.local/lib/python3.7/site-packages/airflow/example_dags/example_latest_only.py
[2023-05-14T05:53:15.100+0000] {processor.py:753} INFO - DAG(s) dict_keys(['latest_only']) retrieved from /home/airflow/.local/lib/python3.7/site-packages/airflow/example_dags/example_latest_only.py
[2023-05-14T05:53:15.126+0000] {logging_mixin.py:137} INFO - [2023-05-14T05:53:15.126+0000] {dag.py:2705} INFO - Sync 1 DAGs
[2023-05-14T05:53:15.144+0000] {logging_mixin.py:137} INFO - [2023-05-14T05:53:15.144+0000] {dag.py:3456} INFO - Setting next_dagrun for latest_only to 2023-05-14T01:53:15.144475+00:00, run_after=2023-05-14T05:53:15.144475+00:00
[2023-05-14T05:53:15.158+0000] {processor.py:175} INFO - Processing /home/airflow/.local/lib/python3.7/site-packages/airflow/example_dags/example_latest_only.py took 0.077 seconds
[2023-05-14T05:53:45.264+0000] {processor.py:153} INFO - Started process (PID=13034) to work on /home/airflow/.local/lib/python3.7/site-packages/airflow/example_dags/example_latest_only.py
[2023-05-14T05:53:45.267+0000] {processor.py:743} INFO - Processing file /home/airflow/.local/lib/python3.7/site-packages/airflow/example_dags/example_latest_only.py for tasks to queue
[2023-05-14T05:53:45.269+0000] {logging_mixin.py:137} INFO - [2023-05-14T05:53:45.269+0000] {dagbag.py:532} INFO - Filling up the DagBag from /home/airflow/.local/lib/python3.7/site-packages/airflow/example_dags/example_latest_only.py
[2023-05-14T05:53:45.283+0000] {processor.py:753} INFO - DAG(s) dict_keys(['latest_only']) retrieved from /home/airflow/.local/lib/python3.7/site-packages/airflow/example_dags/example_latest_only.py
[2023-05-14T05:53:45.307+0000] {logging_mixin.py:137} INFO - [2023-05-14T05:53:45.307+0000] {dag.py:2705} INFO - Sync 1 DAGs
[2023-05-14T05:53:45.326+0000] {logging_mixin.py:137} INFO - [2023-05-14T05:53:45.326+0000] {dag.py:3456} INFO - Setting next_dagrun for latest_only to 2023-05-14T01:53:45.326575+00:00, run_after=2023-05-14T05:53:45.326575+00:00
[2023-05-14T05:53:45.342+0000] {processor.py:175} INFO - Processing /home/airflow/.local/lib/python3.7/site-packages/airflow/example_dags/example_latest_only.py took 0.081 seconds
[2023-05-14T05:54:15.614+0000] {processor.py:153} INFO - Started process (PID=13258) to work on /home/airflow/.local/lib/python3.7/site-packages/airflow/example_dags/example_latest_only.py
[2023-05-14T05:54:15.617+0000] {processor.py:743} INFO - Processing file /home/airflow/.local/lib/python3.7/site-packages/airflow/example_dags/example_latest_only.py for tasks to queue
[2023-05-14T05:54:15.618+0000] {logging_mixin.py:137} INFO - [2023-05-14T05:54:15.618+0000] {dagbag.py:532} INFO - Filling up the DagBag from /home/airflow/.local/lib/python3.7/site-packages/airflow/example_dags/example_latest_only.py
[2023-05-14T05:54:15.632+0000] {processor.py:753} INFO - DAG(s) dict_keys(['latest_only']) retrieved from /home/airflow/.local/lib/python3.7/site-packages/airflow/example_dags/example_latest_only.py
[2023-05-14T05:54:15.656+0000] {logging_mixin.py:137} INFO - [2023-05-14T05:54:15.656+0000] {dag.py:2705} INFO - Sync 1 DAGs
[2023-05-14T05:54:15.674+0000] {logging_mixin.py:137} INFO - [2023-05-14T05:54:15.674+0000] {dag.py:3456} INFO - Setting next_dagrun for latest_only to 2023-05-14T01:54:15.674621+00:00, run_after=2023-05-14T05:54:15.674621+00:00
[2023-05-14T05:54:15.693+0000] {processor.py:175} INFO - Processing /home/airflow/.local/lib/python3.7/site-packages/airflow/example_dags/example_latest_only.py took 0.082 seconds
[2023-05-14T05:54:45.828+0000] {processor.py:153} INFO - Started process (PID=13481) to work on /home/airflow/.local/lib/python3.7/site-packages/airflow/example_dags/example_latest_only.py
[2023-05-14T05:54:45.830+0000] {processor.py:743} INFO - Processing file /home/airflow/.local/lib/python3.7/site-packages/airflow/example_dags/example_latest_only.py for tasks to queue
[2023-05-14T05:54:45.832+0000] {logging_mixin.py:137} INFO - [2023-05-14T05:54:45.832+0000] {dagbag.py:532} INFO - Filling up the DagBag from /home/airflow/.local/lib/python3.7/site-packages/airflow/example_dags/example_latest_only.py
[2023-05-14T05:54:45.843+0000] {processor.py:753} INFO - DAG(s) dict_keys(['latest_only']) retrieved from /home/airflow/.local/lib/python3.7/site-packages/airflow/example_dags/example_latest_only.py
[2023-05-14T05:54:45.868+0000] {logging_mixin.py:137} INFO - [2023-05-14T05:54:45.868+0000] {dag.py:2705} INFO - Sync 1 DAGs
[2023-05-14T05:54:45.889+0000] {logging_mixin.py:137} INFO - [2023-05-14T05:54:45.889+0000] {dag.py:3456} INFO - Setting next_dagrun for latest_only to 2023-05-14T01:54:45.888904+00:00, run_after=2023-05-14T05:54:45.888904+00:00
[2023-05-14T05:54:45.905+0000] {processor.py:175} INFO - Processing /home/airflow/.local/lib/python3.7/site-packages/airflow/example_dags/example_latest_only.py took 0.081 seconds
[2023-05-14T05:55:16.259+0000] {processor.py:153} INFO - Started process (PID=13705) to work on /home/airflow/.local/lib/python3.7/site-packages/airflow/example_dags/example_latest_only.py
[2023-05-14T05:55:16.260+0000] {processor.py:743} INFO - Processing file /home/airflow/.local/lib/python3.7/site-packages/airflow/example_dags/example_latest_only.py for tasks to queue
[2023-05-14T05:55:16.267+0000] {logging_mixin.py:137} INFO - [2023-05-14T05:55:16.267+0000] {dagbag.py:532} INFO - Filling up the DagBag from /home/airflow/.local/lib/python3.7/site-packages/airflow/example_dags/example_latest_only.py
[2023-05-14T05:55:16.280+0000] {processor.py:753} INFO - DAG(s) dict_keys(['latest_only']) retrieved from /home/airflow/.local/lib/python3.7/site-packages/airflow/example_dags/example_latest_only.py
[2023-05-14T05:55:16.308+0000] {logging_mixin.py:137} INFO - [2023-05-14T05:55:16.308+0000] {dag.py:2705} INFO - Sync 1 DAGs
[2023-05-14T05:55:16.332+0000] {logging_mixin.py:137} INFO - [2023-05-14T05:55:16.332+0000] {dag.py:3456} INFO - Setting next_dagrun for latest_only to 2023-05-14T01:55:16.331877+00:00, run_after=2023-05-14T05:55:16.331877+00:00
[2023-05-14T05:55:16.354+0000] {processor.py:175} INFO - Processing /home/airflow/.local/lib/python3.7/site-packages/airflow/example_dags/example_latest_only.py took 0.099 seconds
[2023-05-14T05:55:46.645+0000] {processor.py:153} INFO - Started process (PID=13929) to work on /home/airflow/.local/lib/python3.7/site-packages/airflow/example_dags/example_latest_only.py
[2023-05-14T05:55:46.647+0000] {processor.py:743} INFO - Processing file /home/airflow/.local/lib/python3.7/site-packages/airflow/example_dags/example_latest_only.py for tasks to queue
[2023-05-14T05:55:46.648+0000] {logging_mixin.py:137} INFO - [2023-05-14T05:55:46.648+0000] {dagbag.py:532} INFO - Filling up the DagBag from /home/airflow/.local/lib/python3.7/site-packages/airflow/example_dags/example_latest_only.py
[2023-05-14T05:55:46.662+0000] {processor.py:753} INFO - DAG(s) dict_keys(['latest_only']) retrieved from /home/airflow/.local/lib/python3.7/site-packages/airflow/example_dags/example_latest_only.py
[2023-05-14T05:55:46.692+0000] {logging_mixin.py:137} INFO - [2023-05-14T05:55:46.691+0000] {dag.py:2705} INFO - Sync 1 DAGs
[2023-05-14T05:55:46.712+0000] {logging_mixin.py:137} INFO - [2023-05-14T05:55:46.711+0000] {dag.py:3456} INFO - Setting next_dagrun for latest_only to 2023-05-14T01:55:46.711692+00:00, run_after=2023-05-14T05:55:46.711692+00:00
[2023-05-14T05:55:46.745+0000] {processor.py:175} INFO - Processing /home/airflow/.local/lib/python3.7/site-packages/airflow/example_dags/example_latest_only.py took 0.103 seconds
[2023-05-14T05:56:16.983+0000] {processor.py:153} INFO - Started process (PID=14153) to work on /home/airflow/.local/lib/python3.7/site-packages/airflow/example_dags/example_latest_only.py
[2023-05-14T05:56:16.985+0000] {processor.py:743} INFO - Processing file /home/airflow/.local/lib/python3.7/site-packages/airflow/example_dags/example_latest_only.py for tasks to queue
[2023-05-14T05:56:16.987+0000] {logging_mixin.py:137} INFO - [2023-05-14T05:56:16.987+0000] {dagbag.py:532} INFO - Filling up the DagBag from /home/airflow/.local/lib/python3.7/site-packages/airflow/example_dags/example_latest_only.py
[2023-05-14T05:56:16.999+0000] {processor.py:753} INFO - DAG(s) dict_keys(['latest_only']) retrieved from /home/airflow/.local/lib/python3.7/site-packages/airflow/example_dags/example_latest_only.py
[2023-05-14T05:56:17.023+0000] {logging_mixin.py:137} INFO - [2023-05-14T05:56:17.023+0000] {dag.py:2705} INFO - Sync 1 DAGs
[2023-05-14T05:56:17.045+0000] {logging_mixin.py:137} INFO - [2023-05-14T05:56:17.045+0000] {dag.py:3456} INFO - Setting next_dagrun for latest_only to 2023-05-14T01:56:17.044629+00:00, run_after=2023-05-14T05:56:17.044629+00:00
[2023-05-14T05:56:17.062+0000] {processor.py:175} INFO - Processing /home/airflow/.local/lib/python3.7/site-packages/airflow/example_dags/example_latest_only.py took 0.082 seconds
[2023-05-14T05:56:47.647+0000] {processor.py:153} INFO - Started process (PID=14377) to work on /home/airflow/.local/lib/python3.7/site-packages/airflow/example_dags/example_latest_only.py
[2023-05-14T05:56:47.650+0000] {processor.py:743} INFO - Processing file /home/airflow/.local/lib/python3.7/site-packages/airflow/example_dags/example_latest_only.py for tasks to queue
[2023-05-14T05:56:47.651+0000] {logging_mixin.py:137} INFO - [2023-05-14T05:56:47.651+0000] {dagbag.py:532} INFO - Filling up the DagBag from /home/airflow/.local/lib/python3.7/site-packages/airflow/example_dags/example_latest_only.py
[2023-05-14T05:56:47.663+0000] {processor.py:753} INFO - DAG(s) dict_keys(['latest_only']) retrieved from /home/airflow/.local/lib/python3.7/site-packages/airflow/example_dags/example_latest_only.py
[2023-05-14T05:56:47.689+0000] {logging_mixin.py:137} INFO - [2023-05-14T05:56:47.689+0000] {dag.py:2705} INFO - Sync 1 DAGs
[2023-05-14T05:56:47.708+0000] {logging_mixin.py:137} INFO - [2023-05-14T05:56:47.708+0000] {dag.py:3456} INFO - Setting next_dagrun for latest_only to 2023-05-14T01:56:47.707882+00:00, run_after=2023-05-14T05:56:47.707882+00:00
[2023-05-14T05:56:47.720+0000] {processor.py:175} INFO - Processing /home/airflow/.local/lib/python3.7/site-packages/airflow/example_dags/example_latest_only.py took 0.077 seconds
[2023-05-14T05:57:18.619+0000] {processor.py:153} INFO - Started process (PID=14601) to work on /home/airflow/.local/lib/python3.7/site-packages/airflow/example_dags/example_latest_only.py
[2023-05-14T05:57:18.621+0000] {processor.py:743} INFO - Processing file /home/airflow/.local/lib/python3.7/site-packages/airflow/example_dags/example_latest_only.py for tasks to queue
[2023-05-14T05:57:18.623+0000] {logging_mixin.py:137} INFO - [2023-05-14T05:57:18.623+0000] {dagbag.py:532} INFO - Filling up the DagBag from /home/airflow/.local/lib/python3.7/site-packages/airflow/example_dags/example_latest_only.py
[2023-05-14T05:57:18.636+0000] {processor.py:753} INFO - DAG(s) dict_keys(['latest_only']) retrieved from /home/airflow/.local/lib/python3.7/site-packages/airflow/example_dags/example_latest_only.py
[2023-05-14T05:57:18.664+0000] {logging_mixin.py:137} INFO - [2023-05-14T05:57:18.664+0000] {dag.py:2705} INFO - Sync 1 DAGs
[2023-05-14T05:57:18.685+0000] {logging_mixin.py:137} INFO - [2023-05-14T05:57:18.685+0000] {dag.py:3456} INFO - Setting next_dagrun for latest_only to 2023-05-14T01:57:18.685216+00:00, run_after=2023-05-14T05:57:18.685216+00:00
[2023-05-14T05:57:18.699+0000] {processor.py:175} INFO - Processing /home/airflow/.local/lib/python3.7/site-packages/airflow/example_dags/example_latest_only.py took 0.085 seconds
[2023-05-14T05:57:48.950+0000] {processor.py:153} INFO - Started process (PID=14825) to work on /home/airflow/.local/lib/python3.7/site-packages/airflow/example_dags/example_latest_only.py
[2023-05-14T05:57:48.953+0000] {processor.py:743} INFO - Processing file /home/airflow/.local/lib/python3.7/site-packages/airflow/example_dags/example_latest_only.py for tasks to queue
[2023-05-14T05:57:48.955+0000] {logging_mixin.py:137} INFO - [2023-05-14T05:57:48.955+0000] {dagbag.py:532} INFO - Filling up the DagBag from /home/airflow/.local/lib/python3.7/site-packages/airflow/example_dags/example_latest_only.py
[2023-05-14T05:57:48.969+0000] {processor.py:753} INFO - DAG(s) dict_keys(['latest_only']) retrieved from /home/airflow/.local/lib/python3.7/site-packages/airflow/example_dags/example_latest_only.py
[2023-05-14T05:57:48.999+0000] {logging_mixin.py:137} INFO - [2023-05-14T05:57:48.999+0000] {dag.py:2705} INFO - Sync 1 DAGs
[2023-05-14T05:57:49.022+0000] {logging_mixin.py:137} INFO - [2023-05-14T05:57:49.022+0000] {dag.py:3456} INFO - Setting next_dagrun for latest_only to 2023-05-14T01:57:49.022034+00:00, run_after=2023-05-14T05:57:49.022034+00:00
[2023-05-14T05:57:49.036+0000] {processor.py:175} INFO - Processing /home/airflow/.local/lib/python3.7/site-packages/airflow/example_dags/example_latest_only.py took 0.088 seconds
[2023-05-14T05:58:19.354+0000] {processor.py:153} INFO - Started process (PID=15049) to work on /home/airflow/.local/lib/python3.7/site-packages/airflow/example_dags/example_latest_only.py
[2023-05-14T05:58:19.356+0000] {processor.py:743} INFO - Processing file /home/airflow/.local/lib/python3.7/site-packages/airflow/example_dags/example_latest_only.py for tasks to queue
[2023-05-14T05:58:19.358+0000] {logging_mixin.py:137} INFO - [2023-05-14T05:58:19.357+0000] {dagbag.py:532} INFO - Filling up the DagBag from /home/airflow/.local/lib/python3.7/site-packages/airflow/example_dags/example_latest_only.py
[2023-05-14T05:58:19.383+0000] {processor.py:753} INFO - DAG(s) dict_keys(['latest_only']) retrieved from /home/airflow/.local/lib/python3.7/site-packages/airflow/example_dags/example_latest_only.py
[2023-05-14T05:58:19.407+0000] {logging_mixin.py:137} INFO - [2023-05-14T05:58:19.407+0000] {dag.py:2705} INFO - Sync 1 DAGs
[2023-05-14T05:58:19.432+0000] {logging_mixin.py:137} INFO - [2023-05-14T05:58:19.432+0000] {dag.py:3456} INFO - Setting next_dagrun for latest_only to 2023-05-14T01:58:19.431877+00:00, run_after=2023-05-14T05:58:19.431877+00:00
[2023-05-14T05:58:19.445+0000] {processor.py:175} INFO - Processing /home/airflow/.local/lib/python3.7/site-packages/airflow/example_dags/example_latest_only.py took 0.094 seconds
[2023-05-14T05:58:49.611+0000] {processor.py:153} INFO - Started process (PID=15273) to work on /home/airflow/.local/lib/python3.7/site-packages/airflow/example_dags/example_latest_only.py
[2023-05-14T05:58:49.613+0000] {processor.py:743} INFO - Processing file /home/airflow/.local/lib/python3.7/site-packages/airflow/example_dags/example_latest_only.py for tasks to queue
[2023-05-14T05:58:49.639+0000] {logging_mixin.py:137} INFO - [2023-05-14T05:58:49.639+0000] {dagbag.py:532} INFO - Filling up the DagBag from /home/airflow/.local/lib/python3.7/site-packages/airflow/example_dags/example_latest_only.py
[2023-05-14T05:58:49.650+0000] {processor.py:753} INFO - DAG(s) dict_keys(['latest_only']) retrieved from /home/airflow/.local/lib/python3.7/site-packages/airflow/example_dags/example_latest_only.py
[2023-05-14T05:58:49.673+0000] {logging_mixin.py:137} INFO - [2023-05-14T05:58:49.673+0000] {dag.py:2705} INFO - Sync 1 DAGs
[2023-05-14T05:58:49.697+0000] {logging_mixin.py:137} INFO - [2023-05-14T05:58:49.697+0000] {dag.py:3456} INFO - Setting next_dagrun for latest_only to 2023-05-14T01:58:49.697091+00:00, run_after=2023-05-14T05:58:49.697091+00:00
[2023-05-14T05:58:49.714+0000] {processor.py:175} INFO - Processing /home/airflow/.local/lib/python3.7/site-packages/airflow/example_dags/example_latest_only.py took 0.106 seconds
[2023-05-14T05:59:19.910+0000] {processor.py:153} INFO - Started process (PID=15499) to work on /home/airflow/.local/lib/python3.7/site-packages/airflow/example_dags/example_latest_only.py
[2023-05-14T05:59:19.912+0000] {processor.py:743} INFO - Processing file /home/airflow/.local/lib/python3.7/site-packages/airflow/example_dags/example_latest_only.py for tasks to queue
[2023-05-14T05:59:19.913+0000] {logging_mixin.py:137} INFO - [2023-05-14T05:59:19.913+0000] {dagbag.py:532} INFO - Filling up the DagBag from /home/airflow/.local/lib/python3.7/site-packages/airflow/example_dags/example_latest_only.py
[2023-05-14T05:59:19.930+0000] {processor.py:753} INFO - DAG(s) dict_keys(['latest_only']) retrieved from /home/airflow/.local/lib/python3.7/site-packages/airflow/example_dags/example_latest_only.py
[2023-05-14T05:59:19.953+0000] {logging_mixin.py:137} INFO - [2023-05-14T05:59:19.953+0000] {dag.py:2705} INFO - Sync 1 DAGs
[2023-05-14T05:59:19.971+0000] {logging_mixin.py:137} INFO - [2023-05-14T05:59:19.970+0000] {dag.py:3456} INFO - Setting next_dagrun for latest_only to 2023-05-14T01:59:19.970801+00:00, run_after=2023-05-14T05:59:19.970801+00:00
[2023-05-14T05:59:19.982+0000] {processor.py:175} INFO - Processing /home/airflow/.local/lib/python3.7/site-packages/airflow/example_dags/example_latest_only.py took 0.075 seconds
[2023-05-14T05:59:50.469+0000] {processor.py:153} INFO - Started process (PID=15723) to work on /home/airflow/.local/lib/python3.7/site-packages/airflow/example_dags/example_latest_only.py
[2023-05-14T05:59:50.471+0000] {processor.py:743} INFO - Processing file /home/airflow/.local/lib/python3.7/site-packages/airflow/example_dags/example_latest_only.py for tasks to queue
[2023-05-14T05:59:50.472+0000] {logging_mixin.py:137} INFO - [2023-05-14T05:59:50.472+0000] {dagbag.py:532} INFO - Filling up the DagBag from /home/airflow/.local/lib/python3.7/site-packages/airflow/example_dags/example_latest_only.py
[2023-05-14T05:59:50.484+0000] {processor.py:753} INFO - DAG(s) dict_keys(['latest_only']) retrieved from /home/airflow/.local/lib/python3.7/site-packages/airflow/example_dags/example_latest_only.py
[2023-05-14T05:59:50.513+0000] {logging_mixin.py:137} INFO - [2023-05-14T05:59:50.513+0000] {dag.py:2705} INFO - Sync 1 DAGs
[2023-05-14T05:59:50.533+0000] {logging_mixin.py:137} INFO - [2023-05-14T05:59:50.533+0000] {dag.py:3456} INFO - Setting next_dagrun for latest_only to 2023-05-14T01:59:50.533711+00:00, run_after=2023-05-14T05:59:50.533711+00:00
[2023-05-14T05:59:50.547+0000] {processor.py:175} INFO - Processing /home/airflow/.local/lib/python3.7/site-packages/airflow/example_dags/example_latest_only.py took 0.081 seconds
[2023-05-14T06:00:20.634+0000] {processor.py:153} INFO - Started process (PID=15945) to work on /home/airflow/.local/lib/python3.7/site-packages/airflow/example_dags/example_latest_only.py
[2023-05-14T06:00:20.637+0000] {processor.py:743} INFO - Processing file /home/airflow/.local/lib/python3.7/site-packages/airflow/example_dags/example_latest_only.py for tasks to queue
[2023-05-14T06:00:20.638+0000] {logging_mixin.py:137} INFO - [2023-05-14T06:00:20.638+0000] {dagbag.py:532} INFO - Filling up the DagBag from /home/airflow/.local/lib/python3.7/site-packages/airflow/example_dags/example_latest_only.py
[2023-05-14T06:00:20.650+0000] {processor.py:753} INFO - DAG(s) dict_keys(['latest_only']) retrieved from /home/airflow/.local/lib/python3.7/site-packages/airflow/example_dags/example_latest_only.py
[2023-05-14T06:00:20.673+0000] {logging_mixin.py:137} INFO - [2023-05-14T06:00:20.673+0000] {dag.py:2705} INFO - Sync 1 DAGs
[2023-05-14T06:00:20.692+0000] {logging_mixin.py:137} INFO - [2023-05-14T06:00:20.692+0000] {dag.py:3456} INFO - Setting next_dagrun for latest_only to 2023-05-14T02:00:20.692333+00:00, run_after=2023-05-14T06:00:20.692333+00:00
[2023-05-14T06:00:20.705+0000] {processor.py:175} INFO - Processing /home/airflow/.local/lib/python3.7/site-packages/airflow/example_dags/example_latest_only.py took 0.074 seconds
[2023-05-14T06:00:51.336+0000] {processor.py:153} INFO - Started process (PID=16169) to work on /home/airflow/.local/lib/python3.7/site-packages/airflow/example_dags/example_latest_only.py
[2023-05-14T06:00:51.337+0000] {processor.py:743} INFO - Processing file /home/airflow/.local/lib/python3.7/site-packages/airflow/example_dags/example_latest_only.py for tasks to queue
[2023-05-14T06:00:51.339+0000] {logging_mixin.py:137} INFO - [2023-05-14T06:00:51.339+0000] {dagbag.py:532} INFO - Filling up the DagBag from /home/airflow/.local/lib/python3.7/site-packages/airflow/example_dags/example_latest_only.py
[2023-05-14T06:00:51.357+0000] {processor.py:753} INFO - DAG(s) dict_keys(['latest_only']) retrieved from /home/airflow/.local/lib/python3.7/site-packages/airflow/example_dags/example_latest_only.py
[2023-05-14T06:00:51.436+0000] {logging_mixin.py:137} INFO - [2023-05-14T06:00:51.436+0000] {dag.py:2705} INFO - Sync 1 DAGs
[2023-05-14T06:00:51.479+0000] {logging_mixin.py:137} INFO - [2023-05-14T06:00:51.479+0000] {dag.py:3456} INFO - Setting next_dagrun for latest_only to 2023-05-14T02:00:51.478686+00:00, run_after=2023-05-14T06:00:51.478686+00:00
[2023-05-14T06:00:51.501+0000] {processor.py:175} INFO - Processing /home/airflow/.local/lib/python3.7/site-packages/airflow/example_dags/example_latest_only.py took 0.167 seconds
[2023-05-14T06:01:22.310+0000] {processor.py:153} INFO - Started process (PID=16399) to work on /home/airflow/.local/lib/python3.7/site-packages/airflow/example_dags/example_latest_only.py
[2023-05-14T06:01:22.315+0000] {processor.py:743} INFO - Processing file /home/airflow/.local/lib/python3.7/site-packages/airflow/example_dags/example_latest_only.py for tasks to queue
[2023-05-14T06:01:22.316+0000] {logging_mixin.py:137} INFO - [2023-05-14T06:01:22.316+0000] {dagbag.py:532} INFO - Filling up the DagBag from /home/airflow/.local/lib/python3.7/site-packages/airflow/example_dags/example_latest_only.py
[2023-05-14T06:01:22.330+0000] {processor.py:753} INFO - DAG(s) dict_keys(['latest_only']) retrieved from /home/airflow/.local/lib/python3.7/site-packages/airflow/example_dags/example_latest_only.py
[2023-05-14T06:01:22.378+0000] {logging_mixin.py:137} INFO - [2023-05-14T06:01:22.378+0000] {dag.py:2705} INFO - Sync 1 DAGs
[2023-05-14T06:01:22.395+0000] {logging_mixin.py:137} INFO - [2023-05-14T06:01:22.395+0000] {dag.py:3456} INFO - Setting next_dagrun for latest_only to 2023-05-14T02:01:22.394959+00:00, run_after=2023-05-14T06:01:22.394959+00:00
[2023-05-14T06:01:22.408+0000] {processor.py:175} INFO - Processing /home/airflow/.local/lib/python3.7/site-packages/airflow/example_dags/example_latest_only.py took 0.104 seconds
[2023-05-14T06:01:52.736+0000] {processor.py:153} INFO - Started process (PID=16623) to work on /home/airflow/.local/lib/python3.7/site-packages/airflow/example_dags/example_latest_only.py
[2023-05-14T06:01:52.738+0000] {processor.py:743} INFO - Processing file /home/airflow/.local/lib/python3.7/site-packages/airflow/example_dags/example_latest_only.py for tasks to queue
[2023-05-14T06:01:52.739+0000] {logging_mixin.py:137} INFO - [2023-05-14T06:01:52.739+0000] {dagbag.py:532} INFO - Filling up the DagBag from /home/airflow/.local/lib/python3.7/site-packages/airflow/example_dags/example_latest_only.py
[2023-05-14T06:01:52.765+0000] {processor.py:753} INFO - DAG(s) dict_keys(['latest_only']) retrieved from /home/airflow/.local/lib/python3.7/site-packages/airflow/example_dags/example_latest_only.py
[2023-05-14T06:01:52.791+0000] {logging_mixin.py:137} INFO - [2023-05-14T06:01:52.791+0000] {dag.py:2705} INFO - Sync 1 DAGs
[2023-05-14T06:01:52.810+0000] {logging_mixin.py:137} INFO - [2023-05-14T06:01:52.810+0000] {dag.py:3456} INFO - Setting next_dagrun for latest_only to 2023-05-14T02:01:52.809955+00:00, run_after=2023-05-14T06:01:52.809955+00:00
[2023-05-14T06:01:52.824+0000] {processor.py:175} INFO - Processing /home/airflow/.local/lib/python3.7/site-packages/airflow/example_dags/example_latest_only.py took 0.091 seconds
[2023-05-14T06:02:23.094+0000] {processor.py:153} INFO - Started process (PID=16854) to work on /home/airflow/.local/lib/python3.7/site-packages/airflow/example_dags/example_latest_only.py
[2023-05-14T06:02:23.097+0000] {processor.py:743} INFO - Processing file /home/airflow/.local/lib/python3.7/site-packages/airflow/example_dags/example_latest_only.py for tasks to queue
[2023-05-14T06:02:23.098+0000] {logging_mixin.py:137} INFO - [2023-05-14T06:02:23.098+0000] {dagbag.py:532} INFO - Filling up the DagBag from /home/airflow/.local/lib/python3.7/site-packages/airflow/example_dags/example_latest_only.py
[2023-05-14T06:02:23.113+0000] {processor.py:753} INFO - DAG(s) dict_keys(['latest_only']) retrieved from /home/airflow/.local/lib/python3.7/site-packages/airflow/example_dags/example_latest_only.py
[2023-05-14T06:02:23.135+0000] {logging_mixin.py:137} INFO - [2023-05-14T06:02:23.135+0000] {dag.py:2705} INFO - Sync 1 DAGs
[2023-05-14T06:02:23.153+0000] {logging_mixin.py:137} INFO - [2023-05-14T06:02:23.153+0000] {dag.py:3456} INFO - Setting next_dagrun for latest_only to 2023-05-14T02:02:23.153346+00:00, run_after=2023-05-14T06:02:23.153346+00:00
[2023-05-14T06:02:23.166+0000] {processor.py:175} INFO - Processing /home/airflow/.local/lib/python3.7/site-packages/airflow/example_dags/example_latest_only.py took 0.075 seconds
[2023-05-14T06:02:53.642+0000] {processor.py:153} INFO - Started process (PID=17078) to work on /home/airflow/.local/lib/python3.7/site-packages/airflow/example_dags/example_latest_only.py
[2023-05-14T06:02:53.657+0000] {processor.py:743} INFO - Processing file /home/airflow/.local/lib/python3.7/site-packages/airflow/example_dags/example_latest_only.py for tasks to queue
[2023-05-14T06:02:53.659+0000] {logging_mixin.py:137} INFO - [2023-05-14T06:02:53.659+0000] {dagbag.py:532} INFO - Filling up the DagBag from /home/airflow/.local/lib/python3.7/site-packages/airflow/example_dags/example_latest_only.py
[2023-05-14T06:02:53.674+0000] {processor.py:753} INFO - DAG(s) dict_keys(['latest_only']) retrieved from /home/airflow/.local/lib/python3.7/site-packages/airflow/example_dags/example_latest_only.py
[2023-05-14T06:02:53.698+0000] {logging_mixin.py:137} INFO - [2023-05-14T06:02:53.698+0000] {dag.py:2705} INFO - Sync 1 DAGs
[2023-05-14T06:02:53.715+0000] {logging_mixin.py:137} INFO - [2023-05-14T06:02:53.715+0000] {dag.py:3456} INFO - Setting next_dagrun for latest_only to 2023-05-14T02:02:53.715287+00:00, run_after=2023-05-14T06:02:53.715287+00:00
[2023-05-14T06:02:53.728+0000] {processor.py:175} INFO - Processing /home/airflow/.local/lib/python3.7/site-packages/airflow/example_dags/example_latest_only.py took 0.089 seconds
[2023-05-14T06:03:24.110+0000] {processor.py:153} INFO - Started process (PID=17303) to work on /home/airflow/.local/lib/python3.7/site-packages/airflow/example_dags/example_latest_only.py
[2023-05-14T06:03:24.119+0000] {processor.py:743} INFO - Processing file /home/airflow/.local/lib/python3.7/site-packages/airflow/example_dags/example_latest_only.py for tasks to queue
[2023-05-14T06:03:24.120+0000] {logging_mixin.py:137} INFO - [2023-05-14T06:03:24.120+0000] {dagbag.py:532} INFO - Filling up the DagBag from /home/airflow/.local/lib/python3.7/site-packages/airflow/example_dags/example_latest_only.py
[2023-05-14T06:03:24.133+0000] {processor.py:753} INFO - DAG(s) dict_keys(['latest_only']) retrieved from /home/airflow/.local/lib/python3.7/site-packages/airflow/example_dags/example_latest_only.py
[2023-05-14T06:03:24.154+0000] {logging_mixin.py:137} INFO - [2023-05-14T06:03:24.154+0000] {dag.py:2705} INFO - Sync 1 DAGs
[2023-05-14T06:03:24.172+0000] {logging_mixin.py:137} INFO - [2023-05-14T06:03:24.172+0000] {dag.py:3456} INFO - Setting next_dagrun for latest_only to 2023-05-14T02:03:24.172493+00:00, run_after=2023-05-14T06:03:24.172493+00:00
[2023-05-14T06:03:24.188+0000] {processor.py:175} INFO - Processing /home/airflow/.local/lib/python3.7/site-packages/airflow/example_dags/example_latest_only.py took 0.080 seconds
[2023-05-14T06:03:54.779+0000] {processor.py:153} INFO - Started process (PID=17528) to work on /home/airflow/.local/lib/python3.7/site-packages/airflow/example_dags/example_latest_only.py
[2023-05-14T06:03:54.781+0000] {processor.py:743} INFO - Processing file /home/airflow/.local/lib/python3.7/site-packages/airflow/example_dags/example_latest_only.py for tasks to queue
[2023-05-14T06:03:54.782+0000] {logging_mixin.py:137} INFO - [2023-05-14T06:03:54.782+0000] {dagbag.py:532} INFO - Filling up the DagBag from /home/airflow/.local/lib/python3.7/site-packages/airflow/example_dags/example_latest_only.py
[2023-05-14T06:03:54.796+0000] {processor.py:753} INFO - DAG(s) dict_keys(['latest_only']) retrieved from /home/airflow/.local/lib/python3.7/site-packages/airflow/example_dags/example_latest_only.py
[2023-05-14T06:03:54.823+0000] {logging_mixin.py:137} INFO - [2023-05-14T06:03:54.823+0000] {dag.py:2705} INFO - Sync 1 DAGs
[2023-05-14T06:03:54.839+0000] {logging_mixin.py:137} INFO - [2023-05-14T06:03:54.839+0000] {dag.py:3456} INFO - Setting next_dagrun for latest_only to 2023-05-14T02:03:54.839577+00:00, run_after=2023-05-14T06:03:54.839577+00:00
[2023-05-14T06:03:54.851+0000] {processor.py:175} INFO - Processing /home/airflow/.local/lib/python3.7/site-packages/airflow/example_dags/example_latest_only.py took 0.075 seconds
[2023-05-14T06:04:25.260+0000] {processor.py:153} INFO - Started process (PID=17751) to work on /home/airflow/.local/lib/python3.7/site-packages/airflow/example_dags/example_latest_only.py
[2023-05-14T06:04:25.262+0000] {processor.py:743} INFO - Processing file /home/airflow/.local/lib/python3.7/site-packages/airflow/example_dags/example_latest_only.py for tasks to queue
[2023-05-14T06:04:25.263+0000] {logging_mixin.py:137} INFO - [2023-05-14T06:04:25.263+0000] {dagbag.py:532} INFO - Filling up the DagBag from /home/airflow/.local/lib/python3.7/site-packages/airflow/example_dags/example_latest_only.py
[2023-05-14T06:04:25.280+0000] {processor.py:753} INFO - DAG(s) dict_keys(['latest_only']) retrieved from /home/airflow/.local/lib/python3.7/site-packages/airflow/example_dags/example_latest_only.py
[2023-05-14T06:04:25.312+0000] {logging_mixin.py:137} INFO - [2023-05-14T06:04:25.312+0000] {dag.py:2705} INFO - Sync 1 DAGs
[2023-05-14T06:04:25.337+0000] {logging_mixin.py:137} INFO - [2023-05-14T06:04:25.337+0000] {dag.py:3456} INFO - Setting next_dagrun for latest_only to 2023-05-14T02:04:25.337319+00:00, run_after=2023-05-14T06:04:25.337319+00:00
[2023-05-14T06:04:25.354+0000] {processor.py:175} INFO - Processing /home/airflow/.local/lib/python3.7/site-packages/airflow/example_dags/example_latest_only.py took 0.097 seconds
[2023-05-14T06:04:55.600+0000] {processor.py:153} INFO - Started process (PID=17975) to work on /home/airflow/.local/lib/python3.7/site-packages/airflow/example_dags/example_latest_only.py
[2023-05-14T06:04:55.601+0000] {processor.py:743} INFO - Processing file /home/airflow/.local/lib/python3.7/site-packages/airflow/example_dags/example_latest_only.py for tasks to queue
[2023-05-14T06:04:55.603+0000] {logging_mixin.py:137} INFO - [2023-05-14T06:04:55.603+0000] {dagbag.py:532} INFO - Filling up the DagBag from /home/airflow/.local/lib/python3.7/site-packages/airflow/example_dags/example_latest_only.py
[2023-05-14T06:04:55.624+0000] {processor.py:753} INFO - DAG(s) dict_keys(['latest_only']) retrieved from /home/airflow/.local/lib/python3.7/site-packages/airflow/example_dags/example_latest_only.py
[2023-05-14T06:04:55.647+0000] {logging_mixin.py:137} INFO - [2023-05-14T06:04:55.647+0000] {dag.py:2705} INFO - Sync 1 DAGs
[2023-05-14T06:04:55.667+0000] {logging_mixin.py:137} INFO - [2023-05-14T06:04:55.667+0000] {dag.py:3456} INFO - Setting next_dagrun for latest_only to 2023-05-14T02:04:55.667118+00:00, run_after=2023-05-14T06:04:55.667118+00:00
[2023-05-14T06:04:55.681+0000] {processor.py:175} INFO - Processing /home/airflow/.local/lib/python3.7/site-packages/airflow/example_dags/example_latest_only.py took 0.085 seconds
[2023-05-14T06:05:26.006+0000] {processor.py:153} INFO - Started process (PID=18201) to work on /home/airflow/.local/lib/python3.7/site-packages/airflow/example_dags/example_latest_only.py
[2023-05-14T06:05:26.008+0000] {processor.py:743} INFO - Processing file /home/airflow/.local/lib/python3.7/site-packages/airflow/example_dags/example_latest_only.py for tasks to queue
[2023-05-14T06:05:26.010+0000] {logging_mixin.py:137} INFO - [2023-05-14T06:05:26.010+0000] {dagbag.py:532} INFO - Filling up the DagBag from /home/airflow/.local/lib/python3.7/site-packages/airflow/example_dags/example_latest_only.py
[2023-05-14T06:05:26.044+0000] {processor.py:753} INFO - DAG(s) dict_keys(['latest_only']) retrieved from /home/airflow/.local/lib/python3.7/site-packages/airflow/example_dags/example_latest_only.py
[2023-05-14T06:05:26.067+0000] {logging_mixin.py:137} INFO - [2023-05-14T06:05:26.067+0000] {dag.py:2705} INFO - Sync 1 DAGs
[2023-05-14T06:05:26.091+0000] {logging_mixin.py:137} INFO - [2023-05-14T06:05:26.091+0000] {dag.py:3456} INFO - Setting next_dagrun for latest_only to 2023-05-14T02:05:26.090870+00:00, run_after=2023-05-14T06:05:26.090870+00:00
[2023-05-14T06:05:26.104+0000] {processor.py:175} INFO - Processing /home/airflow/.local/lib/python3.7/site-packages/airflow/example_dags/example_latest_only.py took 0.101 seconds
[2023-05-14T06:05:56.448+0000] {processor.py:153} INFO - Started process (PID=18423) to work on /home/airflow/.local/lib/python3.7/site-packages/airflow/example_dags/example_latest_only.py
[2023-05-14T06:05:56.451+0000] {processor.py:743} INFO - Processing file /home/airflow/.local/lib/python3.7/site-packages/airflow/example_dags/example_latest_only.py for tasks to queue
[2023-05-14T06:05:56.452+0000] {logging_mixin.py:137} INFO - [2023-05-14T06:05:56.452+0000] {dagbag.py:532} INFO - Filling up the DagBag from /home/airflow/.local/lib/python3.7/site-packages/airflow/example_dags/example_latest_only.py
[2023-05-14T06:05:56.467+0000] {processor.py:753} INFO - DAG(s) dict_keys(['latest_only']) retrieved from /home/airflow/.local/lib/python3.7/site-packages/airflow/example_dags/example_latest_only.py
[2023-05-14T06:05:56.493+0000] {logging_mixin.py:137} INFO - [2023-05-14T06:05:56.493+0000] {dag.py:2705} INFO - Sync 1 DAGs
[2023-05-14T06:05:56.516+0000] {logging_mixin.py:137} INFO - [2023-05-14T06:05:56.516+0000] {dag.py:3456} INFO - Setting next_dagrun for latest_only to 2023-05-14T02:05:56.516097+00:00, run_after=2023-05-14T06:05:56.516097+00:00
[2023-05-14T06:05:56.535+0000] {processor.py:175} INFO - Processing /home/airflow/.local/lib/python3.7/site-packages/airflow/example_dags/example_latest_only.py took 0.090 seconds
[2023-05-14T06:06:27.122+0000] {processor.py:153} INFO - Started process (PID=18648) to work on /home/airflow/.local/lib/python3.7/site-packages/airflow/example_dags/example_latest_only.py
[2023-05-14T06:06:27.124+0000] {processor.py:743} INFO - Processing file /home/airflow/.local/lib/python3.7/site-packages/airflow/example_dags/example_latest_only.py for tasks to queue
[2023-05-14T06:06:27.126+0000] {logging_mixin.py:137} INFO - [2023-05-14T06:06:27.126+0000] {dagbag.py:532} INFO - Filling up the DagBag from /home/airflow/.local/lib/python3.7/site-packages/airflow/example_dags/example_latest_only.py
[2023-05-14T06:06:27.142+0000] {processor.py:753} INFO - DAG(s) dict_keys(['latest_only']) retrieved from /home/airflow/.local/lib/python3.7/site-packages/airflow/example_dags/example_latest_only.py
[2023-05-14T06:06:27.169+0000] {logging_mixin.py:137} INFO - [2023-05-14T06:06:27.169+0000] {dag.py:2705} INFO - Sync 1 DAGs
[2023-05-14T06:06:27.187+0000] {logging_mixin.py:137} INFO - [2023-05-14T06:06:27.187+0000] {dag.py:3456} INFO - Setting next_dagrun for latest_only to 2023-05-14T02:06:27.186961+00:00, run_after=2023-05-14T06:06:27.186961+00:00
[2023-05-14T06:06:27.200+0000] {processor.py:175} INFO - Processing /home/airflow/.local/lib/python3.7/site-packages/airflow/example_dags/example_latest_only.py took 0.080 seconds
[2023-05-14T06:06:57.610+0000] {processor.py:153} INFO - Started process (PID=18872) to work on /home/airflow/.local/lib/python3.7/site-packages/airflow/example_dags/example_latest_only.py
[2023-05-14T06:06:57.612+0000] {processor.py:743} INFO - Processing file /home/airflow/.local/lib/python3.7/site-packages/airflow/example_dags/example_latest_only.py for tasks to queue
[2023-05-14T06:06:57.613+0000] {logging_mixin.py:137} INFO - [2023-05-14T06:06:57.613+0000] {dagbag.py:532} INFO - Filling up the DagBag from /home/airflow/.local/lib/python3.7/site-packages/airflow/example_dags/example_latest_only.py
[2023-05-14T06:06:57.627+0000] {processor.py:753} INFO - DAG(s) dict_keys(['latest_only']) retrieved from /home/airflow/.local/lib/python3.7/site-packages/airflow/example_dags/example_latest_only.py
[2023-05-14T06:06:57.675+0000] {logging_mixin.py:137} INFO - [2023-05-14T06:06:57.675+0000] {dag.py:2705} INFO - Sync 1 DAGs
[2023-05-14T06:06:57.703+0000] {logging_mixin.py:137} INFO - [2023-05-14T06:06:57.702+0000] {dag.py:3456} INFO - Setting next_dagrun for latest_only to 2023-05-14T02:06:57.702779+00:00, run_after=2023-05-14T06:06:57.702779+00:00
[2023-05-14T06:06:57.723+0000] {processor.py:175} INFO - Processing /home/airflow/.local/lib/python3.7/site-packages/airflow/example_dags/example_latest_only.py took 0.115 seconds
[2023-05-14T06:07:28.362+0000] {processor.py:153} INFO - Started process (PID=19104) to work on /home/airflow/.local/lib/python3.7/site-packages/airflow/example_dags/example_latest_only.py
[2023-05-14T06:07:28.364+0000] {processor.py:743} INFO - Processing file /home/airflow/.local/lib/python3.7/site-packages/airflow/example_dags/example_latest_only.py for tasks to queue
[2023-05-14T06:07:28.365+0000] {logging_mixin.py:137} INFO - [2023-05-14T06:07:28.365+0000] {dagbag.py:532} INFO - Filling up the DagBag from /home/airflow/.local/lib/python3.7/site-packages/airflow/example_dags/example_latest_only.py
[2023-05-14T06:07:28.378+0000] {processor.py:753} INFO - DAG(s) dict_keys(['latest_only']) retrieved from /home/airflow/.local/lib/python3.7/site-packages/airflow/example_dags/example_latest_only.py
[2023-05-14T06:07:28.401+0000] {logging_mixin.py:137} INFO - [2023-05-14T06:07:28.401+0000] {dag.py:2705} INFO - Sync 1 DAGs
[2023-05-14T06:07:28.417+0000] {logging_mixin.py:137} INFO - [2023-05-14T06:07:28.417+0000] {dag.py:3456} INFO - Setting next_dagrun for latest_only to 2023-05-14T02:07:28.417662+00:00, run_after=2023-05-14T06:07:28.417662+00:00
[2023-05-14T06:07:28.429+0000] {processor.py:175} INFO - Processing /home/airflow/.local/lib/python3.7/site-packages/airflow/example_dags/example_latest_only.py took 0.070 seconds
