[2023-05-14T00:21:07.567+0000] {processor.py:153} INFO - Started process (PID=2943) to work on /home/airflow/.local/lib/python3.7/site-packages/airflow/example_dags/example_nested_branch_dag.py
[2023-05-14T00:21:07.569+0000] {processor.py:743} INFO - Processing file /home/airflow/.local/lib/python3.7/site-packages/airflow/example_dags/example_nested_branch_dag.py for tasks to queue
[2023-05-14T00:21:07.570+0000] {logging_mixin.py:137} INFO - [2023-05-14T00:21:07.570+0000] {dagbag.py:532} INFO - Filling up the DagBag from /home/airflow/.local/lib/python3.7/site-packages/airflow/example_dags/example_nested_branch_dag.py
[2023-05-14T00:21:07.588+0000] {processor.py:753} INFO - DAG(s) dict_keys(['example_nested_branch_dag']) retrieved from /home/airflow/.local/lib/python3.7/site-packages/airflow/example_dags/example_nested_branch_dag.py
[2023-05-14T00:21:07.613+0000] {logging_mixin.py:137} INFO - [2023-05-14T00:21:07.613+0000] {dag.py:2705} INFO - Sync 1 DAGs
[2023-05-14T00:21:07.630+0000] {logging_mixin.py:137} INFO - [2023-05-14T00:21:07.630+0000] {dag.py:3456} INFO - Setting next_dagrun for example_nested_branch_dag to 2023-05-13T00:00:00+00:00, run_after=2023-05-14T00:00:00+00:00
[2023-05-14T00:21:07.643+0000] {processor.py:175} INFO - Processing /home/airflow/.local/lib/python3.7/site-packages/airflow/example_dags/example_nested_branch_dag.py took 0.079 seconds
[2023-05-14T01:15:59.050+0000] {processor.py:153} INFO - Started process (PID=3169) to work on /home/airflow/.local/lib/python3.7/site-packages/airflow/example_dags/example_nested_branch_dag.py
[2023-05-14T01:15:59.052+0000] {processor.py:743} INFO - Processing file /home/airflow/.local/lib/python3.7/site-packages/airflow/example_dags/example_nested_branch_dag.py for tasks to queue
[2023-05-14T01:15:59.054+0000] {logging_mixin.py:137} INFO - [2023-05-14T01:15:59.053+0000] {dagbag.py:532} INFO - Filling up the DagBag from /home/airflow/.local/lib/python3.7/site-packages/airflow/example_dags/example_nested_branch_dag.py
[2023-05-14T01:15:59.072+0000] {processor.py:753} INFO - DAG(s) dict_keys(['example_nested_branch_dag']) retrieved from /home/airflow/.local/lib/python3.7/site-packages/airflow/example_dags/example_nested_branch_dag.py
[2023-05-14T01:15:59.094+0000] {logging_mixin.py:137} INFO - [2023-05-14T01:15:59.094+0000] {dag.py:2705} INFO - Sync 1 DAGs
[2023-05-14T01:15:59.112+0000] {logging_mixin.py:137} INFO - [2023-05-14T01:15:59.112+0000] {dag.py:3456} INFO - Setting next_dagrun for example_nested_branch_dag to 2023-05-13T00:00:00+00:00, run_after=2023-05-14T00:00:00+00:00
[2023-05-14T01:15:59.125+0000] {processor.py:175} INFO - Processing /home/airflow/.local/lib/python3.7/site-packages/airflow/example_dags/example_nested_branch_dag.py took 0.077 seconds
[2023-05-14T02:15:38.946+0000] {processor.py:153} INFO - Started process (PID=3390) to work on /home/airflow/.local/lib/python3.7/site-packages/airflow/example_dags/example_nested_branch_dag.py
[2023-05-14T02:15:38.949+0000] {processor.py:743} INFO - Processing file /home/airflow/.local/lib/python3.7/site-packages/airflow/example_dags/example_nested_branch_dag.py for tasks to queue
[2023-05-14T02:15:38.952+0000] {logging_mixin.py:137} INFO - [2023-05-14T02:15:38.952+0000] {dagbag.py:532} INFO - Filling up the DagBag from /home/airflow/.local/lib/python3.7/site-packages/airflow/example_dags/example_nested_branch_dag.py
[2023-05-14T02:15:38.976+0000] {processor.py:753} INFO - DAG(s) dict_keys(['example_nested_branch_dag']) retrieved from /home/airflow/.local/lib/python3.7/site-packages/airflow/example_dags/example_nested_branch_dag.py
[2023-05-14T02:15:39.005+0000] {logging_mixin.py:137} INFO - [2023-05-14T02:15:39.005+0000] {dag.py:2705} INFO - Sync 1 DAGs
[2023-05-14T02:15:39.029+0000] {logging_mixin.py:137} INFO - [2023-05-14T02:15:39.029+0000] {dag.py:3456} INFO - Setting next_dagrun for example_nested_branch_dag to 2023-05-13T00:00:00+00:00, run_after=2023-05-14T00:00:00+00:00
[2023-05-14T02:15:39.043+0000] {processor.py:175} INFO - Processing /home/airflow/.local/lib/python3.7/site-packages/airflow/example_dags/example_nested_branch_dag.py took 0.101 seconds
[2023-05-14T02:41:29.741+0000] {processor.py:153} INFO - Started process (PID=3613) to work on /home/airflow/.local/lib/python3.7/site-packages/airflow/example_dags/example_nested_branch_dag.py
[2023-05-14T02:41:29.743+0000] {processor.py:743} INFO - Processing file /home/airflow/.local/lib/python3.7/site-packages/airflow/example_dags/example_nested_branch_dag.py for tasks to queue
[2023-05-14T02:41:29.745+0000] {logging_mixin.py:137} INFO - [2023-05-14T02:41:29.745+0000] {dagbag.py:532} INFO - Filling up the DagBag from /home/airflow/.local/lib/python3.7/site-packages/airflow/example_dags/example_nested_branch_dag.py
[2023-05-14T02:41:29.765+0000] {processor.py:753} INFO - DAG(s) dict_keys(['example_nested_branch_dag']) retrieved from /home/airflow/.local/lib/python3.7/site-packages/airflow/example_dags/example_nested_branch_dag.py
[2023-05-14T02:41:29.789+0000] {logging_mixin.py:137} INFO - [2023-05-14T02:41:29.789+0000] {dag.py:2705} INFO - Sync 1 DAGs
[2023-05-14T02:41:29.807+0000] {logging_mixin.py:137} INFO - [2023-05-14T02:41:29.807+0000] {dag.py:3456} INFO - Setting next_dagrun for example_nested_branch_dag to 2023-05-13T00:00:00+00:00, run_after=2023-05-14T00:00:00+00:00
[2023-05-14T02:41:29.820+0000] {processor.py:175} INFO - Processing /home/airflow/.local/lib/python3.7/site-packages/airflow/example_dags/example_nested_branch_dag.py took 0.082 seconds
[2023-05-14T02:54:57.177+0000] {processor.py:153} INFO - Started process (PID=3836) to work on /home/airflow/.local/lib/python3.7/site-packages/airflow/example_dags/example_nested_branch_dag.py
[2023-05-14T02:54:57.182+0000] {processor.py:743} INFO - Processing file /home/airflow/.local/lib/python3.7/site-packages/airflow/example_dags/example_nested_branch_dag.py for tasks to queue
[2023-05-14T02:54:57.185+0000] {logging_mixin.py:137} INFO - [2023-05-14T02:54:57.184+0000] {dagbag.py:532} INFO - Filling up the DagBag from /home/airflow/.local/lib/python3.7/site-packages/airflow/example_dags/example_nested_branch_dag.py
[2023-05-14T02:54:57.236+0000] {processor.py:753} INFO - DAG(s) dict_keys(['example_nested_branch_dag']) retrieved from /home/airflow/.local/lib/python3.7/site-packages/airflow/example_dags/example_nested_branch_dag.py
[2023-05-14T02:54:57.273+0000] {logging_mixin.py:137} INFO - [2023-05-14T02:54:57.273+0000] {dag.py:2705} INFO - Sync 1 DAGs
[2023-05-14T02:54:57.306+0000] {logging_mixin.py:137} INFO - [2023-05-14T02:54:57.306+0000] {dag.py:3456} INFO - Setting next_dagrun for example_nested_branch_dag to 2023-05-13T00:00:00+00:00, run_after=2023-05-14T00:00:00+00:00
[2023-05-14T02:54:57.324+0000] {processor.py:175} INFO - Processing /home/airflow/.local/lib/python3.7/site-packages/airflow/example_dags/example_nested_branch_dag.py took 0.154 seconds
[2023-05-14T02:59:02.020+0000] {processor.py:153} INFO - Started process (PID=4061) to work on /home/airflow/.local/lib/python3.7/site-packages/airflow/example_dags/example_nested_branch_dag.py
[2023-05-14T02:59:02.022+0000] {processor.py:743} INFO - Processing file /home/airflow/.local/lib/python3.7/site-packages/airflow/example_dags/example_nested_branch_dag.py for tasks to queue
[2023-05-14T02:59:02.023+0000] {logging_mixin.py:137} INFO - [2023-05-14T02:59:02.023+0000] {dagbag.py:532} INFO - Filling up the DagBag from /home/airflow/.local/lib/python3.7/site-packages/airflow/example_dags/example_nested_branch_dag.py
[2023-05-14T02:59:02.043+0000] {processor.py:753} INFO - DAG(s) dict_keys(['example_nested_branch_dag']) retrieved from /home/airflow/.local/lib/python3.7/site-packages/airflow/example_dags/example_nested_branch_dag.py
[2023-05-14T02:59:02.068+0000] {logging_mixin.py:137} INFO - [2023-05-14T02:59:02.068+0000] {dag.py:2705} INFO - Sync 1 DAGs
[2023-05-14T02:59:02.086+0000] {logging_mixin.py:137} INFO - [2023-05-14T02:59:02.086+0000] {dag.py:3456} INFO - Setting next_dagrun for example_nested_branch_dag to 2023-05-13T00:00:00+00:00, run_after=2023-05-14T00:00:00+00:00
[2023-05-14T02:59:02.098+0000] {processor.py:175} INFO - Processing /home/airflow/.local/lib/python3.7/site-packages/airflow/example_dags/example_nested_branch_dag.py took 0.081 seconds
[2023-05-14T02:59:33.049+0000] {processor.py:153} INFO - Started process (PID=4283) to work on /home/airflow/.local/lib/python3.7/site-packages/airflow/example_dags/example_nested_branch_dag.py
[2023-05-14T02:59:33.051+0000] {processor.py:743} INFO - Processing file /home/airflow/.local/lib/python3.7/site-packages/airflow/example_dags/example_nested_branch_dag.py for tasks to queue
[2023-05-14T02:59:33.052+0000] {logging_mixin.py:137} INFO - [2023-05-14T02:59:33.052+0000] {dagbag.py:532} INFO - Filling up the DagBag from /home/airflow/.local/lib/python3.7/site-packages/airflow/example_dags/example_nested_branch_dag.py
[2023-05-14T02:59:33.075+0000] {processor.py:753} INFO - DAG(s) dict_keys(['example_nested_branch_dag']) retrieved from /home/airflow/.local/lib/python3.7/site-packages/airflow/example_dags/example_nested_branch_dag.py
[2023-05-14T02:59:33.097+0000] {logging_mixin.py:137} INFO - [2023-05-14T02:59:33.097+0000] {dag.py:2705} INFO - Sync 1 DAGs
[2023-05-14T02:59:33.114+0000] {logging_mixin.py:137} INFO - [2023-05-14T02:59:33.114+0000] {dag.py:3456} INFO - Setting next_dagrun for example_nested_branch_dag to 2023-05-13T00:00:00+00:00, run_after=2023-05-14T00:00:00+00:00
[2023-05-14T02:59:33.126+0000] {processor.py:175} INFO - Processing /home/airflow/.local/lib/python3.7/site-packages/airflow/example_dags/example_nested_branch_dag.py took 0.079 seconds
[2023-05-14T03:16:08.342+0000] {processor.py:153} INFO - Started process (PID=4508) to work on /home/airflow/.local/lib/python3.7/site-packages/airflow/example_dags/example_nested_branch_dag.py
[2023-05-14T03:16:08.344+0000] {processor.py:743} INFO - Processing file /home/airflow/.local/lib/python3.7/site-packages/airflow/example_dags/example_nested_branch_dag.py for tasks to queue
[2023-05-14T03:16:08.345+0000] {logging_mixin.py:137} INFO - [2023-05-14T03:16:08.345+0000] {dagbag.py:532} INFO - Filling up the DagBag from /home/airflow/.local/lib/python3.7/site-packages/airflow/example_dags/example_nested_branch_dag.py
[2023-05-14T03:16:08.361+0000] {processor.py:753} INFO - DAG(s) dict_keys(['example_nested_branch_dag']) retrieved from /home/airflow/.local/lib/python3.7/site-packages/airflow/example_dags/example_nested_branch_dag.py
[2023-05-14T03:16:08.392+0000] {logging_mixin.py:137} INFO - [2023-05-14T03:16:08.392+0000] {dag.py:2705} INFO - Sync 1 DAGs
[2023-05-14T03:16:08.409+0000] {logging_mixin.py:137} INFO - [2023-05-14T03:16:08.409+0000] {dag.py:3456} INFO - Setting next_dagrun for example_nested_branch_dag to 2023-05-13T00:00:00+00:00, run_after=2023-05-14T00:00:00+00:00
[2023-05-14T03:16:08.420+0000] {processor.py:175} INFO - Processing /home/airflow/.local/lib/python3.7/site-packages/airflow/example_dags/example_nested_branch_dag.py took 0.080 seconds
[2023-05-14T04:20:58.271+0000] {processor.py:153} INFO - Started process (PID=4729) to work on /home/airflow/.local/lib/python3.7/site-packages/airflow/example_dags/example_nested_branch_dag.py
[2023-05-14T04:20:58.273+0000] {processor.py:743} INFO - Processing file /home/airflow/.local/lib/python3.7/site-packages/airflow/example_dags/example_nested_branch_dag.py for tasks to queue
[2023-05-14T04:20:58.274+0000] {logging_mixin.py:137} INFO - [2023-05-14T04:20:58.274+0000] {dagbag.py:532} INFO - Filling up the DagBag from /home/airflow/.local/lib/python3.7/site-packages/airflow/example_dags/example_nested_branch_dag.py
[2023-05-14T04:20:58.297+0000] {processor.py:753} INFO - DAG(s) dict_keys(['example_nested_branch_dag']) retrieved from /home/airflow/.local/lib/python3.7/site-packages/airflow/example_dags/example_nested_branch_dag.py
[2023-05-14T04:20:58.328+0000] {logging_mixin.py:137} INFO - [2023-05-14T04:20:58.327+0000] {dag.py:2705} INFO - Sync 1 DAGs
[2023-05-14T04:20:58.350+0000] {logging_mixin.py:137} INFO - [2023-05-14T04:20:58.350+0000] {dag.py:3456} INFO - Setting next_dagrun for example_nested_branch_dag to 2023-05-13T00:00:00+00:00, run_after=2023-05-14T00:00:00+00:00
[2023-05-14T04:20:58.367+0000] {processor.py:175} INFO - Processing /home/airflow/.local/lib/python3.7/site-packages/airflow/example_dags/example_nested_branch_dag.py took 0.099 seconds
[2023-05-14T05:35:32.044+0000] {processor.py:153} INFO - Started process (PID=4952) to work on /home/airflow/.local/lib/python3.7/site-packages/airflow/example_dags/example_nested_branch_dag.py
[2023-05-14T05:35:32.051+0000] {processor.py:743} INFO - Processing file /home/airflow/.local/lib/python3.7/site-packages/airflow/example_dags/example_nested_branch_dag.py for tasks to queue
[2023-05-14T05:35:32.052+0000] {logging_mixin.py:137} INFO - [2023-05-14T05:35:32.052+0000] {dagbag.py:532} INFO - Filling up the DagBag from /home/airflow/.local/lib/python3.7/site-packages/airflow/example_dags/example_nested_branch_dag.py
[2023-05-14T05:35:32.072+0000] {processor.py:753} INFO - DAG(s) dict_keys(['example_nested_branch_dag']) retrieved from /home/airflow/.local/lib/python3.7/site-packages/airflow/example_dags/example_nested_branch_dag.py
[2023-05-14T05:35:32.095+0000] {logging_mixin.py:137} INFO - [2023-05-14T05:35:32.095+0000] {dag.py:2705} INFO - Sync 1 DAGs
[2023-05-14T05:35:32.114+0000] {logging_mixin.py:137} INFO - [2023-05-14T05:35:32.114+0000] {dag.py:3456} INFO - Setting next_dagrun for example_nested_branch_dag to 2023-05-13T00:00:00+00:00, run_after=2023-05-14T00:00:00+00:00
[2023-05-14T05:35:32.127+0000] {processor.py:175} INFO - Processing /home/airflow/.local/lib/python3.7/site-packages/airflow/example_dags/example_nested_branch_dag.py took 0.086 seconds
[2023-05-14T05:36:02.264+0000] {processor.py:153} INFO - Started process (PID=5175) to work on /home/airflow/.local/lib/python3.7/site-packages/airflow/example_dags/example_nested_branch_dag.py
[2023-05-14T05:36:02.265+0000] {processor.py:743} INFO - Processing file /home/airflow/.local/lib/python3.7/site-packages/airflow/example_dags/example_nested_branch_dag.py for tasks to queue
[2023-05-14T05:36:02.266+0000] {logging_mixin.py:137} INFO - [2023-05-14T05:36:02.266+0000] {dagbag.py:532} INFO - Filling up the DagBag from /home/airflow/.local/lib/python3.7/site-packages/airflow/example_dags/example_nested_branch_dag.py
[2023-05-14T05:36:02.286+0000] {processor.py:753} INFO - DAG(s) dict_keys(['example_nested_branch_dag']) retrieved from /home/airflow/.local/lib/python3.7/site-packages/airflow/example_dags/example_nested_branch_dag.py
[2023-05-14T05:36:02.326+0000] {logging_mixin.py:137} INFO - [2023-05-14T05:36:02.326+0000] {dag.py:2705} INFO - Sync 1 DAGs
[2023-05-14T05:36:02.344+0000] {logging_mixin.py:137} INFO - [2023-05-14T05:36:02.343+0000] {dag.py:3456} INFO - Setting next_dagrun for example_nested_branch_dag to 2023-05-13T00:00:00+00:00, run_after=2023-05-14T00:00:00+00:00
[2023-05-14T05:36:02.355+0000] {processor.py:175} INFO - Processing /home/airflow/.local/lib/python3.7/site-packages/airflow/example_dags/example_nested_branch_dag.py took 0.095 seconds
[2023-05-14T05:36:34.114+0000] {processor.py:153} INFO - Started process (PID=5399) to work on /home/airflow/.local/lib/python3.7/site-packages/airflow/example_dags/example_nested_branch_dag.py
[2023-05-14T05:36:34.117+0000] {processor.py:743} INFO - Processing file /home/airflow/.local/lib/python3.7/site-packages/airflow/example_dags/example_nested_branch_dag.py for tasks to queue
[2023-05-14T05:36:34.119+0000] {logging_mixin.py:137} INFO - [2023-05-14T05:36:34.119+0000] {dagbag.py:532} INFO - Filling up the DagBag from /home/airflow/.local/lib/python3.7/site-packages/airflow/example_dags/example_nested_branch_dag.py
[2023-05-14T05:36:34.138+0000] {processor.py:753} INFO - DAG(s) dict_keys(['example_nested_branch_dag']) retrieved from /home/airflow/.local/lib/python3.7/site-packages/airflow/example_dags/example_nested_branch_dag.py
[2023-05-14T05:36:34.164+0000] {logging_mixin.py:137} INFO - [2023-05-14T05:36:34.164+0000] {dag.py:2705} INFO - Sync 1 DAGs
[2023-05-14T05:36:34.188+0000] {logging_mixin.py:137} INFO - [2023-05-14T05:36:34.188+0000] {dag.py:3456} INFO - Setting next_dagrun for example_nested_branch_dag to 2023-05-13T00:00:00+00:00, run_after=2023-05-14T00:00:00+00:00
[2023-05-14T05:36:34.206+0000] {processor.py:175} INFO - Processing /home/airflow/.local/lib/python3.7/site-packages/airflow/example_dags/example_nested_branch_dag.py took 0.095 seconds
[2023-05-14T05:37:04.284+0000] {processor.py:153} INFO - Started process (PID=5622) to work on /home/airflow/.local/lib/python3.7/site-packages/airflow/example_dags/example_nested_branch_dag.py
[2023-05-14T05:37:04.285+0000] {processor.py:743} INFO - Processing file /home/airflow/.local/lib/python3.7/site-packages/airflow/example_dags/example_nested_branch_dag.py for tasks to queue
[2023-05-14T05:37:04.286+0000] {logging_mixin.py:137} INFO - [2023-05-14T05:37:04.286+0000] {dagbag.py:532} INFO - Filling up the DagBag from /home/airflow/.local/lib/python3.7/site-packages/airflow/example_dags/example_nested_branch_dag.py
[2023-05-14T05:37:04.304+0000] {processor.py:753} INFO - DAG(s) dict_keys(['example_nested_branch_dag']) retrieved from /home/airflow/.local/lib/python3.7/site-packages/airflow/example_dags/example_nested_branch_dag.py
[2023-05-14T05:37:04.327+0000] {logging_mixin.py:137} INFO - [2023-05-14T05:37:04.327+0000] {dag.py:2705} INFO - Sync 1 DAGs
[2023-05-14T05:37:04.345+0000] {logging_mixin.py:137} INFO - [2023-05-14T05:37:04.345+0000] {dag.py:3456} INFO - Setting next_dagrun for example_nested_branch_dag to 2023-05-13T00:00:00+00:00, run_after=2023-05-14T00:00:00+00:00
[2023-05-14T05:37:04.357+0000] {processor.py:175} INFO - Processing /home/airflow/.local/lib/python3.7/site-packages/airflow/example_dags/example_nested_branch_dag.py took 0.076 seconds
[2023-05-14T05:37:35.115+0000] {processor.py:153} INFO - Started process (PID=5850) to work on /home/airflow/.local/lib/python3.7/site-packages/airflow/example_dags/example_nested_branch_dag.py
[2023-05-14T05:37:35.119+0000] {processor.py:743} INFO - Processing file /home/airflow/.local/lib/python3.7/site-packages/airflow/example_dags/example_nested_branch_dag.py for tasks to queue
[2023-05-14T05:37:35.122+0000] {logging_mixin.py:137} INFO - [2023-05-14T05:37:35.122+0000] {dagbag.py:532} INFO - Filling up the DagBag from /home/airflow/.local/lib/python3.7/site-packages/airflow/example_dags/example_nested_branch_dag.py
[2023-05-14T05:37:35.237+0000] {processor.py:753} INFO - DAG(s) dict_keys(['example_nested_branch_dag']) retrieved from /home/airflow/.local/lib/python3.7/site-packages/airflow/example_dags/example_nested_branch_dag.py
[2023-05-14T05:37:35.340+0000] {logging_mixin.py:137} INFO - [2023-05-14T05:37:35.340+0000] {dag.py:2705} INFO - Sync 1 DAGs
[2023-05-14T05:37:35.362+0000] {logging_mixin.py:137} INFO - [2023-05-14T05:37:35.362+0000] {dag.py:3456} INFO - Setting next_dagrun for example_nested_branch_dag to 2023-05-13T00:00:00+00:00, run_after=2023-05-14T00:00:00+00:00
[2023-05-14T05:37:35.381+0000] {processor.py:175} INFO - Processing /home/airflow/.local/lib/python3.7/site-packages/airflow/example_dags/example_nested_branch_dag.py took 0.271 seconds
[2023-05-14T05:38:05.683+0000] {processor.py:153} INFO - Started process (PID=6076) to work on /home/airflow/.local/lib/python3.7/site-packages/airflow/example_dags/example_nested_branch_dag.py
[2023-05-14T05:38:05.685+0000] {processor.py:743} INFO - Processing file /home/airflow/.local/lib/python3.7/site-packages/airflow/example_dags/example_nested_branch_dag.py for tasks to queue
[2023-05-14T05:38:05.686+0000] {logging_mixin.py:137} INFO - [2023-05-14T05:38:05.686+0000] {dagbag.py:532} INFO - Filling up the DagBag from /home/airflow/.local/lib/python3.7/site-packages/airflow/example_dags/example_nested_branch_dag.py
[2023-05-14T05:38:05.706+0000] {processor.py:753} INFO - DAG(s) dict_keys(['example_nested_branch_dag']) retrieved from /home/airflow/.local/lib/python3.7/site-packages/airflow/example_dags/example_nested_branch_dag.py
[2023-05-14T05:38:05.729+0000] {logging_mixin.py:137} INFO - [2023-05-14T05:38:05.729+0000] {dag.py:2705} INFO - Sync 1 DAGs
[2023-05-14T05:38:05.746+0000] {logging_mixin.py:137} INFO - [2023-05-14T05:38:05.746+0000] {dag.py:3456} INFO - Setting next_dagrun for example_nested_branch_dag to 2023-05-13T00:00:00+00:00, run_after=2023-05-14T00:00:00+00:00
[2023-05-14T05:38:05.761+0000] {processor.py:175} INFO - Processing /home/airflow/.local/lib/python3.7/site-packages/airflow/example_dags/example_nested_branch_dag.py took 0.081 seconds
[2023-05-14T05:38:36.037+0000] {processor.py:153} INFO - Started process (PID=6303) to work on /home/airflow/.local/lib/python3.7/site-packages/airflow/example_dags/example_nested_branch_dag.py
[2023-05-14T05:38:36.039+0000] {processor.py:743} INFO - Processing file /home/airflow/.local/lib/python3.7/site-packages/airflow/example_dags/example_nested_branch_dag.py for tasks to queue
[2023-05-14T05:38:36.040+0000] {logging_mixin.py:137} INFO - [2023-05-14T05:38:36.040+0000] {dagbag.py:532} INFO - Filling up the DagBag from /home/airflow/.local/lib/python3.7/site-packages/airflow/example_dags/example_nested_branch_dag.py
[2023-05-14T05:38:36.059+0000] {processor.py:753} INFO - DAG(s) dict_keys(['example_nested_branch_dag']) retrieved from /home/airflow/.local/lib/python3.7/site-packages/airflow/example_dags/example_nested_branch_dag.py
[2023-05-14T05:38:36.081+0000] {logging_mixin.py:137} INFO - [2023-05-14T05:38:36.081+0000] {dag.py:2705} INFO - Sync 1 DAGs
[2023-05-14T05:38:36.101+0000] {logging_mixin.py:137} INFO - [2023-05-14T05:38:36.101+0000] {dag.py:3456} INFO - Setting next_dagrun for example_nested_branch_dag to 2023-05-13T00:00:00+00:00, run_after=2023-05-14T00:00:00+00:00
[2023-05-14T05:38:36.117+0000] {processor.py:175} INFO - Processing /home/airflow/.local/lib/python3.7/site-packages/airflow/example_dags/example_nested_branch_dag.py took 0.083 seconds
[2023-05-14T05:39:06.549+0000] {processor.py:153} INFO - Started process (PID=6533) to work on /home/airflow/.local/lib/python3.7/site-packages/airflow/example_dags/example_nested_branch_dag.py
[2023-05-14T05:39:06.552+0000] {processor.py:743} INFO - Processing file /home/airflow/.local/lib/python3.7/site-packages/airflow/example_dags/example_nested_branch_dag.py for tasks to queue
[2023-05-14T05:39:06.553+0000] {logging_mixin.py:137} INFO - [2023-05-14T05:39:06.553+0000] {dagbag.py:532} INFO - Filling up the DagBag from /home/airflow/.local/lib/python3.7/site-packages/airflow/example_dags/example_nested_branch_dag.py
[2023-05-14T05:39:06.577+0000] {processor.py:753} INFO - DAG(s) dict_keys(['example_nested_branch_dag']) retrieved from /home/airflow/.local/lib/python3.7/site-packages/airflow/example_dags/example_nested_branch_dag.py
[2023-05-14T05:39:06.613+0000] {logging_mixin.py:137} INFO - [2023-05-14T05:39:06.613+0000] {dag.py:2705} INFO - Sync 1 DAGs
[2023-05-14T05:39:06.631+0000] {logging_mixin.py:137} INFO - [2023-05-14T05:39:06.631+0000] {dag.py:3456} INFO - Setting next_dagrun for example_nested_branch_dag to 2023-05-13T00:00:00+00:00, run_after=2023-05-14T00:00:00+00:00
[2023-05-14T05:39:06.645+0000] {processor.py:175} INFO - Processing /home/airflow/.local/lib/python3.7/site-packages/airflow/example_dags/example_nested_branch_dag.py took 0.099 seconds
[2023-05-14T05:39:37.756+0000] {processor.py:153} INFO - Started process (PID=6769) to work on /home/airflow/.local/lib/python3.7/site-packages/airflow/example_dags/example_nested_branch_dag.py
[2023-05-14T05:39:37.761+0000] {processor.py:743} INFO - Processing file /home/airflow/.local/lib/python3.7/site-packages/airflow/example_dags/example_nested_branch_dag.py for tasks to queue
[2023-05-14T05:39:37.763+0000] {logging_mixin.py:137} INFO - [2023-05-14T05:39:37.763+0000] {dagbag.py:532} INFO - Filling up the DagBag from /home/airflow/.local/lib/python3.7/site-packages/airflow/example_dags/example_nested_branch_dag.py
[2023-05-14T05:39:37.786+0000] {processor.py:753} INFO - DAG(s) dict_keys(['example_nested_branch_dag']) retrieved from /home/airflow/.local/lib/python3.7/site-packages/airflow/example_dags/example_nested_branch_dag.py
[2023-05-14T05:39:37.818+0000] {logging_mixin.py:137} INFO - [2023-05-14T05:39:37.817+0000] {dag.py:2705} INFO - Sync 1 DAGs
[2023-05-14T05:39:37.841+0000] {logging_mixin.py:137} INFO - [2023-05-14T05:39:37.841+0000] {dag.py:3456} INFO - Setting next_dagrun for example_nested_branch_dag to 2023-05-13T00:00:00+00:00, run_after=2023-05-14T00:00:00+00:00
[2023-05-14T05:39:37.860+0000] {processor.py:175} INFO - Processing /home/airflow/.local/lib/python3.7/site-packages/airflow/example_dags/example_nested_branch_dag.py took 0.108 seconds
[2023-05-14T05:40:08.435+0000] {processor.py:153} INFO - Started process (PID=7006) to work on /home/airflow/.local/lib/python3.7/site-packages/airflow/example_dags/example_nested_branch_dag.py
[2023-05-14T05:40:08.437+0000] {processor.py:743} INFO - Processing file /home/airflow/.local/lib/python3.7/site-packages/airflow/example_dags/example_nested_branch_dag.py for tasks to queue
[2023-05-14T05:40:08.439+0000] {logging_mixin.py:137} INFO - [2023-05-14T05:40:08.439+0000] {dagbag.py:532} INFO - Filling up the DagBag from /home/airflow/.local/lib/python3.7/site-packages/airflow/example_dags/example_nested_branch_dag.py
[2023-05-14T05:40:08.459+0000] {processor.py:753} INFO - DAG(s) dict_keys(['example_nested_branch_dag']) retrieved from /home/airflow/.local/lib/python3.7/site-packages/airflow/example_dags/example_nested_branch_dag.py
[2023-05-14T05:40:08.483+0000] {logging_mixin.py:137} INFO - [2023-05-14T05:40:08.483+0000] {dag.py:2705} INFO - Sync 1 DAGs
[2023-05-14T05:40:08.501+0000] {logging_mixin.py:137} INFO - [2023-05-14T05:40:08.501+0000] {dag.py:3456} INFO - Setting next_dagrun for example_nested_branch_dag to 2023-05-13T00:00:00+00:00, run_after=2023-05-14T00:00:00+00:00
[2023-05-14T05:40:08.515+0000] {processor.py:175} INFO - Processing /home/airflow/.local/lib/python3.7/site-packages/airflow/example_dags/example_nested_branch_dag.py took 0.082 seconds
[2023-05-14T05:40:39.323+0000] {processor.py:153} INFO - Started process (PID=7230) to work on /home/airflow/.local/lib/python3.7/site-packages/airflow/example_dags/example_nested_branch_dag.py
[2023-05-14T05:40:39.325+0000] {processor.py:743} INFO - Processing file /home/airflow/.local/lib/python3.7/site-packages/airflow/example_dags/example_nested_branch_dag.py for tasks to queue
[2023-05-14T05:40:39.326+0000] {logging_mixin.py:137} INFO - [2023-05-14T05:40:39.326+0000] {dagbag.py:532} INFO - Filling up the DagBag from /home/airflow/.local/lib/python3.7/site-packages/airflow/example_dags/example_nested_branch_dag.py
[2023-05-14T05:40:39.346+0000] {processor.py:753} INFO - DAG(s) dict_keys(['example_nested_branch_dag']) retrieved from /home/airflow/.local/lib/python3.7/site-packages/airflow/example_dags/example_nested_branch_dag.py
[2023-05-14T05:40:39.371+0000] {logging_mixin.py:137} INFO - [2023-05-14T05:40:39.371+0000] {dag.py:2705} INFO - Sync 1 DAGs
[2023-05-14T05:40:39.391+0000] {logging_mixin.py:137} INFO - [2023-05-14T05:40:39.391+0000] {dag.py:3456} INFO - Setting next_dagrun for example_nested_branch_dag to 2023-05-13T00:00:00+00:00, run_after=2023-05-14T00:00:00+00:00
[2023-05-14T05:40:39.403+0000] {processor.py:175} INFO - Processing /home/airflow/.local/lib/python3.7/site-packages/airflow/example_dags/example_nested_branch_dag.py took 0.083 seconds
[2023-05-14T05:41:09.821+0000] {processor.py:153} INFO - Started process (PID=7462) to work on /home/airflow/.local/lib/python3.7/site-packages/airflow/example_dags/example_nested_branch_dag.py
[2023-05-14T05:41:09.823+0000] {processor.py:743} INFO - Processing file /home/airflow/.local/lib/python3.7/site-packages/airflow/example_dags/example_nested_branch_dag.py for tasks to queue
[2023-05-14T05:41:09.826+0000] {logging_mixin.py:137} INFO - [2023-05-14T05:41:09.826+0000] {dagbag.py:532} INFO - Filling up the DagBag from /home/airflow/.local/lib/python3.7/site-packages/airflow/example_dags/example_nested_branch_dag.py
[2023-05-14T05:41:09.849+0000] {processor.py:753} INFO - DAG(s) dict_keys(['example_nested_branch_dag']) retrieved from /home/airflow/.local/lib/python3.7/site-packages/airflow/example_dags/example_nested_branch_dag.py
[2023-05-14T05:41:09.872+0000] {logging_mixin.py:137} INFO - [2023-05-14T05:41:09.872+0000] {dag.py:2705} INFO - Sync 1 DAGs
[2023-05-14T05:41:09.890+0000] {logging_mixin.py:137} INFO - [2023-05-14T05:41:09.890+0000] {dag.py:3456} INFO - Setting next_dagrun for example_nested_branch_dag to 2023-05-13T00:00:00+00:00, run_after=2023-05-14T00:00:00+00:00
[2023-05-14T05:41:09.904+0000] {processor.py:175} INFO - Processing /home/airflow/.local/lib/python3.7/site-packages/airflow/example_dags/example_nested_branch_dag.py took 0.088 seconds
[2023-05-14T05:41:40.297+0000] {processor.py:153} INFO - Started process (PID=7690) to work on /home/airflow/.local/lib/python3.7/site-packages/airflow/example_dags/example_nested_branch_dag.py
[2023-05-14T05:41:40.299+0000] {processor.py:743} INFO - Processing file /home/airflow/.local/lib/python3.7/site-packages/airflow/example_dags/example_nested_branch_dag.py for tasks to queue
[2023-05-14T05:41:40.300+0000] {logging_mixin.py:137} INFO - [2023-05-14T05:41:40.300+0000] {dagbag.py:532} INFO - Filling up the DagBag from /home/airflow/.local/lib/python3.7/site-packages/airflow/example_dags/example_nested_branch_dag.py
[2023-05-14T05:41:40.317+0000] {processor.py:753} INFO - DAG(s) dict_keys(['example_nested_branch_dag']) retrieved from /home/airflow/.local/lib/python3.7/site-packages/airflow/example_dags/example_nested_branch_dag.py
[2023-05-14T05:41:40.341+0000] {logging_mixin.py:137} INFO - [2023-05-14T05:41:40.341+0000] {dag.py:2705} INFO - Sync 1 DAGs
[2023-05-14T05:41:40.360+0000] {logging_mixin.py:137} INFO - [2023-05-14T05:41:40.360+0000] {dag.py:3456} INFO - Setting next_dagrun for example_nested_branch_dag to 2023-05-13T00:00:00+00:00, run_after=2023-05-14T00:00:00+00:00
[2023-05-14T05:41:40.377+0000] {processor.py:175} INFO - Processing /home/airflow/.local/lib/python3.7/site-packages/airflow/example_dags/example_nested_branch_dag.py took 0.083 seconds
[2023-05-14T05:42:10.859+0000] {processor.py:153} INFO - Started process (PID=7916) to work on /home/airflow/.local/lib/python3.7/site-packages/airflow/example_dags/example_nested_branch_dag.py
[2023-05-14T05:42:10.862+0000] {processor.py:743} INFO - Processing file /home/airflow/.local/lib/python3.7/site-packages/airflow/example_dags/example_nested_branch_dag.py for tasks to queue
[2023-05-14T05:42:10.863+0000] {logging_mixin.py:137} INFO - [2023-05-14T05:42:10.863+0000] {dagbag.py:532} INFO - Filling up the DagBag from /home/airflow/.local/lib/python3.7/site-packages/airflow/example_dags/example_nested_branch_dag.py
[2023-05-14T05:42:10.881+0000] {processor.py:753} INFO - DAG(s) dict_keys(['example_nested_branch_dag']) retrieved from /home/airflow/.local/lib/python3.7/site-packages/airflow/example_dags/example_nested_branch_dag.py
[2023-05-14T05:42:10.904+0000] {logging_mixin.py:137} INFO - [2023-05-14T05:42:10.904+0000] {dag.py:2705} INFO - Sync 1 DAGs
[2023-05-14T05:42:10.923+0000] {logging_mixin.py:137} INFO - [2023-05-14T05:42:10.923+0000] {dag.py:3456} INFO - Setting next_dagrun for example_nested_branch_dag to 2023-05-13T00:00:00+00:00, run_after=2023-05-14T00:00:00+00:00
[2023-05-14T05:42:10.935+0000] {processor.py:175} INFO - Processing /home/airflow/.local/lib/python3.7/site-packages/airflow/example_dags/example_nested_branch_dag.py took 0.079 seconds
[2023-05-14T05:42:41.145+0000] {processor.py:153} INFO - Started process (PID=8137) to work on /home/airflow/.local/lib/python3.7/site-packages/airflow/example_dags/example_nested_branch_dag.py
[2023-05-14T05:42:41.147+0000] {processor.py:743} INFO - Processing file /home/airflow/.local/lib/python3.7/site-packages/airflow/example_dags/example_nested_branch_dag.py for tasks to queue
[2023-05-14T05:42:41.148+0000] {logging_mixin.py:137} INFO - [2023-05-14T05:42:41.148+0000] {dagbag.py:532} INFO - Filling up the DagBag from /home/airflow/.local/lib/python3.7/site-packages/airflow/example_dags/example_nested_branch_dag.py
[2023-05-14T05:42:41.166+0000] {processor.py:753} INFO - DAG(s) dict_keys(['example_nested_branch_dag']) retrieved from /home/airflow/.local/lib/python3.7/site-packages/airflow/example_dags/example_nested_branch_dag.py
[2023-05-14T05:42:41.190+0000] {logging_mixin.py:137} INFO - [2023-05-14T05:42:41.190+0000] {dag.py:2705} INFO - Sync 1 DAGs
[2023-05-14T05:42:41.211+0000] {logging_mixin.py:137} INFO - [2023-05-14T05:42:41.211+0000] {dag.py:3456} INFO - Setting next_dagrun for example_nested_branch_dag to 2023-05-13T00:00:00+00:00, run_after=2023-05-14T00:00:00+00:00
[2023-05-14T05:42:41.226+0000] {processor.py:175} INFO - Processing /home/airflow/.local/lib/python3.7/site-packages/airflow/example_dags/example_nested_branch_dag.py took 0.083 seconds
[2023-05-14T05:43:11.772+0000] {processor.py:153} INFO - Started process (PID=8368) to work on /home/airflow/.local/lib/python3.7/site-packages/airflow/example_dags/example_nested_branch_dag.py
[2023-05-14T05:43:11.774+0000] {processor.py:743} INFO - Processing file /home/airflow/.local/lib/python3.7/site-packages/airflow/example_dags/example_nested_branch_dag.py for tasks to queue
[2023-05-14T05:43:11.775+0000] {logging_mixin.py:137} INFO - [2023-05-14T05:43:11.775+0000] {dagbag.py:532} INFO - Filling up the DagBag from /home/airflow/.local/lib/python3.7/site-packages/airflow/example_dags/example_nested_branch_dag.py
[2023-05-14T05:43:11.808+0000] {processor.py:753} INFO - DAG(s) dict_keys(['example_nested_branch_dag']) retrieved from /home/airflow/.local/lib/python3.7/site-packages/airflow/example_dags/example_nested_branch_dag.py
[2023-05-14T05:43:11.832+0000] {logging_mixin.py:137} INFO - [2023-05-14T05:43:11.832+0000] {dag.py:2705} INFO - Sync 1 DAGs
[2023-05-14T05:43:11.850+0000] {logging_mixin.py:137} INFO - [2023-05-14T05:43:11.850+0000] {dag.py:3456} INFO - Setting next_dagrun for example_nested_branch_dag to 2023-05-13T00:00:00+00:00, run_after=2023-05-14T00:00:00+00:00
[2023-05-14T05:43:11.862+0000] {processor.py:175} INFO - Processing /home/airflow/.local/lib/python3.7/site-packages/airflow/example_dags/example_nested_branch_dag.py took 0.093 seconds
[2023-05-14T05:43:41.936+0000] {processor.py:153} INFO - Started process (PID=8593) to work on /home/airflow/.local/lib/python3.7/site-packages/airflow/example_dags/example_nested_branch_dag.py
[2023-05-14T05:43:41.938+0000] {processor.py:743} INFO - Processing file /home/airflow/.local/lib/python3.7/site-packages/airflow/example_dags/example_nested_branch_dag.py for tasks to queue
[2023-05-14T05:43:41.939+0000] {logging_mixin.py:137} INFO - [2023-05-14T05:43:41.939+0000] {dagbag.py:532} INFO - Filling up the DagBag from /home/airflow/.local/lib/python3.7/site-packages/airflow/example_dags/example_nested_branch_dag.py
[2023-05-14T05:43:41.958+0000] {processor.py:753} INFO - DAG(s) dict_keys(['example_nested_branch_dag']) retrieved from /home/airflow/.local/lib/python3.7/site-packages/airflow/example_dags/example_nested_branch_dag.py
[2023-05-14T05:43:41.982+0000] {logging_mixin.py:137} INFO - [2023-05-14T05:43:41.982+0000] {dag.py:2705} INFO - Sync 1 DAGs
[2023-05-14T05:43:42.004+0000] {logging_mixin.py:137} INFO - [2023-05-14T05:43:42.004+0000] {dag.py:3456} INFO - Setting next_dagrun for example_nested_branch_dag to 2023-05-13T00:00:00+00:00, run_after=2023-05-14T00:00:00+00:00
[2023-05-14T05:43:42.017+0000] {processor.py:175} INFO - Processing /home/airflow/.local/lib/python3.7/site-packages/airflow/example_dags/example_nested_branch_dag.py took 0.083 seconds
[2023-05-14T05:44:12.469+0000] {processor.py:153} INFO - Started process (PID=8829) to work on /home/airflow/.local/lib/python3.7/site-packages/airflow/example_dags/example_nested_branch_dag.py
[2023-05-14T05:44:12.471+0000] {processor.py:743} INFO - Processing file /home/airflow/.local/lib/python3.7/site-packages/airflow/example_dags/example_nested_branch_dag.py for tasks to queue
[2023-05-14T05:44:12.472+0000] {logging_mixin.py:137} INFO - [2023-05-14T05:44:12.472+0000] {dagbag.py:532} INFO - Filling up the DagBag from /home/airflow/.local/lib/python3.7/site-packages/airflow/example_dags/example_nested_branch_dag.py
[2023-05-14T05:44:12.489+0000] {processor.py:753} INFO - DAG(s) dict_keys(['example_nested_branch_dag']) retrieved from /home/airflow/.local/lib/python3.7/site-packages/airflow/example_dags/example_nested_branch_dag.py
[2023-05-14T05:44:12.513+0000] {logging_mixin.py:137} INFO - [2023-05-14T05:44:12.513+0000] {dag.py:2705} INFO - Sync 1 DAGs
[2023-05-14T05:44:12.534+0000] {logging_mixin.py:137} INFO - [2023-05-14T05:44:12.533+0000] {dag.py:3456} INFO - Setting next_dagrun for example_nested_branch_dag to 2023-05-13T00:00:00+00:00, run_after=2023-05-14T00:00:00+00:00
[2023-05-14T05:44:12.547+0000] {processor.py:175} INFO - Processing /home/airflow/.local/lib/python3.7/site-packages/airflow/example_dags/example_nested_branch_dag.py took 0.082 seconds
[2023-05-14T05:44:42.764+0000] {processor.py:153} INFO - Started process (PID=9059) to work on /home/airflow/.local/lib/python3.7/site-packages/airflow/example_dags/example_nested_branch_dag.py
[2023-05-14T05:44:42.766+0000] {processor.py:743} INFO - Processing file /home/airflow/.local/lib/python3.7/site-packages/airflow/example_dags/example_nested_branch_dag.py for tasks to queue
[2023-05-14T05:44:42.767+0000] {logging_mixin.py:137} INFO - [2023-05-14T05:44:42.767+0000] {dagbag.py:532} INFO - Filling up the DagBag from /home/airflow/.local/lib/python3.7/site-packages/airflow/example_dags/example_nested_branch_dag.py
[2023-05-14T05:44:42.786+0000] {processor.py:753} INFO - DAG(s) dict_keys(['example_nested_branch_dag']) retrieved from /home/airflow/.local/lib/python3.7/site-packages/airflow/example_dags/example_nested_branch_dag.py
[2023-05-14T05:44:42.809+0000] {logging_mixin.py:137} INFO - [2023-05-14T05:44:42.809+0000] {dag.py:2705} INFO - Sync 1 DAGs
[2023-05-14T05:44:42.827+0000] {logging_mixin.py:137} INFO - [2023-05-14T05:44:42.827+0000] {dag.py:3456} INFO - Setting next_dagrun for example_nested_branch_dag to 2023-05-13T00:00:00+00:00, run_after=2023-05-14T00:00:00+00:00
[2023-05-14T05:44:42.840+0000] {processor.py:175} INFO - Processing /home/airflow/.local/lib/python3.7/site-packages/airflow/example_dags/example_nested_branch_dag.py took 0.079 seconds
[2023-05-14T05:45:13.098+0000] {processor.py:153} INFO - Started process (PID=9283) to work on /home/airflow/.local/lib/python3.7/site-packages/airflow/example_dags/example_nested_branch_dag.py
[2023-05-14T05:45:13.099+0000] {processor.py:743} INFO - Processing file /home/airflow/.local/lib/python3.7/site-packages/airflow/example_dags/example_nested_branch_dag.py for tasks to queue
[2023-05-14T05:45:13.100+0000] {logging_mixin.py:137} INFO - [2023-05-14T05:45:13.100+0000] {dagbag.py:532} INFO - Filling up the DagBag from /home/airflow/.local/lib/python3.7/site-packages/airflow/example_dags/example_nested_branch_dag.py
[2023-05-14T05:45:13.121+0000] {processor.py:753} INFO - DAG(s) dict_keys(['example_nested_branch_dag']) retrieved from /home/airflow/.local/lib/python3.7/site-packages/airflow/example_dags/example_nested_branch_dag.py
[2023-05-14T05:45:13.144+0000] {logging_mixin.py:137} INFO - [2023-05-14T05:45:13.144+0000] {dag.py:2705} INFO - Sync 1 DAGs
[2023-05-14T05:45:13.165+0000] {logging_mixin.py:137} INFO - [2023-05-14T05:45:13.165+0000] {dag.py:3456} INFO - Setting next_dagrun for example_nested_branch_dag to 2023-05-13T00:00:00+00:00, run_after=2023-05-14T00:00:00+00:00
[2023-05-14T05:45:13.178+0000] {processor.py:175} INFO - Processing /home/airflow/.local/lib/python3.7/site-packages/airflow/example_dags/example_nested_branch_dag.py took 0.084 seconds
[2023-05-14T05:45:44.142+0000] {processor.py:153} INFO - Started process (PID=9522) to work on /home/airflow/.local/lib/python3.7/site-packages/airflow/example_dags/example_nested_branch_dag.py
[2023-05-14T05:45:44.144+0000] {processor.py:743} INFO - Processing file /home/airflow/.local/lib/python3.7/site-packages/airflow/example_dags/example_nested_branch_dag.py for tasks to queue
[2023-05-14T05:45:44.146+0000] {logging_mixin.py:137} INFO - [2023-05-14T05:45:44.145+0000] {dagbag.py:532} INFO - Filling up the DagBag from /home/airflow/.local/lib/python3.7/site-packages/airflow/example_dags/example_nested_branch_dag.py
[2023-05-14T05:45:44.165+0000] {processor.py:753} INFO - DAG(s) dict_keys(['example_nested_branch_dag']) retrieved from /home/airflow/.local/lib/python3.7/site-packages/airflow/example_dags/example_nested_branch_dag.py
[2023-05-14T05:45:44.198+0000] {logging_mixin.py:137} INFO - [2023-05-14T05:45:44.198+0000] {dag.py:2705} INFO - Sync 1 DAGs
[2023-05-14T05:45:44.221+0000] {logging_mixin.py:137} INFO - [2023-05-14T05:45:44.221+0000] {dag.py:3456} INFO - Setting next_dagrun for example_nested_branch_dag to 2023-05-13T00:00:00+00:00, run_after=2023-05-14T00:00:00+00:00
[2023-05-14T05:45:44.237+0000] {processor.py:175} INFO - Processing /home/airflow/.local/lib/python3.7/site-packages/airflow/example_dags/example_nested_branch_dag.py took 0.098 seconds
[2023-05-14T05:46:14.340+0000] {processor.py:153} INFO - Started process (PID=9748) to work on /home/airflow/.local/lib/python3.7/site-packages/airflow/example_dags/example_nested_branch_dag.py
[2023-05-14T05:46:14.342+0000] {processor.py:743} INFO - Processing file /home/airflow/.local/lib/python3.7/site-packages/airflow/example_dags/example_nested_branch_dag.py for tasks to queue
[2023-05-14T05:46:14.348+0000] {logging_mixin.py:137} INFO - [2023-05-14T05:46:14.348+0000] {dagbag.py:532} INFO - Filling up the DagBag from /home/airflow/.local/lib/python3.7/site-packages/airflow/example_dags/example_nested_branch_dag.py
[2023-05-14T05:46:14.367+0000] {processor.py:753} INFO - DAG(s) dict_keys(['example_nested_branch_dag']) retrieved from /home/airflow/.local/lib/python3.7/site-packages/airflow/example_dags/example_nested_branch_dag.py
[2023-05-14T05:46:14.391+0000] {logging_mixin.py:137} INFO - [2023-05-14T05:46:14.391+0000] {dag.py:2705} INFO - Sync 1 DAGs
[2023-05-14T05:46:14.410+0000] {logging_mixin.py:137} INFO - [2023-05-14T05:46:14.410+0000] {dag.py:3456} INFO - Setting next_dagrun for example_nested_branch_dag to 2023-05-13T00:00:00+00:00, run_after=2023-05-14T00:00:00+00:00
[2023-05-14T05:46:14.424+0000] {processor.py:175} INFO - Processing /home/airflow/.local/lib/python3.7/site-packages/airflow/example_dags/example_nested_branch_dag.py took 0.087 seconds
[2023-05-14T05:46:44.600+0000] {processor.py:153} INFO - Started process (PID=9974) to work on /home/airflow/.local/lib/python3.7/site-packages/airflow/example_dags/example_nested_branch_dag.py
[2023-05-14T05:46:44.602+0000] {processor.py:743} INFO - Processing file /home/airflow/.local/lib/python3.7/site-packages/airflow/example_dags/example_nested_branch_dag.py for tasks to queue
[2023-05-14T05:46:44.604+0000] {logging_mixin.py:137} INFO - [2023-05-14T05:46:44.603+0000] {dagbag.py:532} INFO - Filling up the DagBag from /home/airflow/.local/lib/python3.7/site-packages/airflow/example_dags/example_nested_branch_dag.py
[2023-05-14T05:46:44.619+0000] {processor.py:753} INFO - DAG(s) dict_keys(['example_nested_branch_dag']) retrieved from /home/airflow/.local/lib/python3.7/site-packages/airflow/example_dags/example_nested_branch_dag.py
[2023-05-14T05:46:44.641+0000] {logging_mixin.py:137} INFO - [2023-05-14T05:46:44.641+0000] {dag.py:2705} INFO - Sync 1 DAGs
[2023-05-14T05:46:44.658+0000] {logging_mixin.py:137} INFO - [2023-05-14T05:46:44.658+0000] {dag.py:3456} INFO - Setting next_dagrun for example_nested_branch_dag to 2023-05-13T00:00:00+00:00, run_after=2023-05-14T00:00:00+00:00
[2023-05-14T05:46:44.669+0000] {processor.py:175} INFO - Processing /home/airflow/.local/lib/python3.7/site-packages/airflow/example_dags/example_nested_branch_dag.py took 0.072 seconds
[2023-05-14T05:47:14.886+0000] {processor.py:153} INFO - Started process (PID=10196) to work on /home/airflow/.local/lib/python3.7/site-packages/airflow/example_dags/example_nested_branch_dag.py
[2023-05-14T05:47:14.888+0000] {processor.py:743} INFO - Processing file /home/airflow/.local/lib/python3.7/site-packages/airflow/example_dags/example_nested_branch_dag.py for tasks to queue
[2023-05-14T05:47:14.889+0000] {logging_mixin.py:137} INFO - [2023-05-14T05:47:14.889+0000] {dagbag.py:532} INFO - Filling up the DagBag from /home/airflow/.local/lib/python3.7/site-packages/airflow/example_dags/example_nested_branch_dag.py
[2023-05-14T05:47:14.907+0000] {processor.py:753} INFO - DAG(s) dict_keys(['example_nested_branch_dag']) retrieved from /home/airflow/.local/lib/python3.7/site-packages/airflow/example_dags/example_nested_branch_dag.py
[2023-05-14T05:47:14.930+0000] {logging_mixin.py:137} INFO - [2023-05-14T05:47:14.930+0000] {dag.py:2705} INFO - Sync 1 DAGs
[2023-05-14T05:47:14.949+0000] {logging_mixin.py:137} INFO - [2023-05-14T05:47:14.949+0000] {dag.py:3456} INFO - Setting next_dagrun for example_nested_branch_dag to 2023-05-13T00:00:00+00:00, run_after=2023-05-14T00:00:00+00:00
[2023-05-14T05:47:14.964+0000] {processor.py:175} INFO - Processing /home/airflow/.local/lib/python3.7/site-packages/airflow/example_dags/example_nested_branch_dag.py took 0.081 seconds
[2023-05-14T05:47:45.453+0000] {processor.py:153} INFO - Started process (PID=10419) to work on /home/airflow/.local/lib/python3.7/site-packages/airflow/example_dags/example_nested_branch_dag.py
[2023-05-14T05:47:45.455+0000] {processor.py:743} INFO - Processing file /home/airflow/.local/lib/python3.7/site-packages/airflow/example_dags/example_nested_branch_dag.py for tasks to queue
[2023-05-14T05:47:45.456+0000] {logging_mixin.py:137} INFO - [2023-05-14T05:47:45.456+0000] {dagbag.py:532} INFO - Filling up the DagBag from /home/airflow/.local/lib/python3.7/site-packages/airflow/example_dags/example_nested_branch_dag.py
[2023-05-14T05:47:45.483+0000] {processor.py:753} INFO - DAG(s) dict_keys(['example_nested_branch_dag']) retrieved from /home/airflow/.local/lib/python3.7/site-packages/airflow/example_dags/example_nested_branch_dag.py
[2023-05-14T05:47:45.507+0000] {logging_mixin.py:137} INFO - [2023-05-14T05:47:45.507+0000] {dag.py:2705} INFO - Sync 1 DAGs
[2023-05-14T05:47:45.531+0000] {logging_mixin.py:137} INFO - [2023-05-14T05:47:45.530+0000] {dag.py:3456} INFO - Setting next_dagrun for example_nested_branch_dag to 2023-05-13T00:00:00+00:00, run_after=2023-05-14T00:00:00+00:00
[2023-05-14T05:47:45.546+0000] {processor.py:175} INFO - Processing /home/airflow/.local/lib/python3.7/site-packages/airflow/example_dags/example_nested_branch_dag.py took 0.097 seconds
[2023-05-14T05:48:15.696+0000] {processor.py:153} INFO - Started process (PID=10645) to work on /home/airflow/.local/lib/python3.7/site-packages/airflow/example_dags/example_nested_branch_dag.py
[2023-05-14T05:48:15.698+0000] {processor.py:743} INFO - Processing file /home/airflow/.local/lib/python3.7/site-packages/airflow/example_dags/example_nested_branch_dag.py for tasks to queue
[2023-05-14T05:48:15.700+0000] {logging_mixin.py:137} INFO - [2023-05-14T05:48:15.700+0000] {dagbag.py:532} INFO - Filling up the DagBag from /home/airflow/.local/lib/python3.7/site-packages/airflow/example_dags/example_nested_branch_dag.py
[2023-05-14T05:48:15.724+0000] {processor.py:753} INFO - DAG(s) dict_keys(['example_nested_branch_dag']) retrieved from /home/airflow/.local/lib/python3.7/site-packages/airflow/example_dags/example_nested_branch_dag.py
[2023-05-14T05:48:15.755+0000] {logging_mixin.py:137} INFO - [2023-05-14T05:48:15.755+0000] {dag.py:2705} INFO - Sync 1 DAGs
[2023-05-14T05:48:15.776+0000] {logging_mixin.py:137} INFO - [2023-05-14T05:48:15.776+0000] {dag.py:3456} INFO - Setting next_dagrun for example_nested_branch_dag to 2023-05-13T00:00:00+00:00, run_after=2023-05-14T00:00:00+00:00
[2023-05-14T05:48:15.789+0000] {processor.py:175} INFO - Processing /home/airflow/.local/lib/python3.7/site-packages/airflow/example_dags/example_nested_branch_dag.py took 0.097 seconds
[2023-05-14T05:48:45.951+0000] {processor.py:153} INFO - Started process (PID=10867) to work on /home/airflow/.local/lib/python3.7/site-packages/airflow/example_dags/example_nested_branch_dag.py
[2023-05-14T05:48:45.953+0000] {processor.py:743} INFO - Processing file /home/airflow/.local/lib/python3.7/site-packages/airflow/example_dags/example_nested_branch_dag.py for tasks to queue
[2023-05-14T05:48:45.954+0000] {logging_mixin.py:137} INFO - [2023-05-14T05:48:45.954+0000] {dagbag.py:532} INFO - Filling up the DagBag from /home/airflow/.local/lib/python3.7/site-packages/airflow/example_dags/example_nested_branch_dag.py
[2023-05-14T05:48:45.973+0000] {processor.py:753} INFO - DAG(s) dict_keys(['example_nested_branch_dag']) retrieved from /home/airflow/.local/lib/python3.7/site-packages/airflow/example_dags/example_nested_branch_dag.py
[2023-05-14T05:48:45.997+0000] {logging_mixin.py:137} INFO - [2023-05-14T05:48:45.997+0000] {dag.py:2705} INFO - Sync 1 DAGs
[2023-05-14T05:48:46.016+0000] {logging_mixin.py:137} INFO - [2023-05-14T05:48:46.015+0000] {dag.py:3456} INFO - Setting next_dagrun for example_nested_branch_dag to 2023-05-13T00:00:00+00:00, run_after=2023-05-14T00:00:00+00:00
[2023-05-14T05:48:46.031+0000] {processor.py:175} INFO - Processing /home/airflow/.local/lib/python3.7/site-packages/airflow/example_dags/example_nested_branch_dag.py took 0.083 seconds
[2023-05-14T05:49:16.447+0000] {processor.py:153} INFO - Started process (PID=11090) to work on /home/airflow/.local/lib/python3.7/site-packages/airflow/example_dags/example_nested_branch_dag.py
[2023-05-14T05:49:16.449+0000] {processor.py:743} INFO - Processing file /home/airflow/.local/lib/python3.7/site-packages/airflow/example_dags/example_nested_branch_dag.py for tasks to queue
[2023-05-14T05:49:16.450+0000] {logging_mixin.py:137} INFO - [2023-05-14T05:49:16.450+0000] {dagbag.py:532} INFO - Filling up the DagBag from /home/airflow/.local/lib/python3.7/site-packages/airflow/example_dags/example_nested_branch_dag.py
[2023-05-14T05:49:16.472+0000] {processor.py:753} INFO - DAG(s) dict_keys(['example_nested_branch_dag']) retrieved from /home/airflow/.local/lib/python3.7/site-packages/airflow/example_dags/example_nested_branch_dag.py
[2023-05-14T05:49:16.495+0000] {logging_mixin.py:137} INFO - [2023-05-14T05:49:16.495+0000] {dag.py:2705} INFO - Sync 1 DAGs
[2023-05-14T05:49:16.513+0000] {logging_mixin.py:137} INFO - [2023-05-14T05:49:16.513+0000] {dag.py:3456} INFO - Setting next_dagrun for example_nested_branch_dag to 2023-05-13T00:00:00+00:00, run_after=2023-05-14T00:00:00+00:00
[2023-05-14T05:49:16.526+0000] {processor.py:175} INFO - Processing /home/airflow/.local/lib/python3.7/site-packages/airflow/example_dags/example_nested_branch_dag.py took 0.083 seconds
[2023-05-14T05:49:46.579+0000] {processor.py:153} INFO - Started process (PID=11317) to work on /home/airflow/.local/lib/python3.7/site-packages/airflow/example_dags/example_nested_branch_dag.py
[2023-05-14T05:49:46.581+0000] {processor.py:743} INFO - Processing file /home/airflow/.local/lib/python3.7/site-packages/airflow/example_dags/example_nested_branch_dag.py for tasks to queue
[2023-05-14T05:49:46.582+0000] {logging_mixin.py:137} INFO - [2023-05-14T05:49:46.582+0000] {dagbag.py:532} INFO - Filling up the DagBag from /home/airflow/.local/lib/python3.7/site-packages/airflow/example_dags/example_nested_branch_dag.py
[2023-05-14T05:49:46.600+0000] {processor.py:753} INFO - DAG(s) dict_keys(['example_nested_branch_dag']) retrieved from /home/airflow/.local/lib/python3.7/site-packages/airflow/example_dags/example_nested_branch_dag.py
[2023-05-14T05:49:46.623+0000] {logging_mixin.py:137} INFO - [2023-05-14T05:49:46.623+0000] {dag.py:2705} INFO - Sync 1 DAGs
[2023-05-14T05:49:46.641+0000] {logging_mixin.py:137} INFO - [2023-05-14T05:49:46.641+0000] {dag.py:3456} INFO - Setting next_dagrun for example_nested_branch_dag to 2023-05-13T00:00:00+00:00, run_after=2023-05-14T00:00:00+00:00
[2023-05-14T05:49:46.655+0000] {processor.py:175} INFO - Processing /home/airflow/.local/lib/python3.7/site-packages/airflow/example_dags/example_nested_branch_dag.py took 0.079 seconds
[2023-05-14T05:50:16.845+0000] {processor.py:153} INFO - Started process (PID=11541) to work on /home/airflow/.local/lib/python3.7/site-packages/airflow/example_dags/example_nested_branch_dag.py
[2023-05-14T05:50:16.847+0000] {processor.py:743} INFO - Processing file /home/airflow/.local/lib/python3.7/site-packages/airflow/example_dags/example_nested_branch_dag.py for tasks to queue
[2023-05-14T05:50:16.849+0000] {logging_mixin.py:137} INFO - [2023-05-14T05:50:16.849+0000] {dagbag.py:532} INFO - Filling up the DagBag from /home/airflow/.local/lib/python3.7/site-packages/airflow/example_dags/example_nested_branch_dag.py
[2023-05-14T05:50:16.868+0000] {processor.py:753} INFO - DAG(s) dict_keys(['example_nested_branch_dag']) retrieved from /home/airflow/.local/lib/python3.7/site-packages/airflow/example_dags/example_nested_branch_dag.py
[2023-05-14T05:50:16.891+0000] {logging_mixin.py:137} INFO - [2023-05-14T05:50:16.891+0000] {dag.py:2705} INFO - Sync 1 DAGs
[2023-05-14T05:50:16.909+0000] {logging_mixin.py:137} INFO - [2023-05-14T05:50:16.908+0000] {dag.py:3456} INFO - Setting next_dagrun for example_nested_branch_dag to 2023-05-13T00:00:00+00:00, run_after=2023-05-14T00:00:00+00:00
[2023-05-14T05:50:16.925+0000] {processor.py:175} INFO - Processing /home/airflow/.local/lib/python3.7/site-packages/airflow/example_dags/example_nested_branch_dag.py took 0.083 seconds
[2023-05-14T05:50:47.319+0000] {processor.py:153} INFO - Started process (PID=11767) to work on /home/airflow/.local/lib/python3.7/site-packages/airflow/example_dags/example_nested_branch_dag.py
[2023-05-14T05:50:47.321+0000] {processor.py:743} INFO - Processing file /home/airflow/.local/lib/python3.7/site-packages/airflow/example_dags/example_nested_branch_dag.py for tasks to queue
[2023-05-14T05:50:47.323+0000] {logging_mixin.py:137} INFO - [2023-05-14T05:50:47.322+0000] {dagbag.py:532} INFO - Filling up the DagBag from /home/airflow/.local/lib/python3.7/site-packages/airflow/example_dags/example_nested_branch_dag.py
[2023-05-14T05:50:47.339+0000] {processor.py:753} INFO - DAG(s) dict_keys(['example_nested_branch_dag']) retrieved from /home/airflow/.local/lib/python3.7/site-packages/airflow/example_dags/example_nested_branch_dag.py
[2023-05-14T05:50:47.361+0000] {logging_mixin.py:137} INFO - [2023-05-14T05:50:47.361+0000] {dag.py:2705} INFO - Sync 1 DAGs
[2023-05-14T05:50:47.378+0000] {logging_mixin.py:137} INFO - [2023-05-14T05:50:47.378+0000] {dag.py:3456} INFO - Setting next_dagrun for example_nested_branch_dag to 2023-05-13T00:00:00+00:00, run_after=2023-05-14T00:00:00+00:00
[2023-05-14T05:50:47.389+0000] {processor.py:175} INFO - Processing /home/airflow/.local/lib/python3.7/site-packages/airflow/example_dags/example_nested_branch_dag.py took 0.073 seconds
[2023-05-14T05:51:17.744+0000] {processor.py:153} INFO - Started process (PID=11991) to work on /home/airflow/.local/lib/python3.7/site-packages/airflow/example_dags/example_nested_branch_dag.py
[2023-05-14T05:51:17.746+0000] {processor.py:743} INFO - Processing file /home/airflow/.local/lib/python3.7/site-packages/airflow/example_dags/example_nested_branch_dag.py for tasks to queue
[2023-05-14T05:51:17.747+0000] {logging_mixin.py:137} INFO - [2023-05-14T05:51:17.747+0000] {dagbag.py:532} INFO - Filling up the DagBag from /home/airflow/.local/lib/python3.7/site-packages/airflow/example_dags/example_nested_branch_dag.py
[2023-05-14T05:51:17.765+0000] {processor.py:753} INFO - DAG(s) dict_keys(['example_nested_branch_dag']) retrieved from /home/airflow/.local/lib/python3.7/site-packages/airflow/example_dags/example_nested_branch_dag.py
[2023-05-14T05:51:17.788+0000] {logging_mixin.py:137} INFO - [2023-05-14T05:51:17.788+0000] {dag.py:2705} INFO - Sync 1 DAGs
[2023-05-14T05:51:17.805+0000] {logging_mixin.py:137} INFO - [2023-05-14T05:51:17.805+0000] {dag.py:3456} INFO - Setting next_dagrun for example_nested_branch_dag to 2023-05-13T00:00:00+00:00, run_after=2023-05-14T00:00:00+00:00
[2023-05-14T05:51:17.817+0000] {processor.py:175} INFO - Processing /home/airflow/.local/lib/python3.7/site-packages/airflow/example_dags/example_nested_branch_dag.py took 0.075 seconds
[2023-05-14T05:51:48.033+0000] {processor.py:153} INFO - Started process (PID=12213) to work on /home/airflow/.local/lib/python3.7/site-packages/airflow/example_dags/example_nested_branch_dag.py
[2023-05-14T05:51:48.036+0000] {processor.py:743} INFO - Processing file /home/airflow/.local/lib/python3.7/site-packages/airflow/example_dags/example_nested_branch_dag.py for tasks to queue
[2023-05-14T05:51:48.037+0000] {logging_mixin.py:137} INFO - [2023-05-14T05:51:48.037+0000] {dagbag.py:532} INFO - Filling up the DagBag from /home/airflow/.local/lib/python3.7/site-packages/airflow/example_dags/example_nested_branch_dag.py
[2023-05-14T05:51:48.056+0000] {processor.py:753} INFO - DAG(s) dict_keys(['example_nested_branch_dag']) retrieved from /home/airflow/.local/lib/python3.7/site-packages/airflow/example_dags/example_nested_branch_dag.py
[2023-05-14T05:51:48.080+0000] {logging_mixin.py:137} INFO - [2023-05-14T05:51:48.080+0000] {dag.py:2705} INFO - Sync 1 DAGs
[2023-05-14T05:51:48.100+0000] {logging_mixin.py:137} INFO - [2023-05-14T05:51:48.100+0000] {dag.py:3456} INFO - Setting next_dagrun for example_nested_branch_dag to 2023-05-13T00:00:00+00:00, run_after=2023-05-14T00:00:00+00:00
[2023-05-14T05:51:48.112+0000] {processor.py:175} INFO - Processing /home/airflow/.local/lib/python3.7/site-packages/airflow/example_dags/example_nested_branch_dag.py took 0.082 seconds
[2023-05-14T05:52:18.382+0000] {processor.py:153} INFO - Started process (PID=12438) to work on /home/airflow/.local/lib/python3.7/site-packages/airflow/example_dags/example_nested_branch_dag.py
[2023-05-14T05:52:18.387+0000] {processor.py:743} INFO - Processing file /home/airflow/.local/lib/python3.7/site-packages/airflow/example_dags/example_nested_branch_dag.py for tasks to queue
[2023-05-14T05:52:18.388+0000] {logging_mixin.py:137} INFO - [2023-05-14T05:52:18.388+0000] {dagbag.py:532} INFO - Filling up the DagBag from /home/airflow/.local/lib/python3.7/site-packages/airflow/example_dags/example_nested_branch_dag.py
[2023-05-14T05:52:18.411+0000] {processor.py:753} INFO - DAG(s) dict_keys(['example_nested_branch_dag']) retrieved from /home/airflow/.local/lib/python3.7/site-packages/airflow/example_dags/example_nested_branch_dag.py
[2023-05-14T05:52:18.434+0000] {logging_mixin.py:137} INFO - [2023-05-14T05:52:18.434+0000] {dag.py:2705} INFO - Sync 1 DAGs
[2023-05-14T05:52:18.451+0000] {logging_mixin.py:137} INFO - [2023-05-14T05:52:18.451+0000] {dag.py:3456} INFO - Setting next_dagrun for example_nested_branch_dag to 2023-05-13T00:00:00+00:00, run_after=2023-05-14T00:00:00+00:00
[2023-05-14T05:52:18.463+0000] {processor.py:175} INFO - Processing /home/airflow/.local/lib/python3.7/site-packages/airflow/example_dags/example_nested_branch_dag.py took 0.083 seconds
[2023-05-14T05:52:48.561+0000] {processor.py:153} INFO - Started process (PID=12660) to work on /home/airflow/.local/lib/python3.7/site-packages/airflow/example_dags/example_nested_branch_dag.py
[2023-05-14T05:52:48.563+0000] {processor.py:743} INFO - Processing file /home/airflow/.local/lib/python3.7/site-packages/airflow/example_dags/example_nested_branch_dag.py for tasks to queue
[2023-05-14T05:52:48.564+0000] {logging_mixin.py:137} INFO - [2023-05-14T05:52:48.564+0000] {dagbag.py:532} INFO - Filling up the DagBag from /home/airflow/.local/lib/python3.7/site-packages/airflow/example_dags/example_nested_branch_dag.py
[2023-05-14T05:52:48.582+0000] {processor.py:753} INFO - DAG(s) dict_keys(['example_nested_branch_dag']) retrieved from /home/airflow/.local/lib/python3.7/site-packages/airflow/example_dags/example_nested_branch_dag.py
[2023-05-14T05:52:48.604+0000] {logging_mixin.py:137} INFO - [2023-05-14T05:52:48.604+0000] {dag.py:2705} INFO - Sync 1 DAGs
[2023-05-14T05:52:48.623+0000] {logging_mixin.py:137} INFO - [2023-05-14T05:52:48.623+0000] {dag.py:3456} INFO - Setting next_dagrun for example_nested_branch_dag to 2023-05-13T00:00:00+00:00, run_after=2023-05-14T00:00:00+00:00
[2023-05-14T05:52:48.638+0000] {processor.py:175} INFO - Processing /home/airflow/.local/lib/python3.7/site-packages/airflow/example_dags/example_nested_branch_dag.py took 0.080 seconds
[2023-05-14T05:53:19.056+0000] {processor.py:153} INFO - Started process (PID=12884) to work on /home/airflow/.local/lib/python3.7/site-packages/airflow/example_dags/example_nested_branch_dag.py
[2023-05-14T05:53:19.058+0000] {processor.py:743} INFO - Processing file /home/airflow/.local/lib/python3.7/site-packages/airflow/example_dags/example_nested_branch_dag.py for tasks to queue
[2023-05-14T05:53:19.060+0000] {logging_mixin.py:137} INFO - [2023-05-14T05:53:19.059+0000] {dagbag.py:532} INFO - Filling up the DagBag from /home/airflow/.local/lib/python3.7/site-packages/airflow/example_dags/example_nested_branch_dag.py
[2023-05-14T05:53:19.078+0000] {processor.py:753} INFO - DAG(s) dict_keys(['example_nested_branch_dag']) retrieved from /home/airflow/.local/lib/python3.7/site-packages/airflow/example_dags/example_nested_branch_dag.py
[2023-05-14T05:53:19.100+0000] {logging_mixin.py:137} INFO - [2023-05-14T05:53:19.100+0000] {dag.py:2705} INFO - Sync 1 DAGs
[2023-05-14T05:53:19.119+0000] {logging_mixin.py:137} INFO - [2023-05-14T05:53:19.119+0000] {dag.py:3456} INFO - Setting next_dagrun for example_nested_branch_dag to 2023-05-13T00:00:00+00:00, run_after=2023-05-14T00:00:00+00:00
[2023-05-14T05:53:19.134+0000] {processor.py:175} INFO - Processing /home/airflow/.local/lib/python3.7/site-packages/airflow/example_dags/example_nested_branch_dag.py took 0.080 seconds
[2023-05-14T05:53:50.377+0000] {processor.py:153} INFO - Started process (PID=13111) to work on /home/airflow/.local/lib/python3.7/site-packages/airflow/example_dags/example_nested_branch_dag.py
[2023-05-14T05:53:50.379+0000] {processor.py:743} INFO - Processing file /home/airflow/.local/lib/python3.7/site-packages/airflow/example_dags/example_nested_branch_dag.py for tasks to queue
[2023-05-14T05:53:50.380+0000] {logging_mixin.py:137} INFO - [2023-05-14T05:53:50.380+0000] {dagbag.py:532} INFO - Filling up the DagBag from /home/airflow/.local/lib/python3.7/site-packages/airflow/example_dags/example_nested_branch_dag.py
[2023-05-14T05:53:50.398+0000] {processor.py:753} INFO - DAG(s) dict_keys(['example_nested_branch_dag']) retrieved from /home/airflow/.local/lib/python3.7/site-packages/airflow/example_dags/example_nested_branch_dag.py
[2023-05-14T05:53:50.419+0000] {logging_mixin.py:137} INFO - [2023-05-14T05:53:50.419+0000] {dag.py:2705} INFO - Sync 1 DAGs
[2023-05-14T05:53:50.437+0000] {logging_mixin.py:137} INFO - [2023-05-14T05:53:50.437+0000] {dag.py:3456} INFO - Setting next_dagrun for example_nested_branch_dag to 2023-05-13T00:00:00+00:00, run_after=2023-05-14T00:00:00+00:00
[2023-05-14T05:53:50.454+0000] {processor.py:175} INFO - Processing /home/airflow/.local/lib/python3.7/site-packages/airflow/example_dags/example_nested_branch_dag.py took 0.080 seconds
[2023-05-14T05:54:20.687+0000] {processor.py:153} INFO - Started process (PID=13333) to work on /home/airflow/.local/lib/python3.7/site-packages/airflow/example_dags/example_nested_branch_dag.py
[2023-05-14T05:54:20.689+0000] {processor.py:743} INFO - Processing file /home/airflow/.local/lib/python3.7/site-packages/airflow/example_dags/example_nested_branch_dag.py for tasks to queue
[2023-05-14T05:54:20.690+0000] {logging_mixin.py:137} INFO - [2023-05-14T05:54:20.690+0000] {dagbag.py:532} INFO - Filling up the DagBag from /home/airflow/.local/lib/python3.7/site-packages/airflow/example_dags/example_nested_branch_dag.py
[2023-05-14T05:54:20.709+0000] {processor.py:753} INFO - DAG(s) dict_keys(['example_nested_branch_dag']) retrieved from /home/airflow/.local/lib/python3.7/site-packages/airflow/example_dags/example_nested_branch_dag.py
[2023-05-14T05:54:20.730+0000] {logging_mixin.py:137} INFO - [2023-05-14T05:54:20.730+0000] {dag.py:2705} INFO - Sync 1 DAGs
[2023-05-14T05:54:20.749+0000] {logging_mixin.py:137} INFO - [2023-05-14T05:54:20.748+0000] {dag.py:3456} INFO - Setting next_dagrun for example_nested_branch_dag to 2023-05-13T00:00:00+00:00, run_after=2023-05-14T00:00:00+00:00
[2023-05-14T05:54:20.762+0000] {processor.py:175} INFO - Processing /home/airflow/.local/lib/python3.7/site-packages/airflow/example_dags/example_nested_branch_dag.py took 0.078 seconds
[2023-05-14T05:54:50.953+0000] {processor.py:153} INFO - Started process (PID=13556) to work on /home/airflow/.local/lib/python3.7/site-packages/airflow/example_dags/example_nested_branch_dag.py
[2023-05-14T05:54:50.955+0000] {processor.py:743} INFO - Processing file /home/airflow/.local/lib/python3.7/site-packages/airflow/example_dags/example_nested_branch_dag.py for tasks to queue
[2023-05-14T05:54:50.956+0000] {logging_mixin.py:137} INFO - [2023-05-14T05:54:50.956+0000] {dagbag.py:532} INFO - Filling up the DagBag from /home/airflow/.local/lib/python3.7/site-packages/airflow/example_dags/example_nested_branch_dag.py
[2023-05-14T05:54:50.975+0000] {processor.py:753} INFO - DAG(s) dict_keys(['example_nested_branch_dag']) retrieved from /home/airflow/.local/lib/python3.7/site-packages/airflow/example_dags/example_nested_branch_dag.py
[2023-05-14T05:54:50.998+0000] {logging_mixin.py:137} INFO - [2023-05-14T05:54:50.998+0000] {dag.py:2705} INFO - Sync 1 DAGs
[2023-05-14T05:54:51.016+0000] {logging_mixin.py:137} INFO - [2023-05-14T05:54:51.016+0000] {dag.py:3456} INFO - Setting next_dagrun for example_nested_branch_dag to 2023-05-13T00:00:00+00:00, run_after=2023-05-14T00:00:00+00:00
[2023-05-14T05:54:51.032+0000] {processor.py:175} INFO - Processing /home/airflow/.local/lib/python3.7/site-packages/airflow/example_dags/example_nested_branch_dag.py took 0.081 seconds
[2023-05-14T05:55:21.368+0000] {processor.py:153} INFO - Started process (PID=13780) to work on /home/airflow/.local/lib/python3.7/site-packages/airflow/example_dags/example_nested_branch_dag.py
[2023-05-14T05:55:21.370+0000] {processor.py:743} INFO - Processing file /home/airflow/.local/lib/python3.7/site-packages/airflow/example_dags/example_nested_branch_dag.py for tasks to queue
[2023-05-14T05:55:21.372+0000] {logging_mixin.py:137} INFO - [2023-05-14T05:55:21.372+0000] {dagbag.py:532} INFO - Filling up the DagBag from /home/airflow/.local/lib/python3.7/site-packages/airflow/example_dags/example_nested_branch_dag.py
[2023-05-14T05:55:21.390+0000] {processor.py:753} INFO - DAG(s) dict_keys(['example_nested_branch_dag']) retrieved from /home/airflow/.local/lib/python3.7/site-packages/airflow/example_dags/example_nested_branch_dag.py
[2023-05-14T05:55:21.414+0000] {logging_mixin.py:137} INFO - [2023-05-14T05:55:21.414+0000] {dag.py:2705} INFO - Sync 1 DAGs
[2023-05-14T05:55:21.435+0000] {logging_mixin.py:137} INFO - [2023-05-14T05:55:21.435+0000] {dag.py:3456} INFO - Setting next_dagrun for example_nested_branch_dag to 2023-05-13T00:00:00+00:00, run_after=2023-05-14T00:00:00+00:00
[2023-05-14T05:55:21.450+0000] {processor.py:175} INFO - Processing /home/airflow/.local/lib/python3.7/site-packages/airflow/example_dags/example_nested_branch_dag.py took 0.085 seconds
[2023-05-14T05:55:51.709+0000] {processor.py:153} INFO - Started process (PID=14006) to work on /home/airflow/.local/lib/python3.7/site-packages/airflow/example_dags/example_nested_branch_dag.py
[2023-05-14T05:55:51.711+0000] {processor.py:743} INFO - Processing file /home/airflow/.local/lib/python3.7/site-packages/airflow/example_dags/example_nested_branch_dag.py for tasks to queue
[2023-05-14T05:55:51.713+0000] {logging_mixin.py:137} INFO - [2023-05-14T05:55:51.712+0000] {dagbag.py:532} INFO - Filling up the DagBag from /home/airflow/.local/lib/python3.7/site-packages/airflow/example_dags/example_nested_branch_dag.py
[2023-05-14T05:55:51.731+0000] {processor.py:753} INFO - DAG(s) dict_keys(['example_nested_branch_dag']) retrieved from /home/airflow/.local/lib/python3.7/site-packages/airflow/example_dags/example_nested_branch_dag.py
[2023-05-14T05:55:51.754+0000] {logging_mixin.py:137} INFO - [2023-05-14T05:55:51.754+0000] {dag.py:2705} INFO - Sync 1 DAGs
[2023-05-14T05:55:51.771+0000] {logging_mixin.py:137} INFO - [2023-05-14T05:55:51.771+0000] {dag.py:3456} INFO - Setting next_dagrun for example_nested_branch_dag to 2023-05-13T00:00:00+00:00, run_after=2023-05-14T00:00:00+00:00
[2023-05-14T05:55:51.783+0000] {processor.py:175} INFO - Processing /home/airflow/.local/lib/python3.7/site-packages/airflow/example_dags/example_nested_branch_dag.py took 0.077 seconds
[2023-05-14T05:56:21.977+0000] {processor.py:153} INFO - Started process (PID=14228) to work on /home/airflow/.local/lib/python3.7/site-packages/airflow/example_dags/example_nested_branch_dag.py
[2023-05-14T05:56:21.980+0000] {processor.py:743} INFO - Processing file /home/airflow/.local/lib/python3.7/site-packages/airflow/example_dags/example_nested_branch_dag.py for tasks to queue
[2023-05-14T05:56:22.001+0000] {logging_mixin.py:137} INFO - [2023-05-14T05:56:22.001+0000] {dagbag.py:532} INFO - Filling up the DagBag from /home/airflow/.local/lib/python3.7/site-packages/airflow/example_dags/example_nested_branch_dag.py
[2023-05-14T05:56:22.029+0000] {processor.py:753} INFO - DAG(s) dict_keys(['example_nested_branch_dag']) retrieved from /home/airflow/.local/lib/python3.7/site-packages/airflow/example_dags/example_nested_branch_dag.py
[2023-05-14T05:56:22.055+0000] {logging_mixin.py:137} INFO - [2023-05-14T05:56:22.055+0000] {dag.py:2705} INFO - Sync 1 DAGs
[2023-05-14T05:56:22.083+0000] {logging_mixin.py:137} INFO - [2023-05-14T05:56:22.083+0000] {dag.py:3456} INFO - Setting next_dagrun for example_nested_branch_dag to 2023-05-13T00:00:00+00:00, run_after=2023-05-14T00:00:00+00:00
[2023-05-14T05:56:22.101+0000] {processor.py:175} INFO - Processing /home/airflow/.local/lib/python3.7/site-packages/airflow/example_dags/example_nested_branch_dag.py took 0.127 seconds
[2023-05-14T05:56:52.805+0000] {processor.py:153} INFO - Started process (PID=14452) to work on /home/airflow/.local/lib/python3.7/site-packages/airflow/example_dags/example_nested_branch_dag.py
[2023-05-14T05:56:52.807+0000] {processor.py:743} INFO - Processing file /home/airflow/.local/lib/python3.7/site-packages/airflow/example_dags/example_nested_branch_dag.py for tasks to queue
[2023-05-14T05:56:52.808+0000] {logging_mixin.py:137} INFO - [2023-05-14T05:56:52.808+0000] {dagbag.py:532} INFO - Filling up the DagBag from /home/airflow/.local/lib/python3.7/site-packages/airflow/example_dags/example_nested_branch_dag.py
[2023-05-14T05:56:52.830+0000] {processor.py:753} INFO - DAG(s) dict_keys(['example_nested_branch_dag']) retrieved from /home/airflow/.local/lib/python3.7/site-packages/airflow/example_dags/example_nested_branch_dag.py
[2023-05-14T05:56:52.855+0000] {logging_mixin.py:137} INFO - [2023-05-14T05:56:52.855+0000] {dag.py:2705} INFO - Sync 1 DAGs
[2023-05-14T05:56:52.876+0000] {logging_mixin.py:137} INFO - [2023-05-14T05:56:52.876+0000] {dag.py:3456} INFO - Setting next_dagrun for example_nested_branch_dag to 2023-05-13T00:00:00+00:00, run_after=2023-05-14T00:00:00+00:00
[2023-05-14T05:56:52.893+0000] {processor.py:175} INFO - Processing /home/airflow/.local/lib/python3.7/site-packages/airflow/example_dags/example_nested_branch_dag.py took 0.092 seconds
[2023-05-14T05:57:23.692+0000] {processor.py:153} INFO - Started process (PID=14676) to work on /home/airflow/.local/lib/python3.7/site-packages/airflow/example_dags/example_nested_branch_dag.py
[2023-05-14T05:57:23.694+0000] {processor.py:743} INFO - Processing file /home/airflow/.local/lib/python3.7/site-packages/airflow/example_dags/example_nested_branch_dag.py for tasks to queue
[2023-05-14T05:57:23.695+0000] {logging_mixin.py:137} INFO - [2023-05-14T05:57:23.695+0000] {dagbag.py:532} INFO - Filling up the DagBag from /home/airflow/.local/lib/python3.7/site-packages/airflow/example_dags/example_nested_branch_dag.py
[2023-05-14T05:57:23.716+0000] {processor.py:753} INFO - DAG(s) dict_keys(['example_nested_branch_dag']) retrieved from /home/airflow/.local/lib/python3.7/site-packages/airflow/example_dags/example_nested_branch_dag.py
[2023-05-14T05:57:23.739+0000] {logging_mixin.py:137} INFO - [2023-05-14T05:57:23.739+0000] {dag.py:2705} INFO - Sync 1 DAGs
[2023-05-14T05:57:23.758+0000] {logging_mixin.py:137} INFO - [2023-05-14T05:57:23.758+0000] {dag.py:3456} INFO - Setting next_dagrun for example_nested_branch_dag to 2023-05-13T00:00:00+00:00, run_after=2023-05-14T00:00:00+00:00
[2023-05-14T05:57:23.773+0000] {processor.py:175} INFO - Processing /home/airflow/.local/lib/python3.7/site-packages/airflow/example_dags/example_nested_branch_dag.py took 0.084 seconds
[2023-05-14T05:57:54.018+0000] {processor.py:153} INFO - Started process (PID=14900) to work on /home/airflow/.local/lib/python3.7/site-packages/airflow/example_dags/example_nested_branch_dag.py
[2023-05-14T05:57:54.020+0000] {processor.py:743} INFO - Processing file /home/airflow/.local/lib/python3.7/site-packages/airflow/example_dags/example_nested_branch_dag.py for tasks to queue
[2023-05-14T05:57:54.022+0000] {logging_mixin.py:137} INFO - [2023-05-14T05:57:54.022+0000] {dagbag.py:532} INFO - Filling up the DagBag from /home/airflow/.local/lib/python3.7/site-packages/airflow/example_dags/example_nested_branch_dag.py
[2023-05-14T05:57:54.043+0000] {processor.py:753} INFO - DAG(s) dict_keys(['example_nested_branch_dag']) retrieved from /home/airflow/.local/lib/python3.7/site-packages/airflow/example_dags/example_nested_branch_dag.py
[2023-05-14T05:57:54.065+0000] {logging_mixin.py:137} INFO - [2023-05-14T05:57:54.065+0000] {dag.py:2705} INFO - Sync 1 DAGs
[2023-05-14T05:57:54.084+0000] {logging_mixin.py:137} INFO - [2023-05-14T05:57:54.084+0000] {dag.py:3456} INFO - Setting next_dagrun for example_nested_branch_dag to 2023-05-13T00:00:00+00:00, run_after=2023-05-14T00:00:00+00:00
[2023-05-14T05:57:54.098+0000] {processor.py:175} INFO - Processing /home/airflow/.local/lib/python3.7/site-packages/airflow/example_dags/example_nested_branch_dag.py took 0.083 seconds
[2023-05-14T05:58:24.339+0000] {processor.py:153} INFO - Started process (PID=15124) to work on /home/airflow/.local/lib/python3.7/site-packages/airflow/example_dags/example_nested_branch_dag.py
[2023-05-14T05:58:24.341+0000] {processor.py:743} INFO - Processing file /home/airflow/.local/lib/python3.7/site-packages/airflow/example_dags/example_nested_branch_dag.py for tasks to queue
[2023-05-14T05:58:24.342+0000] {logging_mixin.py:137} INFO - [2023-05-14T05:58:24.342+0000] {dagbag.py:532} INFO - Filling up the DagBag from /home/airflow/.local/lib/python3.7/site-packages/airflow/example_dags/example_nested_branch_dag.py
[2023-05-14T05:58:24.371+0000] {processor.py:753} INFO - DAG(s) dict_keys(['example_nested_branch_dag']) retrieved from /home/airflow/.local/lib/python3.7/site-packages/airflow/example_dags/example_nested_branch_dag.py
[2023-05-14T05:58:24.396+0000] {logging_mixin.py:137} INFO - [2023-05-14T05:58:24.396+0000] {dag.py:2705} INFO - Sync 1 DAGs
[2023-05-14T05:58:24.418+0000] {logging_mixin.py:137} INFO - [2023-05-14T05:58:24.418+0000] {dag.py:3456} INFO - Setting next_dagrun for example_nested_branch_dag to 2023-05-13T00:00:00+00:00, run_after=2023-05-14T00:00:00+00:00
[2023-05-14T05:58:24.435+0000] {processor.py:175} INFO - Processing /home/airflow/.local/lib/python3.7/site-packages/airflow/example_dags/example_nested_branch_dag.py took 0.099 seconds
[2023-05-14T05:58:54.591+0000] {processor.py:153} INFO - Started process (PID=15348) to work on /home/airflow/.local/lib/python3.7/site-packages/airflow/example_dags/example_nested_branch_dag.py
[2023-05-14T05:58:54.593+0000] {processor.py:743} INFO - Processing file /home/airflow/.local/lib/python3.7/site-packages/airflow/example_dags/example_nested_branch_dag.py for tasks to queue
[2023-05-14T05:58:54.595+0000] {logging_mixin.py:137} INFO - [2023-05-14T05:58:54.595+0000] {dagbag.py:532} INFO - Filling up the DagBag from /home/airflow/.local/lib/python3.7/site-packages/airflow/example_dags/example_nested_branch_dag.py
[2023-05-14T05:58:54.617+0000] {processor.py:753} INFO - DAG(s) dict_keys(['example_nested_branch_dag']) retrieved from /home/airflow/.local/lib/python3.7/site-packages/airflow/example_dags/example_nested_branch_dag.py
[2023-05-14T05:58:54.639+0000] {logging_mixin.py:137} INFO - [2023-05-14T05:58:54.638+0000] {dag.py:2705} INFO - Sync 1 DAGs
[2023-05-14T05:58:54.658+0000] {logging_mixin.py:137} INFO - [2023-05-14T05:58:54.658+0000] {dag.py:3456} INFO - Setting next_dagrun for example_nested_branch_dag to 2023-05-13T00:00:00+00:00, run_after=2023-05-14T00:00:00+00:00
[2023-05-14T05:58:54.670+0000] {processor.py:175} INFO - Processing /home/airflow/.local/lib/python3.7/site-packages/airflow/example_dags/example_nested_branch_dag.py took 0.083 seconds
[2023-05-14T05:59:25.029+0000] {processor.py:153} INFO - Started process (PID=15572) to work on /home/airflow/.local/lib/python3.7/site-packages/airflow/example_dags/example_nested_branch_dag.py
[2023-05-14T05:59:25.031+0000] {processor.py:743} INFO - Processing file /home/airflow/.local/lib/python3.7/site-packages/airflow/example_dags/example_nested_branch_dag.py for tasks to queue
[2023-05-14T05:59:25.036+0000] {logging_mixin.py:137} INFO - [2023-05-14T05:59:25.036+0000] {dagbag.py:532} INFO - Filling up the DagBag from /home/airflow/.local/lib/python3.7/site-packages/airflow/example_dags/example_nested_branch_dag.py
[2023-05-14T05:59:25.064+0000] {processor.py:753} INFO - DAG(s) dict_keys(['example_nested_branch_dag']) retrieved from /home/airflow/.local/lib/python3.7/site-packages/airflow/example_dags/example_nested_branch_dag.py
[2023-05-14T05:59:25.087+0000] {logging_mixin.py:137} INFO - [2023-05-14T05:59:25.087+0000] {dag.py:2705} INFO - Sync 1 DAGs
[2023-05-14T05:59:25.107+0000] {logging_mixin.py:137} INFO - [2023-05-14T05:59:25.107+0000] {dag.py:3456} INFO - Setting next_dagrun for example_nested_branch_dag to 2023-05-13T00:00:00+00:00, run_after=2023-05-14T00:00:00+00:00
[2023-05-14T05:59:25.122+0000] {processor.py:175} INFO - Processing /home/airflow/.local/lib/python3.7/site-packages/airflow/example_dags/example_nested_branch_dag.py took 0.096 seconds
[2023-05-14T05:59:55.446+0000] {processor.py:153} INFO - Started process (PID=15796) to work on /home/airflow/.local/lib/python3.7/site-packages/airflow/example_dags/example_nested_branch_dag.py
[2023-05-14T05:59:55.448+0000] {processor.py:743} INFO - Processing file /home/airflow/.local/lib/python3.7/site-packages/airflow/example_dags/example_nested_branch_dag.py for tasks to queue
[2023-05-14T05:59:55.449+0000] {logging_mixin.py:137} INFO - [2023-05-14T05:59:55.449+0000] {dagbag.py:532} INFO - Filling up the DagBag from /home/airflow/.local/lib/python3.7/site-packages/airflow/example_dags/example_nested_branch_dag.py
[2023-05-14T05:59:55.472+0000] {processor.py:753} INFO - DAG(s) dict_keys(['example_nested_branch_dag']) retrieved from /home/airflow/.local/lib/python3.7/site-packages/airflow/example_dags/example_nested_branch_dag.py
[2023-05-14T05:59:55.499+0000] {logging_mixin.py:137} INFO - [2023-05-14T05:59:55.499+0000] {dag.py:2705} INFO - Sync 1 DAGs
[2023-05-14T05:59:55.521+0000] {logging_mixin.py:137} INFO - [2023-05-14T05:59:55.521+0000] {dag.py:3456} INFO - Setting next_dagrun for example_nested_branch_dag to 2023-05-13T00:00:00+00:00, run_after=2023-05-14T00:00:00+00:00
[2023-05-14T05:59:55.539+0000] {processor.py:175} INFO - Processing /home/airflow/.local/lib/python3.7/site-packages/airflow/example_dags/example_nested_branch_dag.py took 0.096 seconds
[2023-05-14T06:00:25.696+0000] {processor.py:153} INFO - Started process (PID=16020) to work on /home/airflow/.local/lib/python3.7/site-packages/airflow/example_dags/example_nested_branch_dag.py
[2023-05-14T06:00:25.698+0000] {processor.py:743} INFO - Processing file /home/airflow/.local/lib/python3.7/site-packages/airflow/example_dags/example_nested_branch_dag.py for tasks to queue
[2023-05-14T06:00:25.699+0000] {logging_mixin.py:137} INFO - [2023-05-14T06:00:25.699+0000] {dagbag.py:532} INFO - Filling up the DagBag from /home/airflow/.local/lib/python3.7/site-packages/airflow/example_dags/example_nested_branch_dag.py
[2023-05-14T06:00:25.720+0000] {processor.py:753} INFO - DAG(s) dict_keys(['example_nested_branch_dag']) retrieved from /home/airflow/.local/lib/python3.7/site-packages/airflow/example_dags/example_nested_branch_dag.py
[2023-05-14T06:00:25.745+0000] {logging_mixin.py:137} INFO - [2023-05-14T06:00:25.745+0000] {dag.py:2705} INFO - Sync 1 DAGs
[2023-05-14T06:00:25.769+0000] {logging_mixin.py:137} INFO - [2023-05-14T06:00:25.769+0000] {dag.py:3456} INFO - Setting next_dagrun for example_nested_branch_dag to 2023-05-13T00:00:00+00:00, run_after=2023-05-14T00:00:00+00:00
[2023-05-14T06:00:25.786+0000] {processor.py:175} INFO - Processing /home/airflow/.local/lib/python3.7/site-packages/airflow/example_dags/example_nested_branch_dag.py took 0.094 seconds
[2023-05-14T06:00:56.590+0000] {processor.py:153} INFO - Started process (PID=16244) to work on /home/airflow/.local/lib/python3.7/site-packages/airflow/example_dags/example_nested_branch_dag.py
[2023-05-14T06:00:56.594+0000] {processor.py:743} INFO - Processing file /home/airflow/.local/lib/python3.7/site-packages/airflow/example_dags/example_nested_branch_dag.py for tasks to queue
[2023-05-14T06:00:56.596+0000] {logging_mixin.py:137} INFO - [2023-05-14T06:00:56.595+0000] {dagbag.py:532} INFO - Filling up the DagBag from /home/airflow/.local/lib/python3.7/site-packages/airflow/example_dags/example_nested_branch_dag.py
[2023-05-14T06:00:56.617+0000] {processor.py:753} INFO - DAG(s) dict_keys(['example_nested_branch_dag']) retrieved from /home/airflow/.local/lib/python3.7/site-packages/airflow/example_dags/example_nested_branch_dag.py
[2023-05-14T06:00:56.640+0000] {logging_mixin.py:137} INFO - [2023-05-14T06:00:56.640+0000] {dag.py:2705} INFO - Sync 1 DAGs
[2023-05-14T06:00:56.661+0000] {logging_mixin.py:137} INFO - [2023-05-14T06:00:56.661+0000] {dag.py:3456} INFO - Setting next_dagrun for example_nested_branch_dag to 2023-05-13T00:00:00+00:00, run_after=2023-05-14T00:00:00+00:00
[2023-05-14T06:00:56.680+0000] {processor.py:175} INFO - Processing /home/airflow/.local/lib/python3.7/site-packages/airflow/example_dags/example_nested_branch_dag.py took 0.094 seconds
[2023-05-14T06:01:27.104+0000] {processor.py:153} INFO - Started process (PID=16472) to work on /home/airflow/.local/lib/python3.7/site-packages/airflow/example_dags/example_nested_branch_dag.py
[2023-05-14T06:01:27.106+0000] {processor.py:743} INFO - Processing file /home/airflow/.local/lib/python3.7/site-packages/airflow/example_dags/example_nested_branch_dag.py for tasks to queue
[2023-05-14T06:01:27.108+0000] {logging_mixin.py:137} INFO - [2023-05-14T06:01:27.108+0000] {dagbag.py:532} INFO - Filling up the DagBag from /home/airflow/.local/lib/python3.7/site-packages/airflow/example_dags/example_nested_branch_dag.py
[2023-05-14T06:01:27.129+0000] {processor.py:753} INFO - DAG(s) dict_keys(['example_nested_branch_dag']) retrieved from /home/airflow/.local/lib/python3.7/site-packages/airflow/example_dags/example_nested_branch_dag.py
[2023-05-14T06:01:27.152+0000] {logging_mixin.py:137} INFO - [2023-05-14T06:01:27.152+0000] {dag.py:2705} INFO - Sync 1 DAGs
[2023-05-14T06:01:27.171+0000] {logging_mixin.py:137} INFO - [2023-05-14T06:01:27.170+0000] {dag.py:3456} INFO - Setting next_dagrun for example_nested_branch_dag to 2023-05-13T00:00:00+00:00, run_after=2023-05-14T00:00:00+00:00
[2023-05-14T06:01:27.205+0000] {processor.py:175} INFO - Processing /home/airflow/.local/lib/python3.7/site-packages/airflow/example_dags/example_nested_branch_dag.py took 0.104 seconds
[2023-05-14T06:01:57.754+0000] {processor.py:153} INFO - Started process (PID=16696) to work on /home/airflow/.local/lib/python3.7/site-packages/airflow/example_dags/example_nested_branch_dag.py
[2023-05-14T06:01:57.756+0000] {processor.py:743} INFO - Processing file /home/airflow/.local/lib/python3.7/site-packages/airflow/example_dags/example_nested_branch_dag.py for tasks to queue
[2023-05-14T06:01:57.757+0000] {logging_mixin.py:137} INFO - [2023-05-14T06:01:57.757+0000] {dagbag.py:532} INFO - Filling up the DagBag from /home/airflow/.local/lib/python3.7/site-packages/airflow/example_dags/example_nested_branch_dag.py
[2023-05-14T06:01:57.781+0000] {processor.py:753} INFO - DAG(s) dict_keys(['example_nested_branch_dag']) retrieved from /home/airflow/.local/lib/python3.7/site-packages/airflow/example_dags/example_nested_branch_dag.py
[2023-05-14T06:01:57.807+0000] {logging_mixin.py:137} INFO - [2023-05-14T06:01:57.807+0000] {dag.py:2705} INFO - Sync 1 DAGs
[2023-05-14T06:01:57.828+0000] {logging_mixin.py:137} INFO - [2023-05-14T06:01:57.827+0000] {dag.py:3456} INFO - Setting next_dagrun for example_nested_branch_dag to 2023-05-13T00:00:00+00:00, run_after=2023-05-14T00:00:00+00:00
[2023-05-14T06:01:57.844+0000] {processor.py:175} INFO - Processing /home/airflow/.local/lib/python3.7/site-packages/airflow/example_dags/example_nested_branch_dag.py took 0.093 seconds
[2023-05-14T06:02:28.186+0000] {processor.py:153} INFO - Started process (PID=16931) to work on /home/airflow/.local/lib/python3.7/site-packages/airflow/example_dags/example_nested_branch_dag.py
[2023-05-14T06:02:28.190+0000] {processor.py:743} INFO - Processing file /home/airflow/.local/lib/python3.7/site-packages/airflow/example_dags/example_nested_branch_dag.py for tasks to queue
[2023-05-14T06:02:28.191+0000] {logging_mixin.py:137} INFO - [2023-05-14T06:02:28.191+0000] {dagbag.py:532} INFO - Filling up the DagBag from /home/airflow/.local/lib/python3.7/site-packages/airflow/example_dags/example_nested_branch_dag.py
[2023-05-14T06:02:28.214+0000] {processor.py:753} INFO - DAG(s) dict_keys(['example_nested_branch_dag']) retrieved from /home/airflow/.local/lib/python3.7/site-packages/airflow/example_dags/example_nested_branch_dag.py
[2023-05-14T06:02:28.239+0000] {logging_mixin.py:137} INFO - [2023-05-14T06:02:28.239+0000] {dag.py:2705} INFO - Sync 1 DAGs
[2023-05-14T06:02:28.261+0000] {logging_mixin.py:137} INFO - [2023-05-14T06:02:28.261+0000] {dag.py:3456} INFO - Setting next_dagrun for example_nested_branch_dag to 2023-05-13T00:00:00+00:00, run_after=2023-05-14T00:00:00+00:00
[2023-05-14T06:02:28.273+0000] {processor.py:175} INFO - Processing /home/airflow/.local/lib/python3.7/site-packages/airflow/example_dags/example_nested_branch_dag.py took 0.090 seconds
[2023-05-14T06:02:58.755+0000] {processor.py:153} INFO - Started process (PID=17153) to work on /home/airflow/.local/lib/python3.7/site-packages/airflow/example_dags/example_nested_branch_dag.py
[2023-05-14T06:02:58.757+0000] {processor.py:743} INFO - Processing file /home/airflow/.local/lib/python3.7/site-packages/airflow/example_dags/example_nested_branch_dag.py for tasks to queue
[2023-05-14T06:02:58.758+0000] {logging_mixin.py:137} INFO - [2023-05-14T06:02:58.758+0000] {dagbag.py:532} INFO - Filling up the DagBag from /home/airflow/.local/lib/python3.7/site-packages/airflow/example_dags/example_nested_branch_dag.py
[2023-05-14T06:02:58.787+0000] {processor.py:753} INFO - DAG(s) dict_keys(['example_nested_branch_dag']) retrieved from /home/airflow/.local/lib/python3.7/site-packages/airflow/example_dags/example_nested_branch_dag.py
[2023-05-14T06:02:58.818+0000] {logging_mixin.py:137} INFO - [2023-05-14T06:02:58.818+0000] {dag.py:2705} INFO - Sync 1 DAGs
[2023-05-14T06:02:58.841+0000] {logging_mixin.py:137} INFO - [2023-05-14T06:02:58.841+0000] {dag.py:3456} INFO - Setting next_dagrun for example_nested_branch_dag to 2023-05-13T00:00:00+00:00, run_after=2023-05-14T00:00:00+00:00
[2023-05-14T06:02:58.866+0000] {processor.py:175} INFO - Processing /home/airflow/.local/lib/python3.7/site-packages/airflow/example_dags/example_nested_branch_dag.py took 0.115 seconds
[2023-05-14T06:03:29.212+0000] {processor.py:153} INFO - Started process (PID=17380) to work on /home/airflow/.local/lib/python3.7/site-packages/airflow/example_dags/example_nested_branch_dag.py
[2023-05-14T06:03:29.216+0000] {processor.py:743} INFO - Processing file /home/airflow/.local/lib/python3.7/site-packages/airflow/example_dags/example_nested_branch_dag.py for tasks to queue
[2023-05-14T06:03:29.218+0000] {logging_mixin.py:137} INFO - [2023-05-14T06:03:29.218+0000] {dagbag.py:532} INFO - Filling up the DagBag from /home/airflow/.local/lib/python3.7/site-packages/airflow/example_dags/example_nested_branch_dag.py
[2023-05-14T06:03:29.238+0000] {processor.py:753} INFO - DAG(s) dict_keys(['example_nested_branch_dag']) retrieved from /home/airflow/.local/lib/python3.7/site-packages/airflow/example_dags/example_nested_branch_dag.py
[2023-05-14T06:03:29.260+0000] {logging_mixin.py:137} INFO - [2023-05-14T06:03:29.260+0000] {dag.py:2705} INFO - Sync 1 DAGs
[2023-05-14T06:03:29.278+0000] {logging_mixin.py:137} INFO - [2023-05-14T06:03:29.278+0000] {dag.py:3456} INFO - Setting next_dagrun for example_nested_branch_dag to 2023-05-13T00:00:00+00:00, run_after=2023-05-14T00:00:00+00:00
[2023-05-14T06:03:29.289+0000] {processor.py:175} INFO - Processing /home/airflow/.local/lib/python3.7/site-packages/airflow/example_dags/example_nested_branch_dag.py took 0.083 seconds
[2023-05-14T06:03:59.933+0000] {processor.py:153} INFO - Started process (PID=17603) to work on /home/airflow/.local/lib/python3.7/site-packages/airflow/example_dags/example_nested_branch_dag.py
[2023-05-14T06:03:59.942+0000] {processor.py:743} INFO - Processing file /home/airflow/.local/lib/python3.7/site-packages/airflow/example_dags/example_nested_branch_dag.py for tasks to queue
[2023-05-14T06:03:59.946+0000] {logging_mixin.py:137} INFO - [2023-05-14T06:03:59.946+0000] {dagbag.py:532} INFO - Filling up the DagBag from /home/airflow/.local/lib/python3.7/site-packages/airflow/example_dags/example_nested_branch_dag.py
[2023-05-14T06:03:59.971+0000] {processor.py:753} INFO - DAG(s) dict_keys(['example_nested_branch_dag']) retrieved from /home/airflow/.local/lib/python3.7/site-packages/airflow/example_dags/example_nested_branch_dag.py
[2023-05-14T06:04:00.055+0000] {logging_mixin.py:137} INFO - [2023-05-14T06:04:00.055+0000] {dag.py:2705} INFO - Sync 1 DAGs
[2023-05-14T06:04:00.088+0000] {logging_mixin.py:137} INFO - [2023-05-14T06:04:00.088+0000] {dag.py:3456} INFO - Setting next_dagrun for example_nested_branch_dag to 2023-05-13T00:00:00+00:00, run_after=2023-05-14T00:00:00+00:00
[2023-05-14T06:04:00.102+0000] {processor.py:175} INFO - Processing /home/airflow/.local/lib/python3.7/site-packages/airflow/example_dags/example_nested_branch_dag.py took 0.172 seconds
[2023-05-14T06:04:30.337+0000] {processor.py:153} INFO - Started process (PID=17833) to work on /home/airflow/.local/lib/python3.7/site-packages/airflow/example_dags/example_nested_branch_dag.py
[2023-05-14T06:04:30.342+0000] {processor.py:743} INFO - Processing file /home/airflow/.local/lib/python3.7/site-packages/airflow/example_dags/example_nested_branch_dag.py for tasks to queue
[2023-05-14T06:04:30.344+0000] {logging_mixin.py:137} INFO - [2023-05-14T06:04:30.344+0000] {dagbag.py:532} INFO - Filling up the DagBag from /home/airflow/.local/lib/python3.7/site-packages/airflow/example_dags/example_nested_branch_dag.py
[2023-05-14T06:04:30.366+0000] {processor.py:753} INFO - DAG(s) dict_keys(['example_nested_branch_dag']) retrieved from /home/airflow/.local/lib/python3.7/site-packages/airflow/example_dags/example_nested_branch_dag.py
[2023-05-14T06:04:30.388+0000] {logging_mixin.py:137} INFO - [2023-05-14T06:04:30.388+0000] {dag.py:2705} INFO - Sync 1 DAGs
[2023-05-14T06:04:30.406+0000] {logging_mixin.py:137} INFO - [2023-05-14T06:04:30.406+0000] {dag.py:3456} INFO - Setting next_dagrun for example_nested_branch_dag to 2023-05-13T00:00:00+00:00, run_after=2023-05-14T00:00:00+00:00
[2023-05-14T06:04:30.422+0000] {processor.py:175} INFO - Processing /home/airflow/.local/lib/python3.7/site-packages/airflow/example_dags/example_nested_branch_dag.py took 0.088 seconds
[2023-05-14T06:05:00.494+0000] {processor.py:153} INFO - Started process (PID=18057) to work on /home/airflow/.local/lib/python3.7/site-packages/airflow/example_dags/example_nested_branch_dag.py
[2023-05-14T06:05:00.496+0000] {processor.py:743} INFO - Processing file /home/airflow/.local/lib/python3.7/site-packages/airflow/example_dags/example_nested_branch_dag.py for tasks to queue
[2023-05-14T06:05:00.497+0000] {logging_mixin.py:137} INFO - [2023-05-14T06:05:00.497+0000] {dagbag.py:532} INFO - Filling up the DagBag from /home/airflow/.local/lib/python3.7/site-packages/airflow/example_dags/example_nested_branch_dag.py
[2023-05-14T06:05:00.517+0000] {processor.py:753} INFO - DAG(s) dict_keys(['example_nested_branch_dag']) retrieved from /home/airflow/.local/lib/python3.7/site-packages/airflow/example_dags/example_nested_branch_dag.py
[2023-05-14T06:05:00.541+0000] {logging_mixin.py:137} INFO - [2023-05-14T06:05:00.541+0000] {dag.py:2705} INFO - Sync 1 DAGs
[2023-05-14T06:05:00.560+0000] {logging_mixin.py:137} INFO - [2023-05-14T06:05:00.560+0000] {dag.py:3456} INFO - Setting next_dagrun for example_nested_branch_dag to 2023-05-13T00:00:00+00:00, run_after=2023-05-14T00:00:00+00:00
[2023-05-14T06:05:00.580+0000] {processor.py:175} INFO - Processing /home/airflow/.local/lib/python3.7/site-packages/airflow/example_dags/example_nested_branch_dag.py took 0.090 seconds
[2023-05-14T06:05:31.454+0000] {processor.py:153} INFO - Started process (PID=18283) to work on /home/airflow/.local/lib/python3.7/site-packages/airflow/example_dags/example_nested_branch_dag.py
[2023-05-14T06:05:31.457+0000] {processor.py:743} INFO - Processing file /home/airflow/.local/lib/python3.7/site-packages/airflow/example_dags/example_nested_branch_dag.py for tasks to queue
[2023-05-14T06:05:31.458+0000] {logging_mixin.py:137} INFO - [2023-05-14T06:05:31.458+0000] {dagbag.py:532} INFO - Filling up the DagBag from /home/airflow/.local/lib/python3.7/site-packages/airflow/example_dags/example_nested_branch_dag.py
[2023-05-14T06:05:31.486+0000] {processor.py:753} INFO - DAG(s) dict_keys(['example_nested_branch_dag']) retrieved from /home/airflow/.local/lib/python3.7/site-packages/airflow/example_dags/example_nested_branch_dag.py
[2023-05-14T06:05:31.511+0000] {logging_mixin.py:137} INFO - [2023-05-14T06:05:31.511+0000] {dag.py:2705} INFO - Sync 1 DAGs
[2023-05-14T06:05:31.528+0000] {logging_mixin.py:137} INFO - [2023-05-14T06:05:31.528+0000] {dag.py:3456} INFO - Setting next_dagrun for example_nested_branch_dag to 2023-05-13T00:00:00+00:00, run_after=2023-05-14T00:00:00+00:00
[2023-05-14T06:05:31.543+0000] {processor.py:175} INFO - Processing /home/airflow/.local/lib/python3.7/site-packages/airflow/example_dags/example_nested_branch_dag.py took 0.091 seconds
[2023-05-14T06:06:01.604+0000] {processor.py:153} INFO - Started process (PID=18506) to work on /home/airflow/.local/lib/python3.7/site-packages/airflow/example_dags/example_nested_branch_dag.py
[2023-05-14T06:06:01.609+0000] {processor.py:743} INFO - Processing file /home/airflow/.local/lib/python3.7/site-packages/airflow/example_dags/example_nested_branch_dag.py for tasks to queue
[2023-05-14T06:06:01.612+0000] {logging_mixin.py:137} INFO - [2023-05-14T06:06:01.611+0000] {dagbag.py:532} INFO - Filling up the DagBag from /home/airflow/.local/lib/python3.7/site-packages/airflow/example_dags/example_nested_branch_dag.py
[2023-05-14T06:06:01.653+0000] {processor.py:753} INFO - DAG(s) dict_keys(['example_nested_branch_dag']) retrieved from /home/airflow/.local/lib/python3.7/site-packages/airflow/example_dags/example_nested_branch_dag.py
[2023-05-14T06:06:01.700+0000] {logging_mixin.py:137} INFO - [2023-05-14T06:06:01.700+0000] {dag.py:2705} INFO - Sync 1 DAGs
[2023-05-14T06:06:01.722+0000] {logging_mixin.py:137} INFO - [2023-05-14T06:06:01.722+0000] {dag.py:3456} INFO - Setting next_dagrun for example_nested_branch_dag to 2023-05-13T00:00:00+00:00, run_after=2023-05-14T00:00:00+00:00
[2023-05-14T06:06:01.746+0000] {processor.py:175} INFO - Processing /home/airflow/.local/lib/python3.7/site-packages/airflow/example_dags/example_nested_branch_dag.py took 0.146 seconds
[2023-05-14T06:06:32.175+0000] {processor.py:153} INFO - Started process (PID=18730) to work on /home/airflow/.local/lib/python3.7/site-packages/airflow/example_dags/example_nested_branch_dag.py
[2023-05-14T06:06:32.177+0000] {processor.py:743} INFO - Processing file /home/airflow/.local/lib/python3.7/site-packages/airflow/example_dags/example_nested_branch_dag.py for tasks to queue
[2023-05-14T06:06:32.178+0000] {logging_mixin.py:137} INFO - [2023-05-14T06:06:32.178+0000] {dagbag.py:532} INFO - Filling up the DagBag from /home/airflow/.local/lib/python3.7/site-packages/airflow/example_dags/example_nested_branch_dag.py
[2023-05-14T06:06:32.200+0000] {processor.py:753} INFO - DAG(s) dict_keys(['example_nested_branch_dag']) retrieved from /home/airflow/.local/lib/python3.7/site-packages/airflow/example_dags/example_nested_branch_dag.py
[2023-05-14T06:06:32.222+0000] {logging_mixin.py:137} INFO - [2023-05-14T06:06:32.222+0000] {dag.py:2705} INFO - Sync 1 DAGs
[2023-05-14T06:06:32.240+0000] {logging_mixin.py:137} INFO - [2023-05-14T06:06:32.240+0000] {dag.py:3456} INFO - Setting next_dagrun for example_nested_branch_dag to 2023-05-13T00:00:00+00:00, run_after=2023-05-14T00:00:00+00:00
[2023-05-14T06:06:32.254+0000] {processor.py:175} INFO - Processing /home/airflow/.local/lib/python3.7/site-packages/airflow/example_dags/example_nested_branch_dag.py took 0.082 seconds
[2023-05-14T06:07:02.575+0000] {processor.py:153} INFO - Started process (PID=18954) to work on /home/airflow/.local/lib/python3.7/site-packages/airflow/example_dags/example_nested_branch_dag.py
[2023-05-14T06:07:02.577+0000] {processor.py:743} INFO - Processing file /home/airflow/.local/lib/python3.7/site-packages/airflow/example_dags/example_nested_branch_dag.py for tasks to queue
[2023-05-14T06:07:02.578+0000] {logging_mixin.py:137} INFO - [2023-05-14T06:07:02.578+0000] {dagbag.py:532} INFO - Filling up the DagBag from /home/airflow/.local/lib/python3.7/site-packages/airflow/example_dags/example_nested_branch_dag.py
[2023-05-14T06:07:02.600+0000] {processor.py:753} INFO - DAG(s) dict_keys(['example_nested_branch_dag']) retrieved from /home/airflow/.local/lib/python3.7/site-packages/airflow/example_dags/example_nested_branch_dag.py
[2023-05-14T06:07:02.628+0000] {logging_mixin.py:137} INFO - [2023-05-14T06:07:02.628+0000] {dag.py:2705} INFO - Sync 1 DAGs
[2023-05-14T06:07:02.652+0000] {logging_mixin.py:137} INFO - [2023-05-14T06:07:02.652+0000] {dag.py:3456} INFO - Setting next_dagrun for example_nested_branch_dag to 2023-05-13T00:00:00+00:00, run_after=2023-05-14T00:00:00+00:00
[2023-05-14T06:07:02.666+0000] {processor.py:175} INFO - Processing /home/airflow/.local/lib/python3.7/site-packages/airflow/example_dags/example_nested_branch_dag.py took 0.094 seconds
