[2023-05-14T00:21:08.061+0000] {processor.py:153} INFO - Started process (PID=2978) to work on /home/airflow/.local/lib/python3.7/site-packages/airflow/example_dags/example_kubernetes_executor.py
[2023-05-14T00:21:08.062+0000] {processor.py:743} INFO - Processing file /home/airflow/.local/lib/python3.7/site-packages/airflow/example_dags/example_kubernetes_executor.py for tasks to queue
[2023-05-14T00:21:08.069+0000] {logging_mixin.py:137} INFO - [2023-05-14T00:21:08.069+0000] {dagbag.py:532} INFO - Filling up the DagBag from /home/airflow/.local/lib/python3.7/site-packages/airflow/example_dags/example_kubernetes_executor.py
[2023-05-14T00:21:08.091+0000] {processor.py:753} INFO - DAG(s) dict_keys(['example_kubernetes_executor']) retrieved from /home/airflow/.local/lib/python3.7/site-packages/airflow/example_dags/example_kubernetes_executor.py
[2023-05-14T00:21:08.118+0000] {logging_mixin.py:137} INFO - [2023-05-14T00:21:08.118+0000] {dag.py:2705} INFO - Sync 1 DAGs
[2023-05-14T00:21:08.134+0000] {logging_mixin.py:137} INFO - [2023-05-14T00:21:08.134+0000] {dag.py:3456} INFO - Setting next_dagrun for example_kubernetes_executor to None, run_after=None
[2023-05-14T00:21:08.147+0000] {processor.py:175} INFO - Processing /home/airflow/.local/lib/python3.7/site-packages/airflow/example_dags/example_kubernetes_executor.py took 0.089 seconds
[2023-05-14T01:15:59.474+0000] {processor.py:153} INFO - Started process (PID=3202) to work on /home/airflow/.local/lib/python3.7/site-packages/airflow/example_dags/example_kubernetes_executor.py
[2023-05-14T01:15:59.476+0000] {processor.py:743} INFO - Processing file /home/airflow/.local/lib/python3.7/site-packages/airflow/example_dags/example_kubernetes_executor.py for tasks to queue
[2023-05-14T01:15:59.478+0000] {logging_mixin.py:137} INFO - [2023-05-14T01:15:59.478+0000] {dagbag.py:532} INFO - Filling up the DagBag from /home/airflow/.local/lib/python3.7/site-packages/airflow/example_dags/example_kubernetes_executor.py
[2023-05-14T01:15:59.512+0000] {processor.py:753} INFO - DAG(s) dict_keys(['example_kubernetes_executor']) retrieved from /home/airflow/.local/lib/python3.7/site-packages/airflow/example_dags/example_kubernetes_executor.py
[2023-05-14T01:15:59.545+0000] {logging_mixin.py:137} INFO - [2023-05-14T01:15:59.545+0000] {dag.py:2705} INFO - Sync 1 DAGs
[2023-05-14T01:15:59.573+0000] {logging_mixin.py:137} INFO - [2023-05-14T01:15:59.573+0000] {dag.py:3456} INFO - Setting next_dagrun for example_kubernetes_executor to None, run_after=None
[2023-05-14T01:15:59.586+0000] {processor.py:175} INFO - Processing /home/airflow/.local/lib/python3.7/site-packages/airflow/example_dags/example_kubernetes_executor.py took 0.116 seconds
[2023-05-14T02:15:39.464+0000] {processor.py:153} INFO - Started process (PID=3425) to work on /home/airflow/.local/lib/python3.7/site-packages/airflow/example_dags/example_kubernetes_executor.py
[2023-05-14T02:15:39.466+0000] {processor.py:743} INFO - Processing file /home/airflow/.local/lib/python3.7/site-packages/airflow/example_dags/example_kubernetes_executor.py for tasks to queue
[2023-05-14T02:15:39.468+0000] {logging_mixin.py:137} INFO - [2023-05-14T02:15:39.468+0000] {dagbag.py:532} INFO - Filling up the DagBag from /home/airflow/.local/lib/python3.7/site-packages/airflow/example_dags/example_kubernetes_executor.py
[2023-05-14T02:15:39.491+0000] {processor.py:753} INFO - DAG(s) dict_keys(['example_kubernetes_executor']) retrieved from /home/airflow/.local/lib/python3.7/site-packages/airflow/example_dags/example_kubernetes_executor.py
[2023-05-14T02:15:39.527+0000] {logging_mixin.py:137} INFO - [2023-05-14T02:15:39.526+0000] {dag.py:2705} INFO - Sync 1 DAGs
[2023-05-14T02:15:39.549+0000] {logging_mixin.py:137} INFO - [2023-05-14T02:15:39.549+0000] {dag.py:3456} INFO - Setting next_dagrun for example_kubernetes_executor to None, run_after=None
[2023-05-14T02:15:39.563+0000] {processor.py:175} INFO - Processing /home/airflow/.local/lib/python3.7/site-packages/airflow/example_dags/example_kubernetes_executor.py took 0.103 seconds
[2023-05-14T02:41:30.155+0000] {processor.py:153} INFO - Started process (PID=3648) to work on /home/airflow/.local/lib/python3.7/site-packages/airflow/example_dags/example_kubernetes_executor.py
[2023-05-14T02:41:30.160+0000] {processor.py:743} INFO - Processing file /home/airflow/.local/lib/python3.7/site-packages/airflow/example_dags/example_kubernetes_executor.py for tasks to queue
[2023-05-14T02:41:30.161+0000] {logging_mixin.py:137} INFO - [2023-05-14T02:41:30.161+0000] {dagbag.py:532} INFO - Filling up the DagBag from /home/airflow/.local/lib/python3.7/site-packages/airflow/example_dags/example_kubernetes_executor.py
[2023-05-14T02:41:30.184+0000] {processor.py:753} INFO - DAG(s) dict_keys(['example_kubernetes_executor']) retrieved from /home/airflow/.local/lib/python3.7/site-packages/airflow/example_dags/example_kubernetes_executor.py
[2023-05-14T02:41:30.210+0000] {logging_mixin.py:137} INFO - [2023-05-14T02:41:30.210+0000] {dag.py:2705} INFO - Sync 1 DAGs
[2023-05-14T02:41:30.227+0000] {logging_mixin.py:137} INFO - [2023-05-14T02:41:30.227+0000] {dag.py:3456} INFO - Setting next_dagrun for example_kubernetes_executor to None, run_after=None
[2023-05-14T02:41:30.239+0000] {processor.py:175} INFO - Processing /home/airflow/.local/lib/python3.7/site-packages/airflow/example_dags/example_kubernetes_executor.py took 0.087 seconds
[2023-05-14T02:54:57.702+0000] {processor.py:153} INFO - Started process (PID=3871) to work on /home/airflow/.local/lib/python3.7/site-packages/airflow/example_dags/example_kubernetes_executor.py
[2023-05-14T02:54:57.704+0000] {processor.py:743} INFO - Processing file /home/airflow/.local/lib/python3.7/site-packages/airflow/example_dags/example_kubernetes_executor.py for tasks to queue
[2023-05-14T02:54:57.705+0000] {logging_mixin.py:137} INFO - [2023-05-14T02:54:57.705+0000] {dagbag.py:532} INFO - Filling up the DagBag from /home/airflow/.local/lib/python3.7/site-packages/airflow/example_dags/example_kubernetes_executor.py
[2023-05-14T02:54:57.728+0000] {processor.py:753} INFO - DAG(s) dict_keys(['example_kubernetes_executor']) retrieved from /home/airflow/.local/lib/python3.7/site-packages/airflow/example_dags/example_kubernetes_executor.py
[2023-05-14T02:54:57.754+0000] {logging_mixin.py:137} INFO - [2023-05-14T02:54:57.754+0000] {dag.py:2705} INFO - Sync 1 DAGs
[2023-05-14T02:54:57.775+0000] {logging_mixin.py:137} INFO - [2023-05-14T02:54:57.775+0000] {dag.py:3456} INFO - Setting next_dagrun for example_kubernetes_executor to None, run_after=None
[2023-05-14T02:54:57.787+0000] {processor.py:175} INFO - Processing /home/airflow/.local/lib/python3.7/site-packages/airflow/example_dags/example_kubernetes_executor.py took 0.087 seconds
[2023-05-14T02:59:02.438+0000] {processor.py:153} INFO - Started process (PID=4096) to work on /home/airflow/.local/lib/python3.7/site-packages/airflow/example_dags/example_kubernetes_executor.py
[2023-05-14T02:59:02.440+0000] {processor.py:743} INFO - Processing file /home/airflow/.local/lib/python3.7/site-packages/airflow/example_dags/example_kubernetes_executor.py for tasks to queue
[2023-05-14T02:59:02.456+0000] {logging_mixin.py:137} INFO - [2023-05-14T02:59:02.456+0000] {dagbag.py:532} INFO - Filling up the DagBag from /home/airflow/.local/lib/python3.7/site-packages/airflow/example_dags/example_kubernetes_executor.py
[2023-05-14T02:59:02.482+0000] {processor.py:753} INFO - DAG(s) dict_keys(['example_kubernetes_executor']) retrieved from /home/airflow/.local/lib/python3.7/site-packages/airflow/example_dags/example_kubernetes_executor.py
[2023-05-14T02:59:02.508+0000] {logging_mixin.py:137} INFO - [2023-05-14T02:59:02.508+0000] {dag.py:2705} INFO - Sync 1 DAGs
[2023-05-14T02:59:02.526+0000] {logging_mixin.py:137} INFO - [2023-05-14T02:59:02.526+0000] {dag.py:3456} INFO - Setting next_dagrun for example_kubernetes_executor to None, run_after=None
[2023-05-14T02:59:02.539+0000] {processor.py:175} INFO - Processing /home/airflow/.local/lib/python3.7/site-packages/airflow/example_dags/example_kubernetes_executor.py took 0.103 seconds
[2023-05-14T02:59:33.512+0000] {processor.py:153} INFO - Started process (PID=4320) to work on /home/airflow/.local/lib/python3.7/site-packages/airflow/example_dags/example_kubernetes_executor.py
[2023-05-14T02:59:33.514+0000] {processor.py:743} INFO - Processing file /home/airflow/.local/lib/python3.7/site-packages/airflow/example_dags/example_kubernetes_executor.py for tasks to queue
[2023-05-14T02:59:33.515+0000] {logging_mixin.py:137} INFO - [2023-05-14T02:59:33.515+0000] {dagbag.py:532} INFO - Filling up the DagBag from /home/airflow/.local/lib/python3.7/site-packages/airflow/example_dags/example_kubernetes_executor.py
[2023-05-14T02:59:33.538+0000] {processor.py:753} INFO - DAG(s) dict_keys(['example_kubernetes_executor']) retrieved from /home/airflow/.local/lib/python3.7/site-packages/airflow/example_dags/example_kubernetes_executor.py
[2023-05-14T02:59:33.562+0000] {logging_mixin.py:137} INFO - [2023-05-14T02:59:33.562+0000] {dag.py:2705} INFO - Sync 1 DAGs
[2023-05-14T02:59:33.578+0000] {logging_mixin.py:137} INFO - [2023-05-14T02:59:33.578+0000] {dag.py:3456} INFO - Setting next_dagrun for example_kubernetes_executor to None, run_after=None
[2023-05-14T02:59:33.588+0000] {processor.py:175} INFO - Processing /home/airflow/.local/lib/python3.7/site-packages/airflow/example_dags/example_kubernetes_executor.py took 0.079 seconds
[2023-05-14T03:16:08.795+0000] {processor.py:153} INFO - Started process (PID=4541) to work on /home/airflow/.local/lib/python3.7/site-packages/airflow/example_dags/example_kubernetes_executor.py
[2023-05-14T03:16:08.797+0000] {processor.py:743} INFO - Processing file /home/airflow/.local/lib/python3.7/site-packages/airflow/example_dags/example_kubernetes_executor.py for tasks to queue
[2023-05-14T03:16:08.799+0000] {logging_mixin.py:137} INFO - [2023-05-14T03:16:08.799+0000] {dagbag.py:532} INFO - Filling up the DagBag from /home/airflow/.local/lib/python3.7/site-packages/airflow/example_dags/example_kubernetes_executor.py
[2023-05-14T03:16:08.822+0000] {processor.py:753} INFO - DAG(s) dict_keys(['example_kubernetes_executor']) retrieved from /home/airflow/.local/lib/python3.7/site-packages/airflow/example_dags/example_kubernetes_executor.py
[2023-05-14T03:16:08.852+0000] {logging_mixin.py:137} INFO - [2023-05-14T03:16:08.852+0000] {dag.py:2705} INFO - Sync 1 DAGs
[2023-05-14T03:16:08.869+0000] {logging_mixin.py:137} INFO - [2023-05-14T03:16:08.869+0000] {dag.py:3456} INFO - Setting next_dagrun for example_kubernetes_executor to None, run_after=None
[2023-05-14T03:16:08.897+0000] {processor.py:175} INFO - Processing /home/airflow/.local/lib/python3.7/site-packages/airflow/example_dags/example_kubernetes_executor.py took 0.107 seconds
[2023-05-14T04:20:58.723+0000] {processor.py:153} INFO - Started process (PID=4764) to work on /home/airflow/.local/lib/python3.7/site-packages/airflow/example_dags/example_kubernetes_executor.py
[2023-05-14T04:20:58.725+0000] {processor.py:743} INFO - Processing file /home/airflow/.local/lib/python3.7/site-packages/airflow/example_dags/example_kubernetes_executor.py for tasks to queue
[2023-05-14T04:20:58.726+0000] {logging_mixin.py:137} INFO - [2023-05-14T04:20:58.726+0000] {dagbag.py:532} INFO - Filling up the DagBag from /home/airflow/.local/lib/python3.7/site-packages/airflow/example_dags/example_kubernetes_executor.py
[2023-05-14T04:20:58.749+0000] {processor.py:753} INFO - DAG(s) dict_keys(['example_kubernetes_executor']) retrieved from /home/airflow/.local/lib/python3.7/site-packages/airflow/example_dags/example_kubernetes_executor.py
[2023-05-14T04:20:58.776+0000] {logging_mixin.py:137} INFO - [2023-05-14T04:20:58.776+0000] {dag.py:2705} INFO - Sync 1 DAGs
[2023-05-14T04:20:58.794+0000] {logging_mixin.py:137} INFO - [2023-05-14T04:20:58.794+0000] {dag.py:3456} INFO - Setting next_dagrun for example_kubernetes_executor to None, run_after=None
[2023-05-14T04:20:58.806+0000] {processor.py:175} INFO - Processing /home/airflow/.local/lib/python3.7/site-packages/airflow/example_dags/example_kubernetes_executor.py took 0.085 seconds
[2023-05-14T05:35:32.542+0000] {processor.py:153} INFO - Started process (PID=4989) to work on /home/airflow/.local/lib/python3.7/site-packages/airflow/example_dags/example_kubernetes_executor.py
[2023-05-14T05:35:32.545+0000] {processor.py:743} INFO - Processing file /home/airflow/.local/lib/python3.7/site-packages/airflow/example_dags/example_kubernetes_executor.py for tasks to queue
[2023-05-14T05:35:32.546+0000] {logging_mixin.py:137} INFO - [2023-05-14T05:35:32.546+0000] {dagbag.py:532} INFO - Filling up the DagBag from /home/airflow/.local/lib/python3.7/site-packages/airflow/example_dags/example_kubernetes_executor.py
[2023-05-14T05:35:32.568+0000] {processor.py:753} INFO - DAG(s) dict_keys(['example_kubernetes_executor']) retrieved from /home/airflow/.local/lib/python3.7/site-packages/airflow/example_dags/example_kubernetes_executor.py
[2023-05-14T05:35:32.594+0000] {logging_mixin.py:137} INFO - [2023-05-14T05:35:32.594+0000] {dag.py:2705} INFO - Sync 1 DAGs
[2023-05-14T05:35:32.612+0000] {logging_mixin.py:137} INFO - [2023-05-14T05:35:32.612+0000] {dag.py:3456} INFO - Setting next_dagrun for example_kubernetes_executor to None, run_after=None
[2023-05-14T05:35:32.627+0000] {processor.py:175} INFO - Processing /home/airflow/.local/lib/python3.7/site-packages/airflow/example_dags/example_kubernetes_executor.py took 0.087 seconds
[2023-05-14T05:36:02.756+0000] {processor.py:153} INFO - Started process (PID=5212) to work on /home/airflow/.local/lib/python3.7/site-packages/airflow/example_dags/example_kubernetes_executor.py
[2023-05-14T05:36:02.757+0000] {processor.py:743} INFO - Processing file /home/airflow/.local/lib/python3.7/site-packages/airflow/example_dags/example_kubernetes_executor.py for tasks to queue
[2023-05-14T05:36:02.759+0000] {logging_mixin.py:137} INFO - [2023-05-14T05:36:02.759+0000] {dagbag.py:532} INFO - Filling up the DagBag from /home/airflow/.local/lib/python3.7/site-packages/airflow/example_dags/example_kubernetes_executor.py
[2023-05-14T05:36:02.783+0000] {processor.py:753} INFO - DAG(s) dict_keys(['example_kubernetes_executor']) retrieved from /home/airflow/.local/lib/python3.7/site-packages/airflow/example_dags/example_kubernetes_executor.py
[2023-05-14T05:36:02.811+0000] {logging_mixin.py:137} INFO - [2023-05-14T05:36:02.811+0000] {dag.py:2705} INFO - Sync 1 DAGs
[2023-05-14T05:36:02.828+0000] {logging_mixin.py:137} INFO - [2023-05-14T05:36:02.827+0000] {dag.py:3456} INFO - Setting next_dagrun for example_kubernetes_executor to None, run_after=None
[2023-05-14T05:36:02.841+0000] {processor.py:175} INFO - Processing /home/airflow/.local/lib/python3.7/site-packages/airflow/example_dags/example_kubernetes_executor.py took 0.087 seconds
[2023-05-14T05:36:34.618+0000] {processor.py:153} INFO - Started process (PID=5434) to work on /home/airflow/.local/lib/python3.7/site-packages/airflow/example_dags/example_kubernetes_executor.py
[2023-05-14T05:36:34.620+0000] {processor.py:743} INFO - Processing file /home/airflow/.local/lib/python3.7/site-packages/airflow/example_dags/example_kubernetes_executor.py for tasks to queue
[2023-05-14T05:36:34.622+0000] {logging_mixin.py:137} INFO - [2023-05-14T05:36:34.621+0000] {dagbag.py:532} INFO - Filling up the DagBag from /home/airflow/.local/lib/python3.7/site-packages/airflow/example_dags/example_kubernetes_executor.py
[2023-05-14T05:36:34.645+0000] {processor.py:753} INFO - DAG(s) dict_keys(['example_kubernetes_executor']) retrieved from /home/airflow/.local/lib/python3.7/site-packages/airflow/example_dags/example_kubernetes_executor.py
[2023-05-14T05:36:34.675+0000] {logging_mixin.py:137} INFO - [2023-05-14T05:36:34.675+0000] {dag.py:2705} INFO - Sync 1 DAGs
[2023-05-14T05:36:34.695+0000] {logging_mixin.py:137} INFO - [2023-05-14T05:36:34.695+0000] {dag.py:3456} INFO - Setting next_dagrun for example_kubernetes_executor to None, run_after=None
[2023-05-14T05:36:34.711+0000] {processor.py:175} INFO - Processing /home/airflow/.local/lib/python3.7/site-packages/airflow/example_dags/example_kubernetes_executor.py took 0.096 seconds
[2023-05-14T05:37:04.794+0000] {processor.py:153} INFO - Started process (PID=5657) to work on /home/airflow/.local/lib/python3.7/site-packages/airflow/example_dags/example_kubernetes_executor.py
[2023-05-14T05:37:04.798+0000] {processor.py:743} INFO - Processing file /home/airflow/.local/lib/python3.7/site-packages/airflow/example_dags/example_kubernetes_executor.py for tasks to queue
[2023-05-14T05:37:04.799+0000] {logging_mixin.py:137} INFO - [2023-05-14T05:37:04.799+0000] {dagbag.py:532} INFO - Filling up the DagBag from /home/airflow/.local/lib/python3.7/site-packages/airflow/example_dags/example_kubernetes_executor.py
[2023-05-14T05:37:04.820+0000] {processor.py:753} INFO - DAG(s) dict_keys(['example_kubernetes_executor']) retrieved from /home/airflow/.local/lib/python3.7/site-packages/airflow/example_dags/example_kubernetes_executor.py
[2023-05-14T05:37:04.851+0000] {logging_mixin.py:137} INFO - [2023-05-14T05:37:04.851+0000] {dag.py:2705} INFO - Sync 1 DAGs
[2023-05-14T05:37:04.871+0000] {logging_mixin.py:137} INFO - [2023-05-14T05:37:04.871+0000] {dag.py:3456} INFO - Setting next_dagrun for example_kubernetes_executor to None, run_after=None
[2023-05-14T05:37:04.884+0000] {processor.py:175} INFO - Processing /home/airflow/.local/lib/python3.7/site-packages/airflow/example_dags/example_kubernetes_executor.py took 0.092 seconds
[2023-05-14T05:37:35.841+0000] {processor.py:153} INFO - Started process (PID=5885) to work on /home/airflow/.local/lib/python3.7/site-packages/airflow/example_dags/example_kubernetes_executor.py
[2023-05-14T05:37:35.843+0000] {processor.py:743} INFO - Processing file /home/airflow/.local/lib/python3.7/site-packages/airflow/example_dags/example_kubernetes_executor.py for tasks to queue
[2023-05-14T05:37:35.845+0000] {logging_mixin.py:137} INFO - [2023-05-14T05:37:35.845+0000] {dagbag.py:532} INFO - Filling up the DagBag from /home/airflow/.local/lib/python3.7/site-packages/airflow/example_dags/example_kubernetes_executor.py
[2023-05-14T05:37:35.873+0000] {processor.py:753} INFO - DAG(s) dict_keys(['example_kubernetes_executor']) retrieved from /home/airflow/.local/lib/python3.7/site-packages/airflow/example_dags/example_kubernetes_executor.py
[2023-05-14T05:37:35.905+0000] {logging_mixin.py:137} INFO - [2023-05-14T05:37:35.905+0000] {dag.py:2705} INFO - Sync 1 DAGs
[2023-05-14T05:37:35.923+0000] {logging_mixin.py:137} INFO - [2023-05-14T05:37:35.923+0000] {dag.py:3456} INFO - Setting next_dagrun for example_kubernetes_executor to None, run_after=None
[2023-05-14T05:37:35.937+0000] {processor.py:175} INFO - Processing /home/airflow/.local/lib/python3.7/site-packages/airflow/example_dags/example_kubernetes_executor.py took 0.099 seconds
[2023-05-14T05:38:06.194+0000] {processor.py:153} INFO - Started process (PID=6109) to work on /home/airflow/.local/lib/python3.7/site-packages/airflow/example_dags/example_kubernetes_executor.py
[2023-05-14T05:38:06.196+0000] {processor.py:743} INFO - Processing file /home/airflow/.local/lib/python3.7/site-packages/airflow/example_dags/example_kubernetes_executor.py for tasks to queue
[2023-05-14T05:38:06.213+0000] {logging_mixin.py:137} INFO - [2023-05-14T05:38:06.213+0000] {dagbag.py:532} INFO - Filling up the DagBag from /home/airflow/.local/lib/python3.7/site-packages/airflow/example_dags/example_kubernetes_executor.py
[2023-05-14T05:38:06.234+0000] {processor.py:753} INFO - DAG(s) dict_keys(['example_kubernetes_executor']) retrieved from /home/airflow/.local/lib/python3.7/site-packages/airflow/example_dags/example_kubernetes_executor.py
[2023-05-14T05:38:06.259+0000] {logging_mixin.py:137} INFO - [2023-05-14T05:38:06.259+0000] {dag.py:2705} INFO - Sync 1 DAGs
[2023-05-14T05:38:06.282+0000] {logging_mixin.py:137} INFO - [2023-05-14T05:38:06.282+0000] {dag.py:3456} INFO - Setting next_dagrun for example_kubernetes_executor to None, run_after=None
[2023-05-14T05:38:06.295+0000] {processor.py:175} INFO - Processing /home/airflow/.local/lib/python3.7/site-packages/airflow/example_dags/example_kubernetes_executor.py took 0.104 seconds
[2023-05-14T05:38:36.502+0000] {processor.py:153} INFO - Started process (PID=6338) to work on /home/airflow/.local/lib/python3.7/site-packages/airflow/example_dags/example_kubernetes_executor.py
[2023-05-14T05:38:36.504+0000] {processor.py:743} INFO - Processing file /home/airflow/.local/lib/python3.7/site-packages/airflow/example_dags/example_kubernetes_executor.py for tasks to queue
[2023-05-14T05:38:36.505+0000] {logging_mixin.py:137} INFO - [2023-05-14T05:38:36.505+0000] {dagbag.py:532} INFO - Filling up the DagBag from /home/airflow/.local/lib/python3.7/site-packages/airflow/example_dags/example_kubernetes_executor.py
[2023-05-14T05:38:36.530+0000] {processor.py:753} INFO - DAG(s) dict_keys(['example_kubernetes_executor']) retrieved from /home/airflow/.local/lib/python3.7/site-packages/airflow/example_dags/example_kubernetes_executor.py
[2023-05-14T05:38:36.562+0000] {logging_mixin.py:137} INFO - [2023-05-14T05:38:36.562+0000] {dag.py:2705} INFO - Sync 1 DAGs
[2023-05-14T05:38:36.581+0000] {logging_mixin.py:137} INFO - [2023-05-14T05:38:36.581+0000] {dag.py:3456} INFO - Setting next_dagrun for example_kubernetes_executor to None, run_after=None
[2023-05-14T05:38:36.602+0000] {processor.py:175} INFO - Processing /home/airflow/.local/lib/python3.7/site-packages/airflow/example_dags/example_kubernetes_executor.py took 0.103 seconds
[2023-05-14T05:39:07.022+0000] {processor.py:153} INFO - Started process (PID=6568) to work on /home/airflow/.local/lib/python3.7/site-packages/airflow/example_dags/example_kubernetes_executor.py
[2023-05-14T05:39:07.023+0000] {processor.py:743} INFO - Processing file /home/airflow/.local/lib/python3.7/site-packages/airflow/example_dags/example_kubernetes_executor.py for tasks to queue
[2023-05-14T05:39:07.025+0000] {logging_mixin.py:137} INFO - [2023-05-14T05:39:07.024+0000] {dagbag.py:532} INFO - Filling up the DagBag from /home/airflow/.local/lib/python3.7/site-packages/airflow/example_dags/example_kubernetes_executor.py
[2023-05-14T05:39:07.051+0000] {processor.py:753} INFO - DAG(s) dict_keys(['example_kubernetes_executor']) retrieved from /home/airflow/.local/lib/python3.7/site-packages/airflow/example_dags/example_kubernetes_executor.py
[2023-05-14T05:39:07.076+0000] {logging_mixin.py:137} INFO - [2023-05-14T05:39:07.076+0000] {dag.py:2705} INFO - Sync 1 DAGs
[2023-05-14T05:39:07.093+0000] {logging_mixin.py:137} INFO - [2023-05-14T05:39:07.093+0000] {dag.py:3456} INFO - Setting next_dagrun for example_kubernetes_executor to None, run_after=None
[2023-05-14T05:39:07.122+0000] {processor.py:175} INFO - Processing /home/airflow/.local/lib/python3.7/site-packages/airflow/example_dags/example_kubernetes_executor.py took 0.103 seconds
[2023-05-14T05:39:38.276+0000] {processor.py:153} INFO - Started process (PID=6804) to work on /home/airflow/.local/lib/python3.7/site-packages/airflow/example_dags/example_kubernetes_executor.py
[2023-05-14T05:39:38.278+0000] {processor.py:743} INFO - Processing file /home/airflow/.local/lib/python3.7/site-packages/airflow/example_dags/example_kubernetes_executor.py for tasks to queue
[2023-05-14T05:39:38.279+0000] {logging_mixin.py:137} INFO - [2023-05-14T05:39:38.279+0000] {dagbag.py:532} INFO - Filling up the DagBag from /home/airflow/.local/lib/python3.7/site-packages/airflow/example_dags/example_kubernetes_executor.py
[2023-05-14T05:39:38.304+0000] {processor.py:753} INFO - DAG(s) dict_keys(['example_kubernetes_executor']) retrieved from /home/airflow/.local/lib/python3.7/site-packages/airflow/example_dags/example_kubernetes_executor.py
[2023-05-14T05:39:38.332+0000] {logging_mixin.py:137} INFO - [2023-05-14T05:39:38.332+0000] {dag.py:2705} INFO - Sync 1 DAGs
[2023-05-14T05:39:38.352+0000] {logging_mixin.py:137} INFO - [2023-05-14T05:39:38.352+0000] {dag.py:3456} INFO - Setting next_dagrun for example_kubernetes_executor to None, run_after=None
[2023-05-14T05:39:38.368+0000] {processor.py:175} INFO - Processing /home/airflow/.local/lib/python3.7/site-packages/airflow/example_dags/example_kubernetes_executor.py took 0.095 seconds
[2023-05-14T05:40:08.844+0000] {processor.py:153} INFO - Started process (PID=7041) to work on /home/airflow/.local/lib/python3.7/site-packages/airflow/example_dags/example_kubernetes_executor.py
[2023-05-14T05:40:08.847+0000] {processor.py:743} INFO - Processing file /home/airflow/.local/lib/python3.7/site-packages/airflow/example_dags/example_kubernetes_executor.py for tasks to queue
[2023-05-14T05:40:08.848+0000] {logging_mixin.py:137} INFO - [2023-05-14T05:40:08.848+0000] {dagbag.py:532} INFO - Filling up the DagBag from /home/airflow/.local/lib/python3.7/site-packages/airflow/example_dags/example_kubernetes_executor.py
[2023-05-14T05:40:08.869+0000] {processor.py:753} INFO - DAG(s) dict_keys(['example_kubernetes_executor']) retrieved from /home/airflow/.local/lib/python3.7/site-packages/airflow/example_dags/example_kubernetes_executor.py
[2023-05-14T05:40:08.896+0000] {logging_mixin.py:137} INFO - [2023-05-14T05:40:08.896+0000] {dag.py:2705} INFO - Sync 1 DAGs
[2023-05-14T05:40:08.919+0000] {logging_mixin.py:137} INFO - [2023-05-14T05:40:08.919+0000] {dag.py:3456} INFO - Setting next_dagrun for example_kubernetes_executor to None, run_after=None
[2023-05-14T05:40:08.939+0000] {processor.py:175} INFO - Processing /home/airflow/.local/lib/python3.7/site-packages/airflow/example_dags/example_kubernetes_executor.py took 0.098 seconds
[2023-05-14T05:40:39.743+0000] {processor.py:153} INFO - Started process (PID=7265) to work on /home/airflow/.local/lib/python3.7/site-packages/airflow/example_dags/example_kubernetes_executor.py
[2023-05-14T05:40:39.745+0000] {processor.py:743} INFO - Processing file /home/airflow/.local/lib/python3.7/site-packages/airflow/example_dags/example_kubernetes_executor.py for tasks to queue
[2023-05-14T05:40:39.746+0000] {logging_mixin.py:137} INFO - [2023-05-14T05:40:39.746+0000] {dagbag.py:532} INFO - Filling up the DagBag from /home/airflow/.local/lib/python3.7/site-packages/airflow/example_dags/example_kubernetes_executor.py
[2023-05-14T05:40:39.766+0000] {processor.py:753} INFO - DAG(s) dict_keys(['example_kubernetes_executor']) retrieved from /home/airflow/.local/lib/python3.7/site-packages/airflow/example_dags/example_kubernetes_executor.py
[2023-05-14T05:40:39.791+0000] {logging_mixin.py:137} INFO - [2023-05-14T05:40:39.791+0000] {dag.py:2705} INFO - Sync 1 DAGs
[2023-05-14T05:40:39.809+0000] {logging_mixin.py:137} INFO - [2023-05-14T05:40:39.809+0000] {dag.py:3456} INFO - Setting next_dagrun for example_kubernetes_executor to None, run_after=None
[2023-05-14T05:40:39.823+0000] {processor.py:175} INFO - Processing /home/airflow/.local/lib/python3.7/site-packages/airflow/example_dags/example_kubernetes_executor.py took 0.083 seconds
[2023-05-14T05:41:10.317+0000] {processor.py:153} INFO - Started process (PID=7495) to work on /home/airflow/.local/lib/python3.7/site-packages/airflow/example_dags/example_kubernetes_executor.py
[2023-05-14T05:41:10.319+0000] {processor.py:743} INFO - Processing file /home/airflow/.local/lib/python3.7/site-packages/airflow/example_dags/example_kubernetes_executor.py for tasks to queue
[2023-05-14T05:41:10.320+0000] {logging_mixin.py:137} INFO - [2023-05-14T05:41:10.320+0000] {dagbag.py:532} INFO - Filling up the DagBag from /home/airflow/.local/lib/python3.7/site-packages/airflow/example_dags/example_kubernetes_executor.py
[2023-05-14T05:41:10.343+0000] {processor.py:753} INFO - DAG(s) dict_keys(['example_kubernetes_executor']) retrieved from /home/airflow/.local/lib/python3.7/site-packages/airflow/example_dags/example_kubernetes_executor.py
[2023-05-14T05:41:10.369+0000] {logging_mixin.py:137} INFO - [2023-05-14T05:41:10.369+0000] {dag.py:2705} INFO - Sync 1 DAGs
[2023-05-14T05:41:10.388+0000] {logging_mixin.py:137} INFO - [2023-05-14T05:41:10.387+0000] {dag.py:3456} INFO - Setting next_dagrun for example_kubernetes_executor to None, run_after=None
[2023-05-14T05:41:10.402+0000] {processor.py:175} INFO - Processing /home/airflow/.local/lib/python3.7/site-packages/airflow/example_dags/example_kubernetes_executor.py took 0.088 seconds
[2023-05-14T05:41:40.724+0000] {processor.py:153} INFO - Started process (PID=7725) to work on /home/airflow/.local/lib/python3.7/site-packages/airflow/example_dags/example_kubernetes_executor.py
[2023-05-14T05:41:40.742+0000] {processor.py:743} INFO - Processing file /home/airflow/.local/lib/python3.7/site-packages/airflow/example_dags/example_kubernetes_executor.py for tasks to queue
[2023-05-14T05:41:40.743+0000] {logging_mixin.py:137} INFO - [2023-05-14T05:41:40.743+0000] {dagbag.py:532} INFO - Filling up the DagBag from /home/airflow/.local/lib/python3.7/site-packages/airflow/example_dags/example_kubernetes_executor.py
[2023-05-14T05:41:40.769+0000] {processor.py:753} INFO - DAG(s) dict_keys(['example_kubernetes_executor']) retrieved from /home/airflow/.local/lib/python3.7/site-packages/airflow/example_dags/example_kubernetes_executor.py
[2023-05-14T05:41:40.799+0000] {logging_mixin.py:137} INFO - [2023-05-14T05:41:40.799+0000] {dag.py:2705} INFO - Sync 1 DAGs
[2023-05-14T05:41:40.817+0000] {logging_mixin.py:137} INFO - [2023-05-14T05:41:40.817+0000] {dag.py:3456} INFO - Setting next_dagrun for example_kubernetes_executor to None, run_after=None
[2023-05-14T05:41:40.829+0000] {processor.py:175} INFO - Processing /home/airflow/.local/lib/python3.7/site-packages/airflow/example_dags/example_kubernetes_executor.py took 0.109 seconds
[2023-05-14T05:42:11.354+0000] {processor.py:153} INFO - Started process (PID=7949) to work on /home/airflow/.local/lib/python3.7/site-packages/airflow/example_dags/example_kubernetes_executor.py
[2023-05-14T05:42:11.356+0000] {processor.py:743} INFO - Processing file /home/airflow/.local/lib/python3.7/site-packages/airflow/example_dags/example_kubernetes_executor.py for tasks to queue
[2023-05-14T05:42:11.357+0000] {logging_mixin.py:137} INFO - [2023-05-14T05:42:11.357+0000] {dagbag.py:532} INFO - Filling up the DagBag from /home/airflow/.local/lib/python3.7/site-packages/airflow/example_dags/example_kubernetes_executor.py
[2023-05-14T05:42:11.379+0000] {processor.py:753} INFO - DAG(s) dict_keys(['example_kubernetes_executor']) retrieved from /home/airflow/.local/lib/python3.7/site-packages/airflow/example_dags/example_kubernetes_executor.py
[2023-05-14T05:42:11.412+0000] {logging_mixin.py:137} INFO - [2023-05-14T05:42:11.412+0000] {dag.py:2705} INFO - Sync 1 DAGs
[2023-05-14T05:42:11.430+0000] {logging_mixin.py:137} INFO - [2023-05-14T05:42:11.430+0000] {dag.py:3456} INFO - Setting next_dagrun for example_kubernetes_executor to None, run_after=None
[2023-05-14T05:42:11.442+0000] {processor.py:175} INFO - Processing /home/airflow/.local/lib/python3.7/site-packages/airflow/example_dags/example_kubernetes_executor.py took 0.091 seconds
[2023-05-14T05:42:41.589+0000] {processor.py:153} INFO - Started process (PID=8172) to work on /home/airflow/.local/lib/python3.7/site-packages/airflow/example_dags/example_kubernetes_executor.py
[2023-05-14T05:42:41.590+0000] {processor.py:743} INFO - Processing file /home/airflow/.local/lib/python3.7/site-packages/airflow/example_dags/example_kubernetes_executor.py for tasks to queue
[2023-05-14T05:42:41.592+0000] {logging_mixin.py:137} INFO - [2023-05-14T05:42:41.591+0000] {dagbag.py:532} INFO - Filling up the DagBag from /home/airflow/.local/lib/python3.7/site-packages/airflow/example_dags/example_kubernetes_executor.py
[2023-05-14T05:42:41.613+0000] {processor.py:753} INFO - DAG(s) dict_keys(['example_kubernetes_executor']) retrieved from /home/airflow/.local/lib/python3.7/site-packages/airflow/example_dags/example_kubernetes_executor.py
[2023-05-14T05:42:41.645+0000] {logging_mixin.py:137} INFO - [2023-05-14T05:42:41.645+0000] {dag.py:2705} INFO - Sync 1 DAGs
[2023-05-14T05:42:41.694+0000] {logging_mixin.py:137} INFO - [2023-05-14T05:42:41.694+0000] {dag.py:3456} INFO - Setting next_dagrun for example_kubernetes_executor to None, run_after=None
[2023-05-14T05:42:41.708+0000] {processor.py:175} INFO - Processing /home/airflow/.local/lib/python3.7/site-packages/airflow/example_dags/example_kubernetes_executor.py took 0.122 seconds
[2023-05-14T05:43:12.212+0000] {processor.py:153} INFO - Started process (PID=8403) to work on /home/airflow/.local/lib/python3.7/site-packages/airflow/example_dags/example_kubernetes_executor.py
[2023-05-14T05:43:12.214+0000] {processor.py:743} INFO - Processing file /home/airflow/.local/lib/python3.7/site-packages/airflow/example_dags/example_kubernetes_executor.py for tasks to queue
[2023-05-14T05:43:12.216+0000] {logging_mixin.py:137} INFO - [2023-05-14T05:43:12.216+0000] {dagbag.py:532} INFO - Filling up the DagBag from /home/airflow/.local/lib/python3.7/site-packages/airflow/example_dags/example_kubernetes_executor.py
[2023-05-14T05:43:12.237+0000] {processor.py:753} INFO - DAG(s) dict_keys(['example_kubernetes_executor']) retrieved from /home/airflow/.local/lib/python3.7/site-packages/airflow/example_dags/example_kubernetes_executor.py
[2023-05-14T05:43:12.262+0000] {logging_mixin.py:137} INFO - [2023-05-14T05:43:12.262+0000] {dag.py:2705} INFO - Sync 1 DAGs
[2023-05-14T05:43:12.281+0000] {logging_mixin.py:137} INFO - [2023-05-14T05:43:12.281+0000] {dag.py:3456} INFO - Setting next_dagrun for example_kubernetes_executor to None, run_after=None
[2023-05-14T05:43:12.294+0000] {processor.py:175} INFO - Processing /home/airflow/.local/lib/python3.7/site-packages/airflow/example_dags/example_kubernetes_executor.py took 0.085 seconds
[2023-05-14T05:43:42.412+0000] {processor.py:153} INFO - Started process (PID=8628) to work on /home/airflow/.local/lib/python3.7/site-packages/airflow/example_dags/example_kubernetes_executor.py
[2023-05-14T05:43:42.415+0000] {processor.py:743} INFO - Processing file /home/airflow/.local/lib/python3.7/site-packages/airflow/example_dags/example_kubernetes_executor.py for tasks to queue
[2023-05-14T05:43:42.416+0000] {logging_mixin.py:137} INFO - [2023-05-14T05:43:42.416+0000] {dagbag.py:532} INFO - Filling up the DagBag from /home/airflow/.local/lib/python3.7/site-packages/airflow/example_dags/example_kubernetes_executor.py
[2023-05-14T05:43:42.436+0000] {processor.py:753} INFO - DAG(s) dict_keys(['example_kubernetes_executor']) retrieved from /home/airflow/.local/lib/python3.7/site-packages/airflow/example_dags/example_kubernetes_executor.py
[2023-05-14T05:43:42.463+0000] {logging_mixin.py:137} INFO - [2023-05-14T05:43:42.463+0000] {dag.py:2705} INFO - Sync 1 DAGs
[2023-05-14T05:43:42.485+0000] {logging_mixin.py:137} INFO - [2023-05-14T05:43:42.484+0000] {dag.py:3456} INFO - Setting next_dagrun for example_kubernetes_executor to None, run_after=None
[2023-05-14T05:43:42.498+0000] {processor.py:175} INFO - Processing /home/airflow/.local/lib/python3.7/site-packages/airflow/example_dags/example_kubernetes_executor.py took 0.089 seconds
[2023-05-14T05:44:12.911+0000] {processor.py:153} INFO - Started process (PID=8864) to work on /home/airflow/.local/lib/python3.7/site-packages/airflow/example_dags/example_kubernetes_executor.py
[2023-05-14T05:44:12.912+0000] {processor.py:743} INFO - Processing file /home/airflow/.local/lib/python3.7/site-packages/airflow/example_dags/example_kubernetes_executor.py for tasks to queue
[2023-05-14T05:44:12.913+0000] {logging_mixin.py:137} INFO - [2023-05-14T05:44:12.913+0000] {dagbag.py:532} INFO - Filling up the DagBag from /home/airflow/.local/lib/python3.7/site-packages/airflow/example_dags/example_kubernetes_executor.py
[2023-05-14T05:44:12.935+0000] {processor.py:753} INFO - DAG(s) dict_keys(['example_kubernetes_executor']) retrieved from /home/airflow/.local/lib/python3.7/site-packages/airflow/example_dags/example_kubernetes_executor.py
[2023-05-14T05:44:12.963+0000] {logging_mixin.py:137} INFO - [2023-05-14T05:44:12.963+0000] {dag.py:2705} INFO - Sync 1 DAGs
[2023-05-14T05:44:12.980+0000] {logging_mixin.py:137} INFO - [2023-05-14T05:44:12.980+0000] {dag.py:3456} INFO - Setting next_dagrun for example_kubernetes_executor to None, run_after=None
[2023-05-14T05:44:12.993+0000] {processor.py:175} INFO - Processing /home/airflow/.local/lib/python3.7/site-packages/airflow/example_dags/example_kubernetes_executor.py took 0.085 seconds
[2023-05-14T05:44:43.256+0000] {processor.py:153} INFO - Started process (PID=9094) to work on /home/airflow/.local/lib/python3.7/site-packages/airflow/example_dags/example_kubernetes_executor.py
[2023-05-14T05:44:43.258+0000] {processor.py:743} INFO - Processing file /home/airflow/.local/lib/python3.7/site-packages/airflow/example_dags/example_kubernetes_executor.py for tasks to queue
[2023-05-14T05:44:43.260+0000] {logging_mixin.py:137} INFO - [2023-05-14T05:44:43.260+0000] {dagbag.py:532} INFO - Filling up the DagBag from /home/airflow/.local/lib/python3.7/site-packages/airflow/example_dags/example_kubernetes_executor.py
[2023-05-14T05:44:43.285+0000] {processor.py:753} INFO - DAG(s) dict_keys(['example_kubernetes_executor']) retrieved from /home/airflow/.local/lib/python3.7/site-packages/airflow/example_dags/example_kubernetes_executor.py
[2023-05-14T05:44:43.311+0000] {logging_mixin.py:137} INFO - [2023-05-14T05:44:43.311+0000] {dag.py:2705} INFO - Sync 1 DAGs
[2023-05-14T05:44:43.328+0000] {logging_mixin.py:137} INFO - [2023-05-14T05:44:43.328+0000] {dag.py:3456} INFO - Setting next_dagrun for example_kubernetes_executor to None, run_after=None
[2023-05-14T05:44:43.341+0000] {processor.py:175} INFO - Processing /home/airflow/.local/lib/python3.7/site-packages/airflow/example_dags/example_kubernetes_executor.py took 0.088 seconds
[2023-05-14T05:45:13.553+0000] {processor.py:153} INFO - Started process (PID=9318) to work on /home/airflow/.local/lib/python3.7/site-packages/airflow/example_dags/example_kubernetes_executor.py
[2023-05-14T05:45:13.554+0000] {processor.py:743} INFO - Processing file /home/airflow/.local/lib/python3.7/site-packages/airflow/example_dags/example_kubernetes_executor.py for tasks to queue
[2023-05-14T05:45:13.556+0000] {logging_mixin.py:137} INFO - [2023-05-14T05:45:13.556+0000] {dagbag.py:532} INFO - Filling up the DagBag from /home/airflow/.local/lib/python3.7/site-packages/airflow/example_dags/example_kubernetes_executor.py
[2023-05-14T05:45:13.577+0000] {processor.py:753} INFO - DAG(s) dict_keys(['example_kubernetes_executor']) retrieved from /home/airflow/.local/lib/python3.7/site-packages/airflow/example_dags/example_kubernetes_executor.py
[2023-05-14T05:45:13.604+0000] {logging_mixin.py:137} INFO - [2023-05-14T05:45:13.604+0000] {dag.py:2705} INFO - Sync 1 DAGs
[2023-05-14T05:45:13.622+0000] {logging_mixin.py:137} INFO - [2023-05-14T05:45:13.622+0000] {dag.py:3456} INFO - Setting next_dagrun for example_kubernetes_executor to None, run_after=None
[2023-05-14T05:45:13.636+0000] {processor.py:175} INFO - Processing /home/airflow/.local/lib/python3.7/site-packages/airflow/example_dags/example_kubernetes_executor.py took 0.087 seconds
[2023-05-14T05:45:44.618+0000] {processor.py:153} INFO - Started process (PID=9557) to work on /home/airflow/.local/lib/python3.7/site-packages/airflow/example_dags/example_kubernetes_executor.py
[2023-05-14T05:45:44.620+0000] {processor.py:743} INFO - Processing file /home/airflow/.local/lib/python3.7/site-packages/airflow/example_dags/example_kubernetes_executor.py for tasks to queue
[2023-05-14T05:45:44.621+0000] {logging_mixin.py:137} INFO - [2023-05-14T05:45:44.621+0000] {dagbag.py:532} INFO - Filling up the DagBag from /home/airflow/.local/lib/python3.7/site-packages/airflow/example_dags/example_kubernetes_executor.py
[2023-05-14T05:45:44.642+0000] {processor.py:753} INFO - DAG(s) dict_keys(['example_kubernetes_executor']) retrieved from /home/airflow/.local/lib/python3.7/site-packages/airflow/example_dags/example_kubernetes_executor.py
[2023-05-14T05:45:44.667+0000] {logging_mixin.py:137} INFO - [2023-05-14T05:45:44.667+0000] {dag.py:2705} INFO - Sync 1 DAGs
[2023-05-14T05:45:44.701+0000] {logging_mixin.py:137} INFO - [2023-05-14T05:45:44.701+0000] {dag.py:3456} INFO - Setting next_dagrun for example_kubernetes_executor to None, run_after=None
[2023-05-14T05:45:44.714+0000] {processor.py:175} INFO - Processing /home/airflow/.local/lib/python3.7/site-packages/airflow/example_dags/example_kubernetes_executor.py took 0.098 seconds
[2023-05-14T05:46:14.794+0000] {processor.py:153} INFO - Started process (PID=9783) to work on /home/airflow/.local/lib/python3.7/site-packages/airflow/example_dags/example_kubernetes_executor.py
[2023-05-14T05:46:14.796+0000] {processor.py:743} INFO - Processing file /home/airflow/.local/lib/python3.7/site-packages/airflow/example_dags/example_kubernetes_executor.py for tasks to queue
[2023-05-14T05:46:14.798+0000] {logging_mixin.py:137} INFO - [2023-05-14T05:46:14.798+0000] {dagbag.py:532} INFO - Filling up the DagBag from /home/airflow/.local/lib/python3.7/site-packages/airflow/example_dags/example_kubernetes_executor.py
[2023-05-14T05:46:14.840+0000] {processor.py:753} INFO - DAG(s) dict_keys(['example_kubernetes_executor']) retrieved from /home/airflow/.local/lib/python3.7/site-packages/airflow/example_dags/example_kubernetes_executor.py
[2023-05-14T05:46:14.867+0000] {logging_mixin.py:137} INFO - [2023-05-14T05:46:14.867+0000] {dag.py:2705} INFO - Sync 1 DAGs
[2023-05-14T05:46:14.885+0000] {logging_mixin.py:137} INFO - [2023-05-14T05:46:14.885+0000] {dag.py:3456} INFO - Setting next_dagrun for example_kubernetes_executor to None, run_after=None
[2023-05-14T05:46:14.896+0000] {processor.py:175} INFO - Processing /home/airflow/.local/lib/python3.7/site-packages/airflow/example_dags/example_kubernetes_executor.py took 0.105 seconds
[2023-05-14T05:46:45.039+0000] {processor.py:153} INFO - Started process (PID=10007) to work on /home/airflow/.local/lib/python3.7/site-packages/airflow/example_dags/example_kubernetes_executor.py
[2023-05-14T05:46:45.040+0000] {processor.py:743} INFO - Processing file /home/airflow/.local/lib/python3.7/site-packages/airflow/example_dags/example_kubernetes_executor.py for tasks to queue
[2023-05-14T05:46:45.042+0000] {logging_mixin.py:137} INFO - [2023-05-14T05:46:45.041+0000] {dagbag.py:532} INFO - Filling up the DagBag from /home/airflow/.local/lib/python3.7/site-packages/airflow/example_dags/example_kubernetes_executor.py
[2023-05-14T05:46:45.064+0000] {processor.py:753} INFO - DAG(s) dict_keys(['example_kubernetes_executor']) retrieved from /home/airflow/.local/lib/python3.7/site-packages/airflow/example_dags/example_kubernetes_executor.py
[2023-05-14T05:46:45.090+0000] {logging_mixin.py:137} INFO - [2023-05-14T05:46:45.090+0000] {dag.py:2705} INFO - Sync 1 DAGs
[2023-05-14T05:46:45.108+0000] {logging_mixin.py:137} INFO - [2023-05-14T05:46:45.108+0000] {dag.py:3456} INFO - Setting next_dagrun for example_kubernetes_executor to None, run_after=None
[2023-05-14T05:46:45.121+0000] {processor.py:175} INFO - Processing /home/airflow/.local/lib/python3.7/site-packages/airflow/example_dags/example_kubernetes_executor.py took 0.086 seconds
[2023-05-14T05:47:15.404+0000] {processor.py:153} INFO - Started process (PID=10231) to work on /home/airflow/.local/lib/python3.7/site-packages/airflow/example_dags/example_kubernetes_executor.py
[2023-05-14T05:47:15.406+0000] {processor.py:743} INFO - Processing file /home/airflow/.local/lib/python3.7/site-packages/airflow/example_dags/example_kubernetes_executor.py for tasks to queue
[2023-05-14T05:47:15.407+0000] {logging_mixin.py:137} INFO - [2023-05-14T05:47:15.407+0000] {dagbag.py:532} INFO - Filling up the DagBag from /home/airflow/.local/lib/python3.7/site-packages/airflow/example_dags/example_kubernetes_executor.py
[2023-05-14T05:47:15.428+0000] {processor.py:753} INFO - DAG(s) dict_keys(['example_kubernetes_executor']) retrieved from /home/airflow/.local/lib/python3.7/site-packages/airflow/example_dags/example_kubernetes_executor.py
[2023-05-14T05:47:15.453+0000] {logging_mixin.py:137} INFO - [2023-05-14T05:47:15.453+0000] {dag.py:2705} INFO - Sync 1 DAGs
[2023-05-14T05:47:15.474+0000] {logging_mixin.py:137} INFO - [2023-05-14T05:47:15.474+0000] {dag.py:3456} INFO - Setting next_dagrun for example_kubernetes_executor to None, run_after=None
[2023-05-14T05:47:15.490+0000] {processor.py:175} INFO - Processing /home/airflow/.local/lib/python3.7/site-packages/airflow/example_dags/example_kubernetes_executor.py took 0.089 seconds
[2023-05-14T05:47:45.929+0000] {processor.py:153} INFO - Started process (PID=10454) to work on /home/airflow/.local/lib/python3.7/site-packages/airflow/example_dags/example_kubernetes_executor.py
[2023-05-14T05:47:45.931+0000] {processor.py:743} INFO - Processing file /home/airflow/.local/lib/python3.7/site-packages/airflow/example_dags/example_kubernetes_executor.py for tasks to queue
[2023-05-14T05:47:45.937+0000] {logging_mixin.py:137} INFO - [2023-05-14T05:47:45.937+0000] {dagbag.py:532} INFO - Filling up the DagBag from /home/airflow/.local/lib/python3.7/site-packages/airflow/example_dags/example_kubernetes_executor.py
[2023-05-14T05:47:45.962+0000] {processor.py:753} INFO - DAG(s) dict_keys(['example_kubernetes_executor']) retrieved from /home/airflow/.local/lib/python3.7/site-packages/airflow/example_dags/example_kubernetes_executor.py
[2023-05-14T05:47:45.990+0000] {logging_mixin.py:137} INFO - [2023-05-14T05:47:45.990+0000] {dag.py:2705} INFO - Sync 1 DAGs
[2023-05-14T05:47:46.007+0000] {logging_mixin.py:137} INFO - [2023-05-14T05:47:46.007+0000] {dag.py:3456} INFO - Setting next_dagrun for example_kubernetes_executor to None, run_after=None
[2023-05-14T05:47:46.021+0000] {processor.py:175} INFO - Processing /home/airflow/.local/lib/python3.7/site-packages/airflow/example_dags/example_kubernetes_executor.py took 0.095 seconds
[2023-05-14T05:48:16.233+0000] {processor.py:153} INFO - Started process (PID=10678) to work on /home/airflow/.local/lib/python3.7/site-packages/airflow/example_dags/example_kubernetes_executor.py
[2023-05-14T05:48:16.235+0000] {processor.py:743} INFO - Processing file /home/airflow/.local/lib/python3.7/site-packages/airflow/example_dags/example_kubernetes_executor.py for tasks to queue
[2023-05-14T05:48:16.236+0000] {logging_mixin.py:137} INFO - [2023-05-14T05:48:16.236+0000] {dagbag.py:532} INFO - Filling up the DagBag from /home/airflow/.local/lib/python3.7/site-packages/airflow/example_dags/example_kubernetes_executor.py
[2023-05-14T05:48:16.258+0000] {processor.py:753} INFO - DAG(s) dict_keys(['example_kubernetes_executor']) retrieved from /home/airflow/.local/lib/python3.7/site-packages/airflow/example_dags/example_kubernetes_executor.py
[2023-05-14T05:48:16.286+0000] {logging_mixin.py:137} INFO - [2023-05-14T05:48:16.285+0000] {dag.py:2705} INFO - Sync 1 DAGs
[2023-05-14T05:48:16.304+0000] {logging_mixin.py:137} INFO - [2023-05-14T05:48:16.303+0000] {dag.py:3456} INFO - Setting next_dagrun for example_kubernetes_executor to None, run_after=None
[2023-05-14T05:48:16.317+0000] {processor.py:175} INFO - Processing /home/airflow/.local/lib/python3.7/site-packages/airflow/example_dags/example_kubernetes_executor.py took 0.086 seconds
[2023-05-14T05:48:46.407+0000] {processor.py:153} INFO - Started process (PID=10902) to work on /home/airflow/.local/lib/python3.7/site-packages/airflow/example_dags/example_kubernetes_executor.py
[2023-05-14T05:48:46.409+0000] {processor.py:743} INFO - Processing file /home/airflow/.local/lib/python3.7/site-packages/airflow/example_dags/example_kubernetes_executor.py for tasks to queue
[2023-05-14T05:48:46.410+0000] {logging_mixin.py:137} INFO - [2023-05-14T05:48:46.410+0000] {dagbag.py:532} INFO - Filling up the DagBag from /home/airflow/.local/lib/python3.7/site-packages/airflow/example_dags/example_kubernetes_executor.py
[2023-05-14T05:48:46.432+0000] {processor.py:753} INFO - DAG(s) dict_keys(['example_kubernetes_executor']) retrieved from /home/airflow/.local/lib/python3.7/site-packages/airflow/example_dags/example_kubernetes_executor.py
[2023-05-14T05:48:46.457+0000] {logging_mixin.py:137} INFO - [2023-05-14T05:48:46.457+0000] {dag.py:2705} INFO - Sync 1 DAGs
[2023-05-14T05:48:46.477+0000] {logging_mixin.py:137} INFO - [2023-05-14T05:48:46.477+0000] {dag.py:3456} INFO - Setting next_dagrun for example_kubernetes_executor to None, run_after=None
[2023-05-14T05:48:46.490+0000] {processor.py:175} INFO - Processing /home/airflow/.local/lib/python3.7/site-packages/airflow/example_dags/example_kubernetes_executor.py took 0.086 seconds
[2023-05-14T05:49:16.917+0000] {processor.py:153} INFO - Started process (PID=11126) to work on /home/airflow/.local/lib/python3.7/site-packages/airflow/example_dags/example_kubernetes_executor.py
[2023-05-14T05:49:16.918+0000] {processor.py:743} INFO - Processing file /home/airflow/.local/lib/python3.7/site-packages/airflow/example_dags/example_kubernetes_executor.py for tasks to queue
[2023-05-14T05:49:16.920+0000] {logging_mixin.py:137} INFO - [2023-05-14T05:49:16.920+0000] {dagbag.py:532} INFO - Filling up the DagBag from /home/airflow/.local/lib/python3.7/site-packages/airflow/example_dags/example_kubernetes_executor.py
[2023-05-14T05:49:16.944+0000] {processor.py:753} INFO - DAG(s) dict_keys(['example_kubernetes_executor']) retrieved from /home/airflow/.local/lib/python3.7/site-packages/airflow/example_dags/example_kubernetes_executor.py
[2023-05-14T05:49:16.969+0000] {logging_mixin.py:137} INFO - [2023-05-14T05:49:16.969+0000] {dag.py:2705} INFO - Sync 1 DAGs
[2023-05-14T05:49:16.986+0000] {logging_mixin.py:137} INFO - [2023-05-14T05:49:16.986+0000] {dag.py:3456} INFO - Setting next_dagrun for example_kubernetes_executor to None, run_after=None
[2023-05-14T05:49:17.000+0000] {processor.py:175} INFO - Processing /home/airflow/.local/lib/python3.7/site-packages/airflow/example_dags/example_kubernetes_executor.py took 0.086 seconds
[2023-05-14T05:49:47.133+0000] {processor.py:153} INFO - Started process (PID=11352) to work on /home/airflow/.local/lib/python3.7/site-packages/airflow/example_dags/example_kubernetes_executor.py
[2023-05-14T05:49:47.135+0000] {processor.py:743} INFO - Processing file /home/airflow/.local/lib/python3.7/site-packages/airflow/example_dags/example_kubernetes_executor.py for tasks to queue
[2023-05-14T05:49:47.142+0000] {logging_mixin.py:137} INFO - [2023-05-14T05:49:47.142+0000] {dagbag.py:532} INFO - Filling up the DagBag from /home/airflow/.local/lib/python3.7/site-packages/airflow/example_dags/example_kubernetes_executor.py
[2023-05-14T05:49:47.165+0000] {processor.py:753} INFO - DAG(s) dict_keys(['example_kubernetes_executor']) retrieved from /home/airflow/.local/lib/python3.7/site-packages/airflow/example_dags/example_kubernetes_executor.py
[2023-05-14T05:49:47.190+0000] {logging_mixin.py:137} INFO - [2023-05-14T05:49:47.190+0000] {dag.py:2705} INFO - Sync 1 DAGs
[2023-05-14T05:49:47.206+0000] {logging_mixin.py:137} INFO - [2023-05-14T05:49:47.206+0000] {dag.py:3456} INFO - Setting next_dagrun for example_kubernetes_executor to None, run_after=None
[2023-05-14T05:49:47.218+0000] {processor.py:175} INFO - Processing /home/airflow/.local/lib/python3.7/site-packages/airflow/example_dags/example_kubernetes_executor.py took 0.088 seconds
[2023-05-14T05:50:17.361+0000] {processor.py:153} INFO - Started process (PID=11576) to work on /home/airflow/.local/lib/python3.7/site-packages/airflow/example_dags/example_kubernetes_executor.py
[2023-05-14T05:50:17.365+0000] {processor.py:743} INFO - Processing file /home/airflow/.local/lib/python3.7/site-packages/airflow/example_dags/example_kubernetes_executor.py for tasks to queue
[2023-05-14T05:50:17.367+0000] {logging_mixin.py:137} INFO - [2023-05-14T05:50:17.367+0000] {dagbag.py:532} INFO - Filling up the DagBag from /home/airflow/.local/lib/python3.7/site-packages/airflow/example_dags/example_kubernetes_executor.py
[2023-05-14T05:50:17.397+0000] {processor.py:753} INFO - DAG(s) dict_keys(['example_kubernetes_executor']) retrieved from /home/airflow/.local/lib/python3.7/site-packages/airflow/example_dags/example_kubernetes_executor.py
[2023-05-14T05:50:17.428+0000] {logging_mixin.py:137} INFO - [2023-05-14T05:50:17.428+0000] {dag.py:2705} INFO - Sync 1 DAGs
[2023-05-14T05:50:17.448+0000] {logging_mixin.py:137} INFO - [2023-05-14T05:50:17.448+0000] {dag.py:3456} INFO - Setting next_dagrun for example_kubernetes_executor to None, run_after=None
[2023-05-14T05:50:17.461+0000] {processor.py:175} INFO - Processing /home/airflow/.local/lib/python3.7/site-packages/airflow/example_dags/example_kubernetes_executor.py took 0.104 seconds
[2023-05-14T05:50:47.805+0000] {processor.py:153} INFO - Started process (PID=11800) to work on /home/airflow/.local/lib/python3.7/site-packages/airflow/example_dags/example_kubernetes_executor.py
[2023-05-14T05:50:47.818+0000] {processor.py:743} INFO - Processing file /home/airflow/.local/lib/python3.7/site-packages/airflow/example_dags/example_kubernetes_executor.py for tasks to queue
[2023-05-14T05:50:47.820+0000] {logging_mixin.py:137} INFO - [2023-05-14T05:50:47.820+0000] {dagbag.py:532} INFO - Filling up the DagBag from /home/airflow/.local/lib/python3.7/site-packages/airflow/example_dags/example_kubernetes_executor.py
[2023-05-14T05:50:47.847+0000] {processor.py:753} INFO - DAG(s) dict_keys(['example_kubernetes_executor']) retrieved from /home/airflow/.local/lib/python3.7/site-packages/airflow/example_dags/example_kubernetes_executor.py
[2023-05-14T05:50:47.877+0000] {logging_mixin.py:137} INFO - [2023-05-14T05:50:47.877+0000] {dag.py:2705} INFO - Sync 1 DAGs
[2023-05-14T05:50:47.893+0000] {logging_mixin.py:137} INFO - [2023-05-14T05:50:47.893+0000] {dag.py:3456} INFO - Setting next_dagrun for example_kubernetes_executor to None, run_after=None
[2023-05-14T05:50:47.908+0000] {processor.py:175} INFO - Processing /home/airflow/.local/lib/python3.7/site-packages/airflow/example_dags/example_kubernetes_executor.py took 0.109 seconds
[2023-05-14T05:51:18.168+0000] {processor.py:153} INFO - Started process (PID=12024) to work on /home/airflow/.local/lib/python3.7/site-packages/airflow/example_dags/example_kubernetes_executor.py
[2023-05-14T05:51:18.170+0000] {processor.py:743} INFO - Processing file /home/airflow/.local/lib/python3.7/site-packages/airflow/example_dags/example_kubernetes_executor.py for tasks to queue
[2023-05-14T05:51:18.171+0000] {logging_mixin.py:137} INFO - [2023-05-14T05:51:18.171+0000] {dagbag.py:532} INFO - Filling up the DagBag from /home/airflow/.local/lib/python3.7/site-packages/airflow/example_dags/example_kubernetes_executor.py
[2023-05-14T05:51:18.199+0000] {processor.py:753} INFO - DAG(s) dict_keys(['example_kubernetes_executor']) retrieved from /home/airflow/.local/lib/python3.7/site-packages/airflow/example_dags/example_kubernetes_executor.py
[2023-05-14T05:51:18.230+0000] {logging_mixin.py:137} INFO - [2023-05-14T05:51:18.229+0000] {dag.py:2705} INFO - Sync 1 DAGs
[2023-05-14T05:51:18.248+0000] {logging_mixin.py:137} INFO - [2023-05-14T05:51:18.248+0000] {dag.py:3456} INFO - Setting next_dagrun for example_kubernetes_executor to None, run_after=None
[2023-05-14T05:51:18.261+0000] {processor.py:175} INFO - Processing /home/airflow/.local/lib/python3.7/site-packages/airflow/example_dags/example_kubernetes_executor.py took 0.097 seconds
[2023-05-14T05:51:48.498+0000] {processor.py:153} INFO - Started process (PID=12250) to work on /home/airflow/.local/lib/python3.7/site-packages/airflow/example_dags/example_kubernetes_executor.py
[2023-05-14T05:51:48.500+0000] {processor.py:743} INFO - Processing file /home/airflow/.local/lib/python3.7/site-packages/airflow/example_dags/example_kubernetes_executor.py for tasks to queue
[2023-05-14T05:51:48.501+0000] {logging_mixin.py:137} INFO - [2023-05-14T05:51:48.501+0000] {dagbag.py:532} INFO - Filling up the DagBag from /home/airflow/.local/lib/python3.7/site-packages/airflow/example_dags/example_kubernetes_executor.py
[2023-05-14T05:51:48.520+0000] {processor.py:753} INFO - DAG(s) dict_keys(['example_kubernetes_executor']) retrieved from /home/airflow/.local/lib/python3.7/site-packages/airflow/example_dags/example_kubernetes_executor.py
[2023-05-14T05:51:48.547+0000] {logging_mixin.py:137} INFO - [2023-05-14T05:51:48.547+0000] {dag.py:2705} INFO - Sync 1 DAGs
[2023-05-14T05:51:48.562+0000] {logging_mixin.py:137} INFO - [2023-05-14T05:51:48.562+0000] {dag.py:3456} INFO - Setting next_dagrun for example_kubernetes_executor to None, run_after=None
[2023-05-14T05:51:48.573+0000] {processor.py:175} INFO - Processing /home/airflow/.local/lib/python3.7/site-packages/airflow/example_dags/example_kubernetes_executor.py took 0.078 seconds
[2023-05-14T05:52:18.874+0000] {processor.py:153} INFO - Started process (PID=12473) to work on /home/airflow/.local/lib/python3.7/site-packages/airflow/example_dags/example_kubernetes_executor.py
[2023-05-14T05:52:18.876+0000] {processor.py:743} INFO - Processing file /home/airflow/.local/lib/python3.7/site-packages/airflow/example_dags/example_kubernetes_executor.py for tasks to queue
[2023-05-14T05:52:18.878+0000] {logging_mixin.py:137} INFO - [2023-05-14T05:52:18.878+0000] {dagbag.py:532} INFO - Filling up the DagBag from /home/airflow/.local/lib/python3.7/site-packages/airflow/example_dags/example_kubernetes_executor.py
[2023-05-14T05:52:18.908+0000] {processor.py:753} INFO - DAG(s) dict_keys(['example_kubernetes_executor']) retrieved from /home/airflow/.local/lib/python3.7/site-packages/airflow/example_dags/example_kubernetes_executor.py
[2023-05-14T05:52:18.934+0000] {logging_mixin.py:137} INFO - [2023-05-14T05:52:18.934+0000] {dag.py:2705} INFO - Sync 1 DAGs
[2023-05-14T05:52:18.951+0000] {logging_mixin.py:137} INFO - [2023-05-14T05:52:18.951+0000] {dag.py:3456} INFO - Setting next_dagrun for example_kubernetes_executor to None, run_after=None
[2023-05-14T05:52:18.965+0000] {processor.py:175} INFO - Processing /home/airflow/.local/lib/python3.7/site-packages/airflow/example_dags/example_kubernetes_executor.py took 0.093 seconds
[2023-05-14T05:52:49.046+0000] {processor.py:153} INFO - Started process (PID=12695) to work on /home/airflow/.local/lib/python3.7/site-packages/airflow/example_dags/example_kubernetes_executor.py
[2023-05-14T05:52:49.048+0000] {processor.py:743} INFO - Processing file /home/airflow/.local/lib/python3.7/site-packages/airflow/example_dags/example_kubernetes_executor.py for tasks to queue
[2023-05-14T05:52:49.050+0000] {logging_mixin.py:137} INFO - [2023-05-14T05:52:49.050+0000] {dagbag.py:532} INFO - Filling up the DagBag from /home/airflow/.local/lib/python3.7/site-packages/airflow/example_dags/example_kubernetes_executor.py
[2023-05-14T05:52:49.072+0000] {processor.py:753} INFO - DAG(s) dict_keys(['example_kubernetes_executor']) retrieved from /home/airflow/.local/lib/python3.7/site-packages/airflow/example_dags/example_kubernetes_executor.py
[2023-05-14T05:52:49.100+0000] {logging_mixin.py:137} INFO - [2023-05-14T05:52:49.100+0000] {dag.py:2705} INFO - Sync 1 DAGs
[2023-05-14T05:52:49.117+0000] {logging_mixin.py:137} INFO - [2023-05-14T05:52:49.117+0000] {dag.py:3456} INFO - Setting next_dagrun for example_kubernetes_executor to None, run_after=None
[2023-05-14T05:52:49.129+0000] {processor.py:175} INFO - Processing /home/airflow/.local/lib/python3.7/site-packages/airflow/example_dags/example_kubernetes_executor.py took 0.086 seconds
[2023-05-14T05:53:19.518+0000] {processor.py:153} INFO - Started process (PID=12919) to work on /home/airflow/.local/lib/python3.7/site-packages/airflow/example_dags/example_kubernetes_executor.py
[2023-05-14T05:53:19.520+0000] {processor.py:743} INFO - Processing file /home/airflow/.local/lib/python3.7/site-packages/airflow/example_dags/example_kubernetes_executor.py for tasks to queue
[2023-05-14T05:53:19.521+0000] {logging_mixin.py:137} INFO - [2023-05-14T05:53:19.521+0000] {dagbag.py:532} INFO - Filling up the DagBag from /home/airflow/.local/lib/python3.7/site-packages/airflow/example_dags/example_kubernetes_executor.py
[2023-05-14T05:53:19.543+0000] {processor.py:753} INFO - DAG(s) dict_keys(['example_kubernetes_executor']) retrieved from /home/airflow/.local/lib/python3.7/site-packages/airflow/example_dags/example_kubernetes_executor.py
[2023-05-14T05:53:19.574+0000] {logging_mixin.py:137} INFO - [2023-05-14T05:53:19.574+0000] {dag.py:2705} INFO - Sync 1 DAGs
[2023-05-14T05:53:19.590+0000] {logging_mixin.py:137} INFO - [2023-05-14T05:53:19.590+0000] {dag.py:3456} INFO - Setting next_dagrun for example_kubernetes_executor to None, run_after=None
[2023-05-14T05:53:19.602+0000] {processor.py:175} INFO - Processing /home/airflow/.local/lib/python3.7/site-packages/airflow/example_dags/example_kubernetes_executor.py took 0.088 seconds
[2023-05-14T05:53:50.842+0000] {processor.py:153} INFO - Started process (PID=13144) to work on /home/airflow/.local/lib/python3.7/site-packages/airflow/example_dags/example_kubernetes_executor.py
[2023-05-14T05:53:50.844+0000] {processor.py:743} INFO - Processing file /home/airflow/.local/lib/python3.7/site-packages/airflow/example_dags/example_kubernetes_executor.py for tasks to queue
[2023-05-14T05:53:50.846+0000] {logging_mixin.py:137} INFO - [2023-05-14T05:53:50.846+0000] {dagbag.py:532} INFO - Filling up the DagBag from /home/airflow/.local/lib/python3.7/site-packages/airflow/example_dags/example_kubernetes_executor.py
[2023-05-14T05:53:50.868+0000] {processor.py:753} INFO - DAG(s) dict_keys(['example_kubernetes_executor']) retrieved from /home/airflow/.local/lib/python3.7/site-packages/airflow/example_dags/example_kubernetes_executor.py
[2023-05-14T05:53:50.902+0000] {logging_mixin.py:137} INFO - [2023-05-14T05:53:50.902+0000] {dag.py:2705} INFO - Sync 1 DAGs
[2023-05-14T05:53:50.920+0000] {logging_mixin.py:137} INFO - [2023-05-14T05:53:50.920+0000] {dag.py:3456} INFO - Setting next_dagrun for example_kubernetes_executor to None, run_after=None
[2023-05-14T05:53:50.932+0000] {processor.py:175} INFO - Processing /home/airflow/.local/lib/python3.7/site-packages/airflow/example_dags/example_kubernetes_executor.py took 0.092 seconds
[2023-05-14T05:54:21.153+0000] {processor.py:153} INFO - Started process (PID=13368) to work on /home/airflow/.local/lib/python3.7/site-packages/airflow/example_dags/example_kubernetes_executor.py
[2023-05-14T05:54:21.155+0000] {processor.py:743} INFO - Processing file /home/airflow/.local/lib/python3.7/site-packages/airflow/example_dags/example_kubernetes_executor.py for tasks to queue
[2023-05-14T05:54:21.157+0000] {logging_mixin.py:137} INFO - [2023-05-14T05:54:21.157+0000] {dagbag.py:532} INFO - Filling up the DagBag from /home/airflow/.local/lib/python3.7/site-packages/airflow/example_dags/example_kubernetes_executor.py
[2023-05-14T05:54:21.180+0000] {processor.py:753} INFO - DAG(s) dict_keys(['example_kubernetes_executor']) retrieved from /home/airflow/.local/lib/python3.7/site-packages/airflow/example_dags/example_kubernetes_executor.py
[2023-05-14T05:54:21.207+0000] {logging_mixin.py:137} INFO - [2023-05-14T05:54:21.206+0000] {dag.py:2705} INFO - Sync 1 DAGs
[2023-05-14T05:54:21.224+0000] {logging_mixin.py:137} INFO - [2023-05-14T05:54:21.224+0000] {dag.py:3456} INFO - Setting next_dagrun for example_kubernetes_executor to None, run_after=None
[2023-05-14T05:54:21.236+0000] {processor.py:175} INFO - Processing /home/airflow/.local/lib/python3.7/site-packages/airflow/example_dags/example_kubernetes_executor.py took 0.086 seconds
[2023-05-14T05:54:51.456+0000] {processor.py:153} INFO - Started process (PID=13591) to work on /home/airflow/.local/lib/python3.7/site-packages/airflow/example_dags/example_kubernetes_executor.py
[2023-05-14T05:54:51.458+0000] {processor.py:743} INFO - Processing file /home/airflow/.local/lib/python3.7/site-packages/airflow/example_dags/example_kubernetes_executor.py for tasks to queue
[2023-05-14T05:54:51.462+0000] {logging_mixin.py:137} INFO - [2023-05-14T05:54:51.461+0000] {dagbag.py:532} INFO - Filling up the DagBag from /home/airflow/.local/lib/python3.7/site-packages/airflow/example_dags/example_kubernetes_executor.py
[2023-05-14T05:54:51.489+0000] {processor.py:753} INFO - DAG(s) dict_keys(['example_kubernetes_executor']) retrieved from /home/airflow/.local/lib/python3.7/site-packages/airflow/example_dags/example_kubernetes_executor.py
[2023-05-14T05:54:51.521+0000] {logging_mixin.py:137} INFO - [2023-05-14T05:54:51.521+0000] {dag.py:2705} INFO - Sync 1 DAGs
[2023-05-14T05:54:51.539+0000] {logging_mixin.py:137} INFO - [2023-05-14T05:54:51.539+0000] {dag.py:3456} INFO - Setting next_dagrun for example_kubernetes_executor to None, run_after=None
[2023-05-14T05:54:51.555+0000] {processor.py:175} INFO - Processing /home/airflow/.local/lib/python3.7/site-packages/airflow/example_dags/example_kubernetes_executor.py took 0.102 seconds
[2023-05-14T05:55:21.892+0000] {processor.py:153} INFO - Started process (PID=13815) to work on /home/airflow/.local/lib/python3.7/site-packages/airflow/example_dags/example_kubernetes_executor.py
[2023-05-14T05:55:21.896+0000] {processor.py:743} INFO - Processing file /home/airflow/.local/lib/python3.7/site-packages/airflow/example_dags/example_kubernetes_executor.py for tasks to queue
[2023-05-14T05:55:21.900+0000] {logging_mixin.py:137} INFO - [2023-05-14T05:55:21.900+0000] {dagbag.py:532} INFO - Filling up the DagBag from /home/airflow/.local/lib/python3.7/site-packages/airflow/example_dags/example_kubernetes_executor.py
[2023-05-14T05:55:21.925+0000] {processor.py:753} INFO - DAG(s) dict_keys(['example_kubernetes_executor']) retrieved from /home/airflow/.local/lib/python3.7/site-packages/airflow/example_dags/example_kubernetes_executor.py
[2023-05-14T05:55:21.959+0000] {logging_mixin.py:137} INFO - [2023-05-14T05:55:21.959+0000] {dag.py:2705} INFO - Sync 1 DAGs
[2023-05-14T05:55:21.983+0000] {logging_mixin.py:137} INFO - [2023-05-14T05:55:21.983+0000] {dag.py:3456} INFO - Setting next_dagrun for example_kubernetes_executor to None, run_after=None
[2023-05-14T05:55:21.999+0000] {processor.py:175} INFO - Processing /home/airflow/.local/lib/python3.7/site-packages/airflow/example_dags/example_kubernetes_executor.py took 0.111 seconds
[2023-05-14T05:55:52.212+0000] {processor.py:153} INFO - Started process (PID=14039) to work on /home/airflow/.local/lib/python3.7/site-packages/airflow/example_dags/example_kubernetes_executor.py
[2023-05-14T05:55:52.213+0000] {processor.py:743} INFO - Processing file /home/airflow/.local/lib/python3.7/site-packages/airflow/example_dags/example_kubernetes_executor.py for tasks to queue
[2023-05-14T05:55:52.215+0000] {logging_mixin.py:137} INFO - [2023-05-14T05:55:52.214+0000] {dagbag.py:532} INFO - Filling up the DagBag from /home/airflow/.local/lib/python3.7/site-packages/airflow/example_dags/example_kubernetes_executor.py
[2023-05-14T05:55:52.240+0000] {processor.py:753} INFO - DAG(s) dict_keys(['example_kubernetes_executor']) retrieved from /home/airflow/.local/lib/python3.7/site-packages/airflow/example_dags/example_kubernetes_executor.py
[2023-05-14T05:55:52.265+0000] {logging_mixin.py:137} INFO - [2023-05-14T05:55:52.265+0000] {dag.py:2705} INFO - Sync 1 DAGs
[2023-05-14T05:55:52.281+0000] {logging_mixin.py:137} INFO - [2023-05-14T05:55:52.281+0000] {dag.py:3456} INFO - Setting next_dagrun for example_kubernetes_executor to None, run_after=None
[2023-05-14T05:55:52.296+0000] {processor.py:175} INFO - Processing /home/airflow/.local/lib/python3.7/site-packages/airflow/example_dags/example_kubernetes_executor.py took 0.089 seconds
[2023-05-14T05:56:22.700+0000] {processor.py:153} INFO - Started process (PID=14263) to work on /home/airflow/.local/lib/python3.7/site-packages/airflow/example_dags/example_kubernetes_executor.py
[2023-05-14T05:56:22.703+0000] {processor.py:743} INFO - Processing file /home/airflow/.local/lib/python3.7/site-packages/airflow/example_dags/example_kubernetes_executor.py for tasks to queue
[2023-05-14T05:56:22.705+0000] {logging_mixin.py:137} INFO - [2023-05-14T05:56:22.705+0000] {dagbag.py:532} INFO - Filling up the DagBag from /home/airflow/.local/lib/python3.7/site-packages/airflow/example_dags/example_kubernetes_executor.py
[2023-05-14T05:56:22.742+0000] {processor.py:753} INFO - DAG(s) dict_keys(['example_kubernetes_executor']) retrieved from /home/airflow/.local/lib/python3.7/site-packages/airflow/example_dags/example_kubernetes_executor.py
[2023-05-14T05:56:22.788+0000] {logging_mixin.py:137} INFO - [2023-05-14T05:56:22.788+0000] {dag.py:2705} INFO - Sync 1 DAGs
[2023-05-14T05:56:22.811+0000] {logging_mixin.py:137} INFO - [2023-05-14T05:56:22.811+0000] {dag.py:3456} INFO - Setting next_dagrun for example_kubernetes_executor to None, run_after=None
[2023-05-14T05:56:22.825+0000] {processor.py:175} INFO - Processing /home/airflow/.local/lib/python3.7/site-packages/airflow/example_dags/example_kubernetes_executor.py took 0.129 seconds
[2023-05-14T05:56:53.458+0000] {processor.py:153} INFO - Started process (PID=14487) to work on /home/airflow/.local/lib/python3.7/site-packages/airflow/example_dags/example_kubernetes_executor.py
[2023-05-14T05:56:53.461+0000] {processor.py:743} INFO - Processing file /home/airflow/.local/lib/python3.7/site-packages/airflow/example_dags/example_kubernetes_executor.py for tasks to queue
[2023-05-14T05:56:53.464+0000] {logging_mixin.py:137} INFO - [2023-05-14T05:56:53.464+0000] {dagbag.py:532} INFO - Filling up the DagBag from /home/airflow/.local/lib/python3.7/site-packages/airflow/example_dags/example_kubernetes_executor.py
[2023-05-14T05:56:53.509+0000] {processor.py:753} INFO - DAG(s) dict_keys(['example_kubernetes_executor']) retrieved from /home/airflow/.local/lib/python3.7/site-packages/airflow/example_dags/example_kubernetes_executor.py
[2023-05-14T05:56:53.551+0000] {logging_mixin.py:137} INFO - [2023-05-14T05:56:53.551+0000] {dag.py:2705} INFO - Sync 1 DAGs
[2023-05-14T05:56:53.574+0000] {logging_mixin.py:137} INFO - [2023-05-14T05:56:53.574+0000] {dag.py:3456} INFO - Setting next_dagrun for example_kubernetes_executor to None, run_after=None
[2023-05-14T05:56:53.589+0000] {processor.py:175} INFO - Processing /home/airflow/.local/lib/python3.7/site-packages/airflow/example_dags/example_kubernetes_executor.py took 0.136 seconds
[2023-05-14T05:57:24.159+0000] {processor.py:153} INFO - Started process (PID=14711) to work on /home/airflow/.local/lib/python3.7/site-packages/airflow/example_dags/example_kubernetes_executor.py
[2023-05-14T05:57:24.160+0000] {processor.py:743} INFO - Processing file /home/airflow/.local/lib/python3.7/site-packages/airflow/example_dags/example_kubernetes_executor.py for tasks to queue
[2023-05-14T05:57:24.161+0000] {logging_mixin.py:137} INFO - [2023-05-14T05:57:24.161+0000] {dagbag.py:532} INFO - Filling up the DagBag from /home/airflow/.local/lib/python3.7/site-packages/airflow/example_dags/example_kubernetes_executor.py
[2023-05-14T05:57:24.188+0000] {processor.py:753} INFO - DAG(s) dict_keys(['example_kubernetes_executor']) retrieved from /home/airflow/.local/lib/python3.7/site-packages/airflow/example_dags/example_kubernetes_executor.py
[2023-05-14T05:57:24.216+0000] {logging_mixin.py:137} INFO - [2023-05-14T05:57:24.215+0000] {dag.py:2705} INFO - Sync 1 DAGs
[2023-05-14T05:57:24.232+0000] {logging_mixin.py:137} INFO - [2023-05-14T05:57:24.232+0000] {dag.py:3456} INFO - Setting next_dagrun for example_kubernetes_executor to None, run_after=None
[2023-05-14T05:57:24.245+0000] {processor.py:175} INFO - Processing /home/airflow/.local/lib/python3.7/site-packages/airflow/example_dags/example_kubernetes_executor.py took 0.089 seconds
[2023-05-14T05:57:54.516+0000] {processor.py:153} INFO - Started process (PID=14935) to work on /home/airflow/.local/lib/python3.7/site-packages/airflow/example_dags/example_kubernetes_executor.py
[2023-05-14T05:57:54.518+0000] {processor.py:743} INFO - Processing file /home/airflow/.local/lib/python3.7/site-packages/airflow/example_dags/example_kubernetes_executor.py for tasks to queue
[2023-05-14T05:57:54.519+0000] {logging_mixin.py:137} INFO - [2023-05-14T05:57:54.519+0000] {dagbag.py:532} INFO - Filling up the DagBag from /home/airflow/.local/lib/python3.7/site-packages/airflow/example_dags/example_kubernetes_executor.py
[2023-05-14T05:57:54.545+0000] {processor.py:753} INFO - DAG(s) dict_keys(['example_kubernetes_executor']) retrieved from /home/airflow/.local/lib/python3.7/site-packages/airflow/example_dags/example_kubernetes_executor.py
[2023-05-14T05:57:54.570+0000] {logging_mixin.py:137} INFO - [2023-05-14T05:57:54.570+0000] {dag.py:2705} INFO - Sync 1 DAGs
[2023-05-14T05:57:54.588+0000] {logging_mixin.py:137} INFO - [2023-05-14T05:57:54.588+0000] {dag.py:3456} INFO - Setting next_dagrun for example_kubernetes_executor to None, run_after=None
[2023-05-14T05:57:54.605+0000] {processor.py:175} INFO - Processing /home/airflow/.local/lib/python3.7/site-packages/airflow/example_dags/example_kubernetes_executor.py took 0.093 seconds
[2023-05-14T05:58:24.885+0000] {processor.py:153} INFO - Started process (PID=15159) to work on /home/airflow/.local/lib/python3.7/site-packages/airflow/example_dags/example_kubernetes_executor.py
[2023-05-14T05:58:24.887+0000] {processor.py:743} INFO - Processing file /home/airflow/.local/lib/python3.7/site-packages/airflow/example_dags/example_kubernetes_executor.py for tasks to queue
[2023-05-14T05:58:24.888+0000] {logging_mixin.py:137} INFO - [2023-05-14T05:58:24.888+0000] {dagbag.py:532} INFO - Filling up the DagBag from /home/airflow/.local/lib/python3.7/site-packages/airflow/example_dags/example_kubernetes_executor.py
[2023-05-14T05:58:24.917+0000] {processor.py:753} INFO - DAG(s) dict_keys(['example_kubernetes_executor']) retrieved from /home/airflow/.local/lib/python3.7/site-packages/airflow/example_dags/example_kubernetes_executor.py
[2023-05-14T05:58:24.943+0000] {logging_mixin.py:137} INFO - [2023-05-14T05:58:24.943+0000] {dag.py:2705} INFO - Sync 1 DAGs
[2023-05-14T05:58:24.961+0000] {logging_mixin.py:137} INFO - [2023-05-14T05:58:24.961+0000] {dag.py:3456} INFO - Setting next_dagrun for example_kubernetes_executor to None, run_after=None
[2023-05-14T05:58:24.973+0000] {processor.py:175} INFO - Processing /home/airflow/.local/lib/python3.7/site-packages/airflow/example_dags/example_kubernetes_executor.py took 0.091 seconds
[2023-05-14T05:58:55.083+0000] {processor.py:153} INFO - Started process (PID=15383) to work on /home/airflow/.local/lib/python3.7/site-packages/airflow/example_dags/example_kubernetes_executor.py
[2023-05-14T05:58:55.085+0000] {processor.py:743} INFO - Processing file /home/airflow/.local/lib/python3.7/site-packages/airflow/example_dags/example_kubernetes_executor.py for tasks to queue
[2023-05-14T05:58:55.086+0000] {logging_mixin.py:137} INFO - [2023-05-14T05:58:55.086+0000] {dagbag.py:532} INFO - Filling up the DagBag from /home/airflow/.local/lib/python3.7/site-packages/airflow/example_dags/example_kubernetes_executor.py
[2023-05-14T05:58:55.113+0000] {processor.py:753} INFO - DAG(s) dict_keys(['example_kubernetes_executor']) retrieved from /home/airflow/.local/lib/python3.7/site-packages/airflow/example_dags/example_kubernetes_executor.py
[2023-05-14T05:58:55.138+0000] {logging_mixin.py:137} INFO - [2023-05-14T05:58:55.138+0000] {dag.py:2705} INFO - Sync 1 DAGs
[2023-05-14T05:58:55.155+0000] {logging_mixin.py:137} INFO - [2023-05-14T05:58:55.155+0000] {dag.py:3456} INFO - Setting next_dagrun for example_kubernetes_executor to None, run_after=None
[2023-05-14T05:58:55.167+0000] {processor.py:175} INFO - Processing /home/airflow/.local/lib/python3.7/site-packages/airflow/example_dags/example_kubernetes_executor.py took 0.088 seconds
[2023-05-14T05:59:25.522+0000] {processor.py:153} INFO - Started process (PID=15607) to work on /home/airflow/.local/lib/python3.7/site-packages/airflow/example_dags/example_kubernetes_executor.py
[2023-05-14T05:59:25.526+0000] {processor.py:743} INFO - Processing file /home/airflow/.local/lib/python3.7/site-packages/airflow/example_dags/example_kubernetes_executor.py for tasks to queue
[2023-05-14T05:59:25.529+0000] {logging_mixin.py:137} INFO - [2023-05-14T05:59:25.529+0000] {dagbag.py:532} INFO - Filling up the DagBag from /home/airflow/.local/lib/python3.7/site-packages/airflow/example_dags/example_kubernetes_executor.py
[2023-05-14T05:59:25.559+0000] {processor.py:753} INFO - DAG(s) dict_keys(['example_kubernetes_executor']) retrieved from /home/airflow/.local/lib/python3.7/site-packages/airflow/example_dags/example_kubernetes_executor.py
[2023-05-14T05:59:25.602+0000] {logging_mixin.py:137} INFO - [2023-05-14T05:59:25.602+0000] {dag.py:2705} INFO - Sync 1 DAGs
[2023-05-14T05:59:25.620+0000] {logging_mixin.py:137} INFO - [2023-05-14T05:59:25.620+0000] {dag.py:3456} INFO - Setting next_dagrun for example_kubernetes_executor to None, run_after=None
[2023-05-14T05:59:25.634+0000] {processor.py:175} INFO - Processing /home/airflow/.local/lib/python3.7/site-packages/airflow/example_dags/example_kubernetes_executor.py took 0.115 seconds
[2023-05-14T05:59:55.951+0000] {processor.py:153} INFO - Started process (PID=15831) to work on /home/airflow/.local/lib/python3.7/site-packages/airflow/example_dags/example_kubernetes_executor.py
[2023-05-14T05:59:55.953+0000] {processor.py:743} INFO - Processing file /home/airflow/.local/lib/python3.7/site-packages/airflow/example_dags/example_kubernetes_executor.py for tasks to queue
[2023-05-14T05:59:55.954+0000] {logging_mixin.py:137} INFO - [2023-05-14T05:59:55.954+0000] {dagbag.py:532} INFO - Filling up the DagBag from /home/airflow/.local/lib/python3.7/site-packages/airflow/example_dags/example_kubernetes_executor.py
[2023-05-14T05:59:55.979+0000] {processor.py:753} INFO - DAG(s) dict_keys(['example_kubernetes_executor']) retrieved from /home/airflow/.local/lib/python3.7/site-packages/airflow/example_dags/example_kubernetes_executor.py
[2023-05-14T05:59:56.007+0000] {logging_mixin.py:137} INFO - [2023-05-14T05:59:56.006+0000] {dag.py:2705} INFO - Sync 1 DAGs
[2023-05-14T05:59:56.025+0000] {logging_mixin.py:137} INFO - [2023-05-14T05:59:56.025+0000] {dag.py:3456} INFO - Setting next_dagrun for example_kubernetes_executor to None, run_after=None
[2023-05-14T05:59:56.038+0000] {processor.py:175} INFO - Processing /home/airflow/.local/lib/python3.7/site-packages/airflow/example_dags/example_kubernetes_executor.py took 0.089 seconds
[2023-05-14T06:00:26.193+0000] {processor.py:153} INFO - Started process (PID=16055) to work on /home/airflow/.local/lib/python3.7/site-packages/airflow/example_dags/example_kubernetes_executor.py
[2023-05-14T06:00:26.195+0000] {processor.py:743} INFO - Processing file /home/airflow/.local/lib/python3.7/site-packages/airflow/example_dags/example_kubernetes_executor.py for tasks to queue
[2023-05-14T06:00:26.197+0000] {logging_mixin.py:137} INFO - [2023-05-14T06:00:26.197+0000] {dagbag.py:532} INFO - Filling up the DagBag from /home/airflow/.local/lib/python3.7/site-packages/airflow/example_dags/example_kubernetes_executor.py
[2023-05-14T06:00:26.222+0000] {processor.py:753} INFO - DAG(s) dict_keys(['example_kubernetes_executor']) retrieved from /home/airflow/.local/lib/python3.7/site-packages/airflow/example_dags/example_kubernetes_executor.py
[2023-05-14T06:00:26.252+0000] {logging_mixin.py:137} INFO - [2023-05-14T06:00:26.252+0000] {dag.py:2705} INFO - Sync 1 DAGs
[2023-05-14T06:00:26.273+0000] {logging_mixin.py:137} INFO - [2023-05-14T06:00:26.273+0000] {dag.py:3456} INFO - Setting next_dagrun for example_kubernetes_executor to None, run_after=None
[2023-05-14T06:00:26.292+0000] {processor.py:175} INFO - Processing /home/airflow/.local/lib/python3.7/site-packages/airflow/example_dags/example_kubernetes_executor.py took 0.102 seconds
[2023-05-14T06:00:57.132+0000] {processor.py:153} INFO - Started process (PID=16279) to work on /home/airflow/.local/lib/python3.7/site-packages/airflow/example_dags/example_kubernetes_executor.py
[2023-05-14T06:00:57.133+0000] {processor.py:743} INFO - Processing file /home/airflow/.local/lib/python3.7/site-packages/airflow/example_dags/example_kubernetes_executor.py for tasks to queue
[2023-05-14T06:00:57.135+0000] {logging_mixin.py:137} INFO - [2023-05-14T06:00:57.135+0000] {dagbag.py:532} INFO - Filling up the DagBag from /home/airflow/.local/lib/python3.7/site-packages/airflow/example_dags/example_kubernetes_executor.py
[2023-05-14T06:00:57.162+0000] {processor.py:753} INFO - DAG(s) dict_keys(['example_kubernetes_executor']) retrieved from /home/airflow/.local/lib/python3.7/site-packages/airflow/example_dags/example_kubernetes_executor.py
[2023-05-14T06:00:57.190+0000] {logging_mixin.py:137} INFO - [2023-05-14T06:00:57.189+0000] {dag.py:2705} INFO - Sync 1 DAGs
[2023-05-14T06:00:57.209+0000] {logging_mixin.py:137} INFO - [2023-05-14T06:00:57.209+0000] {dag.py:3456} INFO - Setting next_dagrun for example_kubernetes_executor to None, run_after=None
[2023-05-14T06:00:57.223+0000] {processor.py:175} INFO - Processing /home/airflow/.local/lib/python3.7/site-packages/airflow/example_dags/example_kubernetes_executor.py took 0.095 seconds
[2023-05-14T06:01:27.802+0000] {processor.py:153} INFO - Started process (PID=16507) to work on /home/airflow/.local/lib/python3.7/site-packages/airflow/example_dags/example_kubernetes_executor.py
[2023-05-14T06:01:27.803+0000] {processor.py:743} INFO - Processing file /home/airflow/.local/lib/python3.7/site-packages/airflow/example_dags/example_kubernetes_executor.py for tasks to queue
[2023-05-14T06:01:27.804+0000] {logging_mixin.py:137} INFO - [2023-05-14T06:01:27.804+0000] {dagbag.py:532} INFO - Filling up the DagBag from /home/airflow/.local/lib/python3.7/site-packages/airflow/example_dags/example_kubernetes_executor.py
[2023-05-14T06:01:27.831+0000] {processor.py:753} INFO - DAG(s) dict_keys(['example_kubernetes_executor']) retrieved from /home/airflow/.local/lib/python3.7/site-packages/airflow/example_dags/example_kubernetes_executor.py
[2023-05-14T06:01:27.863+0000] {logging_mixin.py:137} INFO - [2023-05-14T06:01:27.863+0000] {dag.py:2705} INFO - Sync 1 DAGs
[2023-05-14T06:01:27.893+0000] {logging_mixin.py:137} INFO - [2023-05-14T06:01:27.893+0000] {dag.py:3456} INFO - Setting next_dagrun for example_kubernetes_executor to None, run_after=None
[2023-05-14T06:01:27.908+0000] {processor.py:175} INFO - Processing /home/airflow/.local/lib/python3.7/site-packages/airflow/example_dags/example_kubernetes_executor.py took 0.110 seconds
[2023-05-14T06:01:58.295+0000] {processor.py:153} INFO - Started process (PID=16731) to work on /home/airflow/.local/lib/python3.7/site-packages/airflow/example_dags/example_kubernetes_executor.py
[2023-05-14T06:01:58.297+0000] {processor.py:743} INFO - Processing file /home/airflow/.local/lib/python3.7/site-packages/airflow/example_dags/example_kubernetes_executor.py for tasks to queue
[2023-05-14T06:01:58.298+0000] {logging_mixin.py:137} INFO - [2023-05-14T06:01:58.298+0000] {dagbag.py:532} INFO - Filling up the DagBag from /home/airflow/.local/lib/python3.7/site-packages/airflow/example_dags/example_kubernetes_executor.py
[2023-05-14T06:01:58.326+0000] {processor.py:753} INFO - DAG(s) dict_keys(['example_kubernetes_executor']) retrieved from /home/airflow/.local/lib/python3.7/site-packages/airflow/example_dags/example_kubernetes_executor.py
[2023-05-14T06:01:58.355+0000] {logging_mixin.py:137} INFO - [2023-05-14T06:01:58.355+0000] {dag.py:2705} INFO - Sync 1 DAGs
[2023-05-14T06:01:58.390+0000] {logging_mixin.py:137} INFO - [2023-05-14T06:01:58.390+0000] {dag.py:3456} INFO - Setting next_dagrun for example_kubernetes_executor to None, run_after=None
[2023-05-14T06:01:58.403+0000] {processor.py:175} INFO - Processing /home/airflow/.local/lib/python3.7/site-packages/airflow/example_dags/example_kubernetes_executor.py took 0.112 seconds
[2023-05-14T06:02:28.774+0000] {processor.py:153} INFO - Started process (PID=16964) to work on /home/airflow/.local/lib/python3.7/site-packages/airflow/example_dags/example_kubernetes_executor.py
[2023-05-14T06:02:28.776+0000] {processor.py:743} INFO - Processing file /home/airflow/.local/lib/python3.7/site-packages/airflow/example_dags/example_kubernetes_executor.py for tasks to queue
[2023-05-14T06:02:28.777+0000] {logging_mixin.py:137} INFO - [2023-05-14T06:02:28.777+0000] {dagbag.py:532} INFO - Filling up the DagBag from /home/airflow/.local/lib/python3.7/site-packages/airflow/example_dags/example_kubernetes_executor.py
[2023-05-14T06:02:28.800+0000] {processor.py:753} INFO - DAG(s) dict_keys(['example_kubernetes_executor']) retrieved from /home/airflow/.local/lib/python3.7/site-packages/airflow/example_dags/example_kubernetes_executor.py
[2023-05-14T06:02:28.826+0000] {logging_mixin.py:137} INFO - [2023-05-14T06:02:28.826+0000] {dag.py:2705} INFO - Sync 1 DAGs
[2023-05-14T06:02:28.844+0000] {logging_mixin.py:137} INFO - [2023-05-14T06:02:28.844+0000] {dag.py:3456} INFO - Setting next_dagrun for example_kubernetes_executor to None, run_after=None
[2023-05-14T06:02:28.858+0000] {processor.py:175} INFO - Processing /home/airflow/.local/lib/python3.7/site-packages/airflow/example_dags/example_kubernetes_executor.py took 0.087 seconds
[2023-05-14T06:02:59.341+0000] {processor.py:153} INFO - Started process (PID=17188) to work on /home/airflow/.local/lib/python3.7/site-packages/airflow/example_dags/example_kubernetes_executor.py
[2023-05-14T06:02:59.345+0000] {processor.py:743} INFO - Processing file /home/airflow/.local/lib/python3.7/site-packages/airflow/example_dags/example_kubernetes_executor.py for tasks to queue
[2023-05-14T06:02:59.347+0000] {logging_mixin.py:137} INFO - [2023-05-14T06:02:59.347+0000] {dagbag.py:532} INFO - Filling up the DagBag from /home/airflow/.local/lib/python3.7/site-packages/airflow/example_dags/example_kubernetes_executor.py
[2023-05-14T06:02:59.377+0000] {processor.py:753} INFO - DAG(s) dict_keys(['example_kubernetes_executor']) retrieved from /home/airflow/.local/lib/python3.7/site-packages/airflow/example_dags/example_kubernetes_executor.py
[2023-05-14T06:02:59.403+0000] {logging_mixin.py:137} INFO - [2023-05-14T06:02:59.403+0000] {dag.py:2705} INFO - Sync 1 DAGs
[2023-05-14T06:02:59.422+0000] {logging_mixin.py:137} INFO - [2023-05-14T06:02:59.421+0000] {dag.py:3456} INFO - Setting next_dagrun for example_kubernetes_executor to None, run_after=None
[2023-05-14T06:02:59.471+0000] {processor.py:175} INFO - Processing /home/airflow/.local/lib/python3.7/site-packages/airflow/example_dags/example_kubernetes_executor.py took 0.134 seconds
[2023-05-14T06:03:29.648+0000] {processor.py:153} INFO - Started process (PID=17413) to work on /home/airflow/.local/lib/python3.7/site-packages/airflow/example_dags/example_kubernetes_executor.py
[2023-05-14T06:03:29.651+0000] {processor.py:743} INFO - Processing file /home/airflow/.local/lib/python3.7/site-packages/airflow/example_dags/example_kubernetes_executor.py for tasks to queue
[2023-05-14T06:03:29.652+0000] {logging_mixin.py:137} INFO - [2023-05-14T06:03:29.652+0000] {dagbag.py:532} INFO - Filling up the DagBag from /home/airflow/.local/lib/python3.7/site-packages/airflow/example_dags/example_kubernetes_executor.py
[2023-05-14T06:03:29.683+0000] {processor.py:753} INFO - DAG(s) dict_keys(['example_kubernetes_executor']) retrieved from /home/airflow/.local/lib/python3.7/site-packages/airflow/example_dags/example_kubernetes_executor.py
[2023-05-14T06:03:29.711+0000] {logging_mixin.py:137} INFO - [2023-05-14T06:03:29.711+0000] {dag.py:2705} INFO - Sync 1 DAGs
[2023-05-14T06:03:29.736+0000] {logging_mixin.py:137} INFO - [2023-05-14T06:03:29.736+0000] {dag.py:3456} INFO - Setting next_dagrun for example_kubernetes_executor to None, run_after=None
[2023-05-14T06:03:29.749+0000] {processor.py:175} INFO - Processing /home/airflow/.local/lib/python3.7/site-packages/airflow/example_dags/example_kubernetes_executor.py took 0.104 seconds
[2023-05-14T06:04:00.560+0000] {processor.py:153} INFO - Started process (PID=17644) to work on /home/airflow/.local/lib/python3.7/site-packages/airflow/example_dags/example_kubernetes_executor.py
[2023-05-14T06:04:00.562+0000] {processor.py:743} INFO - Processing file /home/airflow/.local/lib/python3.7/site-packages/airflow/example_dags/example_kubernetes_executor.py for tasks to queue
[2023-05-14T06:04:00.563+0000] {logging_mixin.py:137} INFO - [2023-05-14T06:04:00.563+0000] {dagbag.py:532} INFO - Filling up the DagBag from /home/airflow/.local/lib/python3.7/site-packages/airflow/example_dags/example_kubernetes_executor.py
[2023-05-14T06:04:00.588+0000] {processor.py:753} INFO - DAG(s) dict_keys(['example_kubernetes_executor']) retrieved from /home/airflow/.local/lib/python3.7/site-packages/airflow/example_dags/example_kubernetes_executor.py
[2023-05-14T06:04:00.616+0000] {logging_mixin.py:137} INFO - [2023-05-14T06:04:00.615+0000] {dag.py:2705} INFO - Sync 1 DAGs
[2023-05-14T06:04:00.636+0000] {logging_mixin.py:137} INFO - [2023-05-14T06:04:00.636+0000] {dag.py:3456} INFO - Setting next_dagrun for example_kubernetes_executor to None, run_after=None
[2023-05-14T06:04:00.648+0000] {processor.py:175} INFO - Processing /home/airflow/.local/lib/python3.7/site-packages/airflow/example_dags/example_kubernetes_executor.py took 0.091 seconds
[2023-05-14T06:04:30.844+0000] {processor.py:153} INFO - Started process (PID=17868) to work on /home/airflow/.local/lib/python3.7/site-packages/airflow/example_dags/example_kubernetes_executor.py
[2023-05-14T06:04:30.846+0000] {processor.py:743} INFO - Processing file /home/airflow/.local/lib/python3.7/site-packages/airflow/example_dags/example_kubernetes_executor.py for tasks to queue
[2023-05-14T06:04:30.847+0000] {logging_mixin.py:137} INFO - [2023-05-14T06:04:30.847+0000] {dagbag.py:532} INFO - Filling up the DagBag from /home/airflow/.local/lib/python3.7/site-packages/airflow/example_dags/example_kubernetes_executor.py
[2023-05-14T06:04:30.874+0000] {processor.py:753} INFO - DAG(s) dict_keys(['example_kubernetes_executor']) retrieved from /home/airflow/.local/lib/python3.7/site-packages/airflow/example_dags/example_kubernetes_executor.py
[2023-05-14T06:04:30.910+0000] {logging_mixin.py:137} INFO - [2023-05-14T06:04:30.910+0000] {dag.py:2705} INFO - Sync 1 DAGs
[2023-05-14T06:04:30.927+0000] {logging_mixin.py:137} INFO - [2023-05-14T06:04:30.927+0000] {dag.py:3456} INFO - Setting next_dagrun for example_kubernetes_executor to None, run_after=None
[2023-05-14T06:04:30.940+0000] {processor.py:175} INFO - Processing /home/airflow/.local/lib/python3.7/site-packages/airflow/example_dags/example_kubernetes_executor.py took 0.100 seconds
[2023-05-14T06:05:01.037+0000] {processor.py:153} INFO - Started process (PID=18092) to work on /home/airflow/.local/lib/python3.7/site-packages/airflow/example_dags/example_kubernetes_executor.py
[2023-05-14T06:05:01.039+0000] {processor.py:743} INFO - Processing file /home/airflow/.local/lib/python3.7/site-packages/airflow/example_dags/example_kubernetes_executor.py for tasks to queue
[2023-05-14T06:05:01.040+0000] {logging_mixin.py:137} INFO - [2023-05-14T06:05:01.040+0000] {dagbag.py:532} INFO - Filling up the DagBag from /home/airflow/.local/lib/python3.7/site-packages/airflow/example_dags/example_kubernetes_executor.py
[2023-05-14T06:05:01.063+0000] {processor.py:753} INFO - DAG(s) dict_keys(['example_kubernetes_executor']) retrieved from /home/airflow/.local/lib/python3.7/site-packages/airflow/example_dags/example_kubernetes_executor.py
[2023-05-14T06:05:01.090+0000] {logging_mixin.py:137} INFO - [2023-05-14T06:05:01.090+0000] {dag.py:2705} INFO - Sync 1 DAGs
[2023-05-14T06:05:01.109+0000] {logging_mixin.py:137} INFO - [2023-05-14T06:05:01.109+0000] {dag.py:3456} INFO - Setting next_dagrun for example_kubernetes_executor to None, run_after=None
[2023-05-14T06:05:01.124+0000] {processor.py:175} INFO - Processing /home/airflow/.local/lib/python3.7/site-packages/airflow/example_dags/example_kubernetes_executor.py took 0.090 seconds
[2023-05-14T06:05:32.224+0000] {processor.py:153} INFO - Started process (PID=18316) to work on /home/airflow/.local/lib/python3.7/site-packages/airflow/example_dags/example_kubernetes_executor.py
[2023-05-14T06:05:32.227+0000] {processor.py:743} INFO - Processing file /home/airflow/.local/lib/python3.7/site-packages/airflow/example_dags/example_kubernetes_executor.py for tasks to queue
[2023-05-14T06:05:32.229+0000] {logging_mixin.py:137} INFO - [2023-05-14T06:05:32.229+0000] {dagbag.py:532} INFO - Filling up the DagBag from /home/airflow/.local/lib/python3.7/site-packages/airflow/example_dags/example_kubernetes_executor.py
[2023-05-14T06:05:32.291+0000] {processor.py:753} INFO - DAG(s) dict_keys(['example_kubernetes_executor']) retrieved from /home/airflow/.local/lib/python3.7/site-packages/airflow/example_dags/example_kubernetes_executor.py
[2023-05-14T06:05:32.338+0000] {logging_mixin.py:137} INFO - [2023-05-14T06:05:32.338+0000] {dag.py:2705} INFO - Sync 1 DAGs
[2023-05-14T06:05:32.371+0000] {logging_mixin.py:137} INFO - [2023-05-14T06:05:32.371+0000] {dag.py:3456} INFO - Setting next_dagrun for example_kubernetes_executor to None, run_after=None
[2023-05-14T06:05:32.389+0000] {processor.py:175} INFO - Processing /home/airflow/.local/lib/python3.7/site-packages/airflow/example_dags/example_kubernetes_executor.py took 0.171 seconds
[2023-05-14T06:06:02.504+0000] {processor.py:153} INFO - Started process (PID=18543) to work on /home/airflow/.local/lib/python3.7/site-packages/airflow/example_dags/example_kubernetes_executor.py
[2023-05-14T06:06:02.506+0000] {processor.py:743} INFO - Processing file /home/airflow/.local/lib/python3.7/site-packages/airflow/example_dags/example_kubernetes_executor.py for tasks to queue
[2023-05-14T06:06:02.509+0000] {logging_mixin.py:137} INFO - [2023-05-14T06:06:02.509+0000] {dagbag.py:532} INFO - Filling up the DagBag from /home/airflow/.local/lib/python3.7/site-packages/airflow/example_dags/example_kubernetes_executor.py
[2023-05-14T06:06:02.538+0000] {processor.py:753} INFO - DAG(s) dict_keys(['example_kubernetes_executor']) retrieved from /home/airflow/.local/lib/python3.7/site-packages/airflow/example_dags/example_kubernetes_executor.py
[2023-05-14T06:06:02.569+0000] {logging_mixin.py:137} INFO - [2023-05-14T06:06:02.569+0000] {dag.py:2705} INFO - Sync 1 DAGs
[2023-05-14T06:06:02.588+0000] {logging_mixin.py:137} INFO - [2023-05-14T06:06:02.588+0000] {dag.py:3456} INFO - Setting next_dagrun for example_kubernetes_executor to None, run_after=None
[2023-05-14T06:06:02.607+0000] {processor.py:175} INFO - Processing /home/airflow/.local/lib/python3.7/site-packages/airflow/example_dags/example_kubernetes_executor.py took 0.106 seconds
[2023-05-14T06:06:32.737+0000] {processor.py:153} INFO - Started process (PID=18771) to work on /home/airflow/.local/lib/python3.7/site-packages/airflow/example_dags/example_kubernetes_executor.py
[2023-05-14T06:06:32.739+0000] {processor.py:743} INFO - Processing file /home/airflow/.local/lib/python3.7/site-packages/airflow/example_dags/example_kubernetes_executor.py for tasks to queue
[2023-05-14T06:06:32.739+0000] {logging_mixin.py:137} INFO - [2023-05-14T06:06:32.739+0000] {dagbag.py:532} INFO - Filling up the DagBag from /home/airflow/.local/lib/python3.7/site-packages/airflow/example_dags/example_kubernetes_executor.py
[2023-05-14T06:06:32.766+0000] {processor.py:753} INFO - DAG(s) dict_keys(['example_kubernetes_executor']) retrieved from /home/airflow/.local/lib/python3.7/site-packages/airflow/example_dags/example_kubernetes_executor.py
[2023-05-14T06:06:32.791+0000] {logging_mixin.py:137} INFO - [2023-05-14T06:06:32.791+0000] {dag.py:2705} INFO - Sync 1 DAGs
[2023-05-14T06:06:32.824+0000] {logging_mixin.py:137} INFO - [2023-05-14T06:06:32.824+0000] {dag.py:3456} INFO - Setting next_dagrun for example_kubernetes_executor to None, run_after=None
[2023-05-14T06:06:32.837+0000] {processor.py:175} INFO - Processing /home/airflow/.local/lib/python3.7/site-packages/airflow/example_dags/example_kubernetes_executor.py took 0.103 seconds
[2023-05-14T06:07:03.043+0000] {processor.py:153} INFO - Started process (PID=18989) to work on /home/airflow/.local/lib/python3.7/site-packages/airflow/example_dags/example_kubernetes_executor.py
[2023-05-14T06:07:03.047+0000] {processor.py:743} INFO - Processing file /home/airflow/.local/lib/python3.7/site-packages/airflow/example_dags/example_kubernetes_executor.py for tasks to queue
[2023-05-14T06:07:03.048+0000] {logging_mixin.py:137} INFO - [2023-05-14T06:07:03.048+0000] {dagbag.py:532} INFO - Filling up the DagBag from /home/airflow/.local/lib/python3.7/site-packages/airflow/example_dags/example_kubernetes_executor.py
[2023-05-14T06:07:03.072+0000] {processor.py:753} INFO - DAG(s) dict_keys(['example_kubernetes_executor']) retrieved from /home/airflow/.local/lib/python3.7/site-packages/airflow/example_dags/example_kubernetes_executor.py
[2023-05-14T06:07:03.096+0000] {logging_mixin.py:137} INFO - [2023-05-14T06:07:03.096+0000] {dag.py:2705} INFO - Sync 1 DAGs
[2023-05-14T06:07:03.115+0000] {logging_mixin.py:137} INFO - [2023-05-14T06:07:03.115+0000] {dag.py:3456} INFO - Setting next_dagrun for example_kubernetes_executor to None, run_after=None
[2023-05-14T06:07:03.130+0000] {processor.py:175} INFO - Processing /home/airflow/.local/lib/python3.7/site-packages/airflow/example_dags/example_kubernetes_executor.py took 0.090 seconds
