[2023-05-14T00:21:07.692+0000] {processor.py:153} INFO - Started process (PID=2953) to work on /home/airflow/.local/lib/python3.7/site-packages/airflow/example_dags/example_params_ui_tutorial.py
[2023-05-14T00:21:07.694+0000] {processor.py:743} INFO - Processing file /home/airflow/.local/lib/python3.7/site-packages/airflow/example_dags/example_params_ui_tutorial.py for tasks to queue
[2023-05-14T00:21:07.697+0000] {logging_mixin.py:137} INFO - [2023-05-14T00:21:07.696+0000] {dagbag.py:532} INFO - Filling up the DagBag from /home/airflow/.local/lib/python3.7/site-packages/airflow/example_dags/example_params_ui_tutorial.py
[2023-05-14T00:21:07.734+0000] {processor.py:753} INFO - DAG(s) dict_keys(['example_params_ui_tutorial']) retrieved from /home/airflow/.local/lib/python3.7/site-packages/airflow/example_dags/example_params_ui_tutorial.py
[2023-05-14T00:21:07.810+0000] {logging_mixin.py:137} INFO - [2023-05-14T00:21:07.810+0000] {dag.py:2705} INFO - Sync 1 DAGs
[2023-05-14T00:21:07.828+0000] {logging_mixin.py:137} INFO - [2023-05-14T00:21:07.828+0000] {dag.py:3456} INFO - Setting next_dagrun for example_params_ui_tutorial to None, run_after=None
[2023-05-14T00:21:07.844+0000] {processor.py:175} INFO - Processing /home/airflow/.local/lib/python3.7/site-packages/airflow/example_dags/example_params_ui_tutorial.py took 0.155 seconds
[2023-05-14T01:15:59.157+0000] {processor.py:153} INFO - Started process (PID=3179) to work on /home/airflow/.local/lib/python3.7/site-packages/airflow/example_dags/example_params_ui_tutorial.py
[2023-05-14T01:15:59.159+0000] {processor.py:743} INFO - Processing file /home/airflow/.local/lib/python3.7/site-packages/airflow/example_dags/example_params_ui_tutorial.py for tasks to queue
[2023-05-14T01:15:59.160+0000] {logging_mixin.py:137} INFO - [2023-05-14T01:15:59.160+0000] {dagbag.py:532} INFO - Filling up the DagBag from /home/airflow/.local/lib/python3.7/site-packages/airflow/example_dags/example_params_ui_tutorial.py
[2023-05-14T01:15:59.205+0000] {processor.py:753} INFO - DAG(s) dict_keys(['example_params_ui_tutorial']) retrieved from /home/airflow/.local/lib/python3.7/site-packages/airflow/example_dags/example_params_ui_tutorial.py
[2023-05-14T01:15:59.261+0000] {logging_mixin.py:137} INFO - [2023-05-14T01:15:59.261+0000] {dag.py:2705} INFO - Sync 1 DAGs
[2023-05-14T01:15:59.280+0000] {logging_mixin.py:137} INFO - [2023-05-14T01:15:59.280+0000] {dag.py:3456} INFO - Setting next_dagrun for example_params_ui_tutorial to None, run_after=None
[2023-05-14T01:15:59.293+0000] {processor.py:175} INFO - Processing /home/airflow/.local/lib/python3.7/site-packages/airflow/example_dags/example_params_ui_tutorial.py took 0.139 seconds
[2023-05-14T02:15:39.101+0000] {processor.py:153} INFO - Started process (PID=3402) to work on /home/airflow/.local/lib/python3.7/site-packages/airflow/example_dags/example_params_ui_tutorial.py
[2023-05-14T02:15:39.104+0000] {processor.py:743} INFO - Processing file /home/airflow/.local/lib/python3.7/site-packages/airflow/example_dags/example_params_ui_tutorial.py for tasks to queue
[2023-05-14T02:15:39.105+0000] {logging_mixin.py:137} INFO - [2023-05-14T02:15:39.105+0000] {dagbag.py:532} INFO - Filling up the DagBag from /home/airflow/.local/lib/python3.7/site-packages/airflow/example_dags/example_params_ui_tutorial.py
[2023-05-14T02:15:39.146+0000] {processor.py:753} INFO - DAG(s) dict_keys(['example_params_ui_tutorial']) retrieved from /home/airflow/.local/lib/python3.7/site-packages/airflow/example_dags/example_params_ui_tutorial.py
[2023-05-14T02:15:39.190+0000] {logging_mixin.py:137} INFO - [2023-05-14T02:15:39.189+0000] {dag.py:2705} INFO - Sync 1 DAGs
[2023-05-14T02:15:39.215+0000] {logging_mixin.py:137} INFO - [2023-05-14T02:15:39.214+0000] {dag.py:3456} INFO - Setting next_dagrun for example_params_ui_tutorial to None, run_after=None
[2023-05-14T02:15:39.232+0000] {processor.py:175} INFO - Processing /home/airflow/.local/lib/python3.7/site-packages/airflow/example_dags/example_params_ui_tutorial.py took 0.133 seconds
[2023-05-14T02:41:29.858+0000] {processor.py:153} INFO - Started process (PID=3625) to work on /home/airflow/.local/lib/python3.7/site-packages/airflow/example_dags/example_params_ui_tutorial.py
[2023-05-14T02:41:29.860+0000] {processor.py:743} INFO - Processing file /home/airflow/.local/lib/python3.7/site-packages/airflow/example_dags/example_params_ui_tutorial.py for tasks to queue
[2023-05-14T02:41:29.861+0000] {logging_mixin.py:137} INFO - [2023-05-14T02:41:29.861+0000] {dagbag.py:532} INFO - Filling up the DagBag from /home/airflow/.local/lib/python3.7/site-packages/airflow/example_dags/example_params_ui_tutorial.py
[2023-05-14T02:41:29.900+0000] {processor.py:753} INFO - DAG(s) dict_keys(['example_params_ui_tutorial']) retrieved from /home/airflow/.local/lib/python3.7/site-packages/airflow/example_dags/example_params_ui_tutorial.py
[2023-05-14T02:41:29.941+0000] {logging_mixin.py:137} INFO - [2023-05-14T02:41:29.941+0000] {dag.py:2705} INFO - Sync 1 DAGs
[2023-05-14T02:41:29.960+0000] {logging_mixin.py:137} INFO - [2023-05-14T02:41:29.960+0000] {dag.py:3456} INFO - Setting next_dagrun for example_params_ui_tutorial to None, run_after=None
[2023-05-14T02:41:29.975+0000] {processor.py:175} INFO - Processing /home/airflow/.local/lib/python3.7/site-packages/airflow/example_dags/example_params_ui_tutorial.py took 0.121 seconds
[2023-05-14T02:54:57.378+0000] {processor.py:153} INFO - Started process (PID=3848) to work on /home/airflow/.local/lib/python3.7/site-packages/airflow/example_dags/example_params_ui_tutorial.py
[2023-05-14T02:54:57.382+0000] {processor.py:743} INFO - Processing file /home/airflow/.local/lib/python3.7/site-packages/airflow/example_dags/example_params_ui_tutorial.py for tasks to queue
[2023-05-14T02:54:57.384+0000] {logging_mixin.py:137} INFO - [2023-05-14T02:54:57.384+0000] {dagbag.py:532} INFO - Filling up the DagBag from /home/airflow/.local/lib/python3.7/site-packages/airflow/example_dags/example_params_ui_tutorial.py
[2023-05-14T02:54:57.428+0000] {processor.py:753} INFO - DAG(s) dict_keys(['example_params_ui_tutorial']) retrieved from /home/airflow/.local/lib/python3.7/site-packages/airflow/example_dags/example_params_ui_tutorial.py
[2023-05-14T02:54:57.477+0000] {logging_mixin.py:137} INFO - [2023-05-14T02:54:57.477+0000] {dag.py:2705} INFO - Sync 1 DAGs
[2023-05-14T02:54:57.504+0000] {logging_mixin.py:137} INFO - [2023-05-14T02:54:57.504+0000] {dag.py:3456} INFO - Setting next_dagrun for example_params_ui_tutorial to None, run_after=None
[2023-05-14T02:54:57.517+0000] {processor.py:175} INFO - Processing /home/airflow/.local/lib/python3.7/site-packages/airflow/example_dags/example_params_ui_tutorial.py took 0.142 seconds
[2023-05-14T02:59:02.131+0000] {processor.py:153} INFO - Started process (PID=4071) to work on /home/airflow/.local/lib/python3.7/site-packages/airflow/example_dags/example_params_ui_tutorial.py
[2023-05-14T02:59:02.133+0000] {processor.py:743} INFO - Processing file /home/airflow/.local/lib/python3.7/site-packages/airflow/example_dags/example_params_ui_tutorial.py for tasks to queue
[2023-05-14T02:59:02.151+0000] {logging_mixin.py:137} INFO - [2023-05-14T02:59:02.151+0000] {dagbag.py:532} INFO - Filling up the DagBag from /home/airflow/.local/lib/python3.7/site-packages/airflow/example_dags/example_params_ui_tutorial.py
[2023-05-14T02:59:02.188+0000] {processor.py:753} INFO - DAG(s) dict_keys(['example_params_ui_tutorial']) retrieved from /home/airflow/.local/lib/python3.7/site-packages/airflow/example_dags/example_params_ui_tutorial.py
[2023-05-14T02:59:02.227+0000] {logging_mixin.py:137} INFO - [2023-05-14T02:59:02.227+0000] {dag.py:2705} INFO - Sync 1 DAGs
[2023-05-14T02:59:02.249+0000] {logging_mixin.py:137} INFO - [2023-05-14T02:59:02.249+0000] {dag.py:3456} INFO - Setting next_dagrun for example_params_ui_tutorial to None, run_after=None
[2023-05-14T02:59:02.263+0000] {processor.py:175} INFO - Processing /home/airflow/.local/lib/python3.7/site-packages/airflow/example_dags/example_params_ui_tutorial.py took 0.135 seconds
[2023-05-14T02:59:33.257+0000] {processor.py:153} INFO - Started process (PID=4300) to work on /home/airflow/.local/lib/python3.7/site-packages/airflow/example_dags/example_params_ui_tutorial.py
[2023-05-14T02:59:33.259+0000] {processor.py:743} INFO - Processing file /home/airflow/.local/lib/python3.7/site-packages/airflow/example_dags/example_params_ui_tutorial.py for tasks to queue
[2023-05-14T02:59:33.260+0000] {logging_mixin.py:137} INFO - [2023-05-14T02:59:33.260+0000] {dagbag.py:532} INFO - Filling up the DagBag from /home/airflow/.local/lib/python3.7/site-packages/airflow/example_dags/example_params_ui_tutorial.py
[2023-05-14T02:59:33.298+0000] {processor.py:753} INFO - DAG(s) dict_keys(['example_params_ui_tutorial']) retrieved from /home/airflow/.local/lib/python3.7/site-packages/airflow/example_dags/example_params_ui_tutorial.py
[2023-05-14T02:59:33.340+0000] {logging_mixin.py:137} INFO - [2023-05-14T02:59:33.339+0000] {dag.py:2705} INFO - Sync 1 DAGs
[2023-05-14T02:59:33.358+0000] {logging_mixin.py:137} INFO - [2023-05-14T02:59:33.358+0000] {dag.py:3456} INFO - Setting next_dagrun for example_params_ui_tutorial to None, run_after=None
[2023-05-14T02:59:33.375+0000] {processor.py:175} INFO - Processing /home/airflow/.local/lib/python3.7/site-packages/airflow/example_dags/example_params_ui_tutorial.py took 0.121 seconds
[2023-05-14T03:16:08.455+0000] {processor.py:153} INFO - Started process (PID=4516) to work on /home/airflow/.local/lib/python3.7/site-packages/airflow/example_dags/example_params_ui_tutorial.py
[2023-05-14T03:16:08.457+0000] {processor.py:743} INFO - Processing file /home/airflow/.local/lib/python3.7/site-packages/airflow/example_dags/example_params_ui_tutorial.py for tasks to queue
[2023-05-14T03:16:08.458+0000] {logging_mixin.py:137} INFO - [2023-05-14T03:16:08.458+0000] {dagbag.py:532} INFO - Filling up the DagBag from /home/airflow/.local/lib/python3.7/site-packages/airflow/example_dags/example_params_ui_tutorial.py
[2023-05-14T03:16:08.495+0000] {processor.py:753} INFO - DAG(s) dict_keys(['example_params_ui_tutorial']) retrieved from /home/airflow/.local/lib/python3.7/site-packages/airflow/example_dags/example_params_ui_tutorial.py
[2023-05-14T03:16:08.536+0000] {logging_mixin.py:137} INFO - [2023-05-14T03:16:08.536+0000] {dag.py:2705} INFO - Sync 1 DAGs
[2023-05-14T03:16:08.560+0000] {logging_mixin.py:137} INFO - [2023-05-14T03:16:08.560+0000] {dag.py:3456} INFO - Setting next_dagrun for example_params_ui_tutorial to None, run_after=None
[2023-05-14T03:16:08.572+0000] {processor.py:175} INFO - Processing /home/airflow/.local/lib/python3.7/site-packages/airflow/example_dags/example_params_ui_tutorial.py took 0.119 seconds
[2023-05-14T04:20:58.407+0000] {processor.py:153} INFO - Started process (PID=4739) to work on /home/airflow/.local/lib/python3.7/site-packages/airflow/example_dags/example_params_ui_tutorial.py
[2023-05-14T04:20:58.416+0000] {processor.py:743} INFO - Processing file /home/airflow/.local/lib/python3.7/site-packages/airflow/example_dags/example_params_ui_tutorial.py for tasks to queue
[2023-05-14T04:20:58.417+0000] {logging_mixin.py:137} INFO - [2023-05-14T04:20:58.417+0000] {dagbag.py:532} INFO - Filling up the DagBag from /home/airflow/.local/lib/python3.7/site-packages/airflow/example_dags/example_params_ui_tutorial.py
[2023-05-14T04:20:58.455+0000] {processor.py:753} INFO - DAG(s) dict_keys(['example_params_ui_tutorial']) retrieved from /home/airflow/.local/lib/python3.7/site-packages/airflow/example_dags/example_params_ui_tutorial.py
[2023-05-14T04:20:58.495+0000] {logging_mixin.py:137} INFO - [2023-05-14T04:20:58.495+0000] {dag.py:2705} INFO - Sync 1 DAGs
[2023-05-14T04:20:58.514+0000] {logging_mixin.py:137} INFO - [2023-05-14T04:20:58.514+0000] {dag.py:3456} INFO - Setting next_dagrun for example_params_ui_tutorial to None, run_after=None
[2023-05-14T04:20:58.529+0000] {processor.py:175} INFO - Processing /home/airflow/.local/lib/python3.7/site-packages/airflow/example_dags/example_params_ui_tutorial.py took 0.126 seconds
[2023-05-14T05:35:32.159+0000] {processor.py:153} INFO - Started process (PID=4964) to work on /home/airflow/.local/lib/python3.7/site-packages/airflow/example_dags/example_params_ui_tutorial.py
[2023-05-14T05:35:32.161+0000] {processor.py:743} INFO - Processing file /home/airflow/.local/lib/python3.7/site-packages/airflow/example_dags/example_params_ui_tutorial.py for tasks to queue
[2023-05-14T05:35:32.162+0000] {logging_mixin.py:137} INFO - [2023-05-14T05:35:32.162+0000] {dagbag.py:532} INFO - Filling up the DagBag from /home/airflow/.local/lib/python3.7/site-packages/airflow/example_dags/example_params_ui_tutorial.py
[2023-05-14T05:35:32.196+0000] {processor.py:753} INFO - DAG(s) dict_keys(['example_params_ui_tutorial']) retrieved from /home/airflow/.local/lib/python3.7/site-packages/airflow/example_dags/example_params_ui_tutorial.py
[2023-05-14T05:35:32.233+0000] {logging_mixin.py:137} INFO - [2023-05-14T05:35:32.233+0000] {dag.py:2705} INFO - Sync 1 DAGs
[2023-05-14T05:35:32.249+0000] {logging_mixin.py:137} INFO - [2023-05-14T05:35:32.249+0000] {dag.py:3456} INFO - Setting next_dagrun for example_params_ui_tutorial to None, run_after=None
[2023-05-14T05:35:32.262+0000] {processor.py:175} INFO - Processing /home/airflow/.local/lib/python3.7/site-packages/airflow/example_dags/example_params_ui_tutorial.py took 0.106 seconds
[2023-05-14T05:36:02.387+0000] {processor.py:153} INFO - Started process (PID=5185) to work on /home/airflow/.local/lib/python3.7/site-packages/airflow/example_dags/example_params_ui_tutorial.py
[2023-05-14T05:36:02.389+0000] {processor.py:743} INFO - Processing file /home/airflow/.local/lib/python3.7/site-packages/airflow/example_dags/example_params_ui_tutorial.py for tasks to queue
[2023-05-14T05:36:02.391+0000] {logging_mixin.py:137} INFO - [2023-05-14T05:36:02.390+0000] {dagbag.py:532} INFO - Filling up the DagBag from /home/airflow/.local/lib/python3.7/site-packages/airflow/example_dags/example_params_ui_tutorial.py
[2023-05-14T05:36:02.426+0000] {processor.py:753} INFO - DAG(s) dict_keys(['example_params_ui_tutorial']) retrieved from /home/airflow/.local/lib/python3.7/site-packages/airflow/example_dags/example_params_ui_tutorial.py
[2023-05-14T05:36:02.462+0000] {logging_mixin.py:137} INFO - [2023-05-14T05:36:02.462+0000] {dag.py:2705} INFO - Sync 1 DAGs
[2023-05-14T05:36:02.477+0000] {logging_mixin.py:137} INFO - [2023-05-14T05:36:02.477+0000] {dag.py:3456} INFO - Setting next_dagrun for example_params_ui_tutorial to None, run_after=None
[2023-05-14T05:36:02.488+0000] {processor.py:175} INFO - Processing /home/airflow/.local/lib/python3.7/site-packages/airflow/example_dags/example_params_ui_tutorial.py took 0.104 seconds
[2023-05-14T05:36:34.246+0000] {processor.py:153} INFO - Started process (PID=5409) to work on /home/airflow/.local/lib/python3.7/site-packages/airflow/example_dags/example_params_ui_tutorial.py
[2023-05-14T05:36:34.248+0000] {processor.py:743} INFO - Processing file /home/airflow/.local/lib/python3.7/site-packages/airflow/example_dags/example_params_ui_tutorial.py for tasks to queue
[2023-05-14T05:36:34.250+0000] {logging_mixin.py:137} INFO - [2023-05-14T05:36:34.250+0000] {dagbag.py:532} INFO - Filling up the DagBag from /home/airflow/.local/lib/python3.7/site-packages/airflow/example_dags/example_params_ui_tutorial.py
[2023-05-14T05:36:34.296+0000] {processor.py:753} INFO - DAG(s) dict_keys(['example_params_ui_tutorial']) retrieved from /home/airflow/.local/lib/python3.7/site-packages/airflow/example_dags/example_params_ui_tutorial.py
[2023-05-14T05:36:34.343+0000] {logging_mixin.py:137} INFO - [2023-05-14T05:36:34.343+0000] {dag.py:2705} INFO - Sync 1 DAGs
[2023-05-14T05:36:34.362+0000] {logging_mixin.py:137} INFO - [2023-05-14T05:36:34.362+0000] {dag.py:3456} INFO - Setting next_dagrun for example_params_ui_tutorial to None, run_after=None
[2023-05-14T05:36:34.375+0000] {processor.py:175} INFO - Processing /home/airflow/.local/lib/python3.7/site-packages/airflow/example_dags/example_params_ui_tutorial.py took 0.133 seconds
[2023-05-14T05:37:04.482+0000] {processor.py:153} INFO - Started process (PID=5634) to work on /home/airflow/.local/lib/python3.7/site-packages/airflow/example_dags/example_params_ui_tutorial.py
[2023-05-14T05:37:04.485+0000] {processor.py:743} INFO - Processing file /home/airflow/.local/lib/python3.7/site-packages/airflow/example_dags/example_params_ui_tutorial.py for tasks to queue
[2023-05-14T05:37:04.486+0000] {logging_mixin.py:137} INFO - [2023-05-14T05:37:04.486+0000] {dagbag.py:532} INFO - Filling up the DagBag from /home/airflow/.local/lib/python3.7/site-packages/airflow/example_dags/example_params_ui_tutorial.py
[2023-05-14T05:37:04.523+0000] {processor.py:753} INFO - DAG(s) dict_keys(['example_params_ui_tutorial']) retrieved from /home/airflow/.local/lib/python3.7/site-packages/airflow/example_dags/example_params_ui_tutorial.py
[2023-05-14T05:37:04.564+0000] {logging_mixin.py:137} INFO - [2023-05-14T05:37:04.563+0000] {dag.py:2705} INFO - Sync 1 DAGs
[2023-05-14T05:37:04.581+0000] {logging_mixin.py:137} INFO - [2023-05-14T05:37:04.581+0000] {dag.py:3456} INFO - Setting next_dagrun for example_params_ui_tutorial to None, run_after=None
[2023-05-14T05:37:04.595+0000] {processor.py:175} INFO - Processing /home/airflow/.local/lib/python3.7/site-packages/airflow/example_dags/example_params_ui_tutorial.py took 0.116 seconds
[2023-05-14T05:37:35.421+0000] {processor.py:153} INFO - Started process (PID=5860) to work on /home/airflow/.local/lib/python3.7/site-packages/airflow/example_dags/example_params_ui_tutorial.py
[2023-05-14T05:37:35.423+0000] {processor.py:743} INFO - Processing file /home/airflow/.local/lib/python3.7/site-packages/airflow/example_dags/example_params_ui_tutorial.py for tasks to queue
[2023-05-14T05:37:35.432+0000] {logging_mixin.py:137} INFO - [2023-05-14T05:37:35.432+0000] {dagbag.py:532} INFO - Filling up the DagBag from /home/airflow/.local/lib/python3.7/site-packages/airflow/example_dags/example_params_ui_tutorial.py
[2023-05-14T05:37:35.477+0000] {processor.py:753} INFO - DAG(s) dict_keys(['example_params_ui_tutorial']) retrieved from /home/airflow/.local/lib/python3.7/site-packages/airflow/example_dags/example_params_ui_tutorial.py
[2023-05-14T05:37:35.524+0000] {logging_mixin.py:137} INFO - [2023-05-14T05:37:35.523+0000] {dag.py:2705} INFO - Sync 1 DAGs
[2023-05-14T05:37:35.544+0000] {logging_mixin.py:137} INFO - [2023-05-14T05:37:35.544+0000] {dag.py:3456} INFO - Setting next_dagrun for example_params_ui_tutorial to None, run_after=None
[2023-05-14T05:37:35.563+0000] {processor.py:175} INFO - Processing /home/airflow/.local/lib/python3.7/site-packages/airflow/example_dags/example_params_ui_tutorial.py took 0.146 seconds
[2023-05-14T05:38:05.807+0000] {processor.py:153} INFO - Started process (PID=6086) to work on /home/airflow/.local/lib/python3.7/site-packages/airflow/example_dags/example_params_ui_tutorial.py
[2023-05-14T05:38:05.809+0000] {processor.py:743} INFO - Processing file /home/airflow/.local/lib/python3.7/site-packages/airflow/example_dags/example_params_ui_tutorial.py for tasks to queue
[2023-05-14T05:38:05.810+0000] {logging_mixin.py:137} INFO - [2023-05-14T05:38:05.810+0000] {dagbag.py:532} INFO - Filling up the DagBag from /home/airflow/.local/lib/python3.7/site-packages/airflow/example_dags/example_params_ui_tutorial.py
[2023-05-14T05:38:05.843+0000] {processor.py:753} INFO - DAG(s) dict_keys(['example_params_ui_tutorial']) retrieved from /home/airflow/.local/lib/python3.7/site-packages/airflow/example_dags/example_params_ui_tutorial.py
[2023-05-14T05:38:05.883+0000] {logging_mixin.py:137} INFO - [2023-05-14T05:38:05.883+0000] {dag.py:2705} INFO - Sync 1 DAGs
[2023-05-14T05:38:05.900+0000] {logging_mixin.py:137} INFO - [2023-05-14T05:38:05.899+0000] {dag.py:3456} INFO - Setting next_dagrun for example_params_ui_tutorial to None, run_after=None
[2023-05-14T05:38:05.911+0000] {processor.py:175} INFO - Processing /home/airflow/.local/lib/python3.7/site-packages/airflow/example_dags/example_params_ui_tutorial.py took 0.107 seconds
[2023-05-14T05:38:36.156+0000] {processor.py:153} INFO - Started process (PID=6313) to work on /home/airflow/.local/lib/python3.7/site-packages/airflow/example_dags/example_params_ui_tutorial.py
[2023-05-14T05:38:36.158+0000] {processor.py:743} INFO - Processing file /home/airflow/.local/lib/python3.7/site-packages/airflow/example_dags/example_params_ui_tutorial.py for tasks to queue
[2023-05-14T05:38:36.160+0000] {logging_mixin.py:137} INFO - [2023-05-14T05:38:36.160+0000] {dagbag.py:532} INFO - Filling up the DagBag from /home/airflow/.local/lib/python3.7/site-packages/airflow/example_dags/example_params_ui_tutorial.py
[2023-05-14T05:38:36.196+0000] {processor.py:753} INFO - DAG(s) dict_keys(['example_params_ui_tutorial']) retrieved from /home/airflow/.local/lib/python3.7/site-packages/airflow/example_dags/example_params_ui_tutorial.py
[2023-05-14T05:38:36.239+0000] {logging_mixin.py:137} INFO - [2023-05-14T05:38:36.239+0000] {dag.py:2705} INFO - Sync 1 DAGs
[2023-05-14T05:38:36.261+0000] {logging_mixin.py:137} INFO - [2023-05-14T05:38:36.261+0000] {dag.py:3456} INFO - Setting next_dagrun for example_params_ui_tutorial to None, run_after=None
[2023-05-14T05:38:36.274+0000] {processor.py:175} INFO - Processing /home/airflow/.local/lib/python3.7/site-packages/airflow/example_dags/example_params_ui_tutorial.py took 0.124 seconds
[2023-05-14T05:39:06.688+0000] {processor.py:153} INFO - Started process (PID=6543) to work on /home/airflow/.local/lib/python3.7/site-packages/airflow/example_dags/example_params_ui_tutorial.py
[2023-05-14T05:39:06.690+0000] {processor.py:743} INFO - Processing file /home/airflow/.local/lib/python3.7/site-packages/airflow/example_dags/example_params_ui_tutorial.py for tasks to queue
[2023-05-14T05:39:06.691+0000] {logging_mixin.py:137} INFO - [2023-05-14T05:39:06.691+0000] {dagbag.py:532} INFO - Filling up the DagBag from /home/airflow/.local/lib/python3.7/site-packages/airflow/example_dags/example_params_ui_tutorial.py
[2023-05-14T05:39:06.729+0000] {processor.py:753} INFO - DAG(s) dict_keys(['example_params_ui_tutorial']) retrieved from /home/airflow/.local/lib/python3.7/site-packages/airflow/example_dags/example_params_ui_tutorial.py
[2023-05-14T05:39:06.771+0000] {logging_mixin.py:137} INFO - [2023-05-14T05:39:06.771+0000] {dag.py:2705} INFO - Sync 1 DAGs
[2023-05-14T05:39:06.787+0000] {logging_mixin.py:137} INFO - [2023-05-14T05:39:06.787+0000] {dag.py:3456} INFO - Setting next_dagrun for example_params_ui_tutorial to None, run_after=None
[2023-05-14T05:39:06.799+0000] {processor.py:175} INFO - Processing /home/airflow/.local/lib/python3.7/site-packages/airflow/example_dags/example_params_ui_tutorial.py took 0.115 seconds
[2023-05-14T05:39:37.905+0000] {processor.py:153} INFO - Started process (PID=6779) to work on /home/airflow/.local/lib/python3.7/site-packages/airflow/example_dags/example_params_ui_tutorial.py
[2023-05-14T05:39:37.923+0000] {processor.py:743} INFO - Processing file /home/airflow/.local/lib/python3.7/site-packages/airflow/example_dags/example_params_ui_tutorial.py for tasks to queue
[2023-05-14T05:39:37.925+0000] {logging_mixin.py:137} INFO - [2023-05-14T05:39:37.925+0000] {dagbag.py:532} INFO - Filling up the DagBag from /home/airflow/.local/lib/python3.7/site-packages/airflow/example_dags/example_params_ui_tutorial.py
[2023-05-14T05:39:37.972+0000] {processor.py:753} INFO - DAG(s) dict_keys(['example_params_ui_tutorial']) retrieved from /home/airflow/.local/lib/python3.7/site-packages/airflow/example_dags/example_params_ui_tutorial.py
[2023-05-14T05:39:38.017+0000] {logging_mixin.py:137} INFO - [2023-05-14T05:39:38.017+0000] {dag.py:2705} INFO - Sync 1 DAGs
[2023-05-14T05:39:38.035+0000] {logging_mixin.py:137} INFO - [2023-05-14T05:39:38.035+0000] {dag.py:3456} INFO - Setting next_dagrun for example_params_ui_tutorial to None, run_after=None
[2023-05-14T05:39:38.051+0000] {processor.py:175} INFO - Processing /home/airflow/.local/lib/python3.7/site-packages/airflow/example_dags/example_params_ui_tutorial.py took 0.149 seconds
[2023-05-14T05:40:08.545+0000] {processor.py:153} INFO - Started process (PID=7016) to work on /home/airflow/.local/lib/python3.7/site-packages/airflow/example_dags/example_params_ui_tutorial.py
[2023-05-14T05:40:08.548+0000] {processor.py:743} INFO - Processing file /home/airflow/.local/lib/python3.7/site-packages/airflow/example_dags/example_params_ui_tutorial.py for tasks to queue
[2023-05-14T05:40:08.550+0000] {logging_mixin.py:137} INFO - [2023-05-14T05:40:08.550+0000] {dagbag.py:532} INFO - Filling up the DagBag from /home/airflow/.local/lib/python3.7/site-packages/airflow/example_dags/example_params_ui_tutorial.py
[2023-05-14T05:40:08.594+0000] {processor.py:753} INFO - DAG(s) dict_keys(['example_params_ui_tutorial']) retrieved from /home/airflow/.local/lib/python3.7/site-packages/airflow/example_dags/example_params_ui_tutorial.py
[2023-05-14T05:40:08.634+0000] {logging_mixin.py:137} INFO - [2023-05-14T05:40:08.634+0000] {dag.py:2705} INFO - Sync 1 DAGs
[2023-05-14T05:40:08.652+0000] {logging_mixin.py:137} INFO - [2023-05-14T05:40:08.652+0000] {dag.py:3456} INFO - Setting next_dagrun for example_params_ui_tutorial to None, run_after=None
[2023-05-14T05:40:08.664+0000] {processor.py:175} INFO - Processing /home/airflow/.local/lib/python3.7/site-packages/airflow/example_dags/example_params_ui_tutorial.py took 0.122 seconds
[2023-05-14T05:40:39.446+0000] {processor.py:153} INFO - Started process (PID=7240) to work on /home/airflow/.local/lib/python3.7/site-packages/airflow/example_dags/example_params_ui_tutorial.py
[2023-05-14T05:40:39.448+0000] {processor.py:743} INFO - Processing file /home/airflow/.local/lib/python3.7/site-packages/airflow/example_dags/example_params_ui_tutorial.py for tasks to queue
[2023-05-14T05:40:39.449+0000] {logging_mixin.py:137} INFO - [2023-05-14T05:40:39.449+0000] {dagbag.py:532} INFO - Filling up the DagBag from /home/airflow/.local/lib/python3.7/site-packages/airflow/example_dags/example_params_ui_tutorial.py
[2023-05-14T05:40:39.491+0000] {processor.py:753} INFO - DAG(s) dict_keys(['example_params_ui_tutorial']) retrieved from /home/airflow/.local/lib/python3.7/site-packages/airflow/example_dags/example_params_ui_tutorial.py
[2023-05-14T05:40:39.530+0000] {logging_mixin.py:137} INFO - [2023-05-14T05:40:39.530+0000] {dag.py:2705} INFO - Sync 1 DAGs
[2023-05-14T05:40:39.547+0000] {logging_mixin.py:137} INFO - [2023-05-14T05:40:39.547+0000] {dag.py:3456} INFO - Setting next_dagrun for example_params_ui_tutorial to None, run_after=None
[2023-05-14T05:40:39.560+0000] {processor.py:175} INFO - Processing /home/airflow/.local/lib/python3.7/site-packages/airflow/example_dags/example_params_ui_tutorial.py took 0.118 seconds
[2023-05-14T05:41:09.933+0000] {processor.py:153} INFO - Started process (PID=7472) to work on /home/airflow/.local/lib/python3.7/site-packages/airflow/example_dags/example_params_ui_tutorial.py
[2023-05-14T05:41:09.935+0000] {processor.py:743} INFO - Processing file /home/airflow/.local/lib/python3.7/site-packages/airflow/example_dags/example_params_ui_tutorial.py for tasks to queue
[2023-05-14T05:41:09.936+0000] {logging_mixin.py:137} INFO - [2023-05-14T05:41:09.936+0000] {dagbag.py:532} INFO - Filling up the DagBag from /home/airflow/.local/lib/python3.7/site-packages/airflow/example_dags/example_params_ui_tutorial.py
[2023-05-14T05:41:09.969+0000] {processor.py:753} INFO - DAG(s) dict_keys(['example_params_ui_tutorial']) retrieved from /home/airflow/.local/lib/python3.7/site-packages/airflow/example_dags/example_params_ui_tutorial.py
[2023-05-14T05:41:10.007+0000] {logging_mixin.py:137} INFO - [2023-05-14T05:41:10.007+0000] {dag.py:2705} INFO - Sync 1 DAGs
[2023-05-14T05:41:10.022+0000] {logging_mixin.py:137} INFO - [2023-05-14T05:41:10.022+0000] {dag.py:3456} INFO - Setting next_dagrun for example_params_ui_tutorial to None, run_after=None
[2023-05-14T05:41:10.033+0000] {processor.py:175} INFO - Processing /home/airflow/.local/lib/python3.7/site-packages/airflow/example_dags/example_params_ui_tutorial.py took 0.103 seconds
[2023-05-14T05:41:40.408+0000] {processor.py:153} INFO - Started process (PID=7700) to work on /home/airflow/.local/lib/python3.7/site-packages/airflow/example_dags/example_params_ui_tutorial.py
[2023-05-14T05:41:40.410+0000] {processor.py:743} INFO - Processing file /home/airflow/.local/lib/python3.7/site-packages/airflow/example_dags/example_params_ui_tutorial.py for tasks to queue
[2023-05-14T05:41:40.412+0000] {logging_mixin.py:137} INFO - [2023-05-14T05:41:40.412+0000] {dagbag.py:532} INFO - Filling up the DagBag from /home/airflow/.local/lib/python3.7/site-packages/airflow/example_dags/example_params_ui_tutorial.py
[2023-05-14T05:41:40.447+0000] {processor.py:753} INFO - DAG(s) dict_keys(['example_params_ui_tutorial']) retrieved from /home/airflow/.local/lib/python3.7/site-packages/airflow/example_dags/example_params_ui_tutorial.py
[2023-05-14T05:41:40.493+0000] {logging_mixin.py:137} INFO - [2023-05-14T05:41:40.493+0000] {dag.py:2705} INFO - Sync 1 DAGs
[2023-05-14T05:41:40.510+0000] {logging_mixin.py:137} INFO - [2023-05-14T05:41:40.510+0000] {dag.py:3456} INFO - Setting next_dagrun for example_params_ui_tutorial to None, run_after=None
[2023-05-14T05:41:40.524+0000] {processor.py:175} INFO - Processing /home/airflow/.local/lib/python3.7/site-packages/airflow/example_dags/example_params_ui_tutorial.py took 0.118 seconds
[2023-05-14T05:42:10.975+0000] {processor.py:153} INFO - Started process (PID=7924) to work on /home/airflow/.local/lib/python3.7/site-packages/airflow/example_dags/example_params_ui_tutorial.py
[2023-05-14T05:42:10.977+0000] {processor.py:743} INFO - Processing file /home/airflow/.local/lib/python3.7/site-packages/airflow/example_dags/example_params_ui_tutorial.py for tasks to queue
[2023-05-14T05:42:10.978+0000] {logging_mixin.py:137} INFO - [2023-05-14T05:42:10.978+0000] {dagbag.py:532} INFO - Filling up the DagBag from /home/airflow/.local/lib/python3.7/site-packages/airflow/example_dags/example_params_ui_tutorial.py
[2023-05-14T05:42:11.015+0000] {processor.py:753} INFO - DAG(s) dict_keys(['example_params_ui_tutorial']) retrieved from /home/airflow/.local/lib/python3.7/site-packages/airflow/example_dags/example_params_ui_tutorial.py
[2023-05-14T05:42:11.060+0000] {logging_mixin.py:137} INFO - [2023-05-14T05:42:11.060+0000] {dag.py:2705} INFO - Sync 1 DAGs
[2023-05-14T05:42:11.079+0000] {logging_mixin.py:137} INFO - [2023-05-14T05:42:11.079+0000] {dag.py:3456} INFO - Setting next_dagrun for example_params_ui_tutorial to None, run_after=None
[2023-05-14T05:42:11.106+0000] {processor.py:175} INFO - Processing /home/airflow/.local/lib/python3.7/site-packages/airflow/example_dags/example_params_ui_tutorial.py took 0.134 seconds
[2023-05-14T05:42:41.261+0000] {processor.py:153} INFO - Started process (PID=8147) to work on /home/airflow/.local/lib/python3.7/site-packages/airflow/example_dags/example_params_ui_tutorial.py
[2023-05-14T05:42:41.263+0000] {processor.py:743} INFO - Processing file /home/airflow/.local/lib/python3.7/site-packages/airflow/example_dags/example_params_ui_tutorial.py for tasks to queue
[2023-05-14T05:42:41.264+0000] {logging_mixin.py:137} INFO - [2023-05-14T05:42:41.264+0000] {dagbag.py:532} INFO - Filling up the DagBag from /home/airflow/.local/lib/python3.7/site-packages/airflow/example_dags/example_params_ui_tutorial.py
[2023-05-14T05:42:41.303+0000] {processor.py:753} INFO - DAG(s) dict_keys(['example_params_ui_tutorial']) retrieved from /home/airflow/.local/lib/python3.7/site-packages/airflow/example_dags/example_params_ui_tutorial.py
[2023-05-14T05:42:41.344+0000] {logging_mixin.py:137} INFO - [2023-05-14T05:42:41.344+0000] {dag.py:2705} INFO - Sync 1 DAGs
[2023-05-14T05:42:41.362+0000] {logging_mixin.py:137} INFO - [2023-05-14T05:42:41.362+0000] {dag.py:3456} INFO - Setting next_dagrun for example_params_ui_tutorial to None, run_after=None
[2023-05-14T05:42:41.375+0000] {processor.py:175} INFO - Processing /home/airflow/.local/lib/python3.7/site-packages/airflow/example_dags/example_params_ui_tutorial.py took 0.117 seconds
[2023-05-14T05:43:11.893+0000] {processor.py:153} INFO - Started process (PID=8378) to work on /home/airflow/.local/lib/python3.7/site-packages/airflow/example_dags/example_params_ui_tutorial.py
[2023-05-14T05:43:11.895+0000] {processor.py:743} INFO - Processing file /home/airflow/.local/lib/python3.7/site-packages/airflow/example_dags/example_params_ui_tutorial.py for tasks to queue
[2023-05-14T05:43:11.897+0000] {logging_mixin.py:137} INFO - [2023-05-14T05:43:11.897+0000] {dagbag.py:532} INFO - Filling up the DagBag from /home/airflow/.local/lib/python3.7/site-packages/airflow/example_dags/example_params_ui_tutorial.py
[2023-05-14T05:43:11.933+0000] {processor.py:753} INFO - DAG(s) dict_keys(['example_params_ui_tutorial']) retrieved from /home/airflow/.local/lib/python3.7/site-packages/airflow/example_dags/example_params_ui_tutorial.py
[2023-05-14T05:43:11.974+0000] {logging_mixin.py:137} INFO - [2023-05-14T05:43:11.974+0000] {dag.py:2705} INFO - Sync 1 DAGs
[2023-05-14T05:43:11.992+0000] {logging_mixin.py:137} INFO - [2023-05-14T05:43:11.992+0000] {dag.py:3456} INFO - Setting next_dagrun for example_params_ui_tutorial to None, run_after=None
[2023-05-14T05:43:12.004+0000] {processor.py:175} INFO - Processing /home/airflow/.local/lib/python3.7/site-packages/airflow/example_dags/example_params_ui_tutorial.py took 0.114 seconds
[2023-05-14T05:43:42.064+0000] {processor.py:153} INFO - Started process (PID=8603) to work on /home/airflow/.local/lib/python3.7/site-packages/airflow/example_dags/example_params_ui_tutorial.py
[2023-05-14T05:43:42.066+0000] {processor.py:743} INFO - Processing file /home/airflow/.local/lib/python3.7/site-packages/airflow/example_dags/example_params_ui_tutorial.py for tasks to queue
[2023-05-14T05:43:42.067+0000] {logging_mixin.py:137} INFO - [2023-05-14T05:43:42.067+0000] {dagbag.py:532} INFO - Filling up the DagBag from /home/airflow/.local/lib/python3.7/site-packages/airflow/example_dags/example_params_ui_tutorial.py
[2023-05-14T05:43:42.106+0000] {processor.py:753} INFO - DAG(s) dict_keys(['example_params_ui_tutorial']) retrieved from /home/airflow/.local/lib/python3.7/site-packages/airflow/example_dags/example_params_ui_tutorial.py
[2023-05-14T05:43:42.149+0000] {logging_mixin.py:137} INFO - [2023-05-14T05:43:42.149+0000] {dag.py:2705} INFO - Sync 1 DAGs
[2023-05-14T05:43:42.166+0000] {logging_mixin.py:137} INFO - [2023-05-14T05:43:42.165+0000] {dag.py:3456} INFO - Setting next_dagrun for example_params_ui_tutorial to None, run_after=None
[2023-05-14T05:43:42.177+0000] {processor.py:175} INFO - Processing /home/airflow/.local/lib/python3.7/site-packages/airflow/example_dags/example_params_ui_tutorial.py took 0.116 seconds
[2023-05-14T05:44:12.583+0000] {processor.py:153} INFO - Started process (PID=8839) to work on /home/airflow/.local/lib/python3.7/site-packages/airflow/example_dags/example_params_ui_tutorial.py
[2023-05-14T05:44:12.584+0000] {processor.py:743} INFO - Processing file /home/airflow/.local/lib/python3.7/site-packages/airflow/example_dags/example_params_ui_tutorial.py for tasks to queue
[2023-05-14T05:44:12.586+0000] {logging_mixin.py:137} INFO - [2023-05-14T05:44:12.586+0000] {dagbag.py:532} INFO - Filling up the DagBag from /home/airflow/.local/lib/python3.7/site-packages/airflow/example_dags/example_params_ui_tutorial.py
[2023-05-14T05:44:12.621+0000] {processor.py:753} INFO - DAG(s) dict_keys(['example_params_ui_tutorial']) retrieved from /home/airflow/.local/lib/python3.7/site-packages/airflow/example_dags/example_params_ui_tutorial.py
[2023-05-14T05:44:12.663+0000] {logging_mixin.py:137} INFO - [2023-05-14T05:44:12.662+0000] {dag.py:2705} INFO - Sync 1 DAGs
[2023-05-14T05:44:12.679+0000] {logging_mixin.py:137} INFO - [2023-05-14T05:44:12.679+0000] {dag.py:3456} INFO - Setting next_dagrun for example_params_ui_tutorial to None, run_after=None
[2023-05-14T05:44:12.692+0000] {processor.py:175} INFO - Processing /home/airflow/.local/lib/python3.7/site-packages/airflow/example_dags/example_params_ui_tutorial.py took 0.112 seconds
[2023-05-14T05:44:42.873+0000] {processor.py:153} INFO - Started process (PID=9069) to work on /home/airflow/.local/lib/python3.7/site-packages/airflow/example_dags/example_params_ui_tutorial.py
[2023-05-14T05:44:42.875+0000] {processor.py:743} INFO - Processing file /home/airflow/.local/lib/python3.7/site-packages/airflow/example_dags/example_params_ui_tutorial.py for tasks to queue
[2023-05-14T05:44:42.876+0000] {logging_mixin.py:137} INFO - [2023-05-14T05:44:42.876+0000] {dagbag.py:532} INFO - Filling up the DagBag from /home/airflow/.local/lib/python3.7/site-packages/airflow/example_dags/example_params_ui_tutorial.py
[2023-05-14T05:44:42.916+0000] {processor.py:753} INFO - DAG(s) dict_keys(['example_params_ui_tutorial']) retrieved from /home/airflow/.local/lib/python3.7/site-packages/airflow/example_dags/example_params_ui_tutorial.py
[2023-05-14T05:44:42.954+0000] {logging_mixin.py:137} INFO - [2023-05-14T05:44:42.954+0000] {dag.py:2705} INFO - Sync 1 DAGs
[2023-05-14T05:44:42.970+0000] {logging_mixin.py:137} INFO - [2023-05-14T05:44:42.970+0000] {dag.py:3456} INFO - Setting next_dagrun for example_params_ui_tutorial to None, run_after=None
[2023-05-14T05:44:42.983+0000] {processor.py:175} INFO - Processing /home/airflow/.local/lib/python3.7/site-packages/airflow/example_dags/example_params_ui_tutorial.py took 0.113 seconds
[2023-05-14T05:45:13.217+0000] {processor.py:153} INFO - Started process (PID=9293) to work on /home/airflow/.local/lib/python3.7/site-packages/airflow/example_dags/example_params_ui_tutorial.py
[2023-05-14T05:45:13.219+0000] {processor.py:743} INFO - Processing file /home/airflow/.local/lib/python3.7/site-packages/airflow/example_dags/example_params_ui_tutorial.py for tasks to queue
[2023-05-14T05:45:13.220+0000] {logging_mixin.py:137} INFO - [2023-05-14T05:45:13.220+0000] {dagbag.py:532} INFO - Filling up the DagBag from /home/airflow/.local/lib/python3.7/site-packages/airflow/example_dags/example_params_ui_tutorial.py
[2023-05-14T05:45:13.288+0000] {processor.py:753} INFO - DAG(s) dict_keys(['example_params_ui_tutorial']) retrieved from /home/airflow/.local/lib/python3.7/site-packages/airflow/example_dags/example_params_ui_tutorial.py
[2023-05-14T05:45:13.330+0000] {logging_mixin.py:137} INFO - [2023-05-14T05:45:13.330+0000] {dag.py:2705} INFO - Sync 1 DAGs
[2023-05-14T05:45:13.349+0000] {logging_mixin.py:137} INFO - [2023-05-14T05:45:13.349+0000] {dag.py:3456} INFO - Setting next_dagrun for example_params_ui_tutorial to None, run_after=None
[2023-05-14T05:45:13.364+0000] {processor.py:175} INFO - Processing /home/airflow/.local/lib/python3.7/site-packages/airflow/example_dags/example_params_ui_tutorial.py took 0.150 seconds
[2023-05-14T05:45:44.272+0000] {processor.py:153} INFO - Started process (PID=9532) to work on /home/airflow/.local/lib/python3.7/site-packages/airflow/example_dags/example_params_ui_tutorial.py
[2023-05-14T05:45:44.274+0000] {processor.py:743} INFO - Processing file /home/airflow/.local/lib/python3.7/site-packages/airflow/example_dags/example_params_ui_tutorial.py for tasks to queue
[2023-05-14T05:45:44.275+0000] {logging_mixin.py:137} INFO - [2023-05-14T05:45:44.275+0000] {dagbag.py:532} INFO - Filling up the DagBag from /home/airflow/.local/lib/python3.7/site-packages/airflow/example_dags/example_params_ui_tutorial.py
[2023-05-14T05:45:44.312+0000] {processor.py:753} INFO - DAG(s) dict_keys(['example_params_ui_tutorial']) retrieved from /home/airflow/.local/lib/python3.7/site-packages/airflow/example_dags/example_params_ui_tutorial.py
[2023-05-14T05:45:44.364+0000] {logging_mixin.py:137} INFO - [2023-05-14T05:45:44.364+0000] {dag.py:2705} INFO - Sync 1 DAGs
[2023-05-14T05:45:44.399+0000] {logging_mixin.py:137} INFO - [2023-05-14T05:45:44.399+0000] {dag.py:3456} INFO - Setting next_dagrun for example_params_ui_tutorial to None, run_after=None
[2023-05-14T05:45:44.413+0000] {processor.py:175} INFO - Processing /home/airflow/.local/lib/python3.7/site-packages/airflow/example_dags/example_params_ui_tutorial.py took 0.143 seconds
[2023-05-14T05:46:14.461+0000] {processor.py:153} INFO - Started process (PID=9758) to work on /home/airflow/.local/lib/python3.7/site-packages/airflow/example_dags/example_params_ui_tutorial.py
[2023-05-14T05:46:14.463+0000] {processor.py:743} INFO - Processing file /home/airflow/.local/lib/python3.7/site-packages/airflow/example_dags/example_params_ui_tutorial.py for tasks to queue
[2023-05-14T05:46:14.464+0000] {logging_mixin.py:137} INFO - [2023-05-14T05:46:14.464+0000] {dagbag.py:532} INFO - Filling up the DagBag from /home/airflow/.local/lib/python3.7/site-packages/airflow/example_dags/example_params_ui_tutorial.py
[2023-05-14T05:46:14.501+0000] {processor.py:753} INFO - DAG(s) dict_keys(['example_params_ui_tutorial']) retrieved from /home/airflow/.local/lib/python3.7/site-packages/airflow/example_dags/example_params_ui_tutorial.py
[2023-05-14T05:46:14.549+0000] {logging_mixin.py:137} INFO - [2023-05-14T05:46:14.549+0000] {dag.py:2705} INFO - Sync 1 DAGs
[2023-05-14T05:46:14.566+0000] {logging_mixin.py:137} INFO - [2023-05-14T05:46:14.566+0000] {dag.py:3456} INFO - Setting next_dagrun for example_params_ui_tutorial to None, run_after=None
[2023-05-14T05:46:14.580+0000] {processor.py:175} INFO - Processing /home/airflow/.local/lib/python3.7/site-packages/airflow/example_dags/example_params_ui_tutorial.py took 0.122 seconds
[2023-05-14T05:46:44.711+0000] {processor.py:153} INFO - Started process (PID=9982) to work on /home/airflow/.local/lib/python3.7/site-packages/airflow/example_dags/example_params_ui_tutorial.py
[2023-05-14T05:46:44.712+0000] {processor.py:743} INFO - Processing file /home/airflow/.local/lib/python3.7/site-packages/airflow/example_dags/example_params_ui_tutorial.py for tasks to queue
[2023-05-14T05:46:44.713+0000] {logging_mixin.py:137} INFO - [2023-05-14T05:46:44.713+0000] {dagbag.py:532} INFO - Filling up the DagBag from /home/airflow/.local/lib/python3.7/site-packages/airflow/example_dags/example_params_ui_tutorial.py
[2023-05-14T05:46:44.749+0000] {processor.py:753} INFO - DAG(s) dict_keys(['example_params_ui_tutorial']) retrieved from /home/airflow/.local/lib/python3.7/site-packages/airflow/example_dags/example_params_ui_tutorial.py
[2023-05-14T05:46:44.793+0000] {logging_mixin.py:137} INFO - [2023-05-14T05:46:44.793+0000] {dag.py:2705} INFO - Sync 1 DAGs
[2023-05-14T05:46:44.810+0000] {logging_mixin.py:137} INFO - [2023-05-14T05:46:44.810+0000] {dag.py:3456} INFO - Setting next_dagrun for example_params_ui_tutorial to None, run_after=None
[2023-05-14T05:46:44.822+0000] {processor.py:175} INFO - Processing /home/airflow/.local/lib/python3.7/site-packages/airflow/example_dags/example_params_ui_tutorial.py took 0.114 seconds
[2023-05-14T05:47:15.013+0000] {processor.py:153} INFO - Started process (PID=10206) to work on /home/airflow/.local/lib/python3.7/site-packages/airflow/example_dags/example_params_ui_tutorial.py
[2023-05-14T05:47:15.015+0000] {processor.py:743} INFO - Processing file /home/airflow/.local/lib/python3.7/site-packages/airflow/example_dags/example_params_ui_tutorial.py for tasks to queue
[2023-05-14T05:47:15.016+0000] {logging_mixin.py:137} INFO - [2023-05-14T05:47:15.016+0000] {dagbag.py:532} INFO - Filling up the DagBag from /home/airflow/.local/lib/python3.7/site-packages/airflow/example_dags/example_params_ui_tutorial.py
[2023-05-14T05:47:15.109+0000] {processor.py:753} INFO - DAG(s) dict_keys(['example_params_ui_tutorial']) retrieved from /home/airflow/.local/lib/python3.7/site-packages/airflow/example_dags/example_params_ui_tutorial.py
[2023-05-14T05:47:15.166+0000] {logging_mixin.py:137} INFO - [2023-05-14T05:47:15.166+0000] {dag.py:2705} INFO - Sync 1 DAGs
[2023-05-14T05:47:15.185+0000] {logging_mixin.py:137} INFO - [2023-05-14T05:47:15.185+0000] {dag.py:3456} INFO - Setting next_dagrun for example_params_ui_tutorial to None, run_after=None
[2023-05-14T05:47:15.202+0000] {processor.py:175} INFO - Processing /home/airflow/.local/lib/python3.7/site-packages/airflow/example_dags/example_params_ui_tutorial.py took 0.193 seconds
[2023-05-14T05:47:45.595+0000] {processor.py:153} INFO - Started process (PID=10431) to work on /home/airflow/.local/lib/python3.7/site-packages/airflow/example_dags/example_params_ui_tutorial.py
[2023-05-14T05:47:45.596+0000] {processor.py:743} INFO - Processing file /home/airflow/.local/lib/python3.7/site-packages/airflow/example_dags/example_params_ui_tutorial.py for tasks to queue
[2023-05-14T05:47:45.597+0000] {logging_mixin.py:137} INFO - [2023-05-14T05:47:45.597+0000] {dagbag.py:532} INFO - Filling up the DagBag from /home/airflow/.local/lib/python3.7/site-packages/airflow/example_dags/example_params_ui_tutorial.py
[2023-05-14T05:47:45.645+0000] {processor.py:753} INFO - DAG(s) dict_keys(['example_params_ui_tutorial']) retrieved from /home/airflow/.local/lib/python3.7/site-packages/airflow/example_dags/example_params_ui_tutorial.py
[2023-05-14T05:47:45.700+0000] {logging_mixin.py:137} INFO - [2023-05-14T05:47:45.699+0000] {dag.py:2705} INFO - Sync 1 DAGs
[2023-05-14T05:47:45.725+0000] {logging_mixin.py:137} INFO - [2023-05-14T05:47:45.725+0000] {dag.py:3456} INFO - Setting next_dagrun for example_params_ui_tutorial to None, run_after=None
[2023-05-14T05:47:45.742+0000] {processor.py:175} INFO - Processing /home/airflow/.local/lib/python3.7/site-packages/airflow/example_dags/example_params_ui_tutorial.py took 0.150 seconds
[2023-05-14T05:48:15.827+0000] {processor.py:153} INFO - Started process (PID=10655) to work on /home/airflow/.local/lib/python3.7/site-packages/airflow/example_dags/example_params_ui_tutorial.py
[2023-05-14T05:48:15.829+0000] {processor.py:743} INFO - Processing file /home/airflow/.local/lib/python3.7/site-packages/airflow/example_dags/example_params_ui_tutorial.py for tasks to queue
[2023-05-14T05:48:15.830+0000] {logging_mixin.py:137} INFO - [2023-05-14T05:48:15.830+0000] {dagbag.py:532} INFO - Filling up the DagBag from /home/airflow/.local/lib/python3.7/site-packages/airflow/example_dags/example_params_ui_tutorial.py
[2023-05-14T05:48:15.869+0000] {processor.py:753} INFO - DAG(s) dict_keys(['example_params_ui_tutorial']) retrieved from /home/airflow/.local/lib/python3.7/site-packages/airflow/example_dags/example_params_ui_tutorial.py
[2023-05-14T05:48:15.911+0000] {logging_mixin.py:137} INFO - [2023-05-14T05:48:15.911+0000] {dag.py:2705} INFO - Sync 1 DAGs
[2023-05-14T05:48:15.928+0000] {logging_mixin.py:137} INFO - [2023-05-14T05:48:15.928+0000] {dag.py:3456} INFO - Setting next_dagrun for example_params_ui_tutorial to None, run_after=None
[2023-05-14T05:48:15.941+0000] {processor.py:175} INFO - Processing /home/airflow/.local/lib/python3.7/site-packages/airflow/example_dags/example_params_ui_tutorial.py took 0.117 seconds
[2023-05-14T05:48:46.077+0000] {processor.py:153} INFO - Started process (PID=10877) to work on /home/airflow/.local/lib/python3.7/site-packages/airflow/example_dags/example_params_ui_tutorial.py
[2023-05-14T05:48:46.079+0000] {processor.py:743} INFO - Processing file /home/airflow/.local/lib/python3.7/site-packages/airflow/example_dags/example_params_ui_tutorial.py for tasks to queue
[2023-05-14T05:48:46.080+0000] {logging_mixin.py:137} INFO - [2023-05-14T05:48:46.080+0000] {dagbag.py:532} INFO - Filling up the DagBag from /home/airflow/.local/lib/python3.7/site-packages/airflow/example_dags/example_params_ui_tutorial.py
[2023-05-14T05:48:46.121+0000] {processor.py:753} INFO - DAG(s) dict_keys(['example_params_ui_tutorial']) retrieved from /home/airflow/.local/lib/python3.7/site-packages/airflow/example_dags/example_params_ui_tutorial.py
[2023-05-14T05:48:46.174+0000] {logging_mixin.py:137} INFO - [2023-05-14T05:48:46.174+0000] {dag.py:2705} INFO - Sync 1 DAGs
[2023-05-14T05:48:46.193+0000] {logging_mixin.py:137} INFO - [2023-05-14T05:48:46.193+0000] {dag.py:3456} INFO - Setting next_dagrun for example_params_ui_tutorial to None, run_after=None
[2023-05-14T05:48:46.206+0000] {processor.py:175} INFO - Processing /home/airflow/.local/lib/python3.7/site-packages/airflow/example_dags/example_params_ui_tutorial.py took 0.132 seconds
[2023-05-14T05:49:16.567+0000] {processor.py:153} INFO - Started process (PID=11101) to work on /home/airflow/.local/lib/python3.7/site-packages/airflow/example_dags/example_params_ui_tutorial.py
[2023-05-14T05:49:16.569+0000] {processor.py:743} INFO - Processing file /home/airflow/.local/lib/python3.7/site-packages/airflow/example_dags/example_params_ui_tutorial.py for tasks to queue
[2023-05-14T05:49:16.570+0000] {logging_mixin.py:137} INFO - [2023-05-14T05:49:16.570+0000] {dagbag.py:532} INFO - Filling up the DagBag from /home/airflow/.local/lib/python3.7/site-packages/airflow/example_dags/example_params_ui_tutorial.py
[2023-05-14T05:49:16.609+0000] {processor.py:753} INFO - DAG(s) dict_keys(['example_params_ui_tutorial']) retrieved from /home/airflow/.local/lib/python3.7/site-packages/airflow/example_dags/example_params_ui_tutorial.py
[2023-05-14T05:49:16.656+0000] {logging_mixin.py:137} INFO - [2023-05-14T05:49:16.656+0000] {dag.py:2705} INFO - Sync 1 DAGs
[2023-05-14T05:49:16.672+0000] {logging_mixin.py:137} INFO - [2023-05-14T05:49:16.672+0000] {dag.py:3456} INFO - Setting next_dagrun for example_params_ui_tutorial to None, run_after=None
[2023-05-14T05:49:16.685+0000] {processor.py:175} INFO - Processing /home/airflow/.local/lib/python3.7/site-packages/airflow/example_dags/example_params_ui_tutorial.py took 0.122 seconds
[2023-05-14T05:49:46.769+0000] {processor.py:153} INFO - Started process (PID=11329) to work on /home/airflow/.local/lib/python3.7/site-packages/airflow/example_dags/example_params_ui_tutorial.py
[2023-05-14T05:49:46.771+0000] {processor.py:743} INFO - Processing file /home/airflow/.local/lib/python3.7/site-packages/airflow/example_dags/example_params_ui_tutorial.py for tasks to queue
[2023-05-14T05:49:46.772+0000] {logging_mixin.py:137} INFO - [2023-05-14T05:49:46.772+0000] {dagbag.py:532} INFO - Filling up the DagBag from /home/airflow/.local/lib/python3.7/site-packages/airflow/example_dags/example_params_ui_tutorial.py
[2023-05-14T05:49:46.804+0000] {processor.py:753} INFO - DAG(s) dict_keys(['example_params_ui_tutorial']) retrieved from /home/airflow/.local/lib/python3.7/site-packages/airflow/example_dags/example_params_ui_tutorial.py
[2023-05-14T05:49:46.843+0000] {logging_mixin.py:137} INFO - [2023-05-14T05:49:46.843+0000] {dag.py:2705} INFO - Sync 1 DAGs
[2023-05-14T05:49:46.859+0000] {logging_mixin.py:137} INFO - [2023-05-14T05:49:46.859+0000] {dag.py:3456} INFO - Setting next_dagrun for example_params_ui_tutorial to None, run_after=None
[2023-05-14T05:49:46.869+0000] {processor.py:175} INFO - Processing /home/airflow/.local/lib/python3.7/site-packages/airflow/example_dags/example_params_ui_tutorial.py took 0.103 seconds
[2023-05-14T05:50:16.961+0000] {processor.py:153} INFO - Started process (PID=11551) to work on /home/airflow/.local/lib/python3.7/site-packages/airflow/example_dags/example_params_ui_tutorial.py
[2023-05-14T05:50:16.963+0000] {processor.py:743} INFO - Processing file /home/airflow/.local/lib/python3.7/site-packages/airflow/example_dags/example_params_ui_tutorial.py for tasks to queue
[2023-05-14T05:50:16.964+0000] {logging_mixin.py:137} INFO - [2023-05-14T05:50:16.964+0000] {dagbag.py:532} INFO - Filling up the DagBag from /home/airflow/.local/lib/python3.7/site-packages/airflow/example_dags/example_params_ui_tutorial.py
[2023-05-14T05:50:17.004+0000] {processor.py:753} INFO - DAG(s) dict_keys(['example_params_ui_tutorial']) retrieved from /home/airflow/.local/lib/python3.7/site-packages/airflow/example_dags/example_params_ui_tutorial.py
[2023-05-14T05:50:17.056+0000] {logging_mixin.py:137} INFO - [2023-05-14T05:50:17.056+0000] {dag.py:2705} INFO - Sync 1 DAGs
[2023-05-14T05:50:17.080+0000] {logging_mixin.py:137} INFO - [2023-05-14T05:50:17.080+0000] {dag.py:3456} INFO - Setting next_dagrun for example_params_ui_tutorial to None, run_after=None
[2023-05-14T05:50:17.094+0000] {processor.py:175} INFO - Processing /home/airflow/.local/lib/python3.7/site-packages/airflow/example_dags/example_params_ui_tutorial.py took 0.137 seconds
[2023-05-14T05:50:47.425+0000] {processor.py:153} INFO - Started process (PID=11775) to work on /home/airflow/.local/lib/python3.7/site-packages/airflow/example_dags/example_params_ui_tutorial.py
[2023-05-14T05:50:47.426+0000] {processor.py:743} INFO - Processing file /home/airflow/.local/lib/python3.7/site-packages/airflow/example_dags/example_params_ui_tutorial.py for tasks to queue
[2023-05-14T05:50:47.428+0000] {logging_mixin.py:137} INFO - [2023-05-14T05:50:47.428+0000] {dagbag.py:532} INFO - Filling up the DagBag from /home/airflow/.local/lib/python3.7/site-packages/airflow/example_dags/example_params_ui_tutorial.py
[2023-05-14T05:50:47.470+0000] {processor.py:753} INFO - DAG(s) dict_keys(['example_params_ui_tutorial']) retrieved from /home/airflow/.local/lib/python3.7/site-packages/airflow/example_dags/example_params_ui_tutorial.py
[2023-05-14T05:50:47.518+0000] {logging_mixin.py:137} INFO - [2023-05-14T05:50:47.518+0000] {dag.py:2705} INFO - Sync 1 DAGs
[2023-05-14T05:50:47.537+0000] {logging_mixin.py:137} INFO - [2023-05-14T05:50:47.537+0000] {dag.py:3456} INFO - Setting next_dagrun for example_params_ui_tutorial to None, run_after=None
[2023-05-14T05:50:47.549+0000] {processor.py:175} INFO - Processing /home/airflow/.local/lib/python3.7/site-packages/airflow/example_dags/example_params_ui_tutorial.py took 0.127 seconds
[2023-05-14T05:51:17.849+0000] {processor.py:153} INFO - Started process (PID=12001) to work on /home/airflow/.local/lib/python3.7/site-packages/airflow/example_dags/example_params_ui_tutorial.py
[2023-05-14T05:51:17.852+0000] {processor.py:743} INFO - Processing file /home/airflow/.local/lib/python3.7/site-packages/airflow/example_dags/example_params_ui_tutorial.py for tasks to queue
[2023-05-14T05:51:17.854+0000] {logging_mixin.py:137} INFO - [2023-05-14T05:51:17.854+0000] {dagbag.py:532} INFO - Filling up the DagBag from /home/airflow/.local/lib/python3.7/site-packages/airflow/example_dags/example_params_ui_tutorial.py
[2023-05-14T05:51:17.895+0000] {processor.py:753} INFO - DAG(s) dict_keys(['example_params_ui_tutorial']) retrieved from /home/airflow/.local/lib/python3.7/site-packages/airflow/example_dags/example_params_ui_tutorial.py
[2023-05-14T05:51:17.936+0000] {logging_mixin.py:137} INFO - [2023-05-14T05:51:17.935+0000] {dag.py:2705} INFO - Sync 1 DAGs
[2023-05-14T05:51:17.955+0000] {logging_mixin.py:137} INFO - [2023-05-14T05:51:17.955+0000] {dag.py:3456} INFO - Setting next_dagrun for example_params_ui_tutorial to None, run_after=None
[2023-05-14T05:51:17.969+0000] {processor.py:175} INFO - Processing /home/airflow/.local/lib/python3.7/site-packages/airflow/example_dags/example_params_ui_tutorial.py took 0.123 seconds
[2023-05-14T05:51:48.207+0000] {processor.py:153} INFO - Started process (PID=12228) to work on /home/airflow/.local/lib/python3.7/site-packages/airflow/example_dags/example_params_ui_tutorial.py
[2023-05-14T05:51:48.209+0000] {processor.py:743} INFO - Processing file /home/airflow/.local/lib/python3.7/site-packages/airflow/example_dags/example_params_ui_tutorial.py for tasks to queue
[2023-05-14T05:51:48.210+0000] {logging_mixin.py:137} INFO - [2023-05-14T05:51:48.210+0000] {dagbag.py:532} INFO - Filling up the DagBag from /home/airflow/.local/lib/python3.7/site-packages/airflow/example_dags/example_params_ui_tutorial.py
[2023-05-14T05:51:48.251+0000] {processor.py:753} INFO - DAG(s) dict_keys(['example_params_ui_tutorial']) retrieved from /home/airflow/.local/lib/python3.7/site-packages/airflow/example_dags/example_params_ui_tutorial.py
[2023-05-14T05:51:48.291+0000] {logging_mixin.py:137} INFO - [2023-05-14T05:51:48.291+0000] {dag.py:2705} INFO - Sync 1 DAGs
[2023-05-14T05:51:48.311+0000] {logging_mixin.py:137} INFO - [2023-05-14T05:51:48.311+0000] {dag.py:3456} INFO - Setting next_dagrun for example_params_ui_tutorial to None, run_after=None
[2023-05-14T05:51:48.324+0000] {processor.py:175} INFO - Processing /home/airflow/.local/lib/python3.7/site-packages/airflow/example_dags/example_params_ui_tutorial.py took 0.120 seconds
[2023-05-14T05:52:18.607+0000] {processor.py:153} INFO - Started process (PID=12453) to work on /home/airflow/.local/lib/python3.7/site-packages/airflow/example_dags/example_params_ui_tutorial.py
[2023-05-14T05:52:18.608+0000] {processor.py:743} INFO - Processing file /home/airflow/.local/lib/python3.7/site-packages/airflow/example_dags/example_params_ui_tutorial.py for tasks to queue
[2023-05-14T05:52:18.609+0000] {logging_mixin.py:137} INFO - [2023-05-14T05:52:18.609+0000] {dagbag.py:532} INFO - Filling up the DagBag from /home/airflow/.local/lib/python3.7/site-packages/airflow/example_dags/example_params_ui_tutorial.py
[2023-05-14T05:52:18.653+0000] {processor.py:753} INFO - DAG(s) dict_keys(['example_params_ui_tutorial']) retrieved from /home/airflow/.local/lib/python3.7/site-packages/airflow/example_dags/example_params_ui_tutorial.py
[2023-05-14T05:52:18.697+0000] {logging_mixin.py:137} INFO - [2023-05-14T05:52:18.697+0000] {dag.py:2705} INFO - Sync 1 DAGs
[2023-05-14T05:52:18.717+0000] {logging_mixin.py:137} INFO - [2023-05-14T05:52:18.717+0000] {dag.py:3456} INFO - Setting next_dagrun for example_params_ui_tutorial to None, run_after=None
[2023-05-14T05:52:18.744+0000] {processor.py:175} INFO - Processing /home/airflow/.local/lib/python3.7/site-packages/airflow/example_dags/example_params_ui_tutorial.py took 0.141 seconds
[2023-05-14T05:52:48.795+0000] {processor.py:153} INFO - Started process (PID=12680) to work on /home/airflow/.local/lib/python3.7/site-packages/airflow/example_dags/example_params_ui_tutorial.py
[2023-05-14T05:52:48.797+0000] {processor.py:743} INFO - Processing file /home/airflow/.local/lib/python3.7/site-packages/airflow/example_dags/example_params_ui_tutorial.py for tasks to queue
[2023-05-14T05:52:48.798+0000] {logging_mixin.py:137} INFO - [2023-05-14T05:52:48.798+0000] {dagbag.py:532} INFO - Filling up the DagBag from /home/airflow/.local/lib/python3.7/site-packages/airflow/example_dags/example_params_ui_tutorial.py
[2023-05-14T05:52:48.841+0000] {processor.py:753} INFO - DAG(s) dict_keys(['example_params_ui_tutorial']) retrieved from /home/airflow/.local/lib/python3.7/site-packages/airflow/example_dags/example_params_ui_tutorial.py
[2023-05-14T05:52:48.879+0000] {logging_mixin.py:137} INFO - [2023-05-14T05:52:48.879+0000] {dag.py:2705} INFO - Sync 1 DAGs
[2023-05-14T05:52:48.894+0000] {logging_mixin.py:137} INFO - [2023-05-14T05:52:48.894+0000] {dag.py:3456} INFO - Setting next_dagrun for example_params_ui_tutorial to None, run_after=None
[2023-05-14T05:52:48.905+0000] {processor.py:175} INFO - Processing /home/airflow/.local/lib/python3.7/site-packages/airflow/example_dags/example_params_ui_tutorial.py took 0.112 seconds
[2023-05-14T05:53:19.167+0000] {processor.py:153} INFO - Started process (PID=12894) to work on /home/airflow/.local/lib/python3.7/site-packages/airflow/example_dags/example_params_ui_tutorial.py
[2023-05-14T05:53:19.168+0000] {processor.py:743} INFO - Processing file /home/airflow/.local/lib/python3.7/site-packages/airflow/example_dags/example_params_ui_tutorial.py for tasks to queue
[2023-05-14T05:53:19.175+0000] {logging_mixin.py:137} INFO - [2023-05-14T05:53:19.175+0000] {dagbag.py:532} INFO - Filling up the DagBag from /home/airflow/.local/lib/python3.7/site-packages/airflow/example_dags/example_params_ui_tutorial.py
[2023-05-14T05:53:19.214+0000] {processor.py:753} INFO - DAG(s) dict_keys(['example_params_ui_tutorial']) retrieved from /home/airflow/.local/lib/python3.7/site-packages/airflow/example_dags/example_params_ui_tutorial.py
[2023-05-14T05:53:19.255+0000] {logging_mixin.py:137} INFO - [2023-05-14T05:53:19.255+0000] {dag.py:2705} INFO - Sync 1 DAGs
[2023-05-14T05:53:19.273+0000] {logging_mixin.py:137} INFO - [2023-05-14T05:53:19.273+0000] {dag.py:3456} INFO - Setting next_dagrun for example_params_ui_tutorial to None, run_after=None
[2023-05-14T05:53:19.288+0000] {processor.py:175} INFO - Processing /home/airflow/.local/lib/python3.7/site-packages/airflow/example_dags/example_params_ui_tutorial.py took 0.124 seconds
[2023-05-14T05:53:50.495+0000] {processor.py:153} INFO - Started process (PID=13121) to work on /home/airflow/.local/lib/python3.7/site-packages/airflow/example_dags/example_params_ui_tutorial.py
[2023-05-14T05:53:50.497+0000] {processor.py:743} INFO - Processing file /home/airflow/.local/lib/python3.7/site-packages/airflow/example_dags/example_params_ui_tutorial.py for tasks to queue
[2023-05-14T05:53:50.514+0000] {logging_mixin.py:137} INFO - [2023-05-14T05:53:50.513+0000] {dagbag.py:532} INFO - Filling up the DagBag from /home/airflow/.local/lib/python3.7/site-packages/airflow/example_dags/example_params_ui_tutorial.py
[2023-05-14T05:53:50.555+0000] {processor.py:753} INFO - DAG(s) dict_keys(['example_params_ui_tutorial']) retrieved from /home/airflow/.local/lib/python3.7/site-packages/airflow/example_dags/example_params_ui_tutorial.py
[2023-05-14T05:53:50.597+0000] {logging_mixin.py:137} INFO - [2023-05-14T05:53:50.596+0000] {dag.py:2705} INFO - Sync 1 DAGs
[2023-05-14T05:53:50.616+0000] {logging_mixin.py:137} INFO - [2023-05-14T05:53:50.616+0000] {dag.py:3456} INFO - Setting next_dagrun for example_params_ui_tutorial to None, run_after=None
[2023-05-14T05:53:50.636+0000] {processor.py:175} INFO - Processing /home/airflow/.local/lib/python3.7/site-packages/airflow/example_dags/example_params_ui_tutorial.py took 0.144 seconds
[2023-05-14T05:54:20.800+0000] {processor.py:153} INFO - Started process (PID=13343) to work on /home/airflow/.local/lib/python3.7/site-packages/airflow/example_dags/example_params_ui_tutorial.py
[2023-05-14T05:54:20.804+0000] {processor.py:743} INFO - Processing file /home/airflow/.local/lib/python3.7/site-packages/airflow/example_dags/example_params_ui_tutorial.py for tasks to queue
[2023-05-14T05:54:20.806+0000] {logging_mixin.py:137} INFO - [2023-05-14T05:54:20.806+0000] {dagbag.py:532} INFO - Filling up the DagBag from /home/airflow/.local/lib/python3.7/site-packages/airflow/example_dags/example_params_ui_tutorial.py
[2023-05-14T05:54:20.846+0000] {processor.py:753} INFO - DAG(s) dict_keys(['example_params_ui_tutorial']) retrieved from /home/airflow/.local/lib/python3.7/site-packages/airflow/example_dags/example_params_ui_tutorial.py
[2023-05-14T05:54:20.890+0000] {logging_mixin.py:137} INFO - [2023-05-14T05:54:20.890+0000] {dag.py:2705} INFO - Sync 1 DAGs
[2023-05-14T05:54:20.906+0000] {logging_mixin.py:137} INFO - [2023-05-14T05:54:20.906+0000] {dag.py:3456} INFO - Setting next_dagrun for example_params_ui_tutorial to None, run_after=None
[2023-05-14T05:54:20.918+0000] {processor.py:175} INFO - Processing /home/airflow/.local/lib/python3.7/site-packages/airflow/example_dags/example_params_ui_tutorial.py took 0.121 seconds
[2023-05-14T05:54:51.087+0000] {processor.py:153} INFO - Started process (PID=13566) to work on /home/airflow/.local/lib/python3.7/site-packages/airflow/example_dags/example_params_ui_tutorial.py
[2023-05-14T05:54:51.089+0000] {processor.py:743} INFO - Processing file /home/airflow/.local/lib/python3.7/site-packages/airflow/example_dags/example_params_ui_tutorial.py for tasks to queue
[2023-05-14T05:54:51.091+0000] {logging_mixin.py:137} INFO - [2023-05-14T05:54:51.091+0000] {dagbag.py:532} INFO - Filling up the DagBag from /home/airflow/.local/lib/python3.7/site-packages/airflow/example_dags/example_params_ui_tutorial.py
[2023-05-14T05:54:51.131+0000] {processor.py:753} INFO - DAG(s) dict_keys(['example_params_ui_tutorial']) retrieved from /home/airflow/.local/lib/python3.7/site-packages/airflow/example_dags/example_params_ui_tutorial.py
[2023-05-14T05:54:51.175+0000] {logging_mixin.py:137} INFO - [2023-05-14T05:54:51.175+0000] {dag.py:2705} INFO - Sync 1 DAGs
[2023-05-14T05:54:51.191+0000] {logging_mixin.py:137} INFO - [2023-05-14T05:54:51.191+0000] {dag.py:3456} INFO - Setting next_dagrun for example_params_ui_tutorial to None, run_after=None
[2023-05-14T05:54:51.204+0000] {processor.py:175} INFO - Processing /home/airflow/.local/lib/python3.7/site-packages/airflow/example_dags/example_params_ui_tutorial.py took 0.121 seconds
[2023-05-14T05:55:21.489+0000] {processor.py:153} INFO - Started process (PID=13790) to work on /home/airflow/.local/lib/python3.7/site-packages/airflow/example_dags/example_params_ui_tutorial.py
[2023-05-14T05:55:21.491+0000] {processor.py:743} INFO - Processing file /home/airflow/.local/lib/python3.7/site-packages/airflow/example_dags/example_params_ui_tutorial.py for tasks to queue
[2023-05-14T05:55:21.492+0000] {logging_mixin.py:137} INFO - [2023-05-14T05:55:21.492+0000] {dagbag.py:532} INFO - Filling up the DagBag from /home/airflow/.local/lib/python3.7/site-packages/airflow/example_dags/example_params_ui_tutorial.py
[2023-05-14T05:55:21.535+0000] {processor.py:753} INFO - DAG(s) dict_keys(['example_params_ui_tutorial']) retrieved from /home/airflow/.local/lib/python3.7/site-packages/airflow/example_dags/example_params_ui_tutorial.py
[2023-05-14T05:55:21.581+0000] {logging_mixin.py:137} INFO - [2023-05-14T05:55:21.580+0000] {dag.py:2705} INFO - Sync 1 DAGs
[2023-05-14T05:55:21.599+0000] {logging_mixin.py:137} INFO - [2023-05-14T05:55:21.599+0000] {dag.py:3456} INFO - Setting next_dagrun for example_params_ui_tutorial to None, run_after=None
[2023-05-14T05:55:21.630+0000] {processor.py:175} INFO - Processing /home/airflow/.local/lib/python3.7/site-packages/airflow/example_dags/example_params_ui_tutorial.py took 0.145 seconds
[2023-05-14T05:55:51.820+0000] {processor.py:153} INFO - Started process (PID=14014) to work on /home/airflow/.local/lib/python3.7/site-packages/airflow/example_dags/example_params_ui_tutorial.py
[2023-05-14T05:55:51.821+0000] {processor.py:743} INFO - Processing file /home/airflow/.local/lib/python3.7/site-packages/airflow/example_dags/example_params_ui_tutorial.py for tasks to queue
[2023-05-14T05:55:51.822+0000] {logging_mixin.py:137} INFO - [2023-05-14T05:55:51.822+0000] {dagbag.py:532} INFO - Filling up the DagBag from /home/airflow/.local/lib/python3.7/site-packages/airflow/example_dags/example_params_ui_tutorial.py
[2023-05-14T05:55:51.861+0000] {processor.py:753} INFO - DAG(s) dict_keys(['example_params_ui_tutorial']) retrieved from /home/airflow/.local/lib/python3.7/site-packages/airflow/example_dags/example_params_ui_tutorial.py
[2023-05-14T05:55:51.901+0000] {logging_mixin.py:137} INFO - [2023-05-14T05:55:51.901+0000] {dag.py:2705} INFO - Sync 1 DAGs
[2023-05-14T05:55:51.927+0000] {logging_mixin.py:137} INFO - [2023-05-14T05:55:51.927+0000] {dag.py:3456} INFO - Setting next_dagrun for example_params_ui_tutorial to None, run_after=None
[2023-05-14T05:55:51.938+0000] {processor.py:175} INFO - Processing /home/airflow/.local/lib/python3.7/site-packages/airflow/example_dags/example_params_ui_tutorial.py took 0.122 seconds
[2023-05-14T05:56:22.152+0000] {processor.py:153} INFO - Started process (PID=14238) to work on /home/airflow/.local/lib/python3.7/site-packages/airflow/example_dags/example_params_ui_tutorial.py
[2023-05-14T05:56:22.155+0000] {processor.py:743} INFO - Processing file /home/airflow/.local/lib/python3.7/site-packages/airflow/example_dags/example_params_ui_tutorial.py for tasks to queue
[2023-05-14T05:56:22.158+0000] {logging_mixin.py:137} INFO - [2023-05-14T05:56:22.158+0000] {dagbag.py:532} INFO - Filling up the DagBag from /home/airflow/.local/lib/python3.7/site-packages/airflow/example_dags/example_params_ui_tutorial.py
[2023-05-14T05:56:22.205+0000] {processor.py:753} INFO - DAG(s) dict_keys(['example_params_ui_tutorial']) retrieved from /home/airflow/.local/lib/python3.7/site-packages/airflow/example_dags/example_params_ui_tutorial.py
[2023-05-14T05:56:22.264+0000] {logging_mixin.py:137} INFO - [2023-05-14T05:56:22.263+0000] {dag.py:2705} INFO - Sync 1 DAGs
[2023-05-14T05:56:22.296+0000] {logging_mixin.py:137} INFO - [2023-05-14T05:56:22.296+0000] {dag.py:3456} INFO - Setting next_dagrun for example_params_ui_tutorial to None, run_after=None
[2023-05-14T05:56:22.319+0000] {processor.py:175} INFO - Processing /home/airflow/.local/lib/python3.7/site-packages/airflow/example_dags/example_params_ui_tutorial.py took 0.171 seconds
[2023-05-14T05:56:52.953+0000] {processor.py:153} INFO - Started process (PID=14462) to work on /home/airflow/.local/lib/python3.7/site-packages/airflow/example_dags/example_params_ui_tutorial.py
[2023-05-14T05:56:52.954+0000] {processor.py:743} INFO - Processing file /home/airflow/.local/lib/python3.7/site-packages/airflow/example_dags/example_params_ui_tutorial.py for tasks to queue
[2023-05-14T05:56:52.955+0000] {logging_mixin.py:137} INFO - [2023-05-14T05:56:52.955+0000] {dagbag.py:532} INFO - Filling up the DagBag from /home/airflow/.local/lib/python3.7/site-packages/airflow/example_dags/example_params_ui_tutorial.py
[2023-05-14T05:56:53.001+0000] {processor.py:753} INFO - DAG(s) dict_keys(['example_params_ui_tutorial']) retrieved from /home/airflow/.local/lib/python3.7/site-packages/airflow/example_dags/example_params_ui_tutorial.py
[2023-05-14T05:56:53.047+0000] {logging_mixin.py:137} INFO - [2023-05-14T05:56:53.047+0000] {dag.py:2705} INFO - Sync 1 DAGs
[2023-05-14T05:56:53.065+0000] {logging_mixin.py:137} INFO - [2023-05-14T05:56:53.065+0000] {dag.py:3456} INFO - Setting next_dagrun for example_params_ui_tutorial to None, run_after=None
[2023-05-14T05:56:53.081+0000] {processor.py:175} INFO - Processing /home/airflow/.local/lib/python3.7/site-packages/airflow/example_dags/example_params_ui_tutorial.py took 0.131 seconds
[2023-05-14T05:57:23.807+0000] {processor.py:153} INFO - Started process (PID=14686) to work on /home/airflow/.local/lib/python3.7/site-packages/airflow/example_dags/example_params_ui_tutorial.py
[2023-05-14T05:57:23.814+0000] {processor.py:743} INFO - Processing file /home/airflow/.local/lib/python3.7/site-packages/airflow/example_dags/example_params_ui_tutorial.py for tasks to queue
[2023-05-14T05:57:23.815+0000] {logging_mixin.py:137} INFO - [2023-05-14T05:57:23.815+0000] {dagbag.py:532} INFO - Filling up the DagBag from /home/airflow/.local/lib/python3.7/site-packages/airflow/example_dags/example_params_ui_tutorial.py
[2023-05-14T05:57:23.855+0000] {processor.py:753} INFO - DAG(s) dict_keys(['example_params_ui_tutorial']) retrieved from /home/airflow/.local/lib/python3.7/site-packages/airflow/example_dags/example_params_ui_tutorial.py
[2023-05-14T05:57:23.898+0000] {logging_mixin.py:137} INFO - [2023-05-14T05:57:23.897+0000] {dag.py:2705} INFO - Sync 1 DAGs
[2023-05-14T05:57:23.915+0000] {logging_mixin.py:137} INFO - [2023-05-14T05:57:23.915+0000] {dag.py:3456} INFO - Setting next_dagrun for example_params_ui_tutorial to None, run_after=None
[2023-05-14T05:57:23.927+0000] {processor.py:175} INFO - Processing /home/airflow/.local/lib/python3.7/site-packages/airflow/example_dags/example_params_ui_tutorial.py took 0.123 seconds
[2023-05-14T05:57:54.134+0000] {processor.py:153} INFO - Started process (PID=14910) to work on /home/airflow/.local/lib/python3.7/site-packages/airflow/example_dags/example_params_ui_tutorial.py
[2023-05-14T05:57:54.136+0000] {processor.py:743} INFO - Processing file /home/airflow/.local/lib/python3.7/site-packages/airflow/example_dags/example_params_ui_tutorial.py for tasks to queue
[2023-05-14T05:57:54.137+0000] {logging_mixin.py:137} INFO - [2023-05-14T05:57:54.137+0000] {dagbag.py:532} INFO - Filling up the DagBag from /home/airflow/.local/lib/python3.7/site-packages/airflow/example_dags/example_params_ui_tutorial.py
[2023-05-14T05:57:54.175+0000] {processor.py:753} INFO - DAG(s) dict_keys(['example_params_ui_tutorial']) retrieved from /home/airflow/.local/lib/python3.7/site-packages/airflow/example_dags/example_params_ui_tutorial.py
[2023-05-14T05:57:54.219+0000] {logging_mixin.py:137} INFO - [2023-05-14T05:57:54.218+0000] {dag.py:2705} INFO - Sync 1 DAGs
[2023-05-14T05:57:54.239+0000] {logging_mixin.py:137} INFO - [2023-05-14T05:57:54.239+0000] {dag.py:3456} INFO - Setting next_dagrun for example_params_ui_tutorial to None, run_after=None
[2023-05-14T05:57:54.261+0000] {processor.py:175} INFO - Processing /home/airflow/.local/lib/python3.7/site-packages/airflow/example_dags/example_params_ui_tutorial.py took 0.130 seconds
[2023-05-14T05:58:24.487+0000] {processor.py:153} INFO - Started process (PID=15134) to work on /home/airflow/.local/lib/python3.7/site-packages/airflow/example_dags/example_params_ui_tutorial.py
[2023-05-14T05:58:24.489+0000] {processor.py:743} INFO - Processing file /home/airflow/.local/lib/python3.7/site-packages/airflow/example_dags/example_params_ui_tutorial.py for tasks to queue
[2023-05-14T05:58:24.491+0000] {logging_mixin.py:137} INFO - [2023-05-14T05:58:24.490+0000] {dagbag.py:532} INFO - Filling up the DagBag from /home/airflow/.local/lib/python3.7/site-packages/airflow/example_dags/example_params_ui_tutorial.py
[2023-05-14T05:58:24.531+0000] {processor.py:753} INFO - DAG(s) dict_keys(['example_params_ui_tutorial']) retrieved from /home/airflow/.local/lib/python3.7/site-packages/airflow/example_dags/example_params_ui_tutorial.py
[2023-05-14T05:58:24.578+0000] {logging_mixin.py:137} INFO - [2023-05-14T05:58:24.577+0000] {dag.py:2705} INFO - Sync 1 DAGs
[2023-05-14T05:58:24.607+0000] {logging_mixin.py:137} INFO - [2023-05-14T05:58:24.607+0000] {dag.py:3456} INFO - Setting next_dagrun for example_params_ui_tutorial to None, run_after=None
[2023-05-14T05:58:24.622+0000] {processor.py:175} INFO - Processing /home/airflow/.local/lib/python3.7/site-packages/airflow/example_dags/example_params_ui_tutorial.py took 0.139 seconds
[2023-05-14T05:58:54.707+0000] {processor.py:153} INFO - Started process (PID=15358) to work on /home/airflow/.local/lib/python3.7/site-packages/airflow/example_dags/example_params_ui_tutorial.py
[2023-05-14T05:58:54.709+0000] {processor.py:743} INFO - Processing file /home/airflow/.local/lib/python3.7/site-packages/airflow/example_dags/example_params_ui_tutorial.py for tasks to queue
[2023-05-14T05:58:54.710+0000] {logging_mixin.py:137} INFO - [2023-05-14T05:58:54.710+0000] {dagbag.py:532} INFO - Filling up the DagBag from /home/airflow/.local/lib/python3.7/site-packages/airflow/example_dags/example_params_ui_tutorial.py
[2023-05-14T05:58:54.748+0000] {processor.py:753} INFO - DAG(s) dict_keys(['example_params_ui_tutorial']) retrieved from /home/airflow/.local/lib/python3.7/site-packages/airflow/example_dags/example_params_ui_tutorial.py
[2023-05-14T05:58:54.793+0000] {logging_mixin.py:137} INFO - [2023-05-14T05:58:54.793+0000] {dag.py:2705} INFO - Sync 1 DAGs
[2023-05-14T05:58:54.811+0000] {logging_mixin.py:137} INFO - [2023-05-14T05:58:54.811+0000] {dag.py:3456} INFO - Setting next_dagrun for example_params_ui_tutorial to None, run_after=None
[2023-05-14T05:58:54.824+0000] {processor.py:175} INFO - Processing /home/airflow/.local/lib/python3.7/site-packages/airflow/example_dags/example_params_ui_tutorial.py took 0.120 seconds
[2023-05-14T05:59:25.161+0000] {processor.py:153} INFO - Started process (PID=15582) to work on /home/airflow/.local/lib/python3.7/site-packages/airflow/example_dags/example_params_ui_tutorial.py
[2023-05-14T05:59:25.163+0000] {processor.py:743} INFO - Processing file /home/airflow/.local/lib/python3.7/site-packages/airflow/example_dags/example_params_ui_tutorial.py for tasks to queue
[2023-05-14T05:59:25.164+0000] {logging_mixin.py:137} INFO - [2023-05-14T05:59:25.164+0000] {dagbag.py:532} INFO - Filling up the DagBag from /home/airflow/.local/lib/python3.7/site-packages/airflow/example_dags/example_params_ui_tutorial.py
[2023-05-14T05:59:25.203+0000] {processor.py:753} INFO - DAG(s) dict_keys(['example_params_ui_tutorial']) retrieved from /home/airflow/.local/lib/python3.7/site-packages/airflow/example_dags/example_params_ui_tutorial.py
[2023-05-14T05:59:25.246+0000] {logging_mixin.py:137} INFO - [2023-05-14T05:59:25.246+0000] {dag.py:2705} INFO - Sync 1 DAGs
[2023-05-14T05:59:25.265+0000] {logging_mixin.py:137} INFO - [2023-05-14T05:59:25.265+0000] {dag.py:3456} INFO - Setting next_dagrun for example_params_ui_tutorial to None, run_after=None
[2023-05-14T05:59:25.280+0000] {processor.py:175} INFO - Processing /home/airflow/.local/lib/python3.7/site-packages/airflow/example_dags/example_params_ui_tutorial.py took 0.123 seconds
[2023-05-14T05:59:55.590+0000] {processor.py:153} INFO - Started process (PID=15806) to work on /home/airflow/.local/lib/python3.7/site-packages/airflow/example_dags/example_params_ui_tutorial.py
[2023-05-14T05:59:55.593+0000] {processor.py:743} INFO - Processing file /home/airflow/.local/lib/python3.7/site-packages/airflow/example_dags/example_params_ui_tutorial.py for tasks to queue
[2023-05-14T05:59:55.594+0000] {logging_mixin.py:137} INFO - [2023-05-14T05:59:55.594+0000] {dagbag.py:532} INFO - Filling up the DagBag from /home/airflow/.local/lib/python3.7/site-packages/airflow/example_dags/example_params_ui_tutorial.py
[2023-05-14T05:59:55.636+0000] {processor.py:753} INFO - DAG(s) dict_keys(['example_params_ui_tutorial']) retrieved from /home/airflow/.local/lib/python3.7/site-packages/airflow/example_dags/example_params_ui_tutorial.py
[2023-05-14T05:59:55.685+0000] {logging_mixin.py:137} INFO - [2023-05-14T05:59:55.685+0000] {dag.py:2705} INFO - Sync 1 DAGs
[2023-05-14T05:59:55.707+0000] {logging_mixin.py:137} INFO - [2023-05-14T05:59:55.707+0000] {dag.py:3456} INFO - Setting next_dagrun for example_params_ui_tutorial to None, run_after=None
[2023-05-14T05:59:55.720+0000] {processor.py:175} INFO - Processing /home/airflow/.local/lib/python3.7/site-packages/airflow/example_dags/example_params_ui_tutorial.py took 0.133 seconds
[2023-05-14T06:00:25.850+0000] {processor.py:153} INFO - Started process (PID=16030) to work on /home/airflow/.local/lib/python3.7/site-packages/airflow/example_dags/example_params_ui_tutorial.py
[2023-05-14T06:00:25.852+0000] {processor.py:743} INFO - Processing file /home/airflow/.local/lib/python3.7/site-packages/airflow/example_dags/example_params_ui_tutorial.py for tasks to queue
[2023-05-14T06:00:25.853+0000] {logging_mixin.py:137} INFO - [2023-05-14T06:00:25.853+0000] {dagbag.py:532} INFO - Filling up the DagBag from /home/airflow/.local/lib/python3.7/site-packages/airflow/example_dags/example_params_ui_tutorial.py
[2023-05-14T06:00:25.897+0000] {processor.py:753} INFO - DAG(s) dict_keys(['example_params_ui_tutorial']) retrieved from /home/airflow/.local/lib/python3.7/site-packages/airflow/example_dags/example_params_ui_tutorial.py
[2023-05-14T06:00:25.942+0000] {logging_mixin.py:137} INFO - [2023-05-14T06:00:25.942+0000] {dag.py:2705} INFO - Sync 1 DAGs
[2023-05-14T06:00:25.959+0000] {logging_mixin.py:137} INFO - [2023-05-14T06:00:25.959+0000] {dag.py:3456} INFO - Setting next_dagrun for example_params_ui_tutorial to None, run_after=None
[2023-05-14T06:00:25.973+0000] {processor.py:175} INFO - Processing /home/airflow/.local/lib/python3.7/site-packages/airflow/example_dags/example_params_ui_tutorial.py took 0.126 seconds
[2023-05-14T06:00:56.735+0000] {processor.py:153} INFO - Started process (PID=16254) to work on /home/airflow/.local/lib/python3.7/site-packages/airflow/example_dags/example_params_ui_tutorial.py
[2023-05-14T06:00:56.737+0000] {processor.py:743} INFO - Processing file /home/airflow/.local/lib/python3.7/site-packages/airflow/example_dags/example_params_ui_tutorial.py for tasks to queue
[2023-05-14T06:00:56.738+0000] {logging_mixin.py:137} INFO - [2023-05-14T06:00:56.738+0000] {dagbag.py:532} INFO - Filling up the DagBag from /home/airflow/.local/lib/python3.7/site-packages/airflow/example_dags/example_params_ui_tutorial.py
[2023-05-14T06:00:56.782+0000] {processor.py:753} INFO - DAG(s) dict_keys(['example_params_ui_tutorial']) retrieved from /home/airflow/.local/lib/python3.7/site-packages/airflow/example_dags/example_params_ui_tutorial.py
[2023-05-14T06:00:56.841+0000] {logging_mixin.py:137} INFO - [2023-05-14T06:00:56.841+0000] {dag.py:2705} INFO - Sync 1 DAGs
[2023-05-14T06:00:56.860+0000] {logging_mixin.py:137} INFO - [2023-05-14T06:00:56.860+0000] {dag.py:3456} INFO - Setting next_dagrun for example_params_ui_tutorial to None, run_after=None
[2023-05-14T06:00:56.872+0000] {processor.py:175} INFO - Processing /home/airflow/.local/lib/python3.7/site-packages/airflow/example_dags/example_params_ui_tutorial.py took 0.140 seconds
[2023-05-14T06:01:27.377+0000] {processor.py:153} INFO - Started process (PID=16482) to work on /home/airflow/.local/lib/python3.7/site-packages/airflow/example_dags/example_params_ui_tutorial.py
[2023-05-14T06:01:27.382+0000] {processor.py:743} INFO - Processing file /home/airflow/.local/lib/python3.7/site-packages/airflow/example_dags/example_params_ui_tutorial.py for tasks to queue
[2023-05-14T06:01:27.383+0000] {logging_mixin.py:137} INFO - [2023-05-14T06:01:27.383+0000] {dagbag.py:532} INFO - Filling up the DagBag from /home/airflow/.local/lib/python3.7/site-packages/airflow/example_dags/example_params_ui_tutorial.py
[2023-05-14T06:01:27.432+0000] {processor.py:753} INFO - DAG(s) dict_keys(['example_params_ui_tutorial']) retrieved from /home/airflow/.local/lib/python3.7/site-packages/airflow/example_dags/example_params_ui_tutorial.py
[2023-05-14T06:01:27.482+0000] {logging_mixin.py:137} INFO - [2023-05-14T06:01:27.482+0000] {dag.py:2705} INFO - Sync 1 DAGs
[2023-05-14T06:01:27.503+0000] {logging_mixin.py:137} INFO - [2023-05-14T06:01:27.503+0000] {dag.py:3456} INFO - Setting next_dagrun for example_params_ui_tutorial to None, run_after=None
[2023-05-14T06:01:27.522+0000] {processor.py:175} INFO - Processing /home/airflow/.local/lib/python3.7/site-packages/airflow/example_dags/example_params_ui_tutorial.py took 0.150 seconds
[2023-05-14T06:01:57.893+0000] {processor.py:153} INFO - Started process (PID=16706) to work on /home/airflow/.local/lib/python3.7/site-packages/airflow/example_dags/example_params_ui_tutorial.py
[2023-05-14T06:01:57.895+0000] {processor.py:743} INFO - Processing file /home/airflow/.local/lib/python3.7/site-packages/airflow/example_dags/example_params_ui_tutorial.py for tasks to queue
[2023-05-14T06:01:57.897+0000] {logging_mixin.py:137} INFO - [2023-05-14T06:01:57.897+0000] {dagbag.py:532} INFO - Filling up the DagBag from /home/airflow/.local/lib/python3.7/site-packages/airflow/example_dags/example_params_ui_tutorial.py
[2023-05-14T06:01:57.938+0000] {processor.py:753} INFO - DAG(s) dict_keys(['example_params_ui_tutorial']) retrieved from /home/airflow/.local/lib/python3.7/site-packages/airflow/example_dags/example_params_ui_tutorial.py
[2023-05-14T06:01:57.986+0000] {logging_mixin.py:137} INFO - [2023-05-14T06:01:57.985+0000] {dag.py:2705} INFO - Sync 1 DAGs
[2023-05-14T06:01:58.008+0000] {logging_mixin.py:137} INFO - [2023-05-14T06:01:58.008+0000] {dag.py:3456} INFO - Setting next_dagrun for example_params_ui_tutorial to None, run_after=None
[2023-05-14T06:01:58.021+0000] {processor.py:175} INFO - Processing /home/airflow/.local/lib/python3.7/site-packages/airflow/example_dags/example_params_ui_tutorial.py took 0.131 seconds
[2023-05-14T06:02:28.307+0000] {processor.py:153} INFO - Started process (PID=16941) to work on /home/airflow/.local/lib/python3.7/site-packages/airflow/example_dags/example_params_ui_tutorial.py
[2023-05-14T06:02:28.310+0000] {processor.py:743} INFO - Processing file /home/airflow/.local/lib/python3.7/site-packages/airflow/example_dags/example_params_ui_tutorial.py for tasks to queue
[2023-05-14T06:02:28.311+0000] {logging_mixin.py:137} INFO - [2023-05-14T06:02:28.311+0000] {dagbag.py:532} INFO - Filling up the DagBag from /home/airflow/.local/lib/python3.7/site-packages/airflow/example_dags/example_params_ui_tutorial.py
[2023-05-14T06:02:28.350+0000] {processor.py:753} INFO - DAG(s) dict_keys(['example_params_ui_tutorial']) retrieved from /home/airflow/.local/lib/python3.7/site-packages/airflow/example_dags/example_params_ui_tutorial.py
[2023-05-14T06:02:28.418+0000] {logging_mixin.py:137} INFO - [2023-05-14T06:02:28.418+0000] {dag.py:2705} INFO - Sync 1 DAGs
[2023-05-14T06:02:28.448+0000] {logging_mixin.py:137} INFO - [2023-05-14T06:02:28.448+0000] {dag.py:3456} INFO - Setting next_dagrun for example_params_ui_tutorial to None, run_after=None
[2023-05-14T06:02:28.462+0000] {processor.py:175} INFO - Processing /home/airflow/.local/lib/python3.7/site-packages/airflow/example_dags/example_params_ui_tutorial.py took 0.158 seconds
[2023-05-14T06:02:58.931+0000] {processor.py:153} INFO - Started process (PID=17163) to work on /home/airflow/.local/lib/python3.7/site-packages/airflow/example_dags/example_params_ui_tutorial.py
[2023-05-14T06:02:58.933+0000] {processor.py:743} INFO - Processing file /home/airflow/.local/lib/python3.7/site-packages/airflow/example_dags/example_params_ui_tutorial.py for tasks to queue
[2023-05-14T06:02:58.934+0000] {logging_mixin.py:137} INFO - [2023-05-14T06:02:58.934+0000] {dagbag.py:532} INFO - Filling up the DagBag from /home/airflow/.local/lib/python3.7/site-packages/airflow/example_dags/example_params_ui_tutorial.py
[2023-05-14T06:02:58.981+0000] {processor.py:753} INFO - DAG(s) dict_keys(['example_params_ui_tutorial']) retrieved from /home/airflow/.local/lib/python3.7/site-packages/airflow/example_dags/example_params_ui_tutorial.py
[2023-05-14T06:02:59.024+0000] {logging_mixin.py:137} INFO - [2023-05-14T06:02:59.024+0000] {dag.py:2705} INFO - Sync 1 DAGs
[2023-05-14T06:02:59.046+0000] {logging_mixin.py:137} INFO - [2023-05-14T06:02:59.045+0000] {dag.py:3456} INFO - Setting next_dagrun for example_params_ui_tutorial to None, run_after=None
[2023-05-14T06:02:59.060+0000] {processor.py:175} INFO - Processing /home/airflow/.local/lib/python3.7/site-packages/airflow/example_dags/example_params_ui_tutorial.py took 0.132 seconds
[2023-05-14T06:03:29.325+0000] {processor.py:153} INFO - Started process (PID=17390) to work on /home/airflow/.local/lib/python3.7/site-packages/airflow/example_dags/example_params_ui_tutorial.py
[2023-05-14T06:03:29.327+0000] {processor.py:743} INFO - Processing file /home/airflow/.local/lib/python3.7/site-packages/airflow/example_dags/example_params_ui_tutorial.py for tasks to queue
[2023-05-14T06:03:29.329+0000] {logging_mixin.py:137} INFO - [2023-05-14T06:03:29.329+0000] {dagbag.py:532} INFO - Filling up the DagBag from /home/airflow/.local/lib/python3.7/site-packages/airflow/example_dags/example_params_ui_tutorial.py
[2023-05-14T06:03:29.370+0000] {processor.py:753} INFO - DAG(s) dict_keys(['example_params_ui_tutorial']) retrieved from /home/airflow/.local/lib/python3.7/site-packages/airflow/example_dags/example_params_ui_tutorial.py
[2023-05-14T06:03:29.412+0000] {logging_mixin.py:137} INFO - [2023-05-14T06:03:29.412+0000] {dag.py:2705} INFO - Sync 1 DAGs
[2023-05-14T06:03:29.431+0000] {logging_mixin.py:137} INFO - [2023-05-14T06:03:29.431+0000] {dag.py:3456} INFO - Setting next_dagrun for example_params_ui_tutorial to None, run_after=None
[2023-05-14T06:03:29.445+0000] {processor.py:175} INFO - Processing /home/airflow/.local/lib/python3.7/site-packages/airflow/example_dags/example_params_ui_tutorial.py took 0.125 seconds
[2023-05-14T06:04:00.153+0000] {processor.py:153} INFO - Started process (PID=17619) to work on /home/airflow/.local/lib/python3.7/site-packages/airflow/example_dags/example_params_ui_tutorial.py
[2023-05-14T06:04:00.156+0000] {processor.py:743} INFO - Processing file /home/airflow/.local/lib/python3.7/site-packages/airflow/example_dags/example_params_ui_tutorial.py for tasks to queue
[2023-05-14T06:04:00.158+0000] {logging_mixin.py:137} INFO - [2023-05-14T06:04:00.158+0000] {dagbag.py:532} INFO - Filling up the DagBag from /home/airflow/.local/lib/python3.7/site-packages/airflow/example_dags/example_params_ui_tutorial.py
[2023-05-14T06:04:00.220+0000] {processor.py:753} INFO - DAG(s) dict_keys(['example_params_ui_tutorial']) retrieved from /home/airflow/.local/lib/python3.7/site-packages/airflow/example_dags/example_params_ui_tutorial.py
[2023-05-14T06:04:00.264+0000] {logging_mixin.py:137} INFO - [2023-05-14T06:04:00.264+0000] {dag.py:2705} INFO - Sync 1 DAGs
[2023-05-14T06:04:00.289+0000] {logging_mixin.py:137} INFO - [2023-05-14T06:04:00.289+0000] {dag.py:3456} INFO - Setting next_dagrun for example_params_ui_tutorial to None, run_after=None
[2023-05-14T06:04:00.303+0000] {processor.py:175} INFO - Processing /home/airflow/.local/lib/python3.7/site-packages/airflow/example_dags/example_params_ui_tutorial.py took 0.153 seconds
[2023-05-14T06:04:30.459+0000] {processor.py:153} INFO - Started process (PID=17843) to work on /home/airflow/.local/lib/python3.7/site-packages/airflow/example_dags/example_params_ui_tutorial.py
[2023-05-14T06:04:30.466+0000] {processor.py:743} INFO - Processing file /home/airflow/.local/lib/python3.7/site-packages/airflow/example_dags/example_params_ui_tutorial.py for tasks to queue
[2023-05-14T06:04:30.470+0000] {logging_mixin.py:137} INFO - [2023-05-14T06:04:30.470+0000] {dagbag.py:532} INFO - Filling up the DagBag from /home/airflow/.local/lib/python3.7/site-packages/airflow/example_dags/example_params_ui_tutorial.py
[2023-05-14T06:04:30.518+0000] {processor.py:753} INFO - DAG(s) dict_keys(['example_params_ui_tutorial']) retrieved from /home/airflow/.local/lib/python3.7/site-packages/airflow/example_dags/example_params_ui_tutorial.py
[2023-05-14T06:04:30.567+0000] {logging_mixin.py:137} INFO - [2023-05-14T06:04:30.567+0000] {dag.py:2705} INFO - Sync 1 DAGs
[2023-05-14T06:04:30.586+0000] {logging_mixin.py:137} INFO - [2023-05-14T06:04:30.586+0000] {dag.py:3456} INFO - Setting next_dagrun for example_params_ui_tutorial to None, run_after=None
[2023-05-14T06:04:30.599+0000] {processor.py:175} INFO - Processing /home/airflow/.local/lib/python3.7/site-packages/airflow/example_dags/example_params_ui_tutorial.py took 0.143 seconds
[2023-05-14T06:05:00.712+0000] {processor.py:153} INFO - Started process (PID=18069) to work on /home/airflow/.local/lib/python3.7/site-packages/airflow/example_dags/example_params_ui_tutorial.py
[2023-05-14T06:05:00.714+0000] {processor.py:743} INFO - Processing file /home/airflow/.local/lib/python3.7/site-packages/airflow/example_dags/example_params_ui_tutorial.py for tasks to queue
[2023-05-14T06:05:00.716+0000] {logging_mixin.py:137} INFO - [2023-05-14T06:05:00.715+0000] {dagbag.py:532} INFO - Filling up the DagBag from /home/airflow/.local/lib/python3.7/site-packages/airflow/example_dags/example_params_ui_tutorial.py
[2023-05-14T06:05:00.760+0000] {processor.py:753} INFO - DAG(s) dict_keys(['example_params_ui_tutorial']) retrieved from /home/airflow/.local/lib/python3.7/site-packages/airflow/example_dags/example_params_ui_tutorial.py
[2023-05-14T06:05:00.804+0000] {logging_mixin.py:137} INFO - [2023-05-14T06:05:00.804+0000] {dag.py:2705} INFO - Sync 1 DAGs
[2023-05-14T06:05:00.824+0000] {logging_mixin.py:137} INFO - [2023-05-14T06:05:00.823+0000] {dag.py:3456} INFO - Setting next_dagrun for example_params_ui_tutorial to None, run_after=None
[2023-05-14T06:05:00.845+0000] {processor.py:175} INFO - Processing /home/airflow/.local/lib/python3.7/site-packages/airflow/example_dags/example_params_ui_tutorial.py took 0.138 seconds
[2023-05-14T06:05:31.581+0000] {processor.py:153} INFO - Started process (PID=18293) to work on /home/airflow/.local/lib/python3.7/site-packages/airflow/example_dags/example_params_ui_tutorial.py
[2023-05-14T06:05:31.583+0000] {processor.py:743} INFO - Processing file /home/airflow/.local/lib/python3.7/site-packages/airflow/example_dags/example_params_ui_tutorial.py for tasks to queue
[2023-05-14T06:05:31.584+0000] {logging_mixin.py:137} INFO - [2023-05-14T06:05:31.584+0000] {dagbag.py:532} INFO - Filling up the DagBag from /home/airflow/.local/lib/python3.7/site-packages/airflow/example_dags/example_params_ui_tutorial.py
[2023-05-14T06:05:31.620+0000] {processor.py:753} INFO - DAG(s) dict_keys(['example_params_ui_tutorial']) retrieved from /home/airflow/.local/lib/python3.7/site-packages/airflow/example_dags/example_params_ui_tutorial.py
[2023-05-14T06:05:31.660+0000] {logging_mixin.py:137} INFO - [2023-05-14T06:05:31.660+0000] {dag.py:2705} INFO - Sync 1 DAGs
[2023-05-14T06:05:31.677+0000] {logging_mixin.py:137} INFO - [2023-05-14T06:05:31.677+0000] {dag.py:3456} INFO - Setting next_dagrun for example_params_ui_tutorial to None, run_after=None
[2023-05-14T06:05:31.689+0000] {processor.py:175} INFO - Processing /home/airflow/.local/lib/python3.7/site-packages/airflow/example_dags/example_params_ui_tutorial.py took 0.110 seconds
[2023-05-14T06:06:01.787+0000] {processor.py:153} INFO - Started process (PID=18516) to work on /home/airflow/.local/lib/python3.7/site-packages/airflow/example_dags/example_params_ui_tutorial.py
[2023-05-14T06:06:01.791+0000] {processor.py:743} INFO - Processing file /home/airflow/.local/lib/python3.7/site-packages/airflow/example_dags/example_params_ui_tutorial.py for tasks to queue
[2023-05-14T06:06:01.792+0000] {logging_mixin.py:137} INFO - [2023-05-14T06:06:01.792+0000] {dagbag.py:532} INFO - Filling up the DagBag from /home/airflow/.local/lib/python3.7/site-packages/airflow/example_dags/example_params_ui_tutorial.py
[2023-05-14T06:06:01.861+0000] {processor.py:753} INFO - DAG(s) dict_keys(['example_params_ui_tutorial']) retrieved from /home/airflow/.local/lib/python3.7/site-packages/airflow/example_dags/example_params_ui_tutorial.py
[2023-05-14T06:06:01.922+0000] {logging_mixin.py:137} INFO - [2023-05-14T06:06:01.921+0000] {dag.py:2705} INFO - Sync 1 DAGs
[2023-05-14T06:06:01.948+0000] {logging_mixin.py:137} INFO - [2023-05-14T06:06:01.947+0000] {dag.py:3456} INFO - Setting next_dagrun for example_params_ui_tutorial to None, run_after=None
[2023-05-14T06:06:01.969+0000] {processor.py:175} INFO - Processing /home/airflow/.local/lib/python3.7/site-packages/airflow/example_dags/example_params_ui_tutorial.py took 0.186 seconds
[2023-05-14T06:06:32.305+0000] {processor.py:153} INFO - Started process (PID=18740) to work on /home/airflow/.local/lib/python3.7/site-packages/airflow/example_dags/example_params_ui_tutorial.py
[2023-05-14T06:06:32.308+0000] {processor.py:743} INFO - Processing file /home/airflow/.local/lib/python3.7/site-packages/airflow/example_dags/example_params_ui_tutorial.py for tasks to queue
[2023-05-14T06:06:32.309+0000] {logging_mixin.py:137} INFO - [2023-05-14T06:06:32.309+0000] {dagbag.py:532} INFO - Filling up the DagBag from /home/airflow/.local/lib/python3.7/site-packages/airflow/example_dags/example_params_ui_tutorial.py
[2023-05-14T06:06:32.352+0000] {processor.py:753} INFO - DAG(s) dict_keys(['example_params_ui_tutorial']) retrieved from /home/airflow/.local/lib/python3.7/site-packages/airflow/example_dags/example_params_ui_tutorial.py
[2023-05-14T06:06:32.393+0000] {logging_mixin.py:137} INFO - [2023-05-14T06:06:32.393+0000] {dag.py:2705} INFO - Sync 1 DAGs
[2023-05-14T06:06:32.410+0000] {logging_mixin.py:137} INFO - [2023-05-14T06:06:32.410+0000] {dag.py:3456} INFO - Setting next_dagrun for example_params_ui_tutorial to None, run_after=None
[2023-05-14T06:06:32.424+0000] {processor.py:175} INFO - Processing /home/airflow/.local/lib/python3.7/site-packages/airflow/example_dags/example_params_ui_tutorial.py took 0.123 seconds
[2023-05-14T06:07:02.706+0000] {processor.py:153} INFO - Started process (PID=18964) to work on /home/airflow/.local/lib/python3.7/site-packages/airflow/example_dags/example_params_ui_tutorial.py
[2023-05-14T06:07:02.708+0000] {processor.py:743} INFO - Processing file /home/airflow/.local/lib/python3.7/site-packages/airflow/example_dags/example_params_ui_tutorial.py for tasks to queue
[2023-05-14T06:07:02.709+0000] {logging_mixin.py:137} INFO - [2023-05-14T06:07:02.709+0000] {dagbag.py:532} INFO - Filling up the DagBag from /home/airflow/.local/lib/python3.7/site-packages/airflow/example_dags/example_params_ui_tutorial.py
[2023-05-14T06:07:02.753+0000] {processor.py:753} INFO - DAG(s) dict_keys(['example_params_ui_tutorial']) retrieved from /home/airflow/.local/lib/python3.7/site-packages/airflow/example_dags/example_params_ui_tutorial.py
[2023-05-14T06:07:02.796+0000] {logging_mixin.py:137} INFO - [2023-05-14T06:07:02.796+0000] {dag.py:2705} INFO - Sync 1 DAGs
[2023-05-14T06:07:02.816+0000] {logging_mixin.py:137} INFO - [2023-05-14T06:07:02.815+0000] {dag.py:3456} INFO - Setting next_dagrun for example_params_ui_tutorial to None, run_after=None
[2023-05-14T06:07:02.828+0000] {processor.py:175} INFO - Processing /home/airflow/.local/lib/python3.7/site-packages/airflow/example_dags/example_params_ui_tutorial.py took 0.126 seconds
