[2023-05-14T00:21:06.841+0000] {processor.py:153} INFO - Started process (PID=2898) to work on /home/airflow/.local/lib/python3.7/site-packages/airflow/example_dags/example_time_delta_sensor_async.py
[2023-05-14T00:21:06.843+0000] {processor.py:743} INFO - Processing file /home/airflow/.local/lib/python3.7/site-packages/airflow/example_dags/example_time_delta_sensor_async.py for tasks to queue
[2023-05-14T00:21:06.845+0000] {logging_mixin.py:137} INFO - [2023-05-14T00:21:06.845+0000] {dagbag.py:532} INFO - Filling up the DagBag from /home/airflow/.local/lib/python3.7/site-packages/airflow/example_dags/example_time_delta_sensor_async.py
[2023-05-14T00:21:06.855+0000] {processor.py:753} INFO - DAG(s) dict_keys(['example_time_delta_sensor_async']) retrieved from /home/airflow/.local/lib/python3.7/site-packages/airflow/example_dags/example_time_delta_sensor_async.py
[2023-05-14T00:21:06.877+0000] {logging_mixin.py:137} INFO - [2023-05-14T00:21:06.877+0000] {dag.py:2705} INFO - Sync 1 DAGs
[2023-05-14T00:21:06.897+0000] {logging_mixin.py:137} INFO - [2023-05-14T00:21:06.897+0000] {dag.py:3456} INFO - Setting next_dagrun for example_time_delta_sensor_async to None, run_after=None
[2023-05-14T00:21:06.912+0000] {processor.py:175} INFO - Processing /home/airflow/.local/lib/python3.7/site-packages/airflow/example_dags/example_time_delta_sensor_async.py took 0.075 seconds
[2023-05-14T01:15:58.449+0000] {processor.py:153} INFO - Started process (PID=3122) to work on /home/airflow/.local/lib/python3.7/site-packages/airflow/example_dags/example_time_delta_sensor_async.py
[2023-05-14T01:15:58.451+0000] {processor.py:743} INFO - Processing file /home/airflow/.local/lib/python3.7/site-packages/airflow/example_dags/example_time_delta_sensor_async.py for tasks to queue
[2023-05-14T01:15:58.453+0000] {logging_mixin.py:137} INFO - [2023-05-14T01:15:58.453+0000] {dagbag.py:532} INFO - Filling up the DagBag from /home/airflow/.local/lib/python3.7/site-packages/airflow/example_dags/example_time_delta_sensor_async.py
[2023-05-14T01:15:58.464+0000] {processor.py:753} INFO - DAG(s) dict_keys(['example_time_delta_sensor_async']) retrieved from /home/airflow/.local/lib/python3.7/site-packages/airflow/example_dags/example_time_delta_sensor_async.py
[2023-05-14T01:15:58.495+0000] {logging_mixin.py:137} INFO - [2023-05-14T01:15:58.495+0000] {dag.py:2705} INFO - Sync 1 DAGs
[2023-05-14T01:15:58.518+0000] {logging_mixin.py:137} INFO - [2023-05-14T01:15:58.518+0000] {dag.py:3456} INFO - Setting next_dagrun for example_time_delta_sensor_async to None, run_after=None
[2023-05-14T01:15:58.543+0000] {processor.py:175} INFO - Processing /home/airflow/.local/lib/python3.7/site-packages/airflow/example_dags/example_time_delta_sensor_async.py took 0.099 seconds
[2023-05-14T02:15:37.939+0000] {processor.py:153} INFO - Started process (PID=3345) to work on /home/airflow/.local/lib/python3.7/site-packages/airflow/example_dags/example_time_delta_sensor_async.py
[2023-05-14T02:15:37.941+0000] {processor.py:743} INFO - Processing file /home/airflow/.local/lib/python3.7/site-packages/airflow/example_dags/example_time_delta_sensor_async.py for tasks to queue
[2023-05-14T02:15:37.960+0000] {logging_mixin.py:137} INFO - [2023-05-14T02:15:37.960+0000] {dagbag.py:532} INFO - Filling up the DagBag from /home/airflow/.local/lib/python3.7/site-packages/airflow/example_dags/example_time_delta_sensor_async.py
[2023-05-14T02:15:37.973+0000] {processor.py:753} INFO - DAG(s) dict_keys(['example_time_delta_sensor_async']) retrieved from /home/airflow/.local/lib/python3.7/site-packages/airflow/example_dags/example_time_delta_sensor_async.py
[2023-05-14T02:15:38.244+0000] {logging_mixin.py:137} INFO - [2023-05-14T02:15:38.244+0000] {dag.py:2705} INFO - Sync 1 DAGs
[2023-05-14T02:15:38.282+0000] {logging_mixin.py:137} INFO - [2023-05-14T02:15:38.282+0000] {dag.py:3456} INFO - Setting next_dagrun for example_time_delta_sensor_async to None, run_after=None
[2023-05-14T02:15:38.340+0000] {processor.py:175} INFO - Processing /home/airflow/.local/lib/python3.7/site-packages/airflow/example_dags/example_time_delta_sensor_async.py took 0.405 seconds
[2023-05-14T02:41:29.151+0000] {processor.py:153} INFO - Started process (PID=3568) to work on /home/airflow/.local/lib/python3.7/site-packages/airflow/example_dags/example_time_delta_sensor_async.py
[2023-05-14T02:41:29.153+0000] {processor.py:743} INFO - Processing file /home/airflow/.local/lib/python3.7/site-packages/airflow/example_dags/example_time_delta_sensor_async.py for tasks to queue
[2023-05-14T02:41:29.158+0000] {logging_mixin.py:137} INFO - [2023-05-14T02:41:29.158+0000] {dagbag.py:532} INFO - Filling up the DagBag from /home/airflow/.local/lib/python3.7/site-packages/airflow/example_dags/example_time_delta_sensor_async.py
[2023-05-14T02:41:29.170+0000] {processor.py:753} INFO - DAG(s) dict_keys(['example_time_delta_sensor_async']) retrieved from /home/airflow/.local/lib/python3.7/site-packages/airflow/example_dags/example_time_delta_sensor_async.py
[2023-05-14T02:41:29.194+0000] {logging_mixin.py:137} INFO - [2023-05-14T02:41:29.193+0000] {dag.py:2705} INFO - Sync 1 DAGs
[2023-05-14T02:41:29.214+0000] {logging_mixin.py:137} INFO - [2023-05-14T02:41:29.214+0000] {dag.py:3456} INFO - Setting next_dagrun for example_time_delta_sensor_async to None, run_after=None
[2023-05-14T02:41:29.229+0000] {processor.py:175} INFO - Processing /home/airflow/.local/lib/python3.7/site-packages/airflow/example_dags/example_time_delta_sensor_async.py took 0.081 seconds
[2023-05-14T02:54:56.514+0000] {processor.py:153} INFO - Started process (PID=3791) to work on /home/airflow/.local/lib/python3.7/site-packages/airflow/example_dags/example_time_delta_sensor_async.py
[2023-05-14T02:54:56.516+0000] {processor.py:743} INFO - Processing file /home/airflow/.local/lib/python3.7/site-packages/airflow/example_dags/example_time_delta_sensor_async.py for tasks to queue
[2023-05-14T02:54:56.517+0000] {logging_mixin.py:137} INFO - [2023-05-14T02:54:56.517+0000] {dagbag.py:532} INFO - Filling up the DagBag from /home/airflow/.local/lib/python3.7/site-packages/airflow/example_dags/example_time_delta_sensor_async.py
[2023-05-14T02:54:56.526+0000] {processor.py:753} INFO - DAG(s) dict_keys(['example_time_delta_sensor_async']) retrieved from /home/airflow/.local/lib/python3.7/site-packages/airflow/example_dags/example_time_delta_sensor_async.py
[2023-05-14T02:54:56.549+0000] {logging_mixin.py:137} INFO - [2023-05-14T02:54:56.549+0000] {dag.py:2705} INFO - Sync 1 DAGs
[2023-05-14T02:54:56.567+0000] {logging_mixin.py:137} INFO - [2023-05-14T02:54:56.567+0000] {dag.py:3456} INFO - Setting next_dagrun for example_time_delta_sensor_async to None, run_after=None
[2023-05-14T02:54:56.582+0000] {processor.py:175} INFO - Processing /home/airflow/.local/lib/python3.7/site-packages/airflow/example_dags/example_time_delta_sensor_async.py took 0.071 seconds
[2023-05-14T02:59:01.467+0000] {processor.py:153} INFO - Started process (PID=4016) to work on /home/airflow/.local/lib/python3.7/site-packages/airflow/example_dags/example_time_delta_sensor_async.py
[2023-05-14T02:59:01.468+0000] {processor.py:743} INFO - Processing file /home/airflow/.local/lib/python3.7/site-packages/airflow/example_dags/example_time_delta_sensor_async.py for tasks to queue
[2023-05-14T02:59:01.470+0000] {logging_mixin.py:137} INFO - [2023-05-14T02:59:01.469+0000] {dagbag.py:532} INFO - Filling up the DagBag from /home/airflow/.local/lib/python3.7/site-packages/airflow/example_dags/example_time_delta_sensor_async.py
[2023-05-14T02:59:01.479+0000] {processor.py:753} INFO - DAG(s) dict_keys(['example_time_delta_sensor_async']) retrieved from /home/airflow/.local/lib/python3.7/site-packages/airflow/example_dags/example_time_delta_sensor_async.py
[2023-05-14T02:59:01.502+0000] {logging_mixin.py:137} INFO - [2023-05-14T02:59:01.502+0000] {dag.py:2705} INFO - Sync 1 DAGs
[2023-05-14T02:59:01.522+0000] {logging_mixin.py:137} INFO - [2023-05-14T02:59:01.522+0000] {dag.py:3456} INFO - Setting next_dagrun for example_time_delta_sensor_async to None, run_after=None
[2023-05-14T02:59:01.536+0000] {processor.py:175} INFO - Processing /home/airflow/.local/lib/python3.7/site-packages/airflow/example_dags/example_time_delta_sensor_async.py took 0.072 seconds
[2023-05-14T02:59:32.508+0000] {processor.py:153} INFO - Started process (PID=4238) to work on /home/airflow/.local/lib/python3.7/site-packages/airflow/example_dags/example_time_delta_sensor_async.py
[2023-05-14T02:59:32.510+0000] {processor.py:743} INFO - Processing file /home/airflow/.local/lib/python3.7/site-packages/airflow/example_dags/example_time_delta_sensor_async.py for tasks to queue
[2023-05-14T02:59:32.511+0000] {logging_mixin.py:137} INFO - [2023-05-14T02:59:32.511+0000] {dagbag.py:532} INFO - Filling up the DagBag from /home/airflow/.local/lib/python3.7/site-packages/airflow/example_dags/example_time_delta_sensor_async.py
[2023-05-14T02:59:32.520+0000] {processor.py:753} INFO - DAG(s) dict_keys(['example_time_delta_sensor_async']) retrieved from /home/airflow/.local/lib/python3.7/site-packages/airflow/example_dags/example_time_delta_sensor_async.py
[2023-05-14T02:59:32.543+0000] {logging_mixin.py:137} INFO - [2023-05-14T02:59:32.543+0000] {dag.py:2705} INFO - Sync 1 DAGs
[2023-05-14T02:59:32.563+0000] {logging_mixin.py:137} INFO - [2023-05-14T02:59:32.563+0000] {dag.py:3456} INFO - Setting next_dagrun for example_time_delta_sensor_async to None, run_after=None
[2023-05-14T02:59:32.575+0000] {processor.py:175} INFO - Processing /home/airflow/.local/lib/python3.7/site-packages/airflow/example_dags/example_time_delta_sensor_async.py took 0.070 seconds
[2023-05-14T03:16:07.798+0000] {processor.py:153} INFO - Started process (PID=4461) to work on /home/airflow/.local/lib/python3.7/site-packages/airflow/example_dags/example_time_delta_sensor_async.py
[2023-05-14T03:16:07.800+0000] {processor.py:743} INFO - Processing file /home/airflow/.local/lib/python3.7/site-packages/airflow/example_dags/example_time_delta_sensor_async.py for tasks to queue
[2023-05-14T03:16:07.801+0000] {logging_mixin.py:137} INFO - [2023-05-14T03:16:07.801+0000] {dagbag.py:532} INFO - Filling up the DagBag from /home/airflow/.local/lib/python3.7/site-packages/airflow/example_dags/example_time_delta_sensor_async.py
[2023-05-14T03:16:07.811+0000] {processor.py:753} INFO - DAG(s) dict_keys(['example_time_delta_sensor_async']) retrieved from /home/airflow/.local/lib/python3.7/site-packages/airflow/example_dags/example_time_delta_sensor_async.py
[2023-05-14T03:16:07.834+0000] {logging_mixin.py:137} INFO - [2023-05-14T03:16:07.834+0000] {dag.py:2705} INFO - Sync 1 DAGs
[2023-05-14T03:16:07.852+0000] {logging_mixin.py:137} INFO - [2023-05-14T03:16:07.852+0000] {dag.py:3456} INFO - Setting next_dagrun for example_time_delta_sensor_async to None, run_after=None
[2023-05-14T03:16:07.867+0000] {processor.py:175} INFO - Processing /home/airflow/.local/lib/python3.7/site-packages/airflow/example_dags/example_time_delta_sensor_async.py took 0.073 seconds
[2023-05-14T04:20:57.626+0000] {processor.py:153} INFO - Started process (PID=4684) to work on /home/airflow/.local/lib/python3.7/site-packages/airflow/example_dags/example_time_delta_sensor_async.py
[2023-05-14T04:20:57.629+0000] {processor.py:743} INFO - Processing file /home/airflow/.local/lib/python3.7/site-packages/airflow/example_dags/example_time_delta_sensor_async.py for tasks to queue
[2023-05-14T04:20:57.630+0000] {logging_mixin.py:137} INFO - [2023-05-14T04:20:57.630+0000] {dagbag.py:532} INFO - Filling up the DagBag from /home/airflow/.local/lib/python3.7/site-packages/airflow/example_dags/example_time_delta_sensor_async.py
[2023-05-14T04:20:57.641+0000] {processor.py:753} INFO - DAG(s) dict_keys(['example_time_delta_sensor_async']) retrieved from /home/airflow/.local/lib/python3.7/site-packages/airflow/example_dags/example_time_delta_sensor_async.py
[2023-05-14T04:20:57.667+0000] {logging_mixin.py:137} INFO - [2023-05-14T04:20:57.667+0000] {dag.py:2705} INFO - Sync 1 DAGs
[2023-05-14T04:20:57.690+0000] {logging_mixin.py:137} INFO - [2023-05-14T04:20:57.690+0000] {dag.py:3456} INFO - Setting next_dagrun for example_time_delta_sensor_async to None, run_after=None
[2023-05-14T04:20:57.707+0000] {processor.py:175} INFO - Processing /home/airflow/.local/lib/python3.7/site-packages/airflow/example_dags/example_time_delta_sensor_async.py took 0.085 seconds
[2023-05-14T05:35:31.463+0000] {processor.py:153} INFO - Started process (PID=4907) to work on /home/airflow/.local/lib/python3.7/site-packages/airflow/example_dags/example_time_delta_sensor_async.py
[2023-05-14T05:35:31.465+0000] {processor.py:743} INFO - Processing file /home/airflow/.local/lib/python3.7/site-packages/airflow/example_dags/example_time_delta_sensor_async.py for tasks to queue
[2023-05-14T05:35:31.467+0000] {logging_mixin.py:137} INFO - [2023-05-14T05:35:31.466+0000] {dagbag.py:532} INFO - Filling up the DagBag from /home/airflow/.local/lib/python3.7/site-packages/airflow/example_dags/example_time_delta_sensor_async.py
[2023-05-14T05:35:31.476+0000] {processor.py:753} INFO - DAG(s) dict_keys(['example_time_delta_sensor_async']) retrieved from /home/airflow/.local/lib/python3.7/site-packages/airflow/example_dags/example_time_delta_sensor_async.py
[2023-05-14T05:35:31.498+0000] {logging_mixin.py:137} INFO - [2023-05-14T05:35:31.498+0000] {dag.py:2705} INFO - Sync 1 DAGs
[2023-05-14T05:35:31.516+0000] {logging_mixin.py:137} INFO - [2023-05-14T05:35:31.516+0000] {dag.py:3456} INFO - Setting next_dagrun for example_time_delta_sensor_async to None, run_after=None
[2023-05-14T05:35:31.531+0000] {processor.py:175} INFO - Processing /home/airflow/.local/lib/python3.7/site-packages/airflow/example_dags/example_time_delta_sensor_async.py took 0.071 seconds
[2023-05-14T05:36:01.736+0000] {processor.py:153} INFO - Started process (PID=5130) to work on /home/airflow/.local/lib/python3.7/site-packages/airflow/example_dags/example_time_delta_sensor_async.py
[2023-05-14T05:36:01.738+0000] {processor.py:743} INFO - Processing file /home/airflow/.local/lib/python3.7/site-packages/airflow/example_dags/example_time_delta_sensor_async.py for tasks to queue
[2023-05-14T05:36:01.742+0000] {logging_mixin.py:137} INFO - [2023-05-14T05:36:01.742+0000] {dagbag.py:532} INFO - Filling up the DagBag from /home/airflow/.local/lib/python3.7/site-packages/airflow/example_dags/example_time_delta_sensor_async.py
[2023-05-14T05:36:01.753+0000] {processor.py:753} INFO - DAG(s) dict_keys(['example_time_delta_sensor_async']) retrieved from /home/airflow/.local/lib/python3.7/site-packages/airflow/example_dags/example_time_delta_sensor_async.py
[2023-05-14T05:36:01.778+0000] {logging_mixin.py:137} INFO - [2023-05-14T05:36:01.778+0000] {dag.py:2705} INFO - Sync 1 DAGs
[2023-05-14T05:36:01.795+0000] {logging_mixin.py:137} INFO - [2023-05-14T05:36:01.795+0000] {dag.py:3456} INFO - Setting next_dagrun for example_time_delta_sensor_async to None, run_after=None
[2023-05-14T05:36:01.810+0000] {processor.py:175} INFO - Processing /home/airflow/.local/lib/python3.7/site-packages/airflow/example_dags/example_time_delta_sensor_async.py took 0.077 seconds
[2023-05-14T05:36:33.484+0000] {processor.py:153} INFO - Started process (PID=5354) to work on /home/airflow/.local/lib/python3.7/site-packages/airflow/example_dags/example_time_delta_sensor_async.py
[2023-05-14T05:36:33.487+0000] {processor.py:743} INFO - Processing file /home/airflow/.local/lib/python3.7/site-packages/airflow/example_dags/example_time_delta_sensor_async.py for tasks to queue
[2023-05-14T05:36:33.491+0000] {logging_mixin.py:137} INFO - [2023-05-14T05:36:33.491+0000] {dagbag.py:532} INFO - Filling up the DagBag from /home/airflow/.local/lib/python3.7/site-packages/airflow/example_dags/example_time_delta_sensor_async.py
[2023-05-14T05:36:33.506+0000] {processor.py:753} INFO - DAG(s) dict_keys(['example_time_delta_sensor_async']) retrieved from /home/airflow/.local/lib/python3.7/site-packages/airflow/example_dags/example_time_delta_sensor_async.py
[2023-05-14T05:36:33.540+0000] {logging_mixin.py:137} INFO - [2023-05-14T05:36:33.540+0000] {dag.py:2705} INFO - Sync 1 DAGs
[2023-05-14T05:36:33.562+0000] {logging_mixin.py:137} INFO - [2023-05-14T05:36:33.562+0000] {dag.py:3456} INFO - Setting next_dagrun for example_time_delta_sensor_async to None, run_after=None
[2023-05-14T05:36:33.593+0000] {processor.py:175} INFO - Processing /home/airflow/.local/lib/python3.7/site-packages/airflow/example_dags/example_time_delta_sensor_async.py took 0.113 seconds
[2023-05-14T05:37:03.709+0000] {processor.py:153} INFO - Started process (PID=5577) to work on /home/airflow/.local/lib/python3.7/site-packages/airflow/example_dags/example_time_delta_sensor_async.py
[2023-05-14T05:37:03.711+0000] {processor.py:743} INFO - Processing file /home/airflow/.local/lib/python3.7/site-packages/airflow/example_dags/example_time_delta_sensor_async.py for tasks to queue
[2023-05-14T05:37:03.716+0000] {logging_mixin.py:137} INFO - [2023-05-14T05:37:03.716+0000] {dagbag.py:532} INFO - Filling up the DagBag from /home/airflow/.local/lib/python3.7/site-packages/airflow/example_dags/example_time_delta_sensor_async.py
[2023-05-14T05:37:03.726+0000] {processor.py:753} INFO - DAG(s) dict_keys(['example_time_delta_sensor_async']) retrieved from /home/airflow/.local/lib/python3.7/site-packages/airflow/example_dags/example_time_delta_sensor_async.py
[2023-05-14T05:37:03.751+0000] {logging_mixin.py:137} INFO - [2023-05-14T05:37:03.751+0000] {dag.py:2705} INFO - Sync 1 DAGs
[2023-05-14T05:37:03.769+0000] {logging_mixin.py:137} INFO - [2023-05-14T05:37:03.769+0000] {dag.py:3456} INFO - Setting next_dagrun for example_time_delta_sensor_async to None, run_after=None
[2023-05-14T05:37:03.782+0000] {processor.py:175} INFO - Processing /home/airflow/.local/lib/python3.7/site-packages/airflow/example_dags/example_time_delta_sensor_async.py took 0.075 seconds
[2023-05-14T05:37:34.381+0000] {processor.py:153} INFO - Started process (PID=5805) to work on /home/airflow/.local/lib/python3.7/site-packages/airflow/example_dags/example_time_delta_sensor_async.py
[2023-05-14T05:37:34.384+0000] {processor.py:743} INFO - Processing file /home/airflow/.local/lib/python3.7/site-packages/airflow/example_dags/example_time_delta_sensor_async.py for tasks to queue
[2023-05-14T05:37:34.386+0000] {logging_mixin.py:137} INFO - [2023-05-14T05:37:34.385+0000] {dagbag.py:532} INFO - Filling up the DagBag from /home/airflow/.local/lib/python3.7/site-packages/airflow/example_dags/example_time_delta_sensor_async.py
[2023-05-14T05:37:34.410+0000] {processor.py:753} INFO - DAG(s) dict_keys(['example_time_delta_sensor_async']) retrieved from /home/airflow/.local/lib/python3.7/site-packages/airflow/example_dags/example_time_delta_sensor_async.py
[2023-05-14T05:37:34.443+0000] {logging_mixin.py:137} INFO - [2023-05-14T05:37:34.443+0000] {dag.py:2705} INFO - Sync 1 DAGs
[2023-05-14T05:37:34.464+0000] {logging_mixin.py:137} INFO - [2023-05-14T05:37:34.464+0000] {dag.py:3456} INFO - Setting next_dagrun for example_time_delta_sensor_async to None, run_after=None
[2023-05-14T05:37:34.479+0000] {processor.py:175} INFO - Processing /home/airflow/.local/lib/python3.7/site-packages/airflow/example_dags/example_time_delta_sensor_async.py took 0.103 seconds
[2023-05-14T05:38:05.076+0000] {processor.py:153} INFO - Started process (PID=6029) to work on /home/airflow/.local/lib/python3.7/site-packages/airflow/example_dags/example_time_delta_sensor_async.py
[2023-05-14T05:38:05.077+0000] {processor.py:743} INFO - Processing file /home/airflow/.local/lib/python3.7/site-packages/airflow/example_dags/example_time_delta_sensor_async.py for tasks to queue
[2023-05-14T05:38:05.079+0000] {logging_mixin.py:137} INFO - [2023-05-14T05:38:05.078+0000] {dagbag.py:532} INFO - Filling up the DagBag from /home/airflow/.local/lib/python3.7/site-packages/airflow/example_dags/example_time_delta_sensor_async.py
[2023-05-14T05:38:05.088+0000] {processor.py:753} INFO - DAG(s) dict_keys(['example_time_delta_sensor_async']) retrieved from /home/airflow/.local/lib/python3.7/site-packages/airflow/example_dags/example_time_delta_sensor_async.py
[2023-05-14T05:38:05.118+0000] {logging_mixin.py:137} INFO - [2023-05-14T05:38:05.118+0000] {dag.py:2705} INFO - Sync 1 DAGs
[2023-05-14T05:38:05.136+0000] {logging_mixin.py:137} INFO - [2023-05-14T05:38:05.136+0000] {dag.py:3456} INFO - Setting next_dagrun for example_time_delta_sensor_async to None, run_after=None
[2023-05-14T05:38:05.149+0000] {processor.py:175} INFO - Processing /home/airflow/.local/lib/python3.7/site-packages/airflow/example_dags/example_time_delta_sensor_async.py took 0.078 seconds
[2023-05-14T05:38:35.460+0000] {processor.py:153} INFO - Started process (PID=6258) to work on /home/airflow/.local/lib/python3.7/site-packages/airflow/example_dags/example_time_delta_sensor_async.py
[2023-05-14T05:38:35.462+0000] {processor.py:743} INFO - Processing file /home/airflow/.local/lib/python3.7/site-packages/airflow/example_dags/example_time_delta_sensor_async.py for tasks to queue
[2023-05-14T05:38:35.464+0000] {logging_mixin.py:137} INFO - [2023-05-14T05:38:35.463+0000] {dagbag.py:532} INFO - Filling up the DagBag from /home/airflow/.local/lib/python3.7/site-packages/airflow/example_dags/example_time_delta_sensor_async.py
[2023-05-14T05:38:35.475+0000] {processor.py:753} INFO - DAG(s) dict_keys(['example_time_delta_sensor_async']) retrieved from /home/airflow/.local/lib/python3.7/site-packages/airflow/example_dags/example_time_delta_sensor_async.py
[2023-05-14T05:38:35.498+0000] {logging_mixin.py:137} INFO - [2023-05-14T05:38:35.498+0000] {dag.py:2705} INFO - Sync 1 DAGs
[2023-05-14T05:38:35.516+0000] {logging_mixin.py:137} INFO - [2023-05-14T05:38:35.516+0000] {dag.py:3456} INFO - Setting next_dagrun for example_time_delta_sensor_async to None, run_after=None
[2023-05-14T05:38:35.536+0000] {processor.py:175} INFO - Processing /home/airflow/.local/lib/python3.7/site-packages/airflow/example_dags/example_time_delta_sensor_async.py took 0.079 seconds
[2023-05-14T05:39:05.992+0000] {processor.py:153} INFO - Started process (PID=6490) to work on /home/airflow/.local/lib/python3.7/site-packages/airflow/example_dags/example_time_delta_sensor_async.py
[2023-05-14T05:39:05.994+0000] {processor.py:743} INFO - Processing file /home/airflow/.local/lib/python3.7/site-packages/airflow/example_dags/example_time_delta_sensor_async.py for tasks to queue
[2023-05-14T05:39:05.996+0000] {logging_mixin.py:137} INFO - [2023-05-14T05:39:05.996+0000] {dagbag.py:532} INFO - Filling up the DagBag from /home/airflow/.local/lib/python3.7/site-packages/airflow/example_dags/example_time_delta_sensor_async.py
[2023-05-14T05:39:06.005+0000] {processor.py:753} INFO - DAG(s) dict_keys(['example_time_delta_sensor_async']) retrieved from /home/airflow/.local/lib/python3.7/site-packages/airflow/example_dags/example_time_delta_sensor_async.py
[2023-05-14T05:39:06.026+0000] {logging_mixin.py:137} INFO - [2023-05-14T05:39:06.026+0000] {dag.py:2705} INFO - Sync 1 DAGs
[2023-05-14T05:39:06.043+0000] {logging_mixin.py:137} INFO - [2023-05-14T05:39:06.043+0000] {dag.py:3456} INFO - Setting next_dagrun for example_time_delta_sensor_async to None, run_after=None
[2023-05-14T05:39:06.055+0000] {processor.py:175} INFO - Processing /home/airflow/.local/lib/python3.7/site-packages/airflow/example_dags/example_time_delta_sensor_async.py took 0.067 seconds
[2023-05-14T05:39:36.805+0000] {processor.py:153} INFO - Started process (PID=6718) to work on /home/airflow/.local/lib/python3.7/site-packages/airflow/example_dags/example_time_delta_sensor_async.py
[2023-05-14T05:39:36.807+0000] {processor.py:743} INFO - Processing file /home/airflow/.local/lib/python3.7/site-packages/airflow/example_dags/example_time_delta_sensor_async.py for tasks to queue
[2023-05-14T05:39:36.810+0000] {logging_mixin.py:137} INFO - [2023-05-14T05:39:36.810+0000] {dagbag.py:532} INFO - Filling up the DagBag from /home/airflow/.local/lib/python3.7/site-packages/airflow/example_dags/example_time_delta_sensor_async.py
[2023-05-14T05:39:36.862+0000] {processor.py:753} INFO - DAG(s) dict_keys(['example_time_delta_sensor_async']) retrieved from /home/airflow/.local/lib/python3.7/site-packages/airflow/example_dags/example_time_delta_sensor_async.py
[2023-05-14T05:39:36.906+0000] {logging_mixin.py:137} INFO - [2023-05-14T05:39:36.906+0000] {dag.py:2705} INFO - Sync 1 DAGs
[2023-05-14T05:39:36.928+0000] {logging_mixin.py:137} INFO - [2023-05-14T05:39:36.928+0000] {dag.py:3456} INFO - Setting next_dagrun for example_time_delta_sensor_async to None, run_after=None
[2023-05-14T05:39:36.950+0000] {processor.py:175} INFO - Processing /home/airflow/.local/lib/python3.7/site-packages/airflow/example_dags/example_time_delta_sensor_async.py took 0.149 seconds
[2023-05-14T05:40:07.919+0000] {processor.py:153} INFO - Started process (PID=6963) to work on /home/airflow/.local/lib/python3.7/site-packages/airflow/example_dags/example_time_delta_sensor_async.py
[2023-05-14T05:40:07.922+0000] {processor.py:743} INFO - Processing file /home/airflow/.local/lib/python3.7/site-packages/airflow/example_dags/example_time_delta_sensor_async.py for tasks to queue
[2023-05-14T05:40:07.924+0000] {logging_mixin.py:137} INFO - [2023-05-14T05:40:07.924+0000] {dagbag.py:532} INFO - Filling up the DagBag from /home/airflow/.local/lib/python3.7/site-packages/airflow/example_dags/example_time_delta_sensor_async.py
[2023-05-14T05:40:07.935+0000] {processor.py:753} INFO - DAG(s) dict_keys(['example_time_delta_sensor_async']) retrieved from /home/airflow/.local/lib/python3.7/site-packages/airflow/example_dags/example_time_delta_sensor_async.py
[2023-05-14T05:40:07.960+0000] {logging_mixin.py:137} INFO - [2023-05-14T05:40:07.960+0000] {dag.py:2705} INFO - Sync 1 DAGs
[2023-05-14T05:40:07.978+0000] {logging_mixin.py:137} INFO - [2023-05-14T05:40:07.978+0000] {dag.py:3456} INFO - Setting next_dagrun for example_time_delta_sensor_async to None, run_after=None
[2023-05-14T05:40:07.992+0000] {processor.py:175} INFO - Processing /home/airflow/.local/lib/python3.7/site-packages/airflow/example_dags/example_time_delta_sensor_async.py took 0.077 seconds
[2023-05-14T05:40:38.764+0000] {processor.py:153} INFO - Started process (PID=7187) to work on /home/airflow/.local/lib/python3.7/site-packages/airflow/example_dags/example_time_delta_sensor_async.py
[2023-05-14T05:40:38.767+0000] {processor.py:743} INFO - Processing file /home/airflow/.local/lib/python3.7/site-packages/airflow/example_dags/example_time_delta_sensor_async.py for tasks to queue
[2023-05-14T05:40:38.769+0000] {logging_mixin.py:137} INFO - [2023-05-14T05:40:38.769+0000] {dagbag.py:532} INFO - Filling up the DagBag from /home/airflow/.local/lib/python3.7/site-packages/airflow/example_dags/example_time_delta_sensor_async.py
[2023-05-14T05:40:38.781+0000] {processor.py:753} INFO - DAG(s) dict_keys(['example_time_delta_sensor_async']) retrieved from /home/airflow/.local/lib/python3.7/site-packages/airflow/example_dags/example_time_delta_sensor_async.py
[2023-05-14T05:40:38.806+0000] {logging_mixin.py:137} INFO - [2023-05-14T05:40:38.806+0000] {dag.py:2705} INFO - Sync 1 DAGs
[2023-05-14T05:40:38.824+0000] {logging_mixin.py:137} INFO - [2023-05-14T05:40:38.823+0000] {dag.py:3456} INFO - Setting next_dagrun for example_time_delta_sensor_async to None, run_after=None
[2023-05-14T05:40:38.837+0000] {processor.py:175} INFO - Processing /home/airflow/.local/lib/python3.7/site-packages/airflow/example_dags/example_time_delta_sensor_async.py took 0.077 seconds
[2023-05-14T05:41:09.145+0000] {processor.py:153} INFO - Started process (PID=7417) to work on /home/airflow/.local/lib/python3.7/site-packages/airflow/example_dags/example_time_delta_sensor_async.py
[2023-05-14T05:41:09.148+0000] {processor.py:743} INFO - Processing file /home/airflow/.local/lib/python3.7/site-packages/airflow/example_dags/example_time_delta_sensor_async.py for tasks to queue
[2023-05-14T05:41:09.150+0000] {logging_mixin.py:137} INFO - [2023-05-14T05:41:09.150+0000] {dagbag.py:532} INFO - Filling up the DagBag from /home/airflow/.local/lib/python3.7/site-packages/airflow/example_dags/example_time_delta_sensor_async.py
[2023-05-14T05:41:09.168+0000] {processor.py:753} INFO - DAG(s) dict_keys(['example_time_delta_sensor_async']) retrieved from /home/airflow/.local/lib/python3.7/site-packages/airflow/example_dags/example_time_delta_sensor_async.py
[2023-05-14T05:41:09.198+0000] {logging_mixin.py:137} INFO - [2023-05-14T05:41:09.198+0000] {dag.py:2705} INFO - Sync 1 DAGs
[2023-05-14T05:41:09.219+0000] {logging_mixin.py:137} INFO - [2023-05-14T05:41:09.219+0000] {dag.py:3456} INFO - Setting next_dagrun for example_time_delta_sensor_async to None, run_after=None
[2023-05-14T05:41:09.234+0000] {processor.py:175} INFO - Processing /home/airflow/.local/lib/python3.7/site-packages/airflow/example_dags/example_time_delta_sensor_async.py took 0.096 seconds
[2023-05-14T05:41:39.777+0000] {processor.py:153} INFO - Started process (PID=7647) to work on /home/airflow/.local/lib/python3.7/site-packages/airflow/example_dags/example_time_delta_sensor_async.py
[2023-05-14T05:41:39.781+0000] {processor.py:743} INFO - Processing file /home/airflow/.local/lib/python3.7/site-packages/airflow/example_dags/example_time_delta_sensor_async.py for tasks to queue
[2023-05-14T05:41:39.801+0000] {logging_mixin.py:137} INFO - [2023-05-14T05:41:39.801+0000] {dagbag.py:532} INFO - Filling up the DagBag from /home/airflow/.local/lib/python3.7/site-packages/airflow/example_dags/example_time_delta_sensor_async.py
[2023-05-14T05:41:39.812+0000] {processor.py:753} INFO - DAG(s) dict_keys(['example_time_delta_sensor_async']) retrieved from /home/airflow/.local/lib/python3.7/site-packages/airflow/example_dags/example_time_delta_sensor_async.py
[2023-05-14T05:41:39.836+0000] {logging_mixin.py:137} INFO - [2023-05-14T05:41:39.836+0000] {dag.py:2705} INFO - Sync 1 DAGs
[2023-05-14T05:41:39.853+0000] {logging_mixin.py:137} INFO - [2023-05-14T05:41:39.853+0000] {dag.py:3456} INFO - Setting next_dagrun for example_time_delta_sensor_async to None, run_after=None
[2023-05-14T05:41:39.867+0000] {processor.py:175} INFO - Processing /home/airflow/.local/lib/python3.7/site-packages/airflow/example_dags/example_time_delta_sensor_async.py took 0.094 seconds
[2023-05-14T05:42:10.219+0000] {processor.py:153} INFO - Started process (PID=7871) to work on /home/airflow/.local/lib/python3.7/site-packages/airflow/example_dags/example_time_delta_sensor_async.py
[2023-05-14T05:42:10.222+0000] {processor.py:743} INFO - Processing file /home/airflow/.local/lib/python3.7/site-packages/airflow/example_dags/example_time_delta_sensor_async.py for tasks to queue
[2023-05-14T05:42:10.225+0000] {logging_mixin.py:137} INFO - [2023-05-14T05:42:10.224+0000] {dagbag.py:532} INFO - Filling up the DagBag from /home/airflow/.local/lib/python3.7/site-packages/airflow/example_dags/example_time_delta_sensor_async.py
[2023-05-14T05:42:10.239+0000] {processor.py:753} INFO - DAG(s) dict_keys(['example_time_delta_sensor_async']) retrieved from /home/airflow/.local/lib/python3.7/site-packages/airflow/example_dags/example_time_delta_sensor_async.py
[2023-05-14T05:42:10.264+0000] {logging_mixin.py:137} INFO - [2023-05-14T05:42:10.264+0000] {dag.py:2705} INFO - Sync 1 DAGs
[2023-05-14T05:42:10.282+0000] {logging_mixin.py:137} INFO - [2023-05-14T05:42:10.282+0000] {dag.py:3456} INFO - Setting next_dagrun for example_time_delta_sensor_async to None, run_after=None
[2023-05-14T05:42:10.313+0000] {processor.py:175} INFO - Processing /home/airflow/.local/lib/python3.7/site-packages/airflow/example_dags/example_time_delta_sensor_async.py took 0.100 seconds
[2023-05-14T05:42:40.635+0000] {processor.py:153} INFO - Started process (PID=8094) to work on /home/airflow/.local/lib/python3.7/site-packages/airflow/example_dags/example_time_delta_sensor_async.py
[2023-05-14T05:42:40.639+0000] {processor.py:743} INFO - Processing file /home/airflow/.local/lib/python3.7/site-packages/airflow/example_dags/example_time_delta_sensor_async.py for tasks to queue
[2023-05-14T05:42:40.646+0000] {logging_mixin.py:137} INFO - [2023-05-14T05:42:40.642+0000] {dagbag.py:532} INFO - Filling up the DagBag from /home/airflow/.local/lib/python3.7/site-packages/airflow/example_dags/example_time_delta_sensor_async.py
[2023-05-14T05:42:40.661+0000] {processor.py:753} INFO - DAG(s) dict_keys(['example_time_delta_sensor_async']) retrieved from /home/airflow/.local/lib/python3.7/site-packages/airflow/example_dags/example_time_delta_sensor_async.py
[2023-05-14T05:42:40.690+0000] {logging_mixin.py:137} INFO - [2023-05-14T05:42:40.690+0000] {dag.py:2705} INFO - Sync 1 DAGs
[2023-05-14T05:42:40.709+0000] {logging_mixin.py:137} INFO - [2023-05-14T05:42:40.708+0000] {dag.py:3456} INFO - Setting next_dagrun for example_time_delta_sensor_async to None, run_after=None
[2023-05-14T05:42:40.723+0000] {processor.py:175} INFO - Processing /home/airflow/.local/lib/python3.7/site-packages/airflow/example_dags/example_time_delta_sensor_async.py took 0.093 seconds
[2023-05-14T05:43:11.273+0000] {processor.py:153} INFO - Started process (PID=8325) to work on /home/airflow/.local/lib/python3.7/site-packages/airflow/example_dags/example_time_delta_sensor_async.py
[2023-05-14T05:43:11.277+0000] {processor.py:743} INFO - Processing file /home/airflow/.local/lib/python3.7/site-packages/airflow/example_dags/example_time_delta_sensor_async.py for tasks to queue
[2023-05-14T05:43:11.280+0000] {logging_mixin.py:137} INFO - [2023-05-14T05:43:11.280+0000] {dagbag.py:532} INFO - Filling up the DagBag from /home/airflow/.local/lib/python3.7/site-packages/airflow/example_dags/example_time_delta_sensor_async.py
[2023-05-14T05:43:11.294+0000] {processor.py:753} INFO - DAG(s) dict_keys(['example_time_delta_sensor_async']) retrieved from /home/airflow/.local/lib/python3.7/site-packages/airflow/example_dags/example_time_delta_sensor_async.py
[2023-05-14T05:43:11.319+0000] {logging_mixin.py:137} INFO - [2023-05-14T05:43:11.319+0000] {dag.py:2705} INFO - Sync 1 DAGs
[2023-05-14T05:43:11.336+0000] {logging_mixin.py:137} INFO - [2023-05-14T05:43:11.336+0000] {dag.py:3456} INFO - Setting next_dagrun for example_time_delta_sensor_async to None, run_after=None
[2023-05-14T05:43:11.349+0000] {processor.py:175} INFO - Processing /home/airflow/.local/lib/python3.7/site-packages/airflow/example_dags/example_time_delta_sensor_async.py took 0.082 seconds
[2023-05-14T05:43:41.460+0000] {processor.py:153} INFO - Started process (PID=8550) to work on /home/airflow/.local/lib/python3.7/site-packages/airflow/example_dags/example_time_delta_sensor_async.py
[2023-05-14T05:43:41.462+0000] {processor.py:743} INFO - Processing file /home/airflow/.local/lib/python3.7/site-packages/airflow/example_dags/example_time_delta_sensor_async.py for tasks to queue
[2023-05-14T05:43:41.463+0000] {logging_mixin.py:137} INFO - [2023-05-14T05:43:41.463+0000] {dagbag.py:532} INFO - Filling up the DagBag from /home/airflow/.local/lib/python3.7/site-packages/airflow/example_dags/example_time_delta_sensor_async.py
[2023-05-14T05:43:41.473+0000] {processor.py:753} INFO - DAG(s) dict_keys(['example_time_delta_sensor_async']) retrieved from /home/airflow/.local/lib/python3.7/site-packages/airflow/example_dags/example_time_delta_sensor_async.py
[2023-05-14T05:43:41.496+0000] {logging_mixin.py:137} INFO - [2023-05-14T05:43:41.496+0000] {dag.py:2705} INFO - Sync 1 DAGs
[2023-05-14T05:43:41.513+0000] {logging_mixin.py:137} INFO - [2023-05-14T05:43:41.513+0000] {dag.py:3456} INFO - Setting next_dagrun for example_time_delta_sensor_async to None, run_after=None
[2023-05-14T05:43:41.526+0000] {processor.py:175} INFO - Processing /home/airflow/.local/lib/python3.7/site-packages/airflow/example_dags/example_time_delta_sensor_async.py took 0.070 seconds
[2023-05-14T05:44:11.961+0000] {processor.py:153} INFO - Started process (PID=8786) to work on /home/airflow/.local/lib/python3.7/site-packages/airflow/example_dags/example_time_delta_sensor_async.py
[2023-05-14T05:44:11.964+0000] {processor.py:743} INFO - Processing file /home/airflow/.local/lib/python3.7/site-packages/airflow/example_dags/example_time_delta_sensor_async.py for tasks to queue
[2023-05-14T05:44:11.966+0000] {logging_mixin.py:137} INFO - [2023-05-14T05:44:11.966+0000] {dagbag.py:532} INFO - Filling up the DagBag from /home/airflow/.local/lib/python3.7/site-packages/airflow/example_dags/example_time_delta_sensor_async.py
[2023-05-14T05:44:11.978+0000] {processor.py:753} INFO - DAG(s) dict_keys(['example_time_delta_sensor_async']) retrieved from /home/airflow/.local/lib/python3.7/site-packages/airflow/example_dags/example_time_delta_sensor_async.py
[2023-05-14T05:44:12.001+0000] {logging_mixin.py:137} INFO - [2023-05-14T05:44:12.001+0000] {dag.py:2705} INFO - Sync 1 DAGs
[2023-05-14T05:44:12.019+0000] {logging_mixin.py:137} INFO - [2023-05-14T05:44:12.019+0000] {dag.py:3456} INFO - Setting next_dagrun for example_time_delta_sensor_async to None, run_after=None
[2023-05-14T05:44:12.031+0000] {processor.py:175} INFO - Processing /home/airflow/.local/lib/python3.7/site-packages/airflow/example_dags/example_time_delta_sensor_async.py took 0.078 seconds
[2023-05-14T05:44:42.099+0000] {processor.py:153} INFO - Started process (PID=9013) to work on /home/airflow/.local/lib/python3.7/site-packages/airflow/example_dags/example_time_delta_sensor_async.py
[2023-05-14T05:44:42.101+0000] {processor.py:743} INFO - Processing file /home/airflow/.local/lib/python3.7/site-packages/airflow/example_dags/example_time_delta_sensor_async.py for tasks to queue
[2023-05-14T05:44:42.103+0000] {logging_mixin.py:137} INFO - [2023-05-14T05:44:42.103+0000] {dagbag.py:532} INFO - Filling up the DagBag from /home/airflow/.local/lib/python3.7/site-packages/airflow/example_dags/example_time_delta_sensor_async.py
[2023-05-14T05:44:42.112+0000] {processor.py:753} INFO - DAG(s) dict_keys(['example_time_delta_sensor_async']) retrieved from /home/airflow/.local/lib/python3.7/site-packages/airflow/example_dags/example_time_delta_sensor_async.py
[2023-05-14T05:44:42.137+0000] {logging_mixin.py:137} INFO - [2023-05-14T05:44:42.137+0000] {dag.py:2705} INFO - Sync 1 DAGs
[2023-05-14T05:44:42.158+0000] {logging_mixin.py:137} INFO - [2023-05-14T05:44:42.158+0000] {dag.py:3456} INFO - Setting next_dagrun for example_time_delta_sensor_async to None, run_after=None
[2023-05-14T05:44:42.173+0000] {processor.py:175} INFO - Processing /home/airflow/.local/lib/python3.7/site-packages/airflow/example_dags/example_time_delta_sensor_async.py took 0.077 seconds
[2023-05-14T05:45:12.344+0000] {processor.py:153} INFO - Started process (PID=9234) to work on /home/airflow/.local/lib/python3.7/site-packages/airflow/example_dags/example_time_delta_sensor_async.py
[2023-05-14T05:45:12.347+0000] {processor.py:743} INFO - Processing file /home/airflow/.local/lib/python3.7/site-packages/airflow/example_dags/example_time_delta_sensor_async.py for tasks to queue
[2023-05-14T05:45:12.349+0000] {logging_mixin.py:137} INFO - [2023-05-14T05:45:12.349+0000] {dagbag.py:532} INFO - Filling up the DagBag from /home/airflow/.local/lib/python3.7/site-packages/airflow/example_dags/example_time_delta_sensor_async.py
[2023-05-14T05:45:12.363+0000] {processor.py:753} INFO - DAG(s) dict_keys(['example_time_delta_sensor_async']) retrieved from /home/airflow/.local/lib/python3.7/site-packages/airflow/example_dags/example_time_delta_sensor_async.py
[2023-05-14T05:45:12.395+0000] {logging_mixin.py:137} INFO - [2023-05-14T05:45:12.395+0000] {dag.py:2705} INFO - Sync 1 DAGs
[2023-05-14T05:45:12.413+0000] {logging_mixin.py:137} INFO - [2023-05-14T05:45:12.413+0000] {dag.py:3456} INFO - Setting next_dagrun for example_time_delta_sensor_async to None, run_after=None
[2023-05-14T05:45:12.428+0000] {processor.py:175} INFO - Processing /home/airflow/.local/lib/python3.7/site-packages/airflow/example_dags/example_time_delta_sensor_async.py took 0.089 seconds
[2023-05-14T05:45:42.562+0000] {processor.py:153} INFO - Started process (PID=9476) to work on /home/airflow/.local/lib/python3.7/site-packages/airflow/example_dags/example_time_delta_sensor_async.py
[2023-05-14T05:45:42.564+0000] {processor.py:743} INFO - Processing file /home/airflow/.local/lib/python3.7/site-packages/airflow/example_dags/example_time_delta_sensor_async.py for tasks to queue
[2023-05-14T05:45:42.566+0000] {logging_mixin.py:137} INFO - [2023-05-14T05:45:42.566+0000] {dagbag.py:532} INFO - Filling up the DagBag from /home/airflow/.local/lib/python3.7/site-packages/airflow/example_dags/example_time_delta_sensor_async.py
[2023-05-14T05:45:42.575+0000] {processor.py:753} INFO - DAG(s) dict_keys(['example_time_delta_sensor_async']) retrieved from /home/airflow/.local/lib/python3.7/site-packages/airflow/example_dags/example_time_delta_sensor_async.py
[2023-05-14T05:45:42.601+0000] {logging_mixin.py:137} INFO - [2023-05-14T05:45:42.601+0000] {dag.py:2705} INFO - Sync 1 DAGs
[2023-05-14T05:45:42.619+0000] {logging_mixin.py:137} INFO - [2023-05-14T05:45:42.619+0000] {dag.py:3456} INFO - Setting next_dagrun for example_time_delta_sensor_async to None, run_after=None
[2023-05-14T05:45:42.633+0000] {processor.py:175} INFO - Processing /home/airflow/.local/lib/python3.7/site-packages/airflow/example_dags/example_time_delta_sensor_async.py took 0.076 seconds
[2023-05-14T05:46:12.735+0000] {processor.py:153} INFO - Started process (PID=9705) to work on /home/airflow/.local/lib/python3.7/site-packages/airflow/example_dags/example_time_delta_sensor_async.py
[2023-05-14T05:46:12.738+0000] {processor.py:743} INFO - Processing file /home/airflow/.local/lib/python3.7/site-packages/airflow/example_dags/example_time_delta_sensor_async.py for tasks to queue
[2023-05-14T05:46:12.740+0000] {logging_mixin.py:137} INFO - [2023-05-14T05:46:12.740+0000] {dagbag.py:532} INFO - Filling up the DagBag from /home/airflow/.local/lib/python3.7/site-packages/airflow/example_dags/example_time_delta_sensor_async.py
[2023-05-14T05:46:12.754+0000] {processor.py:753} INFO - DAG(s) dict_keys(['example_time_delta_sensor_async']) retrieved from /home/airflow/.local/lib/python3.7/site-packages/airflow/example_dags/example_time_delta_sensor_async.py
[2023-05-14T05:46:12.795+0000] {logging_mixin.py:137} INFO - [2023-05-14T05:46:12.795+0000] {dag.py:2705} INFO - Sync 1 DAGs
[2023-05-14T05:46:12.812+0000] {logging_mixin.py:137} INFO - [2023-05-14T05:46:12.812+0000] {dag.py:3456} INFO - Setting next_dagrun for example_time_delta_sensor_async to None, run_after=None
[2023-05-14T05:46:12.825+0000] {processor.py:175} INFO - Processing /home/airflow/.local/lib/python3.7/site-packages/airflow/example_dags/example_time_delta_sensor_async.py took 0.095 seconds
[2023-05-14T05:46:42.999+0000] {processor.py:153} INFO - Started process (PID=9929) to work on /home/airflow/.local/lib/python3.7/site-packages/airflow/example_dags/example_time_delta_sensor_async.py
[2023-05-14T05:46:43.001+0000] {processor.py:743} INFO - Processing file /home/airflow/.local/lib/python3.7/site-packages/airflow/example_dags/example_time_delta_sensor_async.py for tasks to queue
[2023-05-14T05:46:43.003+0000] {logging_mixin.py:137} INFO - [2023-05-14T05:46:43.003+0000] {dagbag.py:532} INFO - Filling up the DagBag from /home/airflow/.local/lib/python3.7/site-packages/airflow/example_dags/example_time_delta_sensor_async.py
[2023-05-14T05:46:43.015+0000] {processor.py:753} INFO - DAG(s) dict_keys(['example_time_delta_sensor_async']) retrieved from /home/airflow/.local/lib/python3.7/site-packages/airflow/example_dags/example_time_delta_sensor_async.py
[2023-05-14T05:46:43.039+0000] {logging_mixin.py:137} INFO - [2023-05-14T05:46:43.039+0000] {dag.py:2705} INFO - Sync 1 DAGs
[2023-05-14T05:46:43.056+0000] {logging_mixin.py:137} INFO - [2023-05-14T05:46:43.056+0000] {dag.py:3456} INFO - Setting next_dagrun for example_time_delta_sensor_async to None, run_after=None
[2023-05-14T05:46:43.068+0000] {processor.py:175} INFO - Processing /home/airflow/.local/lib/python3.7/site-packages/airflow/example_dags/example_time_delta_sensor_async.py took 0.073 seconds
[2023-05-14T05:47:13.370+0000] {processor.py:153} INFO - Started process (PID=10153) to work on /home/airflow/.local/lib/python3.7/site-packages/airflow/example_dags/example_time_delta_sensor_async.py
[2023-05-14T05:47:13.372+0000] {processor.py:743} INFO - Processing file /home/airflow/.local/lib/python3.7/site-packages/airflow/example_dags/example_time_delta_sensor_async.py for tasks to queue
[2023-05-14T05:47:13.373+0000] {logging_mixin.py:137} INFO - [2023-05-14T05:47:13.373+0000] {dagbag.py:532} INFO - Filling up the DagBag from /home/airflow/.local/lib/python3.7/site-packages/airflow/example_dags/example_time_delta_sensor_async.py
[2023-05-14T05:47:13.383+0000] {processor.py:753} INFO - DAG(s) dict_keys(['example_time_delta_sensor_async']) retrieved from /home/airflow/.local/lib/python3.7/site-packages/airflow/example_dags/example_time_delta_sensor_async.py
[2023-05-14T05:47:13.408+0000] {logging_mixin.py:137} INFO - [2023-05-14T05:47:13.408+0000] {dag.py:2705} INFO - Sync 1 DAGs
[2023-05-14T05:47:13.424+0000] {logging_mixin.py:137} INFO - [2023-05-14T05:47:13.424+0000] {dag.py:3456} INFO - Setting next_dagrun for example_time_delta_sensor_async to None, run_after=None
[2023-05-14T05:47:13.437+0000] {processor.py:175} INFO - Processing /home/airflow/.local/lib/python3.7/site-packages/airflow/example_dags/example_time_delta_sensor_async.py took 0.073 seconds
[2023-05-14T05:47:43.607+0000] {processor.py:153} INFO - Started process (PID=10376) to work on /home/airflow/.local/lib/python3.7/site-packages/airflow/example_dags/example_time_delta_sensor_async.py
[2023-05-14T05:47:43.610+0000] {processor.py:743} INFO - Processing file /home/airflow/.local/lib/python3.7/site-packages/airflow/example_dags/example_time_delta_sensor_async.py for tasks to queue
[2023-05-14T05:47:43.611+0000] {logging_mixin.py:137} INFO - [2023-05-14T05:47:43.611+0000] {dagbag.py:532} INFO - Filling up the DagBag from /home/airflow/.local/lib/python3.7/site-packages/airflow/example_dags/example_time_delta_sensor_async.py
[2023-05-14T05:47:43.625+0000] {processor.py:753} INFO - DAG(s) dict_keys(['example_time_delta_sensor_async']) retrieved from /home/airflow/.local/lib/python3.7/site-packages/airflow/example_dags/example_time_delta_sensor_async.py
[2023-05-14T05:47:43.650+0000] {logging_mixin.py:137} INFO - [2023-05-14T05:47:43.650+0000] {dag.py:2705} INFO - Sync 1 DAGs
[2023-05-14T05:47:43.667+0000] {logging_mixin.py:137} INFO - [2023-05-14T05:47:43.667+0000] {dag.py:3456} INFO - Setting next_dagrun for example_time_delta_sensor_async to None, run_after=None
[2023-05-14T05:47:43.679+0000] {processor.py:175} INFO - Processing /home/airflow/.local/lib/python3.7/site-packages/airflow/example_dags/example_time_delta_sensor_async.py took 0.076 seconds
[2023-05-14T05:48:14.031+0000] {processor.py:153} INFO - Started process (PID=10600) to work on /home/airflow/.local/lib/python3.7/site-packages/airflow/example_dags/example_time_delta_sensor_async.py
[2023-05-14T05:48:14.033+0000] {processor.py:743} INFO - Processing file /home/airflow/.local/lib/python3.7/site-packages/airflow/example_dags/example_time_delta_sensor_async.py for tasks to queue
[2023-05-14T05:48:14.035+0000] {logging_mixin.py:137} INFO - [2023-05-14T05:48:14.035+0000] {dagbag.py:532} INFO - Filling up the DagBag from /home/airflow/.local/lib/python3.7/site-packages/airflow/example_dags/example_time_delta_sensor_async.py
[2023-05-14T05:48:14.046+0000] {processor.py:753} INFO - DAG(s) dict_keys(['example_time_delta_sensor_async']) retrieved from /home/airflow/.local/lib/python3.7/site-packages/airflow/example_dags/example_time_delta_sensor_async.py
[2023-05-14T05:48:14.079+0000] {logging_mixin.py:137} INFO - [2023-05-14T05:48:14.079+0000] {dag.py:2705} INFO - Sync 1 DAGs
[2023-05-14T05:48:14.104+0000] {logging_mixin.py:137} INFO - [2023-05-14T05:48:14.104+0000] {dag.py:3456} INFO - Setting next_dagrun for example_time_delta_sensor_async to None, run_after=None
[2023-05-14T05:48:14.122+0000] {processor.py:175} INFO - Processing /home/airflow/.local/lib/python3.7/site-packages/airflow/example_dags/example_time_delta_sensor_async.py took 0.095 seconds
[2023-05-14T05:48:44.405+0000] {processor.py:153} INFO - Started process (PID=10824) to work on /home/airflow/.local/lib/python3.7/site-packages/airflow/example_dags/example_time_delta_sensor_async.py
[2023-05-14T05:48:44.407+0000] {processor.py:743} INFO - Processing file /home/airflow/.local/lib/python3.7/site-packages/airflow/example_dags/example_time_delta_sensor_async.py for tasks to queue
[2023-05-14T05:48:44.414+0000] {logging_mixin.py:137} INFO - [2023-05-14T05:48:44.414+0000] {dagbag.py:532} INFO - Filling up the DagBag from /home/airflow/.local/lib/python3.7/site-packages/airflow/example_dags/example_time_delta_sensor_async.py
[2023-05-14T05:48:44.429+0000] {processor.py:753} INFO - DAG(s) dict_keys(['example_time_delta_sensor_async']) retrieved from /home/airflow/.local/lib/python3.7/site-packages/airflow/example_dags/example_time_delta_sensor_async.py
[2023-05-14T05:48:44.457+0000] {logging_mixin.py:137} INFO - [2023-05-14T05:48:44.457+0000] {dag.py:2705} INFO - Sync 1 DAGs
[2023-05-14T05:48:44.475+0000] {logging_mixin.py:137} INFO - [2023-05-14T05:48:44.475+0000] {dag.py:3456} INFO - Setting next_dagrun for example_time_delta_sensor_async to None, run_after=None
[2023-05-14T05:48:44.487+0000] {processor.py:175} INFO - Processing /home/airflow/.local/lib/python3.7/site-packages/airflow/example_dags/example_time_delta_sensor_async.py took 0.090 seconds
[2023-05-14T05:49:14.742+0000] {processor.py:153} INFO - Started process (PID=11048) to work on /home/airflow/.local/lib/python3.7/site-packages/airflow/example_dags/example_time_delta_sensor_async.py
[2023-05-14T05:49:14.747+0000] {processor.py:743} INFO - Processing file /home/airflow/.local/lib/python3.7/site-packages/airflow/example_dags/example_time_delta_sensor_async.py for tasks to queue
[2023-05-14T05:49:14.750+0000] {logging_mixin.py:137} INFO - [2023-05-14T05:49:14.750+0000] {dagbag.py:532} INFO - Filling up the DagBag from /home/airflow/.local/lib/python3.7/site-packages/airflow/example_dags/example_time_delta_sensor_async.py
[2023-05-14T05:49:14.767+0000] {processor.py:753} INFO - DAG(s) dict_keys(['example_time_delta_sensor_async']) retrieved from /home/airflow/.local/lib/python3.7/site-packages/airflow/example_dags/example_time_delta_sensor_async.py
[2023-05-14T05:49:14.795+0000] {logging_mixin.py:137} INFO - [2023-05-14T05:49:14.795+0000] {dag.py:2705} INFO - Sync 1 DAGs
[2023-05-14T05:49:14.813+0000] {logging_mixin.py:137} INFO - [2023-05-14T05:49:14.813+0000] {dag.py:3456} INFO - Setting next_dagrun for example_time_delta_sensor_async to None, run_after=None
[2023-05-14T05:49:14.829+0000] {processor.py:175} INFO - Processing /home/airflow/.local/lib/python3.7/site-packages/airflow/example_dags/example_time_delta_sensor_async.py took 0.092 seconds
[2023-05-14T05:49:44.985+0000] {processor.py:153} INFO - Started process (PID=11274) to work on /home/airflow/.local/lib/python3.7/site-packages/airflow/example_dags/example_time_delta_sensor_async.py
[2023-05-14T05:49:44.988+0000] {processor.py:743} INFO - Processing file /home/airflow/.local/lib/python3.7/site-packages/airflow/example_dags/example_time_delta_sensor_async.py for tasks to queue
[2023-05-14T05:49:44.990+0000] {logging_mixin.py:137} INFO - [2023-05-14T05:49:44.990+0000] {dagbag.py:532} INFO - Filling up the DagBag from /home/airflow/.local/lib/python3.7/site-packages/airflow/example_dags/example_time_delta_sensor_async.py
[2023-05-14T05:49:45.008+0000] {processor.py:753} INFO - DAG(s) dict_keys(['example_time_delta_sensor_async']) retrieved from /home/airflow/.local/lib/python3.7/site-packages/airflow/example_dags/example_time_delta_sensor_async.py
[2023-05-14T05:49:45.032+0000] {logging_mixin.py:137} INFO - [2023-05-14T05:49:45.032+0000] {dag.py:2705} INFO - Sync 1 DAGs
[2023-05-14T05:49:45.050+0000] {logging_mixin.py:137} INFO - [2023-05-14T05:49:45.050+0000] {dag.py:3456} INFO - Setting next_dagrun for example_time_delta_sensor_async to None, run_after=None
[2023-05-14T05:49:45.062+0000] {processor.py:175} INFO - Processing /home/airflow/.local/lib/python3.7/site-packages/airflow/example_dags/example_time_delta_sensor_async.py took 0.082 seconds
[2023-05-14T05:50:15.262+0000] {processor.py:153} INFO - Started process (PID=11498) to work on /home/airflow/.local/lib/python3.7/site-packages/airflow/example_dags/example_time_delta_sensor_async.py
[2023-05-14T05:50:15.267+0000] {processor.py:743} INFO - Processing file /home/airflow/.local/lib/python3.7/site-packages/airflow/example_dags/example_time_delta_sensor_async.py for tasks to queue
[2023-05-14T05:50:15.269+0000] {logging_mixin.py:137} INFO - [2023-05-14T05:50:15.269+0000] {dagbag.py:532} INFO - Filling up the DagBag from /home/airflow/.local/lib/python3.7/site-packages/airflow/example_dags/example_time_delta_sensor_async.py
[2023-05-14T05:50:15.288+0000] {processor.py:753} INFO - DAG(s) dict_keys(['example_time_delta_sensor_async']) retrieved from /home/airflow/.local/lib/python3.7/site-packages/airflow/example_dags/example_time_delta_sensor_async.py
[2023-05-14T05:50:15.322+0000] {logging_mixin.py:137} INFO - [2023-05-14T05:50:15.322+0000] {dag.py:2705} INFO - Sync 1 DAGs
[2023-05-14T05:50:15.348+0000] {logging_mixin.py:137} INFO - [2023-05-14T05:50:15.348+0000] {dag.py:3456} INFO - Setting next_dagrun for example_time_delta_sensor_async to None, run_after=None
[2023-05-14T05:50:15.364+0000] {processor.py:175} INFO - Processing /home/airflow/.local/lib/python3.7/site-packages/airflow/example_dags/example_time_delta_sensor_async.py took 0.107 seconds
[2023-05-14T05:50:45.711+0000] {processor.py:153} INFO - Started process (PID=11722) to work on /home/airflow/.local/lib/python3.7/site-packages/airflow/example_dags/example_time_delta_sensor_async.py
[2023-05-14T05:50:45.715+0000] {processor.py:743} INFO - Processing file /home/airflow/.local/lib/python3.7/site-packages/airflow/example_dags/example_time_delta_sensor_async.py for tasks to queue
[2023-05-14T05:50:45.717+0000] {logging_mixin.py:137} INFO - [2023-05-14T05:50:45.717+0000] {dagbag.py:532} INFO - Filling up the DagBag from /home/airflow/.local/lib/python3.7/site-packages/airflow/example_dags/example_time_delta_sensor_async.py
[2023-05-14T05:50:45.734+0000] {processor.py:753} INFO - DAG(s) dict_keys(['example_time_delta_sensor_async']) retrieved from /home/airflow/.local/lib/python3.7/site-packages/airflow/example_dags/example_time_delta_sensor_async.py
[2023-05-14T05:50:45.760+0000] {logging_mixin.py:137} INFO - [2023-05-14T05:50:45.760+0000] {dag.py:2705} INFO - Sync 1 DAGs
[2023-05-14T05:50:45.777+0000] {logging_mixin.py:137} INFO - [2023-05-14T05:50:45.777+0000] {dag.py:3456} INFO - Setting next_dagrun for example_time_delta_sensor_async to None, run_after=None
[2023-05-14T05:50:45.792+0000] {processor.py:175} INFO - Processing /home/airflow/.local/lib/python3.7/site-packages/airflow/example_dags/example_time_delta_sensor_async.py took 0.087 seconds
[2023-05-14T05:51:16.123+0000] {processor.py:153} INFO - Started process (PID=11946) to work on /home/airflow/.local/lib/python3.7/site-packages/airflow/example_dags/example_time_delta_sensor_async.py
[2023-05-14T05:51:16.126+0000] {processor.py:743} INFO - Processing file /home/airflow/.local/lib/python3.7/site-packages/airflow/example_dags/example_time_delta_sensor_async.py for tasks to queue
[2023-05-14T05:51:16.127+0000] {logging_mixin.py:137} INFO - [2023-05-14T05:51:16.127+0000] {dagbag.py:532} INFO - Filling up the DagBag from /home/airflow/.local/lib/python3.7/site-packages/airflow/example_dags/example_time_delta_sensor_async.py
[2023-05-14T05:51:16.140+0000] {processor.py:753} INFO - DAG(s) dict_keys(['example_time_delta_sensor_async']) retrieved from /home/airflow/.local/lib/python3.7/site-packages/airflow/example_dags/example_time_delta_sensor_async.py
[2023-05-14T05:51:16.168+0000] {logging_mixin.py:137} INFO - [2023-05-14T05:51:16.167+0000] {dag.py:2705} INFO - Sync 1 DAGs
[2023-05-14T05:51:16.188+0000] {logging_mixin.py:137} INFO - [2023-05-14T05:51:16.188+0000] {dag.py:3456} INFO - Setting next_dagrun for example_time_delta_sensor_async to None, run_after=None
[2023-05-14T05:51:16.207+0000] {processor.py:175} INFO - Processing /home/airflow/.local/lib/python3.7/site-packages/airflow/example_dags/example_time_delta_sensor_async.py took 0.090 seconds
[2023-05-14T05:51:46.486+0000] {processor.py:153} INFO - Started process (PID=12170) to work on /home/airflow/.local/lib/python3.7/site-packages/airflow/example_dags/example_time_delta_sensor_async.py
[2023-05-14T05:51:46.510+0000] {processor.py:743} INFO - Processing file /home/airflow/.local/lib/python3.7/site-packages/airflow/example_dags/example_time_delta_sensor_async.py for tasks to queue
[2023-05-14T05:51:46.512+0000] {logging_mixin.py:137} INFO - [2023-05-14T05:51:46.512+0000] {dagbag.py:532} INFO - Filling up the DagBag from /home/airflow/.local/lib/python3.7/site-packages/airflow/example_dags/example_time_delta_sensor_async.py
[2023-05-14T05:51:46.524+0000] {processor.py:753} INFO - DAG(s) dict_keys(['example_time_delta_sensor_async']) retrieved from /home/airflow/.local/lib/python3.7/site-packages/airflow/example_dags/example_time_delta_sensor_async.py
[2023-05-14T05:51:46.549+0000] {logging_mixin.py:137} INFO - [2023-05-14T05:51:46.548+0000] {dag.py:2705} INFO - Sync 1 DAGs
[2023-05-14T05:51:46.565+0000] {logging_mixin.py:137} INFO - [2023-05-14T05:51:46.565+0000] {dag.py:3456} INFO - Setting next_dagrun for example_time_delta_sensor_async to None, run_after=None
[2023-05-14T05:51:46.579+0000] {processor.py:175} INFO - Processing /home/airflow/.local/lib/python3.7/site-packages/airflow/example_dags/example_time_delta_sensor_async.py took 0.098 seconds
[2023-05-14T05:52:16.759+0000] {processor.py:153} INFO - Started process (PID=12393) to work on /home/airflow/.local/lib/python3.7/site-packages/airflow/example_dags/example_time_delta_sensor_async.py
[2023-05-14T05:52:16.763+0000] {processor.py:743} INFO - Processing file /home/airflow/.local/lib/python3.7/site-packages/airflow/example_dags/example_time_delta_sensor_async.py for tasks to queue
[2023-05-14T05:52:16.769+0000] {logging_mixin.py:137} INFO - [2023-05-14T05:52:16.769+0000] {dagbag.py:532} INFO - Filling up the DagBag from /home/airflow/.local/lib/python3.7/site-packages/airflow/example_dags/example_time_delta_sensor_async.py
[2023-05-14T05:52:16.780+0000] {processor.py:753} INFO - DAG(s) dict_keys(['example_time_delta_sensor_async']) retrieved from /home/airflow/.local/lib/python3.7/site-packages/airflow/example_dags/example_time_delta_sensor_async.py
[2023-05-14T05:52:16.804+0000] {logging_mixin.py:137} INFO - [2023-05-14T05:52:16.804+0000] {dag.py:2705} INFO - Sync 1 DAGs
[2023-05-14T05:52:16.822+0000] {logging_mixin.py:137} INFO - [2023-05-14T05:52:16.821+0000] {dag.py:3456} INFO - Setting next_dagrun for example_time_delta_sensor_async to None, run_after=None
[2023-05-14T05:52:16.834+0000] {processor.py:175} INFO - Processing /home/airflow/.local/lib/python3.7/site-packages/airflow/example_dags/example_time_delta_sensor_async.py took 0.080 seconds
[2023-05-14T05:52:47.040+0000] {processor.py:153} INFO - Started process (PID=12617) to work on /home/airflow/.local/lib/python3.7/site-packages/airflow/example_dags/example_time_delta_sensor_async.py
[2023-05-14T05:52:47.042+0000] {processor.py:743} INFO - Processing file /home/airflow/.local/lib/python3.7/site-packages/airflow/example_dags/example_time_delta_sensor_async.py for tasks to queue
[2023-05-14T05:52:47.044+0000] {logging_mixin.py:137} INFO - [2023-05-14T05:52:47.044+0000] {dagbag.py:532} INFO - Filling up the DagBag from /home/airflow/.local/lib/python3.7/site-packages/airflow/example_dags/example_time_delta_sensor_async.py
[2023-05-14T05:52:47.056+0000] {processor.py:753} INFO - DAG(s) dict_keys(['example_time_delta_sensor_async']) retrieved from /home/airflow/.local/lib/python3.7/site-packages/airflow/example_dags/example_time_delta_sensor_async.py
[2023-05-14T05:52:47.081+0000] {logging_mixin.py:137} INFO - [2023-05-14T05:52:47.081+0000] {dag.py:2705} INFO - Sync 1 DAGs
[2023-05-14T05:52:47.099+0000] {logging_mixin.py:137} INFO - [2023-05-14T05:52:47.099+0000] {dag.py:3456} INFO - Setting next_dagrun for example_time_delta_sensor_async to None, run_after=None
[2023-05-14T05:52:47.112+0000] {processor.py:175} INFO - Processing /home/airflow/.local/lib/python3.7/site-packages/airflow/example_dags/example_time_delta_sensor_async.py took 0.077 seconds
[2023-05-14T05:53:17.521+0000] {processor.py:153} INFO - Started process (PID=12841) to work on /home/airflow/.local/lib/python3.7/site-packages/airflow/example_dags/example_time_delta_sensor_async.py
[2023-05-14T05:53:17.524+0000] {processor.py:743} INFO - Processing file /home/airflow/.local/lib/python3.7/site-packages/airflow/example_dags/example_time_delta_sensor_async.py for tasks to queue
[2023-05-14T05:53:17.526+0000] {logging_mixin.py:137} INFO - [2023-05-14T05:53:17.526+0000] {dagbag.py:532} INFO - Filling up the DagBag from /home/airflow/.local/lib/python3.7/site-packages/airflow/example_dags/example_time_delta_sensor_async.py
[2023-05-14T05:53:17.540+0000] {processor.py:753} INFO - DAG(s) dict_keys(['example_time_delta_sensor_async']) retrieved from /home/airflow/.local/lib/python3.7/site-packages/airflow/example_dags/example_time_delta_sensor_async.py
[2023-05-14T05:53:17.567+0000] {logging_mixin.py:137} INFO - [2023-05-14T05:53:17.567+0000] {dag.py:2705} INFO - Sync 1 DAGs
[2023-05-14T05:53:17.588+0000] {logging_mixin.py:137} INFO - [2023-05-14T05:53:17.588+0000] {dag.py:3456} INFO - Setting next_dagrun for example_time_delta_sensor_async to None, run_after=None
[2023-05-14T05:53:17.603+0000] {processor.py:175} INFO - Processing /home/airflow/.local/lib/python3.7/site-packages/airflow/example_dags/example_time_delta_sensor_async.py took 0.087 seconds
[2023-05-14T05:53:47.665+0000] {processor.py:153} INFO - Started process (PID=13066) to work on /home/airflow/.local/lib/python3.7/site-packages/airflow/example_dags/example_time_delta_sensor_async.py
[2023-05-14T05:53:47.669+0000] {processor.py:743} INFO - Processing file /home/airflow/.local/lib/python3.7/site-packages/airflow/example_dags/example_time_delta_sensor_async.py for tasks to queue
[2023-05-14T05:53:47.671+0000] {logging_mixin.py:137} INFO - [2023-05-14T05:53:47.671+0000] {dagbag.py:532} INFO - Filling up the DagBag from /home/airflow/.local/lib/python3.7/site-packages/airflow/example_dags/example_time_delta_sensor_async.py
[2023-05-14T05:53:47.684+0000] {processor.py:753} INFO - DAG(s) dict_keys(['example_time_delta_sensor_async']) retrieved from /home/airflow/.local/lib/python3.7/site-packages/airflow/example_dags/example_time_delta_sensor_async.py
[2023-05-14T05:53:47.711+0000] {logging_mixin.py:137} INFO - [2023-05-14T05:53:47.711+0000] {dag.py:2705} INFO - Sync 1 DAGs
[2023-05-14T05:53:47.729+0000] {logging_mixin.py:137} INFO - [2023-05-14T05:53:47.729+0000] {dag.py:3456} INFO - Setting next_dagrun for example_time_delta_sensor_async to None, run_after=None
[2023-05-14T05:53:47.743+0000] {processor.py:175} INFO - Processing /home/airflow/.local/lib/python3.7/site-packages/airflow/example_dags/example_time_delta_sensor_async.py took 0.082 seconds
[2023-05-14T05:54:18.067+0000] {processor.py:153} INFO - Started process (PID=13290) to work on /home/airflow/.local/lib/python3.7/site-packages/airflow/example_dags/example_time_delta_sensor_async.py
[2023-05-14T05:54:18.077+0000] {processor.py:743} INFO - Processing file /home/airflow/.local/lib/python3.7/site-packages/airflow/example_dags/example_time_delta_sensor_async.py for tasks to queue
[2023-05-14T05:54:18.078+0000] {logging_mixin.py:137} INFO - [2023-05-14T05:54:18.078+0000] {dagbag.py:532} INFO - Filling up the DagBag from /home/airflow/.local/lib/python3.7/site-packages/airflow/example_dags/example_time_delta_sensor_async.py
[2023-05-14T05:54:18.093+0000] {processor.py:753} INFO - DAG(s) dict_keys(['example_time_delta_sensor_async']) retrieved from /home/airflow/.local/lib/python3.7/site-packages/airflow/example_dags/example_time_delta_sensor_async.py
[2023-05-14T05:54:18.119+0000] {logging_mixin.py:137} INFO - [2023-05-14T05:54:18.119+0000] {dag.py:2705} INFO - Sync 1 DAGs
[2023-05-14T05:54:18.136+0000] {logging_mixin.py:137} INFO - [2023-05-14T05:54:18.135+0000] {dag.py:3456} INFO - Setting next_dagrun for example_time_delta_sensor_async to None, run_after=None
[2023-05-14T05:54:18.150+0000] {processor.py:175} INFO - Processing /home/airflow/.local/lib/python3.7/site-packages/airflow/example_dags/example_time_delta_sensor_async.py took 0.089 seconds
[2023-05-14T05:54:48.348+0000] {processor.py:153} INFO - Started process (PID=13513) to work on /home/airflow/.local/lib/python3.7/site-packages/airflow/example_dags/example_time_delta_sensor_async.py
[2023-05-14T05:54:48.350+0000] {processor.py:743} INFO - Processing file /home/airflow/.local/lib/python3.7/site-packages/airflow/example_dags/example_time_delta_sensor_async.py for tasks to queue
[2023-05-14T05:54:48.351+0000] {logging_mixin.py:137} INFO - [2023-05-14T05:54:48.351+0000] {dagbag.py:532} INFO - Filling up the DagBag from /home/airflow/.local/lib/python3.7/site-packages/airflow/example_dags/example_time_delta_sensor_async.py
[2023-05-14T05:54:48.364+0000] {processor.py:753} INFO - DAG(s) dict_keys(['example_time_delta_sensor_async']) retrieved from /home/airflow/.local/lib/python3.7/site-packages/airflow/example_dags/example_time_delta_sensor_async.py
[2023-05-14T05:54:48.390+0000] {logging_mixin.py:137} INFO - [2023-05-14T05:54:48.390+0000] {dag.py:2705} INFO - Sync 1 DAGs
[2023-05-14T05:54:48.409+0000] {logging_mixin.py:137} INFO - [2023-05-14T05:54:48.409+0000] {dag.py:3456} INFO - Setting next_dagrun for example_time_delta_sensor_async to None, run_after=None
[2023-05-14T05:54:48.422+0000] {processor.py:175} INFO - Processing /home/airflow/.local/lib/python3.7/site-packages/airflow/example_dags/example_time_delta_sensor_async.py took 0.078 seconds
[2023-05-14T05:55:18.709+0000] {processor.py:153} INFO - Started process (PID=13737) to work on /home/airflow/.local/lib/python3.7/site-packages/airflow/example_dags/example_time_delta_sensor_async.py
[2023-05-14T05:55:18.713+0000] {processor.py:743} INFO - Processing file /home/airflow/.local/lib/python3.7/site-packages/airflow/example_dags/example_time_delta_sensor_async.py for tasks to queue
[2023-05-14T05:55:18.715+0000] {logging_mixin.py:137} INFO - [2023-05-14T05:55:18.715+0000] {dagbag.py:532} INFO - Filling up the DagBag from /home/airflow/.local/lib/python3.7/site-packages/airflow/example_dags/example_time_delta_sensor_async.py
[2023-05-14T05:55:18.731+0000] {processor.py:753} INFO - DAG(s) dict_keys(['example_time_delta_sensor_async']) retrieved from /home/airflow/.local/lib/python3.7/site-packages/airflow/example_dags/example_time_delta_sensor_async.py
[2023-05-14T05:55:18.758+0000] {logging_mixin.py:137} INFO - [2023-05-14T05:55:18.758+0000] {dag.py:2705} INFO - Sync 1 DAGs
[2023-05-14T05:55:18.774+0000] {logging_mixin.py:137} INFO - [2023-05-14T05:55:18.774+0000] {dag.py:3456} INFO - Setting next_dagrun for example_time_delta_sensor_async to None, run_after=None
[2023-05-14T05:55:18.787+0000] {processor.py:175} INFO - Processing /home/airflow/.local/lib/python3.7/site-packages/airflow/example_dags/example_time_delta_sensor_async.py took 0.084 seconds
[2023-05-14T05:55:49.093+0000] {processor.py:153} INFO - Started process (PID=13961) to work on /home/airflow/.local/lib/python3.7/site-packages/airflow/example_dags/example_time_delta_sensor_async.py
[2023-05-14T05:55:49.096+0000] {processor.py:743} INFO - Processing file /home/airflow/.local/lib/python3.7/site-packages/airflow/example_dags/example_time_delta_sensor_async.py for tasks to queue
[2023-05-14T05:55:49.097+0000] {logging_mixin.py:137} INFO - [2023-05-14T05:55:49.097+0000] {dagbag.py:532} INFO - Filling up the DagBag from /home/airflow/.local/lib/python3.7/site-packages/airflow/example_dags/example_time_delta_sensor_async.py
[2023-05-14T05:55:49.132+0000] {processor.py:753} INFO - DAG(s) dict_keys(['example_time_delta_sensor_async']) retrieved from /home/airflow/.local/lib/python3.7/site-packages/airflow/example_dags/example_time_delta_sensor_async.py
[2023-05-14T05:55:49.157+0000] {logging_mixin.py:137} INFO - [2023-05-14T05:55:49.156+0000] {dag.py:2705} INFO - Sync 1 DAGs
[2023-05-14T05:55:49.173+0000] {logging_mixin.py:137} INFO - [2023-05-14T05:55:49.173+0000] {dag.py:3456} INFO - Setting next_dagrun for example_time_delta_sensor_async to None, run_after=None
[2023-05-14T05:55:49.186+0000] {processor.py:175} INFO - Processing /home/airflow/.local/lib/python3.7/site-packages/airflow/example_dags/example_time_delta_sensor_async.py took 0.100 seconds
[2023-05-14T05:56:19.423+0000] {processor.py:153} INFO - Started process (PID=14185) to work on /home/airflow/.local/lib/python3.7/site-packages/airflow/example_dags/example_time_delta_sensor_async.py
[2023-05-14T05:56:19.426+0000] {processor.py:743} INFO - Processing file /home/airflow/.local/lib/python3.7/site-packages/airflow/example_dags/example_time_delta_sensor_async.py for tasks to queue
[2023-05-14T05:56:19.430+0000] {logging_mixin.py:137} INFO - [2023-05-14T05:56:19.429+0000] {dagbag.py:532} INFO - Filling up the DagBag from /home/airflow/.local/lib/python3.7/site-packages/airflow/example_dags/example_time_delta_sensor_async.py
[2023-05-14T05:56:19.448+0000] {processor.py:753} INFO - DAG(s) dict_keys(['example_time_delta_sensor_async']) retrieved from /home/airflow/.local/lib/python3.7/site-packages/airflow/example_dags/example_time_delta_sensor_async.py
[2023-05-14T05:56:19.470+0000] {logging_mixin.py:137} INFO - [2023-05-14T05:56:19.470+0000] {dag.py:2705} INFO - Sync 1 DAGs
[2023-05-14T05:56:19.488+0000] {logging_mixin.py:137} INFO - [2023-05-14T05:56:19.488+0000] {dag.py:3456} INFO - Setting next_dagrun for example_time_delta_sensor_async to None, run_after=None
[2023-05-14T05:56:19.501+0000] {processor.py:175} INFO - Processing /home/airflow/.local/lib/python3.7/site-packages/airflow/example_dags/example_time_delta_sensor_async.py took 0.083 seconds
[2023-05-14T05:56:50.260+0000] {processor.py:153} INFO - Started process (PID=14409) to work on /home/airflow/.local/lib/python3.7/site-packages/airflow/example_dags/example_time_delta_sensor_async.py
[2023-05-14T05:56:50.281+0000] {processor.py:743} INFO - Processing file /home/airflow/.local/lib/python3.7/site-packages/airflow/example_dags/example_time_delta_sensor_async.py for tasks to queue
[2023-05-14T05:56:50.285+0000] {logging_mixin.py:137} INFO - [2023-05-14T05:56:50.285+0000] {dagbag.py:532} INFO - Filling up the DagBag from /home/airflow/.local/lib/python3.7/site-packages/airflow/example_dags/example_time_delta_sensor_async.py
[2023-05-14T05:56:50.307+0000] {processor.py:753} INFO - DAG(s) dict_keys(['example_time_delta_sensor_async']) retrieved from /home/airflow/.local/lib/python3.7/site-packages/airflow/example_dags/example_time_delta_sensor_async.py
[2023-05-14T05:56:50.347+0000] {logging_mixin.py:137} INFO - [2023-05-14T05:56:50.347+0000] {dag.py:2705} INFO - Sync 1 DAGs
[2023-05-14T05:56:50.369+0000] {logging_mixin.py:137} INFO - [2023-05-14T05:56:50.369+0000] {dag.py:3456} INFO - Setting next_dagrun for example_time_delta_sensor_async to None, run_after=None
[2023-05-14T05:56:50.383+0000] {processor.py:175} INFO - Processing /home/airflow/.local/lib/python3.7/site-packages/airflow/example_dags/example_time_delta_sensor_async.py took 0.131 seconds
[2023-05-14T05:57:21.152+0000] {processor.py:153} INFO - Started process (PID=14633) to work on /home/airflow/.local/lib/python3.7/site-packages/airflow/example_dags/example_time_delta_sensor_async.py
[2023-05-14T05:57:21.159+0000] {processor.py:743} INFO - Processing file /home/airflow/.local/lib/python3.7/site-packages/airflow/example_dags/example_time_delta_sensor_async.py for tasks to queue
[2023-05-14T05:57:21.165+0000] {logging_mixin.py:137} INFO - [2023-05-14T05:57:21.164+0000] {dagbag.py:532} INFO - Filling up the DagBag from /home/airflow/.local/lib/python3.7/site-packages/airflow/example_dags/example_time_delta_sensor_async.py
[2023-05-14T05:57:21.186+0000] {processor.py:753} INFO - DAG(s) dict_keys(['example_time_delta_sensor_async']) retrieved from /home/airflow/.local/lib/python3.7/site-packages/airflow/example_dags/example_time_delta_sensor_async.py
[2023-05-14T05:57:21.220+0000] {logging_mixin.py:137} INFO - [2023-05-14T05:57:21.220+0000] {dag.py:2705} INFO - Sync 1 DAGs
[2023-05-14T05:57:21.239+0000] {logging_mixin.py:137} INFO - [2023-05-14T05:57:21.239+0000] {dag.py:3456} INFO - Setting next_dagrun for example_time_delta_sensor_async to None, run_after=None
[2023-05-14T05:57:21.256+0000] {processor.py:175} INFO - Processing /home/airflow/.local/lib/python3.7/site-packages/airflow/example_dags/example_time_delta_sensor_async.py took 0.115 seconds
[2023-05-14T05:57:51.396+0000] {processor.py:153} INFO - Started process (PID=14857) to work on /home/airflow/.local/lib/python3.7/site-packages/airflow/example_dags/example_time_delta_sensor_async.py
[2023-05-14T05:57:51.400+0000] {processor.py:743} INFO - Processing file /home/airflow/.local/lib/python3.7/site-packages/airflow/example_dags/example_time_delta_sensor_async.py for tasks to queue
[2023-05-14T05:57:51.405+0000] {logging_mixin.py:137} INFO - [2023-05-14T05:57:51.405+0000] {dagbag.py:532} INFO - Filling up the DagBag from /home/airflow/.local/lib/python3.7/site-packages/airflow/example_dags/example_time_delta_sensor_async.py
[2023-05-14T05:57:51.419+0000] {processor.py:753} INFO - DAG(s) dict_keys(['example_time_delta_sensor_async']) retrieved from /home/airflow/.local/lib/python3.7/site-packages/airflow/example_dags/example_time_delta_sensor_async.py
[2023-05-14T05:57:51.452+0000] {logging_mixin.py:137} INFO - [2023-05-14T05:57:51.452+0000] {dag.py:2705} INFO - Sync 1 DAGs
[2023-05-14T05:57:51.470+0000] {logging_mixin.py:137} INFO - [2023-05-14T05:57:51.470+0000] {dag.py:3456} INFO - Setting next_dagrun for example_time_delta_sensor_async to None, run_after=None
[2023-05-14T05:57:51.485+0000] {processor.py:175} INFO - Processing /home/airflow/.local/lib/python3.7/site-packages/airflow/example_dags/example_time_delta_sensor_async.py took 0.094 seconds
[2023-05-14T05:58:21.793+0000] {processor.py:153} INFO - Started process (PID=15081) to work on /home/airflow/.local/lib/python3.7/site-packages/airflow/example_dags/example_time_delta_sensor_async.py
[2023-05-14T05:58:21.797+0000] {processor.py:743} INFO - Processing file /home/airflow/.local/lib/python3.7/site-packages/airflow/example_dags/example_time_delta_sensor_async.py for tasks to queue
[2023-05-14T05:58:21.799+0000] {logging_mixin.py:137} INFO - [2023-05-14T05:58:21.798+0000] {dagbag.py:532} INFO - Filling up the DagBag from /home/airflow/.local/lib/python3.7/site-packages/airflow/example_dags/example_time_delta_sensor_async.py
[2023-05-14T05:58:21.814+0000] {processor.py:753} INFO - DAG(s) dict_keys(['example_time_delta_sensor_async']) retrieved from /home/airflow/.local/lib/python3.7/site-packages/airflow/example_dags/example_time_delta_sensor_async.py
[2023-05-14T05:58:21.840+0000] {logging_mixin.py:137} INFO - [2023-05-14T05:58:21.840+0000] {dag.py:2705} INFO - Sync 1 DAGs
[2023-05-14T05:58:21.859+0000] {logging_mixin.py:137} INFO - [2023-05-14T05:58:21.859+0000] {dag.py:3456} INFO - Setting next_dagrun for example_time_delta_sensor_async to None, run_after=None
[2023-05-14T05:58:21.902+0000] {processor.py:175} INFO - Processing /home/airflow/.local/lib/python3.7/site-packages/airflow/example_dags/example_time_delta_sensor_async.py took 0.115 seconds
[2023-05-14T05:58:52.085+0000] {processor.py:153} INFO - Started process (PID=15305) to work on /home/airflow/.local/lib/python3.7/site-packages/airflow/example_dags/example_time_delta_sensor_async.py
[2023-05-14T05:58:52.088+0000] {processor.py:743} INFO - Processing file /home/airflow/.local/lib/python3.7/site-packages/airflow/example_dags/example_time_delta_sensor_async.py for tasks to queue
[2023-05-14T05:58:52.090+0000] {logging_mixin.py:137} INFO - [2023-05-14T05:58:52.090+0000] {dagbag.py:532} INFO - Filling up the DagBag from /home/airflow/.local/lib/python3.7/site-packages/airflow/example_dags/example_time_delta_sensor_async.py
[2023-05-14T05:58:52.104+0000] {processor.py:753} INFO - DAG(s) dict_keys(['example_time_delta_sensor_async']) retrieved from /home/airflow/.local/lib/python3.7/site-packages/airflow/example_dags/example_time_delta_sensor_async.py
[2023-05-14T05:58:52.131+0000] {logging_mixin.py:137} INFO - [2023-05-14T05:58:52.131+0000] {dag.py:2705} INFO - Sync 1 DAGs
[2023-05-14T05:58:52.149+0000] {logging_mixin.py:137} INFO - [2023-05-14T05:58:52.149+0000] {dag.py:3456} INFO - Setting next_dagrun for example_time_delta_sensor_async to None, run_after=None
[2023-05-14T05:58:52.164+0000] {processor.py:175} INFO - Processing /home/airflow/.local/lib/python3.7/site-packages/airflow/example_dags/example_time_delta_sensor_async.py took 0.087 seconds
[2023-05-14T05:59:22.355+0000] {processor.py:153} INFO - Started process (PID=15529) to work on /home/airflow/.local/lib/python3.7/site-packages/airflow/example_dags/example_time_delta_sensor_async.py
[2023-05-14T05:59:22.358+0000] {processor.py:743} INFO - Processing file /home/airflow/.local/lib/python3.7/site-packages/airflow/example_dags/example_time_delta_sensor_async.py for tasks to queue
[2023-05-14T05:59:22.362+0000] {logging_mixin.py:137} INFO - [2023-05-14T05:59:22.362+0000] {dagbag.py:532} INFO - Filling up the DagBag from /home/airflow/.local/lib/python3.7/site-packages/airflow/example_dags/example_time_delta_sensor_async.py
[2023-05-14T05:59:22.381+0000] {processor.py:753} INFO - DAG(s) dict_keys(['example_time_delta_sensor_async']) retrieved from /home/airflow/.local/lib/python3.7/site-packages/airflow/example_dags/example_time_delta_sensor_async.py
[2023-05-14T05:59:22.415+0000] {logging_mixin.py:137} INFO - [2023-05-14T05:59:22.415+0000] {dag.py:2705} INFO - Sync 1 DAGs
[2023-05-14T05:59:22.436+0000] {logging_mixin.py:137} INFO - [2023-05-14T05:59:22.436+0000] {dag.py:3456} INFO - Setting next_dagrun for example_time_delta_sensor_async to None, run_after=None
[2023-05-14T05:59:22.453+0000] {processor.py:175} INFO - Processing /home/airflow/.local/lib/python3.7/site-packages/airflow/example_dags/example_time_delta_sensor_async.py took 0.104 seconds
[2023-05-14T05:59:52.896+0000] {processor.py:153} INFO - Started process (PID=15753) to work on /home/airflow/.local/lib/python3.7/site-packages/airflow/example_dags/example_time_delta_sensor_async.py
[2023-05-14T05:59:52.899+0000] {processor.py:743} INFO - Processing file /home/airflow/.local/lib/python3.7/site-packages/airflow/example_dags/example_time_delta_sensor_async.py for tasks to queue
[2023-05-14T05:59:52.906+0000] {logging_mixin.py:137} INFO - [2023-05-14T05:59:52.906+0000] {dagbag.py:532} INFO - Filling up the DagBag from /home/airflow/.local/lib/python3.7/site-packages/airflow/example_dags/example_time_delta_sensor_async.py
[2023-05-14T05:59:52.923+0000] {processor.py:753} INFO - DAG(s) dict_keys(['example_time_delta_sensor_async']) retrieved from /home/airflow/.local/lib/python3.7/site-packages/airflow/example_dags/example_time_delta_sensor_async.py
[2023-05-14T05:59:52.952+0000] {logging_mixin.py:137} INFO - [2023-05-14T05:59:52.952+0000] {dag.py:2705} INFO - Sync 1 DAGs
[2023-05-14T05:59:52.970+0000] {logging_mixin.py:137} INFO - [2023-05-14T05:59:52.969+0000] {dag.py:3456} INFO - Setting next_dagrun for example_time_delta_sensor_async to None, run_after=None
[2023-05-14T05:59:52.984+0000] {processor.py:175} INFO - Processing /home/airflow/.local/lib/python3.7/site-packages/airflow/example_dags/example_time_delta_sensor_async.py took 0.094 seconds
[2023-05-14T06:00:23.048+0000] {processor.py:153} INFO - Started process (PID=15977) to work on /home/airflow/.local/lib/python3.7/site-packages/airflow/example_dags/example_time_delta_sensor_async.py
[2023-05-14T06:00:23.052+0000] {processor.py:743} INFO - Processing file /home/airflow/.local/lib/python3.7/site-packages/airflow/example_dags/example_time_delta_sensor_async.py for tasks to queue
[2023-05-14T06:00:23.055+0000] {logging_mixin.py:137} INFO - [2023-05-14T06:00:23.054+0000] {dagbag.py:532} INFO - Filling up the DagBag from /home/airflow/.local/lib/python3.7/site-packages/airflow/example_dags/example_time_delta_sensor_async.py
[2023-05-14T06:00:23.069+0000] {processor.py:753} INFO - DAG(s) dict_keys(['example_time_delta_sensor_async']) retrieved from /home/airflow/.local/lib/python3.7/site-packages/airflow/example_dags/example_time_delta_sensor_async.py
[2023-05-14T06:00:23.094+0000] {logging_mixin.py:137} INFO - [2023-05-14T06:00:23.094+0000] {dag.py:2705} INFO - Sync 1 DAGs
[2023-05-14T06:00:23.113+0000] {logging_mixin.py:137} INFO - [2023-05-14T06:00:23.113+0000] {dag.py:3456} INFO - Setting next_dagrun for example_time_delta_sensor_async to None, run_after=None
[2023-05-14T06:00:23.137+0000] {processor.py:175} INFO - Processing /home/airflow/.local/lib/python3.7/site-packages/airflow/example_dags/example_time_delta_sensor_async.py took 0.094 seconds
[2023-05-14T06:00:53.911+0000] {processor.py:153} INFO - Started process (PID=16201) to work on /home/airflow/.local/lib/python3.7/site-packages/airflow/example_dags/example_time_delta_sensor_async.py
[2023-05-14T06:00:53.917+0000] {processor.py:743} INFO - Processing file /home/airflow/.local/lib/python3.7/site-packages/airflow/example_dags/example_time_delta_sensor_async.py for tasks to queue
[2023-05-14T06:00:53.919+0000] {logging_mixin.py:137} INFO - [2023-05-14T06:00:53.918+0000] {dagbag.py:532} INFO - Filling up the DagBag from /home/airflow/.local/lib/python3.7/site-packages/airflow/example_dags/example_time_delta_sensor_async.py
[2023-05-14T06:00:53.937+0000] {processor.py:753} INFO - DAG(s) dict_keys(['example_time_delta_sensor_async']) retrieved from /home/airflow/.local/lib/python3.7/site-packages/airflow/example_dags/example_time_delta_sensor_async.py
[2023-05-14T06:00:53.970+0000] {logging_mixin.py:137} INFO - [2023-05-14T06:00:53.970+0000] {dag.py:2705} INFO - Sync 1 DAGs
[2023-05-14T06:00:53.987+0000] {logging_mixin.py:137} INFO - [2023-05-14T06:00:53.987+0000] {dag.py:3456} INFO - Setting next_dagrun for example_time_delta_sensor_async to None, run_after=None
[2023-05-14T06:00:54.002+0000] {processor.py:175} INFO - Processing /home/airflow/.local/lib/python3.7/site-packages/airflow/example_dags/example_time_delta_sensor_async.py took 0.098 seconds
[2023-05-14T06:01:24.619+0000] {processor.py:153} INFO - Started process (PID=16429) to work on /home/airflow/.local/lib/python3.7/site-packages/airflow/example_dags/example_time_delta_sensor_async.py
[2023-05-14T06:01:24.621+0000] {processor.py:743} INFO - Processing file /home/airflow/.local/lib/python3.7/site-packages/airflow/example_dags/example_time_delta_sensor_async.py for tasks to queue
[2023-05-14T06:01:24.623+0000] {logging_mixin.py:137} INFO - [2023-05-14T06:01:24.623+0000] {dagbag.py:532} INFO - Filling up the DagBag from /home/airflow/.local/lib/python3.7/site-packages/airflow/example_dags/example_time_delta_sensor_async.py
[2023-05-14T06:01:24.645+0000] {processor.py:753} INFO - DAG(s) dict_keys(['example_time_delta_sensor_async']) retrieved from /home/airflow/.local/lib/python3.7/site-packages/airflow/example_dags/example_time_delta_sensor_async.py
[2023-05-14T06:01:24.679+0000] {logging_mixin.py:137} INFO - [2023-05-14T06:01:24.679+0000] {dag.py:2705} INFO - Sync 1 DAGs
[2023-05-14T06:01:24.699+0000] {logging_mixin.py:137} INFO - [2023-05-14T06:01:24.699+0000] {dag.py:3456} INFO - Setting next_dagrun for example_time_delta_sensor_async to None, run_after=None
[2023-05-14T06:01:24.715+0000] {processor.py:175} INFO - Processing /home/airflow/.local/lib/python3.7/site-packages/airflow/example_dags/example_time_delta_sensor_async.py took 0.099 seconds
[2023-05-14T06:01:55.215+0000] {processor.py:153} INFO - Started process (PID=16653) to work on /home/airflow/.local/lib/python3.7/site-packages/airflow/example_dags/example_time_delta_sensor_async.py
[2023-05-14T06:01:55.219+0000] {processor.py:743} INFO - Processing file /home/airflow/.local/lib/python3.7/site-packages/airflow/example_dags/example_time_delta_sensor_async.py for tasks to queue
[2023-05-14T06:01:55.222+0000] {logging_mixin.py:137} INFO - [2023-05-14T06:01:55.222+0000] {dagbag.py:532} INFO - Filling up the DagBag from /home/airflow/.local/lib/python3.7/site-packages/airflow/example_dags/example_time_delta_sensor_async.py
[2023-05-14T06:01:55.240+0000] {processor.py:753} INFO - DAG(s) dict_keys(['example_time_delta_sensor_async']) retrieved from /home/airflow/.local/lib/python3.7/site-packages/airflow/example_dags/example_time_delta_sensor_async.py
[2023-05-14T06:01:55.268+0000] {logging_mixin.py:137} INFO - [2023-05-14T06:01:55.268+0000] {dag.py:2705} INFO - Sync 1 DAGs
[2023-05-14T06:01:55.286+0000] {logging_mixin.py:137} INFO - [2023-05-14T06:01:55.286+0000] {dag.py:3456} INFO - Setting next_dagrun for example_time_delta_sensor_async to None, run_after=None
[2023-05-14T06:01:55.300+0000] {processor.py:175} INFO - Processing /home/airflow/.local/lib/python3.7/site-packages/airflow/example_dags/example_time_delta_sensor_async.py took 0.090 seconds
[2023-05-14T06:02:25.519+0000] {processor.py:153} INFO - Started process (PID=16886) to work on /home/airflow/.local/lib/python3.7/site-packages/airflow/example_dags/example_time_delta_sensor_async.py
[2023-05-14T06:02:25.525+0000] {processor.py:743} INFO - Processing file /home/airflow/.local/lib/python3.7/site-packages/airflow/example_dags/example_time_delta_sensor_async.py for tasks to queue
[2023-05-14T06:02:25.527+0000] {logging_mixin.py:137} INFO - [2023-05-14T06:02:25.527+0000] {dagbag.py:532} INFO - Filling up the DagBag from /home/airflow/.local/lib/python3.7/site-packages/airflow/example_dags/example_time_delta_sensor_async.py
[2023-05-14T06:02:25.544+0000] {processor.py:753} INFO - DAG(s) dict_keys(['example_time_delta_sensor_async']) retrieved from /home/airflow/.local/lib/python3.7/site-packages/airflow/example_dags/example_time_delta_sensor_async.py
[2023-05-14T06:02:25.580+0000] {logging_mixin.py:137} INFO - [2023-05-14T06:02:25.580+0000] {dag.py:2705} INFO - Sync 1 DAGs
[2023-05-14T06:02:25.600+0000] {logging_mixin.py:137} INFO - [2023-05-14T06:02:25.600+0000] {dag.py:3456} INFO - Setting next_dagrun for example_time_delta_sensor_async to None, run_after=None
[2023-05-14T06:02:25.615+0000] {processor.py:175} INFO - Processing /home/airflow/.local/lib/python3.7/site-packages/airflow/example_dags/example_time_delta_sensor_async.py took 0.103 seconds
[2023-05-14T06:02:56.127+0000] {processor.py:153} INFO - Started process (PID=17110) to work on /home/airflow/.local/lib/python3.7/site-packages/airflow/example_dags/example_time_delta_sensor_async.py
[2023-05-14T06:02:56.130+0000] {processor.py:743} INFO - Processing file /home/airflow/.local/lib/python3.7/site-packages/airflow/example_dags/example_time_delta_sensor_async.py for tasks to queue
[2023-05-14T06:02:56.132+0000] {logging_mixin.py:137} INFO - [2023-05-14T06:02:56.132+0000] {dagbag.py:532} INFO - Filling up the DagBag from /home/airflow/.local/lib/python3.7/site-packages/airflow/example_dags/example_time_delta_sensor_async.py
[2023-05-14T06:02:56.150+0000] {processor.py:753} INFO - DAG(s) dict_keys(['example_time_delta_sensor_async']) retrieved from /home/airflow/.local/lib/python3.7/site-packages/airflow/example_dags/example_time_delta_sensor_async.py
[2023-05-14T06:02:56.176+0000] {logging_mixin.py:137} INFO - [2023-05-14T06:02:56.175+0000] {dag.py:2705} INFO - Sync 1 DAGs
[2023-05-14T06:02:56.194+0000] {logging_mixin.py:137} INFO - [2023-05-14T06:02:56.194+0000] {dag.py:3456} INFO - Setting next_dagrun for example_time_delta_sensor_async to None, run_after=None
[2023-05-14T06:02:56.208+0000] {processor.py:175} INFO - Processing /home/airflow/.local/lib/python3.7/site-packages/airflow/example_dags/example_time_delta_sensor_async.py took 0.089 seconds
[2023-05-14T06:03:26.578+0000] {processor.py:153} INFO - Started process (PID=17335) to work on /home/airflow/.local/lib/python3.7/site-packages/airflow/example_dags/example_time_delta_sensor_async.py
[2023-05-14T06:03:26.583+0000] {processor.py:743} INFO - Processing file /home/airflow/.local/lib/python3.7/site-packages/airflow/example_dags/example_time_delta_sensor_async.py for tasks to queue
[2023-05-14T06:03:26.585+0000] {logging_mixin.py:137} INFO - [2023-05-14T06:03:26.585+0000] {dagbag.py:532} INFO - Filling up the DagBag from /home/airflow/.local/lib/python3.7/site-packages/airflow/example_dags/example_time_delta_sensor_async.py
[2023-05-14T06:03:26.604+0000] {processor.py:753} INFO - DAG(s) dict_keys(['example_time_delta_sensor_async']) retrieved from /home/airflow/.local/lib/python3.7/site-packages/airflow/example_dags/example_time_delta_sensor_async.py
[2023-05-14T06:03:26.629+0000] {logging_mixin.py:137} INFO - [2023-05-14T06:03:26.629+0000] {dag.py:2705} INFO - Sync 1 DAGs
[2023-05-14T06:03:26.646+0000] {logging_mixin.py:137} INFO - [2023-05-14T06:03:26.646+0000] {dag.py:3456} INFO - Setting next_dagrun for example_time_delta_sensor_async to None, run_after=None
[2023-05-14T06:03:26.660+0000] {processor.py:175} INFO - Processing /home/airflow/.local/lib/python3.7/site-packages/airflow/example_dags/example_time_delta_sensor_async.py took 0.095 seconds
[2023-05-14T06:03:57.226+0000] {processor.py:153} INFO - Started process (PID=17560) to work on /home/airflow/.local/lib/python3.7/site-packages/airflow/example_dags/example_time_delta_sensor_async.py
[2023-05-14T06:03:57.229+0000] {processor.py:743} INFO - Processing file /home/airflow/.local/lib/python3.7/site-packages/airflow/example_dags/example_time_delta_sensor_async.py for tasks to queue
[2023-05-14T06:03:57.231+0000] {logging_mixin.py:137} INFO - [2023-05-14T06:03:57.231+0000] {dagbag.py:532} INFO - Filling up the DagBag from /home/airflow/.local/lib/python3.7/site-packages/airflow/example_dags/example_time_delta_sensor_async.py
[2023-05-14T06:03:57.248+0000] {processor.py:753} INFO - DAG(s) dict_keys(['example_time_delta_sensor_async']) retrieved from /home/airflow/.local/lib/python3.7/site-packages/airflow/example_dags/example_time_delta_sensor_async.py
[2023-05-14T06:03:57.340+0000] {logging_mixin.py:137} INFO - [2023-05-14T06:03:57.340+0000] {dag.py:2705} INFO - Sync 1 DAGs
[2023-05-14T06:03:57.374+0000] {logging_mixin.py:137} INFO - [2023-05-14T06:03:57.374+0000] {dag.py:3456} INFO - Setting next_dagrun for example_time_delta_sensor_async to None, run_after=None
[2023-05-14T06:03:57.388+0000] {processor.py:175} INFO - Processing /home/airflow/.local/lib/python3.7/site-packages/airflow/example_dags/example_time_delta_sensor_async.py took 0.166 seconds
[2023-05-14T06:04:27.767+0000] {processor.py:153} INFO - Started process (PID=17783) to work on /home/airflow/.local/lib/python3.7/site-packages/airflow/example_dags/example_time_delta_sensor_async.py
[2023-05-14T06:04:27.771+0000] {processor.py:743} INFO - Processing file /home/airflow/.local/lib/python3.7/site-packages/airflow/example_dags/example_time_delta_sensor_async.py for tasks to queue
[2023-05-14T06:04:27.777+0000] {logging_mixin.py:137} INFO - [2023-05-14T06:04:27.777+0000] {dagbag.py:532} INFO - Filling up the DagBag from /home/airflow/.local/lib/python3.7/site-packages/airflow/example_dags/example_time_delta_sensor_async.py
[2023-05-14T06:04:27.794+0000] {processor.py:753} INFO - DAG(s) dict_keys(['example_time_delta_sensor_async']) retrieved from /home/airflow/.local/lib/python3.7/site-packages/airflow/example_dags/example_time_delta_sensor_async.py
[2023-05-14T06:04:27.819+0000] {logging_mixin.py:137} INFO - [2023-05-14T06:04:27.819+0000] {dag.py:2705} INFO - Sync 1 DAGs
[2023-05-14T06:04:27.836+0000] {logging_mixin.py:137} INFO - [2023-05-14T06:04:27.836+0000] {dag.py:3456} INFO - Setting next_dagrun for example_time_delta_sensor_async to None, run_after=None
[2023-05-14T06:04:27.848+0000] {processor.py:175} INFO - Processing /home/airflow/.local/lib/python3.7/site-packages/airflow/example_dags/example_time_delta_sensor_async.py took 0.087 seconds
[2023-05-14T06:04:58.077+0000] {processor.py:153} INFO - Started process (PID=18007) to work on /home/airflow/.local/lib/python3.7/site-packages/airflow/example_dags/example_time_delta_sensor_async.py
[2023-05-14T06:04:58.079+0000] {processor.py:743} INFO - Processing file /home/airflow/.local/lib/python3.7/site-packages/airflow/example_dags/example_time_delta_sensor_async.py for tasks to queue
[2023-05-14T06:04:58.081+0000] {logging_mixin.py:137} INFO - [2023-05-14T06:04:58.081+0000] {dagbag.py:532} INFO - Filling up the DagBag from /home/airflow/.local/lib/python3.7/site-packages/airflow/example_dags/example_time_delta_sensor_async.py
[2023-05-14T06:04:58.099+0000] {processor.py:753} INFO - DAG(s) dict_keys(['example_time_delta_sensor_async']) retrieved from /home/airflow/.local/lib/python3.7/site-packages/airflow/example_dags/example_time_delta_sensor_async.py
[2023-05-14T06:04:58.124+0000] {logging_mixin.py:137} INFO - [2023-05-14T06:04:58.124+0000] {dag.py:2705} INFO - Sync 1 DAGs
[2023-05-14T06:04:58.147+0000] {logging_mixin.py:137} INFO - [2023-05-14T06:04:58.147+0000] {dag.py:3456} INFO - Setting next_dagrun for example_time_delta_sensor_async to None, run_after=None
[2023-05-14T06:04:58.160+0000] {processor.py:175} INFO - Processing /home/airflow/.local/lib/python3.7/site-packages/airflow/example_dags/example_time_delta_sensor_async.py took 0.089 seconds
[2023-05-14T06:05:28.575+0000] {processor.py:153} INFO - Started process (PID=18231) to work on /home/airflow/.local/lib/python3.7/site-packages/airflow/example_dags/example_time_delta_sensor_async.py
[2023-05-14T06:05:28.577+0000] {processor.py:743} INFO - Processing file /home/airflow/.local/lib/python3.7/site-packages/airflow/example_dags/example_time_delta_sensor_async.py for tasks to queue
[2023-05-14T06:05:28.578+0000] {logging_mixin.py:137} INFO - [2023-05-14T06:05:28.578+0000] {dagbag.py:532} INFO - Filling up the DagBag from /home/airflow/.local/lib/python3.7/site-packages/airflow/example_dags/example_time_delta_sensor_async.py
[2023-05-14T06:05:28.593+0000] {processor.py:753} INFO - DAG(s) dict_keys(['example_time_delta_sensor_async']) retrieved from /home/airflow/.local/lib/python3.7/site-packages/airflow/example_dags/example_time_delta_sensor_async.py
[2023-05-14T06:05:28.619+0000] {logging_mixin.py:137} INFO - [2023-05-14T06:05:28.619+0000] {dag.py:2705} INFO - Sync 1 DAGs
[2023-05-14T06:05:28.638+0000] {logging_mixin.py:137} INFO - [2023-05-14T06:05:28.638+0000] {dag.py:3456} INFO - Setting next_dagrun for example_time_delta_sensor_async to None, run_after=None
[2023-05-14T06:05:28.665+0000] {processor.py:175} INFO - Processing /home/airflow/.local/lib/python3.7/site-packages/airflow/example_dags/example_time_delta_sensor_async.py took 0.094 seconds
[2023-05-14T06:05:58.949+0000] {processor.py:153} INFO - Started process (PID=18455) to work on /home/airflow/.local/lib/python3.7/site-packages/airflow/example_dags/example_time_delta_sensor_async.py
[2023-05-14T06:05:58.952+0000] {processor.py:743} INFO - Processing file /home/airflow/.local/lib/python3.7/site-packages/airflow/example_dags/example_time_delta_sensor_async.py for tasks to queue
[2023-05-14T06:05:58.955+0000] {logging_mixin.py:137} INFO - [2023-05-14T06:05:58.954+0000] {dagbag.py:532} INFO - Filling up the DagBag from /home/airflow/.local/lib/python3.7/site-packages/airflow/example_dags/example_time_delta_sensor_async.py
[2023-05-14T06:05:58.973+0000] {processor.py:753} INFO - DAG(s) dict_keys(['example_time_delta_sensor_async']) retrieved from /home/airflow/.local/lib/python3.7/site-packages/airflow/example_dags/example_time_delta_sensor_async.py
[2023-05-14T06:05:58.999+0000] {logging_mixin.py:137} INFO - [2023-05-14T06:05:58.999+0000] {dag.py:2705} INFO - Sync 1 DAGs
[2023-05-14T06:05:59.002+0000] {logging_mixin.py:137} INFO - [2023-05-14T06:05:59.002+0000] {dag.py:3456} INFO - Setting next_dagrun for example_time_delta_sensor_async to None, run_after=None
[2023-05-14T06:05:59.016+0000] {processor.py:175} INFO - Processing /home/airflow/.local/lib/python3.7/site-packages/airflow/example_dags/example_time_delta_sensor_async.py took 0.088 seconds
[2023-05-14T06:06:29.604+0000] {processor.py:153} INFO - Started process (PID=18680) to work on /home/airflow/.local/lib/python3.7/site-packages/airflow/example_dags/example_time_delta_sensor_async.py
[2023-05-14T06:06:29.607+0000] {processor.py:743} INFO - Processing file /home/airflow/.local/lib/python3.7/site-packages/airflow/example_dags/example_time_delta_sensor_async.py for tasks to queue
[2023-05-14T06:06:29.609+0000] {logging_mixin.py:137} INFO - [2023-05-14T06:06:29.609+0000] {dagbag.py:532} INFO - Filling up the DagBag from /home/airflow/.local/lib/python3.7/site-packages/airflow/example_dags/example_time_delta_sensor_async.py
[2023-05-14T06:06:29.630+0000] {processor.py:753} INFO - DAG(s) dict_keys(['example_time_delta_sensor_async']) retrieved from /home/airflow/.local/lib/python3.7/site-packages/airflow/example_dags/example_time_delta_sensor_async.py
[2023-05-14T06:06:29.658+0000] {logging_mixin.py:137} INFO - [2023-05-14T06:06:29.658+0000] {dag.py:2705} INFO - Sync 1 DAGs
[2023-05-14T06:06:29.675+0000] {logging_mixin.py:137} INFO - [2023-05-14T06:06:29.675+0000] {dag.py:3456} INFO - Setting next_dagrun for example_time_delta_sensor_async to None, run_after=None
[2023-05-14T06:06:29.704+0000] {processor.py:175} INFO - Processing /home/airflow/.local/lib/python3.7/site-packages/airflow/example_dags/example_time_delta_sensor_async.py took 0.108 seconds
[2023-05-14T06:07:00.140+0000] {processor.py:153} INFO - Started process (PID=18904) to work on /home/airflow/.local/lib/python3.7/site-packages/airflow/example_dags/example_time_delta_sensor_async.py
[2023-05-14T06:07:00.143+0000] {processor.py:743} INFO - Processing file /home/airflow/.local/lib/python3.7/site-packages/airflow/example_dags/example_time_delta_sensor_async.py for tasks to queue
[2023-05-14T06:07:00.145+0000] {logging_mixin.py:137} INFO - [2023-05-14T06:07:00.145+0000] {dagbag.py:532} INFO - Filling up the DagBag from /home/airflow/.local/lib/python3.7/site-packages/airflow/example_dags/example_time_delta_sensor_async.py
[2023-05-14T06:07:00.169+0000] {processor.py:753} INFO - DAG(s) dict_keys(['example_time_delta_sensor_async']) retrieved from /home/airflow/.local/lib/python3.7/site-packages/airflow/example_dags/example_time_delta_sensor_async.py
[2023-05-14T06:07:00.196+0000] {logging_mixin.py:137} INFO - [2023-05-14T06:07:00.196+0000] {dag.py:2705} INFO - Sync 1 DAGs
[2023-05-14T06:07:00.214+0000] {logging_mixin.py:137} INFO - [2023-05-14T06:07:00.214+0000] {dag.py:3456} INFO - Setting next_dagrun for example_time_delta_sensor_async to None, run_after=None
[2023-05-14T06:07:00.228+0000] {processor.py:175} INFO - Processing /home/airflow/.local/lib/python3.7/site-packages/airflow/example_dags/example_time_delta_sensor_async.py took 0.094 seconds
