[2023-05-14T00:21:08.122+0000] {processor.py:153} INFO - Started process (PID=2983) to work on /home/airflow/.local/lib/python3.7/site-packages/airflow/example_dags/example_branch_labels.py
[2023-05-14T00:21:08.123+0000] {processor.py:743} INFO - Processing file /home/airflow/.local/lib/python3.7/site-packages/airflow/example_dags/example_branch_labels.py for tasks to queue
[2023-05-14T00:21:08.124+0000] {logging_mixin.py:137} INFO - [2023-05-14T00:21:08.124+0000] {dagbag.py:532} INFO - Filling up the DagBag from /home/airflow/.local/lib/python3.7/site-packages/airflow/example_dags/example_branch_labels.py
[2023-05-14T00:21:08.136+0000] {processor.py:753} INFO - DAG(s) dict_keys(['example_branch_labels']) retrieved from /home/airflow/.local/lib/python3.7/site-packages/airflow/example_dags/example_branch_labels.py
[2023-05-14T00:21:08.157+0000] {logging_mixin.py:137} INFO - [2023-05-14T00:21:08.157+0000] {dag.py:2705} INFO - Sync 1 DAGs
[2023-05-14T00:21:08.178+0000] {logging_mixin.py:137} INFO - [2023-05-14T00:21:08.178+0000] {dag.py:3456} INFO - Setting next_dagrun for example_branch_labels to 2023-05-13T00:00:00+00:00, run_after=2023-05-14T00:00:00+00:00
[2023-05-14T00:21:08.191+0000] {processor.py:175} INFO - Processing /home/airflow/.local/lib/python3.7/site-packages/airflow/example_dags/example_branch_labels.py took 0.072 seconds
[2023-05-14T01:15:59.560+0000] {processor.py:153} INFO - Started process (PID=3207) to work on /home/airflow/.local/lib/python3.7/site-packages/airflow/example_dags/example_branch_labels.py
[2023-05-14T01:15:59.562+0000] {processor.py:743} INFO - Processing file /home/airflow/.local/lib/python3.7/site-packages/airflow/example_dags/example_branch_labels.py for tasks to queue
[2023-05-14T01:15:59.563+0000] {logging_mixin.py:137} INFO - [2023-05-14T01:15:59.563+0000] {dagbag.py:532} INFO - Filling up the DagBag from /home/airflow/.local/lib/python3.7/site-packages/airflow/example_dags/example_branch_labels.py
[2023-05-14T01:15:59.576+0000] {processor.py:753} INFO - DAG(s) dict_keys(['example_branch_labels']) retrieved from /home/airflow/.local/lib/python3.7/site-packages/airflow/example_dags/example_branch_labels.py
[2023-05-14T01:15:59.600+0000] {logging_mixin.py:137} INFO - [2023-05-14T01:15:59.599+0000] {dag.py:2705} INFO - Sync 1 DAGs
[2023-05-14T01:15:59.619+0000] {logging_mixin.py:137} INFO - [2023-05-14T01:15:59.619+0000] {dag.py:3456} INFO - Setting next_dagrun for example_branch_labels to 2023-05-13T00:00:00+00:00, run_after=2023-05-14T00:00:00+00:00
[2023-05-14T01:15:59.631+0000] {processor.py:175} INFO - Processing /home/airflow/.local/lib/python3.7/site-packages/airflow/example_dags/example_branch_labels.py took 0.074 seconds
[2023-05-14T02:15:39.536+0000] {processor.py:153} INFO - Started process (PID=3430) to work on /home/airflow/.local/lib/python3.7/site-packages/airflow/example_dags/example_branch_labels.py
[2023-05-14T02:15:39.538+0000] {processor.py:743} INFO - Processing file /home/airflow/.local/lib/python3.7/site-packages/airflow/example_dags/example_branch_labels.py for tasks to queue
[2023-05-14T02:15:39.540+0000] {logging_mixin.py:137} INFO - [2023-05-14T02:15:39.540+0000] {dagbag.py:532} INFO - Filling up the DagBag from /home/airflow/.local/lib/python3.7/site-packages/airflow/example_dags/example_branch_labels.py
[2023-05-14T02:15:39.555+0000] {processor.py:753} INFO - DAG(s) dict_keys(['example_branch_labels']) retrieved from /home/airflow/.local/lib/python3.7/site-packages/airflow/example_dags/example_branch_labels.py
[2023-05-14T02:15:39.580+0000] {logging_mixin.py:137} INFO - [2023-05-14T02:15:39.580+0000] {dag.py:2705} INFO - Sync 1 DAGs
[2023-05-14T02:15:39.604+0000] {logging_mixin.py:137} INFO - [2023-05-14T02:15:39.603+0000] {dag.py:3456} INFO - Setting next_dagrun for example_branch_labels to 2023-05-13T00:00:00+00:00, run_after=2023-05-14T00:00:00+00:00
[2023-05-14T02:15:39.616+0000] {processor.py:175} INFO - Processing /home/airflow/.local/lib/python3.7/site-packages/airflow/example_dags/example_branch_labels.py took 0.083 seconds
[2023-05-14T02:41:30.209+0000] {processor.py:153} INFO - Started process (PID=3653) to work on /home/airflow/.local/lib/python3.7/site-packages/airflow/example_dags/example_branch_labels.py
[2023-05-14T02:41:30.212+0000] {processor.py:743} INFO - Processing file /home/airflow/.local/lib/python3.7/site-packages/airflow/example_dags/example_branch_labels.py for tasks to queue
[2023-05-14T02:41:30.213+0000] {logging_mixin.py:137} INFO - [2023-05-14T02:41:30.213+0000] {dagbag.py:532} INFO - Filling up the DagBag from /home/airflow/.local/lib/python3.7/site-packages/airflow/example_dags/example_branch_labels.py
[2023-05-14T02:41:30.225+0000] {processor.py:753} INFO - DAG(s) dict_keys(['example_branch_labels']) retrieved from /home/airflow/.local/lib/python3.7/site-packages/airflow/example_dags/example_branch_labels.py
[2023-05-14T02:41:30.249+0000] {logging_mixin.py:137} INFO - [2023-05-14T02:41:30.249+0000] {dag.py:2705} INFO - Sync 1 DAGs
[2023-05-14T02:41:30.270+0000] {logging_mixin.py:137} INFO - [2023-05-14T02:41:30.270+0000] {dag.py:3456} INFO - Setting next_dagrun for example_branch_labels to 2023-05-13T00:00:00+00:00, run_after=2023-05-14T00:00:00+00:00
[2023-05-14T02:41:30.282+0000] {processor.py:175} INFO - Processing /home/airflow/.local/lib/python3.7/site-packages/airflow/example_dags/example_branch_labels.py took 0.076 seconds
[2023-05-14T02:54:57.768+0000] {processor.py:153} INFO - Started process (PID=3876) to work on /home/airflow/.local/lib/python3.7/site-packages/airflow/example_dags/example_branch_labels.py
[2023-05-14T02:54:57.770+0000] {processor.py:743} INFO - Processing file /home/airflow/.local/lib/python3.7/site-packages/airflow/example_dags/example_branch_labels.py for tasks to queue
[2023-05-14T02:54:57.771+0000] {logging_mixin.py:137} INFO - [2023-05-14T02:54:57.771+0000] {dagbag.py:532} INFO - Filling up the DagBag from /home/airflow/.local/lib/python3.7/site-packages/airflow/example_dags/example_branch_labels.py
[2023-05-14T02:54:57.783+0000] {processor.py:753} INFO - DAG(s) dict_keys(['example_branch_labels']) retrieved from /home/airflow/.local/lib/python3.7/site-packages/airflow/example_dags/example_branch_labels.py
[2023-05-14T02:54:57.810+0000] {logging_mixin.py:137} INFO - [2023-05-14T02:54:57.810+0000] {dag.py:2705} INFO - Sync 1 DAGs
[2023-05-14T02:54:57.830+0000] {logging_mixin.py:137} INFO - [2023-05-14T02:54:57.830+0000] {dag.py:3456} INFO - Setting next_dagrun for example_branch_labels to 2023-05-13T00:00:00+00:00, run_after=2023-05-14T00:00:00+00:00
[2023-05-14T02:54:57.840+0000] {processor.py:175} INFO - Processing /home/airflow/.local/lib/python3.7/site-packages/airflow/example_dags/example_branch_labels.py took 0.075 seconds
[2023-05-14T02:59:02.500+0000] {processor.py:153} INFO - Started process (PID=4101) to work on /home/airflow/.local/lib/python3.7/site-packages/airflow/example_dags/example_branch_labels.py
[2023-05-14T02:59:02.502+0000] {processor.py:743} INFO - Processing file /home/airflow/.local/lib/python3.7/site-packages/airflow/example_dags/example_branch_labels.py for tasks to queue
[2023-05-14T02:59:02.503+0000] {logging_mixin.py:137} INFO - [2023-05-14T02:59:02.503+0000] {dagbag.py:532} INFO - Filling up the DagBag from /home/airflow/.local/lib/python3.7/site-packages/airflow/example_dags/example_branch_labels.py
[2023-05-14T02:59:02.516+0000] {processor.py:753} INFO - DAG(s) dict_keys(['example_branch_labels']) retrieved from /home/airflow/.local/lib/python3.7/site-packages/airflow/example_dags/example_branch_labels.py
[2023-05-14T02:59:02.539+0000] {logging_mixin.py:137} INFO - [2023-05-14T02:59:02.539+0000] {dag.py:2705} INFO - Sync 1 DAGs
[2023-05-14T02:59:02.559+0000] {logging_mixin.py:137} INFO - [2023-05-14T02:59:02.559+0000] {dag.py:3456} INFO - Setting next_dagrun for example_branch_labels to 2023-05-13T00:00:00+00:00, run_after=2023-05-14T00:00:00+00:00
[2023-05-14T02:59:02.572+0000] {processor.py:175} INFO - Processing /home/airflow/.local/lib/python3.7/site-packages/airflow/example_dags/example_branch_labels.py took 0.076 seconds
[2023-05-14T02:59:33.618+0000] {processor.py:153} INFO - Started process (PID=4325) to work on /home/airflow/.local/lib/python3.7/site-packages/airflow/example_dags/example_branch_labels.py
[2023-05-14T02:59:33.620+0000] {processor.py:743} INFO - Processing file /home/airflow/.local/lib/python3.7/site-packages/airflow/example_dags/example_branch_labels.py for tasks to queue
[2023-05-14T02:59:33.621+0000] {logging_mixin.py:137} INFO - [2023-05-14T02:59:33.621+0000] {dagbag.py:532} INFO - Filling up the DagBag from /home/airflow/.local/lib/python3.7/site-packages/airflow/example_dags/example_branch_labels.py
[2023-05-14T02:59:33.634+0000] {processor.py:753} INFO - DAG(s) dict_keys(['example_branch_labels']) retrieved from /home/airflow/.local/lib/python3.7/site-packages/airflow/example_dags/example_branch_labels.py
[2023-05-14T02:59:33.658+0000] {logging_mixin.py:137} INFO - [2023-05-14T02:59:33.658+0000] {dag.py:2705} INFO - Sync 1 DAGs
[2023-05-14T02:59:33.675+0000] {logging_mixin.py:137} INFO - [2023-05-14T02:59:33.674+0000] {dag.py:3456} INFO - Setting next_dagrun for example_branch_labels to 2023-05-13T00:00:00+00:00, run_after=2023-05-14T00:00:00+00:00
[2023-05-14T02:59:33.686+0000] {processor.py:175} INFO - Processing /home/airflow/.local/lib/python3.7/site-packages/airflow/example_dags/example_branch_labels.py took 0.072 seconds
[2023-05-14T03:16:08.844+0000] {processor.py:153} INFO - Started process (PID=4546) to work on /home/airflow/.local/lib/python3.7/site-packages/airflow/example_dags/example_branch_labels.py
[2023-05-14T03:16:08.846+0000] {processor.py:743} INFO - Processing file /home/airflow/.local/lib/python3.7/site-packages/airflow/example_dags/example_branch_labels.py for tasks to queue
[2023-05-14T03:16:08.847+0000] {logging_mixin.py:137} INFO - [2023-05-14T03:16:08.847+0000] {dagbag.py:532} INFO - Filling up the DagBag from /home/airflow/.local/lib/python3.7/site-packages/airflow/example_dags/example_branch_labels.py
[2023-05-14T03:16:08.859+0000] {processor.py:753} INFO - DAG(s) dict_keys(['example_branch_labels']) retrieved from /home/airflow/.local/lib/python3.7/site-packages/airflow/example_dags/example_branch_labels.py
[2023-05-14T03:16:08.881+0000] {logging_mixin.py:137} INFO - [2023-05-14T03:16:08.881+0000] {dag.py:2705} INFO - Sync 1 DAGs
[2023-05-14T03:16:08.903+0000] {logging_mixin.py:137} INFO - [2023-05-14T03:16:08.902+0000] {dag.py:3456} INFO - Setting next_dagrun for example_branch_labels to 2023-05-13T00:00:00+00:00, run_after=2023-05-14T00:00:00+00:00
[2023-05-14T03:16:08.916+0000] {processor.py:175} INFO - Processing /home/airflow/.local/lib/python3.7/site-packages/airflow/example_dags/example_branch_labels.py took 0.075 seconds
[2023-05-14T04:20:58.762+0000] {processor.py:153} INFO - Started process (PID=4769) to work on /home/airflow/.local/lib/python3.7/site-packages/airflow/example_dags/example_branch_labels.py
[2023-05-14T04:20:58.764+0000] {processor.py:743} INFO - Processing file /home/airflow/.local/lib/python3.7/site-packages/airflow/example_dags/example_branch_labels.py for tasks to queue
[2023-05-14T04:20:58.765+0000] {logging_mixin.py:137} INFO - [2023-05-14T04:20:58.765+0000] {dagbag.py:532} INFO - Filling up the DagBag from /home/airflow/.local/lib/python3.7/site-packages/airflow/example_dags/example_branch_labels.py
[2023-05-14T04:20:58.777+0000] {processor.py:753} INFO - DAG(s) dict_keys(['example_branch_labels']) retrieved from /home/airflow/.local/lib/python3.7/site-packages/airflow/example_dags/example_branch_labels.py
[2023-05-14T04:20:58.800+0000] {logging_mixin.py:137} INFO - [2023-05-14T04:20:58.800+0000] {dag.py:2705} INFO - Sync 1 DAGs
[2023-05-14T04:20:58.819+0000] {logging_mixin.py:137} INFO - [2023-05-14T04:20:58.819+0000] {dag.py:3456} INFO - Setting next_dagrun for example_branch_labels to 2023-05-13T00:00:00+00:00, run_after=2023-05-14T00:00:00+00:00
[2023-05-14T04:20:58.836+0000] {processor.py:175} INFO - Processing /home/airflow/.local/lib/python3.7/site-packages/airflow/example_dags/example_branch_labels.py took 0.076 seconds
[2023-05-14T05:35:32.558+0000] {processor.py:153} INFO - Started process (PID=4992) to work on /home/airflow/.local/lib/python3.7/site-packages/airflow/example_dags/example_branch_labels.py
[2023-05-14T05:35:32.561+0000] {processor.py:743} INFO - Processing file /home/airflow/.local/lib/python3.7/site-packages/airflow/example_dags/example_branch_labels.py for tasks to queue
[2023-05-14T05:35:32.562+0000] {logging_mixin.py:137} INFO - [2023-05-14T05:35:32.562+0000] {dagbag.py:532} INFO - Filling up the DagBag from /home/airflow/.local/lib/python3.7/site-packages/airflow/example_dags/example_branch_labels.py
[2023-05-14T05:35:32.574+0000] {processor.py:753} INFO - DAG(s) dict_keys(['example_branch_labels']) retrieved from /home/airflow/.local/lib/python3.7/site-packages/airflow/example_dags/example_branch_labels.py
[2023-05-14T05:35:32.597+0000] {logging_mixin.py:137} INFO - [2023-05-14T05:35:32.597+0000] {dag.py:2705} INFO - Sync 1 DAGs
[2023-05-14T05:35:32.616+0000] {logging_mixin.py:137} INFO - [2023-05-14T05:35:32.616+0000] {dag.py:3456} INFO - Setting next_dagrun for example_branch_labels to 2023-05-13T00:00:00+00:00, run_after=2023-05-14T00:00:00+00:00
[2023-05-14T05:35:32.627+0000] {processor.py:175} INFO - Processing /home/airflow/.local/lib/python3.7/site-packages/airflow/example_dags/example_branch_labels.py took 0.071 seconds
[2023-05-14T05:36:02.774+0000] {processor.py:153} INFO - Started process (PID=5215) to work on /home/airflow/.local/lib/python3.7/site-packages/airflow/example_dags/example_branch_labels.py
[2023-05-14T05:36:02.776+0000] {processor.py:743} INFO - Processing file /home/airflow/.local/lib/python3.7/site-packages/airflow/example_dags/example_branch_labels.py for tasks to queue
[2023-05-14T05:36:02.777+0000] {logging_mixin.py:137} INFO - [2023-05-14T05:36:02.777+0000] {dagbag.py:532} INFO - Filling up the DagBag from /home/airflow/.local/lib/python3.7/site-packages/airflow/example_dags/example_branch_labels.py
[2023-05-14T05:36:02.789+0000] {processor.py:753} INFO - DAG(s) dict_keys(['example_branch_labels']) retrieved from /home/airflow/.local/lib/python3.7/site-packages/airflow/example_dags/example_branch_labels.py
[2023-05-14T05:36:02.811+0000] {logging_mixin.py:137} INFO - [2023-05-14T05:36:02.811+0000] {dag.py:2705} INFO - Sync 1 DAGs
[2023-05-14T05:36:02.829+0000] {logging_mixin.py:137} INFO - [2023-05-14T05:36:02.828+0000] {dag.py:3456} INFO - Setting next_dagrun for example_branch_labels to 2023-05-13T00:00:00+00:00, run_after=2023-05-14T00:00:00+00:00
[2023-05-14T05:36:02.841+0000] {processor.py:175} INFO - Processing /home/airflow/.local/lib/python3.7/site-packages/airflow/example_dags/example_branch_labels.py took 0.070 seconds
[2023-05-14T05:36:34.682+0000] {processor.py:153} INFO - Started process (PID=5439) to work on /home/airflow/.local/lib/python3.7/site-packages/airflow/example_dags/example_branch_labels.py
[2023-05-14T05:36:34.697+0000] {processor.py:743} INFO - Processing file /home/airflow/.local/lib/python3.7/site-packages/airflow/example_dags/example_branch_labels.py for tasks to queue
[2023-05-14T05:36:34.698+0000] {logging_mixin.py:137} INFO - [2023-05-14T05:36:34.698+0000] {dagbag.py:532} INFO - Filling up the DagBag from /home/airflow/.local/lib/python3.7/site-packages/airflow/example_dags/example_branch_labels.py
[2023-05-14T05:36:34.712+0000] {processor.py:753} INFO - DAG(s) dict_keys(['example_branch_labels']) retrieved from /home/airflow/.local/lib/python3.7/site-packages/airflow/example_dags/example_branch_labels.py
[2023-05-14T05:36:34.744+0000] {logging_mixin.py:137} INFO - [2023-05-14T05:36:34.744+0000] {dag.py:2705} INFO - Sync 1 DAGs
[2023-05-14T05:36:34.765+0000] {logging_mixin.py:137} INFO - [2023-05-14T05:36:34.765+0000] {dag.py:3456} INFO - Setting next_dagrun for example_branch_labels to 2023-05-13T00:00:00+00:00, run_after=2023-05-14T00:00:00+00:00
[2023-05-14T05:36:34.780+0000] {processor.py:175} INFO - Processing /home/airflow/.local/lib/python3.7/site-packages/airflow/example_dags/example_branch_labels.py took 0.102 seconds
[2023-05-14T05:37:04.858+0000] {processor.py:153} INFO - Started process (PID=5662) to work on /home/airflow/.local/lib/python3.7/site-packages/airflow/example_dags/example_branch_labels.py
[2023-05-14T05:37:04.861+0000] {processor.py:743} INFO - Processing file /home/airflow/.local/lib/python3.7/site-packages/airflow/example_dags/example_branch_labels.py for tasks to queue
[2023-05-14T05:37:04.862+0000] {logging_mixin.py:137} INFO - [2023-05-14T05:37:04.862+0000] {dagbag.py:532} INFO - Filling up the DagBag from /home/airflow/.local/lib/python3.7/site-packages/airflow/example_dags/example_branch_labels.py
[2023-05-14T05:37:04.873+0000] {processor.py:753} INFO - DAG(s) dict_keys(['example_branch_labels']) retrieved from /home/airflow/.local/lib/python3.7/site-packages/airflow/example_dags/example_branch_labels.py
[2023-05-14T05:37:04.897+0000] {logging_mixin.py:137} INFO - [2023-05-14T05:37:04.897+0000] {dag.py:2705} INFO - Sync 1 DAGs
[2023-05-14T05:37:04.920+0000] {logging_mixin.py:137} INFO - [2023-05-14T05:37:04.920+0000] {dag.py:3456} INFO - Setting next_dagrun for example_branch_labels to 2023-05-13T00:00:00+00:00, run_after=2023-05-14T00:00:00+00:00
[2023-05-14T05:37:04.931+0000] {processor.py:175} INFO - Processing /home/airflow/.local/lib/python3.7/site-packages/airflow/example_dags/example_branch_labels.py took 0.076 seconds
[2023-05-14T05:37:35.907+0000] {processor.py:153} INFO - Started process (PID=5890) to work on /home/airflow/.local/lib/python3.7/site-packages/airflow/example_dags/example_branch_labels.py
[2023-05-14T05:37:35.909+0000] {processor.py:743} INFO - Processing file /home/airflow/.local/lib/python3.7/site-packages/airflow/example_dags/example_branch_labels.py for tasks to queue
[2023-05-14T05:37:35.910+0000] {logging_mixin.py:137} INFO - [2023-05-14T05:37:35.910+0000] {dagbag.py:532} INFO - Filling up the DagBag from /home/airflow/.local/lib/python3.7/site-packages/airflow/example_dags/example_branch_labels.py
[2023-05-14T05:37:35.923+0000] {processor.py:753} INFO - DAG(s) dict_keys(['example_branch_labels']) retrieved from /home/airflow/.local/lib/python3.7/site-packages/airflow/example_dags/example_branch_labels.py
[2023-05-14T05:37:35.949+0000] {logging_mixin.py:137} INFO - [2023-05-14T05:37:35.949+0000] {dag.py:2705} INFO - Sync 1 DAGs
[2023-05-14T05:37:35.972+0000] {logging_mixin.py:137} INFO - [2023-05-14T05:37:35.972+0000] {dag.py:3456} INFO - Setting next_dagrun for example_branch_labels to 2023-05-13T00:00:00+00:00, run_after=2023-05-14T00:00:00+00:00
[2023-05-14T05:37:35.989+0000] {processor.py:175} INFO - Processing /home/airflow/.local/lib/python3.7/site-packages/airflow/example_dags/example_branch_labels.py took 0.085 seconds
[2023-05-14T05:38:06.279+0000] {processor.py:153} INFO - Started process (PID=6114) to work on /home/airflow/.local/lib/python3.7/site-packages/airflow/example_dags/example_branch_labels.py
[2023-05-14T05:38:06.281+0000] {processor.py:743} INFO - Processing file /home/airflow/.local/lib/python3.7/site-packages/airflow/example_dags/example_branch_labels.py for tasks to queue
[2023-05-14T05:38:06.285+0000] {logging_mixin.py:137} INFO - [2023-05-14T05:38:06.285+0000] {dagbag.py:532} INFO - Filling up the DagBag from /home/airflow/.local/lib/python3.7/site-packages/airflow/example_dags/example_branch_labels.py
[2023-05-14T05:38:06.297+0000] {processor.py:753} INFO - DAG(s) dict_keys(['example_branch_labels']) retrieved from /home/airflow/.local/lib/python3.7/site-packages/airflow/example_dags/example_branch_labels.py
[2023-05-14T05:38:06.321+0000] {logging_mixin.py:137} INFO - [2023-05-14T05:38:06.321+0000] {dag.py:2705} INFO - Sync 1 DAGs
[2023-05-14T05:38:06.340+0000] {logging_mixin.py:137} INFO - [2023-05-14T05:38:06.340+0000] {dag.py:3456} INFO - Setting next_dagrun for example_branch_labels to 2023-05-13T00:00:00+00:00, run_after=2023-05-14T00:00:00+00:00
[2023-05-14T05:38:06.354+0000] {processor.py:175} INFO - Processing /home/airflow/.local/lib/python3.7/site-packages/airflow/example_dags/example_branch_labels.py took 0.078 seconds
[2023-05-14T05:38:36.560+0000] {processor.py:153} INFO - Started process (PID=6343) to work on /home/airflow/.local/lib/python3.7/site-packages/airflow/example_dags/example_branch_labels.py
[2023-05-14T05:38:36.563+0000] {processor.py:743} INFO - Processing file /home/airflow/.local/lib/python3.7/site-packages/airflow/example_dags/example_branch_labels.py for tasks to queue
[2023-05-14T05:38:36.564+0000] {logging_mixin.py:137} INFO - [2023-05-14T05:38:36.564+0000] {dagbag.py:532} INFO - Filling up the DagBag from /home/airflow/.local/lib/python3.7/site-packages/airflow/example_dags/example_branch_labels.py
[2023-05-14T05:38:36.577+0000] {processor.py:753} INFO - DAG(s) dict_keys(['example_branch_labels']) retrieved from /home/airflow/.local/lib/python3.7/site-packages/airflow/example_dags/example_branch_labels.py
[2023-05-14T05:38:36.613+0000] {logging_mixin.py:137} INFO - [2023-05-14T05:38:36.612+0000] {dag.py:2705} INFO - Sync 1 DAGs
[2023-05-14T05:38:36.643+0000] {logging_mixin.py:137} INFO - [2023-05-14T05:38:36.643+0000] {dag.py:3456} INFO - Setting next_dagrun for example_branch_labels to 2023-05-13T00:00:00+00:00, run_after=2023-05-14T00:00:00+00:00
[2023-05-14T05:38:36.657+0000] {processor.py:175} INFO - Processing /home/airflow/.local/lib/python3.7/site-packages/airflow/example_dags/example_branch_labels.py took 0.100 seconds
[2023-05-14T05:39:07.057+0000] {processor.py:153} INFO - Started process (PID=6573) to work on /home/airflow/.local/lib/python3.7/site-packages/airflow/example_dags/example_branch_labels.py
[2023-05-14T05:39:07.058+0000] {processor.py:743} INFO - Processing file /home/airflow/.local/lib/python3.7/site-packages/airflow/example_dags/example_branch_labels.py for tasks to queue
[2023-05-14T05:39:07.059+0000] {logging_mixin.py:137} INFO - [2023-05-14T05:39:07.059+0000] {dagbag.py:532} INFO - Filling up the DagBag from /home/airflow/.local/lib/python3.7/site-packages/airflow/example_dags/example_branch_labels.py
[2023-05-14T05:39:07.071+0000] {processor.py:753} INFO - DAG(s) dict_keys(['example_branch_labels']) retrieved from /home/airflow/.local/lib/python3.7/site-packages/airflow/example_dags/example_branch_labels.py
[2023-05-14T05:39:07.092+0000] {logging_mixin.py:137} INFO - [2023-05-14T05:39:07.092+0000] {dag.py:2705} INFO - Sync 1 DAGs
[2023-05-14T05:39:07.127+0000] {logging_mixin.py:137} INFO - [2023-05-14T05:39:07.127+0000] {dag.py:3456} INFO - Setting next_dagrun for example_branch_labels to 2023-05-13T00:00:00+00:00, run_after=2023-05-14T00:00:00+00:00
[2023-05-14T05:39:07.142+0000] {processor.py:175} INFO - Processing /home/airflow/.local/lib/python3.7/site-packages/airflow/example_dags/example_branch_labels.py took 0.088 seconds
[2023-05-14T05:39:38.354+0000] {processor.py:153} INFO - Started process (PID=6809) to work on /home/airflow/.local/lib/python3.7/site-packages/airflow/example_dags/example_branch_labels.py
[2023-05-14T05:39:38.356+0000] {processor.py:743} INFO - Processing file /home/airflow/.local/lib/python3.7/site-packages/airflow/example_dags/example_branch_labels.py for tasks to queue
[2023-05-14T05:39:38.358+0000] {logging_mixin.py:137} INFO - [2023-05-14T05:39:38.358+0000] {dagbag.py:532} INFO - Filling up the DagBag from /home/airflow/.local/lib/python3.7/site-packages/airflow/example_dags/example_branch_labels.py
[2023-05-14T05:39:38.371+0000] {processor.py:753} INFO - DAG(s) dict_keys(['example_branch_labels']) retrieved from /home/airflow/.local/lib/python3.7/site-packages/airflow/example_dags/example_branch_labels.py
[2023-05-14T05:39:38.398+0000] {logging_mixin.py:137} INFO - [2023-05-14T05:39:38.398+0000] {dag.py:2705} INFO - Sync 1 DAGs
[2023-05-14T05:39:38.421+0000] {logging_mixin.py:137} INFO - [2023-05-14T05:39:38.421+0000] {dag.py:3456} INFO - Setting next_dagrun for example_branch_labels to 2023-05-13T00:00:00+00:00, run_after=2023-05-14T00:00:00+00:00
[2023-05-14T05:39:38.434+0000] {processor.py:175} INFO - Processing /home/airflow/.local/lib/python3.7/site-packages/airflow/example_dags/example_branch_labels.py took 0.083 seconds
[2023-05-14T05:40:08.926+0000] {processor.py:153} INFO - Started process (PID=7046) to work on /home/airflow/.local/lib/python3.7/site-packages/airflow/example_dags/example_branch_labels.py
[2023-05-14T05:40:08.930+0000] {processor.py:743} INFO - Processing file /home/airflow/.local/lib/python3.7/site-packages/airflow/example_dags/example_branch_labels.py for tasks to queue
[2023-05-14T05:40:08.932+0000] {logging_mixin.py:137} INFO - [2023-05-14T05:40:08.932+0000] {dagbag.py:532} INFO - Filling up the DagBag from /home/airflow/.local/lib/python3.7/site-packages/airflow/example_dags/example_branch_labels.py
[2023-05-14T05:40:08.952+0000] {processor.py:753} INFO - DAG(s) dict_keys(['example_branch_labels']) retrieved from /home/airflow/.local/lib/python3.7/site-packages/airflow/example_dags/example_branch_labels.py
[2023-05-14T05:40:09.005+0000] {logging_mixin.py:137} INFO - [2023-05-14T05:40:09.005+0000] {dag.py:2705} INFO - Sync 1 DAGs
[2023-05-14T05:40:09.026+0000] {logging_mixin.py:137} INFO - [2023-05-14T05:40:09.026+0000] {dag.py:3456} INFO - Setting next_dagrun for example_branch_labels to 2023-05-13T00:00:00+00:00, run_after=2023-05-14T00:00:00+00:00
[2023-05-14T05:40:09.041+0000] {processor.py:175} INFO - Processing /home/airflow/.local/lib/python3.7/site-packages/airflow/example_dags/example_branch_labels.py took 0.120 seconds
[2023-05-14T05:40:39.823+0000] {processor.py:153} INFO - Started process (PID=7270) to work on /home/airflow/.local/lib/python3.7/site-packages/airflow/example_dags/example_branch_labels.py
[2023-05-14T05:40:39.825+0000] {processor.py:743} INFO - Processing file /home/airflow/.local/lib/python3.7/site-packages/airflow/example_dags/example_branch_labels.py for tasks to queue
[2023-05-14T05:40:39.826+0000] {logging_mixin.py:137} INFO - [2023-05-14T05:40:39.826+0000] {dagbag.py:532} INFO - Filling up the DagBag from /home/airflow/.local/lib/python3.7/site-packages/airflow/example_dags/example_branch_labels.py
[2023-05-14T05:40:39.840+0000] {processor.py:753} INFO - DAG(s) dict_keys(['example_branch_labels']) retrieved from /home/airflow/.local/lib/python3.7/site-packages/airflow/example_dags/example_branch_labels.py
[2023-05-14T05:40:39.868+0000] {logging_mixin.py:137} INFO - [2023-05-14T05:40:39.868+0000] {dag.py:2705} INFO - Sync 1 DAGs
[2023-05-14T05:40:39.887+0000] {logging_mixin.py:137} INFO - [2023-05-14T05:40:39.887+0000] {dag.py:3456} INFO - Setting next_dagrun for example_branch_labels to 2023-05-13T00:00:00+00:00, run_after=2023-05-14T00:00:00+00:00
[2023-05-14T05:40:39.899+0000] {processor.py:175} INFO - Processing /home/airflow/.local/lib/python3.7/site-packages/airflow/example_dags/example_branch_labels.py took 0.078 seconds
[2023-05-14T05:41:10.417+0000] {processor.py:153} INFO - Started process (PID=7500) to work on /home/airflow/.local/lib/python3.7/site-packages/airflow/example_dags/example_branch_labels.py
[2023-05-14T05:41:10.419+0000] {processor.py:743} INFO - Processing file /home/airflow/.local/lib/python3.7/site-packages/airflow/example_dags/example_branch_labels.py for tasks to queue
[2023-05-14T05:41:10.421+0000] {logging_mixin.py:137} INFO - [2023-05-14T05:41:10.421+0000] {dagbag.py:532} INFO - Filling up the DagBag from /home/airflow/.local/lib/python3.7/site-packages/airflow/example_dags/example_branch_labels.py
[2023-05-14T05:41:10.433+0000] {processor.py:753} INFO - DAG(s) dict_keys(['example_branch_labels']) retrieved from /home/airflow/.local/lib/python3.7/site-packages/airflow/example_dags/example_branch_labels.py
[2023-05-14T05:41:10.455+0000] {logging_mixin.py:137} INFO - [2023-05-14T05:41:10.455+0000] {dag.py:2705} INFO - Sync 1 DAGs
[2023-05-14T05:41:10.473+0000] {logging_mixin.py:137} INFO - [2023-05-14T05:41:10.473+0000] {dag.py:3456} INFO - Setting next_dagrun for example_branch_labels to 2023-05-13T00:00:00+00:00, run_after=2023-05-14T00:00:00+00:00
[2023-05-14T05:41:10.486+0000] {processor.py:175} INFO - Processing /home/airflow/.local/lib/python3.7/site-packages/airflow/example_dags/example_branch_labels.py took 0.072 seconds
[2023-05-14T05:41:40.791+0000] {processor.py:153} INFO - Started process (PID=7730) to work on /home/airflow/.local/lib/python3.7/site-packages/airflow/example_dags/example_branch_labels.py
[2023-05-14T05:41:40.796+0000] {processor.py:743} INFO - Processing file /home/airflow/.local/lib/python3.7/site-packages/airflow/example_dags/example_branch_labels.py for tasks to queue
[2023-05-14T05:41:40.797+0000] {logging_mixin.py:137} INFO - [2023-05-14T05:41:40.797+0000] {dagbag.py:532} INFO - Filling up the DagBag from /home/airflow/.local/lib/python3.7/site-packages/airflow/example_dags/example_branch_labels.py
[2023-05-14T05:41:40.808+0000] {processor.py:753} INFO - DAG(s) dict_keys(['example_branch_labels']) retrieved from /home/airflow/.local/lib/python3.7/site-packages/airflow/example_dags/example_branch_labels.py
[2023-05-14T05:41:40.830+0000] {logging_mixin.py:137} INFO - [2023-05-14T05:41:40.830+0000] {dag.py:2705} INFO - Sync 1 DAGs
[2023-05-14T05:41:40.849+0000] {logging_mixin.py:137} INFO - [2023-05-14T05:41:40.848+0000] {dag.py:3456} INFO - Setting next_dagrun for example_branch_labels to 2023-05-13T00:00:00+00:00, run_after=2023-05-14T00:00:00+00:00
[2023-05-14T05:41:40.862+0000] {processor.py:175} INFO - Processing /home/airflow/.local/lib/python3.7/site-packages/airflow/example_dags/example_branch_labels.py took 0.074 seconds
[2023-05-14T05:42:11.390+0000] {processor.py:153} INFO - Started process (PID=7954) to work on /home/airflow/.local/lib/python3.7/site-packages/airflow/example_dags/example_branch_labels.py
[2023-05-14T05:42:11.392+0000] {processor.py:743} INFO - Processing file /home/airflow/.local/lib/python3.7/site-packages/airflow/example_dags/example_branch_labels.py for tasks to queue
[2023-05-14T05:42:11.394+0000] {logging_mixin.py:137} INFO - [2023-05-14T05:42:11.393+0000] {dagbag.py:532} INFO - Filling up the DagBag from /home/airflow/.local/lib/python3.7/site-packages/airflow/example_dags/example_branch_labels.py
[2023-05-14T05:42:11.406+0000] {processor.py:753} INFO - DAG(s) dict_keys(['example_branch_labels']) retrieved from /home/airflow/.local/lib/python3.7/site-packages/airflow/example_dags/example_branch_labels.py
[2023-05-14T05:42:11.428+0000] {logging_mixin.py:137} INFO - [2023-05-14T05:42:11.427+0000] {dag.py:2705} INFO - Sync 1 DAGs
[2023-05-14T05:42:11.447+0000] {logging_mixin.py:137} INFO - [2023-05-14T05:42:11.446+0000] {dag.py:3456} INFO - Setting next_dagrun for example_branch_labels to 2023-05-13T00:00:00+00:00, run_after=2023-05-14T00:00:00+00:00
[2023-05-14T05:42:11.461+0000] {processor.py:175} INFO - Processing /home/airflow/.local/lib/python3.7/site-packages/airflow/example_dags/example_branch_labels.py took 0.073 seconds
[2023-05-14T05:42:41.677+0000] {processor.py:153} INFO - Started process (PID=8177) to work on /home/airflow/.local/lib/python3.7/site-packages/airflow/example_dags/example_branch_labels.py
[2023-05-14T05:42:41.686+0000] {processor.py:743} INFO - Processing file /home/airflow/.local/lib/python3.7/site-packages/airflow/example_dags/example_branch_labels.py for tasks to queue
[2023-05-14T05:42:41.688+0000] {logging_mixin.py:137} INFO - [2023-05-14T05:42:41.688+0000] {dagbag.py:532} INFO - Filling up the DagBag from /home/airflow/.local/lib/python3.7/site-packages/airflow/example_dags/example_branch_labels.py
[2023-05-14T05:42:41.700+0000] {processor.py:753} INFO - DAG(s) dict_keys(['example_branch_labels']) retrieved from /home/airflow/.local/lib/python3.7/site-packages/airflow/example_dags/example_branch_labels.py
[2023-05-14T05:42:41.724+0000] {logging_mixin.py:137} INFO - [2023-05-14T05:42:41.724+0000] {dag.py:2705} INFO - Sync 1 DAGs
[2023-05-14T05:42:41.746+0000] {logging_mixin.py:137} INFO - [2023-05-14T05:42:41.746+0000] {dag.py:3456} INFO - Setting next_dagrun for example_branch_labels to 2023-05-13T00:00:00+00:00, run_after=2023-05-14T00:00:00+00:00
[2023-05-14T05:42:41.759+0000] {processor.py:175} INFO - Processing /home/airflow/.local/lib/python3.7/site-packages/airflow/example_dags/example_branch_labels.py took 0.087 seconds
[2023-05-14T05:43:12.275+0000] {processor.py:153} INFO - Started process (PID=8408) to work on /home/airflow/.local/lib/python3.7/site-packages/airflow/example_dags/example_branch_labels.py
[2023-05-14T05:43:12.277+0000] {processor.py:743} INFO - Processing file /home/airflow/.local/lib/python3.7/site-packages/airflow/example_dags/example_branch_labels.py for tasks to queue
[2023-05-14T05:43:12.279+0000] {logging_mixin.py:137} INFO - [2023-05-14T05:43:12.279+0000] {dagbag.py:532} INFO - Filling up the DagBag from /home/airflow/.local/lib/python3.7/site-packages/airflow/example_dags/example_branch_labels.py
[2023-05-14T05:43:12.292+0000] {processor.py:753} INFO - DAG(s) dict_keys(['example_branch_labels']) retrieved from /home/airflow/.local/lib/python3.7/site-packages/airflow/example_dags/example_branch_labels.py
[2023-05-14T05:43:12.316+0000] {logging_mixin.py:137} INFO - [2023-05-14T05:43:12.316+0000] {dag.py:2705} INFO - Sync 1 DAGs
[2023-05-14T05:43:12.336+0000] {logging_mixin.py:137} INFO - [2023-05-14T05:43:12.335+0000] {dag.py:3456} INFO - Setting next_dagrun for example_branch_labels to 2023-05-13T00:00:00+00:00, run_after=2023-05-14T00:00:00+00:00
[2023-05-14T05:43:12.348+0000] {processor.py:175} INFO - Processing /home/airflow/.local/lib/python3.7/site-packages/airflow/example_dags/example_branch_labels.py took 0.076 seconds
[2023-05-14T05:43:42.472+0000] {processor.py:153} INFO - Started process (PID=8633) to work on /home/airflow/.local/lib/python3.7/site-packages/airflow/example_dags/example_branch_labels.py
[2023-05-14T05:43:42.473+0000] {processor.py:743} INFO - Processing file /home/airflow/.local/lib/python3.7/site-packages/airflow/example_dags/example_branch_labels.py for tasks to queue
[2023-05-14T05:43:42.475+0000] {logging_mixin.py:137} INFO - [2023-05-14T05:43:42.475+0000] {dagbag.py:532} INFO - Filling up the DagBag from /home/airflow/.local/lib/python3.7/site-packages/airflow/example_dags/example_branch_labels.py
[2023-05-14T05:43:42.486+0000] {processor.py:753} INFO - DAG(s) dict_keys(['example_branch_labels']) retrieved from /home/airflow/.local/lib/python3.7/site-packages/airflow/example_dags/example_branch_labels.py
[2023-05-14T05:43:42.508+0000] {logging_mixin.py:137} INFO - [2023-05-14T05:43:42.508+0000] {dag.py:2705} INFO - Sync 1 DAGs
[2023-05-14T05:43:42.527+0000] {logging_mixin.py:137} INFO - [2023-05-14T05:43:42.527+0000] {dag.py:3456} INFO - Setting next_dagrun for example_branch_labels to 2023-05-13T00:00:00+00:00, run_after=2023-05-14T00:00:00+00:00
[2023-05-14T05:43:42.541+0000] {processor.py:175} INFO - Processing /home/airflow/.local/lib/python3.7/site-packages/airflow/example_dags/example_branch_labels.py took 0.073 seconds
[2023-05-14T05:44:12.958+0000] {processor.py:153} INFO - Started process (PID=8869) to work on /home/airflow/.local/lib/python3.7/site-packages/airflow/example_dags/example_branch_labels.py
[2023-05-14T05:44:12.960+0000] {processor.py:743} INFO - Processing file /home/airflow/.local/lib/python3.7/site-packages/airflow/example_dags/example_branch_labels.py for tasks to queue
[2023-05-14T05:44:12.961+0000] {logging_mixin.py:137} INFO - [2023-05-14T05:44:12.961+0000] {dagbag.py:532} INFO - Filling up the DagBag from /home/airflow/.local/lib/python3.7/site-packages/airflow/example_dags/example_branch_labels.py
[2023-05-14T05:44:12.973+0000] {processor.py:753} INFO - DAG(s) dict_keys(['example_branch_labels']) retrieved from /home/airflow/.local/lib/python3.7/site-packages/airflow/example_dags/example_branch_labels.py
[2023-05-14T05:44:12.996+0000] {logging_mixin.py:137} INFO - [2023-05-14T05:44:12.996+0000] {dag.py:2705} INFO - Sync 1 DAGs
[2023-05-14T05:44:13.016+0000] {logging_mixin.py:137} INFO - [2023-05-14T05:44:13.016+0000] {dag.py:3456} INFO - Setting next_dagrun for example_branch_labels to 2023-05-13T00:00:00+00:00, run_after=2023-05-14T00:00:00+00:00
[2023-05-14T05:44:13.031+0000] {processor.py:175} INFO - Processing /home/airflow/.local/lib/python3.7/site-packages/airflow/example_dags/example_branch_labels.py took 0.076 seconds
[2023-05-14T05:44:43.281+0000] {processor.py:153} INFO - Started process (PID=9099) to work on /home/airflow/.local/lib/python3.7/site-packages/airflow/example_dags/example_branch_labels.py
[2023-05-14T05:44:43.283+0000] {processor.py:743} INFO - Processing file /home/airflow/.local/lib/python3.7/site-packages/airflow/example_dags/example_branch_labels.py for tasks to queue
[2023-05-14T05:44:43.287+0000] {logging_mixin.py:137} INFO - [2023-05-14T05:44:43.287+0000] {dagbag.py:532} INFO - Filling up the DagBag from /home/airflow/.local/lib/python3.7/site-packages/airflow/example_dags/example_branch_labels.py
[2023-05-14T05:44:43.299+0000] {processor.py:753} INFO - DAG(s) dict_keys(['example_branch_labels']) retrieved from /home/airflow/.local/lib/python3.7/site-packages/airflow/example_dags/example_branch_labels.py
[2023-05-14T05:44:43.322+0000] {logging_mixin.py:137} INFO - [2023-05-14T05:44:43.322+0000] {dag.py:2705} INFO - Sync 1 DAGs
[2023-05-14T05:44:43.341+0000] {logging_mixin.py:137} INFO - [2023-05-14T05:44:43.341+0000] {dag.py:3456} INFO - Setting next_dagrun for example_branch_labels to 2023-05-13T00:00:00+00:00, run_after=2023-05-14T00:00:00+00:00
[2023-05-14T05:44:43.358+0000] {processor.py:175} INFO - Processing /home/airflow/.local/lib/python3.7/site-packages/airflow/example_dags/example_branch_labels.py took 0.080 seconds
[2023-05-14T05:45:13.622+0000] {processor.py:153} INFO - Started process (PID=9323) to work on /home/airflow/.local/lib/python3.7/site-packages/airflow/example_dags/example_branch_labels.py
[2023-05-14T05:45:13.624+0000] {processor.py:743} INFO - Processing file /home/airflow/.local/lib/python3.7/site-packages/airflow/example_dags/example_branch_labels.py for tasks to queue
[2023-05-14T05:45:13.625+0000] {logging_mixin.py:137} INFO - [2023-05-14T05:45:13.625+0000] {dagbag.py:532} INFO - Filling up the DagBag from /home/airflow/.local/lib/python3.7/site-packages/airflow/example_dags/example_branch_labels.py
[2023-05-14T05:45:13.637+0000] {processor.py:753} INFO - DAG(s) dict_keys(['example_branch_labels']) retrieved from /home/airflow/.local/lib/python3.7/site-packages/airflow/example_dags/example_branch_labels.py
[2023-05-14T05:45:13.661+0000] {logging_mixin.py:137} INFO - [2023-05-14T05:45:13.661+0000] {dag.py:2705} INFO - Sync 1 DAGs
[2023-05-14T05:45:13.681+0000] {logging_mixin.py:137} INFO - [2023-05-14T05:45:13.680+0000] {dag.py:3456} INFO - Setting next_dagrun for example_branch_labels to 2023-05-13T00:00:00+00:00, run_after=2023-05-14T00:00:00+00:00
[2023-05-14T05:45:13.692+0000] {processor.py:175} INFO - Processing /home/airflow/.local/lib/python3.7/site-packages/airflow/example_dags/example_branch_labels.py took 0.074 seconds
[2023-05-14T05:45:44.692+0000] {processor.py:153} INFO - Started process (PID=9562) to work on /home/airflow/.local/lib/python3.7/site-packages/airflow/example_dags/example_branch_labels.py
[2023-05-14T05:45:44.694+0000] {processor.py:743} INFO - Processing file /home/airflow/.local/lib/python3.7/site-packages/airflow/example_dags/example_branch_labels.py for tasks to queue
[2023-05-14T05:45:44.695+0000] {logging_mixin.py:137} INFO - [2023-05-14T05:45:44.695+0000] {dagbag.py:532} INFO - Filling up the DagBag from /home/airflow/.local/lib/python3.7/site-packages/airflow/example_dags/example_branch_labels.py
[2023-05-14T05:45:44.707+0000] {processor.py:753} INFO - DAG(s) dict_keys(['example_branch_labels']) retrieved from /home/airflow/.local/lib/python3.7/site-packages/airflow/example_dags/example_branch_labels.py
[2023-05-14T05:45:44.734+0000] {logging_mixin.py:137} INFO - [2023-05-14T05:45:44.734+0000] {dag.py:2705} INFO - Sync 1 DAGs
[2023-05-14T05:45:44.763+0000] {logging_mixin.py:137} INFO - [2023-05-14T05:45:44.762+0000] {dag.py:3456} INFO - Setting next_dagrun for example_branch_labels to 2023-05-13T00:00:00+00:00, run_after=2023-05-14T00:00:00+00:00
[2023-05-14T05:45:44.775+0000] {processor.py:175} INFO - Processing /home/airflow/.local/lib/python3.7/site-packages/airflow/example_dags/example_branch_labels.py took 0.086 seconds
[2023-05-14T05:46:14.846+0000] {processor.py:153} INFO - Started process (PID=9788) to work on /home/airflow/.local/lib/python3.7/site-packages/airflow/example_dags/example_branch_labels.py
[2023-05-14T05:46:14.848+0000] {processor.py:743} INFO - Processing file /home/airflow/.local/lib/python3.7/site-packages/airflow/example_dags/example_branch_labels.py for tasks to queue
[2023-05-14T05:46:14.850+0000] {logging_mixin.py:137} INFO - [2023-05-14T05:46:14.850+0000] {dagbag.py:532} INFO - Filling up the DagBag from /home/airflow/.local/lib/python3.7/site-packages/airflow/example_dags/example_branch_labels.py
[2023-05-14T05:46:14.862+0000] {processor.py:753} INFO - DAG(s) dict_keys(['example_branch_labels']) retrieved from /home/airflow/.local/lib/python3.7/site-packages/airflow/example_dags/example_branch_labels.py
[2023-05-14T05:46:14.884+0000] {logging_mixin.py:137} INFO - [2023-05-14T05:46:14.884+0000] {dag.py:2705} INFO - Sync 1 DAGs
[2023-05-14T05:46:14.903+0000] {logging_mixin.py:137} INFO - [2023-05-14T05:46:14.903+0000] {dag.py:3456} INFO - Setting next_dagrun for example_branch_labels to 2023-05-13T00:00:00+00:00, run_after=2023-05-14T00:00:00+00:00
[2023-05-14T05:46:14.916+0000] {processor.py:175} INFO - Processing /home/airflow/.local/lib/python3.7/site-packages/airflow/example_dags/example_branch_labels.py took 0.073 seconds
[2023-05-14T05:46:45.082+0000] {processor.py:153} INFO - Started process (PID=10012) to work on /home/airflow/.local/lib/python3.7/site-packages/airflow/example_dags/example_branch_labels.py
[2023-05-14T05:46:45.084+0000] {processor.py:743} INFO - Processing file /home/airflow/.local/lib/python3.7/site-packages/airflow/example_dags/example_branch_labels.py for tasks to queue
[2023-05-14T05:46:45.086+0000] {logging_mixin.py:137} INFO - [2023-05-14T05:46:45.086+0000] {dagbag.py:532} INFO - Filling up the DagBag from /home/airflow/.local/lib/python3.7/site-packages/airflow/example_dags/example_branch_labels.py
[2023-05-14T05:46:45.097+0000] {processor.py:753} INFO - DAG(s) dict_keys(['example_branch_labels']) retrieved from /home/airflow/.local/lib/python3.7/site-packages/airflow/example_dags/example_branch_labels.py
[2023-05-14T05:46:45.119+0000] {logging_mixin.py:137} INFO - [2023-05-14T05:46:45.119+0000] {dag.py:2705} INFO - Sync 1 DAGs
[2023-05-14T05:46:45.138+0000] {logging_mixin.py:137} INFO - [2023-05-14T05:46:45.138+0000] {dag.py:3456} INFO - Setting next_dagrun for example_branch_labels to 2023-05-13T00:00:00+00:00, run_after=2023-05-14T00:00:00+00:00
[2023-05-14T05:46:45.153+0000] {processor.py:175} INFO - Processing /home/airflow/.local/lib/python3.7/site-packages/airflow/example_dags/example_branch_labels.py took 0.074 seconds
[2023-05-14T05:47:15.485+0000] {processor.py:153} INFO - Started process (PID=10236) to work on /home/airflow/.local/lib/python3.7/site-packages/airflow/example_dags/example_branch_labels.py
[2023-05-14T05:47:15.487+0000] {processor.py:743} INFO - Processing file /home/airflow/.local/lib/python3.7/site-packages/airflow/example_dags/example_branch_labels.py for tasks to queue
[2023-05-14T05:47:15.488+0000] {logging_mixin.py:137} INFO - [2023-05-14T05:47:15.488+0000] {dagbag.py:532} INFO - Filling up the DagBag from /home/airflow/.local/lib/python3.7/site-packages/airflow/example_dags/example_branch_labels.py
[2023-05-14T05:47:15.505+0000] {processor.py:753} INFO - DAG(s) dict_keys(['example_branch_labels']) retrieved from /home/airflow/.local/lib/python3.7/site-packages/airflow/example_dags/example_branch_labels.py
[2023-05-14T05:47:15.532+0000] {logging_mixin.py:137} INFO - [2023-05-14T05:47:15.532+0000] {dag.py:2705} INFO - Sync 1 DAGs
[2023-05-14T05:47:15.555+0000] {logging_mixin.py:137} INFO - [2023-05-14T05:47:15.555+0000] {dag.py:3456} INFO - Setting next_dagrun for example_branch_labels to 2023-05-13T00:00:00+00:00, run_after=2023-05-14T00:00:00+00:00
[2023-05-14T05:47:15.570+0000] {processor.py:175} INFO - Processing /home/airflow/.local/lib/python3.7/site-packages/airflow/example_dags/example_branch_labels.py took 0.088 seconds
[2023-05-14T05:47:45.979+0000] {processor.py:153} INFO - Started process (PID=10459) to work on /home/airflow/.local/lib/python3.7/site-packages/airflow/example_dags/example_branch_labels.py
[2023-05-14T05:47:45.981+0000] {processor.py:743} INFO - Processing file /home/airflow/.local/lib/python3.7/site-packages/airflow/example_dags/example_branch_labels.py for tasks to queue
[2023-05-14T05:47:45.984+0000] {logging_mixin.py:137} INFO - [2023-05-14T05:47:45.983+0000] {dagbag.py:532} INFO - Filling up the DagBag from /home/airflow/.local/lib/python3.7/site-packages/airflow/example_dags/example_branch_labels.py
[2023-05-14T05:47:45.996+0000] {processor.py:753} INFO - DAG(s) dict_keys(['example_branch_labels']) retrieved from /home/airflow/.local/lib/python3.7/site-packages/airflow/example_dags/example_branch_labels.py
[2023-05-14T05:47:46.019+0000] {logging_mixin.py:137} INFO - [2023-05-14T05:47:46.019+0000] {dag.py:2705} INFO - Sync 1 DAGs
[2023-05-14T05:47:46.040+0000] {logging_mixin.py:137} INFO - [2023-05-14T05:47:46.040+0000] {dag.py:3456} INFO - Setting next_dagrun for example_branch_labels to 2023-05-13T00:00:00+00:00, run_after=2023-05-14T00:00:00+00:00
[2023-05-14T05:47:46.054+0000] {processor.py:175} INFO - Processing /home/airflow/.local/lib/python3.7/site-packages/airflow/example_dags/example_branch_labels.py took 0.078 seconds
[2023-05-14T05:48:16.329+0000] {processor.py:153} INFO - Started process (PID=10683) to work on /home/airflow/.local/lib/python3.7/site-packages/airflow/example_dags/example_branch_labels.py
[2023-05-14T05:48:16.331+0000] {processor.py:743} INFO - Processing file /home/airflow/.local/lib/python3.7/site-packages/airflow/example_dags/example_branch_labels.py for tasks to queue
[2023-05-14T05:48:16.333+0000] {logging_mixin.py:137} INFO - [2023-05-14T05:48:16.333+0000] {dagbag.py:532} INFO - Filling up the DagBag from /home/airflow/.local/lib/python3.7/site-packages/airflow/example_dags/example_branch_labels.py
[2023-05-14T05:48:16.346+0000] {processor.py:753} INFO - DAG(s) dict_keys(['example_branch_labels']) retrieved from /home/airflow/.local/lib/python3.7/site-packages/airflow/example_dags/example_branch_labels.py
[2023-05-14T05:48:16.370+0000] {logging_mixin.py:137} INFO - [2023-05-14T05:48:16.370+0000] {dag.py:2705} INFO - Sync 1 DAGs
[2023-05-14T05:48:16.388+0000] {logging_mixin.py:137} INFO - [2023-05-14T05:48:16.388+0000] {dag.py:3456} INFO - Setting next_dagrun for example_branch_labels to 2023-05-13T00:00:00+00:00, run_after=2023-05-14T00:00:00+00:00
[2023-05-14T05:48:16.400+0000] {processor.py:175} INFO - Processing /home/airflow/.local/lib/python3.7/site-packages/airflow/example_dags/example_branch_labels.py took 0.074 seconds
[2023-05-14T05:48:46.482+0000] {processor.py:153} INFO - Started process (PID=10907) to work on /home/airflow/.local/lib/python3.7/site-packages/airflow/example_dags/example_branch_labels.py
[2023-05-14T05:48:46.484+0000] {processor.py:743} INFO - Processing file /home/airflow/.local/lib/python3.7/site-packages/airflow/example_dags/example_branch_labels.py for tasks to queue
[2023-05-14T05:48:46.485+0000] {logging_mixin.py:137} INFO - [2023-05-14T05:48:46.485+0000] {dagbag.py:532} INFO - Filling up the DagBag from /home/airflow/.local/lib/python3.7/site-packages/airflow/example_dags/example_branch_labels.py
[2023-05-14T05:48:46.498+0000] {processor.py:753} INFO - DAG(s) dict_keys(['example_branch_labels']) retrieved from /home/airflow/.local/lib/python3.7/site-packages/airflow/example_dags/example_branch_labels.py
[2023-05-14T05:48:46.523+0000] {logging_mixin.py:137} INFO - [2023-05-14T05:48:46.523+0000] {dag.py:2705} INFO - Sync 1 DAGs
[2023-05-14T05:48:46.542+0000] {logging_mixin.py:137} INFO - [2023-05-14T05:48:46.542+0000] {dag.py:3456} INFO - Setting next_dagrun for example_branch_labels to 2023-05-13T00:00:00+00:00, run_after=2023-05-14T00:00:00+00:00
[2023-05-14T05:48:46.555+0000] {processor.py:175} INFO - Processing /home/airflow/.local/lib/python3.7/site-packages/airflow/example_dags/example_branch_labels.py took 0.076 seconds
[2023-05-14T05:49:16.954+0000] {processor.py:153} INFO - Started process (PID=11131) to work on /home/airflow/.local/lib/python3.7/site-packages/airflow/example_dags/example_branch_labels.py
[2023-05-14T05:49:16.956+0000] {processor.py:743} INFO - Processing file /home/airflow/.local/lib/python3.7/site-packages/airflow/example_dags/example_branch_labels.py for tasks to queue
[2023-05-14T05:49:16.960+0000] {logging_mixin.py:137} INFO - [2023-05-14T05:49:16.960+0000] {dagbag.py:532} INFO - Filling up the DagBag from /home/airflow/.local/lib/python3.7/site-packages/airflow/example_dags/example_branch_labels.py
[2023-05-14T05:49:16.971+0000] {processor.py:753} INFO - DAG(s) dict_keys(['example_branch_labels']) retrieved from /home/airflow/.local/lib/python3.7/site-packages/airflow/example_dags/example_branch_labels.py
[2023-05-14T05:49:16.992+0000] {logging_mixin.py:137} INFO - [2023-05-14T05:49:16.992+0000] {dag.py:2705} INFO - Sync 1 DAGs
[2023-05-14T05:49:17.012+0000] {logging_mixin.py:137} INFO - [2023-05-14T05:49:17.012+0000] {dag.py:3456} INFO - Setting next_dagrun for example_branch_labels to 2023-05-13T00:00:00+00:00, run_after=2023-05-14T00:00:00+00:00
[2023-05-14T05:49:17.026+0000] {processor.py:175} INFO - Processing /home/airflow/.local/lib/python3.7/site-packages/airflow/example_dags/example_branch_labels.py took 0.075 seconds
[2023-05-14T05:49:47.154+0000] {processor.py:153} INFO - Started process (PID=11357) to work on /home/airflow/.local/lib/python3.7/site-packages/airflow/example_dags/example_branch_labels.py
[2023-05-14T05:49:47.156+0000] {processor.py:743} INFO - Processing file /home/airflow/.local/lib/python3.7/site-packages/airflow/example_dags/example_branch_labels.py for tasks to queue
[2023-05-14T05:49:47.157+0000] {logging_mixin.py:137} INFO - [2023-05-14T05:49:47.157+0000] {dagbag.py:532} INFO - Filling up the DagBag from /home/airflow/.local/lib/python3.7/site-packages/airflow/example_dags/example_branch_labels.py
[2023-05-14T05:49:47.168+0000] {processor.py:753} INFO - DAG(s) dict_keys(['example_branch_labels']) retrieved from /home/airflow/.local/lib/python3.7/site-packages/airflow/example_dags/example_branch_labels.py
[2023-05-14T05:49:47.189+0000] {logging_mixin.py:137} INFO - [2023-05-14T05:49:47.189+0000] {dag.py:2705} INFO - Sync 1 DAGs
[2023-05-14T05:49:47.207+0000] {logging_mixin.py:137} INFO - [2023-05-14T05:49:47.206+0000] {dag.py:3456} INFO - Setting next_dagrun for example_branch_labels to 2023-05-13T00:00:00+00:00, run_after=2023-05-14T00:00:00+00:00
[2023-05-14T05:49:47.218+0000] {processor.py:175} INFO - Processing /home/airflow/.local/lib/python3.7/site-packages/airflow/example_dags/example_branch_labels.py took 0.067 seconds
[2023-05-14T05:50:17.405+0000] {processor.py:153} INFO - Started process (PID=11581) to work on /home/airflow/.local/lib/python3.7/site-packages/airflow/example_dags/example_branch_labels.py
[2023-05-14T05:50:17.420+0000] {processor.py:743} INFO - Processing file /home/airflow/.local/lib/python3.7/site-packages/airflow/example_dags/example_branch_labels.py for tasks to queue
[2023-05-14T05:50:17.423+0000] {logging_mixin.py:137} INFO - [2023-05-14T05:50:17.423+0000] {dagbag.py:532} INFO - Filling up the DagBag from /home/airflow/.local/lib/python3.7/site-packages/airflow/example_dags/example_branch_labels.py
[2023-05-14T05:50:17.436+0000] {processor.py:753} INFO - DAG(s) dict_keys(['example_branch_labels']) retrieved from /home/airflow/.local/lib/python3.7/site-packages/airflow/example_dags/example_branch_labels.py
[2023-05-14T05:50:17.461+0000] {logging_mixin.py:137} INFO - [2023-05-14T05:50:17.461+0000] {dag.py:2705} INFO - Sync 1 DAGs
[2023-05-14T05:50:17.486+0000] {logging_mixin.py:137} INFO - [2023-05-14T05:50:17.486+0000] {dag.py:3456} INFO - Setting next_dagrun for example_branch_labels to 2023-05-13T00:00:00+00:00, run_after=2023-05-14T00:00:00+00:00
[2023-05-14T05:50:17.508+0000] {processor.py:175} INFO - Processing /home/airflow/.local/lib/python3.7/site-packages/airflow/example_dags/example_branch_labels.py took 0.107 seconds
[2023-05-14T05:50:47.832+0000] {processor.py:153} INFO - Started process (PID=11805) to work on /home/airflow/.local/lib/python3.7/site-packages/airflow/example_dags/example_branch_labels.py
[2023-05-14T05:50:47.834+0000] {processor.py:743} INFO - Processing file /home/airflow/.local/lib/python3.7/site-packages/airflow/example_dags/example_branch_labels.py for tasks to queue
[2023-05-14T05:50:47.835+0000] {logging_mixin.py:137} INFO - [2023-05-14T05:50:47.835+0000] {dagbag.py:532} INFO - Filling up the DagBag from /home/airflow/.local/lib/python3.7/site-packages/airflow/example_dags/example_branch_labels.py
[2023-05-14T05:50:47.847+0000] {processor.py:753} INFO - DAG(s) dict_keys(['example_branch_labels']) retrieved from /home/airflow/.local/lib/python3.7/site-packages/airflow/example_dags/example_branch_labels.py
[2023-05-14T05:50:47.871+0000] {logging_mixin.py:137} INFO - [2023-05-14T05:50:47.871+0000] {dag.py:2705} INFO - Sync 1 DAGs
[2023-05-14T05:50:47.894+0000] {logging_mixin.py:137} INFO - [2023-05-14T05:50:47.894+0000] {dag.py:3456} INFO - Setting next_dagrun for example_branch_labels to 2023-05-13T00:00:00+00:00, run_after=2023-05-14T00:00:00+00:00
[2023-05-14T05:50:47.908+0000] {processor.py:175} INFO - Processing /home/airflow/.local/lib/python3.7/site-packages/airflow/example_dags/example_branch_labels.py took 0.079 seconds
[2023-05-14T05:51:18.210+0000] {processor.py:153} INFO - Started process (PID=12029) to work on /home/airflow/.local/lib/python3.7/site-packages/airflow/example_dags/example_branch_labels.py
[2023-05-14T05:51:18.212+0000] {processor.py:743} INFO - Processing file /home/airflow/.local/lib/python3.7/site-packages/airflow/example_dags/example_branch_labels.py for tasks to queue
[2023-05-14T05:51:18.213+0000] {logging_mixin.py:137} INFO - [2023-05-14T05:51:18.213+0000] {dagbag.py:532} INFO - Filling up the DagBag from /home/airflow/.local/lib/python3.7/site-packages/airflow/example_dags/example_branch_labels.py
[2023-05-14T05:51:18.225+0000] {processor.py:753} INFO - DAG(s) dict_keys(['example_branch_labels']) retrieved from /home/airflow/.local/lib/python3.7/site-packages/airflow/example_dags/example_branch_labels.py
[2023-05-14T05:51:18.249+0000] {logging_mixin.py:137} INFO - [2023-05-14T05:51:18.249+0000] {dag.py:2705} INFO - Sync 1 DAGs
[2023-05-14T05:51:18.270+0000] {logging_mixin.py:137} INFO - [2023-05-14T05:51:18.270+0000] {dag.py:3456} INFO - Setting next_dagrun for example_branch_labels to 2023-05-13T00:00:00+00:00, run_after=2023-05-14T00:00:00+00:00
[2023-05-14T05:51:18.286+0000] {processor.py:175} INFO - Processing /home/airflow/.local/lib/python3.7/site-packages/airflow/example_dags/example_branch_labels.py took 0.080 seconds
[2023-05-14T05:51:48.605+0000] {processor.py:153} INFO - Started process (PID=12255) to work on /home/airflow/.local/lib/python3.7/site-packages/airflow/example_dags/example_branch_labels.py
[2023-05-14T05:51:48.608+0000] {processor.py:743} INFO - Processing file /home/airflow/.local/lib/python3.7/site-packages/airflow/example_dags/example_branch_labels.py for tasks to queue
[2023-05-14T05:51:48.609+0000] {logging_mixin.py:137} INFO - [2023-05-14T05:51:48.609+0000] {dagbag.py:532} INFO - Filling up the DagBag from /home/airflow/.local/lib/python3.7/site-packages/airflow/example_dags/example_branch_labels.py
[2023-05-14T05:51:48.622+0000] {processor.py:753} INFO - DAG(s) dict_keys(['example_branch_labels']) retrieved from /home/airflow/.local/lib/python3.7/site-packages/airflow/example_dags/example_branch_labels.py
[2023-05-14T05:51:48.656+0000] {logging_mixin.py:137} INFO - [2023-05-14T05:51:48.656+0000] {dag.py:2705} INFO - Sync 1 DAGs
[2023-05-14T05:51:48.681+0000] {logging_mixin.py:137} INFO - [2023-05-14T05:51:48.681+0000] {dag.py:3456} INFO - Setting next_dagrun for example_branch_labels to 2023-05-13T00:00:00+00:00, run_after=2023-05-14T00:00:00+00:00
[2023-05-14T05:51:48.692+0000] {processor.py:175} INFO - Processing /home/airflow/.local/lib/python3.7/site-packages/airflow/example_dags/example_branch_labels.py took 0.090 seconds
[2023-05-14T05:52:18.886+0000] {processor.py:153} INFO - Started process (PID=12476) to work on /home/airflow/.local/lib/python3.7/site-packages/airflow/example_dags/example_branch_labels.py
[2023-05-14T05:52:18.888+0000] {processor.py:743} INFO - Processing file /home/airflow/.local/lib/python3.7/site-packages/airflow/example_dags/example_branch_labels.py for tasks to queue
[2023-05-14T05:52:18.889+0000] {logging_mixin.py:137} INFO - [2023-05-14T05:52:18.889+0000] {dagbag.py:532} INFO - Filling up the DagBag from /home/airflow/.local/lib/python3.7/site-packages/airflow/example_dags/example_branch_labels.py
[2023-05-14T05:52:18.903+0000] {processor.py:753} INFO - DAG(s) dict_keys(['example_branch_labels']) retrieved from /home/airflow/.local/lib/python3.7/site-packages/airflow/example_dags/example_branch_labels.py
[2023-05-14T05:52:18.927+0000] {logging_mixin.py:137} INFO - [2023-05-14T05:52:18.927+0000] {dag.py:2705} INFO - Sync 1 DAGs
[2023-05-14T05:52:18.944+0000] {logging_mixin.py:137} INFO - [2023-05-14T05:52:18.944+0000] {dag.py:3456} INFO - Setting next_dagrun for example_branch_labels to 2023-05-13T00:00:00+00:00, run_after=2023-05-14T00:00:00+00:00
[2023-05-14T05:52:18.956+0000] {processor.py:175} INFO - Processing /home/airflow/.local/lib/python3.7/site-packages/airflow/example_dags/example_branch_labels.py took 0.074 seconds
[2023-05-14T05:52:49.073+0000] {processor.py:153} INFO - Started process (PID=12700) to work on /home/airflow/.local/lib/python3.7/site-packages/airflow/example_dags/example_branch_labels.py
[2023-05-14T05:52:49.074+0000] {processor.py:743} INFO - Processing file /home/airflow/.local/lib/python3.7/site-packages/airflow/example_dags/example_branch_labels.py for tasks to queue
[2023-05-14T05:52:49.076+0000] {logging_mixin.py:137} INFO - [2023-05-14T05:52:49.076+0000] {dagbag.py:532} INFO - Filling up the DagBag from /home/airflow/.local/lib/python3.7/site-packages/airflow/example_dags/example_branch_labels.py
[2023-05-14T05:52:49.087+0000] {processor.py:753} INFO - DAG(s) dict_keys(['example_branch_labels']) retrieved from /home/airflow/.local/lib/python3.7/site-packages/airflow/example_dags/example_branch_labels.py
[2023-05-14T05:52:49.110+0000] {logging_mixin.py:137} INFO - [2023-05-14T05:52:49.110+0000] {dag.py:2705} INFO - Sync 1 DAGs
[2023-05-14T05:52:49.128+0000] {logging_mixin.py:137} INFO - [2023-05-14T05:52:49.128+0000] {dag.py:3456} INFO - Setting next_dagrun for example_branch_labels to 2023-05-13T00:00:00+00:00, run_after=2023-05-14T00:00:00+00:00
[2023-05-14T05:52:49.144+0000] {processor.py:175} INFO - Processing /home/airflow/.local/lib/python3.7/site-packages/airflow/example_dags/example_branch_labels.py took 0.074 seconds
[2023-05-14T05:53:19.556+0000] {processor.py:153} INFO - Started process (PID=12924) to work on /home/airflow/.local/lib/python3.7/site-packages/airflow/example_dags/example_branch_labels.py
[2023-05-14T05:53:19.558+0000] {processor.py:743} INFO - Processing file /home/airflow/.local/lib/python3.7/site-packages/airflow/example_dags/example_branch_labels.py for tasks to queue
[2023-05-14T05:53:19.559+0000] {logging_mixin.py:137} INFO - [2023-05-14T05:53:19.559+0000] {dagbag.py:532} INFO - Filling up the DagBag from /home/airflow/.local/lib/python3.7/site-packages/airflow/example_dags/example_branch_labels.py
[2023-05-14T05:53:19.570+0000] {processor.py:753} INFO - DAG(s) dict_keys(['example_branch_labels']) retrieved from /home/airflow/.local/lib/python3.7/site-packages/airflow/example_dags/example_branch_labels.py
[2023-05-14T05:53:19.593+0000] {logging_mixin.py:137} INFO - [2023-05-14T05:53:19.593+0000] {dag.py:2705} INFO - Sync 1 DAGs
[2023-05-14T05:53:19.611+0000] {logging_mixin.py:137} INFO - [2023-05-14T05:53:19.611+0000] {dag.py:3456} INFO - Setting next_dagrun for example_branch_labels to 2023-05-13T00:00:00+00:00, run_after=2023-05-14T00:00:00+00:00
[2023-05-14T05:53:19.624+0000] {processor.py:175} INFO - Processing /home/airflow/.local/lib/python3.7/site-packages/airflow/example_dags/example_branch_labels.py took 0.071 seconds
[2023-05-14T05:53:50.900+0000] {processor.py:153} INFO - Started process (PID=13149) to work on /home/airflow/.local/lib/python3.7/site-packages/airflow/example_dags/example_branch_labels.py
[2023-05-14T05:53:50.902+0000] {processor.py:743} INFO - Processing file /home/airflow/.local/lib/python3.7/site-packages/airflow/example_dags/example_branch_labels.py for tasks to queue
[2023-05-14T05:53:50.904+0000] {logging_mixin.py:137} INFO - [2023-05-14T05:53:50.903+0000] {dagbag.py:532} INFO - Filling up the DagBag from /home/airflow/.local/lib/python3.7/site-packages/airflow/example_dags/example_branch_labels.py
[2023-05-14T05:53:50.915+0000] {processor.py:753} INFO - DAG(s) dict_keys(['example_branch_labels']) retrieved from /home/airflow/.local/lib/python3.7/site-packages/airflow/example_dags/example_branch_labels.py
[2023-05-14T05:53:50.939+0000] {logging_mixin.py:137} INFO - [2023-05-14T05:53:50.939+0000] {dag.py:2705} INFO - Sync 1 DAGs
[2023-05-14T05:53:50.960+0000] {logging_mixin.py:137} INFO - [2023-05-14T05:53:50.959+0000] {dag.py:3456} INFO - Setting next_dagrun for example_branch_labels to 2023-05-13T00:00:00+00:00, run_after=2023-05-14T00:00:00+00:00
[2023-05-14T05:53:50.974+0000] {processor.py:175} INFO - Processing /home/airflow/.local/lib/python3.7/site-packages/airflow/example_dags/example_branch_labels.py took 0.077 seconds
[2023-05-14T05:54:21.179+0000] {processor.py:153} INFO - Started process (PID=13373) to work on /home/airflow/.local/lib/python3.7/site-packages/airflow/example_dags/example_branch_labels.py
[2023-05-14T05:54:21.181+0000] {processor.py:743} INFO - Processing file /home/airflow/.local/lib/python3.7/site-packages/airflow/example_dags/example_branch_labels.py for tasks to queue
[2023-05-14T05:54:21.182+0000] {logging_mixin.py:137} INFO - [2023-05-14T05:54:21.182+0000] {dagbag.py:532} INFO - Filling up the DagBag from /home/airflow/.local/lib/python3.7/site-packages/airflow/example_dags/example_branch_labels.py
[2023-05-14T05:54:21.194+0000] {processor.py:753} INFO - DAG(s) dict_keys(['example_branch_labels']) retrieved from /home/airflow/.local/lib/python3.7/site-packages/airflow/example_dags/example_branch_labels.py
[2023-05-14T05:54:21.217+0000] {logging_mixin.py:137} INFO - [2023-05-14T05:54:21.217+0000] {dag.py:2705} INFO - Sync 1 DAGs
[2023-05-14T05:54:21.234+0000] {logging_mixin.py:137} INFO - [2023-05-14T05:54:21.234+0000] {dag.py:3456} INFO - Setting next_dagrun for example_branch_labels to 2023-05-13T00:00:00+00:00, run_after=2023-05-14T00:00:00+00:00
[2023-05-14T05:54:21.247+0000] {processor.py:175} INFO - Processing /home/airflow/.local/lib/python3.7/site-packages/airflow/example_dags/example_branch_labels.py took 0.071 seconds
[2023-05-14T05:54:51.512+0000] {processor.py:153} INFO - Started process (PID=13596) to work on /home/airflow/.local/lib/python3.7/site-packages/airflow/example_dags/example_branch_labels.py
[2023-05-14T05:54:51.515+0000] {processor.py:743} INFO - Processing file /home/airflow/.local/lib/python3.7/site-packages/airflow/example_dags/example_branch_labels.py for tasks to queue
[2023-05-14T05:54:51.516+0000] {logging_mixin.py:137} INFO - [2023-05-14T05:54:51.516+0000] {dagbag.py:532} INFO - Filling up the DagBag from /home/airflow/.local/lib/python3.7/site-packages/airflow/example_dags/example_branch_labels.py
[2023-05-14T05:54:51.528+0000] {processor.py:753} INFO - DAG(s) dict_keys(['example_branch_labels']) retrieved from /home/airflow/.local/lib/python3.7/site-packages/airflow/example_dags/example_branch_labels.py
[2023-05-14T05:54:51.552+0000] {logging_mixin.py:137} INFO - [2023-05-14T05:54:51.552+0000] {dag.py:2705} INFO - Sync 1 DAGs
[2023-05-14T05:54:51.574+0000] {logging_mixin.py:137} INFO - [2023-05-14T05:54:51.574+0000] {dag.py:3456} INFO - Setting next_dagrun for example_branch_labels to 2023-05-13T00:00:00+00:00, run_after=2023-05-14T00:00:00+00:00
[2023-05-14T05:54:51.590+0000] {processor.py:175} INFO - Processing /home/airflow/.local/lib/python3.7/site-packages/airflow/example_dags/example_branch_labels.py took 0.081 seconds
[2023-05-14T05:55:21.971+0000] {processor.py:153} INFO - Started process (PID=13820) to work on /home/airflow/.local/lib/python3.7/site-packages/airflow/example_dags/example_branch_labels.py
[2023-05-14T05:55:21.973+0000] {processor.py:743} INFO - Processing file /home/airflow/.local/lib/python3.7/site-packages/airflow/example_dags/example_branch_labels.py for tasks to queue
[2023-05-14T05:55:21.975+0000] {logging_mixin.py:137} INFO - [2023-05-14T05:55:21.974+0000] {dagbag.py:532} INFO - Filling up the DagBag from /home/airflow/.local/lib/python3.7/site-packages/airflow/example_dags/example_branch_labels.py
[2023-05-14T05:55:21.990+0000] {processor.py:753} INFO - DAG(s) dict_keys(['example_branch_labels']) retrieved from /home/airflow/.local/lib/python3.7/site-packages/airflow/example_dags/example_branch_labels.py
[2023-05-14T05:55:22.033+0000] {logging_mixin.py:137} INFO - [2023-05-14T05:55:22.033+0000] {dag.py:2705} INFO - Sync 1 DAGs
[2023-05-14T05:55:22.055+0000] {logging_mixin.py:137} INFO - [2023-05-14T05:55:22.055+0000] {dag.py:3456} INFO - Setting next_dagrun for example_branch_labels to 2023-05-13T00:00:00+00:00, run_after=2023-05-14T00:00:00+00:00
[2023-05-14T05:55:22.071+0000] {processor.py:175} INFO - Processing /home/airflow/.local/lib/python3.7/site-packages/airflow/example_dags/example_branch_labels.py took 0.103 seconds
[2023-05-14T05:55:52.214+0000] {processor.py:153} INFO - Started process (PID=14044) to work on /home/airflow/.local/lib/python3.7/site-packages/airflow/example_dags/example_branch_labels.py
[2023-05-14T05:55:52.215+0000] {processor.py:743} INFO - Processing file /home/airflow/.local/lib/python3.7/site-packages/airflow/example_dags/example_branch_labels.py for tasks to queue
[2023-05-14T05:55:52.216+0000] {logging_mixin.py:137} INFO - [2023-05-14T05:55:52.216+0000] {dagbag.py:532} INFO - Filling up the DagBag from /home/airflow/.local/lib/python3.7/site-packages/airflow/example_dags/example_branch_labels.py
[2023-05-14T05:55:52.228+0000] {processor.py:753} INFO - DAG(s) dict_keys(['example_branch_labels']) retrieved from /home/airflow/.local/lib/python3.7/site-packages/airflow/example_dags/example_branch_labels.py
[2023-05-14T05:55:52.251+0000] {logging_mixin.py:137} INFO - [2023-05-14T05:55:52.251+0000] {dag.py:2705} INFO - Sync 1 DAGs
[2023-05-14T05:55:52.270+0000] {logging_mixin.py:137} INFO - [2023-05-14T05:55:52.270+0000] {dag.py:3456} INFO - Setting next_dagrun for example_branch_labels to 2023-05-13T00:00:00+00:00, run_after=2023-05-14T00:00:00+00:00
[2023-05-14T05:55:52.282+0000] {processor.py:175} INFO - Processing /home/airflow/.local/lib/python3.7/site-packages/airflow/example_dags/example_branch_labels.py took 0.071 seconds
[2023-05-14T05:56:22.803+0000] {processor.py:153} INFO - Started process (PID=14268) to work on /home/airflow/.local/lib/python3.7/site-packages/airflow/example_dags/example_branch_labels.py
[2023-05-14T05:56:22.805+0000] {processor.py:743} INFO - Processing file /home/airflow/.local/lib/python3.7/site-packages/airflow/example_dags/example_branch_labels.py for tasks to queue
[2023-05-14T05:56:22.807+0000] {logging_mixin.py:137} INFO - [2023-05-14T05:56:22.807+0000] {dagbag.py:532} INFO - Filling up the DagBag from /home/airflow/.local/lib/python3.7/site-packages/airflow/example_dags/example_branch_labels.py
[2023-05-14T05:56:22.819+0000] {processor.py:753} INFO - DAG(s) dict_keys(['example_branch_labels']) retrieved from /home/airflow/.local/lib/python3.7/site-packages/airflow/example_dags/example_branch_labels.py
[2023-05-14T05:56:22.851+0000] {logging_mixin.py:137} INFO - [2023-05-14T05:56:22.851+0000] {dag.py:2705} INFO - Sync 1 DAGs
[2023-05-14T05:56:22.874+0000] {logging_mixin.py:137} INFO - [2023-05-14T05:56:22.874+0000] {dag.py:3456} INFO - Setting next_dagrun for example_branch_labels to 2023-05-13T00:00:00+00:00, run_after=2023-05-14T00:00:00+00:00
[2023-05-14T05:56:22.894+0000] {processor.py:175} INFO - Processing /home/airflow/.local/lib/python3.7/site-packages/airflow/example_dags/example_branch_labels.py took 0.096 seconds
[2023-05-14T05:56:53.521+0000] {processor.py:153} INFO - Started process (PID=14492) to work on /home/airflow/.local/lib/python3.7/site-packages/airflow/example_dags/example_branch_labels.py
[2023-05-14T05:56:53.525+0000] {processor.py:743} INFO - Processing file /home/airflow/.local/lib/python3.7/site-packages/airflow/example_dags/example_branch_labels.py for tasks to queue
[2023-05-14T05:56:53.530+0000] {logging_mixin.py:137} INFO - [2023-05-14T05:56:53.530+0000] {dagbag.py:532} INFO - Filling up the DagBag from /home/airflow/.local/lib/python3.7/site-packages/airflow/example_dags/example_branch_labels.py
[2023-05-14T05:56:53.548+0000] {processor.py:753} INFO - DAG(s) dict_keys(['example_branch_labels']) retrieved from /home/airflow/.local/lib/python3.7/site-packages/airflow/example_dags/example_branch_labels.py
[2023-05-14T05:56:53.584+0000] {logging_mixin.py:137} INFO - [2023-05-14T05:56:53.584+0000] {dag.py:2705} INFO - Sync 1 DAGs
[2023-05-14T05:56:53.605+0000] {logging_mixin.py:137} INFO - [2023-05-14T05:56:53.605+0000] {dag.py:3456} INFO - Setting next_dagrun for example_branch_labels to 2023-05-13T00:00:00+00:00, run_after=2023-05-14T00:00:00+00:00
[2023-05-14T05:56:53.621+0000] {processor.py:175} INFO - Processing /home/airflow/.local/lib/python3.7/site-packages/airflow/example_dags/example_branch_labels.py took 0.104 seconds
[2023-05-14T05:57:24.191+0000] {processor.py:153} INFO - Started process (PID=14716) to work on /home/airflow/.local/lib/python3.7/site-packages/airflow/example_dags/example_branch_labels.py
[2023-05-14T05:57:24.193+0000] {processor.py:743} INFO - Processing file /home/airflow/.local/lib/python3.7/site-packages/airflow/example_dags/example_branch_labels.py for tasks to queue
[2023-05-14T05:57:24.198+0000] {logging_mixin.py:137} INFO - [2023-05-14T05:57:24.198+0000] {dagbag.py:532} INFO - Filling up the DagBag from /home/airflow/.local/lib/python3.7/site-packages/airflow/example_dags/example_branch_labels.py
[2023-05-14T05:57:24.210+0000] {processor.py:753} INFO - DAG(s) dict_keys(['example_branch_labels']) retrieved from /home/airflow/.local/lib/python3.7/site-packages/airflow/example_dags/example_branch_labels.py
[2023-05-14T05:57:24.232+0000] {logging_mixin.py:137} INFO - [2023-05-14T05:57:24.232+0000] {dag.py:2705} INFO - Sync 1 DAGs
[2023-05-14T05:57:24.250+0000] {logging_mixin.py:137} INFO - [2023-05-14T05:57:24.250+0000] {dag.py:3456} INFO - Setting next_dagrun for example_branch_labels to 2023-05-13T00:00:00+00:00, run_after=2023-05-14T00:00:00+00:00
[2023-05-14T05:57:24.264+0000] {processor.py:175} INFO - Processing /home/airflow/.local/lib/python3.7/site-packages/airflow/example_dags/example_branch_labels.py took 0.076 seconds
[2023-05-14T05:57:54.545+0000] {processor.py:153} INFO - Started process (PID=14940) to work on /home/airflow/.local/lib/python3.7/site-packages/airflow/example_dags/example_branch_labels.py
[2023-05-14T05:57:54.548+0000] {processor.py:743} INFO - Processing file /home/airflow/.local/lib/python3.7/site-packages/airflow/example_dags/example_branch_labels.py for tasks to queue
[2023-05-14T05:57:54.549+0000] {logging_mixin.py:137} INFO - [2023-05-14T05:57:54.549+0000] {dagbag.py:532} INFO - Filling up the DagBag from /home/airflow/.local/lib/python3.7/site-packages/airflow/example_dags/example_branch_labels.py
[2023-05-14T05:57:54.561+0000] {processor.py:753} INFO - DAG(s) dict_keys(['example_branch_labels']) retrieved from /home/airflow/.local/lib/python3.7/site-packages/airflow/example_dags/example_branch_labels.py
[2023-05-14T05:57:54.584+0000] {logging_mixin.py:137} INFO - [2023-05-14T05:57:54.584+0000] {dag.py:2705} INFO - Sync 1 DAGs
[2023-05-14T05:57:54.602+0000] {logging_mixin.py:137} INFO - [2023-05-14T05:57:54.602+0000] {dag.py:3456} INFO - Setting next_dagrun for example_branch_labels to 2023-05-13T00:00:00+00:00, run_after=2023-05-14T00:00:00+00:00
[2023-05-14T05:57:54.619+0000] {processor.py:175} INFO - Processing /home/airflow/.local/lib/python3.7/site-packages/airflow/example_dags/example_branch_labels.py took 0.077 seconds
[2023-05-14T05:58:24.926+0000] {processor.py:153} INFO - Started process (PID=15164) to work on /home/airflow/.local/lib/python3.7/site-packages/airflow/example_dags/example_branch_labels.py
[2023-05-14T05:58:24.944+0000] {processor.py:743} INFO - Processing file /home/airflow/.local/lib/python3.7/site-packages/airflow/example_dags/example_branch_labels.py for tasks to queue
[2023-05-14T05:58:24.945+0000] {logging_mixin.py:137} INFO - [2023-05-14T05:58:24.945+0000] {dagbag.py:532} INFO - Filling up the DagBag from /home/airflow/.local/lib/python3.7/site-packages/airflow/example_dags/example_branch_labels.py
[2023-05-14T05:58:24.957+0000] {processor.py:753} INFO - DAG(s) dict_keys(['example_branch_labels']) retrieved from /home/airflow/.local/lib/python3.7/site-packages/airflow/example_dags/example_branch_labels.py
[2023-05-14T05:58:24.980+0000] {logging_mixin.py:137} INFO - [2023-05-14T05:58:24.980+0000] {dag.py:2705} INFO - Sync 1 DAGs
[2023-05-14T05:58:25.004+0000] {logging_mixin.py:137} INFO - [2023-05-14T05:58:25.004+0000] {dag.py:3456} INFO - Setting next_dagrun for example_branch_labels to 2023-05-13T00:00:00+00:00, run_after=2023-05-14T00:00:00+00:00
[2023-05-14T05:58:25.018+0000] {processor.py:175} INFO - Processing /home/airflow/.local/lib/python3.7/site-packages/airflow/example_dags/example_branch_labels.py took 0.095 seconds
[2023-05-14T05:58:55.110+0000] {processor.py:153} INFO - Started process (PID=15388) to work on /home/airflow/.local/lib/python3.7/site-packages/airflow/example_dags/example_branch_labels.py
[2023-05-14T05:58:55.112+0000] {processor.py:743} INFO - Processing file /home/airflow/.local/lib/python3.7/site-packages/airflow/example_dags/example_branch_labels.py for tasks to queue
[2023-05-14T05:58:55.113+0000] {logging_mixin.py:137} INFO - [2023-05-14T05:58:55.113+0000] {dagbag.py:532} INFO - Filling up the DagBag from /home/airflow/.local/lib/python3.7/site-packages/airflow/example_dags/example_branch_labels.py
[2023-05-14T05:58:55.125+0000] {processor.py:753} INFO - DAG(s) dict_keys(['example_branch_labels']) retrieved from /home/airflow/.local/lib/python3.7/site-packages/airflow/example_dags/example_branch_labels.py
[2023-05-14T05:58:55.147+0000] {logging_mixin.py:137} INFO - [2023-05-14T05:58:55.147+0000] {dag.py:2705} INFO - Sync 1 DAGs
[2023-05-14T05:58:55.165+0000] {logging_mixin.py:137} INFO - [2023-05-14T05:58:55.165+0000] {dag.py:3456} INFO - Setting next_dagrun for example_branch_labels to 2023-05-13T00:00:00+00:00, run_after=2023-05-14T00:00:00+00:00
[2023-05-14T05:58:55.184+0000] {processor.py:175} INFO - Processing /home/airflow/.local/lib/python3.7/site-packages/airflow/example_dags/example_branch_labels.py took 0.077 seconds
[2023-05-14T05:59:25.584+0000] {processor.py:153} INFO - Started process (PID=15612) to work on /home/airflow/.local/lib/python3.7/site-packages/airflow/example_dags/example_branch_labels.py
[2023-05-14T05:59:25.586+0000] {processor.py:743} INFO - Processing file /home/airflow/.local/lib/python3.7/site-packages/airflow/example_dags/example_branch_labels.py for tasks to queue
[2023-05-14T05:59:25.588+0000] {logging_mixin.py:137} INFO - [2023-05-14T05:59:25.588+0000] {dagbag.py:532} INFO - Filling up the DagBag from /home/airflow/.local/lib/python3.7/site-packages/airflow/example_dags/example_branch_labels.py
[2023-05-14T05:59:25.601+0000] {processor.py:753} INFO - DAG(s) dict_keys(['example_branch_labels']) retrieved from /home/airflow/.local/lib/python3.7/site-packages/airflow/example_dags/example_branch_labels.py
[2023-05-14T05:59:25.625+0000] {logging_mixin.py:137} INFO - [2023-05-14T05:59:25.624+0000] {dag.py:2705} INFO - Sync 1 DAGs
[2023-05-14T05:59:25.647+0000] {logging_mixin.py:137} INFO - [2023-05-14T05:59:25.647+0000] {dag.py:3456} INFO - Setting next_dagrun for example_branch_labels to 2023-05-13T00:00:00+00:00, run_after=2023-05-14T00:00:00+00:00
[2023-05-14T05:59:25.663+0000] {processor.py:175} INFO - Processing /home/airflow/.local/lib/python3.7/site-packages/airflow/example_dags/example_branch_labels.py took 0.082 seconds
[2023-05-14T05:59:56.014+0000] {processor.py:153} INFO - Started process (PID=15836) to work on /home/airflow/.local/lib/python3.7/site-packages/airflow/example_dags/example_branch_labels.py
[2023-05-14T05:59:56.016+0000] {processor.py:743} INFO - Processing file /home/airflow/.local/lib/python3.7/site-packages/airflow/example_dags/example_branch_labels.py for tasks to queue
[2023-05-14T05:59:56.020+0000] {logging_mixin.py:137} INFO - [2023-05-14T05:59:56.020+0000] {dagbag.py:532} INFO - Filling up the DagBag from /home/airflow/.local/lib/python3.7/site-packages/airflow/example_dags/example_branch_labels.py
[2023-05-14T05:59:56.033+0000] {processor.py:753} INFO - DAG(s) dict_keys(['example_branch_labels']) retrieved from /home/airflow/.local/lib/python3.7/site-packages/airflow/example_dags/example_branch_labels.py
[2023-05-14T05:59:56.059+0000] {logging_mixin.py:137} INFO - [2023-05-14T05:59:56.059+0000] {dag.py:2705} INFO - Sync 1 DAGs
[2023-05-14T05:59:56.079+0000] {logging_mixin.py:137} INFO - [2023-05-14T05:59:56.079+0000] {dag.py:3456} INFO - Setting next_dagrun for example_branch_labels to 2023-05-13T00:00:00+00:00, run_after=2023-05-14T00:00:00+00:00
[2023-05-14T05:59:56.096+0000] {processor.py:175} INFO - Processing /home/airflow/.local/lib/python3.7/site-packages/airflow/example_dags/example_branch_labels.py took 0.085 seconds
[2023-05-14T06:00:26.273+0000] {processor.py:153} INFO - Started process (PID=16060) to work on /home/airflow/.local/lib/python3.7/site-packages/airflow/example_dags/example_branch_labels.py
[2023-05-14T06:00:26.279+0000] {processor.py:743} INFO - Processing file /home/airflow/.local/lib/python3.7/site-packages/airflow/example_dags/example_branch_labels.py for tasks to queue
[2023-05-14T06:00:26.281+0000] {logging_mixin.py:137} INFO - [2023-05-14T06:00:26.281+0000] {dagbag.py:532} INFO - Filling up the DagBag from /home/airflow/.local/lib/python3.7/site-packages/airflow/example_dags/example_branch_labels.py
[2023-05-14T06:00:26.297+0000] {processor.py:753} INFO - DAG(s) dict_keys(['example_branch_labels']) retrieved from /home/airflow/.local/lib/python3.7/site-packages/airflow/example_dags/example_branch_labels.py
[2023-05-14T06:00:26.323+0000] {logging_mixin.py:137} INFO - [2023-05-14T06:00:26.323+0000] {dag.py:2705} INFO - Sync 1 DAGs
[2023-05-14T06:00:26.358+0000] {logging_mixin.py:137} INFO - [2023-05-14T06:00:26.358+0000] {dag.py:3456} INFO - Setting next_dagrun for example_branch_labels to 2023-05-13T00:00:00+00:00, run_after=2023-05-14T00:00:00+00:00
[2023-05-14T06:00:26.370+0000] {processor.py:175} INFO - Processing /home/airflow/.local/lib/python3.7/site-packages/airflow/example_dags/example_branch_labels.py took 0.100 seconds
[2023-05-14T06:00:57.191+0000] {processor.py:153} INFO - Started process (PID=16284) to work on /home/airflow/.local/lib/python3.7/site-packages/airflow/example_dags/example_branch_labels.py
[2023-05-14T06:00:57.193+0000] {processor.py:743} INFO - Processing file /home/airflow/.local/lib/python3.7/site-packages/airflow/example_dags/example_branch_labels.py for tasks to queue
[2023-05-14T06:00:57.194+0000] {logging_mixin.py:137} INFO - [2023-05-14T06:00:57.194+0000] {dagbag.py:532} INFO - Filling up the DagBag from /home/airflow/.local/lib/python3.7/site-packages/airflow/example_dags/example_branch_labels.py
[2023-05-14T06:00:57.209+0000] {processor.py:753} INFO - DAG(s) dict_keys(['example_branch_labels']) retrieved from /home/airflow/.local/lib/python3.7/site-packages/airflow/example_dags/example_branch_labels.py
[2023-05-14T06:00:57.235+0000] {logging_mixin.py:137} INFO - [2023-05-14T06:00:57.235+0000] {dag.py:2705} INFO - Sync 1 DAGs
[2023-05-14T06:00:57.259+0000] {logging_mixin.py:137} INFO - [2023-05-14T06:00:57.259+0000] {dag.py:3456} INFO - Setting next_dagrun for example_branch_labels to 2023-05-13T00:00:00+00:00, run_after=2023-05-14T00:00:00+00:00
[2023-05-14T06:00:57.271+0000] {processor.py:175} INFO - Processing /home/airflow/.local/lib/python3.7/site-packages/airflow/example_dags/example_branch_labels.py took 0.084 seconds
[2023-05-14T06:01:27.855+0000] {processor.py:153} INFO - Started process (PID=16512) to work on /home/airflow/.local/lib/python3.7/site-packages/airflow/example_dags/example_branch_labels.py
[2023-05-14T06:01:27.857+0000] {processor.py:743} INFO - Processing file /home/airflow/.local/lib/python3.7/site-packages/airflow/example_dags/example_branch_labels.py for tasks to queue
[2023-05-14T06:01:27.858+0000] {logging_mixin.py:137} INFO - [2023-05-14T06:01:27.858+0000] {dagbag.py:532} INFO - Filling up the DagBag from /home/airflow/.local/lib/python3.7/site-packages/airflow/example_dags/example_branch_labels.py
[2023-05-14T06:01:27.877+0000] {processor.py:753} INFO - DAG(s) dict_keys(['example_branch_labels']) retrieved from /home/airflow/.local/lib/python3.7/site-packages/airflow/example_dags/example_branch_labels.py
[2023-05-14T06:01:27.899+0000] {logging_mixin.py:137} INFO - [2023-05-14T06:01:27.899+0000] {dag.py:2705} INFO - Sync 1 DAGs
[2023-05-14T06:01:27.920+0000] {logging_mixin.py:137} INFO - [2023-05-14T06:01:27.920+0000] {dag.py:3456} INFO - Setting next_dagrun for example_branch_labels to 2023-05-13T00:00:00+00:00, run_after=2023-05-14T00:00:00+00:00
[2023-05-14T06:01:27.936+0000] {processor.py:175} INFO - Processing /home/airflow/.local/lib/python3.7/site-packages/airflow/example_dags/example_branch_labels.py took 0.083 seconds
[2023-05-14T06:01:58.346+0000] {processor.py:153} INFO - Started process (PID=16736) to work on /home/airflow/.local/lib/python3.7/site-packages/airflow/example_dags/example_branch_labels.py
[2023-05-14T06:01:58.349+0000] {processor.py:743} INFO - Processing file /home/airflow/.local/lib/python3.7/site-packages/airflow/example_dags/example_branch_labels.py for tasks to queue
[2023-05-14T06:01:58.366+0000] {logging_mixin.py:137} INFO - [2023-05-14T06:01:58.366+0000] {dagbag.py:532} INFO - Filling up the DagBag from /home/airflow/.local/lib/python3.7/site-packages/airflow/example_dags/example_branch_labels.py
[2023-05-14T06:01:58.387+0000] {processor.py:753} INFO - DAG(s) dict_keys(['example_branch_labels']) retrieved from /home/airflow/.local/lib/python3.7/site-packages/airflow/example_dags/example_branch_labels.py
[2023-05-14T06:01:58.411+0000] {logging_mixin.py:137} INFO - [2023-05-14T06:01:58.411+0000] {dag.py:2705} INFO - Sync 1 DAGs
[2023-05-14T06:01:58.436+0000] {logging_mixin.py:137} INFO - [2023-05-14T06:01:58.436+0000] {dag.py:3456} INFO - Setting next_dagrun for example_branch_labels to 2023-05-13T00:00:00+00:00, run_after=2023-05-14T00:00:00+00:00
[2023-05-14T06:01:58.453+0000] {processor.py:175} INFO - Processing /home/airflow/.local/lib/python3.7/site-packages/airflow/example_dags/example_branch_labels.py took 0.110 seconds
[2023-05-14T06:02:28.851+0000] {processor.py:153} INFO - Started process (PID=16969) to work on /home/airflow/.local/lib/python3.7/site-packages/airflow/example_dags/example_branch_labels.py
[2023-05-14T06:02:28.853+0000] {processor.py:743} INFO - Processing file /home/airflow/.local/lib/python3.7/site-packages/airflow/example_dags/example_branch_labels.py for tasks to queue
[2023-05-14T06:02:28.870+0000] {logging_mixin.py:137} INFO - [2023-05-14T06:02:28.870+0000] {dagbag.py:532} INFO - Filling up the DagBag from /home/airflow/.local/lib/python3.7/site-packages/airflow/example_dags/example_branch_labels.py
[2023-05-14T06:02:28.887+0000] {processor.py:753} INFO - DAG(s) dict_keys(['example_branch_labels']) retrieved from /home/airflow/.local/lib/python3.7/site-packages/airflow/example_dags/example_branch_labels.py
[2023-05-14T06:02:28.920+0000] {logging_mixin.py:137} INFO - [2023-05-14T06:02:28.919+0000] {dag.py:2705} INFO - Sync 1 DAGs
[2023-05-14T06:02:28.941+0000] {logging_mixin.py:137} INFO - [2023-05-14T06:02:28.941+0000] {dag.py:3456} INFO - Setting next_dagrun for example_branch_labels to 2023-05-13T00:00:00+00:00, run_after=2023-05-14T00:00:00+00:00
[2023-05-14T06:02:28.958+0000] {processor.py:175} INFO - Processing /home/airflow/.local/lib/python3.7/site-packages/airflow/example_dags/example_branch_labels.py took 0.110 seconds
[2023-05-14T06:02:59.373+0000] {processor.py:153} INFO - Started process (PID=17193) to work on /home/airflow/.local/lib/python3.7/site-packages/airflow/example_dags/example_branch_labels.py
[2023-05-14T06:02:59.376+0000] {processor.py:743} INFO - Processing file /home/airflow/.local/lib/python3.7/site-packages/airflow/example_dags/example_branch_labels.py for tasks to queue
[2023-05-14T06:02:59.378+0000] {logging_mixin.py:137} INFO - [2023-05-14T06:02:59.378+0000] {dagbag.py:532} INFO - Filling up the DagBag from /home/airflow/.local/lib/python3.7/site-packages/airflow/example_dags/example_branch_labels.py
[2023-05-14T06:02:59.395+0000] {processor.py:753} INFO - DAG(s) dict_keys(['example_branch_labels']) retrieved from /home/airflow/.local/lib/python3.7/site-packages/airflow/example_dags/example_branch_labels.py
[2023-05-14T06:02:59.419+0000] {logging_mixin.py:137} INFO - [2023-05-14T06:02:59.419+0000] {dag.py:2705} INFO - Sync 1 DAGs
[2023-05-14T06:02:59.467+0000] {logging_mixin.py:137} INFO - [2023-05-14T06:02:59.467+0000] {dag.py:3456} INFO - Setting next_dagrun for example_branch_labels to 2023-05-13T00:00:00+00:00, run_after=2023-05-14T00:00:00+00:00
[2023-05-14T06:02:59.487+0000] {processor.py:175} INFO - Processing /home/airflow/.local/lib/python3.7/site-packages/airflow/example_dags/example_branch_labels.py took 0.116 seconds
[2023-05-14T06:03:29.722+0000] {processor.py:153} INFO - Started process (PID=17418) to work on /home/airflow/.local/lib/python3.7/site-packages/airflow/example_dags/example_branch_labels.py
[2023-05-14T06:03:29.724+0000] {processor.py:743} INFO - Processing file /home/airflow/.local/lib/python3.7/site-packages/airflow/example_dags/example_branch_labels.py for tasks to queue
[2023-05-14T06:03:29.725+0000] {logging_mixin.py:137} INFO - [2023-05-14T06:03:29.725+0000] {dagbag.py:532} INFO - Filling up the DagBag from /home/airflow/.local/lib/python3.7/site-packages/airflow/example_dags/example_branch_labels.py
[2023-05-14T06:03:29.741+0000] {processor.py:753} INFO - DAG(s) dict_keys(['example_branch_labels']) retrieved from /home/airflow/.local/lib/python3.7/site-packages/airflow/example_dags/example_branch_labels.py
[2023-05-14T06:03:29.767+0000] {logging_mixin.py:137} INFO - [2023-05-14T06:03:29.767+0000] {dag.py:2705} INFO - Sync 1 DAGs
[2023-05-14T06:03:29.815+0000] {logging_mixin.py:137} INFO - [2023-05-14T06:03:29.815+0000] {dag.py:3456} INFO - Setting next_dagrun for example_branch_labels to 2023-05-13T00:00:00+00:00, run_after=2023-05-14T00:00:00+00:00
[2023-05-14T06:03:29.861+0000] {processor.py:175} INFO - Processing /home/airflow/.local/lib/python3.7/site-packages/airflow/example_dags/example_branch_labels.py took 0.142 seconds
[2023-05-14T06:04:00.624+0000] {processor.py:153} INFO - Started process (PID=17649) to work on /home/airflow/.local/lib/python3.7/site-packages/airflow/example_dags/example_branch_labels.py
[2023-05-14T06:04:00.626+0000] {processor.py:743} INFO - Processing file /home/airflow/.local/lib/python3.7/site-packages/airflow/example_dags/example_branch_labels.py for tasks to queue
[2023-05-14T06:04:00.627+0000] {logging_mixin.py:137} INFO - [2023-05-14T06:04:00.627+0000] {dagbag.py:532} INFO - Filling up the DagBag from /home/airflow/.local/lib/python3.7/site-packages/airflow/example_dags/example_branch_labels.py
[2023-05-14T06:04:00.643+0000] {processor.py:753} INFO - DAG(s) dict_keys(['example_branch_labels']) retrieved from /home/airflow/.local/lib/python3.7/site-packages/airflow/example_dags/example_branch_labels.py
[2023-05-14T06:04:00.669+0000] {logging_mixin.py:137} INFO - [2023-05-14T06:04:00.669+0000] {dag.py:2705} INFO - Sync 1 DAGs
[2023-05-14T06:04:00.699+0000] {logging_mixin.py:137} INFO - [2023-05-14T06:04:00.699+0000] {dag.py:3456} INFO - Setting next_dagrun for example_branch_labels to 2023-05-13T00:00:00+00:00, run_after=2023-05-14T00:00:00+00:00
[2023-05-14T06:04:00.711+0000] {processor.py:175} INFO - Processing /home/airflow/.local/lib/python3.7/site-packages/airflow/example_dags/example_branch_labels.py took 0.090 seconds
[2023-05-14T06:04:30.891+0000] {processor.py:153} INFO - Started process (PID=17873) to work on /home/airflow/.local/lib/python3.7/site-packages/airflow/example_dags/example_branch_labels.py
[2023-05-14T06:04:30.892+0000] {processor.py:743} INFO - Processing file /home/airflow/.local/lib/python3.7/site-packages/airflow/example_dags/example_branch_labels.py for tasks to queue
[2023-05-14T06:04:30.894+0000] {logging_mixin.py:137} INFO - [2023-05-14T06:04:30.894+0000] {dagbag.py:532} INFO - Filling up the DagBag from /home/airflow/.local/lib/python3.7/site-packages/airflow/example_dags/example_branch_labels.py
[2023-05-14T06:04:30.909+0000] {processor.py:753} INFO - DAG(s) dict_keys(['example_branch_labels']) retrieved from /home/airflow/.local/lib/python3.7/site-packages/airflow/example_dags/example_branch_labels.py
[2023-05-14T06:04:30.933+0000] {logging_mixin.py:137} INFO - [2023-05-14T06:04:30.933+0000] {dag.py:2705} INFO - Sync 1 DAGs
[2023-05-14T06:04:30.956+0000] {logging_mixin.py:137} INFO - [2023-05-14T06:04:30.956+0000] {dag.py:3456} INFO - Setting next_dagrun for example_branch_labels to 2023-05-13T00:00:00+00:00, run_after=2023-05-14T00:00:00+00:00
[2023-05-14T06:04:30.998+0000] {processor.py:175} INFO - Processing /home/airflow/.local/lib/python3.7/site-packages/airflow/example_dags/example_branch_labels.py took 0.110 seconds
[2023-05-14T06:05:01.116+0000] {processor.py:153} INFO - Started process (PID=18097) to work on /home/airflow/.local/lib/python3.7/site-packages/airflow/example_dags/example_branch_labels.py
[2023-05-14T06:05:01.118+0000] {processor.py:743} INFO - Processing file /home/airflow/.local/lib/python3.7/site-packages/airflow/example_dags/example_branch_labels.py for tasks to queue
[2023-05-14T06:05:01.124+0000] {logging_mixin.py:137} INFO - [2023-05-14T06:05:01.124+0000] {dagbag.py:532} INFO - Filling up the DagBag from /home/airflow/.local/lib/python3.7/site-packages/airflow/example_dags/example_branch_labels.py
[2023-05-14T06:05:01.142+0000] {processor.py:753} INFO - DAG(s) dict_keys(['example_branch_labels']) retrieved from /home/airflow/.local/lib/python3.7/site-packages/airflow/example_dags/example_branch_labels.py
[2023-05-14T06:05:01.168+0000] {logging_mixin.py:137} INFO - [2023-05-14T06:05:01.168+0000] {dag.py:2705} INFO - Sync 1 DAGs
[2023-05-14T06:05:01.187+0000] {logging_mixin.py:137} INFO - [2023-05-14T06:05:01.186+0000] {dag.py:3456} INFO - Setting next_dagrun for example_branch_labels to 2023-05-13T00:00:00+00:00, run_after=2023-05-14T00:00:00+00:00
[2023-05-14T06:05:01.199+0000] {processor.py:175} INFO - Processing /home/airflow/.local/lib/python3.7/site-packages/airflow/example_dags/example_branch_labels.py took 0.086 seconds
[2023-05-14T06:05:32.308+0000] {processor.py:153} INFO - Started process (PID=18321) to work on /home/airflow/.local/lib/python3.7/site-packages/airflow/example_dags/example_branch_labels.py
[2023-05-14T06:05:32.310+0000] {processor.py:743} INFO - Processing file /home/airflow/.local/lib/python3.7/site-packages/airflow/example_dags/example_branch_labels.py for tasks to queue
[2023-05-14T06:05:32.313+0000] {logging_mixin.py:137} INFO - [2023-05-14T06:05:32.312+0000] {dagbag.py:532} INFO - Filling up the DagBag from /home/airflow/.local/lib/python3.7/site-packages/airflow/example_dags/example_branch_labels.py
[2023-05-14T06:05:32.335+0000] {processor.py:753} INFO - DAG(s) dict_keys(['example_branch_labels']) retrieved from /home/airflow/.local/lib/python3.7/site-packages/airflow/example_dags/example_branch_labels.py
[2023-05-14T06:05:32.371+0000] {logging_mixin.py:137} INFO - [2023-05-14T06:05:32.371+0000] {dag.py:2705} INFO - Sync 1 DAGs
[2023-05-14T06:05:32.398+0000] {logging_mixin.py:137} INFO - [2023-05-14T06:05:32.398+0000] {dag.py:3456} INFO - Setting next_dagrun for example_branch_labels to 2023-05-13T00:00:00+00:00, run_after=2023-05-14T00:00:00+00:00
[2023-05-14T06:05:32.423+0000] {processor.py:175} INFO - Processing /home/airflow/.local/lib/python3.7/site-packages/airflow/example_dags/example_branch_labels.py took 0.122 seconds
[2023-05-14T06:06:02.504+0000] {processor.py:153} INFO - Started process (PID=18546) to work on /home/airflow/.local/lib/python3.7/site-packages/airflow/example_dags/example_branch_labels.py
[2023-05-14T06:06:02.507+0000] {processor.py:743} INFO - Processing file /home/airflow/.local/lib/python3.7/site-packages/airflow/example_dags/example_branch_labels.py for tasks to queue
[2023-05-14T06:06:02.509+0000] {logging_mixin.py:137} INFO - [2023-05-14T06:06:02.509+0000] {dagbag.py:532} INFO - Filling up the DagBag from /home/airflow/.local/lib/python3.7/site-packages/airflow/example_dags/example_branch_labels.py
[2023-05-14T06:06:02.525+0000] {processor.py:753} INFO - DAG(s) dict_keys(['example_branch_labels']) retrieved from /home/airflow/.local/lib/python3.7/site-packages/airflow/example_dags/example_branch_labels.py
[2023-05-14T06:06:02.556+0000] {logging_mixin.py:137} INFO - [2023-05-14T06:06:02.556+0000] {dag.py:2705} INFO - Sync 1 DAGs
[2023-05-14T06:06:02.580+0000] {logging_mixin.py:137} INFO - [2023-05-14T06:06:02.580+0000] {dag.py:3456} INFO - Setting next_dagrun for example_branch_labels to 2023-05-13T00:00:00+00:00, run_after=2023-05-14T00:00:00+00:00
[2023-05-14T06:06:02.599+0000] {processor.py:175} INFO - Processing /home/airflow/.local/lib/python3.7/site-packages/airflow/example_dags/example_branch_labels.py took 0.098 seconds
[2023-05-14T06:06:32.638+0000] {processor.py:153} INFO - Started process (PID=18765) to work on /home/airflow/.local/lib/python3.7/site-packages/airflow/example_dags/example_branch_labels.py
[2023-05-14T06:06:32.645+0000] {processor.py:743} INFO - Processing file /home/airflow/.local/lib/python3.7/site-packages/airflow/example_dags/example_branch_labels.py for tasks to queue
[2023-05-14T06:06:32.646+0000] {logging_mixin.py:137} INFO - [2023-05-14T06:06:32.646+0000] {dagbag.py:532} INFO - Filling up the DagBag from /home/airflow/.local/lib/python3.7/site-packages/airflow/example_dags/example_branch_labels.py
[2023-05-14T06:06:32.660+0000] {processor.py:753} INFO - DAG(s) dict_keys(['example_branch_labels']) retrieved from /home/airflow/.local/lib/python3.7/site-packages/airflow/example_dags/example_branch_labels.py
[2023-05-14T06:06:32.686+0000] {logging_mixin.py:137} INFO - [2023-05-14T06:06:32.686+0000] {dag.py:2705} INFO - Sync 1 DAGs
[2023-05-14T06:06:32.704+0000] {logging_mixin.py:137} INFO - [2023-05-14T06:06:32.704+0000] {dag.py:3456} INFO - Setting next_dagrun for example_branch_labels to 2023-05-13T00:00:00+00:00, run_after=2023-05-14T00:00:00+00:00
[2023-05-14T06:06:32.719+0000] {processor.py:175} INFO - Processing /home/airflow/.local/lib/python3.7/site-packages/airflow/example_dags/example_branch_labels.py took 0.084 seconds
[2023-05-14T06:07:03.134+0000] {processor.py:153} INFO - Started process (PID=18994) to work on /home/airflow/.local/lib/python3.7/site-packages/airflow/example_dags/example_branch_labels.py
[2023-05-14T06:07:03.136+0000] {processor.py:743} INFO - Processing file /home/airflow/.local/lib/python3.7/site-packages/airflow/example_dags/example_branch_labels.py for tasks to queue
[2023-05-14T06:07:03.138+0000] {logging_mixin.py:137} INFO - [2023-05-14T06:07:03.138+0000] {dagbag.py:532} INFO - Filling up the DagBag from /home/airflow/.local/lib/python3.7/site-packages/airflow/example_dags/example_branch_labels.py
[2023-05-14T06:07:03.156+0000] {processor.py:753} INFO - DAG(s) dict_keys(['example_branch_labels']) retrieved from /home/airflow/.local/lib/python3.7/site-packages/airflow/example_dags/example_branch_labels.py
[2023-05-14T06:07:03.182+0000] {logging_mixin.py:137} INFO - [2023-05-14T06:07:03.182+0000] {dag.py:2705} INFO - Sync 1 DAGs
[2023-05-14T06:07:03.203+0000] {logging_mixin.py:137} INFO - [2023-05-14T06:07:03.203+0000] {dag.py:3456} INFO - Setting next_dagrun for example_branch_labels to 2023-05-13T00:00:00+00:00, run_after=2023-05-14T00:00:00+00:00
[2023-05-14T06:07:03.220+0000] {processor.py:175} INFO - Processing /home/airflow/.local/lib/python3.7/site-packages/airflow/example_dags/example_branch_labels.py took 0.089 seconds
