[2023-05-14T00:21:06.397+0000] {processor.py:153} INFO - Started process (PID=2863) to work on /home/airflow/.local/lib/python3.7/site-packages/airflow/example_dags/example_sla_dag.py
[2023-05-14T00:21:06.400+0000] {processor.py:743} INFO - Processing file /home/airflow/.local/lib/python3.7/site-packages/airflow/example_dags/example_sla_dag.py for tasks to queue
[2023-05-14T00:21:06.402+0000] {logging_mixin.py:137} INFO - [2023-05-14T00:21:06.402+0000] {dagbag.py:532} INFO - Filling up the DagBag from /home/airflow/.local/lib/python3.7/site-packages/airflow/example_dags/example_sla_dag.py
[2023-05-14T00:21:06.431+0000] {processor.py:753} INFO - DAG(s) dict_keys(['example_sla_dag']) retrieved from /home/airflow/.local/lib/python3.7/site-packages/airflow/example_dags/example_sla_dag.py
[2023-05-14T00:21:06.463+0000] {logging_mixin.py:137} INFO - [2023-05-14T00:21:06.463+0000] {dag.py:2705} INFO - Sync 1 DAGs
[2023-05-14T00:21:06.488+0000] {logging_mixin.py:137} INFO - [2023-05-14T00:21:06.487+0000] {dag.py:3456} INFO - Setting next_dagrun for example_sla_dag to 2023-05-14T00:18:00+00:00, run_after=2023-05-14T00:20:00+00:00
[2023-05-14T00:21:06.509+0000] {processor.py:175} INFO - Processing /home/airflow/.local/lib/python3.7/site-packages/airflow/example_dags/example_sla_dag.py took 0.117 seconds
[2023-05-14T01:15:57.965+0000] {processor.py:153} INFO - Started process (PID=3087) to work on /home/airflow/.local/lib/python3.7/site-packages/airflow/example_dags/example_sla_dag.py
[2023-05-14T01:15:57.967+0000] {processor.py:743} INFO - Processing file /home/airflow/.local/lib/python3.7/site-packages/airflow/example_dags/example_sla_dag.py for tasks to queue
[2023-05-14T01:15:57.968+0000] {logging_mixin.py:137} INFO - [2023-05-14T01:15:57.968+0000] {dagbag.py:532} INFO - Filling up the DagBag from /home/airflow/.local/lib/python3.7/site-packages/airflow/example_dags/example_sla_dag.py
[2023-05-14T01:15:57.985+0000] {processor.py:753} INFO - DAG(s) dict_keys(['example_sla_dag']) retrieved from /home/airflow/.local/lib/python3.7/site-packages/airflow/example_dags/example_sla_dag.py
[2023-05-14T01:15:58.007+0000] {logging_mixin.py:137} INFO - [2023-05-14T01:15:58.007+0000] {dag.py:2705} INFO - Sync 1 DAGs
[2023-05-14T01:15:58.027+0000] {logging_mixin.py:137} INFO - [2023-05-14T01:15:58.027+0000] {dag.py:3456} INFO - Setting next_dagrun for example_sla_dag to 2023-05-14T01:12:00+00:00, run_after=2023-05-14T01:14:00+00:00
[2023-05-14T01:15:58.042+0000] {processor.py:175} INFO - Processing /home/airflow/.local/lib/python3.7/site-packages/airflow/example_dags/example_sla_dag.py took 0.079 seconds
[2023-05-14T02:15:37.529+0000] {processor.py:153} INFO - Started process (PID=3310) to work on /home/airflow/.local/lib/python3.7/site-packages/airflow/example_dags/example_sla_dag.py
[2023-05-14T02:15:37.531+0000] {processor.py:743} INFO - Processing file /home/airflow/.local/lib/python3.7/site-packages/airflow/example_dags/example_sla_dag.py for tasks to queue
[2023-05-14T02:15:37.532+0000] {logging_mixin.py:137} INFO - [2023-05-14T02:15:37.532+0000] {dagbag.py:532} INFO - Filling up the DagBag from /home/airflow/.local/lib/python3.7/site-packages/airflow/example_dags/example_sla_dag.py
[2023-05-14T02:15:37.551+0000] {processor.py:753} INFO - DAG(s) dict_keys(['example_sla_dag']) retrieved from /home/airflow/.local/lib/python3.7/site-packages/airflow/example_dags/example_sla_dag.py
[2023-05-14T02:15:37.574+0000] {logging_mixin.py:137} INFO - [2023-05-14T02:15:37.574+0000] {dag.py:2705} INFO - Sync 1 DAGs
[2023-05-14T02:15:37.597+0000] {logging_mixin.py:137} INFO - [2023-05-14T02:15:37.597+0000] {dag.py:3456} INFO - Setting next_dagrun for example_sla_dag to 2023-05-14T02:12:00+00:00, run_after=2023-05-14T02:14:00+00:00
[2023-05-14T02:15:37.610+0000] {processor.py:175} INFO - Processing /home/airflow/.local/lib/python3.7/site-packages/airflow/example_dags/example_sla_dag.py took 0.084 seconds
[2023-05-14T02:41:28.111+0000] {processor.py:153} INFO - Started process (PID=3533) to work on /home/airflow/.local/lib/python3.7/site-packages/airflow/example_dags/example_sla_dag.py
[2023-05-14T02:41:28.115+0000] {processor.py:743} INFO - Processing file /home/airflow/.local/lib/python3.7/site-packages/airflow/example_dags/example_sla_dag.py for tasks to queue
[2023-05-14T02:41:28.120+0000] {logging_mixin.py:137} INFO - [2023-05-14T02:41:28.119+0000] {dagbag.py:532} INFO - Filling up the DagBag from /home/airflow/.local/lib/python3.7/site-packages/airflow/example_dags/example_sla_dag.py
[2023-05-14T02:41:28.181+0000] {processor.py:753} INFO - DAG(s) dict_keys(['example_sla_dag']) retrieved from /home/airflow/.local/lib/python3.7/site-packages/airflow/example_dags/example_sla_dag.py
[2023-05-14T02:41:28.238+0000] {logging_mixin.py:137} INFO - [2023-05-14T02:41:28.237+0000] {dag.py:2705} INFO - Sync 1 DAGs
[2023-05-14T02:41:28.325+0000] {logging_mixin.py:137} INFO - [2023-05-14T02:41:28.325+0000] {dag.py:3456} INFO - Setting next_dagrun for example_sla_dag to 2023-05-14T02:38:00+00:00, run_after=2023-05-14T02:40:00+00:00
[2023-05-14T02:41:28.385+0000] {processor.py:175} INFO - Processing /home/airflow/.local/lib/python3.7/site-packages/airflow/example_dags/example_sla_dag.py took 0.293 seconds
[2023-05-14T02:54:56.129+0000] {processor.py:153} INFO - Started process (PID=3756) to work on /home/airflow/.local/lib/python3.7/site-packages/airflow/example_dags/example_sla_dag.py
[2023-05-14T02:54:56.131+0000] {processor.py:743} INFO - Processing file /home/airflow/.local/lib/python3.7/site-packages/airflow/example_dags/example_sla_dag.py for tasks to queue
[2023-05-14T02:54:56.132+0000] {logging_mixin.py:137} INFO - [2023-05-14T02:54:56.132+0000] {dagbag.py:532} INFO - Filling up the DagBag from /home/airflow/.local/lib/python3.7/site-packages/airflow/example_dags/example_sla_dag.py
[2023-05-14T02:54:56.152+0000] {processor.py:753} INFO - DAG(s) dict_keys(['example_sla_dag']) retrieved from /home/airflow/.local/lib/python3.7/site-packages/airflow/example_dags/example_sla_dag.py
[2023-05-14T02:54:56.174+0000] {logging_mixin.py:137} INFO - [2023-05-14T02:54:56.174+0000] {dag.py:2705} INFO - Sync 1 DAGs
[2023-05-14T02:54:56.196+0000] {logging_mixin.py:137} INFO - [2023-05-14T02:54:56.196+0000] {dag.py:3456} INFO - Setting next_dagrun for example_sla_dag to 2023-05-14T02:52:00+00:00, run_after=2023-05-14T02:54:00+00:00
[2023-05-14T02:54:56.209+0000] {processor.py:175} INFO - Processing /home/airflow/.local/lib/python3.7/site-packages/airflow/example_dags/example_sla_dag.py took 0.083 seconds
[2023-05-14T02:59:01.066+0000] {processor.py:153} INFO - Started process (PID=3981) to work on /home/airflow/.local/lib/python3.7/site-packages/airflow/example_dags/example_sla_dag.py
[2023-05-14T02:59:01.068+0000] {processor.py:743} INFO - Processing file /home/airflow/.local/lib/python3.7/site-packages/airflow/example_dags/example_sla_dag.py for tasks to queue
[2023-05-14T02:59:01.069+0000] {logging_mixin.py:137} INFO - [2023-05-14T02:59:01.069+0000] {dagbag.py:532} INFO - Filling up the DagBag from /home/airflow/.local/lib/python3.7/site-packages/airflow/example_dags/example_sla_dag.py
[2023-05-14T02:59:01.087+0000] {processor.py:753} INFO - DAG(s) dict_keys(['example_sla_dag']) retrieved from /home/airflow/.local/lib/python3.7/site-packages/airflow/example_dags/example_sla_dag.py
[2023-05-14T02:59:01.115+0000] {logging_mixin.py:137} INFO - [2023-05-14T02:59:01.115+0000] {dag.py:2705} INFO - Sync 1 DAGs
[2023-05-14T02:59:01.135+0000] {logging_mixin.py:137} INFO - [2023-05-14T02:59:01.135+0000] {dag.py:3456} INFO - Setting next_dagrun for example_sla_dag to 2023-05-14T02:56:00+00:00, run_after=2023-05-14T02:58:00+00:00
[2023-05-14T02:59:01.148+0000] {processor.py:175} INFO - Processing /home/airflow/.local/lib/python3.7/site-packages/airflow/example_dags/example_sla_dag.py took 0.085 seconds
[2023-05-14T02:59:32.097+0000] {processor.py:153} INFO - Started process (PID=4203) to work on /home/airflow/.local/lib/python3.7/site-packages/airflow/example_dags/example_sla_dag.py
[2023-05-14T02:59:32.099+0000] {processor.py:743} INFO - Processing file /home/airflow/.local/lib/python3.7/site-packages/airflow/example_dags/example_sla_dag.py for tasks to queue
[2023-05-14T02:59:32.115+0000] {logging_mixin.py:137} INFO - [2023-05-14T02:59:32.115+0000] {dagbag.py:532} INFO - Filling up the DagBag from /home/airflow/.local/lib/python3.7/site-packages/airflow/example_dags/example_sla_dag.py
[2023-05-14T02:59:32.132+0000] {processor.py:753} INFO - DAG(s) dict_keys(['example_sla_dag']) retrieved from /home/airflow/.local/lib/python3.7/site-packages/airflow/example_dags/example_sla_dag.py
[2023-05-14T02:59:32.154+0000] {logging_mixin.py:137} INFO - [2023-05-14T02:59:32.154+0000] {dag.py:2705} INFO - Sync 1 DAGs
[2023-05-14T02:59:32.179+0000] {logging_mixin.py:137} INFO - [2023-05-14T02:59:32.179+0000] {dag.py:3456} INFO - Setting next_dagrun for example_sla_dag to 2023-05-14T02:56:00+00:00, run_after=2023-05-14T02:58:00+00:00
[2023-05-14T02:59:32.194+0000] {processor.py:175} INFO - Processing /home/airflow/.local/lib/python3.7/site-packages/airflow/example_dags/example_sla_dag.py took 0.100 seconds
[2023-05-14T03:16:07.408+0000] {processor.py:153} INFO - Started process (PID=4426) to work on /home/airflow/.local/lib/python3.7/site-packages/airflow/example_dags/example_sla_dag.py
[2023-05-14T03:16:07.410+0000] {processor.py:743} INFO - Processing file /home/airflow/.local/lib/python3.7/site-packages/airflow/example_dags/example_sla_dag.py for tasks to queue
[2023-05-14T03:16:07.411+0000] {logging_mixin.py:137} INFO - [2023-05-14T03:16:07.411+0000] {dagbag.py:532} INFO - Filling up the DagBag from /home/airflow/.local/lib/python3.7/site-packages/airflow/example_dags/example_sla_dag.py
[2023-05-14T03:16:07.428+0000] {processor.py:753} INFO - DAG(s) dict_keys(['example_sla_dag']) retrieved from /home/airflow/.local/lib/python3.7/site-packages/airflow/example_dags/example_sla_dag.py
[2023-05-14T03:16:07.451+0000] {logging_mixin.py:137} INFO - [2023-05-14T03:16:07.451+0000] {dag.py:2705} INFO - Sync 1 DAGs
[2023-05-14T03:16:07.476+0000] {logging_mixin.py:137} INFO - [2023-05-14T03:16:07.476+0000] {dag.py:3456} INFO - Setting next_dagrun for example_sla_dag to 2023-05-14T03:14:00+00:00, run_after=2023-05-14T03:16:00+00:00
[2023-05-14T03:16:07.489+0000] {processor.py:175} INFO - Processing /home/airflow/.local/lib/python3.7/site-packages/airflow/example_dags/example_sla_dag.py took 0.084 seconds
[2023-05-14T04:20:56.928+0000] {processor.py:153} INFO - Started process (PID=4649) to work on /home/airflow/.local/lib/python3.7/site-packages/airflow/example_dags/example_sla_dag.py
[2023-05-14T04:20:56.931+0000] {processor.py:743} INFO - Processing file /home/airflow/.local/lib/python3.7/site-packages/airflow/example_dags/example_sla_dag.py for tasks to queue
[2023-05-14T04:20:56.932+0000] {logging_mixin.py:137} INFO - [2023-05-14T04:20:56.932+0000] {dagbag.py:532} INFO - Filling up the DagBag from /home/airflow/.local/lib/python3.7/site-packages/airflow/example_dags/example_sla_dag.py
[2023-05-14T04:20:56.952+0000] {processor.py:753} INFO - DAG(s) dict_keys(['example_sla_dag']) retrieved from /home/airflow/.local/lib/python3.7/site-packages/airflow/example_dags/example_sla_dag.py
[2023-05-14T04:20:56.986+0000] {logging_mixin.py:137} INFO - [2023-05-14T04:20:56.986+0000] {dag.py:2705} INFO - Sync 1 DAGs
[2023-05-14T04:20:57.143+0000] {logging_mixin.py:137} INFO - [2023-05-14T04:20:57.142+0000] {dag.py:3456} INFO - Setting next_dagrun for example_sla_dag to 2023-05-14T04:18:00+00:00, run_after=2023-05-14T04:20:00+00:00
[2023-05-14T04:20:57.247+0000] {processor.py:175} INFO - Processing /home/airflow/.local/lib/python3.7/site-packages/airflow/example_dags/example_sla_dag.py took 0.321 seconds
[2023-05-14T05:35:31.057+0000] {processor.py:153} INFO - Started process (PID=4872) to work on /home/airflow/.local/lib/python3.7/site-packages/airflow/example_dags/example_sla_dag.py
[2023-05-14T05:35:31.060+0000] {processor.py:743} INFO - Processing file /home/airflow/.local/lib/python3.7/site-packages/airflow/example_dags/example_sla_dag.py for tasks to queue
[2023-05-14T05:35:31.061+0000] {logging_mixin.py:137} INFO - [2023-05-14T05:35:31.061+0000] {dagbag.py:532} INFO - Filling up the DagBag from /home/airflow/.local/lib/python3.7/site-packages/airflow/example_dags/example_sla_dag.py
[2023-05-14T05:35:31.082+0000] {processor.py:753} INFO - DAG(s) dict_keys(['example_sla_dag']) retrieved from /home/airflow/.local/lib/python3.7/site-packages/airflow/example_dags/example_sla_dag.py
[2023-05-14T05:35:31.119+0000] {logging_mixin.py:137} INFO - [2023-05-14T05:35:31.119+0000] {dag.py:2705} INFO - Sync 1 DAGs
[2023-05-14T05:35:31.143+0000] {logging_mixin.py:137} INFO - [2023-05-14T05:35:31.143+0000] {dag.py:3456} INFO - Setting next_dagrun for example_sla_dag to 2023-05-14T05:32:00+00:00, run_after=2023-05-14T05:34:00+00:00
[2023-05-14T05:35:31.156+0000] {processor.py:175} INFO - Processing /home/airflow/.local/lib/python3.7/site-packages/airflow/example_dags/example_sla_dag.py took 0.101 seconds
[2023-05-14T05:36:01.220+0000] {processor.py:153} INFO - Started process (PID=5095) to work on /home/airflow/.local/lib/python3.7/site-packages/airflow/example_dags/example_sla_dag.py
[2023-05-14T05:36:01.221+0000] {processor.py:743} INFO - Processing file /home/airflow/.local/lib/python3.7/site-packages/airflow/example_dags/example_sla_dag.py for tasks to queue
[2023-05-14T05:36:01.222+0000] {logging_mixin.py:137} INFO - [2023-05-14T05:36:01.222+0000] {dagbag.py:532} INFO - Filling up the DagBag from /home/airflow/.local/lib/python3.7/site-packages/airflow/example_dags/example_sla_dag.py
[2023-05-14T05:36:01.240+0000] {processor.py:753} INFO - DAG(s) dict_keys(['example_sla_dag']) retrieved from /home/airflow/.local/lib/python3.7/site-packages/airflow/example_dags/example_sla_dag.py
[2023-05-14T05:36:01.262+0000] {logging_mixin.py:137} INFO - [2023-05-14T05:36:01.262+0000] {dag.py:2705} INFO - Sync 1 DAGs
[2023-05-14T05:36:01.281+0000] {logging_mixin.py:137} INFO - [2023-05-14T05:36:01.281+0000] {dag.py:3456} INFO - Setting next_dagrun for example_sla_dag to 2023-05-14T05:34:00+00:00, run_after=2023-05-14T05:36:00+00:00
[2023-05-14T05:36:01.294+0000] {processor.py:175} INFO - Processing /home/airflow/.local/lib/python3.7/site-packages/airflow/example_dags/example_sla_dag.py took 0.078 seconds
[2023-05-14T05:36:31.387+0000] {processor.py:153} INFO - Started process (PID=5319) to work on /home/airflow/.local/lib/python3.7/site-packages/airflow/example_dags/example_sla_dag.py
[2023-05-14T05:36:31.389+0000] {processor.py:743} INFO - Processing file /home/airflow/.local/lib/python3.7/site-packages/airflow/example_dags/example_sla_dag.py for tasks to queue
[2023-05-14T05:36:31.390+0000] {logging_mixin.py:137} INFO - [2023-05-14T05:36:31.390+0000] {dagbag.py:532} INFO - Filling up the DagBag from /home/airflow/.local/lib/python3.7/site-packages/airflow/example_dags/example_sla_dag.py
[2023-05-14T05:36:31.407+0000] {processor.py:753} INFO - DAG(s) dict_keys(['example_sla_dag']) retrieved from /home/airflow/.local/lib/python3.7/site-packages/airflow/example_dags/example_sla_dag.py
[2023-05-14T05:36:31.429+0000] {logging_mixin.py:137} INFO - [2023-05-14T05:36:31.429+0000] {dag.py:2705} INFO - Sync 1 DAGs
[2023-05-14T05:36:31.453+0000] {logging_mixin.py:137} INFO - [2023-05-14T05:36:31.453+0000] {dag.py:3456} INFO - Setting next_dagrun for example_sla_dag to 2023-05-14T05:34:00+00:00, run_after=2023-05-14T05:36:00+00:00
[2023-05-14T05:36:31.465+0000] {processor.py:175} INFO - Processing /home/airflow/.local/lib/python3.7/site-packages/airflow/example_dags/example_sla_dag.py took 0.081 seconds
[2023-05-14T05:37:02.259+0000] {processor.py:153} INFO - Started process (PID=5542) to work on /home/airflow/.local/lib/python3.7/site-packages/airflow/example_dags/example_sla_dag.py
[2023-05-14T05:37:02.261+0000] {processor.py:743} INFO - Processing file /home/airflow/.local/lib/python3.7/site-packages/airflow/example_dags/example_sla_dag.py for tasks to queue
[2023-05-14T05:37:02.263+0000] {logging_mixin.py:137} INFO - [2023-05-14T05:37:02.263+0000] {dagbag.py:532} INFO - Filling up the DagBag from /home/airflow/.local/lib/python3.7/site-packages/airflow/example_dags/example_sla_dag.py
[2023-05-14T05:37:02.280+0000] {processor.py:753} INFO - DAG(s) dict_keys(['example_sla_dag']) retrieved from /home/airflow/.local/lib/python3.7/site-packages/airflow/example_dags/example_sla_dag.py
[2023-05-14T05:37:02.304+0000] {logging_mixin.py:137} INFO - [2023-05-14T05:37:02.304+0000] {dag.py:2705} INFO - Sync 1 DAGs
[2023-05-14T05:37:02.325+0000] {logging_mixin.py:137} INFO - [2023-05-14T05:37:02.325+0000] {dag.py:3456} INFO - Setting next_dagrun for example_sla_dag to 2023-05-14T05:34:00+00:00, run_after=2023-05-14T05:36:00+00:00
[2023-05-14T05:37:02.339+0000] {processor.py:175} INFO - Processing /home/airflow/.local/lib/python3.7/site-packages/airflow/example_dags/example_sla_dag.py took 0.083 seconds
[2023-05-14T05:37:32.880+0000] {processor.py:153} INFO - Started process (PID=5770) to work on /home/airflow/.local/lib/python3.7/site-packages/airflow/example_dags/example_sla_dag.py
[2023-05-14T05:37:32.885+0000] {processor.py:743} INFO - Processing file /home/airflow/.local/lib/python3.7/site-packages/airflow/example_dags/example_sla_dag.py for tasks to queue
[2023-05-14T05:37:32.886+0000] {logging_mixin.py:137} INFO - [2023-05-14T05:37:32.886+0000] {dagbag.py:532} INFO - Filling up the DagBag from /home/airflow/.local/lib/python3.7/site-packages/airflow/example_dags/example_sla_dag.py
[2023-05-14T05:37:32.910+0000] {processor.py:753} INFO - DAG(s) dict_keys(['example_sla_dag']) retrieved from /home/airflow/.local/lib/python3.7/site-packages/airflow/example_dags/example_sla_dag.py
[2023-05-14T05:37:32.939+0000] {logging_mixin.py:137} INFO - [2023-05-14T05:37:32.939+0000] {dag.py:2705} INFO - Sync 1 DAGs
[2023-05-14T05:37:32.962+0000] {logging_mixin.py:137} INFO - [2023-05-14T05:37:32.962+0000] {dag.py:3456} INFO - Setting next_dagrun for example_sla_dag to 2023-05-14T05:34:00+00:00, run_after=2023-05-14T05:36:00+00:00
[2023-05-14T05:37:32.976+0000] {processor.py:175} INFO - Processing /home/airflow/.local/lib/python3.7/site-packages/airflow/example_dags/example_sla_dag.py took 0.100 seconds
[2023-05-14T05:38:03.578+0000] {processor.py:153} INFO - Started process (PID=5994) to work on /home/airflow/.local/lib/python3.7/site-packages/airflow/example_dags/example_sla_dag.py
[2023-05-14T05:38:03.580+0000] {processor.py:743} INFO - Processing file /home/airflow/.local/lib/python3.7/site-packages/airflow/example_dags/example_sla_dag.py for tasks to queue
[2023-05-14T05:38:03.581+0000] {logging_mixin.py:137} INFO - [2023-05-14T05:38:03.581+0000] {dagbag.py:532} INFO - Filling up the DagBag from /home/airflow/.local/lib/python3.7/site-packages/airflow/example_dags/example_sla_dag.py
[2023-05-14T05:38:03.598+0000] {processor.py:753} INFO - DAG(s) dict_keys(['example_sla_dag']) retrieved from /home/airflow/.local/lib/python3.7/site-packages/airflow/example_dags/example_sla_dag.py
[2023-05-14T05:38:03.621+0000] {logging_mixin.py:137} INFO - [2023-05-14T05:38:03.621+0000] {dag.py:2705} INFO - Sync 1 DAGs
[2023-05-14T05:38:03.642+0000] {logging_mixin.py:137} INFO - [2023-05-14T05:38:03.642+0000] {dag.py:3456} INFO - Setting next_dagrun for example_sla_dag to 2023-05-14T05:36:00+00:00, run_after=2023-05-14T05:38:00+00:00
[2023-05-14T05:38:03.656+0000] {processor.py:175} INFO - Processing /home/airflow/.local/lib/python3.7/site-packages/airflow/example_dags/example_sla_dag.py took 0.081 seconds
[2023-05-14T05:38:33.995+0000] {processor.py:153} INFO - Started process (PID=6223) to work on /home/airflow/.local/lib/python3.7/site-packages/airflow/example_dags/example_sla_dag.py
[2023-05-14T05:38:33.996+0000] {processor.py:743} INFO - Processing file /home/airflow/.local/lib/python3.7/site-packages/airflow/example_dags/example_sla_dag.py for tasks to queue
[2023-05-14T05:38:33.998+0000] {logging_mixin.py:137} INFO - [2023-05-14T05:38:33.998+0000] {dagbag.py:532} INFO - Filling up the DagBag from /home/airflow/.local/lib/python3.7/site-packages/airflow/example_dags/example_sla_dag.py
[2023-05-14T05:38:34.044+0000] {processor.py:753} INFO - DAG(s) dict_keys(['example_sla_dag']) retrieved from /home/airflow/.local/lib/python3.7/site-packages/airflow/example_dags/example_sla_dag.py
[2023-05-14T05:38:34.071+0000] {logging_mixin.py:137} INFO - [2023-05-14T05:38:34.071+0000] {dag.py:2705} INFO - Sync 1 DAGs
[2023-05-14T05:38:34.096+0000] {logging_mixin.py:137} INFO - [2023-05-14T05:38:34.096+0000] {dag.py:3456} INFO - Setting next_dagrun for example_sla_dag to 2023-05-14T05:36:00+00:00, run_after=2023-05-14T05:38:00+00:00
[2023-05-14T05:38:34.111+0000] {processor.py:175} INFO - Processing /home/airflow/.local/lib/python3.7/site-packages/airflow/example_dags/example_sla_dag.py took 0.120 seconds
[2023-05-14T05:39:04.531+0000] {processor.py:153} INFO - Started process (PID=6453) to work on /home/airflow/.local/lib/python3.7/site-packages/airflow/example_dags/example_sla_dag.py
[2023-05-14T05:39:04.534+0000] {processor.py:743} INFO - Processing file /home/airflow/.local/lib/python3.7/site-packages/airflow/example_dags/example_sla_dag.py for tasks to queue
[2023-05-14T05:39:04.536+0000] {logging_mixin.py:137} INFO - [2023-05-14T05:39:04.536+0000] {dagbag.py:532} INFO - Filling up the DagBag from /home/airflow/.local/lib/python3.7/site-packages/airflow/example_dags/example_sla_dag.py
[2023-05-14T05:39:04.553+0000] {processor.py:753} INFO - DAG(s) dict_keys(['example_sla_dag']) retrieved from /home/airflow/.local/lib/python3.7/site-packages/airflow/example_dags/example_sla_dag.py
[2023-05-14T05:39:04.576+0000] {logging_mixin.py:137} INFO - [2023-05-14T05:39:04.576+0000] {dag.py:2705} INFO - Sync 1 DAGs
[2023-05-14T05:39:04.600+0000] {logging_mixin.py:137} INFO - [2023-05-14T05:39:04.600+0000] {dag.py:3456} INFO - Setting next_dagrun for example_sla_dag to 2023-05-14T05:36:00+00:00, run_after=2023-05-14T05:38:00+00:00
[2023-05-14T05:39:04.617+0000] {processor.py:175} INFO - Processing /home/airflow/.local/lib/python3.7/site-packages/airflow/example_dags/example_sla_dag.py took 0.088 seconds
[2023-05-14T05:39:35.236+0000] {processor.py:153} INFO - Started process (PID=6683) to work on /home/airflow/.local/lib/python3.7/site-packages/airflow/example_dags/example_sla_dag.py
[2023-05-14T05:39:35.239+0000] {processor.py:743} INFO - Processing file /home/airflow/.local/lib/python3.7/site-packages/airflow/example_dags/example_sla_dag.py for tasks to queue
[2023-05-14T05:39:35.242+0000] {logging_mixin.py:137} INFO - [2023-05-14T05:39:35.242+0000] {dagbag.py:532} INFO - Filling up the DagBag from /home/airflow/.local/lib/python3.7/site-packages/airflow/example_dags/example_sla_dag.py
[2023-05-14T05:39:35.276+0000] {processor.py:753} INFO - DAG(s) dict_keys(['example_sla_dag']) retrieved from /home/airflow/.local/lib/python3.7/site-packages/airflow/example_dags/example_sla_dag.py
[2023-05-14T05:39:35.310+0000] {logging_mixin.py:137} INFO - [2023-05-14T05:39:35.309+0000] {dag.py:2705} INFO - Sync 1 DAGs
[2023-05-14T05:39:35.334+0000] {logging_mixin.py:137} INFO - [2023-05-14T05:39:35.334+0000] {dag.py:3456} INFO - Setting next_dagrun for example_sla_dag to 2023-05-14T05:36:00+00:00, run_after=2023-05-14T05:38:00+00:00
[2023-05-14T05:39:35.350+0000] {processor.py:175} INFO - Processing /home/airflow/.local/lib/python3.7/site-packages/airflow/example_dags/example_sla_dag.py took 0.120 seconds
[2023-05-14T05:40:05.525+0000] {processor.py:153} INFO - Started process (PID=6928) to work on /home/airflow/.local/lib/python3.7/site-packages/airflow/example_dags/example_sla_dag.py
[2023-05-14T05:40:05.527+0000] {processor.py:743} INFO - Processing file /home/airflow/.local/lib/python3.7/site-packages/airflow/example_dags/example_sla_dag.py for tasks to queue
[2023-05-14T05:40:05.528+0000] {logging_mixin.py:137} INFO - [2023-05-14T05:40:05.527+0000] {dagbag.py:532} INFO - Filling up the DagBag from /home/airflow/.local/lib/python3.7/site-packages/airflow/example_dags/example_sla_dag.py
[2023-05-14T05:40:05.543+0000] {processor.py:753} INFO - DAG(s) dict_keys(['example_sla_dag']) retrieved from /home/airflow/.local/lib/python3.7/site-packages/airflow/example_dags/example_sla_dag.py
[2023-05-14T05:40:05.564+0000] {logging_mixin.py:137} INFO - [2023-05-14T05:40:05.564+0000] {dag.py:2705} INFO - Sync 1 DAGs
[2023-05-14T05:40:05.581+0000] {logging_mixin.py:137} INFO - [2023-05-14T05:40:05.581+0000] {dag.py:3456} INFO - Setting next_dagrun for example_sla_dag to 2023-05-14T05:38:00+00:00, run_after=2023-05-14T05:40:00+00:00
[2023-05-14T05:40:05.593+0000] {processor.py:175} INFO - Processing /home/airflow/.local/lib/python3.7/site-packages/airflow/example_dags/example_sla_dag.py took 0.072 seconds
[2023-05-14T05:40:36.255+0000] {processor.py:153} INFO - Started process (PID=7150) to work on /home/airflow/.local/lib/python3.7/site-packages/airflow/example_dags/example_sla_dag.py
[2023-05-14T05:40:36.257+0000] {processor.py:743} INFO - Processing file /home/airflow/.local/lib/python3.7/site-packages/airflow/example_dags/example_sla_dag.py for tasks to queue
[2023-05-14T05:40:36.258+0000] {logging_mixin.py:137} INFO - [2023-05-14T05:40:36.258+0000] {dagbag.py:532} INFO - Filling up the DagBag from /home/airflow/.local/lib/python3.7/site-packages/airflow/example_dags/example_sla_dag.py
[2023-05-14T05:40:36.276+0000] {processor.py:753} INFO - DAG(s) dict_keys(['example_sla_dag']) retrieved from /home/airflow/.local/lib/python3.7/site-packages/airflow/example_dags/example_sla_dag.py
[2023-05-14T05:40:36.297+0000] {logging_mixin.py:137} INFO - [2023-05-14T05:40:36.297+0000] {dag.py:2705} INFO - Sync 1 DAGs
[2023-05-14T05:40:36.317+0000] {logging_mixin.py:137} INFO - [2023-05-14T05:40:36.317+0000] {dag.py:3456} INFO - Setting next_dagrun for example_sla_dag to 2023-05-14T05:38:00+00:00, run_after=2023-05-14T05:40:00+00:00
[2023-05-14T05:40:36.338+0000] {processor.py:175} INFO - Processing /home/airflow/.local/lib/python3.7/site-packages/airflow/example_dags/example_sla_dag.py took 0.086 seconds
[2023-05-14T05:41:06.701+0000] {processor.py:153} INFO - Started process (PID=7380) to work on /home/airflow/.local/lib/python3.7/site-packages/airflow/example_dags/example_sla_dag.py
[2023-05-14T05:41:06.703+0000] {processor.py:743} INFO - Processing file /home/airflow/.local/lib/python3.7/site-packages/airflow/example_dags/example_sla_dag.py for tasks to queue
[2023-05-14T05:41:06.705+0000] {logging_mixin.py:137} INFO - [2023-05-14T05:41:06.705+0000] {dagbag.py:532} INFO - Filling up the DagBag from /home/airflow/.local/lib/python3.7/site-packages/airflow/example_dags/example_sla_dag.py
[2023-05-14T05:41:06.723+0000] {processor.py:753} INFO - DAG(s) dict_keys(['example_sla_dag']) retrieved from /home/airflow/.local/lib/python3.7/site-packages/airflow/example_dags/example_sla_dag.py
[2023-05-14T05:41:06.747+0000] {logging_mixin.py:137} INFO - [2023-05-14T05:41:06.747+0000] {dag.py:2705} INFO - Sync 1 DAGs
[2023-05-14T05:41:06.765+0000] {logging_mixin.py:137} INFO - [2023-05-14T05:41:06.765+0000] {dag.py:3456} INFO - Setting next_dagrun for example_sla_dag to 2023-05-14T05:38:00+00:00, run_after=2023-05-14T05:40:00+00:00
[2023-05-14T05:41:06.777+0000] {processor.py:175} INFO - Processing /home/airflow/.local/lib/python3.7/site-packages/airflow/example_dags/example_sla_dag.py took 0.079 seconds
[2023-05-14T05:41:37.200+0000] {processor.py:153} INFO - Started process (PID=7610) to work on /home/airflow/.local/lib/python3.7/site-packages/airflow/example_dags/example_sla_dag.py
[2023-05-14T05:41:37.204+0000] {processor.py:743} INFO - Processing file /home/airflow/.local/lib/python3.7/site-packages/airflow/example_dags/example_sla_dag.py for tasks to queue
[2023-05-14T05:41:37.208+0000] {logging_mixin.py:137} INFO - [2023-05-14T05:41:37.208+0000] {dagbag.py:532} INFO - Filling up the DagBag from /home/airflow/.local/lib/python3.7/site-packages/airflow/example_dags/example_sla_dag.py
[2023-05-14T05:41:37.235+0000] {processor.py:753} INFO - DAG(s) dict_keys(['example_sla_dag']) retrieved from /home/airflow/.local/lib/python3.7/site-packages/airflow/example_dags/example_sla_dag.py
[2023-05-14T05:41:37.268+0000] {logging_mixin.py:137} INFO - [2023-05-14T05:41:37.268+0000] {dag.py:2705} INFO - Sync 1 DAGs
[2023-05-14T05:41:37.299+0000] {logging_mixin.py:137} INFO - [2023-05-14T05:41:37.298+0000] {dag.py:3456} INFO - Setting next_dagrun for example_sla_dag to 2023-05-14T05:38:00+00:00, run_after=2023-05-14T05:40:00+00:00
[2023-05-14T05:41:37.322+0000] {processor.py:175} INFO - Processing /home/airflow/.local/lib/python3.7/site-packages/airflow/example_dags/example_sla_dag.py took 0.129 seconds
[2023-05-14T05:42:07.700+0000] {processor.py:153} INFO - Started process (PID=7834) to work on /home/airflow/.local/lib/python3.7/site-packages/airflow/example_dags/example_sla_dag.py
[2023-05-14T05:42:07.702+0000] {processor.py:743} INFO - Processing file /home/airflow/.local/lib/python3.7/site-packages/airflow/example_dags/example_sla_dag.py for tasks to queue
[2023-05-14T05:42:07.704+0000] {logging_mixin.py:137} INFO - [2023-05-14T05:42:07.704+0000] {dagbag.py:532} INFO - Filling up the DagBag from /home/airflow/.local/lib/python3.7/site-packages/airflow/example_dags/example_sla_dag.py
[2023-05-14T05:42:07.725+0000] {processor.py:753} INFO - DAG(s) dict_keys(['example_sla_dag']) retrieved from /home/airflow/.local/lib/python3.7/site-packages/airflow/example_dags/example_sla_dag.py
[2023-05-14T05:42:07.755+0000] {logging_mixin.py:137} INFO - [2023-05-14T05:42:07.755+0000] {dag.py:2705} INFO - Sync 1 DAGs
[2023-05-14T05:42:07.777+0000] {logging_mixin.py:137} INFO - [2023-05-14T05:42:07.777+0000] {dag.py:3456} INFO - Setting next_dagrun for example_sla_dag to 2023-05-14T05:40:00+00:00, run_after=2023-05-14T05:42:00+00:00
[2023-05-14T05:42:07.792+0000] {processor.py:175} INFO - Processing /home/airflow/.local/lib/python3.7/site-packages/airflow/example_dags/example_sla_dag.py took 0.097 seconds
[2023-05-14T05:42:38.159+0000] {processor.py:153} INFO - Started process (PID=8059) to work on /home/airflow/.local/lib/python3.7/site-packages/airflow/example_dags/example_sla_dag.py
[2023-05-14T05:42:38.161+0000] {processor.py:743} INFO - Processing file /home/airflow/.local/lib/python3.7/site-packages/airflow/example_dags/example_sla_dag.py for tasks to queue
[2023-05-14T05:42:38.163+0000] {logging_mixin.py:137} INFO - [2023-05-14T05:42:38.163+0000] {dagbag.py:532} INFO - Filling up the DagBag from /home/airflow/.local/lib/python3.7/site-packages/airflow/example_dags/example_sla_dag.py
[2023-05-14T05:42:38.181+0000] {processor.py:753} INFO - DAG(s) dict_keys(['example_sla_dag']) retrieved from /home/airflow/.local/lib/python3.7/site-packages/airflow/example_dags/example_sla_dag.py
[2023-05-14T05:42:38.207+0000] {logging_mixin.py:137} INFO - [2023-05-14T05:42:38.207+0000] {dag.py:2705} INFO - Sync 1 DAGs
[2023-05-14T05:42:38.228+0000] {logging_mixin.py:137} INFO - [2023-05-14T05:42:38.228+0000] {dag.py:3456} INFO - Setting next_dagrun for example_sla_dag to 2023-05-14T05:40:00+00:00, run_after=2023-05-14T05:42:00+00:00
[2023-05-14T05:42:38.242+0000] {processor.py:175} INFO - Processing /home/airflow/.local/lib/python3.7/site-packages/airflow/example_dags/example_sla_dag.py took 0.085 seconds
[2023-05-14T05:43:08.733+0000] {processor.py:153} INFO - Started process (PID=8288) to work on /home/airflow/.local/lib/python3.7/site-packages/airflow/example_dags/example_sla_dag.py
[2023-05-14T05:43:08.736+0000] {processor.py:743} INFO - Processing file /home/airflow/.local/lib/python3.7/site-packages/airflow/example_dags/example_sla_dag.py for tasks to queue
[2023-05-14T05:43:08.738+0000] {logging_mixin.py:137} INFO - [2023-05-14T05:43:08.738+0000] {dagbag.py:532} INFO - Filling up the DagBag from /home/airflow/.local/lib/python3.7/site-packages/airflow/example_dags/example_sla_dag.py
[2023-05-14T05:43:08.757+0000] {processor.py:753} INFO - DAG(s) dict_keys(['example_sla_dag']) retrieved from /home/airflow/.local/lib/python3.7/site-packages/airflow/example_dags/example_sla_dag.py
[2023-05-14T05:43:08.791+0000] {logging_mixin.py:137} INFO - [2023-05-14T05:43:08.791+0000] {dag.py:2705} INFO - Sync 1 DAGs
[2023-05-14T05:43:08.811+0000] {logging_mixin.py:137} INFO - [2023-05-14T05:43:08.810+0000] {dag.py:3456} INFO - Setting next_dagrun for example_sla_dag to 2023-05-14T05:40:00+00:00, run_after=2023-05-14T05:42:00+00:00
[2023-05-14T05:43:08.824+0000] {processor.py:175} INFO - Processing /home/airflow/.local/lib/python3.7/site-packages/airflow/example_dags/example_sla_dag.py took 0.095 seconds
[2023-05-14T05:43:38.954+0000] {processor.py:153} INFO - Started process (PID=8513) to work on /home/airflow/.local/lib/python3.7/site-packages/airflow/example_dags/example_sla_dag.py
[2023-05-14T05:43:38.956+0000] {processor.py:743} INFO - Processing file /home/airflow/.local/lib/python3.7/site-packages/airflow/example_dags/example_sla_dag.py for tasks to queue
[2023-05-14T05:43:38.957+0000] {logging_mixin.py:137} INFO - [2023-05-14T05:43:38.957+0000] {dagbag.py:532} INFO - Filling up the DagBag from /home/airflow/.local/lib/python3.7/site-packages/airflow/example_dags/example_sla_dag.py
[2023-05-14T05:43:38.976+0000] {processor.py:753} INFO - DAG(s) dict_keys(['example_sla_dag']) retrieved from /home/airflow/.local/lib/python3.7/site-packages/airflow/example_dags/example_sla_dag.py
[2023-05-14T05:43:38.999+0000] {logging_mixin.py:137} INFO - [2023-05-14T05:43:38.999+0000] {dag.py:2705} INFO - Sync 1 DAGs
[2023-05-14T05:43:39.017+0000] {logging_mixin.py:137} INFO - [2023-05-14T05:43:39.017+0000] {dag.py:3456} INFO - Setting next_dagrun for example_sla_dag to 2023-05-14T05:40:00+00:00, run_after=2023-05-14T05:42:00+00:00
[2023-05-14T05:43:39.029+0000] {processor.py:175} INFO - Processing /home/airflow/.local/lib/python3.7/site-packages/airflow/example_dags/example_sla_dag.py took 0.078 seconds
[2023-05-14T05:44:09.297+0000] {processor.py:153} INFO - Started process (PID=8745) to work on /home/airflow/.local/lib/python3.7/site-packages/airflow/example_dags/example_sla_dag.py
[2023-05-14T05:44:09.299+0000] {processor.py:743} INFO - Processing file /home/airflow/.local/lib/python3.7/site-packages/airflow/example_dags/example_sla_dag.py for tasks to queue
[2023-05-14T05:44:09.300+0000] {logging_mixin.py:137} INFO - [2023-05-14T05:44:09.300+0000] {dagbag.py:532} INFO - Filling up the DagBag from /home/airflow/.local/lib/python3.7/site-packages/airflow/example_dags/example_sla_dag.py
[2023-05-14T05:44:09.317+0000] {processor.py:753} INFO - DAG(s) dict_keys(['example_sla_dag']) retrieved from /home/airflow/.local/lib/python3.7/site-packages/airflow/example_dags/example_sla_dag.py
[2023-05-14T05:44:09.341+0000] {logging_mixin.py:137} INFO - [2023-05-14T05:44:09.341+0000] {dag.py:2705} INFO - Sync 1 DAGs
[2023-05-14T05:44:09.360+0000] {logging_mixin.py:137} INFO - [2023-05-14T05:44:09.359+0000] {dag.py:3456} INFO - Setting next_dagrun for example_sla_dag to 2023-05-14T05:42:00+00:00, run_after=2023-05-14T05:44:00+00:00
[2023-05-14T05:44:09.371+0000] {processor.py:175} INFO - Processing /home/airflow/.local/lib/python3.7/site-packages/airflow/example_dags/example_sla_dag.py took 0.076 seconds
[2023-05-14T05:44:39.550+0000] {processor.py:153} INFO - Started process (PID=8973) to work on /home/airflow/.local/lib/python3.7/site-packages/airflow/example_dags/example_sla_dag.py
[2023-05-14T05:44:39.552+0000] {processor.py:743} INFO - Processing file /home/airflow/.local/lib/python3.7/site-packages/airflow/example_dags/example_sla_dag.py for tasks to queue
[2023-05-14T05:44:39.553+0000] {logging_mixin.py:137} INFO - [2023-05-14T05:44:39.553+0000] {dagbag.py:532} INFO - Filling up the DagBag from /home/airflow/.local/lib/python3.7/site-packages/airflow/example_dags/example_sla_dag.py
[2023-05-14T05:44:39.569+0000] {processor.py:753} INFO - DAG(s) dict_keys(['example_sla_dag']) retrieved from /home/airflow/.local/lib/python3.7/site-packages/airflow/example_dags/example_sla_dag.py
[2023-05-14T05:44:39.614+0000] {logging_mixin.py:137} INFO - [2023-05-14T05:44:39.613+0000] {dag.py:2705} INFO - Sync 1 DAGs
[2023-05-14T05:44:39.634+0000] {logging_mixin.py:137} INFO - [2023-05-14T05:44:39.634+0000] {dag.py:3456} INFO - Setting next_dagrun for example_sla_dag to 2023-05-14T05:42:00+00:00, run_after=2023-05-14T05:44:00+00:00
[2023-05-14T05:44:39.648+0000] {processor.py:175} INFO - Processing /home/airflow/.local/lib/python3.7/site-packages/airflow/example_dags/example_sla_dag.py took 0.101 seconds
[2023-05-14T05:45:09.761+0000] {processor.py:153} INFO - Started process (PID=9197) to work on /home/airflow/.local/lib/python3.7/site-packages/airflow/example_dags/example_sla_dag.py
[2023-05-14T05:45:09.764+0000] {processor.py:743} INFO - Processing file /home/airflow/.local/lib/python3.7/site-packages/airflow/example_dags/example_sla_dag.py for tasks to queue
[2023-05-14T05:45:09.765+0000] {logging_mixin.py:137} INFO - [2023-05-14T05:45:09.765+0000] {dagbag.py:532} INFO - Filling up the DagBag from /home/airflow/.local/lib/python3.7/site-packages/airflow/example_dags/example_sla_dag.py
[2023-05-14T05:45:09.783+0000] {processor.py:753} INFO - DAG(s) dict_keys(['example_sla_dag']) retrieved from /home/airflow/.local/lib/python3.7/site-packages/airflow/example_dags/example_sla_dag.py
[2023-05-14T05:45:09.806+0000] {logging_mixin.py:137} INFO - [2023-05-14T05:45:09.806+0000] {dag.py:2705} INFO - Sync 1 DAGs
[2023-05-14T05:45:09.830+0000] {logging_mixin.py:137} INFO - [2023-05-14T05:45:09.830+0000] {dag.py:3456} INFO - Setting next_dagrun for example_sla_dag to 2023-05-14T05:42:00+00:00, run_after=2023-05-14T05:44:00+00:00
[2023-05-14T05:45:09.844+0000] {processor.py:175} INFO - Processing /home/airflow/.local/lib/python3.7/site-packages/airflow/example_dags/example_sla_dag.py took 0.085 seconds
[2023-05-14T05:45:40.084+0000] {processor.py:153} INFO - Started process (PID=9439) to work on /home/airflow/.local/lib/python3.7/site-packages/airflow/example_dags/example_sla_dag.py
[2023-05-14T05:45:40.086+0000] {processor.py:743} INFO - Processing file /home/airflow/.local/lib/python3.7/site-packages/airflow/example_dags/example_sla_dag.py for tasks to queue
[2023-05-14T05:45:40.087+0000] {logging_mixin.py:137} INFO - [2023-05-14T05:45:40.087+0000] {dagbag.py:532} INFO - Filling up the DagBag from /home/airflow/.local/lib/python3.7/site-packages/airflow/example_dags/example_sla_dag.py
[2023-05-14T05:45:40.103+0000] {processor.py:753} INFO - DAG(s) dict_keys(['example_sla_dag']) retrieved from /home/airflow/.local/lib/python3.7/site-packages/airflow/example_dags/example_sla_dag.py
[2023-05-14T05:45:40.126+0000] {logging_mixin.py:137} INFO - [2023-05-14T05:45:40.126+0000] {dag.py:2705} INFO - Sync 1 DAGs
[2023-05-14T05:45:40.152+0000] {logging_mixin.py:137} INFO - [2023-05-14T05:45:40.151+0000] {dag.py:3456} INFO - Setting next_dagrun for example_sla_dag to 2023-05-14T05:42:00+00:00, run_after=2023-05-14T05:44:00+00:00
[2023-05-14T05:45:40.164+0000] {processor.py:175} INFO - Processing /home/airflow/.local/lib/python3.7/site-packages/airflow/example_dags/example_sla_dag.py took 0.082 seconds
[2023-05-14T05:46:10.253+0000] {processor.py:153} INFO - Started process (PID=9668) to work on /home/airflow/.local/lib/python3.7/site-packages/airflow/example_dags/example_sla_dag.py
[2023-05-14T05:46:10.256+0000] {processor.py:743} INFO - Processing file /home/airflow/.local/lib/python3.7/site-packages/airflow/example_dags/example_sla_dag.py for tasks to queue
[2023-05-14T05:46:10.257+0000] {logging_mixin.py:137} INFO - [2023-05-14T05:46:10.257+0000] {dagbag.py:532} INFO - Filling up the DagBag from /home/airflow/.local/lib/python3.7/site-packages/airflow/example_dags/example_sla_dag.py
[2023-05-14T05:46:10.274+0000] {processor.py:753} INFO - DAG(s) dict_keys(['example_sla_dag']) retrieved from /home/airflow/.local/lib/python3.7/site-packages/airflow/example_dags/example_sla_dag.py
[2023-05-14T05:46:10.297+0000] {logging_mixin.py:137} INFO - [2023-05-14T05:46:10.297+0000] {dag.py:2705} INFO - Sync 1 DAGs
[2023-05-14T05:46:10.318+0000] {logging_mixin.py:137} INFO - [2023-05-14T05:46:10.318+0000] {dag.py:3456} INFO - Setting next_dagrun for example_sla_dag to 2023-05-14T05:44:00+00:00, run_after=2023-05-14T05:46:00+00:00
[2023-05-14T05:46:10.332+0000] {processor.py:175} INFO - Processing /home/airflow/.local/lib/python3.7/site-packages/airflow/example_dags/example_sla_dag.py took 0.082 seconds
[2023-05-14T05:46:40.485+0000] {processor.py:153} INFO - Started process (PID=9892) to work on /home/airflow/.local/lib/python3.7/site-packages/airflow/example_dags/example_sla_dag.py
[2023-05-14T05:46:40.487+0000] {processor.py:743} INFO - Processing file /home/airflow/.local/lib/python3.7/site-packages/airflow/example_dags/example_sla_dag.py for tasks to queue
[2023-05-14T05:46:40.489+0000] {logging_mixin.py:137} INFO - [2023-05-14T05:46:40.489+0000] {dagbag.py:532} INFO - Filling up the DagBag from /home/airflow/.local/lib/python3.7/site-packages/airflow/example_dags/example_sla_dag.py
[2023-05-14T05:46:40.509+0000] {processor.py:753} INFO - DAG(s) dict_keys(['example_sla_dag']) retrieved from /home/airflow/.local/lib/python3.7/site-packages/airflow/example_dags/example_sla_dag.py
[2023-05-14T05:46:40.533+0000] {logging_mixin.py:137} INFO - [2023-05-14T05:46:40.532+0000] {dag.py:2705} INFO - Sync 1 DAGs
[2023-05-14T05:46:40.553+0000] {logging_mixin.py:137} INFO - [2023-05-14T05:46:40.553+0000] {dag.py:3456} INFO - Setting next_dagrun for example_sla_dag to 2023-05-14T05:44:00+00:00, run_after=2023-05-14T05:46:00+00:00
[2023-05-14T05:46:40.567+0000] {processor.py:175} INFO - Processing /home/airflow/.local/lib/python3.7/site-packages/airflow/example_dags/example_sla_dag.py took 0.085 seconds
[2023-05-14T05:47:10.829+0000] {processor.py:153} INFO - Started process (PID=10116) to work on /home/airflow/.local/lib/python3.7/site-packages/airflow/example_dags/example_sla_dag.py
[2023-05-14T05:47:10.831+0000] {processor.py:743} INFO - Processing file /home/airflow/.local/lib/python3.7/site-packages/airflow/example_dags/example_sla_dag.py for tasks to queue
[2023-05-14T05:47:10.832+0000] {logging_mixin.py:137} INFO - [2023-05-14T05:47:10.832+0000] {dagbag.py:532} INFO - Filling up the DagBag from /home/airflow/.local/lib/python3.7/site-packages/airflow/example_dags/example_sla_dag.py
[2023-05-14T05:47:10.849+0000] {processor.py:753} INFO - DAG(s) dict_keys(['example_sla_dag']) retrieved from /home/airflow/.local/lib/python3.7/site-packages/airflow/example_dags/example_sla_dag.py
[2023-05-14T05:47:10.872+0000] {logging_mixin.py:137} INFO - [2023-05-14T05:47:10.872+0000] {dag.py:2705} INFO - Sync 1 DAGs
[2023-05-14T05:47:10.891+0000] {logging_mixin.py:137} INFO - [2023-05-14T05:47:10.891+0000] {dag.py:3456} INFO - Setting next_dagrun for example_sla_dag to 2023-05-14T05:44:00+00:00, run_after=2023-05-14T05:46:00+00:00
[2023-05-14T05:47:10.904+0000] {processor.py:175} INFO - Processing /home/airflow/.local/lib/python3.7/site-packages/airflow/example_dags/example_sla_dag.py took 0.078 seconds
[2023-05-14T05:47:41.135+0000] {processor.py:153} INFO - Started process (PID=10339) to work on /home/airflow/.local/lib/python3.7/site-packages/airflow/example_dags/example_sla_dag.py
[2023-05-14T05:47:41.138+0000] {processor.py:743} INFO - Processing file /home/airflow/.local/lib/python3.7/site-packages/airflow/example_dags/example_sla_dag.py for tasks to queue
[2023-05-14T05:47:41.139+0000] {logging_mixin.py:137} INFO - [2023-05-14T05:47:41.139+0000] {dagbag.py:532} INFO - Filling up the DagBag from /home/airflow/.local/lib/python3.7/site-packages/airflow/example_dags/example_sla_dag.py
[2023-05-14T05:47:41.160+0000] {processor.py:753} INFO - DAG(s) dict_keys(['example_sla_dag']) retrieved from /home/airflow/.local/lib/python3.7/site-packages/airflow/example_dags/example_sla_dag.py
[2023-05-14T05:47:41.181+0000] {logging_mixin.py:137} INFO - [2023-05-14T05:47:41.181+0000] {dag.py:2705} INFO - Sync 1 DAGs
[2023-05-14T05:47:41.200+0000] {logging_mixin.py:137} INFO - [2023-05-14T05:47:41.200+0000] {dag.py:3456} INFO - Setting next_dagrun for example_sla_dag to 2023-05-14T05:44:00+00:00, run_after=2023-05-14T05:46:00+00:00
[2023-05-14T05:47:41.212+0000] {processor.py:175} INFO - Processing /home/airflow/.local/lib/python3.7/site-packages/airflow/example_dags/example_sla_dag.py took 0.080 seconds
[2023-05-14T05:48:11.516+0000] {processor.py:153} INFO - Started process (PID=10563) to work on /home/airflow/.local/lib/python3.7/site-packages/airflow/example_dags/example_sla_dag.py
[2023-05-14T05:48:11.518+0000] {processor.py:743} INFO - Processing file /home/airflow/.local/lib/python3.7/site-packages/airflow/example_dags/example_sla_dag.py for tasks to queue
[2023-05-14T05:48:11.525+0000] {logging_mixin.py:137} INFO - [2023-05-14T05:48:11.525+0000] {dagbag.py:532} INFO - Filling up the DagBag from /home/airflow/.local/lib/python3.7/site-packages/airflow/example_dags/example_sla_dag.py
[2023-05-14T05:48:11.544+0000] {processor.py:753} INFO - DAG(s) dict_keys(['example_sla_dag']) retrieved from /home/airflow/.local/lib/python3.7/site-packages/airflow/example_dags/example_sla_dag.py
[2023-05-14T05:48:11.566+0000] {logging_mixin.py:137} INFO - [2023-05-14T05:48:11.565+0000] {dag.py:2705} INFO - Sync 1 DAGs
[2023-05-14T05:48:11.584+0000] {logging_mixin.py:137} INFO - [2023-05-14T05:48:11.584+0000] {dag.py:3456} INFO - Setting next_dagrun for example_sla_dag to 2023-05-14T05:46:00+00:00, run_after=2023-05-14T05:48:00+00:00
[2023-05-14T05:48:11.599+0000] {processor.py:175} INFO - Processing /home/airflow/.local/lib/python3.7/site-packages/airflow/example_dags/example_sla_dag.py took 0.085 seconds
[2023-05-14T05:48:41.949+0000] {processor.py:153} INFO - Started process (PID=10787) to work on /home/airflow/.local/lib/python3.7/site-packages/airflow/example_dags/example_sla_dag.py
[2023-05-14T05:48:41.951+0000] {processor.py:743} INFO - Processing file /home/airflow/.local/lib/python3.7/site-packages/airflow/example_dags/example_sla_dag.py for tasks to queue
[2023-05-14T05:48:41.952+0000] {logging_mixin.py:137} INFO - [2023-05-14T05:48:41.952+0000] {dagbag.py:532} INFO - Filling up the DagBag from /home/airflow/.local/lib/python3.7/site-packages/airflow/example_dags/example_sla_dag.py
[2023-05-14T05:48:41.970+0000] {processor.py:753} INFO - DAG(s) dict_keys(['example_sla_dag']) retrieved from /home/airflow/.local/lib/python3.7/site-packages/airflow/example_dags/example_sla_dag.py
[2023-05-14T05:48:41.992+0000] {logging_mixin.py:137} INFO - [2023-05-14T05:48:41.992+0000] {dag.py:2705} INFO - Sync 1 DAGs
[2023-05-14T05:48:42.011+0000] {logging_mixin.py:137} INFO - [2023-05-14T05:48:42.011+0000] {dag.py:3456} INFO - Setting next_dagrun for example_sla_dag to 2023-05-14T05:46:00+00:00, run_after=2023-05-14T05:48:00+00:00
[2023-05-14T05:48:42.025+0000] {processor.py:175} INFO - Processing /home/airflow/.local/lib/python3.7/site-packages/airflow/example_dags/example_sla_dag.py took 0.079 seconds
[2023-05-14T05:49:12.302+0000] {processor.py:153} INFO - Started process (PID=11013) to work on /home/airflow/.local/lib/python3.7/site-packages/airflow/example_dags/example_sla_dag.py
[2023-05-14T05:49:12.308+0000] {processor.py:743} INFO - Processing file /home/airflow/.local/lib/python3.7/site-packages/airflow/example_dags/example_sla_dag.py for tasks to queue
[2023-05-14T05:49:12.309+0000] {logging_mixin.py:137} INFO - [2023-05-14T05:49:12.309+0000] {dagbag.py:532} INFO - Filling up the DagBag from /home/airflow/.local/lib/python3.7/site-packages/airflow/example_dags/example_sla_dag.py
[2023-05-14T05:49:12.327+0000] {processor.py:753} INFO - DAG(s) dict_keys(['example_sla_dag']) retrieved from /home/airflow/.local/lib/python3.7/site-packages/airflow/example_dags/example_sla_dag.py
[2023-05-14T05:49:12.354+0000] {logging_mixin.py:137} INFO - [2023-05-14T05:49:12.354+0000] {dag.py:2705} INFO - Sync 1 DAGs
[2023-05-14T05:49:12.373+0000] {logging_mixin.py:137} INFO - [2023-05-14T05:49:12.373+0000] {dag.py:3456} INFO - Setting next_dagrun for example_sla_dag to 2023-05-14T05:46:00+00:00, run_after=2023-05-14T05:48:00+00:00
[2023-05-14T05:49:12.385+0000] {processor.py:175} INFO - Processing /home/airflow/.local/lib/python3.7/site-packages/airflow/example_dags/example_sla_dag.py took 0.085 seconds
[2023-05-14T05:49:42.563+0000] {processor.py:153} INFO - Started process (PID=11237) to work on /home/airflow/.local/lib/python3.7/site-packages/airflow/example_dags/example_sla_dag.py
[2023-05-14T05:49:42.565+0000] {processor.py:743} INFO - Processing file /home/airflow/.local/lib/python3.7/site-packages/airflow/example_dags/example_sla_dag.py for tasks to queue
[2023-05-14T05:49:42.566+0000] {logging_mixin.py:137} INFO - [2023-05-14T05:49:42.566+0000] {dagbag.py:532} INFO - Filling up the DagBag from /home/airflow/.local/lib/python3.7/site-packages/airflow/example_dags/example_sla_dag.py
[2023-05-14T05:49:42.584+0000] {processor.py:753} INFO - DAG(s) dict_keys(['example_sla_dag']) retrieved from /home/airflow/.local/lib/python3.7/site-packages/airflow/example_dags/example_sla_dag.py
[2023-05-14T05:49:42.607+0000] {logging_mixin.py:137} INFO - [2023-05-14T05:49:42.606+0000] {dag.py:2705} INFO - Sync 1 DAGs
[2023-05-14T05:49:42.627+0000] {logging_mixin.py:137} INFO - [2023-05-14T05:49:42.627+0000] {dag.py:3456} INFO - Setting next_dagrun for example_sla_dag to 2023-05-14T05:46:00+00:00, run_after=2023-05-14T05:48:00+00:00
[2023-05-14T05:49:42.641+0000] {processor.py:175} INFO - Processing /home/airflow/.local/lib/python3.7/site-packages/airflow/example_dags/example_sla_dag.py took 0.081 seconds
[2023-05-14T05:50:12.716+0000] {processor.py:153} INFO - Started process (PID=11461) to work on /home/airflow/.local/lib/python3.7/site-packages/airflow/example_dags/example_sla_dag.py
[2023-05-14T05:50:12.718+0000] {processor.py:743} INFO - Processing file /home/airflow/.local/lib/python3.7/site-packages/airflow/example_dags/example_sla_dag.py for tasks to queue
[2023-05-14T05:50:12.724+0000] {logging_mixin.py:137} INFO - [2023-05-14T05:50:12.724+0000] {dagbag.py:532} INFO - Filling up the DagBag from /home/airflow/.local/lib/python3.7/site-packages/airflow/example_dags/example_sla_dag.py
[2023-05-14T05:50:12.741+0000] {processor.py:753} INFO - DAG(s) dict_keys(['example_sla_dag']) retrieved from /home/airflow/.local/lib/python3.7/site-packages/airflow/example_dags/example_sla_dag.py
[2023-05-14T05:50:12.762+0000] {logging_mixin.py:137} INFO - [2023-05-14T05:50:12.762+0000] {dag.py:2705} INFO - Sync 1 DAGs
[2023-05-14T05:50:12.782+0000] {logging_mixin.py:137} INFO - [2023-05-14T05:50:12.782+0000] {dag.py:3456} INFO - Setting next_dagrun for example_sla_dag to 2023-05-14T05:48:00+00:00, run_after=2023-05-14T05:50:00+00:00
[2023-05-14T05:50:12.797+0000] {processor.py:175} INFO - Processing /home/airflow/.local/lib/python3.7/site-packages/airflow/example_dags/example_sla_dag.py took 0.084 seconds
[2023-05-14T05:50:43.186+0000] {processor.py:153} INFO - Started process (PID=11685) to work on /home/airflow/.local/lib/python3.7/site-packages/airflow/example_dags/example_sla_dag.py
[2023-05-14T05:50:43.187+0000] {processor.py:743} INFO - Processing file /home/airflow/.local/lib/python3.7/site-packages/airflow/example_dags/example_sla_dag.py for tasks to queue
[2023-05-14T05:50:43.188+0000] {logging_mixin.py:137} INFO - [2023-05-14T05:50:43.188+0000] {dagbag.py:532} INFO - Filling up the DagBag from /home/airflow/.local/lib/python3.7/site-packages/airflow/example_dags/example_sla_dag.py
[2023-05-14T05:50:43.206+0000] {processor.py:753} INFO - DAG(s) dict_keys(['example_sla_dag']) retrieved from /home/airflow/.local/lib/python3.7/site-packages/airflow/example_dags/example_sla_dag.py
[2023-05-14T05:50:43.233+0000] {logging_mixin.py:137} INFO - [2023-05-14T05:50:43.233+0000] {dag.py:2705} INFO - Sync 1 DAGs
[2023-05-14T05:50:43.256+0000] {logging_mixin.py:137} INFO - [2023-05-14T05:50:43.256+0000] {dag.py:3456} INFO - Setting next_dagrun for example_sla_dag to 2023-05-14T05:48:00+00:00, run_after=2023-05-14T05:50:00+00:00
[2023-05-14T05:50:43.269+0000] {processor.py:175} INFO - Processing /home/airflow/.local/lib/python3.7/site-packages/airflow/example_dags/example_sla_dag.py took 0.087 seconds
[2023-05-14T05:51:13.591+0000] {processor.py:153} INFO - Started process (PID=11909) to work on /home/airflow/.local/lib/python3.7/site-packages/airflow/example_dags/example_sla_dag.py
[2023-05-14T05:51:13.594+0000] {processor.py:743} INFO - Processing file /home/airflow/.local/lib/python3.7/site-packages/airflow/example_dags/example_sla_dag.py for tasks to queue
[2023-05-14T05:51:13.596+0000] {logging_mixin.py:137} INFO - [2023-05-14T05:51:13.596+0000] {dagbag.py:532} INFO - Filling up the DagBag from /home/airflow/.local/lib/python3.7/site-packages/airflow/example_dags/example_sla_dag.py
[2023-05-14T05:51:13.616+0000] {processor.py:753} INFO - DAG(s) dict_keys(['example_sla_dag']) retrieved from /home/airflow/.local/lib/python3.7/site-packages/airflow/example_dags/example_sla_dag.py
[2023-05-14T05:51:13.642+0000] {logging_mixin.py:137} INFO - [2023-05-14T05:51:13.642+0000] {dag.py:2705} INFO - Sync 1 DAGs
[2023-05-14T05:51:13.667+0000] {logging_mixin.py:137} INFO - [2023-05-14T05:51:13.666+0000] {dag.py:3456} INFO - Setting next_dagrun for example_sla_dag to 2023-05-14T05:48:00+00:00, run_after=2023-05-14T05:50:00+00:00
[2023-05-14T05:51:13.686+0000] {processor.py:175} INFO - Processing /home/airflow/.local/lib/python3.7/site-packages/airflow/example_dags/example_sla_dag.py took 0.098 seconds
[2023-05-14T05:51:43.979+0000] {processor.py:153} INFO - Started process (PID=12133) to work on /home/airflow/.local/lib/python3.7/site-packages/airflow/example_dags/example_sla_dag.py
[2023-05-14T05:51:43.981+0000] {processor.py:743} INFO - Processing file /home/airflow/.local/lib/python3.7/site-packages/airflow/example_dags/example_sla_dag.py for tasks to queue
[2023-05-14T05:51:43.984+0000] {logging_mixin.py:137} INFO - [2023-05-14T05:51:43.984+0000] {dagbag.py:532} INFO - Filling up the DagBag from /home/airflow/.local/lib/python3.7/site-packages/airflow/example_dags/example_sla_dag.py
[2023-05-14T05:51:44.002+0000] {processor.py:753} INFO - DAG(s) dict_keys(['example_sla_dag']) retrieved from /home/airflow/.local/lib/python3.7/site-packages/airflow/example_dags/example_sla_dag.py
[2023-05-14T05:51:44.023+0000] {logging_mixin.py:137} INFO - [2023-05-14T05:51:44.023+0000] {dag.py:2705} INFO - Sync 1 DAGs
[2023-05-14T05:51:44.041+0000] {logging_mixin.py:137} INFO - [2023-05-14T05:51:44.041+0000] {dag.py:3456} INFO - Setting next_dagrun for example_sla_dag to 2023-05-14T05:48:00+00:00, run_after=2023-05-14T05:50:00+00:00
[2023-05-14T05:51:44.055+0000] {processor.py:175} INFO - Processing /home/airflow/.local/lib/python3.7/site-packages/airflow/example_dags/example_sla_dag.py took 0.079 seconds
[2023-05-14T05:52:14.180+0000] {processor.py:153} INFO - Started process (PID=12356) to work on /home/airflow/.local/lib/python3.7/site-packages/airflow/example_dags/example_sla_dag.py
[2023-05-14T05:52:14.183+0000] {processor.py:743} INFO - Processing file /home/airflow/.local/lib/python3.7/site-packages/airflow/example_dags/example_sla_dag.py for tasks to queue
[2023-05-14T05:52:14.184+0000] {logging_mixin.py:137} INFO - [2023-05-14T05:52:14.183+0000] {dagbag.py:532} INFO - Filling up the DagBag from /home/airflow/.local/lib/python3.7/site-packages/airflow/example_dags/example_sla_dag.py
[2023-05-14T05:52:14.200+0000] {processor.py:753} INFO - DAG(s) dict_keys(['example_sla_dag']) retrieved from /home/airflow/.local/lib/python3.7/site-packages/airflow/example_dags/example_sla_dag.py
[2023-05-14T05:52:14.224+0000] {logging_mixin.py:137} INFO - [2023-05-14T05:52:14.224+0000] {dag.py:2705} INFO - Sync 1 DAGs
[2023-05-14T05:52:14.249+0000] {logging_mixin.py:137} INFO - [2023-05-14T05:52:14.249+0000] {dag.py:3456} INFO - Setting next_dagrun for example_sla_dag to 2023-05-14T05:50:00+00:00, run_after=2023-05-14T05:52:00+00:00
[2023-05-14T05:52:14.266+0000] {processor.py:175} INFO - Processing /home/airflow/.local/lib/python3.7/site-packages/airflow/example_dags/example_sla_dag.py took 0.089 seconds
[2023-05-14T05:52:44.596+0000] {processor.py:153} INFO - Started process (PID=12582) to work on /home/airflow/.local/lib/python3.7/site-packages/airflow/example_dags/example_sla_dag.py
[2023-05-14T05:52:44.601+0000] {processor.py:743} INFO - Processing file /home/airflow/.local/lib/python3.7/site-packages/airflow/example_dags/example_sla_dag.py for tasks to queue
[2023-05-14T05:52:44.602+0000] {logging_mixin.py:137} INFO - [2023-05-14T05:52:44.602+0000] {dagbag.py:532} INFO - Filling up the DagBag from /home/airflow/.local/lib/python3.7/site-packages/airflow/example_dags/example_sla_dag.py
[2023-05-14T05:52:44.620+0000] {processor.py:753} INFO - DAG(s) dict_keys(['example_sla_dag']) retrieved from /home/airflow/.local/lib/python3.7/site-packages/airflow/example_dags/example_sla_dag.py
[2023-05-14T05:52:44.642+0000] {logging_mixin.py:137} INFO - [2023-05-14T05:52:44.642+0000] {dag.py:2705} INFO - Sync 1 DAGs
[2023-05-14T05:52:44.660+0000] {logging_mixin.py:137} INFO - [2023-05-14T05:52:44.660+0000] {dag.py:3456} INFO - Setting next_dagrun for example_sla_dag to 2023-05-14T05:50:00+00:00, run_after=2023-05-14T05:52:00+00:00
[2023-05-14T05:52:44.672+0000] {processor.py:175} INFO - Processing /home/airflow/.local/lib/python3.7/site-packages/airflow/example_dags/example_sla_dag.py took 0.079 seconds
[2023-05-14T05:53:14.990+0000] {processor.py:153} INFO - Started process (PID=12804) to work on /home/airflow/.local/lib/python3.7/site-packages/airflow/example_dags/example_sla_dag.py
[2023-05-14T05:53:14.993+0000] {processor.py:743} INFO - Processing file /home/airflow/.local/lib/python3.7/site-packages/airflow/example_dags/example_sla_dag.py for tasks to queue
[2023-05-14T05:53:14.997+0000] {logging_mixin.py:137} INFO - [2023-05-14T05:53:14.997+0000] {dagbag.py:532} INFO - Filling up the DagBag from /home/airflow/.local/lib/python3.7/site-packages/airflow/example_dags/example_sla_dag.py
[2023-05-14T05:53:15.015+0000] {processor.py:753} INFO - DAG(s) dict_keys(['example_sla_dag']) retrieved from /home/airflow/.local/lib/python3.7/site-packages/airflow/example_dags/example_sla_dag.py
[2023-05-14T05:53:15.037+0000] {logging_mixin.py:137} INFO - [2023-05-14T05:53:15.037+0000] {dag.py:2705} INFO - Sync 1 DAGs
[2023-05-14T05:53:15.057+0000] {logging_mixin.py:137} INFO - [2023-05-14T05:53:15.057+0000] {dag.py:3456} INFO - Setting next_dagrun for example_sla_dag to 2023-05-14T05:50:00+00:00, run_after=2023-05-14T05:52:00+00:00
[2023-05-14T05:53:15.071+0000] {processor.py:175} INFO - Processing /home/airflow/.local/lib/python3.7/site-packages/airflow/example_dags/example_sla_dag.py took 0.084 seconds
[2023-05-14T05:53:45.170+0000] {processor.py:153} INFO - Started process (PID=13029) to work on /home/airflow/.local/lib/python3.7/site-packages/airflow/example_dags/example_sla_dag.py
[2023-05-14T05:53:45.172+0000] {processor.py:743} INFO - Processing file /home/airflow/.local/lib/python3.7/site-packages/airflow/example_dags/example_sla_dag.py for tasks to queue
[2023-05-14T05:53:45.174+0000] {logging_mixin.py:137} INFO - [2023-05-14T05:53:45.174+0000] {dagbag.py:532} INFO - Filling up the DagBag from /home/airflow/.local/lib/python3.7/site-packages/airflow/example_dags/example_sla_dag.py
[2023-05-14T05:53:45.192+0000] {processor.py:753} INFO - DAG(s) dict_keys(['example_sla_dag']) retrieved from /home/airflow/.local/lib/python3.7/site-packages/airflow/example_dags/example_sla_dag.py
[2023-05-14T05:53:45.215+0000] {logging_mixin.py:137} INFO - [2023-05-14T05:53:45.215+0000] {dag.py:2705} INFO - Sync 1 DAGs
[2023-05-14T05:53:45.238+0000] {logging_mixin.py:137} INFO - [2023-05-14T05:53:45.237+0000] {dag.py:3456} INFO - Setting next_dagrun for example_sla_dag to 2023-05-14T05:50:00+00:00, run_after=2023-05-14T05:52:00+00:00
[2023-05-14T05:53:45.253+0000] {processor.py:175} INFO - Processing /home/airflow/.local/lib/python3.7/site-packages/airflow/example_dags/example_sla_dag.py took 0.086 seconds
[2023-05-14T05:54:15.557+0000] {processor.py:153} INFO - Started process (PID=13253) to work on /home/airflow/.local/lib/python3.7/site-packages/airflow/example_dags/example_sla_dag.py
[2023-05-14T05:54:15.559+0000] {processor.py:743} INFO - Processing file /home/airflow/.local/lib/python3.7/site-packages/airflow/example_dags/example_sla_dag.py for tasks to queue
[2023-05-14T05:54:15.559+0000] {logging_mixin.py:137} INFO - [2023-05-14T05:54:15.559+0000] {dagbag.py:532} INFO - Filling up the DagBag from /home/airflow/.local/lib/python3.7/site-packages/airflow/example_dags/example_sla_dag.py
[2023-05-14T05:54:15.576+0000] {processor.py:753} INFO - DAG(s) dict_keys(['example_sla_dag']) retrieved from /home/airflow/.local/lib/python3.7/site-packages/airflow/example_dags/example_sla_dag.py
[2023-05-14T05:54:15.600+0000] {logging_mixin.py:137} INFO - [2023-05-14T05:54:15.599+0000] {dag.py:2705} INFO - Sync 1 DAGs
[2023-05-14T05:54:15.627+0000] {logging_mixin.py:137} INFO - [2023-05-14T05:54:15.627+0000] {dag.py:3456} INFO - Setting next_dagrun for example_sla_dag to 2023-05-14T05:52:00+00:00, run_after=2023-05-14T05:54:00+00:00
[2023-05-14T05:54:15.643+0000] {processor.py:175} INFO - Processing /home/airflow/.local/lib/python3.7/site-packages/airflow/example_dags/example_sla_dag.py took 0.089 seconds
[2023-05-14T05:54:45.803+0000] {processor.py:153} INFO - Started process (PID=13478) to work on /home/airflow/.local/lib/python3.7/site-packages/airflow/example_dags/example_sla_dag.py
[2023-05-14T05:54:45.805+0000] {processor.py:743} INFO - Processing file /home/airflow/.local/lib/python3.7/site-packages/airflow/example_dags/example_sla_dag.py for tasks to queue
[2023-05-14T05:54:45.807+0000] {logging_mixin.py:137} INFO - [2023-05-14T05:54:45.807+0000] {dagbag.py:532} INFO - Filling up the DagBag from /home/airflow/.local/lib/python3.7/site-packages/airflow/example_dags/example_sla_dag.py
[2023-05-14T05:54:45.828+0000] {processor.py:753} INFO - DAG(s) dict_keys(['example_sla_dag']) retrieved from /home/airflow/.local/lib/python3.7/site-packages/airflow/example_dags/example_sla_dag.py
[2023-05-14T05:54:45.852+0000] {logging_mixin.py:137} INFO - [2023-05-14T05:54:45.851+0000] {dag.py:2705} INFO - Sync 1 DAGs
[2023-05-14T05:54:45.874+0000] {logging_mixin.py:137} INFO - [2023-05-14T05:54:45.874+0000] {dag.py:3456} INFO - Setting next_dagrun for example_sla_dag to 2023-05-14T05:52:00+00:00, run_after=2023-05-14T05:54:00+00:00
[2023-05-14T05:54:45.887+0000] {processor.py:175} INFO - Processing /home/airflow/.local/lib/python3.7/site-packages/airflow/example_dags/example_sla_dag.py took 0.087 seconds
[2023-05-14T05:55:16.230+0000] {processor.py:153} INFO - Started process (PID=13700) to work on /home/airflow/.local/lib/python3.7/site-packages/airflow/example_dags/example_sla_dag.py
[2023-05-14T05:55:16.232+0000] {processor.py:743} INFO - Processing file /home/airflow/.local/lib/python3.7/site-packages/airflow/example_dags/example_sla_dag.py for tasks to queue
[2023-05-14T05:55:16.233+0000] {logging_mixin.py:137} INFO - [2023-05-14T05:55:16.233+0000] {dagbag.py:532} INFO - Filling up the DagBag from /home/airflow/.local/lib/python3.7/site-packages/airflow/example_dags/example_sla_dag.py
[2023-05-14T05:55:16.256+0000] {processor.py:753} INFO - DAG(s) dict_keys(['example_sla_dag']) retrieved from /home/airflow/.local/lib/python3.7/site-packages/airflow/example_dags/example_sla_dag.py
[2023-05-14T05:55:16.280+0000] {logging_mixin.py:137} INFO - [2023-05-14T05:55:16.280+0000] {dag.py:2705} INFO - Sync 1 DAGs
[2023-05-14T05:55:16.303+0000] {logging_mixin.py:137} INFO - [2023-05-14T05:55:16.303+0000] {dag.py:3456} INFO - Setting next_dagrun for example_sla_dag to 2023-05-14T05:52:00+00:00, run_after=2023-05-14T05:54:00+00:00
[2023-05-14T05:55:16.320+0000] {processor.py:175} INFO - Processing /home/airflow/.local/lib/python3.7/site-packages/airflow/example_dags/example_sla_dag.py took 0.094 seconds
[2023-05-14T05:55:46.555+0000] {processor.py:153} INFO - Started process (PID=13924) to work on /home/airflow/.local/lib/python3.7/site-packages/airflow/example_dags/example_sla_dag.py
[2023-05-14T05:55:46.557+0000] {processor.py:743} INFO - Processing file /home/airflow/.local/lib/python3.7/site-packages/airflow/example_dags/example_sla_dag.py for tasks to queue
[2023-05-14T05:55:46.559+0000] {logging_mixin.py:137} INFO - [2023-05-14T05:55:46.558+0000] {dagbag.py:532} INFO - Filling up the DagBag from /home/airflow/.local/lib/python3.7/site-packages/airflow/example_dags/example_sla_dag.py
[2023-05-14T05:55:46.579+0000] {processor.py:753} INFO - DAG(s) dict_keys(['example_sla_dag']) retrieved from /home/airflow/.local/lib/python3.7/site-packages/airflow/example_dags/example_sla_dag.py
[2023-05-14T05:55:46.601+0000] {logging_mixin.py:137} INFO - [2023-05-14T05:55:46.601+0000] {dag.py:2705} INFO - Sync 1 DAGs
[2023-05-14T05:55:46.621+0000] {logging_mixin.py:137} INFO - [2023-05-14T05:55:46.621+0000] {dag.py:3456} INFO - Setting next_dagrun for example_sla_dag to 2023-05-14T05:52:00+00:00, run_after=2023-05-14T05:54:00+00:00
[2023-05-14T05:55:46.636+0000] {processor.py:175} INFO - Processing /home/airflow/.local/lib/python3.7/site-packages/airflow/example_dags/example_sla_dag.py took 0.083 seconds
[2023-05-14T05:56:16.932+0000] {processor.py:153} INFO - Started process (PID=14148) to work on /home/airflow/.local/lib/python3.7/site-packages/airflow/example_dags/example_sla_dag.py
[2023-05-14T05:56:16.934+0000] {processor.py:743} INFO - Processing file /home/airflow/.local/lib/python3.7/site-packages/airflow/example_dags/example_sla_dag.py for tasks to queue
[2023-05-14T05:56:16.937+0000] {logging_mixin.py:137} INFO - [2023-05-14T05:56:16.937+0000] {dagbag.py:532} INFO - Filling up the DagBag from /home/airflow/.local/lib/python3.7/site-packages/airflow/example_dags/example_sla_dag.py
[2023-05-14T05:56:16.963+0000] {processor.py:753} INFO - DAG(s) dict_keys(['example_sla_dag']) retrieved from /home/airflow/.local/lib/python3.7/site-packages/airflow/example_dags/example_sla_dag.py
[2023-05-14T05:56:16.990+0000] {logging_mixin.py:137} INFO - [2023-05-14T05:56:16.990+0000] {dag.py:2705} INFO - Sync 1 DAGs
[2023-05-14T05:56:17.013+0000] {logging_mixin.py:137} INFO - [2023-05-14T05:56:17.013+0000] {dag.py:3456} INFO - Setting next_dagrun for example_sla_dag to 2023-05-14T05:54:00+00:00, run_after=2023-05-14T05:56:00+00:00
[2023-05-14T05:56:17.027+0000] {processor.py:175} INFO - Processing /home/airflow/.local/lib/python3.7/site-packages/airflow/example_dags/example_sla_dag.py took 0.099 seconds
[2023-05-14T05:56:47.554+0000] {processor.py:153} INFO - Started process (PID=14372) to work on /home/airflow/.local/lib/python3.7/site-packages/airflow/example_dags/example_sla_dag.py
[2023-05-14T05:56:47.556+0000] {processor.py:743} INFO - Processing file /home/airflow/.local/lib/python3.7/site-packages/airflow/example_dags/example_sla_dag.py for tasks to queue
[2023-05-14T05:56:47.559+0000] {logging_mixin.py:137} INFO - [2023-05-14T05:56:47.559+0000] {dagbag.py:532} INFO - Filling up the DagBag from /home/airflow/.local/lib/python3.7/site-packages/airflow/example_dags/example_sla_dag.py
[2023-05-14T05:56:47.581+0000] {processor.py:753} INFO - DAG(s) dict_keys(['example_sla_dag']) retrieved from /home/airflow/.local/lib/python3.7/site-packages/airflow/example_dags/example_sla_dag.py
[2023-05-14T05:56:47.603+0000] {logging_mixin.py:137} INFO - [2023-05-14T05:56:47.603+0000] {dag.py:2705} INFO - Sync 1 DAGs
[2023-05-14T05:56:47.624+0000] {logging_mixin.py:137} INFO - [2023-05-14T05:56:47.624+0000] {dag.py:3456} INFO - Setting next_dagrun for example_sla_dag to 2023-05-14T05:54:00+00:00, run_after=2023-05-14T05:56:00+00:00
[2023-05-14T05:56:47.638+0000] {processor.py:175} INFO - Processing /home/airflow/.local/lib/python3.7/site-packages/airflow/example_dags/example_sla_dag.py took 0.087 seconds
[2023-05-14T05:57:18.511+0000] {processor.py:153} INFO - Started process (PID=14596) to work on /home/airflow/.local/lib/python3.7/site-packages/airflow/example_dags/example_sla_dag.py
[2023-05-14T05:57:18.514+0000] {processor.py:743} INFO - Processing file /home/airflow/.local/lib/python3.7/site-packages/airflow/example_dags/example_sla_dag.py for tasks to queue
[2023-05-14T05:57:18.517+0000] {logging_mixin.py:137} INFO - [2023-05-14T05:57:18.517+0000] {dagbag.py:532} INFO - Filling up the DagBag from /home/airflow/.local/lib/python3.7/site-packages/airflow/example_dags/example_sla_dag.py
[2023-05-14T05:57:18.543+0000] {processor.py:753} INFO - DAG(s) dict_keys(['example_sla_dag']) retrieved from /home/airflow/.local/lib/python3.7/site-packages/airflow/example_dags/example_sla_dag.py
[2023-05-14T05:57:18.571+0000] {logging_mixin.py:137} INFO - [2023-05-14T05:57:18.571+0000] {dag.py:2705} INFO - Sync 1 DAGs
[2023-05-14T05:57:18.597+0000] {logging_mixin.py:137} INFO - [2023-05-14T05:57:18.597+0000] {dag.py:3456} INFO - Setting next_dagrun for example_sla_dag to 2023-05-14T05:54:00+00:00, run_after=2023-05-14T05:56:00+00:00
[2023-05-14T05:57:18.614+0000] {processor.py:175} INFO - Processing /home/airflow/.local/lib/python3.7/site-packages/airflow/example_dags/example_sla_dag.py took 0.110 seconds
[2023-05-14T05:57:48.901+0000] {processor.py:153} INFO - Started process (PID=14820) to work on /home/airflow/.local/lib/python3.7/site-packages/airflow/example_dags/example_sla_dag.py
[2023-05-14T05:57:48.912+0000] {processor.py:743} INFO - Processing file /home/airflow/.local/lib/python3.7/site-packages/airflow/example_dags/example_sla_dag.py for tasks to queue
[2023-05-14T05:57:48.917+0000] {logging_mixin.py:137} INFO - [2023-05-14T05:57:48.917+0000] {dagbag.py:532} INFO - Filling up the DagBag from /home/airflow/.local/lib/python3.7/site-packages/airflow/example_dags/example_sla_dag.py
[2023-05-14T05:57:48.951+0000] {processor.py:753} INFO - DAG(s) dict_keys(['example_sla_dag']) retrieved from /home/airflow/.local/lib/python3.7/site-packages/airflow/example_dags/example_sla_dag.py
[2023-05-14T05:57:48.981+0000] {logging_mixin.py:137} INFO - [2023-05-14T05:57:48.981+0000] {dag.py:2705} INFO - Sync 1 DAGs
[2023-05-14T05:57:49.004+0000] {logging_mixin.py:137} INFO - [2023-05-14T05:57:49.004+0000] {dag.py:3456} INFO - Setting next_dagrun for example_sla_dag to 2023-05-14T05:54:00+00:00, run_after=2023-05-14T05:56:00+00:00
[2023-05-14T05:57:49.034+0000] {processor.py:175} INFO - Processing /home/airflow/.local/lib/python3.7/site-packages/airflow/example_dags/example_sla_dag.py took 0.142 seconds
[2023-05-14T05:58:19.274+0000] {processor.py:153} INFO - Started process (PID=15044) to work on /home/airflow/.local/lib/python3.7/site-packages/airflow/example_dags/example_sla_dag.py
[2023-05-14T05:58:19.276+0000] {processor.py:743} INFO - Processing file /home/airflow/.local/lib/python3.7/site-packages/airflow/example_dags/example_sla_dag.py for tasks to queue
[2023-05-14T05:58:19.277+0000] {logging_mixin.py:137} INFO - [2023-05-14T05:58:19.277+0000] {dagbag.py:532} INFO - Filling up the DagBag from /home/airflow/.local/lib/python3.7/site-packages/airflow/example_dags/example_sla_dag.py
[2023-05-14T05:58:19.303+0000] {processor.py:753} INFO - DAG(s) dict_keys(['example_sla_dag']) retrieved from /home/airflow/.local/lib/python3.7/site-packages/airflow/example_dags/example_sla_dag.py
[2023-05-14T05:58:19.326+0000] {logging_mixin.py:137} INFO - [2023-05-14T05:58:19.326+0000] {dag.py:2705} INFO - Sync 1 DAGs
[2023-05-14T05:58:19.350+0000] {logging_mixin.py:137} INFO - [2023-05-14T05:58:19.350+0000] {dag.py:3456} INFO - Setting next_dagrun for example_sla_dag to 2023-05-14T05:56:00+00:00, run_after=2023-05-14T05:58:00+00:00
[2023-05-14T05:58:19.381+0000] {processor.py:175} INFO - Processing /home/airflow/.local/lib/python3.7/site-packages/airflow/example_dags/example_sla_dag.py took 0.110 seconds
[2023-05-14T05:58:49.597+0000] {processor.py:153} INFO - Started process (PID=15270) to work on /home/airflow/.local/lib/python3.7/site-packages/airflow/example_dags/example_sla_dag.py
[2023-05-14T05:58:49.599+0000] {processor.py:743} INFO - Processing file /home/airflow/.local/lib/python3.7/site-packages/airflow/example_dags/example_sla_dag.py for tasks to queue
[2023-05-14T05:58:49.600+0000] {logging_mixin.py:137} INFO - [2023-05-14T05:58:49.600+0000] {dagbag.py:532} INFO - Filling up the DagBag from /home/airflow/.local/lib/python3.7/site-packages/airflow/example_dags/example_sla_dag.py
[2023-05-14T05:58:49.631+0000] {processor.py:753} INFO - DAG(s) dict_keys(['example_sla_dag']) retrieved from /home/airflow/.local/lib/python3.7/site-packages/airflow/example_dags/example_sla_dag.py
[2023-05-14T05:58:49.659+0000] {logging_mixin.py:137} INFO - [2023-05-14T05:58:49.659+0000] {dag.py:2705} INFO - Sync 1 DAGs
[2023-05-14T05:58:49.679+0000] {logging_mixin.py:137} INFO - [2023-05-14T05:58:49.679+0000] {dag.py:3456} INFO - Setting next_dagrun for example_sla_dag to 2023-05-14T05:56:00+00:00, run_after=2023-05-14T05:58:00+00:00
[2023-05-14T05:58:49.691+0000] {processor.py:175} INFO - Processing /home/airflow/.local/lib/python3.7/site-packages/airflow/example_dags/example_sla_dag.py took 0.097 seconds
[2023-05-14T05:59:19.810+0000] {processor.py:153} INFO - Started process (PID=15492) to work on /home/airflow/.local/lib/python3.7/site-packages/airflow/example_dags/example_sla_dag.py
[2023-05-14T05:59:19.813+0000] {processor.py:743} INFO - Processing file /home/airflow/.local/lib/python3.7/site-packages/airflow/example_dags/example_sla_dag.py for tasks to queue
[2023-05-14T05:59:19.814+0000] {logging_mixin.py:137} INFO - [2023-05-14T05:59:19.814+0000] {dagbag.py:532} INFO - Filling up the DagBag from /home/airflow/.local/lib/python3.7/site-packages/airflow/example_dags/example_sla_dag.py
[2023-05-14T05:59:19.834+0000] {processor.py:753} INFO - DAG(s) dict_keys(['example_sla_dag']) retrieved from /home/airflow/.local/lib/python3.7/site-packages/airflow/example_dags/example_sla_dag.py
[2023-05-14T05:59:19.856+0000] {logging_mixin.py:137} INFO - [2023-05-14T05:59:19.856+0000] {dag.py:2705} INFO - Sync 1 DAGs
[2023-05-14T05:59:19.874+0000] {logging_mixin.py:137} INFO - [2023-05-14T05:59:19.874+0000] {dag.py:3456} INFO - Setting next_dagrun for example_sla_dag to 2023-05-14T05:56:00+00:00, run_after=2023-05-14T05:58:00+00:00
[2023-05-14T05:59:19.888+0000] {processor.py:175} INFO - Processing /home/airflow/.local/lib/python3.7/site-packages/airflow/example_dags/example_sla_dag.py took 0.081 seconds
[2023-05-14T05:59:50.336+0000] {processor.py:153} INFO - Started process (PID=15716) to work on /home/airflow/.local/lib/python3.7/site-packages/airflow/example_dags/example_sla_dag.py
[2023-05-14T05:59:50.339+0000] {processor.py:743} INFO - Processing file /home/airflow/.local/lib/python3.7/site-packages/airflow/example_dags/example_sla_dag.py for tasks to queue
[2023-05-14T05:59:50.340+0000] {logging_mixin.py:137} INFO - [2023-05-14T05:59:50.340+0000] {dagbag.py:532} INFO - Filling up the DagBag from /home/airflow/.local/lib/python3.7/site-packages/airflow/example_dags/example_sla_dag.py
[2023-05-14T05:59:50.362+0000] {processor.py:753} INFO - DAG(s) dict_keys(['example_sla_dag']) retrieved from /home/airflow/.local/lib/python3.7/site-packages/airflow/example_dags/example_sla_dag.py
[2023-05-14T05:59:50.385+0000] {logging_mixin.py:137} INFO - [2023-05-14T05:59:50.385+0000] {dag.py:2705} INFO - Sync 1 DAGs
[2023-05-14T05:59:50.405+0000] {logging_mixin.py:137} INFO - [2023-05-14T05:59:50.405+0000] {dag.py:3456} INFO - Setting next_dagrun for example_sla_dag to 2023-05-14T05:56:00+00:00, run_after=2023-05-14T05:58:00+00:00
[2023-05-14T05:59:50.419+0000] {processor.py:175} INFO - Processing /home/airflow/.local/lib/python3.7/site-packages/airflow/example_dags/example_sla_dag.py took 0.085 seconds
[2023-05-14T06:00:20.564+0000] {processor.py:153} INFO - Started process (PID=15940) to work on /home/airflow/.local/lib/python3.7/site-packages/airflow/example_dags/example_sla_dag.py
[2023-05-14T06:00:20.566+0000] {processor.py:743} INFO - Processing file /home/airflow/.local/lib/python3.7/site-packages/airflow/example_dags/example_sla_dag.py for tasks to queue
[2023-05-14T06:00:20.567+0000] {logging_mixin.py:137} INFO - [2023-05-14T06:00:20.567+0000] {dagbag.py:532} INFO - Filling up the DagBag from /home/airflow/.local/lib/python3.7/site-packages/airflow/example_dags/example_sla_dag.py
[2023-05-14T06:00:20.587+0000] {processor.py:753} INFO - DAG(s) dict_keys(['example_sla_dag']) retrieved from /home/airflow/.local/lib/python3.7/site-packages/airflow/example_dags/example_sla_dag.py
[2023-05-14T06:00:20.612+0000] {logging_mixin.py:137} INFO - [2023-05-14T06:00:20.612+0000] {dag.py:2705} INFO - Sync 1 DAGs
[2023-05-14T06:00:20.635+0000] {logging_mixin.py:137} INFO - [2023-05-14T06:00:20.635+0000] {dag.py:3456} INFO - Setting next_dagrun for example_sla_dag to 2023-05-14T05:58:00+00:00, run_after=2023-05-14T06:00:00+00:00
[2023-05-14T06:00:20.646+0000] {processor.py:175} INFO - Processing /home/airflow/.local/lib/python3.7/site-packages/airflow/example_dags/example_sla_dag.py took 0.085 seconds
[2023-05-14T06:00:51.246+0000] {processor.py:153} INFO - Started process (PID=16164) to work on /home/airflow/.local/lib/python3.7/site-packages/airflow/example_dags/example_sla_dag.py
[2023-05-14T06:00:51.248+0000] {processor.py:743} INFO - Processing file /home/airflow/.local/lib/python3.7/site-packages/airflow/example_dags/example_sla_dag.py for tasks to queue
[2023-05-14T06:00:51.250+0000] {logging_mixin.py:137} INFO - [2023-05-14T06:00:51.250+0000] {dagbag.py:532} INFO - Filling up the DagBag from /home/airflow/.local/lib/python3.7/site-packages/airflow/example_dags/example_sla_dag.py
[2023-05-14T06:00:51.272+0000] {processor.py:753} INFO - DAG(s) dict_keys(['example_sla_dag']) retrieved from /home/airflow/.local/lib/python3.7/site-packages/airflow/example_dags/example_sla_dag.py
[2023-05-14T06:00:51.296+0000] {logging_mixin.py:137} INFO - [2023-05-14T06:00:51.296+0000] {dag.py:2705} INFO - Sync 1 DAGs
[2023-05-14T06:00:51.319+0000] {logging_mixin.py:137} INFO - [2023-05-14T06:00:51.319+0000] {dag.py:3456} INFO - Setting next_dagrun for example_sla_dag to 2023-05-14T05:58:00+00:00, run_after=2023-05-14T06:00:00+00:00
[2023-05-14T06:00:51.336+0000] {processor.py:175} INFO - Processing /home/airflow/.local/lib/python3.7/site-packages/airflow/example_dags/example_sla_dag.py took 0.093 seconds
[2023-05-14T06:01:22.177+0000] {processor.py:153} INFO - Started process (PID=16394) to work on /home/airflow/.local/lib/python3.7/site-packages/airflow/example_dags/example_sla_dag.py
[2023-05-14T06:01:22.180+0000] {processor.py:743} INFO - Processing file /home/airflow/.local/lib/python3.7/site-packages/airflow/example_dags/example_sla_dag.py for tasks to queue
[2023-05-14T06:01:22.182+0000] {logging_mixin.py:137} INFO - [2023-05-14T06:01:22.181+0000] {dagbag.py:532} INFO - Filling up the DagBag from /home/airflow/.local/lib/python3.7/site-packages/airflow/example_dags/example_sla_dag.py
[2023-05-14T06:01:22.203+0000] {processor.py:753} INFO - DAG(s) dict_keys(['example_sla_dag']) retrieved from /home/airflow/.local/lib/python3.7/site-packages/airflow/example_dags/example_sla_dag.py
[2023-05-14T06:01:22.229+0000] {logging_mixin.py:137} INFO - [2023-05-14T06:01:22.229+0000] {dag.py:2705} INFO - Sync 1 DAGs
[2023-05-14T06:01:22.258+0000] {logging_mixin.py:137} INFO - [2023-05-14T06:01:22.258+0000] {dag.py:3456} INFO - Setting next_dagrun for example_sla_dag to 2023-05-14T05:58:00+00:00, run_after=2023-05-14T06:00:00+00:00
[2023-05-14T06:01:22.270+0000] {processor.py:175} INFO - Processing /home/airflow/.local/lib/python3.7/site-packages/airflow/example_dags/example_sla_dag.py took 0.097 seconds
[2023-05-14T06:01:52.618+0000] {processor.py:153} INFO - Started process (PID=16618) to work on /home/airflow/.local/lib/python3.7/site-packages/airflow/example_dags/example_sla_dag.py
[2023-05-14T06:01:52.620+0000] {processor.py:743} INFO - Processing file /home/airflow/.local/lib/python3.7/site-packages/airflow/example_dags/example_sla_dag.py for tasks to queue
[2023-05-14T06:01:52.621+0000] {logging_mixin.py:137} INFO - [2023-05-14T06:01:52.621+0000] {dagbag.py:532} INFO - Filling up the DagBag from /home/airflow/.local/lib/python3.7/site-packages/airflow/example_dags/example_sla_dag.py
[2023-05-14T06:01:52.642+0000] {processor.py:753} INFO - DAG(s) dict_keys(['example_sla_dag']) retrieved from /home/airflow/.local/lib/python3.7/site-packages/airflow/example_dags/example_sla_dag.py
[2023-05-14T06:01:52.662+0000] {logging_mixin.py:137} INFO - [2023-05-14T06:01:52.662+0000] {dag.py:2705} INFO - Sync 1 DAGs
[2023-05-14T06:01:52.682+0000] {logging_mixin.py:137} INFO - [2023-05-14T06:01:52.682+0000] {dag.py:3456} INFO - Setting next_dagrun for example_sla_dag to 2023-05-14T05:58:00+00:00, run_after=2023-05-14T06:00:00+00:00
[2023-05-14T06:01:52.703+0000] {processor.py:175} INFO - Processing /home/airflow/.local/lib/python3.7/site-packages/airflow/example_dags/example_sla_dag.py took 0.088 seconds
[2023-05-14T06:02:22.995+0000] {processor.py:153} INFO - Started process (PID=16849) to work on /home/airflow/.local/lib/python3.7/site-packages/airflow/example_dags/example_sla_dag.py
[2023-05-14T06:02:22.997+0000] {processor.py:743} INFO - Processing file /home/airflow/.local/lib/python3.7/site-packages/airflow/example_dags/example_sla_dag.py for tasks to queue
[2023-05-14T06:02:22.998+0000] {logging_mixin.py:137} INFO - [2023-05-14T06:02:22.998+0000] {dagbag.py:532} INFO - Filling up the DagBag from /home/airflow/.local/lib/python3.7/site-packages/airflow/example_dags/example_sla_dag.py
[2023-05-14T06:02:23.027+0000] {processor.py:753} INFO - DAG(s) dict_keys(['example_sla_dag']) retrieved from /home/airflow/.local/lib/python3.7/site-packages/airflow/example_dags/example_sla_dag.py
[2023-05-14T06:02:23.050+0000] {logging_mixin.py:137} INFO - [2023-05-14T06:02:23.050+0000] {dag.py:2705} INFO - Sync 1 DAGs
[2023-05-14T06:02:23.070+0000] {logging_mixin.py:137} INFO - [2023-05-14T06:02:23.069+0000] {dag.py:3456} INFO - Setting next_dagrun for example_sla_dag to 2023-05-14T06:00:00+00:00, run_after=2023-05-14T06:02:00+00:00
[2023-05-14T06:02:23.083+0000] {processor.py:175} INFO - Processing /home/airflow/.local/lib/python3.7/site-packages/airflow/example_dags/example_sla_dag.py took 0.092 seconds
[2023-05-14T06:02:53.639+0000] {processor.py:153} INFO - Started process (PID=17075) to work on /home/airflow/.local/lib/python3.7/site-packages/airflow/example_dags/example_sla_dag.py
[2023-05-14T06:02:53.641+0000] {processor.py:743} INFO - Processing file /home/airflow/.local/lib/python3.7/site-packages/airflow/example_dags/example_sla_dag.py for tasks to queue
[2023-05-14T06:02:53.658+0000] {logging_mixin.py:137} INFO - [2023-05-14T06:02:53.658+0000] {dagbag.py:532} INFO - Filling up the DagBag from /home/airflow/.local/lib/python3.7/site-packages/airflow/example_dags/example_sla_dag.py
[2023-05-14T06:02:53.683+0000] {processor.py:753} INFO - DAG(s) dict_keys(['example_sla_dag']) retrieved from /home/airflow/.local/lib/python3.7/site-packages/airflow/example_dags/example_sla_dag.py
[2023-05-14T06:02:53.705+0000] {logging_mixin.py:137} INFO - [2023-05-14T06:02:53.705+0000] {dag.py:2705} INFO - Sync 1 DAGs
[2023-05-14T06:02:53.724+0000] {logging_mixin.py:137} INFO - [2023-05-14T06:02:53.724+0000] {dag.py:3456} INFO - Setting next_dagrun for example_sla_dag to 2023-05-14T06:00:00+00:00, run_after=2023-05-14T06:02:00+00:00
[2023-05-14T06:02:53.739+0000] {processor.py:175} INFO - Processing /home/airflow/.local/lib/python3.7/site-packages/airflow/example_dags/example_sla_dag.py took 0.106 seconds
[2023-05-14T06:03:24.092+0000] {processor.py:153} INFO - Started process (PID=17300) to work on /home/airflow/.local/lib/python3.7/site-packages/airflow/example_dags/example_sla_dag.py
[2023-05-14T06:03:24.095+0000] {processor.py:743} INFO - Processing file /home/airflow/.local/lib/python3.7/site-packages/airflow/example_dags/example_sla_dag.py for tasks to queue
[2023-05-14T06:03:24.096+0000] {logging_mixin.py:137} INFO - [2023-05-14T06:03:24.096+0000] {dagbag.py:532} INFO - Filling up the DagBag from /home/airflow/.local/lib/python3.7/site-packages/airflow/example_dags/example_sla_dag.py
[2023-05-14T06:03:24.117+0000] {processor.py:753} INFO - DAG(s) dict_keys(['example_sla_dag']) retrieved from /home/airflow/.local/lib/python3.7/site-packages/airflow/example_dags/example_sla_dag.py
[2023-05-14T06:03:24.138+0000] {logging_mixin.py:137} INFO - [2023-05-14T06:03:24.138+0000] {dag.py:2705} INFO - Sync 1 DAGs
[2023-05-14T06:03:24.157+0000] {logging_mixin.py:137} INFO - [2023-05-14T06:03:24.157+0000] {dag.py:3456} INFO - Setting next_dagrun for example_sla_dag to 2023-05-14T06:00:00+00:00, run_after=2023-05-14T06:02:00+00:00
[2023-05-14T06:03:24.168+0000] {processor.py:175} INFO - Processing /home/airflow/.local/lib/python3.7/site-packages/airflow/example_dags/example_sla_dag.py took 0.079 seconds
[2023-05-14T06:03:54.756+0000] {processor.py:153} INFO - Started process (PID=17523) to work on /home/airflow/.local/lib/python3.7/site-packages/airflow/example_dags/example_sla_dag.py
[2023-05-14T06:03:54.758+0000] {processor.py:743} INFO - Processing file /home/airflow/.local/lib/python3.7/site-packages/airflow/example_dags/example_sla_dag.py for tasks to queue
[2023-05-14T06:03:54.760+0000] {logging_mixin.py:137} INFO - [2023-05-14T06:03:54.760+0000] {dagbag.py:532} INFO - Filling up the DagBag from /home/airflow/.local/lib/python3.7/site-packages/airflow/example_dags/example_sla_dag.py
[2023-05-14T06:03:54.786+0000] {processor.py:753} INFO - DAG(s) dict_keys(['example_sla_dag']) retrieved from /home/airflow/.local/lib/python3.7/site-packages/airflow/example_dags/example_sla_dag.py
[2023-05-14T06:03:54.815+0000] {logging_mixin.py:137} INFO - [2023-05-14T06:03:54.814+0000] {dag.py:2705} INFO - Sync 1 DAGs
[2023-05-14T06:03:54.833+0000] {logging_mixin.py:137} INFO - [2023-05-14T06:03:54.833+0000] {dag.py:3456} INFO - Setting next_dagrun for example_sla_dag to 2023-05-14T06:00:00+00:00, run_after=2023-05-14T06:02:00+00:00
[2023-05-14T06:03:54.851+0000] {processor.py:175} INFO - Processing /home/airflow/.local/lib/python3.7/site-packages/airflow/example_dags/example_sla_dag.py took 0.097 seconds
[2023-05-14T06:04:25.194+0000] {processor.py:153} INFO - Started process (PID=17746) to work on /home/airflow/.local/lib/python3.7/site-packages/airflow/example_dags/example_sla_dag.py
[2023-05-14T06:04:25.196+0000] {processor.py:743} INFO - Processing file /home/airflow/.local/lib/python3.7/site-packages/airflow/example_dags/example_sla_dag.py for tasks to queue
[2023-05-14T06:04:25.197+0000] {logging_mixin.py:137} INFO - [2023-05-14T06:04:25.197+0000] {dagbag.py:532} INFO - Filling up the DagBag from /home/airflow/.local/lib/python3.7/site-packages/airflow/example_dags/example_sla_dag.py
[2023-05-14T06:04:25.219+0000] {processor.py:753} INFO - DAG(s) dict_keys(['example_sla_dag']) retrieved from /home/airflow/.local/lib/python3.7/site-packages/airflow/example_dags/example_sla_dag.py
[2023-05-14T06:04:25.247+0000] {logging_mixin.py:137} INFO - [2023-05-14T06:04:25.247+0000] {dag.py:2705} INFO - Sync 1 DAGs
[2023-05-14T06:04:25.270+0000] {logging_mixin.py:137} INFO - [2023-05-14T06:04:25.270+0000] {dag.py:3456} INFO - Setting next_dagrun for example_sla_dag to 2023-05-14T06:02:00+00:00, run_after=2023-05-14T06:04:00+00:00
[2023-05-14T06:04:25.302+0000] {processor.py:175} INFO - Processing /home/airflow/.local/lib/python3.7/site-packages/airflow/example_dags/example_sla_dag.py took 0.111 seconds
[2023-05-14T06:04:55.569+0000] {processor.py:153} INFO - Started process (PID=17972) to work on /home/airflow/.local/lib/python3.7/site-packages/airflow/example_dags/example_sla_dag.py
[2023-05-14T06:04:55.571+0000] {processor.py:743} INFO - Processing file /home/airflow/.local/lib/python3.7/site-packages/airflow/example_dags/example_sla_dag.py for tasks to queue
[2023-05-14T06:04:55.593+0000] {logging_mixin.py:137} INFO - [2023-05-14T06:04:55.592+0000] {dagbag.py:532} INFO - Filling up the DagBag from /home/airflow/.local/lib/python3.7/site-packages/airflow/example_dags/example_sla_dag.py
[2023-05-14T06:04:55.616+0000] {processor.py:753} INFO - DAG(s) dict_keys(['example_sla_dag']) retrieved from /home/airflow/.local/lib/python3.7/site-packages/airflow/example_dags/example_sla_dag.py
[2023-05-14T06:04:55.642+0000] {logging_mixin.py:137} INFO - [2023-05-14T06:04:55.642+0000] {dag.py:2705} INFO - Sync 1 DAGs
[2023-05-14T06:04:55.662+0000] {logging_mixin.py:137} INFO - [2023-05-14T06:04:55.662+0000] {dag.py:3456} INFO - Setting next_dagrun for example_sla_dag to 2023-05-14T06:02:00+00:00, run_after=2023-05-14T06:04:00+00:00
[2023-05-14T06:04:55.678+0000] {processor.py:175} INFO - Processing /home/airflow/.local/lib/python3.7/site-packages/airflow/example_dags/example_sla_dag.py took 0.112 seconds
[2023-05-14T06:05:25.899+0000] {processor.py:153} INFO - Started process (PID=18194) to work on /home/airflow/.local/lib/python3.7/site-packages/airflow/example_dags/example_sla_dag.py
[2023-05-14T06:05:25.901+0000] {processor.py:743} INFO - Processing file /home/airflow/.local/lib/python3.7/site-packages/airflow/example_dags/example_sla_dag.py for tasks to queue
[2023-05-14T06:05:25.902+0000] {logging_mixin.py:137} INFO - [2023-05-14T06:05:25.902+0000] {dagbag.py:532} INFO - Filling up the DagBag from /home/airflow/.local/lib/python3.7/site-packages/airflow/example_dags/example_sla_dag.py
[2023-05-14T06:05:25.923+0000] {processor.py:753} INFO - DAG(s) dict_keys(['example_sla_dag']) retrieved from /home/airflow/.local/lib/python3.7/site-packages/airflow/example_dags/example_sla_dag.py
[2023-05-14T06:05:25.948+0000] {logging_mixin.py:137} INFO - [2023-05-14T06:05:25.948+0000] {dag.py:2705} INFO - Sync 1 DAGs
[2023-05-14T06:05:25.968+0000] {logging_mixin.py:137} INFO - [2023-05-14T06:05:25.968+0000] {dag.py:3456} INFO - Setting next_dagrun for example_sla_dag to 2023-05-14T06:02:00+00:00, run_after=2023-05-14T06:04:00+00:00
[2023-05-14T06:05:25.982+0000] {processor.py:175} INFO - Processing /home/airflow/.local/lib/python3.7/site-packages/airflow/example_dags/example_sla_dag.py took 0.086 seconds
[2023-05-14T06:05:56.397+0000] {processor.py:153} INFO - Started process (PID=18418) to work on /home/airflow/.local/lib/python3.7/site-packages/airflow/example_dags/example_sla_dag.py
[2023-05-14T06:05:56.399+0000] {processor.py:743} INFO - Processing file /home/airflow/.local/lib/python3.7/site-packages/airflow/example_dags/example_sla_dag.py for tasks to queue
[2023-05-14T06:05:56.400+0000] {logging_mixin.py:137} INFO - [2023-05-14T06:05:56.400+0000] {dagbag.py:532} INFO - Filling up the DagBag from /home/airflow/.local/lib/python3.7/site-packages/airflow/example_dags/example_sla_dag.py
[2023-05-14T06:05:56.426+0000] {processor.py:753} INFO - DAG(s) dict_keys(['example_sla_dag']) retrieved from /home/airflow/.local/lib/python3.7/site-packages/airflow/example_dags/example_sla_dag.py
[2023-05-14T06:05:56.465+0000] {logging_mixin.py:137} INFO - [2023-05-14T06:05:56.465+0000] {dag.py:2705} INFO - Sync 1 DAGs
[2023-05-14T06:05:56.487+0000] {logging_mixin.py:137} INFO - [2023-05-14T06:05:56.487+0000] {dag.py:3456} INFO - Setting next_dagrun for example_sla_dag to 2023-05-14T06:02:00+00:00, run_after=2023-05-14T06:04:00+00:00
[2023-05-14T06:05:56.501+0000] {processor.py:175} INFO - Processing /home/airflow/.local/lib/python3.7/site-packages/airflow/example_dags/example_sla_dag.py took 0.108 seconds
[2023-05-14T06:06:27.043+0000] {processor.py:153} INFO - Started process (PID=18643) to work on /home/airflow/.local/lib/python3.7/site-packages/airflow/example_dags/example_sla_dag.py
[2023-05-14T06:06:27.044+0000] {processor.py:743} INFO - Processing file /home/airflow/.local/lib/python3.7/site-packages/airflow/example_dags/example_sla_dag.py for tasks to queue
[2023-05-14T06:06:27.049+0000] {logging_mixin.py:137} INFO - [2023-05-14T06:06:27.049+0000] {dagbag.py:532} INFO - Filling up the DagBag from /home/airflow/.local/lib/python3.7/site-packages/airflow/example_dags/example_sla_dag.py
[2023-05-14T06:06:27.071+0000] {processor.py:753} INFO - DAG(s) dict_keys(['example_sla_dag']) retrieved from /home/airflow/.local/lib/python3.7/site-packages/airflow/example_dags/example_sla_dag.py
[2023-05-14T06:06:27.094+0000] {logging_mixin.py:137} INFO - [2023-05-14T06:06:27.094+0000] {dag.py:2705} INFO - Sync 1 DAGs
[2023-05-14T06:06:27.115+0000] {logging_mixin.py:137} INFO - [2023-05-14T06:06:27.115+0000] {dag.py:3456} INFO - Setting next_dagrun for example_sla_dag to 2023-05-14T06:04:00+00:00, run_after=2023-05-14T06:06:00+00:00
[2023-05-14T06:06:27.129+0000] {processor.py:175} INFO - Processing /home/airflow/.local/lib/python3.7/site-packages/airflow/example_dags/example_sla_dag.py took 0.089 seconds
[2023-05-14T06:06:57.577+0000] {processor.py:153} INFO - Started process (PID=18867) to work on /home/airflow/.local/lib/python3.7/site-packages/airflow/example_dags/example_sla_dag.py
[2023-05-14T06:06:57.579+0000] {processor.py:743} INFO - Processing file /home/airflow/.local/lib/python3.7/site-packages/airflow/example_dags/example_sla_dag.py for tasks to queue
[2023-05-14T06:06:57.580+0000] {logging_mixin.py:137} INFO - [2023-05-14T06:06:57.580+0000] {dagbag.py:532} INFO - Filling up the DagBag from /home/airflow/.local/lib/python3.7/site-packages/airflow/example_dags/example_sla_dag.py
[2023-05-14T06:06:57.605+0000] {processor.py:753} INFO - DAG(s) dict_keys(['example_sla_dag']) retrieved from /home/airflow/.local/lib/python3.7/site-packages/airflow/example_dags/example_sla_dag.py
[2023-05-14T06:06:57.627+0000] {logging_mixin.py:137} INFO - [2023-05-14T06:06:57.627+0000] {dag.py:2705} INFO - Sync 1 DAGs
[2023-05-14T06:06:57.683+0000] {logging_mixin.py:137} INFO - [2023-05-14T06:06:57.683+0000] {dag.py:3456} INFO - Setting next_dagrun for example_sla_dag to 2023-05-14T06:04:00+00:00, run_after=2023-05-14T06:06:00+00:00
[2023-05-14T06:06:57.699+0000] {processor.py:175} INFO - Processing /home/airflow/.local/lib/python3.7/site-packages/airflow/example_dags/example_sla_dag.py took 0.125 seconds
[2023-05-14T06:07:28.249+0000] {processor.py:153} INFO - Started process (PID=19097) to work on /home/airflow/.local/lib/python3.7/site-packages/airflow/example_dags/example_sla_dag.py
[2023-05-14T06:07:28.251+0000] {processor.py:743} INFO - Processing file /home/airflow/.local/lib/python3.7/site-packages/airflow/example_dags/example_sla_dag.py for tasks to queue
[2023-05-14T06:07:28.252+0000] {logging_mixin.py:137} INFO - [2023-05-14T06:07:28.252+0000] {dagbag.py:532} INFO - Filling up the DagBag from /home/airflow/.local/lib/python3.7/site-packages/airflow/example_dags/example_sla_dag.py
[2023-05-14T06:07:28.273+0000] {processor.py:753} INFO - DAG(s) dict_keys(['example_sla_dag']) retrieved from /home/airflow/.local/lib/python3.7/site-packages/airflow/example_dags/example_sla_dag.py
[2023-05-14T06:07:28.296+0000] {logging_mixin.py:137} INFO - [2023-05-14T06:07:28.295+0000] {dag.py:2705} INFO - Sync 1 DAGs
[2023-05-14T06:07:28.315+0000] {logging_mixin.py:137} INFO - [2023-05-14T06:07:28.315+0000] {dag.py:3456} INFO - Setting next_dagrun for example_sla_dag to 2023-05-14T06:04:00+00:00, run_after=2023-05-14T06:06:00+00:00
[2023-05-14T06:07:28.329+0000] {processor.py:175} INFO - Processing /home/airflow/.local/lib/python3.7/site-packages/airflow/example_dags/example_sla_dag.py took 0.083 seconds
