[2023-05-14T00:21:05.961+0000] {processor.py:153} INFO - Started process (PID=2848) to work on /home/airflow/.local/lib/python3.7/site-packages/airflow/example_dags/example_task_group.py
[2023-05-14T00:21:05.967+0000] {processor.py:743} INFO - Processing file /home/airflow/.local/lib/python3.7/site-packages/airflow/example_dags/example_task_group.py for tasks to queue
[2023-05-14T00:21:05.970+0000] {logging_mixin.py:137} INFO - [2023-05-14T00:21:05.970+0000] {dagbag.py:532} INFO - Filling up the DagBag from /home/airflow/.local/lib/python3.7/site-packages/airflow/example_dags/example_task_group.py
[2023-05-14T00:21:06.032+0000] {processor.py:753} INFO - DAG(s) dict_keys(['example_task_group']) retrieved from /home/airflow/.local/lib/python3.7/site-packages/airflow/example_dags/example_task_group.py
[2023-05-14T00:21:06.126+0000] {logging_mixin.py:137} INFO - [2023-05-14T00:21:06.125+0000] {dag.py:2705} INFO - Sync 1 DAGs
[2023-05-14T00:21:06.186+0000] {logging_mixin.py:137} INFO - [2023-05-14T00:21:06.186+0000] {dag.py:3456} INFO - Setting next_dagrun for example_task_group to 2023-05-13T00:21:06.186109+00:00, run_after=2023-05-14T00:21:06.186109+00:00
[2023-05-14T00:21:06.218+0000] {processor.py:175} INFO - Processing /home/airflow/.local/lib/python3.7/site-packages/airflow/example_dags/example_task_group.py took 0.269 seconds
[2023-05-14T01:15:57.778+0000] {processor.py:153} INFO - Started process (PID=3072) to work on /home/airflow/.local/lib/python3.7/site-packages/airflow/example_dags/example_task_group.py
[2023-05-14T01:15:57.780+0000] {processor.py:743} INFO - Processing file /home/airflow/.local/lib/python3.7/site-packages/airflow/example_dags/example_task_group.py for tasks to queue
[2023-05-14T01:15:57.798+0000] {logging_mixin.py:137} INFO - [2023-05-14T01:15:57.798+0000] {dagbag.py:532} INFO - Filling up the DagBag from /home/airflow/.local/lib/python3.7/site-packages/airflow/example_dags/example_task_group.py
[2023-05-14T01:15:57.814+0000] {processor.py:753} INFO - DAG(s) dict_keys(['example_task_group']) retrieved from /home/airflow/.local/lib/python3.7/site-packages/airflow/example_dags/example_task_group.py
[2023-05-14T01:15:57.840+0000] {logging_mixin.py:137} INFO - [2023-05-14T01:15:57.840+0000] {dag.py:2705} INFO - Sync 1 DAGs
[2023-05-14T01:15:57.861+0000] {logging_mixin.py:137} INFO - [2023-05-14T01:15:57.861+0000] {dag.py:3456} INFO - Setting next_dagrun for example_task_group to 2023-05-13T01:15:57.861045+00:00, run_after=2023-05-14T01:15:57.861045+00:00
[2023-05-14T01:15:57.880+0000] {processor.py:175} INFO - Processing /home/airflow/.local/lib/python3.7/site-packages/airflow/example_dags/example_task_group.py took 0.106 seconds
[2023-05-14T02:15:37.355+0000] {processor.py:153} INFO - Started process (PID=3295) to work on /home/airflow/.local/lib/python3.7/site-packages/airflow/example_dags/example_task_group.py
[2023-05-14T02:15:37.358+0000] {processor.py:743} INFO - Processing file /home/airflow/.local/lib/python3.7/site-packages/airflow/example_dags/example_task_group.py for tasks to queue
[2023-05-14T02:15:37.360+0000] {logging_mixin.py:137} INFO - [2023-05-14T02:15:37.360+0000] {dagbag.py:532} INFO - Filling up the DagBag from /home/airflow/.local/lib/python3.7/site-packages/airflow/example_dags/example_task_group.py
[2023-05-14T02:15:37.376+0000] {processor.py:753} INFO - DAG(s) dict_keys(['example_task_group']) retrieved from /home/airflow/.local/lib/python3.7/site-packages/airflow/example_dags/example_task_group.py
[2023-05-14T02:15:37.402+0000] {logging_mixin.py:137} INFO - [2023-05-14T02:15:37.401+0000] {dag.py:2705} INFO - Sync 1 DAGs
[2023-05-14T02:15:37.422+0000] {logging_mixin.py:137} INFO - [2023-05-14T02:15:37.422+0000] {dag.py:3456} INFO - Setting next_dagrun for example_task_group to 2023-05-13T02:15:37.421856+00:00, run_after=2023-05-14T02:15:37.421856+00:00
[2023-05-14T02:15:37.435+0000] {processor.py:175} INFO - Processing /home/airflow/.local/lib/python3.7/site-packages/airflow/example_dags/example_task_group.py took 0.083 seconds
[2023-05-14T02:41:27.842+0000] {processor.py:153} INFO - Started process (PID=3518) to work on /home/airflow/.local/lib/python3.7/site-packages/airflow/example_dags/example_task_group.py
[2023-05-14T02:41:27.844+0000] {processor.py:743} INFO - Processing file /home/airflow/.local/lib/python3.7/site-packages/airflow/example_dags/example_task_group.py for tasks to queue
[2023-05-14T02:41:27.845+0000] {logging_mixin.py:137} INFO - [2023-05-14T02:41:27.845+0000] {dagbag.py:532} INFO - Filling up the DagBag from /home/airflow/.local/lib/python3.7/site-packages/airflow/example_dags/example_task_group.py
[2023-05-14T02:41:27.862+0000] {processor.py:753} INFO - DAG(s) dict_keys(['example_task_group']) retrieved from /home/airflow/.local/lib/python3.7/site-packages/airflow/example_dags/example_task_group.py
[2023-05-14T02:41:27.884+0000] {logging_mixin.py:137} INFO - [2023-05-14T02:41:27.884+0000] {dag.py:2705} INFO - Sync 1 DAGs
[2023-05-14T02:41:27.903+0000] {logging_mixin.py:137} INFO - [2023-05-14T02:41:27.903+0000] {dag.py:3456} INFO - Setting next_dagrun for example_task_group to 2023-05-13T02:41:27.903392+00:00, run_after=2023-05-14T02:41:27.903392+00:00
[2023-05-14T02:41:27.917+0000] {processor.py:175} INFO - Processing /home/airflow/.local/lib/python3.7/site-packages/airflow/example_dags/example_task_group.py took 0.078 seconds
[2023-05-14T02:54:55.928+0000] {processor.py:153} INFO - Started process (PID=3741) to work on /home/airflow/.local/lib/python3.7/site-packages/airflow/example_dags/example_task_group.py
[2023-05-14T02:54:55.931+0000] {processor.py:743} INFO - Processing file /home/airflow/.local/lib/python3.7/site-packages/airflow/example_dags/example_task_group.py for tasks to queue
[2023-05-14T02:54:55.933+0000] {logging_mixin.py:137} INFO - [2023-05-14T02:54:55.933+0000] {dagbag.py:532} INFO - Filling up the DagBag from /home/airflow/.local/lib/python3.7/site-packages/airflow/example_dags/example_task_group.py
[2023-05-14T02:54:55.948+0000] {processor.py:753} INFO - DAG(s) dict_keys(['example_task_group']) retrieved from /home/airflow/.local/lib/python3.7/site-packages/airflow/example_dags/example_task_group.py
[2023-05-14T02:54:55.972+0000] {logging_mixin.py:137} INFO - [2023-05-14T02:54:55.972+0000] {dag.py:2705} INFO - Sync 1 DAGs
[2023-05-14T02:54:55.996+0000] {logging_mixin.py:137} INFO - [2023-05-14T02:54:55.996+0000] {dag.py:3456} INFO - Setting next_dagrun for example_task_group to 2023-05-13T02:54:55.996564+00:00, run_after=2023-05-14T02:54:55.996564+00:00
[2023-05-14T02:54:56.015+0000] {processor.py:175} INFO - Processing /home/airflow/.local/lib/python3.7/site-packages/airflow/example_dags/example_task_group.py took 0.091 seconds
[2023-05-14T02:59:00.879+0000] {processor.py:153} INFO - Started process (PID=3966) to work on /home/airflow/.local/lib/python3.7/site-packages/airflow/example_dags/example_task_group.py
[2023-05-14T02:59:00.880+0000] {processor.py:743} INFO - Processing file /home/airflow/.local/lib/python3.7/site-packages/airflow/example_dags/example_task_group.py for tasks to queue
[2023-05-14T02:59:00.882+0000] {logging_mixin.py:137} INFO - [2023-05-14T02:59:00.882+0000] {dagbag.py:532} INFO - Filling up the DagBag from /home/airflow/.local/lib/python3.7/site-packages/airflow/example_dags/example_task_group.py
[2023-05-14T02:59:00.894+0000] {processor.py:753} INFO - DAG(s) dict_keys(['example_task_group']) retrieved from /home/airflow/.local/lib/python3.7/site-packages/airflow/example_dags/example_task_group.py
[2023-05-14T02:59:00.924+0000] {logging_mixin.py:137} INFO - [2023-05-14T02:59:00.924+0000] {dag.py:2705} INFO - Sync 1 DAGs
[2023-05-14T02:59:00.952+0000] {logging_mixin.py:137} INFO - [2023-05-14T02:59:00.952+0000] {dag.py:3456} INFO - Setting next_dagrun for example_task_group to 2023-05-13T02:59:00.951852+00:00, run_after=2023-05-14T02:59:00.951852+00:00
[2023-05-14T02:59:00.966+0000] {processor.py:175} INFO - Processing /home/airflow/.local/lib/python3.7/site-packages/airflow/example_dags/example_task_group.py took 0.090 seconds
[2023-05-14T02:59:31.946+0000] {processor.py:153} INFO - Started process (PID=4188) to work on /home/airflow/.local/lib/python3.7/site-packages/airflow/example_dags/example_task_group.py
[2023-05-14T02:59:31.953+0000] {processor.py:743} INFO - Processing file /home/airflow/.local/lib/python3.7/site-packages/airflow/example_dags/example_task_group.py for tasks to queue
[2023-05-14T02:59:31.955+0000] {logging_mixin.py:137} INFO - [2023-05-14T02:59:31.955+0000] {dagbag.py:532} INFO - Filling up the DagBag from /home/airflow/.local/lib/python3.7/site-packages/airflow/example_dags/example_task_group.py
[2023-05-14T02:59:31.968+0000] {processor.py:753} INFO - DAG(s) dict_keys(['example_task_group']) retrieved from /home/airflow/.local/lib/python3.7/site-packages/airflow/example_dags/example_task_group.py
[2023-05-14T02:59:31.992+0000] {logging_mixin.py:137} INFO - [2023-05-14T02:59:31.992+0000] {dag.py:2705} INFO - Sync 1 DAGs
[2023-05-14T02:59:32.010+0000] {logging_mixin.py:137} INFO - [2023-05-14T02:59:32.010+0000] {dag.py:3456} INFO - Setting next_dagrun for example_task_group to 2023-05-13T02:59:32.010500+00:00, run_after=2023-05-14T02:59:32.010500+00:00
[2023-05-14T02:59:32.023+0000] {processor.py:175} INFO - Processing /home/airflow/.local/lib/python3.7/site-packages/airflow/example_dags/example_task_group.py took 0.080 seconds
[2023-05-14T03:16:07.039+0000] {processor.py:153} INFO - Started process (PID=4411) to work on /home/airflow/.local/lib/python3.7/site-packages/airflow/example_dags/example_task_group.py
[2023-05-14T03:16:07.043+0000] {processor.py:743} INFO - Processing file /home/airflow/.local/lib/python3.7/site-packages/airflow/example_dags/example_task_group.py for tasks to queue
[2023-05-14T03:16:07.048+0000] {logging_mixin.py:137} INFO - [2023-05-14T03:16:07.048+0000] {dagbag.py:532} INFO - Filling up the DagBag from /home/airflow/.local/lib/python3.7/site-packages/airflow/example_dags/example_task_group.py
[2023-05-14T03:16:07.086+0000] {processor.py:753} INFO - DAG(s) dict_keys(['example_task_group']) retrieved from /home/airflow/.local/lib/python3.7/site-packages/airflow/example_dags/example_task_group.py
[2023-05-14T03:16:07.135+0000] {logging_mixin.py:137} INFO - [2023-05-14T03:16:07.135+0000] {dag.py:2705} INFO - Sync 1 DAGs
[2023-05-14T03:16:07.172+0000] {logging_mixin.py:137} INFO - [2023-05-14T03:16:07.172+0000] {dag.py:3456} INFO - Setting next_dagrun for example_task_group to 2023-05-13T03:16:07.171275+00:00, run_after=2023-05-14T03:16:07.171275+00:00
[2023-05-14T03:16:07.213+0000] {processor.py:175} INFO - Processing /home/airflow/.local/lib/python3.7/site-packages/airflow/example_dags/example_task_group.py took 0.184 seconds
[2023-05-14T04:20:56.751+0000] {processor.py:153} INFO - Started process (PID=4634) to work on /home/airflow/.local/lib/python3.7/site-packages/airflow/example_dags/example_task_group.py
[2023-05-14T04:20:56.753+0000] {processor.py:743} INFO - Processing file /home/airflow/.local/lib/python3.7/site-packages/airflow/example_dags/example_task_group.py for tasks to queue
[2023-05-14T04:20:56.754+0000] {logging_mixin.py:137} INFO - [2023-05-14T04:20:56.754+0000] {dagbag.py:532} INFO - Filling up the DagBag from /home/airflow/.local/lib/python3.7/site-packages/airflow/example_dags/example_task_group.py
[2023-05-14T04:20:56.767+0000] {processor.py:753} INFO - DAG(s) dict_keys(['example_task_group']) retrieved from /home/airflow/.local/lib/python3.7/site-packages/airflow/example_dags/example_task_group.py
[2023-05-14T04:20:56.790+0000] {logging_mixin.py:137} INFO - [2023-05-14T04:20:56.790+0000] {dag.py:2705} INFO - Sync 1 DAGs
[2023-05-14T04:20:56.813+0000] {logging_mixin.py:137} INFO - [2023-05-14T04:20:56.813+0000] {dag.py:3456} INFO - Setting next_dagrun for example_task_group to 2023-05-13T04:20:56.813366+00:00, run_after=2023-05-14T04:20:56.813366+00:00
[2023-05-14T04:20:56.830+0000] {processor.py:175} INFO - Processing /home/airflow/.local/lib/python3.7/site-packages/airflow/example_dags/example_task_group.py took 0.081 seconds
[2023-05-14T05:35:30.853+0000] {processor.py:153} INFO - Started process (PID=4857) to work on /home/airflow/.local/lib/python3.7/site-packages/airflow/example_dags/example_task_group.py
[2023-05-14T05:35:30.857+0000] {processor.py:743} INFO - Processing file /home/airflow/.local/lib/python3.7/site-packages/airflow/example_dags/example_task_group.py for tasks to queue
[2023-05-14T05:35:30.859+0000] {logging_mixin.py:137} INFO - [2023-05-14T05:35:30.859+0000] {dagbag.py:532} INFO - Filling up the DagBag from /home/airflow/.local/lib/python3.7/site-packages/airflow/example_dags/example_task_group.py
[2023-05-14T05:35:30.874+0000] {processor.py:753} INFO - DAG(s) dict_keys(['example_task_group']) retrieved from /home/airflow/.local/lib/python3.7/site-packages/airflow/example_dags/example_task_group.py
[2023-05-14T05:35:30.903+0000] {logging_mixin.py:137} INFO - [2023-05-14T05:35:30.902+0000] {dag.py:2705} INFO - Sync 1 DAGs
[2023-05-14T05:35:30.936+0000] {logging_mixin.py:137} INFO - [2023-05-14T05:35:30.936+0000] {dag.py:3456} INFO - Setting next_dagrun for example_task_group to 2023-05-13T05:35:30.935949+00:00, run_after=2023-05-14T05:35:30.935949+00:00
[2023-05-14T05:35:30.952+0000] {processor.py:175} INFO - Processing /home/airflow/.local/lib/python3.7/site-packages/airflow/example_dags/example_task_group.py took 0.102 seconds
[2023-05-14T05:36:01.017+0000] {processor.py:153} INFO - Started process (PID=5080) to work on /home/airflow/.local/lib/python3.7/site-packages/airflow/example_dags/example_task_group.py
[2023-05-14T05:36:01.019+0000] {processor.py:743} INFO - Processing file /home/airflow/.local/lib/python3.7/site-packages/airflow/example_dags/example_task_group.py for tasks to queue
[2023-05-14T05:36:01.020+0000] {logging_mixin.py:137} INFO - [2023-05-14T05:36:01.020+0000] {dagbag.py:532} INFO - Filling up the DagBag from /home/airflow/.local/lib/python3.7/site-packages/airflow/example_dags/example_task_group.py
[2023-05-14T05:36:01.032+0000] {processor.py:753} INFO - DAG(s) dict_keys(['example_task_group']) retrieved from /home/airflow/.local/lib/python3.7/site-packages/airflow/example_dags/example_task_group.py
[2023-05-14T05:36:01.054+0000] {logging_mixin.py:137} INFO - [2023-05-14T05:36:01.054+0000] {dag.py:2705} INFO - Sync 1 DAGs
[2023-05-14T05:36:01.072+0000] {logging_mixin.py:137} INFO - [2023-05-14T05:36:01.072+0000] {dag.py:3456} INFO - Setting next_dagrun for example_task_group to 2023-05-13T05:36:01.072208+00:00, run_after=2023-05-14T05:36:01.072208+00:00
[2023-05-14T05:36:01.084+0000] {processor.py:175} INFO - Processing /home/airflow/.local/lib/python3.7/site-packages/airflow/example_dags/example_task_group.py took 0.070 seconds
[2023-05-14T05:36:31.167+0000] {processor.py:153} INFO - Started process (PID=5304) to work on /home/airflow/.local/lib/python3.7/site-packages/airflow/example_dags/example_task_group.py
[2023-05-14T05:36:31.168+0000] {processor.py:743} INFO - Processing file /home/airflow/.local/lib/python3.7/site-packages/airflow/example_dags/example_task_group.py for tasks to queue
[2023-05-14T05:36:31.170+0000] {logging_mixin.py:137} INFO - [2023-05-14T05:36:31.170+0000] {dagbag.py:532} INFO - Filling up the DagBag from /home/airflow/.local/lib/python3.7/site-packages/airflow/example_dags/example_task_group.py
[2023-05-14T05:36:31.182+0000] {processor.py:753} INFO - DAG(s) dict_keys(['example_task_group']) retrieved from /home/airflow/.local/lib/python3.7/site-packages/airflow/example_dags/example_task_group.py
[2023-05-14T05:36:31.232+0000] {logging_mixin.py:137} INFO - [2023-05-14T05:36:31.232+0000] {dag.py:2705} INFO - Sync 1 DAGs
[2023-05-14T05:36:31.274+0000] {logging_mixin.py:137} INFO - [2023-05-14T05:36:31.273+0000] {dag.py:3456} INFO - Setting next_dagrun for example_task_group to 2023-05-13T05:36:31.273642+00:00, run_after=2023-05-14T05:36:31.273642+00:00
[2023-05-14T05:36:31.299+0000] {processor.py:175} INFO - Processing /home/airflow/.local/lib/python3.7/site-packages/airflow/example_dags/example_task_group.py took 0.135 seconds
[2023-05-14T05:37:02.096+0000] {processor.py:153} INFO - Started process (PID=5527) to work on /home/airflow/.local/lib/python3.7/site-packages/airflow/example_dags/example_task_group.py
[2023-05-14T05:37:02.098+0000] {processor.py:743} INFO - Processing file /home/airflow/.local/lib/python3.7/site-packages/airflow/example_dags/example_task_group.py for tasks to queue
[2023-05-14T05:37:02.099+0000] {logging_mixin.py:137} INFO - [2023-05-14T05:37:02.099+0000] {dagbag.py:532} INFO - Filling up the DagBag from /home/airflow/.local/lib/python3.7/site-packages/airflow/example_dags/example_task_group.py
[2023-05-14T05:37:02.115+0000] {processor.py:753} INFO - DAG(s) dict_keys(['example_task_group']) retrieved from /home/airflow/.local/lib/python3.7/site-packages/airflow/example_dags/example_task_group.py
[2023-05-14T05:37:02.140+0000] {logging_mixin.py:137} INFO - [2023-05-14T05:37:02.140+0000] {dag.py:2705} INFO - Sync 1 DAGs
[2023-05-14T05:37:02.159+0000] {logging_mixin.py:137} INFO - [2023-05-14T05:37:02.159+0000] {dag.py:3456} INFO - Setting next_dagrun for example_task_group to 2023-05-13T05:37:02.159278+00:00, run_after=2023-05-14T05:37:02.159278+00:00
[2023-05-14T05:37:02.171+0000] {processor.py:175} INFO - Processing /home/airflow/.local/lib/python3.7/site-packages/airflow/example_dags/example_task_group.py took 0.078 seconds
[2023-05-14T05:37:32.605+0000] {processor.py:153} INFO - Started process (PID=5755) to work on /home/airflow/.local/lib/python3.7/site-packages/airflow/example_dags/example_task_group.py
[2023-05-14T05:37:32.608+0000] {processor.py:743} INFO - Processing file /home/airflow/.local/lib/python3.7/site-packages/airflow/example_dags/example_task_group.py for tasks to queue
[2023-05-14T05:37:32.610+0000] {logging_mixin.py:137} INFO - [2023-05-14T05:37:32.610+0000] {dagbag.py:532} INFO - Filling up the DagBag from /home/airflow/.local/lib/python3.7/site-packages/airflow/example_dags/example_task_group.py
[2023-05-14T05:37:32.629+0000] {processor.py:753} INFO - DAG(s) dict_keys(['example_task_group']) retrieved from /home/airflow/.local/lib/python3.7/site-packages/airflow/example_dags/example_task_group.py
[2023-05-14T05:37:32.676+0000] {logging_mixin.py:137} INFO - [2023-05-14T05:37:32.676+0000] {dag.py:2705} INFO - Sync 1 DAGs
[2023-05-14T05:37:32.703+0000] {logging_mixin.py:137} INFO - [2023-05-14T05:37:32.702+0000] {dag.py:3456} INFO - Setting next_dagrun for example_task_group to 2023-05-13T05:37:32.702705+00:00, run_after=2023-05-14T05:37:32.702705+00:00
[2023-05-14T05:37:32.717+0000] {processor.py:175} INFO - Processing /home/airflow/.local/lib/python3.7/site-packages/airflow/example_dags/example_task_group.py took 0.116 seconds
[2023-05-14T05:38:03.397+0000] {processor.py:153} INFO - Started process (PID=5979) to work on /home/airflow/.local/lib/python3.7/site-packages/airflow/example_dags/example_task_group.py
[2023-05-14T05:38:03.402+0000] {processor.py:743} INFO - Processing file /home/airflow/.local/lib/python3.7/site-packages/airflow/example_dags/example_task_group.py for tasks to queue
[2023-05-14T05:38:03.407+0000] {logging_mixin.py:137} INFO - [2023-05-14T05:38:03.406+0000] {dagbag.py:532} INFO - Filling up the DagBag from /home/airflow/.local/lib/python3.7/site-packages/airflow/example_dags/example_task_group.py
[2023-05-14T05:38:03.440+0000] {processor.py:753} INFO - DAG(s) dict_keys(['example_task_group']) retrieved from /home/airflow/.local/lib/python3.7/site-packages/airflow/example_dags/example_task_group.py
[2023-05-14T05:38:03.466+0000] {logging_mixin.py:137} INFO - [2023-05-14T05:38:03.466+0000] {dag.py:2705} INFO - Sync 1 DAGs
[2023-05-14T05:38:03.485+0000] {logging_mixin.py:137} INFO - [2023-05-14T05:38:03.485+0000] {dag.py:3456} INFO - Setting next_dagrun for example_task_group to 2023-05-13T05:38:03.485373+00:00, run_after=2023-05-14T05:38:03.485373+00:00
[2023-05-14T05:38:03.500+0000] {processor.py:175} INFO - Processing /home/airflow/.local/lib/python3.7/site-packages/airflow/example_dags/example_task_group.py took 0.112 seconds
[2023-05-14T05:38:33.743+0000] {processor.py:153} INFO - Started process (PID=6208) to work on /home/airflow/.local/lib/python3.7/site-packages/airflow/example_dags/example_task_group.py
[2023-05-14T05:38:33.745+0000] {processor.py:743} INFO - Processing file /home/airflow/.local/lib/python3.7/site-packages/airflow/example_dags/example_task_group.py for tasks to queue
[2023-05-14T05:38:33.746+0000] {logging_mixin.py:137} INFO - [2023-05-14T05:38:33.746+0000] {dagbag.py:532} INFO - Filling up the DagBag from /home/airflow/.local/lib/python3.7/site-packages/airflow/example_dags/example_task_group.py
[2023-05-14T05:38:33.758+0000] {processor.py:753} INFO - DAG(s) dict_keys(['example_task_group']) retrieved from /home/airflow/.local/lib/python3.7/site-packages/airflow/example_dags/example_task_group.py
[2023-05-14T05:38:33.780+0000] {logging_mixin.py:137} INFO - [2023-05-14T05:38:33.780+0000] {dag.py:2705} INFO - Sync 1 DAGs
[2023-05-14T05:38:33.799+0000] {logging_mixin.py:137} INFO - [2023-05-14T05:38:33.799+0000] {dag.py:3456} INFO - Setting next_dagrun for example_task_group to 2023-05-13T05:38:33.799272+00:00, run_after=2023-05-14T05:38:33.799272+00:00
[2023-05-14T05:38:33.814+0000] {processor.py:175} INFO - Processing /home/airflow/.local/lib/python3.7/site-packages/airflow/example_dags/example_task_group.py took 0.074 seconds
[2023-05-14T05:39:04.380+0000] {processor.py:153} INFO - Started process (PID=6438) to work on /home/airflow/.local/lib/python3.7/site-packages/airflow/example_dags/example_task_group.py
[2023-05-14T05:39:04.381+0000] {processor.py:743} INFO - Processing file /home/airflow/.local/lib/python3.7/site-packages/airflow/example_dags/example_task_group.py for tasks to queue
[2023-05-14T05:39:04.383+0000] {logging_mixin.py:137} INFO - [2023-05-14T05:39:04.383+0000] {dagbag.py:532} INFO - Filling up the DagBag from /home/airflow/.local/lib/python3.7/site-packages/airflow/example_dags/example_task_group.py
[2023-05-14T05:39:04.396+0000] {processor.py:753} INFO - DAG(s) dict_keys(['example_task_group']) retrieved from /home/airflow/.local/lib/python3.7/site-packages/airflow/example_dags/example_task_group.py
[2023-05-14T05:39:04.420+0000] {logging_mixin.py:137} INFO - [2023-05-14T05:39:04.419+0000] {dag.py:2705} INFO - Sync 1 DAGs
[2023-05-14T05:39:04.438+0000] {logging_mixin.py:137} INFO - [2023-05-14T05:39:04.438+0000] {dag.py:3456} INFO - Setting next_dagrun for example_task_group to 2023-05-13T05:39:04.437873+00:00, run_after=2023-05-14T05:39:04.437873+00:00
[2023-05-14T05:39:04.450+0000] {processor.py:175} INFO - Processing /home/airflow/.local/lib/python3.7/site-packages/airflow/example_dags/example_task_group.py took 0.073 seconds
[2023-05-14T05:39:34.965+0000] {processor.py:153} INFO - Started process (PID=6668) to work on /home/airflow/.local/lib/python3.7/site-packages/airflow/example_dags/example_task_group.py
[2023-05-14T05:39:34.967+0000] {processor.py:743} INFO - Processing file /home/airflow/.local/lib/python3.7/site-packages/airflow/example_dags/example_task_group.py for tasks to queue
[2023-05-14T05:39:34.969+0000] {logging_mixin.py:137} INFO - [2023-05-14T05:39:34.969+0000] {dagbag.py:532} INFO - Filling up the DagBag from /home/airflow/.local/lib/python3.7/site-packages/airflow/example_dags/example_task_group.py
[2023-05-14T05:39:34.984+0000] {processor.py:753} INFO - DAG(s) dict_keys(['example_task_group']) retrieved from /home/airflow/.local/lib/python3.7/site-packages/airflow/example_dags/example_task_group.py
[2023-05-14T05:39:35.012+0000] {logging_mixin.py:137} INFO - [2023-05-14T05:39:35.012+0000] {dag.py:2705} INFO - Sync 1 DAGs
[2023-05-14T05:39:35.038+0000] {logging_mixin.py:137} INFO - [2023-05-14T05:39:35.038+0000] {dag.py:3456} INFO - Setting next_dagrun for example_task_group to 2023-05-13T05:39:35.037815+00:00, run_after=2023-05-14T05:39:35.037815+00:00
[2023-05-14T05:39:35.058+0000] {processor.py:175} INFO - Processing /home/airflow/.local/lib/python3.7/site-packages/airflow/example_dags/example_task_group.py took 0.097 seconds
[2023-05-14T05:40:05.306+0000] {processor.py:153} INFO - Started process (PID=6913) to work on /home/airflow/.local/lib/python3.7/site-packages/airflow/example_dags/example_task_group.py
[2023-05-14T05:40:05.308+0000] {processor.py:743} INFO - Processing file /home/airflow/.local/lib/python3.7/site-packages/airflow/example_dags/example_task_group.py for tasks to queue
[2023-05-14T05:40:05.310+0000] {logging_mixin.py:137} INFO - [2023-05-14T05:40:05.310+0000] {dagbag.py:532} INFO - Filling up the DagBag from /home/airflow/.local/lib/python3.7/site-packages/airflow/example_dags/example_task_group.py
[2023-05-14T05:40:05.322+0000] {processor.py:753} INFO - DAG(s) dict_keys(['example_task_group']) retrieved from /home/airflow/.local/lib/python3.7/site-packages/airflow/example_dags/example_task_group.py
[2023-05-14T05:40:05.345+0000] {logging_mixin.py:137} INFO - [2023-05-14T05:40:05.345+0000] {dag.py:2705} INFO - Sync 1 DAGs
[2023-05-14T05:40:05.362+0000] {logging_mixin.py:137} INFO - [2023-05-14T05:40:05.361+0000] {dag.py:3456} INFO - Setting next_dagrun for example_task_group to 2023-05-13T05:40:05.361772+00:00, run_after=2023-05-14T05:40:05.361772+00:00
[2023-05-14T05:40:05.373+0000] {processor.py:175} INFO - Processing /home/airflow/.local/lib/python3.7/site-packages/airflow/example_dags/example_task_group.py took 0.070 seconds
[2023-05-14T05:40:36.044+0000] {processor.py:153} INFO - Started process (PID=7135) to work on /home/airflow/.local/lib/python3.7/site-packages/airflow/example_dags/example_task_group.py
[2023-05-14T05:40:36.046+0000] {processor.py:743} INFO - Processing file /home/airflow/.local/lib/python3.7/site-packages/airflow/example_dags/example_task_group.py for tasks to queue
[2023-05-14T05:40:36.047+0000] {logging_mixin.py:137} INFO - [2023-05-14T05:40:36.046+0000] {dagbag.py:532} INFO - Filling up the DagBag from /home/airflow/.local/lib/python3.7/site-packages/airflow/example_dags/example_task_group.py
[2023-05-14T05:40:36.059+0000] {processor.py:753} INFO - DAG(s) dict_keys(['example_task_group']) retrieved from /home/airflow/.local/lib/python3.7/site-packages/airflow/example_dags/example_task_group.py
[2023-05-14T05:40:36.081+0000] {logging_mixin.py:137} INFO - [2023-05-14T05:40:36.080+0000] {dag.py:2705} INFO - Sync 1 DAGs
[2023-05-14T05:40:36.099+0000] {logging_mixin.py:137} INFO - [2023-05-14T05:40:36.099+0000] {dag.py:3456} INFO - Setting next_dagrun for example_task_group to 2023-05-13T05:40:36.098889+00:00, run_after=2023-05-14T05:40:36.098889+00:00
[2023-05-14T05:40:36.111+0000] {processor.py:175} INFO - Processing /home/airflow/.local/lib/python3.7/site-packages/airflow/example_dags/example_task_group.py took 0.069 seconds
[2023-05-14T05:41:06.482+0000] {processor.py:153} INFO - Started process (PID=7365) to work on /home/airflow/.local/lib/python3.7/site-packages/airflow/example_dags/example_task_group.py
[2023-05-14T05:41:06.484+0000] {processor.py:743} INFO - Processing file /home/airflow/.local/lib/python3.7/site-packages/airflow/example_dags/example_task_group.py for tasks to queue
[2023-05-14T05:41:06.485+0000] {logging_mixin.py:137} INFO - [2023-05-14T05:41:06.485+0000] {dagbag.py:532} INFO - Filling up the DagBag from /home/airflow/.local/lib/python3.7/site-packages/airflow/example_dags/example_task_group.py
[2023-05-14T05:41:06.500+0000] {processor.py:753} INFO - DAG(s) dict_keys(['example_task_group']) retrieved from /home/airflow/.local/lib/python3.7/site-packages/airflow/example_dags/example_task_group.py
[2023-05-14T05:41:06.525+0000] {logging_mixin.py:137} INFO - [2023-05-14T05:41:06.525+0000] {dag.py:2705} INFO - Sync 1 DAGs
[2023-05-14T05:41:06.544+0000] {logging_mixin.py:137} INFO - [2023-05-14T05:41:06.544+0000] {dag.py:3456} INFO - Setting next_dagrun for example_task_group to 2023-05-13T05:41:06.544616+00:00, run_after=2023-05-14T05:41:06.544616+00:00
[2023-05-14T05:41:06.564+0000] {processor.py:175} INFO - Processing /home/airflow/.local/lib/python3.7/site-packages/airflow/example_dags/example_task_group.py took 0.085 seconds
[2023-05-14T05:41:36.775+0000] {processor.py:153} INFO - Started process (PID=7591) to work on /home/airflow/.local/lib/python3.7/site-packages/airflow/example_dags/example_task_group.py
[2023-05-14T05:41:36.776+0000] {processor.py:743} INFO - Processing file /home/airflow/.local/lib/python3.7/site-packages/airflow/example_dags/example_task_group.py for tasks to queue
[2023-05-14T05:41:36.778+0000] {logging_mixin.py:137} INFO - [2023-05-14T05:41:36.778+0000] {dagbag.py:532} INFO - Filling up the DagBag from /home/airflow/.local/lib/python3.7/site-packages/airflow/example_dags/example_task_group.py
[2023-05-14T05:41:36.790+0000] {processor.py:753} INFO - DAG(s) dict_keys(['example_task_group']) retrieved from /home/airflow/.local/lib/python3.7/site-packages/airflow/example_dags/example_task_group.py
[2023-05-14T05:41:36.812+0000] {logging_mixin.py:137} INFO - [2023-05-14T05:41:36.812+0000] {dag.py:2705} INFO - Sync 1 DAGs
[2023-05-14T05:41:36.830+0000] {logging_mixin.py:137} INFO - [2023-05-14T05:41:36.830+0000] {dag.py:3456} INFO - Setting next_dagrun for example_task_group to 2023-05-13T05:41:36.830483+00:00, run_after=2023-05-14T05:41:36.830483+00:00
[2023-05-14T05:41:36.848+0000] {processor.py:175} INFO - Processing /home/airflow/.local/lib/python3.7/site-packages/airflow/example_dags/example_task_group.py took 0.076 seconds
[2023-05-14T05:42:07.308+0000] {processor.py:153} INFO - Started process (PID=7819) to work on /home/airflow/.local/lib/python3.7/site-packages/airflow/example_dags/example_task_group.py
[2023-05-14T05:42:07.313+0000] {processor.py:743} INFO - Processing file /home/airflow/.local/lib/python3.7/site-packages/airflow/example_dags/example_task_group.py for tasks to queue
[2023-05-14T05:42:07.317+0000] {logging_mixin.py:137} INFO - [2023-05-14T05:42:07.317+0000] {dagbag.py:532} INFO - Filling up the DagBag from /home/airflow/.local/lib/python3.7/site-packages/airflow/example_dags/example_task_group.py
[2023-05-14T05:42:07.334+0000] {processor.py:753} INFO - DAG(s) dict_keys(['example_task_group']) retrieved from /home/airflow/.local/lib/python3.7/site-packages/airflow/example_dags/example_task_group.py
[2023-05-14T05:42:07.370+0000] {logging_mixin.py:137} INFO - [2023-05-14T05:42:07.370+0000] {dag.py:2705} INFO - Sync 1 DAGs
[2023-05-14T05:42:07.415+0000] {logging_mixin.py:137} INFO - [2023-05-14T05:42:07.415+0000] {dag.py:3456} INFO - Setting next_dagrun for example_task_group to 2023-05-13T05:42:07.415488+00:00, run_after=2023-05-14T05:42:07.415488+00:00
[2023-05-14T05:42:07.439+0000] {processor.py:175} INFO - Processing /home/airflow/.local/lib/python3.7/site-packages/airflow/example_dags/example_task_group.py took 0.135 seconds
[2023-05-14T05:42:37.926+0000] {processor.py:153} INFO - Started process (PID=8044) to work on /home/airflow/.local/lib/python3.7/site-packages/airflow/example_dags/example_task_group.py
[2023-05-14T05:42:37.928+0000] {processor.py:743} INFO - Processing file /home/airflow/.local/lib/python3.7/site-packages/airflow/example_dags/example_task_group.py for tasks to queue
[2023-05-14T05:42:37.929+0000] {logging_mixin.py:137} INFO - [2023-05-14T05:42:37.929+0000] {dagbag.py:532} INFO - Filling up the DagBag from /home/airflow/.local/lib/python3.7/site-packages/airflow/example_dags/example_task_group.py
[2023-05-14T05:42:37.941+0000] {processor.py:753} INFO - DAG(s) dict_keys(['example_task_group']) retrieved from /home/airflow/.local/lib/python3.7/site-packages/airflow/example_dags/example_task_group.py
[2023-05-14T05:42:37.970+0000] {logging_mixin.py:137} INFO - [2023-05-14T05:42:37.970+0000] {dag.py:2705} INFO - Sync 1 DAGs
[2023-05-14T05:42:37.989+0000] {logging_mixin.py:137} INFO - [2023-05-14T05:42:37.988+0000] {dag.py:3456} INFO - Setting next_dagrun for example_task_group to 2023-05-13T05:42:37.988686+00:00, run_after=2023-05-14T05:42:37.988686+00:00
[2023-05-14T05:42:38.001+0000] {processor.py:175} INFO - Processing /home/airflow/.local/lib/python3.7/site-packages/airflow/example_dags/example_task_group.py took 0.078 seconds
[2023-05-14T05:43:08.560+0000] {processor.py:153} INFO - Started process (PID=8273) to work on /home/airflow/.local/lib/python3.7/site-packages/airflow/example_dags/example_task_group.py
[2023-05-14T05:43:08.562+0000] {processor.py:743} INFO - Processing file /home/airflow/.local/lib/python3.7/site-packages/airflow/example_dags/example_task_group.py for tasks to queue
[2023-05-14T05:43:08.564+0000] {logging_mixin.py:137} INFO - [2023-05-14T05:43:08.564+0000] {dagbag.py:532} INFO - Filling up the DagBag from /home/airflow/.local/lib/python3.7/site-packages/airflow/example_dags/example_task_group.py
[2023-05-14T05:43:08.582+0000] {processor.py:753} INFO - DAG(s) dict_keys(['example_task_group']) retrieved from /home/airflow/.local/lib/python3.7/site-packages/airflow/example_dags/example_task_group.py
[2023-05-14T05:43:08.604+0000] {logging_mixin.py:137} INFO - [2023-05-14T05:43:08.604+0000] {dag.py:2705} INFO - Sync 1 DAGs
[2023-05-14T05:43:08.623+0000] {logging_mixin.py:137} INFO - [2023-05-14T05:43:08.623+0000] {dag.py:3456} INFO - Setting next_dagrun for example_task_group to 2023-05-13T05:43:08.623040+00:00, run_after=2023-05-14T05:43:08.623040+00:00
[2023-05-14T05:43:08.635+0000] {processor.py:175} INFO - Processing /home/airflow/.local/lib/python3.7/site-packages/airflow/example_dags/example_task_group.py took 0.078 seconds
[2023-05-14T05:43:38.781+0000] {processor.py:153} INFO - Started process (PID=8498) to work on /home/airflow/.local/lib/python3.7/site-packages/airflow/example_dags/example_task_group.py
[2023-05-14T05:43:38.783+0000] {processor.py:743} INFO - Processing file /home/airflow/.local/lib/python3.7/site-packages/airflow/example_dags/example_task_group.py for tasks to queue
[2023-05-14T05:43:38.784+0000] {logging_mixin.py:137} INFO - [2023-05-14T05:43:38.784+0000] {dagbag.py:532} INFO - Filling up the DagBag from /home/airflow/.local/lib/python3.7/site-packages/airflow/example_dags/example_task_group.py
[2023-05-14T05:43:38.796+0000] {processor.py:753} INFO - DAG(s) dict_keys(['example_task_group']) retrieved from /home/airflow/.local/lib/python3.7/site-packages/airflow/example_dags/example_task_group.py
[2023-05-14T05:43:38.818+0000] {logging_mixin.py:137} INFO - [2023-05-14T05:43:38.818+0000] {dag.py:2705} INFO - Sync 1 DAGs
[2023-05-14T05:43:38.840+0000] {logging_mixin.py:137} INFO - [2023-05-14T05:43:38.840+0000] {dag.py:3456} INFO - Setting next_dagrun for example_task_group to 2023-05-13T05:43:38.840148+00:00, run_after=2023-05-14T05:43:38.840148+00:00
[2023-05-14T05:43:38.853+0000] {processor.py:175} INFO - Processing /home/airflow/.local/lib/python3.7/site-packages/airflow/example_dags/example_task_group.py took 0.075 seconds
[2023-05-14T05:44:09.086+0000] {processor.py:153} INFO - Started process (PID=8728) to work on /home/airflow/.local/lib/python3.7/site-packages/airflow/example_dags/example_task_group.py
[2023-05-14T05:44:09.088+0000] {processor.py:743} INFO - Processing file /home/airflow/.local/lib/python3.7/site-packages/airflow/example_dags/example_task_group.py for tasks to queue
[2023-05-14T05:44:09.089+0000] {logging_mixin.py:137} INFO - [2023-05-14T05:44:09.089+0000] {dagbag.py:532} INFO - Filling up the DagBag from /home/airflow/.local/lib/python3.7/site-packages/airflow/example_dags/example_task_group.py
[2023-05-14T05:44:09.101+0000] {processor.py:753} INFO - DAG(s) dict_keys(['example_task_group']) retrieved from /home/airflow/.local/lib/python3.7/site-packages/airflow/example_dags/example_task_group.py
[2023-05-14T05:44:09.125+0000] {logging_mixin.py:137} INFO - [2023-05-14T05:44:09.125+0000] {dag.py:2705} INFO - Sync 1 DAGs
[2023-05-14T05:44:09.142+0000] {logging_mixin.py:137} INFO - [2023-05-14T05:44:09.142+0000] {dag.py:3456} INFO - Setting next_dagrun for example_task_group to 2023-05-13T05:44:09.142099+00:00, run_after=2023-05-14T05:44:09.142099+00:00
[2023-05-14T05:44:09.154+0000] {processor.py:175} INFO - Processing /home/airflow/.local/lib/python3.7/site-packages/airflow/example_dags/example_task_group.py took 0.070 seconds
[2023-05-14T05:44:39.348+0000] {processor.py:153} INFO - Started process (PID=8958) to work on /home/airflow/.local/lib/python3.7/site-packages/airflow/example_dags/example_task_group.py
[2023-05-14T05:44:39.349+0000] {processor.py:743} INFO - Processing file /home/airflow/.local/lib/python3.7/site-packages/airflow/example_dags/example_task_group.py for tasks to queue
[2023-05-14T05:44:39.351+0000] {logging_mixin.py:137} INFO - [2023-05-14T05:44:39.351+0000] {dagbag.py:532} INFO - Filling up the DagBag from /home/airflow/.local/lib/python3.7/site-packages/airflow/example_dags/example_task_group.py
[2023-05-14T05:44:39.365+0000] {processor.py:753} INFO - DAG(s) dict_keys(['example_task_group']) retrieved from /home/airflow/.local/lib/python3.7/site-packages/airflow/example_dags/example_task_group.py
[2023-05-14T05:44:39.385+0000] {logging_mixin.py:137} INFO - [2023-05-14T05:44:39.385+0000] {dag.py:2705} INFO - Sync 1 DAGs
[2023-05-14T05:44:39.401+0000] {logging_mixin.py:137} INFO - [2023-05-14T05:44:39.401+0000] {dag.py:3456} INFO - Setting next_dagrun for example_task_group to 2023-05-13T05:44:39.401631+00:00, run_after=2023-05-14T05:44:39.401631+00:00
[2023-05-14T05:44:39.414+0000] {processor.py:175} INFO - Processing /home/airflow/.local/lib/python3.7/site-packages/airflow/example_dags/example_task_group.py took 0.069 seconds
[2023-05-14T05:45:09.574+0000] {processor.py:153} INFO - Started process (PID=9182) to work on /home/airflow/.local/lib/python3.7/site-packages/airflow/example_dags/example_task_group.py
[2023-05-14T05:45:09.576+0000] {processor.py:743} INFO - Processing file /home/airflow/.local/lib/python3.7/site-packages/airflow/example_dags/example_task_group.py for tasks to queue
[2023-05-14T05:45:09.593+0000] {logging_mixin.py:137} INFO - [2023-05-14T05:45:09.593+0000] {dagbag.py:532} INFO - Filling up the DagBag from /home/airflow/.local/lib/python3.7/site-packages/airflow/example_dags/example_task_group.py
[2023-05-14T05:45:09.607+0000] {processor.py:753} INFO - DAG(s) dict_keys(['example_task_group']) retrieved from /home/airflow/.local/lib/python3.7/site-packages/airflow/example_dags/example_task_group.py
[2023-05-14T05:45:09.631+0000] {logging_mixin.py:137} INFO - [2023-05-14T05:45:09.631+0000] {dag.py:2705} INFO - Sync 1 DAGs
[2023-05-14T05:45:09.648+0000] {logging_mixin.py:137} INFO - [2023-05-14T05:45:09.648+0000] {dag.py:3456} INFO - Setting next_dagrun for example_task_group to 2023-05-13T05:45:09.648558+00:00, run_after=2023-05-14T05:45:09.648558+00:00
[2023-05-14T05:45:09.662+0000] {processor.py:175} INFO - Processing /home/airflow/.local/lib/python3.7/site-packages/airflow/example_dags/example_task_group.py took 0.090 seconds
[2023-05-14T05:45:39.938+0000] {processor.py:153} INFO - Started process (PID=9424) to work on /home/airflow/.local/lib/python3.7/site-packages/airflow/example_dags/example_task_group.py
[2023-05-14T05:45:39.940+0000] {processor.py:743} INFO - Processing file /home/airflow/.local/lib/python3.7/site-packages/airflow/example_dags/example_task_group.py for tasks to queue
[2023-05-14T05:45:39.942+0000] {logging_mixin.py:137} INFO - [2023-05-14T05:45:39.942+0000] {dagbag.py:532} INFO - Filling up the DagBag from /home/airflow/.local/lib/python3.7/site-packages/airflow/example_dags/example_task_group.py
[2023-05-14T05:45:39.955+0000] {processor.py:753} INFO - DAG(s) dict_keys(['example_task_group']) retrieved from /home/airflow/.local/lib/python3.7/site-packages/airflow/example_dags/example_task_group.py
[2023-05-14T05:45:39.980+0000] {logging_mixin.py:137} INFO - [2023-05-14T05:45:39.980+0000] {dag.py:2705} INFO - Sync 1 DAGs
[2023-05-14T05:45:40.000+0000] {logging_mixin.py:137} INFO - [2023-05-14T05:45:39.999+0000] {dag.py:3456} INFO - Setting next_dagrun for example_task_group to 2023-05-13T05:45:39.999782+00:00, run_after=2023-05-14T05:45:39.999782+00:00
[2023-05-14T05:45:40.012+0000] {processor.py:175} INFO - Processing /home/airflow/.local/lib/python3.7/site-packages/airflow/example_dags/example_task_group.py took 0.078 seconds
[2023-05-14T05:46:10.088+0000] {processor.py:153} INFO - Started process (PID=9653) to work on /home/airflow/.local/lib/python3.7/site-packages/airflow/example_dags/example_task_group.py
[2023-05-14T05:46:10.090+0000] {processor.py:743} INFO - Processing file /home/airflow/.local/lib/python3.7/site-packages/airflow/example_dags/example_task_group.py for tasks to queue
[2023-05-14T05:46:10.091+0000] {logging_mixin.py:137} INFO - [2023-05-14T05:46:10.091+0000] {dagbag.py:532} INFO - Filling up the DagBag from /home/airflow/.local/lib/python3.7/site-packages/airflow/example_dags/example_task_group.py
[2023-05-14T05:46:10.105+0000] {processor.py:753} INFO - DAG(s) dict_keys(['example_task_group']) retrieved from /home/airflow/.local/lib/python3.7/site-packages/airflow/example_dags/example_task_group.py
[2023-05-14T05:46:10.130+0000] {logging_mixin.py:137} INFO - [2023-05-14T05:46:10.130+0000] {dag.py:2705} INFO - Sync 1 DAGs
[2023-05-14T05:46:10.147+0000] {logging_mixin.py:137} INFO - [2023-05-14T05:46:10.147+0000] {dag.py:3456} INFO - Setting next_dagrun for example_task_group to 2023-05-13T05:46:10.147475+00:00, run_after=2023-05-14T05:46:10.147475+00:00
[2023-05-14T05:46:10.161+0000] {processor.py:175} INFO - Processing /home/airflow/.local/lib/python3.7/site-packages/airflow/example_dags/example_task_group.py took 0.076 seconds
[2023-05-14T05:46:40.327+0000] {processor.py:153} INFO - Started process (PID=9877) to work on /home/airflow/.local/lib/python3.7/site-packages/airflow/example_dags/example_task_group.py
[2023-05-14T05:46:40.328+0000] {processor.py:743} INFO - Processing file /home/airflow/.local/lib/python3.7/site-packages/airflow/example_dags/example_task_group.py for tasks to queue
[2023-05-14T05:46:40.330+0000] {logging_mixin.py:137} INFO - [2023-05-14T05:46:40.330+0000] {dagbag.py:532} INFO - Filling up the DagBag from /home/airflow/.local/lib/python3.7/site-packages/airflow/example_dags/example_task_group.py
[2023-05-14T05:46:40.345+0000] {processor.py:753} INFO - DAG(s) dict_keys(['example_task_group']) retrieved from /home/airflow/.local/lib/python3.7/site-packages/airflow/example_dags/example_task_group.py
[2023-05-14T05:46:40.372+0000] {logging_mixin.py:137} INFO - [2023-05-14T05:46:40.372+0000] {dag.py:2705} INFO - Sync 1 DAGs
[2023-05-14T05:46:40.390+0000] {logging_mixin.py:137} INFO - [2023-05-14T05:46:40.390+0000] {dag.py:3456} INFO - Setting next_dagrun for example_task_group to 2023-05-13T05:46:40.390194+00:00, run_after=2023-05-14T05:46:40.390194+00:00
[2023-05-14T05:46:40.402+0000] {processor.py:175} INFO - Processing /home/airflow/.local/lib/python3.7/site-packages/airflow/example_dags/example_task_group.py took 0.079 seconds
[2023-05-14T05:47:10.707+0000] {processor.py:153} INFO - Started process (PID=10103) to work on /home/airflow/.local/lib/python3.7/site-packages/airflow/example_dags/example_task_group.py
[2023-05-14T05:47:10.709+0000] {processor.py:743} INFO - Processing file /home/airflow/.local/lib/python3.7/site-packages/airflow/example_dags/example_task_group.py for tasks to queue
[2023-05-14T05:47:10.711+0000] {logging_mixin.py:137} INFO - [2023-05-14T05:47:10.710+0000] {dagbag.py:532} INFO - Filling up the DagBag from /home/airflow/.local/lib/python3.7/site-packages/airflow/example_dags/example_task_group.py
[2023-05-14T05:47:10.723+0000] {processor.py:753} INFO - DAG(s) dict_keys(['example_task_group']) retrieved from /home/airflow/.local/lib/python3.7/site-packages/airflow/example_dags/example_task_group.py
[2023-05-14T05:47:10.750+0000] {logging_mixin.py:137} INFO - [2023-05-14T05:47:10.750+0000] {dag.py:2705} INFO - Sync 1 DAGs
[2023-05-14T05:47:10.768+0000] {logging_mixin.py:137} INFO - [2023-05-14T05:47:10.768+0000] {dag.py:3456} INFO - Setting next_dagrun for example_task_group to 2023-05-13T05:47:10.768063+00:00, run_after=2023-05-14T05:47:10.768063+00:00
[2023-05-14T05:47:10.780+0000] {processor.py:175} INFO - Processing /home/airflow/.local/lib/python3.7/site-packages/airflow/example_dags/example_task_group.py took 0.076 seconds
[2023-05-14T05:47:40.933+0000] {processor.py:153} INFO - Started process (PID=10323) to work on /home/airflow/.local/lib/python3.7/site-packages/airflow/example_dags/example_task_group.py
[2023-05-14T05:47:40.935+0000] {processor.py:743} INFO - Processing file /home/airflow/.local/lib/python3.7/site-packages/airflow/example_dags/example_task_group.py for tasks to queue
[2023-05-14T05:47:40.936+0000] {logging_mixin.py:137} INFO - [2023-05-14T05:47:40.936+0000] {dagbag.py:532} INFO - Filling up the DagBag from /home/airflow/.local/lib/python3.7/site-packages/airflow/example_dags/example_task_group.py
[2023-05-14T05:47:40.949+0000] {processor.py:753} INFO - DAG(s) dict_keys(['example_task_group']) retrieved from /home/airflow/.local/lib/python3.7/site-packages/airflow/example_dags/example_task_group.py
[2023-05-14T05:47:40.972+0000] {logging_mixin.py:137} INFO - [2023-05-14T05:47:40.972+0000] {dag.py:2705} INFO - Sync 1 DAGs
[2023-05-14T05:47:40.989+0000] {logging_mixin.py:137} INFO - [2023-05-14T05:47:40.989+0000] {dag.py:3456} INFO - Setting next_dagrun for example_task_group to 2023-05-13T05:47:40.989411+00:00, run_after=2023-05-14T05:47:40.989411+00:00
[2023-05-14T05:47:41.002+0000] {processor.py:175} INFO - Processing /home/airflow/.local/lib/python3.7/site-packages/airflow/example_dags/example_task_group.py took 0.072 seconds
[2023-05-14T05:48:11.381+0000] {processor.py:153} INFO - Started process (PID=10550) to work on /home/airflow/.local/lib/python3.7/site-packages/airflow/example_dags/example_task_group.py
[2023-05-14T05:48:11.396+0000] {processor.py:743} INFO - Processing file /home/airflow/.local/lib/python3.7/site-packages/airflow/example_dags/example_task_group.py for tasks to queue
[2023-05-14T05:48:11.398+0000] {logging_mixin.py:137} INFO - [2023-05-14T05:48:11.397+0000] {dagbag.py:532} INFO - Filling up the DagBag from /home/airflow/.local/lib/python3.7/site-packages/airflow/example_dags/example_task_group.py
[2023-05-14T05:48:11.412+0000] {processor.py:753} INFO - DAG(s) dict_keys(['example_task_group']) retrieved from /home/airflow/.local/lib/python3.7/site-packages/airflow/example_dags/example_task_group.py
[2023-05-14T05:48:11.435+0000] {logging_mixin.py:137} INFO - [2023-05-14T05:48:11.435+0000] {dag.py:2705} INFO - Sync 1 DAGs
[2023-05-14T05:48:11.452+0000] {logging_mixin.py:137} INFO - [2023-05-14T05:48:11.452+0000] {dag.py:3456} INFO - Setting next_dagrun for example_task_group to 2023-05-13T05:48:11.451937+00:00, run_after=2023-05-14T05:48:11.451937+00:00
[2023-05-14T05:48:11.465+0000] {processor.py:175} INFO - Processing /home/airflow/.local/lib/python3.7/site-packages/airflow/example_dags/example_task_group.py took 0.087 seconds
[2023-05-14T05:48:41.819+0000] {processor.py:153} INFO - Started process (PID=10774) to work on /home/airflow/.local/lib/python3.7/site-packages/airflow/example_dags/example_task_group.py
[2023-05-14T05:48:41.821+0000] {processor.py:743} INFO - Processing file /home/airflow/.local/lib/python3.7/site-packages/airflow/example_dags/example_task_group.py for tasks to queue
[2023-05-14T05:48:41.823+0000] {logging_mixin.py:137} INFO - [2023-05-14T05:48:41.822+0000] {dagbag.py:532} INFO - Filling up the DagBag from /home/airflow/.local/lib/python3.7/site-packages/airflow/example_dags/example_task_group.py
[2023-05-14T05:48:41.839+0000] {processor.py:753} INFO - DAG(s) dict_keys(['example_task_group']) retrieved from /home/airflow/.local/lib/python3.7/site-packages/airflow/example_dags/example_task_group.py
[2023-05-14T05:48:41.862+0000] {logging_mixin.py:137} INFO - [2023-05-14T05:48:41.862+0000] {dag.py:2705} INFO - Sync 1 DAGs
[2023-05-14T05:48:41.879+0000] {logging_mixin.py:137} INFO - [2023-05-14T05:48:41.879+0000] {dag.py:3456} INFO - Setting next_dagrun for example_task_group to 2023-05-13T05:48:41.879610+00:00, run_after=2023-05-14T05:48:41.879610+00:00
[2023-05-14T05:48:41.893+0000] {processor.py:175} INFO - Processing /home/airflow/.local/lib/python3.7/site-packages/airflow/example_dags/example_task_group.py took 0.078 seconds
[2023-05-14T05:49:12.081+0000] {processor.py:153} INFO - Started process (PID=10998) to work on /home/airflow/.local/lib/python3.7/site-packages/airflow/example_dags/example_task_group.py
[2023-05-14T05:49:12.083+0000] {processor.py:743} INFO - Processing file /home/airflow/.local/lib/python3.7/site-packages/airflow/example_dags/example_task_group.py for tasks to queue
[2023-05-14T05:49:12.084+0000] {logging_mixin.py:137} INFO - [2023-05-14T05:49:12.084+0000] {dagbag.py:532} INFO - Filling up the DagBag from /home/airflow/.local/lib/python3.7/site-packages/airflow/example_dags/example_task_group.py
[2023-05-14T05:49:12.097+0000] {processor.py:753} INFO - DAG(s) dict_keys(['example_task_group']) retrieved from /home/airflow/.local/lib/python3.7/site-packages/airflow/example_dags/example_task_group.py
[2023-05-14T05:49:12.120+0000] {logging_mixin.py:137} INFO - [2023-05-14T05:49:12.120+0000] {dag.py:2705} INFO - Sync 1 DAGs
[2023-05-14T05:49:12.138+0000] {logging_mixin.py:137} INFO - [2023-05-14T05:49:12.137+0000] {dag.py:3456} INFO - Setting next_dagrun for example_task_group to 2023-05-13T05:49:12.137705+00:00, run_after=2023-05-14T05:49:12.137705+00:00
[2023-05-14T05:49:12.150+0000] {processor.py:175} INFO - Processing /home/airflow/.local/lib/python3.7/site-packages/airflow/example_dags/example_task_group.py took 0.072 seconds
[2023-05-14T05:49:42.412+0000] {processor.py:153} INFO - Started process (PID=11222) to work on /home/airflow/.local/lib/python3.7/site-packages/airflow/example_dags/example_task_group.py
[2023-05-14T05:49:42.414+0000] {processor.py:743} INFO - Processing file /home/airflow/.local/lib/python3.7/site-packages/airflow/example_dags/example_task_group.py for tasks to queue
[2023-05-14T05:49:42.415+0000] {logging_mixin.py:137} INFO - [2023-05-14T05:49:42.415+0000] {dagbag.py:532} INFO - Filling up the DagBag from /home/airflow/.local/lib/python3.7/site-packages/airflow/example_dags/example_task_group.py
[2023-05-14T05:49:42.429+0000] {processor.py:753} INFO - DAG(s) dict_keys(['example_task_group']) retrieved from /home/airflow/.local/lib/python3.7/site-packages/airflow/example_dags/example_task_group.py
[2023-05-14T05:49:42.453+0000] {logging_mixin.py:137} INFO - [2023-05-14T05:49:42.453+0000] {dag.py:2705} INFO - Sync 1 DAGs
[2023-05-14T05:49:42.471+0000] {logging_mixin.py:137} INFO - [2023-05-14T05:49:42.471+0000] {dag.py:3456} INFO - Setting next_dagrun for example_task_group to 2023-05-13T05:49:42.471124+00:00, run_after=2023-05-14T05:49:42.471124+00:00
[2023-05-14T05:49:42.483+0000] {processor.py:175} INFO - Processing /home/airflow/.local/lib/python3.7/site-packages/airflow/example_dags/example_task_group.py took 0.074 seconds
[2023-05-14T05:50:12.562+0000] {processor.py:153} INFO - Started process (PID=11446) to work on /home/airflow/.local/lib/python3.7/site-packages/airflow/example_dags/example_task_group.py
[2023-05-14T05:50:12.563+0000] {processor.py:743} INFO - Processing file /home/airflow/.local/lib/python3.7/site-packages/airflow/example_dags/example_task_group.py for tasks to queue
[2023-05-14T05:50:12.565+0000] {logging_mixin.py:137} INFO - [2023-05-14T05:50:12.565+0000] {dagbag.py:532} INFO - Filling up the DagBag from /home/airflow/.local/lib/python3.7/site-packages/airflow/example_dags/example_task_group.py
[2023-05-14T05:50:12.579+0000] {processor.py:753} INFO - DAG(s) dict_keys(['example_task_group']) retrieved from /home/airflow/.local/lib/python3.7/site-packages/airflow/example_dags/example_task_group.py
[2023-05-14T05:50:12.619+0000] {logging_mixin.py:137} INFO - [2023-05-14T05:50:12.619+0000] {dag.py:2705} INFO - Sync 1 DAGs
[2023-05-14T05:50:12.640+0000] {logging_mixin.py:137} INFO - [2023-05-14T05:50:12.640+0000] {dag.py:3456} INFO - Setting next_dagrun for example_task_group to 2023-05-13T05:50:12.640282+00:00, run_after=2023-05-14T05:50:12.640282+00:00
[2023-05-14T05:50:12.653+0000] {processor.py:175} INFO - Processing /home/airflow/.local/lib/python3.7/site-packages/airflow/example_dags/example_task_group.py took 0.094 seconds
[2023-05-14T05:50:43.050+0000] {processor.py:153} INFO - Started process (PID=11670) to work on /home/airflow/.local/lib/python3.7/site-packages/airflow/example_dags/example_task_group.py
[2023-05-14T05:50:43.052+0000] {processor.py:743} INFO - Processing file /home/airflow/.local/lib/python3.7/site-packages/airflow/example_dags/example_task_group.py for tasks to queue
[2023-05-14T05:50:43.053+0000] {logging_mixin.py:137} INFO - [2023-05-14T05:50:43.053+0000] {dagbag.py:532} INFO - Filling up the DagBag from /home/airflow/.local/lib/python3.7/site-packages/airflow/example_dags/example_task_group.py
[2023-05-14T05:50:43.066+0000] {processor.py:753} INFO - DAG(s) dict_keys(['example_task_group']) retrieved from /home/airflow/.local/lib/python3.7/site-packages/airflow/example_dags/example_task_group.py
[2023-05-14T05:50:43.089+0000] {logging_mixin.py:137} INFO - [2023-05-14T05:50:43.089+0000] {dag.py:2705} INFO - Sync 1 DAGs
[2023-05-14T05:50:43.107+0000] {logging_mixin.py:137} INFO - [2023-05-14T05:50:43.106+0000] {dag.py:3456} INFO - Setting next_dagrun for example_task_group to 2023-05-13T05:50:43.106712+00:00, run_after=2023-05-14T05:50:43.106712+00:00
[2023-05-14T05:50:43.121+0000] {processor.py:175} INFO - Processing /home/airflow/.local/lib/python3.7/site-packages/airflow/example_dags/example_task_group.py took 0.074 seconds
[2023-05-14T05:51:13.424+0000] {processor.py:153} INFO - Started process (PID=11894) to work on /home/airflow/.local/lib/python3.7/site-packages/airflow/example_dags/example_task_group.py
[2023-05-14T05:51:13.425+0000] {processor.py:743} INFO - Processing file /home/airflow/.local/lib/python3.7/site-packages/airflow/example_dags/example_task_group.py for tasks to queue
[2023-05-14T05:51:13.427+0000] {logging_mixin.py:137} INFO - [2023-05-14T05:51:13.427+0000] {dagbag.py:532} INFO - Filling up the DagBag from /home/airflow/.local/lib/python3.7/site-packages/airflow/example_dags/example_task_group.py
[2023-05-14T05:51:13.441+0000] {processor.py:753} INFO - DAG(s) dict_keys(['example_task_group']) retrieved from /home/airflow/.local/lib/python3.7/site-packages/airflow/example_dags/example_task_group.py
[2023-05-14T05:51:13.465+0000] {logging_mixin.py:137} INFO - [2023-05-14T05:51:13.465+0000] {dag.py:2705} INFO - Sync 1 DAGs
[2023-05-14T05:51:13.485+0000] {logging_mixin.py:137} INFO - [2023-05-14T05:51:13.485+0000] {dag.py:3456} INFO - Setting next_dagrun for example_task_group to 2023-05-13T05:51:13.485477+00:00, run_after=2023-05-14T05:51:13.485477+00:00
[2023-05-14T05:51:13.499+0000] {processor.py:175} INFO - Processing /home/airflow/.local/lib/python3.7/site-packages/airflow/example_dags/example_task_group.py took 0.079 seconds
[2023-05-14T05:51:43.845+0000] {processor.py:153} INFO - Started process (PID=12120) to work on /home/airflow/.local/lib/python3.7/site-packages/airflow/example_dags/example_task_group.py
[2023-05-14T05:51:43.846+0000] {processor.py:743} INFO - Processing file /home/airflow/.local/lib/python3.7/site-packages/airflow/example_dags/example_task_group.py for tasks to queue
[2023-05-14T05:51:43.847+0000] {logging_mixin.py:137} INFO - [2023-05-14T05:51:43.847+0000] {dagbag.py:532} INFO - Filling up the DagBag from /home/airflow/.local/lib/python3.7/site-packages/airflow/example_dags/example_task_group.py
[2023-05-14T05:51:43.861+0000] {processor.py:753} INFO - DAG(s) dict_keys(['example_task_group']) retrieved from /home/airflow/.local/lib/python3.7/site-packages/airflow/example_dags/example_task_group.py
[2023-05-14T05:51:43.885+0000] {logging_mixin.py:137} INFO - [2023-05-14T05:51:43.885+0000] {dag.py:2705} INFO - Sync 1 DAGs
[2023-05-14T05:51:43.903+0000] {logging_mixin.py:137} INFO - [2023-05-14T05:51:43.903+0000] {dag.py:3456} INFO - Setting next_dagrun for example_task_group to 2023-05-13T05:51:43.903278+00:00, run_after=2023-05-14T05:51:43.903278+00:00
[2023-05-14T05:51:43.916+0000] {processor.py:175} INFO - Processing /home/airflow/.local/lib/python3.7/site-packages/airflow/example_dags/example_task_group.py took 0.074 seconds
[2023-05-14T05:52:14.001+0000] {processor.py:153} INFO - Started process (PID=12341) to work on /home/airflow/.local/lib/python3.7/site-packages/airflow/example_dags/example_task_group.py
[2023-05-14T05:52:14.003+0000] {processor.py:743} INFO - Processing file /home/airflow/.local/lib/python3.7/site-packages/airflow/example_dags/example_task_group.py for tasks to queue
[2023-05-14T05:52:14.006+0000] {logging_mixin.py:137} INFO - [2023-05-14T05:52:14.006+0000] {dagbag.py:532} INFO - Filling up the DagBag from /home/airflow/.local/lib/python3.7/site-packages/airflow/example_dags/example_task_group.py
[2023-05-14T05:52:14.023+0000] {processor.py:753} INFO - DAG(s) dict_keys(['example_task_group']) retrieved from /home/airflow/.local/lib/python3.7/site-packages/airflow/example_dags/example_task_group.py
[2023-05-14T05:52:14.049+0000] {logging_mixin.py:137} INFO - [2023-05-14T05:52:14.048+0000] {dag.py:2705} INFO - Sync 1 DAGs
[2023-05-14T05:52:14.066+0000] {logging_mixin.py:137} INFO - [2023-05-14T05:52:14.066+0000] {dag.py:3456} INFO - Setting next_dagrun for example_task_group to 2023-05-13T05:52:14.066598+00:00, run_after=2023-05-14T05:52:14.066598+00:00
[2023-05-14T05:52:14.080+0000] {processor.py:175} INFO - Processing /home/airflow/.local/lib/python3.7/site-packages/airflow/example_dags/example_task_group.py took 0.083 seconds
[2023-05-14T05:52:44.398+0000] {processor.py:153} INFO - Started process (PID=12565) to work on /home/airflow/.local/lib/python3.7/site-packages/airflow/example_dags/example_task_group.py
[2023-05-14T05:52:44.400+0000] {processor.py:743} INFO - Processing file /home/airflow/.local/lib/python3.7/site-packages/airflow/example_dags/example_task_group.py for tasks to queue
[2023-05-14T05:52:44.402+0000] {logging_mixin.py:137} INFO - [2023-05-14T05:52:44.401+0000] {dagbag.py:532} INFO - Filling up the DagBag from /home/airflow/.local/lib/python3.7/site-packages/airflow/example_dags/example_task_group.py
[2023-05-14T05:52:44.414+0000] {processor.py:753} INFO - DAG(s) dict_keys(['example_task_group']) retrieved from /home/airflow/.local/lib/python3.7/site-packages/airflow/example_dags/example_task_group.py
[2023-05-14T05:52:44.436+0000] {logging_mixin.py:137} INFO - [2023-05-14T05:52:44.436+0000] {dag.py:2705} INFO - Sync 1 DAGs
[2023-05-14T05:52:44.453+0000] {logging_mixin.py:137} INFO - [2023-05-14T05:52:44.453+0000] {dag.py:3456} INFO - Setting next_dagrun for example_task_group to 2023-05-13T05:52:44.453246+00:00, run_after=2023-05-14T05:52:44.453246+00:00
[2023-05-14T05:52:44.467+0000] {processor.py:175} INFO - Processing /home/airflow/.local/lib/python3.7/site-packages/airflow/example_dags/example_task_group.py took 0.072 seconds
[2023-05-14T05:53:14.833+0000] {processor.py:153} INFO - Started process (PID=12789) to work on /home/airflow/.local/lib/python3.7/site-packages/airflow/example_dags/example_task_group.py
[2023-05-14T05:53:14.835+0000] {processor.py:743} INFO - Processing file /home/airflow/.local/lib/python3.7/site-packages/airflow/example_dags/example_task_group.py for tasks to queue
[2023-05-14T05:53:14.836+0000] {logging_mixin.py:137} INFO - [2023-05-14T05:53:14.836+0000] {dagbag.py:532} INFO - Filling up the DagBag from /home/airflow/.local/lib/python3.7/site-packages/airflow/example_dags/example_task_group.py
[2023-05-14T05:53:14.850+0000] {processor.py:753} INFO - DAG(s) dict_keys(['example_task_group']) retrieved from /home/airflow/.local/lib/python3.7/site-packages/airflow/example_dags/example_task_group.py
[2023-05-14T05:53:14.873+0000] {logging_mixin.py:137} INFO - [2023-05-14T05:53:14.873+0000] {dag.py:2705} INFO - Sync 1 DAGs
[2023-05-14T05:53:14.893+0000] {logging_mixin.py:137} INFO - [2023-05-14T05:53:14.893+0000] {dag.py:3456} INFO - Setting next_dagrun for example_task_group to 2023-05-13T05:53:14.893554+00:00, run_after=2023-05-14T05:53:14.893554+00:00
[2023-05-14T05:53:14.908+0000] {processor.py:175} INFO - Processing /home/airflow/.local/lib/python3.7/site-packages/airflow/example_dags/example_task_group.py took 0.078 seconds
[2023-05-14T05:53:45.000+0000] {processor.py:153} INFO - Started process (PID=13014) to work on /home/airflow/.local/lib/python3.7/site-packages/airflow/example_dags/example_task_group.py
[2023-05-14T05:53:45.002+0000] {processor.py:743} INFO - Processing file /home/airflow/.local/lib/python3.7/site-packages/airflow/example_dags/example_task_group.py for tasks to queue
[2023-05-14T05:53:45.003+0000] {logging_mixin.py:137} INFO - [2023-05-14T05:53:45.003+0000] {dagbag.py:532} INFO - Filling up the DagBag from /home/airflow/.local/lib/python3.7/site-packages/airflow/example_dags/example_task_group.py
[2023-05-14T05:53:45.015+0000] {processor.py:753} INFO - DAG(s) dict_keys(['example_task_group']) retrieved from /home/airflow/.local/lib/python3.7/site-packages/airflow/example_dags/example_task_group.py
[2023-05-14T05:53:45.039+0000] {logging_mixin.py:137} INFO - [2023-05-14T05:53:45.039+0000] {dag.py:2705} INFO - Sync 1 DAGs
[2023-05-14T05:53:45.057+0000] {logging_mixin.py:137} INFO - [2023-05-14T05:53:45.057+0000] {dag.py:3456} INFO - Setting next_dagrun for example_task_group to 2023-05-13T05:53:45.057070+00:00, run_after=2023-05-14T05:53:45.057070+00:00
[2023-05-14T05:53:45.070+0000] {processor.py:175} INFO - Processing /home/airflow/.local/lib/python3.7/site-packages/airflow/example_dags/example_task_group.py took 0.072 seconds
[2023-05-14T05:54:15.386+0000] {processor.py:153} INFO - Started process (PID=13238) to work on /home/airflow/.local/lib/python3.7/site-packages/airflow/example_dags/example_task_group.py
[2023-05-14T05:54:15.388+0000] {processor.py:743} INFO - Processing file /home/airflow/.local/lib/python3.7/site-packages/airflow/example_dags/example_task_group.py for tasks to queue
[2023-05-14T05:54:15.389+0000] {logging_mixin.py:137} INFO - [2023-05-14T05:54:15.389+0000] {dagbag.py:532} INFO - Filling up the DagBag from /home/airflow/.local/lib/python3.7/site-packages/airflow/example_dags/example_task_group.py
[2023-05-14T05:54:15.402+0000] {processor.py:753} INFO - DAG(s) dict_keys(['example_task_group']) retrieved from /home/airflow/.local/lib/python3.7/site-packages/airflow/example_dags/example_task_group.py
[2023-05-14T05:54:15.426+0000] {logging_mixin.py:137} INFO - [2023-05-14T05:54:15.426+0000] {dag.py:2705} INFO - Sync 1 DAGs
[2023-05-14T05:54:15.443+0000] {logging_mixin.py:137} INFO - [2023-05-14T05:54:15.443+0000] {dag.py:3456} INFO - Setting next_dagrun for example_task_group to 2023-05-13T05:54:15.443310+00:00, run_after=2023-05-14T05:54:15.443310+00:00
[2023-05-14T05:54:15.457+0000] {processor.py:175} INFO - Processing /home/airflow/.local/lib/python3.7/site-packages/airflow/example_dags/example_task_group.py took 0.074 seconds
[2023-05-14T05:54:45.583+0000] {processor.py:153} INFO - Started process (PID=13461) to work on /home/airflow/.local/lib/python3.7/site-packages/airflow/example_dags/example_task_group.py
[2023-05-14T05:54:45.585+0000] {processor.py:743} INFO - Processing file /home/airflow/.local/lib/python3.7/site-packages/airflow/example_dags/example_task_group.py for tasks to queue
[2023-05-14T05:54:45.587+0000] {logging_mixin.py:137} INFO - [2023-05-14T05:54:45.586+0000] {dagbag.py:532} INFO - Filling up the DagBag from /home/airflow/.local/lib/python3.7/site-packages/airflow/example_dags/example_task_group.py
[2023-05-14T05:54:45.600+0000] {processor.py:753} INFO - DAG(s) dict_keys(['example_task_group']) retrieved from /home/airflow/.local/lib/python3.7/site-packages/airflow/example_dags/example_task_group.py
[2023-05-14T05:54:45.624+0000] {logging_mixin.py:137} INFO - [2023-05-14T05:54:45.623+0000] {dag.py:2705} INFO - Sync 1 DAGs
[2023-05-14T05:54:45.643+0000] {logging_mixin.py:137} INFO - [2023-05-14T05:54:45.643+0000] {dag.py:3456} INFO - Setting next_dagrun for example_task_group to 2023-05-13T05:54:45.642838+00:00, run_after=2023-05-14T05:54:45.642838+00:00
[2023-05-14T05:54:45.658+0000] {processor.py:175} INFO - Processing /home/airflow/.local/lib/python3.7/site-packages/airflow/example_dags/example_task_group.py took 0.078 seconds
[2023-05-14T05:55:16.008+0000] {processor.py:153} INFO - Started process (PID=13685) to work on /home/airflow/.local/lib/python3.7/site-packages/airflow/example_dags/example_task_group.py
[2023-05-14T05:55:16.010+0000] {processor.py:743} INFO - Processing file /home/airflow/.local/lib/python3.7/site-packages/airflow/example_dags/example_task_group.py for tasks to queue
[2023-05-14T05:55:16.011+0000] {logging_mixin.py:137} INFO - [2023-05-14T05:55:16.011+0000] {dagbag.py:532} INFO - Filling up the DagBag from /home/airflow/.local/lib/python3.7/site-packages/airflow/example_dags/example_task_group.py
[2023-05-14T05:55:16.025+0000] {processor.py:753} INFO - DAG(s) dict_keys(['example_task_group']) retrieved from /home/airflow/.local/lib/python3.7/site-packages/airflow/example_dags/example_task_group.py
[2023-05-14T05:55:16.051+0000] {logging_mixin.py:137} INFO - [2023-05-14T05:55:16.050+0000] {dag.py:2705} INFO - Sync 1 DAGs
[2023-05-14T05:55:16.069+0000] {logging_mixin.py:137} INFO - [2023-05-14T05:55:16.069+0000] {dag.py:3456} INFO - Setting next_dagrun for example_task_group to 2023-05-13T05:55:16.069366+00:00, run_after=2023-05-14T05:55:16.069366+00:00
[2023-05-14T05:55:16.085+0000] {processor.py:175} INFO - Processing /home/airflow/.local/lib/python3.7/site-packages/airflow/example_dags/example_task_group.py took 0.080 seconds
[2023-05-14T05:55:46.425+0000] {processor.py:153} INFO - Started process (PID=13909) to work on /home/airflow/.local/lib/python3.7/site-packages/airflow/example_dags/example_task_group.py
[2023-05-14T05:55:46.426+0000] {processor.py:743} INFO - Processing file /home/airflow/.local/lib/python3.7/site-packages/airflow/example_dags/example_task_group.py for tasks to queue
[2023-05-14T05:55:46.428+0000] {logging_mixin.py:137} INFO - [2023-05-14T05:55:46.428+0000] {dagbag.py:532} INFO - Filling up the DagBag from /home/airflow/.local/lib/python3.7/site-packages/airflow/example_dags/example_task_group.py
[2023-05-14T05:55:46.440+0000] {processor.py:753} INFO - DAG(s) dict_keys(['example_task_group']) retrieved from /home/airflow/.local/lib/python3.7/site-packages/airflow/example_dags/example_task_group.py
[2023-05-14T05:55:46.465+0000] {logging_mixin.py:137} INFO - [2023-05-14T05:55:46.465+0000] {dag.py:2705} INFO - Sync 1 DAGs
[2023-05-14T05:55:46.484+0000] {logging_mixin.py:137} INFO - [2023-05-14T05:55:46.483+0000] {dag.py:3456} INFO - Setting next_dagrun for example_task_group to 2023-05-13T05:55:46.483769+00:00, run_after=2023-05-14T05:55:46.483769+00:00
[2023-05-14T05:55:46.496+0000] {processor.py:175} INFO - Processing /home/airflow/.local/lib/python3.7/site-packages/airflow/example_dags/example_task_group.py took 0.074 seconds
[2023-05-14T05:56:16.715+0000] {processor.py:153} INFO - Started process (PID=14133) to work on /home/airflow/.local/lib/python3.7/site-packages/airflow/example_dags/example_task_group.py
[2023-05-14T05:56:16.717+0000] {processor.py:743} INFO - Processing file /home/airflow/.local/lib/python3.7/site-packages/airflow/example_dags/example_task_group.py for tasks to queue
[2023-05-14T05:56:16.723+0000] {logging_mixin.py:137} INFO - [2023-05-14T05:56:16.723+0000] {dagbag.py:532} INFO - Filling up the DagBag from /home/airflow/.local/lib/python3.7/site-packages/airflow/example_dags/example_task_group.py
[2023-05-14T05:56:16.736+0000] {processor.py:753} INFO - DAG(s) dict_keys(['example_task_group']) retrieved from /home/airflow/.local/lib/python3.7/site-packages/airflow/example_dags/example_task_group.py
[2023-05-14T05:56:16.761+0000] {logging_mixin.py:137} INFO - [2023-05-14T05:56:16.761+0000] {dag.py:2705} INFO - Sync 1 DAGs
[2023-05-14T05:56:16.778+0000] {logging_mixin.py:137} INFO - [2023-05-14T05:56:16.778+0000] {dag.py:3456} INFO - Setting next_dagrun for example_task_group to 2023-05-13T05:56:16.778053+00:00, run_after=2023-05-14T05:56:16.778053+00:00
[2023-05-14T05:56:16.793+0000] {processor.py:175} INFO - Processing /home/airflow/.local/lib/python3.7/site-packages/airflow/example_dags/example_task_group.py took 0.081 seconds
[2023-05-14T05:56:47.345+0000] {processor.py:153} INFO - Started process (PID=14357) to work on /home/airflow/.local/lib/python3.7/site-packages/airflow/example_dags/example_task_group.py
[2023-05-14T05:56:47.360+0000] {processor.py:743} INFO - Processing file /home/airflow/.local/lib/python3.7/site-packages/airflow/example_dags/example_task_group.py for tasks to queue
[2023-05-14T05:56:47.362+0000] {logging_mixin.py:137} INFO - [2023-05-14T05:56:47.362+0000] {dagbag.py:532} INFO - Filling up the DagBag from /home/airflow/.local/lib/python3.7/site-packages/airflow/example_dags/example_task_group.py
[2023-05-14T05:56:47.377+0000] {processor.py:753} INFO - DAG(s) dict_keys(['example_task_group']) retrieved from /home/airflow/.local/lib/python3.7/site-packages/airflow/example_dags/example_task_group.py
[2023-05-14T05:56:47.415+0000] {logging_mixin.py:137} INFO - [2023-05-14T05:56:47.415+0000] {dag.py:2705} INFO - Sync 1 DAGs
[2023-05-14T05:56:47.438+0000] {logging_mixin.py:137} INFO - [2023-05-14T05:56:47.438+0000] {dag.py:3456} INFO - Setting next_dagrun for example_task_group to 2023-05-13T05:56:47.437942+00:00, run_after=2023-05-14T05:56:47.437942+00:00
[2023-05-14T05:56:47.466+0000] {processor.py:175} INFO - Processing /home/airflow/.local/lib/python3.7/site-packages/airflow/example_dags/example_task_group.py took 0.125 seconds
[2023-05-14T05:57:18.282+0000] {processor.py:153} INFO - Started process (PID=14581) to work on /home/airflow/.local/lib/python3.7/site-packages/airflow/example_dags/example_task_group.py
[2023-05-14T05:57:18.285+0000] {processor.py:743} INFO - Processing file /home/airflow/.local/lib/python3.7/site-packages/airflow/example_dags/example_task_group.py for tasks to queue
[2023-05-14T05:57:18.287+0000] {logging_mixin.py:137} INFO - [2023-05-14T05:57:18.287+0000] {dagbag.py:532} INFO - Filling up the DagBag from /home/airflow/.local/lib/python3.7/site-packages/airflow/example_dags/example_task_group.py
[2023-05-14T05:57:18.306+0000] {processor.py:753} INFO - DAG(s) dict_keys(['example_task_group']) retrieved from /home/airflow/.local/lib/python3.7/site-packages/airflow/example_dags/example_task_group.py
[2023-05-14T05:57:18.355+0000] {logging_mixin.py:137} INFO - [2023-05-14T05:57:18.354+0000] {dag.py:2705} INFO - Sync 1 DAGs
[2023-05-14T05:57:18.380+0000] {logging_mixin.py:137} INFO - [2023-05-14T05:57:18.380+0000] {dag.py:3456} INFO - Setting next_dagrun for example_task_group to 2023-05-13T05:57:18.380545+00:00, run_after=2023-05-14T05:57:18.380545+00:00
[2023-05-14T05:57:18.396+0000] {processor.py:175} INFO - Processing /home/airflow/.local/lib/python3.7/site-packages/airflow/example_dags/example_task_group.py took 0.123 seconds
[2023-05-14T05:57:48.589+0000] {processor.py:153} INFO - Started process (PID=14805) to work on /home/airflow/.local/lib/python3.7/site-packages/airflow/example_dags/example_task_group.py
[2023-05-14T05:57:48.592+0000] {processor.py:743} INFO - Processing file /home/airflow/.local/lib/python3.7/site-packages/airflow/example_dags/example_task_group.py for tasks to queue
[2023-05-14T05:57:48.602+0000] {logging_mixin.py:137} INFO - [2023-05-14T05:57:48.602+0000] {dagbag.py:532} INFO - Filling up the DagBag from /home/airflow/.local/lib/python3.7/site-packages/airflow/example_dags/example_task_group.py
[2023-05-14T05:57:48.616+0000] {processor.py:753} INFO - DAG(s) dict_keys(['example_task_group']) retrieved from /home/airflow/.local/lib/python3.7/site-packages/airflow/example_dags/example_task_group.py
[2023-05-14T05:57:48.644+0000] {logging_mixin.py:137} INFO - [2023-05-14T05:57:48.644+0000] {dag.py:2705} INFO - Sync 1 DAGs
[2023-05-14T05:57:48.663+0000] {logging_mixin.py:137} INFO - [2023-05-14T05:57:48.663+0000] {dag.py:3456} INFO - Setting next_dagrun for example_task_group to 2023-05-13T05:57:48.662730+00:00, run_after=2023-05-14T05:57:48.662730+00:00
[2023-05-14T05:57:48.683+0000] {processor.py:175} INFO - Processing /home/airflow/.local/lib/python3.7/site-packages/airflow/example_dags/example_task_group.py took 0.096 seconds
[2023-05-14T05:58:19.105+0000] {processor.py:153} INFO - Started process (PID=15029) to work on /home/airflow/.local/lib/python3.7/site-packages/airflow/example_dags/example_task_group.py
[2023-05-14T05:58:19.107+0000] {processor.py:743} INFO - Processing file /home/airflow/.local/lib/python3.7/site-packages/airflow/example_dags/example_task_group.py for tasks to queue
[2023-05-14T05:58:19.108+0000] {logging_mixin.py:137} INFO - [2023-05-14T05:58:19.108+0000] {dagbag.py:532} INFO - Filling up the DagBag from /home/airflow/.local/lib/python3.7/site-packages/airflow/example_dags/example_task_group.py
[2023-05-14T05:58:19.128+0000] {processor.py:753} INFO - DAG(s) dict_keys(['example_task_group']) retrieved from /home/airflow/.local/lib/python3.7/site-packages/airflow/example_dags/example_task_group.py
[2023-05-14T05:58:19.170+0000] {logging_mixin.py:137} INFO - [2023-05-14T05:58:19.170+0000] {dag.py:2705} INFO - Sync 1 DAGs
[2023-05-14T05:58:19.189+0000] {logging_mixin.py:137} INFO - [2023-05-14T05:58:19.189+0000] {dag.py:3456} INFO - Setting next_dagrun for example_task_group to 2023-05-13T05:58:19.189241+00:00, run_after=2023-05-14T05:58:19.189241+00:00
[2023-05-14T05:58:19.203+0000] {processor.py:175} INFO - Processing /home/airflow/.local/lib/python3.7/site-packages/airflow/example_dags/example_task_group.py took 0.101 seconds
[2023-05-14T05:58:49.383+0000] {processor.py:153} INFO - Started process (PID=15255) to work on /home/airflow/.local/lib/python3.7/site-packages/airflow/example_dags/example_task_group.py
[2023-05-14T05:58:49.385+0000] {processor.py:743} INFO - Processing file /home/airflow/.local/lib/python3.7/site-packages/airflow/example_dags/example_task_group.py for tasks to queue
[2023-05-14T05:58:49.389+0000] {logging_mixin.py:137} INFO - [2023-05-14T05:58:49.389+0000] {dagbag.py:532} INFO - Filling up the DagBag from /home/airflow/.local/lib/python3.7/site-packages/airflow/example_dags/example_task_group.py
[2023-05-14T05:58:49.400+0000] {processor.py:753} INFO - DAG(s) dict_keys(['example_task_group']) retrieved from /home/airflow/.local/lib/python3.7/site-packages/airflow/example_dags/example_task_group.py
[2023-05-14T05:58:49.425+0000] {logging_mixin.py:137} INFO - [2023-05-14T05:58:49.425+0000] {dag.py:2705} INFO - Sync 1 DAGs
[2023-05-14T05:58:49.441+0000] {logging_mixin.py:137} INFO - [2023-05-14T05:58:49.441+0000] {dag.py:3456} INFO - Setting next_dagrun for example_task_group to 2023-05-13T05:58:49.440837+00:00, run_after=2023-05-14T05:58:49.440837+00:00
[2023-05-14T05:58:49.452+0000] {processor.py:175} INFO - Processing /home/airflow/.local/lib/python3.7/site-packages/airflow/example_dags/example_task_group.py took 0.072 seconds
[2023-05-14T05:59:19.646+0000] {processor.py:153} INFO - Started process (PID=15477) to work on /home/airflow/.local/lib/python3.7/site-packages/airflow/example_dags/example_task_group.py
[2023-05-14T05:59:19.648+0000] {processor.py:743} INFO - Processing file /home/airflow/.local/lib/python3.7/site-packages/airflow/example_dags/example_task_group.py for tasks to queue
[2023-05-14T05:59:19.649+0000] {logging_mixin.py:137} INFO - [2023-05-14T05:59:19.649+0000] {dagbag.py:532} INFO - Filling up the DagBag from /home/airflow/.local/lib/python3.7/site-packages/airflow/example_dags/example_task_group.py
[2023-05-14T05:59:19.663+0000] {processor.py:753} INFO - DAG(s) dict_keys(['example_task_group']) retrieved from /home/airflow/.local/lib/python3.7/site-packages/airflow/example_dags/example_task_group.py
[2023-05-14T05:59:19.704+0000] {logging_mixin.py:137} INFO - [2023-05-14T05:59:19.704+0000] {dag.py:2705} INFO - Sync 1 DAGs
[2023-05-14T05:59:19.723+0000] {logging_mixin.py:137} INFO - [2023-05-14T05:59:19.723+0000] {dag.py:3456} INFO - Setting next_dagrun for example_task_group to 2023-05-13T05:59:19.723090+00:00, run_after=2023-05-14T05:59:19.723090+00:00
[2023-05-14T05:59:19.754+0000] {processor.py:175} INFO - Processing /home/airflow/.local/lib/python3.7/site-packages/airflow/example_dags/example_task_group.py took 0.111 seconds
[2023-05-14T05:59:50.101+0000] {processor.py:153} INFO - Started process (PID=15701) to work on /home/airflow/.local/lib/python3.7/site-packages/airflow/example_dags/example_task_group.py
[2023-05-14T05:59:50.103+0000] {processor.py:743} INFO - Processing file /home/airflow/.local/lib/python3.7/site-packages/airflow/example_dags/example_task_group.py for tasks to queue
[2023-05-14T05:59:50.104+0000] {logging_mixin.py:137} INFO - [2023-05-14T05:59:50.103+0000] {dagbag.py:532} INFO - Filling up the DagBag from /home/airflow/.local/lib/python3.7/site-packages/airflow/example_dags/example_task_group.py
[2023-05-14T05:59:50.116+0000] {processor.py:753} INFO - DAG(s) dict_keys(['example_task_group']) retrieved from /home/airflow/.local/lib/python3.7/site-packages/airflow/example_dags/example_task_group.py
[2023-05-14T05:59:50.141+0000] {logging_mixin.py:137} INFO - [2023-05-14T05:59:50.141+0000] {dag.py:2705} INFO - Sync 1 DAGs
[2023-05-14T05:59:50.159+0000] {logging_mixin.py:137} INFO - [2023-05-14T05:59:50.159+0000] {dag.py:3456} INFO - Setting next_dagrun for example_task_group to 2023-05-13T05:59:50.159344+00:00, run_after=2023-05-14T05:59:50.159344+00:00
[2023-05-14T05:59:50.173+0000] {processor.py:175} INFO - Processing /home/airflow/.local/lib/python3.7/site-packages/airflow/example_dags/example_task_group.py took 0.076 seconds
[2023-05-14T06:00:20.361+0000] {processor.py:153} INFO - Started process (PID=15925) to work on /home/airflow/.local/lib/python3.7/site-packages/airflow/example_dags/example_task_group.py
[2023-05-14T06:00:20.362+0000] {processor.py:743} INFO - Processing file /home/airflow/.local/lib/python3.7/site-packages/airflow/example_dags/example_task_group.py for tasks to queue
[2023-05-14T06:00:20.363+0000] {logging_mixin.py:137} INFO - [2023-05-14T06:00:20.363+0000] {dagbag.py:532} INFO - Filling up the DagBag from /home/airflow/.local/lib/python3.7/site-packages/airflow/example_dags/example_task_group.py
[2023-05-14T06:00:20.393+0000] {processor.py:753} INFO - DAG(s) dict_keys(['example_task_group']) retrieved from /home/airflow/.local/lib/python3.7/site-packages/airflow/example_dags/example_task_group.py
[2023-05-14T06:00:20.421+0000] {logging_mixin.py:137} INFO - [2023-05-14T06:00:20.421+0000] {dag.py:2705} INFO - Sync 1 DAGs
[2023-05-14T06:00:20.447+0000] {logging_mixin.py:137} INFO - [2023-05-14T06:00:20.447+0000] {dag.py:3456} INFO - Setting next_dagrun for example_task_group to 2023-05-13T06:00:20.447044+00:00, run_after=2023-05-14T06:00:20.447044+00:00
[2023-05-14T06:00:20.479+0000] {processor.py:175} INFO - Processing /home/airflow/.local/lib/python3.7/site-packages/airflow/example_dags/example_task_group.py took 0.122 seconds
[2023-05-14T06:00:51.086+0000] {processor.py:153} INFO - Started process (PID=16151) to work on /home/airflow/.local/lib/python3.7/site-packages/airflow/example_dags/example_task_group.py
[2023-05-14T06:00:51.087+0000] {processor.py:743} INFO - Processing file /home/airflow/.local/lib/python3.7/site-packages/airflow/example_dags/example_task_group.py for tasks to queue
[2023-05-14T06:00:51.088+0000] {logging_mixin.py:137} INFO - [2023-05-14T06:00:51.088+0000] {dagbag.py:532} INFO - Filling up the DagBag from /home/airflow/.local/lib/python3.7/site-packages/airflow/example_dags/example_task_group.py
[2023-05-14T06:00:51.105+0000] {processor.py:753} INFO - DAG(s) dict_keys(['example_task_group']) retrieved from /home/airflow/.local/lib/python3.7/site-packages/airflow/example_dags/example_task_group.py
[2023-05-14T06:00:51.131+0000] {logging_mixin.py:137} INFO - [2023-05-14T06:00:51.131+0000] {dag.py:2705} INFO - Sync 1 DAGs
[2023-05-14T06:00:51.149+0000] {logging_mixin.py:137} INFO - [2023-05-14T06:00:51.149+0000] {dag.py:3456} INFO - Setting next_dagrun for example_task_group to 2023-05-13T06:00:51.148989+00:00, run_after=2023-05-14T06:00:51.148989+00:00
[2023-05-14T06:00:51.161+0000] {processor.py:175} INFO - Processing /home/airflow/.local/lib/python3.7/site-packages/airflow/example_dags/example_task_group.py took 0.079 seconds
[2023-05-14T06:01:21.908+0000] {processor.py:153} INFO - Started process (PID=16379) to work on /home/airflow/.local/lib/python3.7/site-packages/airflow/example_dags/example_task_group.py
[2023-05-14T06:01:21.910+0000] {processor.py:743} INFO - Processing file /home/airflow/.local/lib/python3.7/site-packages/airflow/example_dags/example_task_group.py for tasks to queue
[2023-05-14T06:01:21.912+0000] {logging_mixin.py:137} INFO - [2023-05-14T06:01:21.912+0000] {dagbag.py:532} INFO - Filling up the DagBag from /home/airflow/.local/lib/python3.7/site-packages/airflow/example_dags/example_task_group.py
[2023-05-14T06:01:21.928+0000] {processor.py:753} INFO - DAG(s) dict_keys(['example_task_group']) retrieved from /home/airflow/.local/lib/python3.7/site-packages/airflow/example_dags/example_task_group.py
[2023-05-14T06:01:21.959+0000] {logging_mixin.py:137} INFO - [2023-05-14T06:01:21.959+0000] {dag.py:2705} INFO - Sync 1 DAGs
[2023-05-14T06:01:21.986+0000] {logging_mixin.py:137} INFO - [2023-05-14T06:01:21.986+0000] {dag.py:3456} INFO - Setting next_dagrun for example_task_group to 2023-05-13T06:01:21.986576+00:00, run_after=2023-05-14T06:01:21.986576+00:00
[2023-05-14T06:01:22.001+0000] {processor.py:175} INFO - Processing /home/airflow/.local/lib/python3.7/site-packages/airflow/example_dags/example_task_group.py took 0.096 seconds
[2023-05-14T06:01:52.379+0000] {processor.py:153} INFO - Started process (PID=16603) to work on /home/airflow/.local/lib/python3.7/site-packages/airflow/example_dags/example_task_group.py
[2023-05-14T06:01:52.380+0000] {processor.py:743} INFO - Processing file /home/airflow/.local/lib/python3.7/site-packages/airflow/example_dags/example_task_group.py for tasks to queue
[2023-05-14T06:01:52.381+0000] {logging_mixin.py:137} INFO - [2023-05-14T06:01:52.381+0000] {dagbag.py:532} INFO - Filling up the DagBag from /home/airflow/.local/lib/python3.7/site-packages/airflow/example_dags/example_task_group.py
[2023-05-14T06:01:52.396+0000] {processor.py:753} INFO - DAG(s) dict_keys(['example_task_group']) retrieved from /home/airflow/.local/lib/python3.7/site-packages/airflow/example_dags/example_task_group.py
[2023-05-14T06:01:52.420+0000] {logging_mixin.py:137} INFO - [2023-05-14T06:01:52.420+0000] {dag.py:2705} INFO - Sync 1 DAGs
[2023-05-14T06:01:52.437+0000] {logging_mixin.py:137} INFO - [2023-05-14T06:01:52.437+0000] {dag.py:3456} INFO - Setting next_dagrun for example_task_group to 2023-05-13T06:01:52.437198+00:00, run_after=2023-05-14T06:01:52.437198+00:00
[2023-05-14T06:01:52.449+0000] {processor.py:175} INFO - Processing /home/airflow/.local/lib/python3.7/site-packages/airflow/example_dags/example_task_group.py took 0.073 seconds
[2023-05-14T06:02:22.839+0000] {processor.py:153} INFO - Started process (PID=16834) to work on /home/airflow/.local/lib/python3.7/site-packages/airflow/example_dags/example_task_group.py
[2023-05-14T06:02:22.858+0000] {processor.py:743} INFO - Processing file /home/airflow/.local/lib/python3.7/site-packages/airflow/example_dags/example_task_group.py for tasks to queue
[2023-05-14T06:02:22.859+0000] {logging_mixin.py:137} INFO - [2023-05-14T06:02:22.859+0000] {dagbag.py:532} INFO - Filling up the DagBag from /home/airflow/.local/lib/python3.7/site-packages/airflow/example_dags/example_task_group.py
[2023-05-14T06:02:22.876+0000] {processor.py:753} INFO - DAG(s) dict_keys(['example_task_group']) retrieved from /home/airflow/.local/lib/python3.7/site-packages/airflow/example_dags/example_task_group.py
[2023-05-14T06:02:22.898+0000] {logging_mixin.py:137} INFO - [2023-05-14T06:02:22.898+0000] {dag.py:2705} INFO - Sync 1 DAGs
[2023-05-14T06:02:22.919+0000] {logging_mixin.py:137} INFO - [2023-05-14T06:02:22.919+0000] {dag.py:3456} INFO - Setting next_dagrun for example_task_group to 2023-05-13T06:02:22.919582+00:00, run_after=2023-05-14T06:02:22.919582+00:00
[2023-05-14T06:02:22.932+0000] {processor.py:175} INFO - Processing /home/airflow/.local/lib/python3.7/site-packages/airflow/example_dags/example_task_group.py took 0.096 seconds
[2023-05-14T06:02:53.376+0000] {processor.py:153} INFO - Started process (PID=17060) to work on /home/airflow/.local/lib/python3.7/site-packages/airflow/example_dags/example_task_group.py
[2023-05-14T06:02:53.378+0000] {processor.py:743} INFO - Processing file /home/airflow/.local/lib/python3.7/site-packages/airflow/example_dags/example_task_group.py for tasks to queue
[2023-05-14T06:02:53.379+0000] {logging_mixin.py:137} INFO - [2023-05-14T06:02:53.379+0000] {dagbag.py:532} INFO - Filling up the DagBag from /home/airflow/.local/lib/python3.7/site-packages/airflow/example_dags/example_task_group.py
[2023-05-14T06:02:53.406+0000] {processor.py:753} INFO - DAG(s) dict_keys(['example_task_group']) retrieved from /home/airflow/.local/lib/python3.7/site-packages/airflow/example_dags/example_task_group.py
[2023-05-14T06:02:53.438+0000] {logging_mixin.py:137} INFO - [2023-05-14T06:02:53.438+0000] {dag.py:2705} INFO - Sync 1 DAGs
[2023-05-14T06:02:53.458+0000] {logging_mixin.py:137} INFO - [2023-05-14T06:02:53.458+0000] {dag.py:3456} INFO - Setting next_dagrun for example_task_group to 2023-05-13T06:02:53.457874+00:00, run_after=2023-05-14T06:02:53.457874+00:00
[2023-05-14T06:02:53.473+0000] {processor.py:175} INFO - Processing /home/airflow/.local/lib/python3.7/site-packages/airflow/example_dags/example_task_group.py took 0.101 seconds
[2023-05-14T06:03:23.866+0000] {processor.py:153} INFO - Started process (PID=17283) to work on /home/airflow/.local/lib/python3.7/site-packages/airflow/example_dags/example_task_group.py
[2023-05-14T06:03:23.867+0000] {processor.py:743} INFO - Processing file /home/airflow/.local/lib/python3.7/site-packages/airflow/example_dags/example_task_group.py for tasks to queue
[2023-05-14T06:03:23.868+0000] {logging_mixin.py:137} INFO - [2023-05-14T06:03:23.868+0000] {dagbag.py:532} INFO - Filling up the DagBag from /home/airflow/.local/lib/python3.7/site-packages/airflow/example_dags/example_task_group.py
[2023-05-14T06:03:23.883+0000] {processor.py:753} INFO - DAG(s) dict_keys(['example_task_group']) retrieved from /home/airflow/.local/lib/python3.7/site-packages/airflow/example_dags/example_task_group.py
[2023-05-14T06:03:23.905+0000] {logging_mixin.py:137} INFO - [2023-05-14T06:03:23.905+0000] {dag.py:2705} INFO - Sync 1 DAGs
[2023-05-14T06:03:23.922+0000] {logging_mixin.py:137} INFO - [2023-05-14T06:03:23.922+0000] {dag.py:3456} INFO - Setting next_dagrun for example_task_group to 2023-05-13T06:03:23.922328+00:00, run_after=2023-05-14T06:03:23.922328+00:00
[2023-05-14T06:03:23.938+0000] {processor.py:175} INFO - Processing /home/airflow/.local/lib/python3.7/site-packages/airflow/example_dags/example_task_group.py took 0.076 seconds
[2023-05-14T06:03:54.508+0000] {processor.py:153} INFO - Started process (PID=17508) to work on /home/airflow/.local/lib/python3.7/site-packages/airflow/example_dags/example_task_group.py
[2023-05-14T06:03:54.510+0000] {processor.py:743} INFO - Processing file /home/airflow/.local/lib/python3.7/site-packages/airflow/example_dags/example_task_group.py for tasks to queue
[2023-05-14T06:03:54.511+0000] {logging_mixin.py:137} INFO - [2023-05-14T06:03:54.511+0000] {dagbag.py:532} INFO - Filling up the DagBag from /home/airflow/.local/lib/python3.7/site-packages/airflow/example_dags/example_task_group.py
[2023-05-14T06:03:54.541+0000] {processor.py:753} INFO - DAG(s) dict_keys(['example_task_group']) retrieved from /home/airflow/.local/lib/python3.7/site-packages/airflow/example_dags/example_task_group.py
[2023-05-14T06:03:54.567+0000] {logging_mixin.py:137} INFO - [2023-05-14T06:03:54.567+0000] {dag.py:2705} INFO - Sync 1 DAGs
[2023-05-14T06:03:54.584+0000] {logging_mixin.py:137} INFO - [2023-05-14T06:03:54.584+0000] {dag.py:3456} INFO - Setting next_dagrun for example_task_group to 2023-05-13T06:03:54.584675+00:00, run_after=2023-05-14T06:03:54.584675+00:00
[2023-05-14T06:03:54.599+0000] {processor.py:175} INFO - Processing /home/airflow/.local/lib/python3.7/site-packages/airflow/example_dags/example_task_group.py took 0.094 seconds
[2023-05-14T06:04:25.018+0000] {processor.py:153} INFO - Started process (PID=17731) to work on /home/airflow/.local/lib/python3.7/site-packages/airflow/example_dags/example_task_group.py
[2023-05-14T06:04:25.020+0000] {processor.py:743} INFO - Processing file /home/airflow/.local/lib/python3.7/site-packages/airflow/example_dags/example_task_group.py for tasks to queue
[2023-05-14T06:04:25.022+0000] {logging_mixin.py:137} INFO - [2023-05-14T06:04:25.022+0000] {dagbag.py:532} INFO - Filling up the DagBag from /home/airflow/.local/lib/python3.7/site-packages/airflow/example_dags/example_task_group.py
[2023-05-14T06:04:25.041+0000] {processor.py:753} INFO - DAG(s) dict_keys(['example_task_group']) retrieved from /home/airflow/.local/lib/python3.7/site-packages/airflow/example_dags/example_task_group.py
[2023-05-14T06:04:25.070+0000] {logging_mixin.py:137} INFO - [2023-05-14T06:04:25.070+0000] {dag.py:2705} INFO - Sync 1 DAGs
[2023-05-14T06:04:25.088+0000] {logging_mixin.py:137} INFO - [2023-05-14T06:04:25.088+0000] {dag.py:3456} INFO - Setting next_dagrun for example_task_group to 2023-05-13T06:04:25.087841+00:00, run_after=2023-05-14T06:04:25.087841+00:00
[2023-05-14T06:04:25.104+0000] {processor.py:175} INFO - Processing /home/airflow/.local/lib/python3.7/site-packages/airflow/example_dags/example_task_group.py took 0.088 seconds
[2023-05-14T06:04:55.335+0000] {processor.py:153} INFO - Started process (PID=17957) to work on /home/airflow/.local/lib/python3.7/site-packages/airflow/example_dags/example_task_group.py
[2023-05-14T06:04:55.337+0000] {processor.py:743} INFO - Processing file /home/airflow/.local/lib/python3.7/site-packages/airflow/example_dags/example_task_group.py for tasks to queue
[2023-05-14T06:04:55.338+0000] {logging_mixin.py:137} INFO - [2023-05-14T06:04:55.338+0000] {dagbag.py:532} INFO - Filling up the DagBag from /home/airflow/.local/lib/python3.7/site-packages/airflow/example_dags/example_task_group.py
[2023-05-14T06:04:55.354+0000] {processor.py:753} INFO - DAG(s) dict_keys(['example_task_group']) retrieved from /home/airflow/.local/lib/python3.7/site-packages/airflow/example_dags/example_task_group.py
[2023-05-14T06:04:55.380+0000] {logging_mixin.py:137} INFO - [2023-05-14T06:04:55.380+0000] {dag.py:2705} INFO - Sync 1 DAGs
[2023-05-14T06:04:55.397+0000] {logging_mixin.py:137} INFO - [2023-05-14T06:04:55.397+0000] {dag.py:3456} INFO - Setting next_dagrun for example_task_group to 2023-05-13T06:04:55.397057+00:00, run_after=2023-05-14T06:04:55.397057+00:00
[2023-05-14T06:04:55.411+0000] {processor.py:175} INFO - Processing /home/airflow/.local/lib/python3.7/site-packages/airflow/example_dags/example_task_group.py took 0.079 seconds
[2023-05-14T06:05:25.766+0000] {processor.py:153} INFO - Started process (PID=18181) to work on /home/airflow/.local/lib/python3.7/site-packages/airflow/example_dags/example_task_group.py
[2023-05-14T06:05:25.772+0000] {processor.py:743} INFO - Processing file /home/airflow/.local/lib/python3.7/site-packages/airflow/example_dags/example_task_group.py for tasks to queue
[2023-05-14T06:05:25.773+0000] {logging_mixin.py:137} INFO - [2023-05-14T06:05:25.773+0000] {dagbag.py:532} INFO - Filling up the DagBag from /home/airflow/.local/lib/python3.7/site-packages/airflow/example_dags/example_task_group.py
[2023-05-14T06:05:25.788+0000] {processor.py:753} INFO - DAG(s) dict_keys(['example_task_group']) retrieved from /home/airflow/.local/lib/python3.7/site-packages/airflow/example_dags/example_task_group.py
[2023-05-14T06:05:25.810+0000] {logging_mixin.py:137} INFO - [2023-05-14T06:05:25.810+0000] {dag.py:2705} INFO - Sync 1 DAGs
[2023-05-14T06:05:25.830+0000] {logging_mixin.py:137} INFO - [2023-05-14T06:05:25.830+0000] {dag.py:3456} INFO - Setting next_dagrun for example_task_group to 2023-05-13T06:05:25.830606+00:00, run_after=2023-05-14T06:05:25.830606+00:00
[2023-05-14T06:05:25.847+0000] {processor.py:175} INFO - Processing /home/airflow/.local/lib/python3.7/site-packages/airflow/example_dags/example_task_group.py took 0.084 seconds
[2023-05-14T06:05:56.177+0000] {processor.py:153} INFO - Started process (PID=18403) to work on /home/airflow/.local/lib/python3.7/site-packages/airflow/example_dags/example_task_group.py
[2023-05-14T06:05:56.179+0000] {processor.py:743} INFO - Processing file /home/airflow/.local/lib/python3.7/site-packages/airflow/example_dags/example_task_group.py for tasks to queue
[2023-05-14T06:05:56.180+0000] {logging_mixin.py:137} INFO - [2023-05-14T06:05:56.180+0000] {dagbag.py:532} INFO - Filling up the DagBag from /home/airflow/.local/lib/python3.7/site-packages/airflow/example_dags/example_task_group.py
[2023-05-14T06:05:56.199+0000] {processor.py:753} INFO - DAG(s) dict_keys(['example_task_group']) retrieved from /home/airflow/.local/lib/python3.7/site-packages/airflow/example_dags/example_task_group.py
[2023-05-14T06:05:56.221+0000] {logging_mixin.py:137} INFO - [2023-05-14T06:05:56.221+0000] {dag.py:2705} INFO - Sync 1 DAGs
[2023-05-14T06:05:56.238+0000] {logging_mixin.py:137} INFO - [2023-05-14T06:05:56.238+0000] {dag.py:3456} INFO - Setting next_dagrun for example_task_group to 2023-05-13T06:05:56.238520+00:00, run_after=2023-05-14T06:05:56.238520+00:00
[2023-05-14T06:05:56.255+0000] {processor.py:175} INFO - Processing /home/airflow/.local/lib/python3.7/site-packages/airflow/example_dags/example_task_group.py took 0.081 seconds
[2023-05-14T06:06:26.883+0000] {processor.py:153} INFO - Started process (PID=18628) to work on /home/airflow/.local/lib/python3.7/site-packages/airflow/example_dags/example_task_group.py
[2023-05-14T06:06:26.886+0000] {processor.py:743} INFO - Processing file /home/airflow/.local/lib/python3.7/site-packages/airflow/example_dags/example_task_group.py for tasks to queue
[2023-05-14T06:06:26.887+0000] {logging_mixin.py:137} INFO - [2023-05-14T06:06:26.887+0000] {dagbag.py:532} INFO - Filling up the DagBag from /home/airflow/.local/lib/python3.7/site-packages/airflow/example_dags/example_task_group.py
[2023-05-14T06:06:26.905+0000] {processor.py:753} INFO - DAG(s) dict_keys(['example_task_group']) retrieved from /home/airflow/.local/lib/python3.7/site-packages/airflow/example_dags/example_task_group.py
[2023-05-14T06:06:26.928+0000] {logging_mixin.py:137} INFO - [2023-05-14T06:06:26.928+0000] {dag.py:2705} INFO - Sync 1 DAGs
[2023-05-14T06:06:26.946+0000] {logging_mixin.py:137} INFO - [2023-05-14T06:06:26.946+0000] {dag.py:3456} INFO - Setting next_dagrun for example_task_group to 2023-05-13T06:06:26.946091+00:00, run_after=2023-05-14T06:06:26.946091+00:00
[2023-05-14T06:06:26.961+0000] {processor.py:175} INFO - Processing /home/airflow/.local/lib/python3.7/site-packages/airflow/example_dags/example_task_group.py took 0.082 seconds
[2023-05-14T06:06:57.358+0000] {processor.py:153} INFO - Started process (PID=18852) to work on /home/airflow/.local/lib/python3.7/site-packages/airflow/example_dags/example_task_group.py
[2023-05-14T06:06:57.360+0000] {processor.py:743} INFO - Processing file /home/airflow/.local/lib/python3.7/site-packages/airflow/example_dags/example_task_group.py for tasks to queue
[2023-05-14T06:06:57.361+0000] {logging_mixin.py:137} INFO - [2023-05-14T06:06:57.361+0000] {dagbag.py:532} INFO - Filling up the DagBag from /home/airflow/.local/lib/python3.7/site-packages/airflow/example_dags/example_task_group.py
[2023-05-14T06:06:57.377+0000] {processor.py:753} INFO - DAG(s) dict_keys(['example_task_group']) retrieved from /home/airflow/.local/lib/python3.7/site-packages/airflow/example_dags/example_task_group.py
[2023-05-14T06:06:57.401+0000] {logging_mixin.py:137} INFO - [2023-05-14T06:06:57.401+0000] {dag.py:2705} INFO - Sync 1 DAGs
[2023-05-14T06:06:57.422+0000] {logging_mixin.py:137} INFO - [2023-05-14T06:06:57.422+0000] {dag.py:3456} INFO - Setting next_dagrun for example_task_group to 2023-05-13T06:06:57.421864+00:00, run_after=2023-05-14T06:06:57.421864+00:00
[2023-05-14T06:06:57.437+0000] {processor.py:175} INFO - Processing /home/airflow/.local/lib/python3.7/site-packages/airflow/example_dags/example_task_group.py took 0.082 seconds
[2023-05-14T06:07:28.100+0000] {processor.py:153} INFO - Started process (PID=19084) to work on /home/airflow/.local/lib/python3.7/site-packages/airflow/example_dags/example_task_group.py
[2023-05-14T06:07:28.102+0000] {processor.py:743} INFO - Processing file /home/airflow/.local/lib/python3.7/site-packages/airflow/example_dags/example_task_group.py for tasks to queue
[2023-05-14T06:07:28.103+0000] {logging_mixin.py:137} INFO - [2023-05-14T06:07:28.103+0000] {dagbag.py:532} INFO - Filling up the DagBag from /home/airflow/.local/lib/python3.7/site-packages/airflow/example_dags/example_task_group.py
[2023-05-14T06:07:28.121+0000] {processor.py:753} INFO - DAG(s) dict_keys(['example_task_group']) retrieved from /home/airflow/.local/lib/python3.7/site-packages/airflow/example_dags/example_task_group.py
[2023-05-14T06:07:28.148+0000] {logging_mixin.py:137} INFO - [2023-05-14T06:07:28.148+0000] {dag.py:2705} INFO - Sync 1 DAGs
[2023-05-14T06:07:28.167+0000] {logging_mixin.py:137} INFO - [2023-05-14T06:07:28.166+0000] {dag.py:3456} INFO - Setting next_dagrun for example_task_group to 2023-05-13T06:07:28.166782+00:00, run_after=2023-05-14T06:07:28.166782+00:00
[2023-05-14T06:07:28.182+0000] {processor.py:175} INFO - Processing /home/airflow/.local/lib/python3.7/site-packages/airflow/example_dags/example_task_group.py took 0.085 seconds
