[2023-05-14T00:21:05.663+0000] {processor.py:153} INFO - Started process (PID=2838) to work on /home/airflow/.local/lib/python3.7/site-packages/airflow/example_dags/example_sensors.py
[2023-05-14T00:21:05.667+0000] {processor.py:743} INFO - Processing file /home/airflow/.local/lib/python3.7/site-packages/airflow/example_dags/example_sensors.py for tasks to queue
[2023-05-14T00:21:05.670+0000] {logging_mixin.py:137} INFO - [2023-05-14T00:21:05.669+0000] {dagbag.py:532} INFO - Filling up the DagBag from /home/airflow/.local/lib/python3.7/site-packages/airflow/example_dags/example_sensors.py
[2023-05-14T00:21:05.716+0000] {processor.py:753} INFO - DAG(s) dict_keys(['example_sensors']) retrieved from /home/airflow/.local/lib/python3.7/site-packages/airflow/example_dags/example_sensors.py
[2023-05-14T00:21:05.776+0000] {logging_mixin.py:137} INFO - [2023-05-14T00:21:05.776+0000] {dag.py:2705} INFO - Sync 1 DAGs
[2023-05-14T00:21:05.822+0000] {logging_mixin.py:137} INFO - [2023-05-14T00:21:05.822+0000] {dag.py:3456} INFO - Setting next_dagrun for example_sensors to None, run_after=None
[2023-05-14T00:21:05.862+0000] {processor.py:175} INFO - Processing /home/airflow/.local/lib/python3.7/site-packages/airflow/example_dags/example_sensors.py took 0.210 seconds
[2023-05-14T01:15:57.636+0000] {processor.py:153} INFO - Started process (PID=3062) to work on /home/airflow/.local/lib/python3.7/site-packages/airflow/example_dags/example_sensors.py
[2023-05-14T01:15:57.637+0000] {processor.py:743} INFO - Processing file /home/airflow/.local/lib/python3.7/site-packages/airflow/example_dags/example_sensors.py for tasks to queue
[2023-05-14T01:15:57.638+0000] {logging_mixin.py:137} INFO - [2023-05-14T01:15:57.638+0000] {dagbag.py:532} INFO - Filling up the DagBag from /home/airflow/.local/lib/python3.7/site-packages/airflow/example_dags/example_sensors.py
[2023-05-14T01:15:57.653+0000] {processor.py:753} INFO - DAG(s) dict_keys(['example_sensors']) retrieved from /home/airflow/.local/lib/python3.7/site-packages/airflow/example_dags/example_sensors.py
[2023-05-14T01:15:57.679+0000] {logging_mixin.py:137} INFO - [2023-05-14T01:15:57.679+0000] {dag.py:2705} INFO - Sync 1 DAGs
[2023-05-14T01:15:57.697+0000] {logging_mixin.py:137} INFO - [2023-05-14T01:15:57.697+0000] {dag.py:3456} INFO - Setting next_dagrun for example_sensors to None, run_after=None
[2023-05-14T01:15:57.724+0000] {processor.py:175} INFO - Processing /home/airflow/.local/lib/python3.7/site-packages/airflow/example_dags/example_sensors.py took 0.091 seconds
[2023-05-14T02:15:37.236+0000] {processor.py:153} INFO - Started process (PID=3285) to work on /home/airflow/.local/lib/python3.7/site-packages/airflow/example_dags/example_sensors.py
[2023-05-14T02:15:37.238+0000] {processor.py:743} INFO - Processing file /home/airflow/.local/lib/python3.7/site-packages/airflow/example_dags/example_sensors.py for tasks to queue
[2023-05-14T02:15:37.239+0000] {logging_mixin.py:137} INFO - [2023-05-14T02:15:37.239+0000] {dagbag.py:532} INFO - Filling up the DagBag from /home/airflow/.local/lib/python3.7/site-packages/airflow/example_dags/example_sensors.py
[2023-05-14T02:15:37.256+0000] {processor.py:753} INFO - DAG(s) dict_keys(['example_sensors']) retrieved from /home/airflow/.local/lib/python3.7/site-packages/airflow/example_dags/example_sensors.py
[2023-05-14T02:15:37.282+0000] {logging_mixin.py:137} INFO - [2023-05-14T02:15:37.282+0000] {dag.py:2705} INFO - Sync 1 DAGs
[2023-05-14T02:15:37.300+0000] {logging_mixin.py:137} INFO - [2023-05-14T02:15:37.299+0000] {dag.py:3456} INFO - Setting next_dagrun for example_sensors to None, run_after=None
[2023-05-14T02:15:37.320+0000] {processor.py:175} INFO - Processing /home/airflow/.local/lib/python3.7/site-packages/airflow/example_dags/example_sensors.py took 0.088 seconds
[2023-05-14T02:41:27.719+0000] {processor.py:153} INFO - Started process (PID=3508) to work on /home/airflow/.local/lib/python3.7/site-packages/airflow/example_dags/example_sensors.py
[2023-05-14T02:41:27.721+0000] {processor.py:743} INFO - Processing file /home/airflow/.local/lib/python3.7/site-packages/airflow/example_dags/example_sensors.py for tasks to queue
[2023-05-14T02:41:27.723+0000] {logging_mixin.py:137} INFO - [2023-05-14T02:41:27.723+0000] {dagbag.py:532} INFO - Filling up the DagBag from /home/airflow/.local/lib/python3.7/site-packages/airflow/example_dags/example_sensors.py
[2023-05-14T02:41:27.738+0000] {processor.py:753} INFO - DAG(s) dict_keys(['example_sensors']) retrieved from /home/airflow/.local/lib/python3.7/site-packages/airflow/example_dags/example_sensors.py
[2023-05-14T02:41:27.765+0000] {logging_mixin.py:137} INFO - [2023-05-14T02:41:27.765+0000] {dag.py:2705} INFO - Sync 1 DAGs
[2023-05-14T02:41:27.798+0000] {logging_mixin.py:137} INFO - [2023-05-14T02:41:27.798+0000] {dag.py:3456} INFO - Setting next_dagrun for example_sensors to None, run_after=None
[2023-05-14T02:41:27.810+0000] {processor.py:175} INFO - Processing /home/airflow/.local/lib/python3.7/site-packages/airflow/example_dags/example_sensors.py took 0.093 seconds
[2023-05-14T02:54:55.771+0000] {processor.py:153} INFO - Started process (PID=3731) to work on /home/airflow/.local/lib/python3.7/site-packages/airflow/example_dags/example_sensors.py
[2023-05-14T02:54:55.773+0000] {processor.py:743} INFO - Processing file /home/airflow/.local/lib/python3.7/site-packages/airflow/example_dags/example_sensors.py for tasks to queue
[2023-05-14T02:54:55.775+0000] {logging_mixin.py:137} INFO - [2023-05-14T02:54:55.775+0000] {dagbag.py:532} INFO - Filling up the DagBag from /home/airflow/.local/lib/python3.7/site-packages/airflow/example_dags/example_sensors.py
[2023-05-14T02:54:55.804+0000] {processor.py:753} INFO - DAG(s) dict_keys(['example_sensors']) retrieved from /home/airflow/.local/lib/python3.7/site-packages/airflow/example_dags/example_sensors.py
[2023-05-14T02:54:55.831+0000] {logging_mixin.py:137} INFO - [2023-05-14T02:54:55.830+0000] {dag.py:2705} INFO - Sync 1 DAGs
[2023-05-14T02:54:55.855+0000] {logging_mixin.py:137} INFO - [2023-05-14T02:54:55.855+0000] {dag.py:3456} INFO - Setting next_dagrun for example_sensors to None, run_after=None
[2023-05-14T02:54:55.884+0000] {processor.py:175} INFO - Processing /home/airflow/.local/lib/python3.7/site-packages/airflow/example_dags/example_sensors.py took 0.116 seconds
[2023-05-14T02:59:00.773+0000] {processor.py:153} INFO - Started process (PID=3956) to work on /home/airflow/.local/lib/python3.7/site-packages/airflow/example_dags/example_sensors.py
[2023-05-14T02:59:00.775+0000] {processor.py:743} INFO - Processing file /home/airflow/.local/lib/python3.7/site-packages/airflow/example_dags/example_sensors.py for tasks to queue
[2023-05-14T02:59:00.776+0000] {logging_mixin.py:137} INFO - [2023-05-14T02:59:00.776+0000] {dagbag.py:532} INFO - Filling up the DagBag from /home/airflow/.local/lib/python3.7/site-packages/airflow/example_dags/example_sensors.py
[2023-05-14T02:59:00.792+0000] {processor.py:753} INFO - DAG(s) dict_keys(['example_sensors']) retrieved from /home/airflow/.local/lib/python3.7/site-packages/airflow/example_dags/example_sensors.py
[2023-05-14T02:59:00.817+0000] {logging_mixin.py:137} INFO - [2023-05-14T02:59:00.817+0000] {dag.py:2705} INFO - Sync 1 DAGs
[2023-05-14T02:59:00.835+0000] {logging_mixin.py:137} INFO - [2023-05-14T02:59:00.835+0000] {dag.py:3456} INFO - Setting next_dagrun for example_sensors to None, run_after=None
[2023-05-14T02:59:00.849+0000] {processor.py:175} INFO - Processing /home/airflow/.local/lib/python3.7/site-packages/airflow/example_dags/example_sensors.py took 0.078 seconds
[2023-05-14T02:59:31.838+0000] {processor.py:153} INFO - Started process (PID=4178) to work on /home/airflow/.local/lib/python3.7/site-packages/airflow/example_dags/example_sensors.py
[2023-05-14T02:59:31.840+0000] {processor.py:743} INFO - Processing file /home/airflow/.local/lib/python3.7/site-packages/airflow/example_dags/example_sensors.py for tasks to queue
[2023-05-14T02:59:31.841+0000] {logging_mixin.py:137} INFO - [2023-05-14T02:59:31.841+0000] {dagbag.py:532} INFO - Filling up the DagBag from /home/airflow/.local/lib/python3.7/site-packages/airflow/example_dags/example_sensors.py
[2023-05-14T02:59:31.857+0000] {processor.py:753} INFO - DAG(s) dict_keys(['example_sensors']) retrieved from /home/airflow/.local/lib/python3.7/site-packages/airflow/example_dags/example_sensors.py
[2023-05-14T02:59:31.884+0000] {logging_mixin.py:137} INFO - [2023-05-14T02:59:31.884+0000] {dag.py:2705} INFO - Sync 1 DAGs
[2023-05-14T02:59:31.900+0000] {logging_mixin.py:137} INFO - [2023-05-14T02:59:31.900+0000] {dag.py:3456} INFO - Setting next_dagrun for example_sensors to None, run_after=None
[2023-05-14T02:59:31.913+0000] {processor.py:175} INFO - Processing /home/airflow/.local/lib/python3.7/site-packages/airflow/example_dags/example_sensors.py took 0.077 seconds
[2023-05-14T03:16:06.630+0000] {processor.py:153} INFO - Started process (PID=4401) to work on /home/airflow/.local/lib/python3.7/site-packages/airflow/example_dags/example_sensors.py
[2023-05-14T03:16:06.643+0000] {processor.py:743} INFO - Processing file /home/airflow/.local/lib/python3.7/site-packages/airflow/example_dags/example_sensors.py for tasks to queue
[2023-05-14T03:16:06.647+0000] {logging_mixin.py:137} INFO - [2023-05-14T03:16:06.647+0000] {dagbag.py:532} INFO - Filling up the DagBag from /home/airflow/.local/lib/python3.7/site-packages/airflow/example_dags/example_sensors.py
[2023-05-14T03:16:06.720+0000] {processor.py:753} INFO - DAG(s) dict_keys(['example_sensors']) retrieved from /home/airflow/.local/lib/python3.7/site-packages/airflow/example_dags/example_sensors.py
[2023-05-14T03:16:06.802+0000] {logging_mixin.py:137} INFO - [2023-05-14T03:16:06.801+0000] {dag.py:2705} INFO - Sync 1 DAGs
[2023-05-14T03:16:06.871+0000] {logging_mixin.py:137} INFO - [2023-05-14T03:16:06.871+0000] {dag.py:3456} INFO - Setting next_dagrun for example_sensors to None, run_after=None
[2023-05-14T03:16:06.907+0000] {processor.py:175} INFO - Processing /home/airflow/.local/lib/python3.7/site-packages/airflow/example_dags/example_sensors.py took 0.292 seconds
[2023-05-14T04:20:56.637+0000] {processor.py:153} INFO - Started process (PID=4624) to work on /home/airflow/.local/lib/python3.7/site-packages/airflow/example_dags/example_sensors.py
[2023-05-14T04:20:56.639+0000] {processor.py:743} INFO - Processing file /home/airflow/.local/lib/python3.7/site-packages/airflow/example_dags/example_sensors.py for tasks to queue
[2023-05-14T04:20:56.640+0000] {logging_mixin.py:137} INFO - [2023-05-14T04:20:56.640+0000] {dagbag.py:532} INFO - Filling up the DagBag from /home/airflow/.local/lib/python3.7/site-packages/airflow/example_dags/example_sensors.py
[2023-05-14T04:20:56.655+0000] {processor.py:753} INFO - DAG(s) dict_keys(['example_sensors']) retrieved from /home/airflow/.local/lib/python3.7/site-packages/airflow/example_dags/example_sensors.py
[2023-05-14T04:20:56.685+0000] {logging_mixin.py:137} INFO - [2023-05-14T04:20:56.685+0000] {dag.py:2705} INFO - Sync 1 DAGs
[2023-05-14T04:20:56.705+0000] {logging_mixin.py:137} INFO - [2023-05-14T04:20:56.705+0000] {dag.py:3456} INFO - Setting next_dagrun for example_sensors to None, run_after=None
[2023-05-14T04:20:56.721+0000] {processor.py:175} INFO - Processing /home/airflow/.local/lib/python3.7/site-packages/airflow/example_dags/example_sensors.py took 0.087 seconds
[2023-05-14T05:35:30.692+0000] {processor.py:153} INFO - Started process (PID=4847) to work on /home/airflow/.local/lib/python3.7/site-packages/airflow/example_dags/example_sensors.py
[2023-05-14T05:35:30.696+0000] {processor.py:743} INFO - Processing file /home/airflow/.local/lib/python3.7/site-packages/airflow/example_dags/example_sensors.py for tasks to queue
[2023-05-14T05:35:30.709+0000] {logging_mixin.py:137} INFO - [2023-05-14T05:35:30.708+0000] {dagbag.py:532} INFO - Filling up the DagBag from /home/airflow/.local/lib/python3.7/site-packages/airflow/example_dags/example_sensors.py
[2023-05-14T05:35:30.742+0000] {processor.py:753} INFO - DAG(s) dict_keys(['example_sensors']) retrieved from /home/airflow/.local/lib/python3.7/site-packages/airflow/example_dags/example_sensors.py
[2023-05-14T05:35:30.774+0000] {logging_mixin.py:137} INFO - [2023-05-14T05:35:30.774+0000] {dag.py:2705} INFO - Sync 1 DAGs
[2023-05-14T05:35:30.796+0000] {logging_mixin.py:137} INFO - [2023-05-14T05:35:30.796+0000] {dag.py:3456} INFO - Setting next_dagrun for example_sensors to None, run_after=None
[2023-05-14T05:35:30.811+0000] {processor.py:175} INFO - Processing /home/airflow/.local/lib/python3.7/site-packages/airflow/example_dags/example_sensors.py took 0.128 seconds
[2023-05-14T05:36:00.898+0000] {processor.py:153} INFO - Started process (PID=5072) to work on /home/airflow/.local/lib/python3.7/site-packages/airflow/example_dags/example_sensors.py
[2023-05-14T05:36:00.899+0000] {processor.py:743} INFO - Processing file /home/airflow/.local/lib/python3.7/site-packages/airflow/example_dags/example_sensors.py for tasks to queue
[2023-05-14T05:36:00.901+0000] {logging_mixin.py:137} INFO - [2023-05-14T05:36:00.901+0000] {dagbag.py:532} INFO - Filling up the DagBag from /home/airflow/.local/lib/python3.7/site-packages/airflow/example_dags/example_sensors.py
[2023-05-14T05:36:00.929+0000] {processor.py:753} INFO - DAG(s) dict_keys(['example_sensors']) retrieved from /home/airflow/.local/lib/python3.7/site-packages/airflow/example_dags/example_sensors.py
[2023-05-14T05:36:00.953+0000] {logging_mixin.py:137} INFO - [2023-05-14T05:36:00.953+0000] {dag.py:2705} INFO - Sync 1 DAGs
[2023-05-14T05:36:00.968+0000] {logging_mixin.py:137} INFO - [2023-05-14T05:36:00.968+0000] {dag.py:3456} INFO - Setting next_dagrun for example_sensors to None, run_after=None
[2023-05-14T05:36:00.979+0000] {processor.py:175} INFO - Processing /home/airflow/.local/lib/python3.7/site-packages/airflow/example_dags/example_sensors.py took 0.084 seconds
[2023-05-14T05:36:31.060+0000] {processor.py:153} INFO - Started process (PID=5294) to work on /home/airflow/.local/lib/python3.7/site-packages/airflow/example_dags/example_sensors.py
[2023-05-14T05:36:31.062+0000] {processor.py:743} INFO - Processing file /home/airflow/.local/lib/python3.7/site-packages/airflow/example_dags/example_sensors.py for tasks to queue
[2023-05-14T05:36:31.062+0000] {logging_mixin.py:137} INFO - [2023-05-14T05:36:31.062+0000] {dagbag.py:532} INFO - Filling up the DagBag from /home/airflow/.local/lib/python3.7/site-packages/airflow/example_dags/example_sensors.py
[2023-05-14T05:36:31.077+0000] {processor.py:753} INFO - DAG(s) dict_keys(['example_sensors']) retrieved from /home/airflow/.local/lib/python3.7/site-packages/airflow/example_dags/example_sensors.py
[2023-05-14T05:36:31.102+0000] {logging_mixin.py:137} INFO - [2023-05-14T05:36:31.102+0000] {dag.py:2705} INFO - Sync 1 DAGs
[2023-05-14T05:36:31.120+0000] {logging_mixin.py:137} INFO - [2023-05-14T05:36:31.120+0000] {dag.py:3456} INFO - Setting next_dagrun for example_sensors to None, run_after=None
[2023-05-14T05:36:31.134+0000] {processor.py:175} INFO - Processing /home/airflow/.local/lib/python3.7/site-packages/airflow/example_dags/example_sensors.py took 0.077 seconds
[2023-05-14T05:37:01.985+0000] {processor.py:153} INFO - Started process (PID=5517) to work on /home/airflow/.local/lib/python3.7/site-packages/airflow/example_dags/example_sensors.py
[2023-05-14T05:37:01.987+0000] {processor.py:743} INFO - Processing file /home/airflow/.local/lib/python3.7/site-packages/airflow/example_dags/example_sensors.py for tasks to queue
[2023-05-14T05:37:01.988+0000] {logging_mixin.py:137} INFO - [2023-05-14T05:37:01.988+0000] {dagbag.py:532} INFO - Filling up the DagBag from /home/airflow/.local/lib/python3.7/site-packages/airflow/example_dags/example_sensors.py
[2023-05-14T05:37:02.003+0000] {processor.py:753} INFO - DAG(s) dict_keys(['example_sensors']) retrieved from /home/airflow/.local/lib/python3.7/site-packages/airflow/example_dags/example_sensors.py
[2023-05-14T05:37:02.027+0000] {logging_mixin.py:137} INFO - [2023-05-14T05:37:02.027+0000] {dag.py:2705} INFO - Sync 1 DAGs
[2023-05-14T05:37:02.049+0000] {logging_mixin.py:137} INFO - [2023-05-14T05:37:02.049+0000] {dag.py:3456} INFO - Setting next_dagrun for example_sensors to None, run_after=None
[2023-05-14T05:37:02.062+0000] {processor.py:175} INFO - Processing /home/airflow/.local/lib/python3.7/site-packages/airflow/example_dags/example_sensors.py took 0.080 seconds
[2023-05-14T05:37:32.450+0000] {processor.py:153} INFO - Started process (PID=5745) to work on /home/airflow/.local/lib/python3.7/site-packages/airflow/example_dags/example_sensors.py
[2023-05-14T05:37:32.452+0000] {processor.py:743} INFO - Processing file /home/airflow/.local/lib/python3.7/site-packages/airflow/example_dags/example_sensors.py for tasks to queue
[2023-05-14T05:37:32.454+0000] {logging_mixin.py:137} INFO - [2023-05-14T05:37:32.453+0000] {dagbag.py:532} INFO - Filling up the DagBag from /home/airflow/.local/lib/python3.7/site-packages/airflow/example_dags/example_sensors.py
[2023-05-14T05:37:32.468+0000] {processor.py:753} INFO - DAG(s) dict_keys(['example_sensors']) retrieved from /home/airflow/.local/lib/python3.7/site-packages/airflow/example_dags/example_sensors.py
[2023-05-14T05:37:32.503+0000] {logging_mixin.py:137} INFO - [2023-05-14T05:37:32.503+0000] {dag.py:2705} INFO - Sync 1 DAGs
[2023-05-14T05:37:32.525+0000] {logging_mixin.py:137} INFO - [2023-05-14T05:37:32.525+0000] {dag.py:3456} INFO - Setting next_dagrun for example_sensors to None, run_after=None
[2023-05-14T05:37:32.545+0000] {processor.py:175} INFO - Processing /home/airflow/.local/lib/python3.7/site-packages/airflow/example_dags/example_sensors.py took 0.099 seconds
[2023-05-14T05:38:03.219+0000] {processor.py:153} INFO - Started process (PID=5969) to work on /home/airflow/.local/lib/python3.7/site-packages/airflow/example_dags/example_sensors.py
[2023-05-14T05:38:03.221+0000] {processor.py:743} INFO - Processing file /home/airflow/.local/lib/python3.7/site-packages/airflow/example_dags/example_sensors.py for tasks to queue
[2023-05-14T05:38:03.223+0000] {logging_mixin.py:137} INFO - [2023-05-14T05:38:03.223+0000] {dagbag.py:532} INFO - Filling up the DagBag from /home/airflow/.local/lib/python3.7/site-packages/airflow/example_dags/example_sensors.py
[2023-05-14T05:38:03.242+0000] {processor.py:753} INFO - DAG(s) dict_keys(['example_sensors']) retrieved from /home/airflow/.local/lib/python3.7/site-packages/airflow/example_dags/example_sensors.py
[2023-05-14T05:38:03.274+0000] {logging_mixin.py:137} INFO - [2023-05-14T05:38:03.274+0000] {dag.py:2705} INFO - Sync 1 DAGs
[2023-05-14T05:38:03.294+0000] {logging_mixin.py:137} INFO - [2023-05-14T05:38:03.294+0000] {dag.py:3456} INFO - Setting next_dagrun for example_sensors to None, run_after=None
[2023-05-14T05:38:03.309+0000] {processor.py:175} INFO - Processing /home/airflow/.local/lib/python3.7/site-packages/airflow/example_dags/example_sensors.py took 0.093 seconds
[2023-05-14T05:38:33.632+0000] {processor.py:153} INFO - Started process (PID=6198) to work on /home/airflow/.local/lib/python3.7/site-packages/airflow/example_dags/example_sensors.py
[2023-05-14T05:38:33.633+0000] {processor.py:743} INFO - Processing file /home/airflow/.local/lib/python3.7/site-packages/airflow/example_dags/example_sensors.py for tasks to queue
[2023-05-14T05:38:33.634+0000] {logging_mixin.py:137} INFO - [2023-05-14T05:38:33.634+0000] {dagbag.py:532} INFO - Filling up the DagBag from /home/airflow/.local/lib/python3.7/site-packages/airflow/example_dags/example_sensors.py
[2023-05-14T05:38:33.648+0000] {processor.py:753} INFO - DAG(s) dict_keys(['example_sensors']) retrieved from /home/airflow/.local/lib/python3.7/site-packages/airflow/example_dags/example_sensors.py
[2023-05-14T05:38:33.673+0000] {logging_mixin.py:137} INFO - [2023-05-14T05:38:33.673+0000] {dag.py:2705} INFO - Sync 1 DAGs
[2023-05-14T05:38:33.690+0000] {logging_mixin.py:137} INFO - [2023-05-14T05:38:33.690+0000] {dag.py:3456} INFO - Setting next_dagrun for example_sensors to None, run_after=None
[2023-05-14T05:38:33.704+0000] {processor.py:175} INFO - Processing /home/airflow/.local/lib/python3.7/site-packages/airflow/example_dags/example_sensors.py took 0.076 seconds
[2023-05-14T05:39:04.273+0000] {processor.py:153} INFO - Started process (PID=6428) to work on /home/airflow/.local/lib/python3.7/site-packages/airflow/example_dags/example_sensors.py
[2023-05-14T05:39:04.275+0000] {processor.py:743} INFO - Processing file /home/airflow/.local/lib/python3.7/site-packages/airflow/example_dags/example_sensors.py for tasks to queue
[2023-05-14T05:39:04.278+0000] {logging_mixin.py:137} INFO - [2023-05-14T05:39:04.278+0000] {dagbag.py:532} INFO - Filling up the DagBag from /home/airflow/.local/lib/python3.7/site-packages/airflow/example_dags/example_sensors.py
[2023-05-14T05:39:04.293+0000] {processor.py:753} INFO - DAG(s) dict_keys(['example_sensors']) retrieved from /home/airflow/.local/lib/python3.7/site-packages/airflow/example_dags/example_sensors.py
[2023-05-14T05:39:04.320+0000] {logging_mixin.py:137} INFO - [2023-05-14T05:39:04.320+0000] {dag.py:2705} INFO - Sync 1 DAGs
[2023-05-14T05:39:04.338+0000] {logging_mixin.py:137} INFO - [2023-05-14T05:39:04.338+0000] {dag.py:3456} INFO - Setting next_dagrun for example_sensors to None, run_after=None
[2023-05-14T05:39:04.350+0000] {processor.py:175} INFO - Processing /home/airflow/.local/lib/python3.7/site-packages/airflow/example_dags/example_sensors.py took 0.080 seconds
[2023-05-14T05:39:34.826+0000] {processor.py:153} INFO - Started process (PID=6658) to work on /home/airflow/.local/lib/python3.7/site-packages/airflow/example_dags/example_sensors.py
[2023-05-14T05:39:34.829+0000] {processor.py:743} INFO - Processing file /home/airflow/.local/lib/python3.7/site-packages/airflow/example_dags/example_sensors.py for tasks to queue
[2023-05-14T05:39:34.831+0000] {logging_mixin.py:137} INFO - [2023-05-14T05:39:34.831+0000] {dagbag.py:532} INFO - Filling up the DagBag from /home/airflow/.local/lib/python3.7/site-packages/airflow/example_dags/example_sensors.py
[2023-05-14T05:39:34.850+0000] {processor.py:753} INFO - DAG(s) dict_keys(['example_sensors']) retrieved from /home/airflow/.local/lib/python3.7/site-packages/airflow/example_dags/example_sensors.py
[2023-05-14T05:39:34.879+0000] {logging_mixin.py:137} INFO - [2023-05-14T05:39:34.879+0000] {dag.py:2705} INFO - Sync 1 DAGs
[2023-05-14T05:39:34.902+0000] {logging_mixin.py:137} INFO - [2023-05-14T05:39:34.902+0000] {dag.py:3456} INFO - Setting next_dagrun for example_sensors to None, run_after=None
[2023-05-14T05:39:34.920+0000] {processor.py:175} INFO - Processing /home/airflow/.local/lib/python3.7/site-packages/airflow/example_dags/example_sensors.py took 0.097 seconds
[2023-05-14T05:40:05.097+0000] {processor.py:153} INFO - Started process (PID=6901) to work on /home/airflow/.local/lib/python3.7/site-packages/airflow/example_dags/example_sensors.py
[2023-05-14T05:40:05.099+0000] {processor.py:743} INFO - Processing file /home/airflow/.local/lib/python3.7/site-packages/airflow/example_dags/example_sensors.py for tasks to queue
[2023-05-14T05:40:05.100+0000] {logging_mixin.py:137} INFO - [2023-05-14T05:40:05.100+0000] {dagbag.py:532} INFO - Filling up the DagBag from /home/airflow/.local/lib/python3.7/site-packages/airflow/example_dags/example_sensors.py
[2023-05-14T05:40:05.114+0000] {processor.py:753} INFO - DAG(s) dict_keys(['example_sensors']) retrieved from /home/airflow/.local/lib/python3.7/site-packages/airflow/example_dags/example_sensors.py
[2023-05-14T05:40:05.135+0000] {logging_mixin.py:137} INFO - [2023-05-14T05:40:05.135+0000] {dag.py:2705} INFO - Sync 1 DAGs
[2023-05-14T05:40:05.151+0000] {logging_mixin.py:137} INFO - [2023-05-14T05:40:05.151+0000] {dag.py:3456} INFO - Setting next_dagrun for example_sensors to None, run_after=None
[2023-05-14T05:40:05.164+0000] {processor.py:175} INFO - Processing /home/airflow/.local/lib/python3.7/site-packages/airflow/example_dags/example_sensors.py took 0.070 seconds
[2023-05-14T05:40:35.940+0000] {processor.py:153} INFO - Started process (PID=7127) to work on /home/airflow/.local/lib/python3.7/site-packages/airflow/example_dags/example_sensors.py
[2023-05-14T05:40:35.942+0000] {processor.py:743} INFO - Processing file /home/airflow/.local/lib/python3.7/site-packages/airflow/example_dags/example_sensors.py for tasks to queue
[2023-05-14T05:40:35.943+0000] {logging_mixin.py:137} INFO - [2023-05-14T05:40:35.943+0000] {dagbag.py:532} INFO - Filling up the DagBag from /home/airflow/.local/lib/python3.7/site-packages/airflow/example_dags/example_sensors.py
[2023-05-14T05:40:35.956+0000] {processor.py:753} INFO - DAG(s) dict_keys(['example_sensors']) retrieved from /home/airflow/.local/lib/python3.7/site-packages/airflow/example_dags/example_sensors.py
[2023-05-14T05:40:35.979+0000] {logging_mixin.py:137} INFO - [2023-05-14T05:40:35.979+0000] {dag.py:2705} INFO - Sync 1 DAGs
[2023-05-14T05:40:35.995+0000] {logging_mixin.py:137} INFO - [2023-05-14T05:40:35.995+0000] {dag.py:3456} INFO - Setting next_dagrun for example_sensors to None, run_after=None
[2023-05-14T05:40:36.006+0000] {processor.py:175} INFO - Processing /home/airflow/.local/lib/python3.7/site-packages/airflow/example_dags/example_sensors.py took 0.069 seconds
[2023-05-14T05:41:06.350+0000] {processor.py:153} INFO - Started process (PID=7355) to work on /home/airflow/.local/lib/python3.7/site-packages/airflow/example_dags/example_sensors.py
[2023-05-14T05:41:06.352+0000] {processor.py:743} INFO - Processing file /home/airflow/.local/lib/python3.7/site-packages/airflow/example_dags/example_sensors.py for tasks to queue
[2023-05-14T05:41:06.353+0000] {logging_mixin.py:137} INFO - [2023-05-14T05:41:06.353+0000] {dagbag.py:532} INFO - Filling up the DagBag from /home/airflow/.local/lib/python3.7/site-packages/airflow/example_dags/example_sensors.py
[2023-05-14T05:41:06.367+0000] {processor.py:753} INFO - DAG(s) dict_keys(['example_sensors']) retrieved from /home/airflow/.local/lib/python3.7/site-packages/airflow/example_dags/example_sensors.py
[2023-05-14T05:41:06.394+0000] {logging_mixin.py:137} INFO - [2023-05-14T05:41:06.394+0000] {dag.py:2705} INFO - Sync 1 DAGs
[2023-05-14T05:41:06.413+0000] {logging_mixin.py:137} INFO - [2023-05-14T05:41:06.413+0000] {dag.py:3456} INFO - Setting next_dagrun for example_sensors to None, run_after=None
[2023-05-14T05:41:06.429+0000] {processor.py:175} INFO - Processing /home/airflow/.local/lib/python3.7/site-packages/airflow/example_dags/example_sensors.py took 0.082 seconds
[2023-05-14T05:41:36.562+0000] {processor.py:153} INFO - Started process (PID=7579) to work on /home/airflow/.local/lib/python3.7/site-packages/airflow/example_dags/example_sensors.py
[2023-05-14T05:41:36.563+0000] {processor.py:743} INFO - Processing file /home/airflow/.local/lib/python3.7/site-packages/airflow/example_dags/example_sensors.py for tasks to queue
[2023-05-14T05:41:36.564+0000] {logging_mixin.py:137} INFO - [2023-05-14T05:41:36.564+0000] {dagbag.py:532} INFO - Filling up the DagBag from /home/airflow/.local/lib/python3.7/site-packages/airflow/example_dags/example_sensors.py
[2023-05-14T05:41:36.577+0000] {processor.py:753} INFO - DAG(s) dict_keys(['example_sensors']) retrieved from /home/airflow/.local/lib/python3.7/site-packages/airflow/example_dags/example_sensors.py
[2023-05-14T05:41:36.603+0000] {logging_mixin.py:137} INFO - [2023-05-14T05:41:36.603+0000] {dag.py:2705} INFO - Sync 1 DAGs
[2023-05-14T05:41:36.620+0000] {logging_mixin.py:137} INFO - [2023-05-14T05:41:36.620+0000] {dag.py:3456} INFO - Setting next_dagrun for example_sensors to None, run_after=None
[2023-05-14T05:41:36.633+0000] {processor.py:175} INFO - Processing /home/airflow/.local/lib/python3.7/site-packages/airflow/example_dags/example_sensors.py took 0.074 seconds
[2023-05-14T05:42:07.098+0000] {processor.py:153} INFO - Started process (PID=7809) to work on /home/airflow/.local/lib/python3.7/site-packages/airflow/example_dags/example_sensors.py
[2023-05-14T05:42:07.102+0000] {processor.py:743} INFO - Processing file /home/airflow/.local/lib/python3.7/site-packages/airflow/example_dags/example_sensors.py for tasks to queue
[2023-05-14T05:42:07.109+0000] {logging_mixin.py:137} INFO - [2023-05-14T05:42:07.109+0000] {dagbag.py:532} INFO - Filling up the DagBag from /home/airflow/.local/lib/python3.7/site-packages/airflow/example_dags/example_sensors.py
[2023-05-14T05:42:07.149+0000] {processor.py:753} INFO - DAG(s) dict_keys(['example_sensors']) retrieved from /home/airflow/.local/lib/python3.7/site-packages/airflow/example_dags/example_sensors.py
[2023-05-14T05:42:07.201+0000] {logging_mixin.py:137} INFO - [2023-05-14T05:42:07.200+0000] {dag.py:2705} INFO - Sync 1 DAGs
[2023-05-14T05:42:07.231+0000] {logging_mixin.py:137} INFO - [2023-05-14T05:42:07.231+0000] {dag.py:3456} INFO - Setting next_dagrun for example_sensors to None, run_after=None
[2023-05-14T05:42:07.257+0000] {processor.py:175} INFO - Processing /home/airflow/.local/lib/python3.7/site-packages/airflow/example_dags/example_sensors.py took 0.164 seconds
[2023-05-14T05:42:37.821+0000] {processor.py:153} INFO - Started process (PID=8032) to work on /home/airflow/.local/lib/python3.7/site-packages/airflow/example_dags/example_sensors.py
[2023-05-14T05:42:37.822+0000] {processor.py:743} INFO - Processing file /home/airflow/.local/lib/python3.7/site-packages/airflow/example_dags/example_sensors.py for tasks to queue
[2023-05-14T05:42:37.823+0000] {logging_mixin.py:137} INFO - [2023-05-14T05:42:37.823+0000] {dagbag.py:532} INFO - Filling up the DagBag from /home/airflow/.local/lib/python3.7/site-packages/airflow/example_dags/example_sensors.py
[2023-05-14T05:42:37.839+0000] {processor.py:753} INFO - DAG(s) dict_keys(['example_sensors']) retrieved from /home/airflow/.local/lib/python3.7/site-packages/airflow/example_dags/example_sensors.py
[2023-05-14T05:42:37.863+0000] {logging_mixin.py:137} INFO - [2023-05-14T05:42:37.863+0000] {dag.py:2705} INFO - Sync 1 DAGs
[2023-05-14T05:42:37.879+0000] {logging_mixin.py:137} INFO - [2023-05-14T05:42:37.879+0000] {dag.py:3456} INFO - Setting next_dagrun for example_sensors to None, run_after=None
[2023-05-14T05:42:37.892+0000] {processor.py:175} INFO - Processing /home/airflow/.local/lib/python3.7/site-packages/airflow/example_dags/example_sensors.py took 0.073 seconds
[2023-05-14T05:43:08.442+0000] {processor.py:153} INFO - Started process (PID=8263) to work on /home/airflow/.local/lib/python3.7/site-packages/airflow/example_dags/example_sensors.py
[2023-05-14T05:43:08.445+0000] {processor.py:743} INFO - Processing file /home/airflow/.local/lib/python3.7/site-packages/airflow/example_dags/example_sensors.py for tasks to queue
[2023-05-14T05:43:08.447+0000] {logging_mixin.py:137} INFO - [2023-05-14T05:43:08.446+0000] {dagbag.py:532} INFO - Filling up the DagBag from /home/airflow/.local/lib/python3.7/site-packages/airflow/example_dags/example_sensors.py
[2023-05-14T05:43:08.468+0000] {processor.py:753} INFO - DAG(s) dict_keys(['example_sensors']) retrieved from /home/airflow/.local/lib/python3.7/site-packages/airflow/example_dags/example_sensors.py
[2023-05-14T05:43:08.495+0000] {logging_mixin.py:137} INFO - [2023-05-14T05:43:08.495+0000] {dag.py:2705} INFO - Sync 1 DAGs
[2023-05-14T05:43:08.513+0000] {logging_mixin.py:137} INFO - [2023-05-14T05:43:08.513+0000] {dag.py:3456} INFO - Setting next_dagrun for example_sensors to None, run_after=None
[2023-05-14T05:43:08.524+0000] {processor.py:175} INFO - Processing /home/airflow/.local/lib/python3.7/site-packages/airflow/example_dags/example_sensors.py took 0.086 seconds
[2023-05-14T05:43:38.656+0000] {processor.py:153} INFO - Started process (PID=8488) to work on /home/airflow/.local/lib/python3.7/site-packages/airflow/example_dags/example_sensors.py
[2023-05-14T05:43:38.657+0000] {processor.py:743} INFO - Processing file /home/airflow/.local/lib/python3.7/site-packages/airflow/example_dags/example_sensors.py for tasks to queue
[2023-05-14T05:43:38.659+0000] {logging_mixin.py:137} INFO - [2023-05-14T05:43:38.659+0000] {dagbag.py:532} INFO - Filling up the DagBag from /home/airflow/.local/lib/python3.7/site-packages/airflow/example_dags/example_sensors.py
[2023-05-14T05:43:38.672+0000] {processor.py:753} INFO - DAG(s) dict_keys(['example_sensors']) retrieved from /home/airflow/.local/lib/python3.7/site-packages/airflow/example_dags/example_sensors.py
[2023-05-14T05:43:38.696+0000] {logging_mixin.py:137} INFO - [2023-05-14T05:43:38.696+0000] {dag.py:2705} INFO - Sync 1 DAGs
[2023-05-14T05:43:38.715+0000] {logging_mixin.py:137} INFO - [2023-05-14T05:43:38.715+0000] {dag.py:3456} INFO - Setting next_dagrun for example_sensors to None, run_after=None
[2023-05-14T05:43:38.747+0000] {processor.py:175} INFO - Processing /home/airflow/.local/lib/python3.7/site-packages/airflow/example_dags/example_sensors.py took 0.094 seconds
[2023-05-14T05:44:08.968+0000] {processor.py:153} INFO - Started process (PID=8718) to work on /home/airflow/.local/lib/python3.7/site-packages/airflow/example_dags/example_sensors.py
[2023-05-14T05:44:08.970+0000] {processor.py:743} INFO - Processing file /home/airflow/.local/lib/python3.7/site-packages/airflow/example_dags/example_sensors.py for tasks to queue
[2023-05-14T05:44:08.971+0000] {logging_mixin.py:137} INFO - [2023-05-14T05:44:08.971+0000] {dagbag.py:532} INFO - Filling up the DagBag from /home/airflow/.local/lib/python3.7/site-packages/airflow/example_dags/example_sensors.py
[2023-05-14T05:44:08.986+0000] {processor.py:753} INFO - DAG(s) dict_keys(['example_sensors']) retrieved from /home/airflow/.local/lib/python3.7/site-packages/airflow/example_dags/example_sensors.py
[2023-05-14T05:44:09.011+0000] {logging_mixin.py:137} INFO - [2023-05-14T05:44:09.011+0000] {dag.py:2705} INFO - Sync 1 DAGs
[2023-05-14T05:44:09.030+0000] {logging_mixin.py:137} INFO - [2023-05-14T05:44:09.030+0000] {dag.py:3456} INFO - Setting next_dagrun for example_sensors to None, run_after=None
[2023-05-14T05:44:09.046+0000] {processor.py:175} INFO - Processing /home/airflow/.local/lib/python3.7/site-packages/airflow/example_dags/example_sensors.py took 0.080 seconds
[2023-05-14T05:44:39.230+0000] {processor.py:153} INFO - Started process (PID=8948) to work on /home/airflow/.local/lib/python3.7/site-packages/airflow/example_dags/example_sensors.py
[2023-05-14T05:44:39.231+0000] {processor.py:743} INFO - Processing file /home/airflow/.local/lib/python3.7/site-packages/airflow/example_dags/example_sensors.py for tasks to queue
[2023-05-14T05:44:39.232+0000] {logging_mixin.py:137} INFO - [2023-05-14T05:44:39.232+0000] {dagbag.py:532} INFO - Filling up the DagBag from /home/airflow/.local/lib/python3.7/site-packages/airflow/example_dags/example_sensors.py
[2023-05-14T05:44:39.246+0000] {processor.py:753} INFO - DAG(s) dict_keys(['example_sensors']) retrieved from /home/airflow/.local/lib/python3.7/site-packages/airflow/example_dags/example_sensors.py
[2023-05-14T05:44:39.271+0000] {logging_mixin.py:137} INFO - [2023-05-14T05:44:39.271+0000] {dag.py:2705} INFO - Sync 1 DAGs
[2023-05-14T05:44:39.289+0000] {logging_mixin.py:137} INFO - [2023-05-14T05:44:39.289+0000] {dag.py:3456} INFO - Setting next_dagrun for example_sensors to None, run_after=None
[2023-05-14T05:44:39.307+0000] {processor.py:175} INFO - Processing /home/airflow/.local/lib/python3.7/site-packages/airflow/example_dags/example_sensors.py took 0.080 seconds
[2023-05-14T05:45:09.464+0000] {processor.py:153} INFO - Started process (PID=9172) to work on /home/airflow/.local/lib/python3.7/site-packages/airflow/example_dags/example_sensors.py
[2023-05-14T05:45:09.467+0000] {processor.py:743} INFO - Processing file /home/airflow/.local/lib/python3.7/site-packages/airflow/example_dags/example_sensors.py for tasks to queue
[2023-05-14T05:45:09.468+0000] {logging_mixin.py:137} INFO - [2023-05-14T05:45:09.468+0000] {dagbag.py:532} INFO - Filling up the DagBag from /home/airflow/.local/lib/python3.7/site-packages/airflow/example_dags/example_sensors.py
[2023-05-14T05:45:09.483+0000] {processor.py:753} INFO - DAG(s) dict_keys(['example_sensors']) retrieved from /home/airflow/.local/lib/python3.7/site-packages/airflow/example_dags/example_sensors.py
[2023-05-14T05:45:09.509+0000] {logging_mixin.py:137} INFO - [2023-05-14T05:45:09.509+0000] {dag.py:2705} INFO - Sync 1 DAGs
[2023-05-14T05:45:09.528+0000] {logging_mixin.py:137} INFO - [2023-05-14T05:45:09.528+0000] {dag.py:3456} INFO - Setting next_dagrun for example_sensors to None, run_after=None
[2023-05-14T05:45:09.542+0000] {processor.py:175} INFO - Processing /home/airflow/.local/lib/python3.7/site-packages/airflow/example_dags/example_sensors.py took 0.080 seconds
[2023-05-14T05:45:39.821+0000] {processor.py:153} INFO - Started process (PID=9414) to work on /home/airflow/.local/lib/python3.7/site-packages/airflow/example_dags/example_sensors.py
[2023-05-14T05:45:39.822+0000] {processor.py:743} INFO - Processing file /home/airflow/.local/lib/python3.7/site-packages/airflow/example_dags/example_sensors.py for tasks to queue
[2023-05-14T05:45:39.824+0000] {logging_mixin.py:137} INFO - [2023-05-14T05:45:39.823+0000] {dagbag.py:532} INFO - Filling up the DagBag from /home/airflow/.local/lib/python3.7/site-packages/airflow/example_dags/example_sensors.py
[2023-05-14T05:45:39.839+0000] {processor.py:753} INFO - DAG(s) dict_keys(['example_sensors']) retrieved from /home/airflow/.local/lib/python3.7/site-packages/airflow/example_dags/example_sensors.py
[2023-05-14T05:45:39.864+0000] {logging_mixin.py:137} INFO - [2023-05-14T05:45:39.864+0000] {dag.py:2705} INFO - Sync 1 DAGs
[2023-05-14T05:45:39.884+0000] {logging_mixin.py:137} INFO - [2023-05-14T05:45:39.884+0000] {dag.py:3456} INFO - Setting next_dagrun for example_sensors to None, run_after=None
[2023-05-14T05:45:39.897+0000] {processor.py:175} INFO - Processing /home/airflow/.local/lib/python3.7/site-packages/airflow/example_dags/example_sensors.py took 0.081 seconds
[2023-05-14T05:46:09.981+0000] {processor.py:153} INFO - Started process (PID=9643) to work on /home/airflow/.local/lib/python3.7/site-packages/airflow/example_dags/example_sensors.py
[2023-05-14T05:46:09.983+0000] {processor.py:743} INFO - Processing file /home/airflow/.local/lib/python3.7/site-packages/airflow/example_dags/example_sensors.py for tasks to queue
[2023-05-14T05:46:09.984+0000] {logging_mixin.py:137} INFO - [2023-05-14T05:46:09.984+0000] {dagbag.py:532} INFO - Filling up the DagBag from /home/airflow/.local/lib/python3.7/site-packages/airflow/example_dags/example_sensors.py
[2023-05-14T05:46:10.000+0000] {processor.py:753} INFO - DAG(s) dict_keys(['example_sensors']) retrieved from /home/airflow/.local/lib/python3.7/site-packages/airflow/example_dags/example_sensors.py
[2023-05-14T05:46:10.027+0000] {logging_mixin.py:137} INFO - [2023-05-14T05:46:10.027+0000] {dag.py:2705} INFO - Sync 1 DAGs
[2023-05-14T05:46:10.044+0000] {logging_mixin.py:137} INFO - [2023-05-14T05:46:10.044+0000] {dag.py:3456} INFO - Setting next_dagrun for example_sensors to None, run_after=None
[2023-05-14T05:46:10.056+0000] {processor.py:175} INFO - Processing /home/airflow/.local/lib/python3.7/site-packages/airflow/example_dags/example_sensors.py took 0.078 seconds
[2023-05-14T05:46:40.222+0000] {processor.py:153} INFO - Started process (PID=9867) to work on /home/airflow/.local/lib/python3.7/site-packages/airflow/example_dags/example_sensors.py
[2023-05-14T05:46:40.224+0000] {processor.py:743} INFO - Processing file /home/airflow/.local/lib/python3.7/site-packages/airflow/example_dags/example_sensors.py for tasks to queue
[2023-05-14T05:46:40.226+0000] {logging_mixin.py:137} INFO - [2023-05-14T05:46:40.226+0000] {dagbag.py:532} INFO - Filling up the DagBag from /home/airflow/.local/lib/python3.7/site-packages/airflow/example_dags/example_sensors.py
[2023-05-14T05:46:40.241+0000] {processor.py:753} INFO - DAG(s) dict_keys(['example_sensors']) retrieved from /home/airflow/.local/lib/python3.7/site-packages/airflow/example_dags/example_sensors.py
[2023-05-14T05:46:40.267+0000] {logging_mixin.py:137} INFO - [2023-05-14T05:46:40.267+0000] {dag.py:2705} INFO - Sync 1 DAGs
[2023-05-14T05:46:40.283+0000] {logging_mixin.py:137} INFO - [2023-05-14T05:46:40.283+0000] {dag.py:3456} INFO - Setting next_dagrun for example_sensors to None, run_after=None
[2023-05-14T05:46:40.296+0000] {processor.py:175} INFO - Processing /home/airflow/.local/lib/python3.7/site-packages/airflow/example_dags/example_sensors.py took 0.077 seconds
[2023-05-14T05:47:10.498+0000] {processor.py:153} INFO - Started process (PID=10091) to work on /home/airflow/.local/lib/python3.7/site-packages/airflow/example_dags/example_sensors.py
[2023-05-14T05:47:10.499+0000] {processor.py:743} INFO - Processing file /home/airflow/.local/lib/python3.7/site-packages/airflow/example_dags/example_sensors.py for tasks to queue
[2023-05-14T05:47:10.501+0000] {logging_mixin.py:137} INFO - [2023-05-14T05:47:10.501+0000] {dagbag.py:532} INFO - Filling up the DagBag from /home/airflow/.local/lib/python3.7/site-packages/airflow/example_dags/example_sensors.py
[2023-05-14T05:47:10.514+0000] {processor.py:753} INFO - DAG(s) dict_keys(['example_sensors']) retrieved from /home/airflow/.local/lib/python3.7/site-packages/airflow/example_dags/example_sensors.py
[2023-05-14T05:47:10.539+0000] {logging_mixin.py:137} INFO - [2023-05-14T05:47:10.539+0000] {dag.py:2705} INFO - Sync 1 DAGs
[2023-05-14T05:47:10.556+0000] {logging_mixin.py:137} INFO - [2023-05-14T05:47:10.556+0000] {dag.py:3456} INFO - Setting next_dagrun for example_sensors to None, run_after=None
[2023-05-14T05:47:10.569+0000] {processor.py:175} INFO - Processing /home/airflow/.local/lib/python3.7/site-packages/airflow/example_dags/example_sensors.py took 0.075 seconds
[2023-05-14T05:47:40.825+0000] {processor.py:153} INFO - Started process (PID=10314) to work on /home/airflow/.local/lib/python3.7/site-packages/airflow/example_dags/example_sensors.py
[2023-05-14T05:47:40.826+0000] {processor.py:743} INFO - Processing file /home/airflow/.local/lib/python3.7/site-packages/airflow/example_dags/example_sensors.py for tasks to queue
[2023-05-14T05:47:40.827+0000] {logging_mixin.py:137} INFO - [2023-05-14T05:47:40.827+0000] {dagbag.py:532} INFO - Filling up the DagBag from /home/airflow/.local/lib/python3.7/site-packages/airflow/example_dags/example_sensors.py
[2023-05-14T05:47:40.841+0000] {processor.py:753} INFO - DAG(s) dict_keys(['example_sensors']) retrieved from /home/airflow/.local/lib/python3.7/site-packages/airflow/example_dags/example_sensors.py
[2023-05-14T05:47:40.864+0000] {logging_mixin.py:137} INFO - [2023-05-14T05:47:40.864+0000] {dag.py:2705} INFO - Sync 1 DAGs
[2023-05-14T05:47:40.881+0000] {logging_mixin.py:137} INFO - [2023-05-14T05:47:40.881+0000] {dag.py:3456} INFO - Setting next_dagrun for example_sensors to None, run_after=None
[2023-05-14T05:47:40.893+0000] {processor.py:175} INFO - Processing /home/airflow/.local/lib/python3.7/site-packages/airflow/example_dags/example_sensors.py took 0.071 seconds
[2023-05-14T05:48:11.277+0000] {processor.py:153} INFO - Started process (PID=10539) to work on /home/airflow/.local/lib/python3.7/site-packages/airflow/example_dags/example_sensors.py
[2023-05-14T05:48:11.278+0000] {processor.py:743} INFO - Processing file /home/airflow/.local/lib/python3.7/site-packages/airflow/example_dags/example_sensors.py for tasks to queue
[2023-05-14T05:48:11.279+0000] {logging_mixin.py:137} INFO - [2023-05-14T05:48:11.279+0000] {dagbag.py:532} INFO - Filling up the DagBag from /home/airflow/.local/lib/python3.7/site-packages/airflow/example_dags/example_sensors.py
[2023-05-14T05:48:11.295+0000] {processor.py:753} INFO - DAG(s) dict_keys(['example_sensors']) retrieved from /home/airflow/.local/lib/python3.7/site-packages/airflow/example_dags/example_sensors.py
[2023-05-14T05:48:11.318+0000] {logging_mixin.py:137} INFO - [2023-05-14T05:48:11.318+0000] {dag.py:2705} INFO - Sync 1 DAGs
[2023-05-14T05:48:11.336+0000] {logging_mixin.py:137} INFO - [2023-05-14T05:48:11.335+0000] {dag.py:3456} INFO - Setting next_dagrun for example_sensors to None, run_after=None
[2023-05-14T05:48:11.348+0000] {processor.py:175} INFO - Processing /home/airflow/.local/lib/python3.7/site-packages/airflow/example_dags/example_sensors.py took 0.073 seconds
[2023-05-14T05:48:41.709+0000] {processor.py:153} INFO - Started process (PID=10762) to work on /home/airflow/.local/lib/python3.7/site-packages/airflow/example_dags/example_sensors.py
[2023-05-14T05:48:41.712+0000] {processor.py:743} INFO - Processing file /home/airflow/.local/lib/python3.7/site-packages/airflow/example_dags/example_sensors.py for tasks to queue
[2023-05-14T05:48:41.713+0000] {logging_mixin.py:137} INFO - [2023-05-14T05:48:41.713+0000] {dagbag.py:532} INFO - Filling up the DagBag from /home/airflow/.local/lib/python3.7/site-packages/airflow/example_dags/example_sensors.py
[2023-05-14T05:48:41.730+0000] {processor.py:753} INFO - DAG(s) dict_keys(['example_sensors']) retrieved from /home/airflow/.local/lib/python3.7/site-packages/airflow/example_dags/example_sensors.py
[2023-05-14T05:48:41.753+0000] {logging_mixin.py:137} INFO - [2023-05-14T05:48:41.753+0000] {dag.py:2705} INFO - Sync 1 DAGs
[2023-05-14T05:48:41.773+0000] {logging_mixin.py:137} INFO - [2023-05-14T05:48:41.773+0000] {dag.py:3456} INFO - Setting next_dagrun for example_sensors to None, run_after=None
[2023-05-14T05:48:41.785+0000] {processor.py:175} INFO - Processing /home/airflow/.local/lib/python3.7/site-packages/airflow/example_dags/example_sensors.py took 0.079 seconds
[2023-05-14T05:49:11.964+0000] {processor.py:153} INFO - Started process (PID=10988) to work on /home/airflow/.local/lib/python3.7/site-packages/airflow/example_dags/example_sensors.py
[2023-05-14T05:49:11.968+0000] {processor.py:743} INFO - Processing file /home/airflow/.local/lib/python3.7/site-packages/airflow/example_dags/example_sensors.py for tasks to queue
[2023-05-14T05:49:11.970+0000] {logging_mixin.py:137} INFO - [2023-05-14T05:49:11.969+0000] {dagbag.py:532} INFO - Filling up the DagBag from /home/airflow/.local/lib/python3.7/site-packages/airflow/example_dags/example_sensors.py
[2023-05-14T05:49:11.991+0000] {processor.py:753} INFO - DAG(s) dict_keys(['example_sensors']) retrieved from /home/airflow/.local/lib/python3.7/site-packages/airflow/example_dags/example_sensors.py
[2023-05-14T05:49:12.015+0000] {logging_mixin.py:137} INFO - [2023-05-14T05:49:12.015+0000] {dag.py:2705} INFO - Sync 1 DAGs
[2023-05-14T05:49:12.033+0000] {logging_mixin.py:137} INFO - [2023-05-14T05:49:12.033+0000] {dag.py:3456} INFO - Setting next_dagrun for example_sensors to None, run_after=None
[2023-05-14T05:49:12.047+0000] {processor.py:175} INFO - Processing /home/airflow/.local/lib/python3.7/site-packages/airflow/example_dags/example_sensors.py took 0.085 seconds
[2023-05-14T05:49:42.307+0000] {processor.py:153} INFO - Started process (PID=11212) to work on /home/airflow/.local/lib/python3.7/site-packages/airflow/example_dags/example_sensors.py
[2023-05-14T05:49:42.309+0000] {processor.py:743} INFO - Processing file /home/airflow/.local/lib/python3.7/site-packages/airflow/example_dags/example_sensors.py for tasks to queue
[2023-05-14T05:49:42.311+0000] {logging_mixin.py:137} INFO - [2023-05-14T05:49:42.310+0000] {dagbag.py:532} INFO - Filling up the DagBag from /home/airflow/.local/lib/python3.7/site-packages/airflow/example_dags/example_sensors.py
[2023-05-14T05:49:42.326+0000] {processor.py:753} INFO - DAG(s) dict_keys(['example_sensors']) retrieved from /home/airflow/.local/lib/python3.7/site-packages/airflow/example_dags/example_sensors.py
[2023-05-14T05:49:42.352+0000] {logging_mixin.py:137} INFO - [2023-05-14T05:49:42.352+0000] {dag.py:2705} INFO - Sync 1 DAGs
[2023-05-14T05:49:42.369+0000] {logging_mixin.py:137} INFO - [2023-05-14T05:49:42.369+0000] {dag.py:3456} INFO - Setting next_dagrun for example_sensors to None, run_after=None
[2023-05-14T05:49:42.381+0000] {processor.py:175} INFO - Processing /home/airflow/.local/lib/python3.7/site-packages/airflow/example_dags/example_sensors.py took 0.077 seconds
[2023-05-14T05:50:12.452+0000] {processor.py:153} INFO - Started process (PID=11436) to work on /home/airflow/.local/lib/python3.7/site-packages/airflow/example_dags/example_sensors.py
[2023-05-14T05:50:12.454+0000] {processor.py:743} INFO - Processing file /home/airflow/.local/lib/python3.7/site-packages/airflow/example_dags/example_sensors.py for tasks to queue
[2023-05-14T05:50:12.455+0000] {logging_mixin.py:137} INFO - [2023-05-14T05:50:12.455+0000] {dagbag.py:532} INFO - Filling up the DagBag from /home/airflow/.local/lib/python3.7/site-packages/airflow/example_dags/example_sensors.py
[2023-05-14T05:50:12.471+0000] {processor.py:753} INFO - DAG(s) dict_keys(['example_sensors']) retrieved from /home/airflow/.local/lib/python3.7/site-packages/airflow/example_dags/example_sensors.py
[2023-05-14T05:50:12.498+0000] {logging_mixin.py:137} INFO - [2023-05-14T05:50:12.497+0000] {dag.py:2705} INFO - Sync 1 DAGs
[2023-05-14T05:50:12.515+0000] {logging_mixin.py:137} INFO - [2023-05-14T05:50:12.514+0000] {dag.py:3456} INFO - Setting next_dagrun for example_sensors to None, run_after=None
[2023-05-14T05:50:12.527+0000] {processor.py:175} INFO - Processing /home/airflow/.local/lib/python3.7/site-packages/airflow/example_dags/example_sensors.py took 0.078 seconds
[2023-05-14T05:50:42.929+0000] {processor.py:153} INFO - Started process (PID=11660) to work on /home/airflow/.local/lib/python3.7/site-packages/airflow/example_dags/example_sensors.py
[2023-05-14T05:50:42.931+0000] {processor.py:743} INFO - Processing file /home/airflow/.local/lib/python3.7/site-packages/airflow/example_dags/example_sensors.py for tasks to queue
[2023-05-14T05:50:42.932+0000] {logging_mixin.py:137} INFO - [2023-05-14T05:50:42.932+0000] {dagbag.py:532} INFO - Filling up the DagBag from /home/airflow/.local/lib/python3.7/site-packages/airflow/example_dags/example_sensors.py
[2023-05-14T05:50:42.948+0000] {processor.py:753} INFO - DAG(s) dict_keys(['example_sensors']) retrieved from /home/airflow/.local/lib/python3.7/site-packages/airflow/example_dags/example_sensors.py
[2023-05-14T05:50:42.972+0000] {logging_mixin.py:137} INFO - [2023-05-14T05:50:42.972+0000] {dag.py:2705} INFO - Sync 1 DAGs
[2023-05-14T05:50:42.989+0000] {logging_mixin.py:137} INFO - [2023-05-14T05:50:42.989+0000] {dag.py:3456} INFO - Setting next_dagrun for example_sensors to None, run_after=None
[2023-05-14T05:50:43.002+0000] {processor.py:175} INFO - Processing /home/airflow/.local/lib/python3.7/site-packages/airflow/example_dags/example_sensors.py took 0.075 seconds
[2023-05-14T05:51:13.308+0000] {processor.py:153} INFO - Started process (PID=11884) to work on /home/airflow/.local/lib/python3.7/site-packages/airflow/example_dags/example_sensors.py
[2023-05-14T05:51:13.310+0000] {processor.py:743} INFO - Processing file /home/airflow/.local/lib/python3.7/site-packages/airflow/example_dags/example_sensors.py for tasks to queue
[2023-05-14T05:51:13.312+0000] {logging_mixin.py:137} INFO - [2023-05-14T05:51:13.312+0000] {dagbag.py:532} INFO - Filling up the DagBag from /home/airflow/.local/lib/python3.7/site-packages/airflow/example_dags/example_sensors.py
[2023-05-14T05:51:13.330+0000] {processor.py:753} INFO - DAG(s) dict_keys(['example_sensors']) retrieved from /home/airflow/.local/lib/python3.7/site-packages/airflow/example_dags/example_sensors.py
[2023-05-14T05:51:13.358+0000] {logging_mixin.py:137} INFO - [2023-05-14T05:51:13.358+0000] {dag.py:2705} INFO - Sync 1 DAGs
[2023-05-14T05:51:13.377+0000] {logging_mixin.py:137} INFO - [2023-05-14T05:51:13.377+0000] {dag.py:3456} INFO - Setting next_dagrun for example_sensors to None, run_after=None
[2023-05-14T05:51:13.390+0000] {processor.py:175} INFO - Processing /home/airflow/.local/lib/python3.7/site-packages/airflow/example_dags/example_sensors.py took 0.085 seconds
[2023-05-14T05:51:43.733+0000] {processor.py:153} INFO - Started process (PID=12110) to work on /home/airflow/.local/lib/python3.7/site-packages/airflow/example_dags/example_sensors.py
[2023-05-14T05:51:43.734+0000] {processor.py:743} INFO - Processing file /home/airflow/.local/lib/python3.7/site-packages/airflow/example_dags/example_sensors.py for tasks to queue
[2023-05-14T05:51:43.735+0000] {logging_mixin.py:137} INFO - [2023-05-14T05:51:43.735+0000] {dagbag.py:532} INFO - Filling up the DagBag from /home/airflow/.local/lib/python3.7/site-packages/airflow/example_dags/example_sensors.py
[2023-05-14T05:51:43.750+0000] {processor.py:753} INFO - DAG(s) dict_keys(['example_sensors']) retrieved from /home/airflow/.local/lib/python3.7/site-packages/airflow/example_dags/example_sensors.py
[2023-05-14T05:51:43.775+0000] {logging_mixin.py:137} INFO - [2023-05-14T05:51:43.775+0000] {dag.py:2705} INFO - Sync 1 DAGs
[2023-05-14T05:51:43.792+0000] {logging_mixin.py:137} INFO - [2023-05-14T05:51:43.792+0000] {dag.py:3456} INFO - Setting next_dagrun for example_sensors to None, run_after=None
[2023-05-14T05:51:43.812+0000] {processor.py:175} INFO - Processing /home/airflow/.local/lib/python3.7/site-packages/airflow/example_dags/example_sensors.py took 0.082 seconds
[2023-05-14T05:52:13.893+0000] {processor.py:153} INFO - Started process (PID=12331) to work on /home/airflow/.local/lib/python3.7/site-packages/airflow/example_dags/example_sensors.py
[2023-05-14T05:52:13.895+0000] {processor.py:743} INFO - Processing file /home/airflow/.local/lib/python3.7/site-packages/airflow/example_dags/example_sensors.py for tasks to queue
[2023-05-14T05:52:13.896+0000] {logging_mixin.py:137} INFO - [2023-05-14T05:52:13.896+0000] {dagbag.py:532} INFO - Filling up the DagBag from /home/airflow/.local/lib/python3.7/site-packages/airflow/example_dags/example_sensors.py
[2023-05-14T05:52:13.912+0000] {processor.py:753} INFO - DAG(s) dict_keys(['example_sensors']) retrieved from /home/airflow/.local/lib/python3.7/site-packages/airflow/example_dags/example_sensors.py
[2023-05-14T05:52:13.941+0000] {logging_mixin.py:137} INFO - [2023-05-14T05:52:13.941+0000] {dag.py:2705} INFO - Sync 1 DAGs
[2023-05-14T05:52:13.957+0000] {logging_mixin.py:137} INFO - [2023-05-14T05:52:13.957+0000] {dag.py:3456} INFO - Setting next_dagrun for example_sensors to None, run_after=None
[2023-05-14T05:52:13.968+0000] {processor.py:175} INFO - Processing /home/airflow/.local/lib/python3.7/site-packages/airflow/example_dags/example_sensors.py took 0.079 seconds
[2023-05-14T05:52:44.275+0000] {processor.py:153} INFO - Started process (PID=12555) to work on /home/airflow/.local/lib/python3.7/site-packages/airflow/example_dags/example_sensors.py
[2023-05-14T05:52:44.277+0000] {processor.py:743} INFO - Processing file /home/airflow/.local/lib/python3.7/site-packages/airflow/example_dags/example_sensors.py for tasks to queue
[2023-05-14T05:52:44.279+0000] {logging_mixin.py:137} INFO - [2023-05-14T05:52:44.278+0000] {dagbag.py:532} INFO - Filling up the DagBag from /home/airflow/.local/lib/python3.7/site-packages/airflow/example_dags/example_sensors.py
[2023-05-14T05:52:44.293+0000] {processor.py:753} INFO - DAG(s) dict_keys(['example_sensors']) retrieved from /home/airflow/.local/lib/python3.7/site-packages/airflow/example_dags/example_sensors.py
[2023-05-14T05:52:44.318+0000] {logging_mixin.py:137} INFO - [2023-05-14T05:52:44.318+0000] {dag.py:2705} INFO - Sync 1 DAGs
[2023-05-14T05:52:44.335+0000] {logging_mixin.py:137} INFO - [2023-05-14T05:52:44.335+0000] {dag.py:3456} INFO - Setting next_dagrun for example_sensors to None, run_after=None
[2023-05-14T05:52:44.348+0000] {processor.py:175} INFO - Processing /home/airflow/.local/lib/python3.7/site-packages/airflow/example_dags/example_sensors.py took 0.076 seconds
[2023-05-14T05:53:14.708+0000] {processor.py:153} INFO - Started process (PID=12779) to work on /home/airflow/.local/lib/python3.7/site-packages/airflow/example_dags/example_sensors.py
[2023-05-14T05:53:14.711+0000] {processor.py:743} INFO - Processing file /home/airflow/.local/lib/python3.7/site-packages/airflow/example_dags/example_sensors.py for tasks to queue
[2023-05-14T05:53:14.716+0000] {logging_mixin.py:137} INFO - [2023-05-14T05:53:14.716+0000] {dagbag.py:532} INFO - Filling up the DagBag from /home/airflow/.local/lib/python3.7/site-packages/airflow/example_dags/example_sensors.py
[2023-05-14T05:53:14.734+0000] {processor.py:753} INFO - DAG(s) dict_keys(['example_sensors']) retrieved from /home/airflow/.local/lib/python3.7/site-packages/airflow/example_dags/example_sensors.py
[2023-05-14T05:53:14.765+0000] {logging_mixin.py:137} INFO - [2023-05-14T05:53:14.765+0000] {dag.py:2705} INFO - Sync 1 DAGs
[2023-05-14T05:53:14.783+0000] {logging_mixin.py:137} INFO - [2023-05-14T05:53:14.783+0000] {dag.py:3456} INFO - Setting next_dagrun for example_sensors to None, run_after=None
[2023-05-14T05:53:14.796+0000] {processor.py:175} INFO - Processing /home/airflow/.local/lib/python3.7/site-packages/airflow/example_dags/example_sensors.py took 0.090 seconds
[2023-05-14T05:53:44.875+0000] {processor.py:153} INFO - Started process (PID=13004) to work on /home/airflow/.local/lib/python3.7/site-packages/airflow/example_dags/example_sensors.py
[2023-05-14T05:53:44.878+0000] {processor.py:743} INFO - Processing file /home/airflow/.local/lib/python3.7/site-packages/airflow/example_dags/example_sensors.py for tasks to queue
[2023-05-14T05:53:44.879+0000] {logging_mixin.py:137} INFO - [2023-05-14T05:53:44.879+0000] {dagbag.py:532} INFO - Filling up the DagBag from /home/airflow/.local/lib/python3.7/site-packages/airflow/example_dags/example_sensors.py
[2023-05-14T05:53:44.895+0000] {processor.py:753} INFO - DAG(s) dict_keys(['example_sensors']) retrieved from /home/airflow/.local/lib/python3.7/site-packages/airflow/example_dags/example_sensors.py
[2023-05-14T05:53:44.923+0000] {logging_mixin.py:137} INFO - [2023-05-14T05:53:44.923+0000] {dag.py:2705} INFO - Sync 1 DAGs
[2023-05-14T05:53:44.940+0000] {logging_mixin.py:137} INFO - [2023-05-14T05:53:44.940+0000] {dag.py:3456} INFO - Setting next_dagrun for example_sensors to None, run_after=None
[2023-05-14T05:53:44.951+0000] {processor.py:175} INFO - Processing /home/airflow/.local/lib/python3.7/site-packages/airflow/example_dags/example_sensors.py took 0.079 seconds
[2023-05-14T05:54:15.248+0000] {processor.py:153} INFO - Started process (PID=13228) to work on /home/airflow/.local/lib/python3.7/site-packages/airflow/example_dags/example_sensors.py
[2023-05-14T05:54:15.251+0000] {processor.py:743} INFO - Processing file /home/airflow/.local/lib/python3.7/site-packages/airflow/example_dags/example_sensors.py for tasks to queue
[2023-05-14T05:54:15.253+0000] {logging_mixin.py:137} INFO - [2023-05-14T05:54:15.253+0000] {dagbag.py:532} INFO - Filling up the DagBag from /home/airflow/.local/lib/python3.7/site-packages/airflow/example_dags/example_sensors.py
[2023-05-14T05:54:15.273+0000] {processor.py:753} INFO - DAG(s) dict_keys(['example_sensors']) retrieved from /home/airflow/.local/lib/python3.7/site-packages/airflow/example_dags/example_sensors.py
[2023-05-14T05:54:15.306+0000] {logging_mixin.py:137} INFO - [2023-05-14T05:54:15.306+0000] {dag.py:2705} INFO - Sync 1 DAGs
[2023-05-14T05:54:15.328+0000] {logging_mixin.py:137} INFO - [2023-05-14T05:54:15.328+0000] {dag.py:3456} INFO - Setting next_dagrun for example_sensors to None, run_after=None
[2023-05-14T05:54:15.345+0000] {processor.py:175} INFO - Processing /home/airflow/.local/lib/python3.7/site-packages/airflow/example_dags/example_sensors.py took 0.100 seconds
[2023-05-14T05:54:45.444+0000] {processor.py:153} INFO - Started process (PID=13451) to work on /home/airflow/.local/lib/python3.7/site-packages/airflow/example_dags/example_sensors.py
[2023-05-14T05:54:45.448+0000] {processor.py:743} INFO - Processing file /home/airflow/.local/lib/python3.7/site-packages/airflow/example_dags/example_sensors.py for tasks to queue
[2023-05-14T05:54:45.450+0000] {logging_mixin.py:137} INFO - [2023-05-14T05:54:45.450+0000] {dagbag.py:532} INFO - Filling up the DagBag from /home/airflow/.local/lib/python3.7/site-packages/airflow/example_dags/example_sensors.py
[2023-05-14T05:54:45.469+0000] {processor.py:753} INFO - DAG(s) dict_keys(['example_sensors']) retrieved from /home/airflow/.local/lib/python3.7/site-packages/airflow/example_dags/example_sensors.py
[2023-05-14T05:54:45.497+0000] {logging_mixin.py:137} INFO - [2023-05-14T05:54:45.497+0000] {dag.py:2705} INFO - Sync 1 DAGs
[2023-05-14T05:54:45.521+0000] {logging_mixin.py:137} INFO - [2023-05-14T05:54:45.520+0000] {dag.py:3456} INFO - Setting next_dagrun for example_sensors to None, run_after=None
[2023-05-14T05:54:45.542+0000] {processor.py:175} INFO - Processing /home/airflow/.local/lib/python3.7/site-packages/airflow/example_dags/example_sensors.py took 0.102 seconds
[2023-05-14T05:55:15.885+0000] {processor.py:153} INFO - Started process (PID=13675) to work on /home/airflow/.local/lib/python3.7/site-packages/airflow/example_dags/example_sensors.py
[2023-05-14T05:55:15.886+0000] {processor.py:743} INFO - Processing file /home/airflow/.local/lib/python3.7/site-packages/airflow/example_dags/example_sensors.py for tasks to queue
[2023-05-14T05:55:15.892+0000] {logging_mixin.py:137} INFO - [2023-05-14T05:55:15.892+0000] {dagbag.py:532} INFO - Filling up the DagBag from /home/airflow/.local/lib/python3.7/site-packages/airflow/example_dags/example_sensors.py
[2023-05-14T05:55:15.909+0000] {processor.py:753} INFO - DAG(s) dict_keys(['example_sensors']) retrieved from /home/airflow/.local/lib/python3.7/site-packages/airflow/example_dags/example_sensors.py
[2023-05-14T05:55:15.935+0000] {logging_mixin.py:137} INFO - [2023-05-14T05:55:15.935+0000] {dag.py:2705} INFO - Sync 1 DAGs
[2023-05-14T05:55:15.953+0000] {logging_mixin.py:137} INFO - [2023-05-14T05:55:15.953+0000] {dag.py:3456} INFO - Setting next_dagrun for example_sensors to None, run_after=None
[2023-05-14T05:55:15.969+0000] {processor.py:175} INFO - Processing /home/airflow/.local/lib/python3.7/site-packages/airflow/example_dags/example_sensors.py took 0.088 seconds
[2023-05-14T05:55:46.270+0000] {processor.py:153} INFO - Started process (PID=13899) to work on /home/airflow/.local/lib/python3.7/site-packages/airflow/example_dags/example_sensors.py
[2023-05-14T05:55:46.272+0000] {processor.py:743} INFO - Processing file /home/airflow/.local/lib/python3.7/site-packages/airflow/example_dags/example_sensors.py for tasks to queue
[2023-05-14T05:55:46.274+0000] {logging_mixin.py:137} INFO - [2023-05-14T05:55:46.274+0000] {dagbag.py:532} INFO - Filling up the DagBag from /home/airflow/.local/lib/python3.7/site-packages/airflow/example_dags/example_sensors.py
[2023-05-14T05:55:46.296+0000] {processor.py:753} INFO - DAG(s) dict_keys(['example_sensors']) retrieved from /home/airflow/.local/lib/python3.7/site-packages/airflow/example_dags/example_sensors.py
[2023-05-14T05:55:46.329+0000] {logging_mixin.py:137} INFO - [2023-05-14T05:55:46.328+0000] {dag.py:2705} INFO - Sync 1 DAGs
[2023-05-14T05:55:46.352+0000] {logging_mixin.py:137} INFO - [2023-05-14T05:55:46.352+0000] {dag.py:3456} INFO - Setting next_dagrun for example_sensors to None, run_after=None
[2023-05-14T05:55:46.368+0000] {processor.py:175} INFO - Processing /home/airflow/.local/lib/python3.7/site-packages/airflow/example_dags/example_sensors.py took 0.101 seconds
[2023-05-14T05:56:16.586+0000] {processor.py:153} INFO - Started process (PID=14123) to work on /home/airflow/.local/lib/python3.7/site-packages/airflow/example_dags/example_sensors.py
[2023-05-14T05:56:16.588+0000] {processor.py:743} INFO - Processing file /home/airflow/.local/lib/python3.7/site-packages/airflow/example_dags/example_sensors.py for tasks to queue
[2023-05-14T05:56:16.589+0000] {logging_mixin.py:137} INFO - [2023-05-14T05:56:16.589+0000] {dagbag.py:532} INFO - Filling up the DagBag from /home/airflow/.local/lib/python3.7/site-packages/airflow/example_dags/example_sensors.py
[2023-05-14T05:56:16.608+0000] {processor.py:753} INFO - DAG(s) dict_keys(['example_sensors']) retrieved from /home/airflow/.local/lib/python3.7/site-packages/airflow/example_dags/example_sensors.py
[2023-05-14T05:56:16.634+0000] {logging_mixin.py:137} INFO - [2023-05-14T05:56:16.634+0000] {dag.py:2705} INFO - Sync 1 DAGs
[2023-05-14T05:56:16.653+0000] {logging_mixin.py:137} INFO - [2023-05-14T05:56:16.653+0000] {dag.py:3456} INFO - Setting next_dagrun for example_sensors to None, run_after=None
[2023-05-14T05:56:16.671+0000] {processor.py:175} INFO - Processing /home/airflow/.local/lib/python3.7/site-packages/airflow/example_dags/example_sensors.py took 0.089 seconds
[2023-05-14T05:56:47.218+0000] {processor.py:153} INFO - Started process (PID=14347) to work on /home/airflow/.local/lib/python3.7/site-packages/airflow/example_dags/example_sensors.py
[2023-05-14T05:56:47.219+0000] {processor.py:743} INFO - Processing file /home/airflow/.local/lib/python3.7/site-packages/airflow/example_dags/example_sensors.py for tasks to queue
[2023-05-14T05:56:47.221+0000] {logging_mixin.py:137} INFO - [2023-05-14T05:56:47.221+0000] {dagbag.py:532} INFO - Filling up the DagBag from /home/airflow/.local/lib/python3.7/site-packages/airflow/example_dags/example_sensors.py
[2023-05-14T05:56:47.246+0000] {processor.py:753} INFO - DAG(s) dict_keys(['example_sensors']) retrieved from /home/airflow/.local/lib/python3.7/site-packages/airflow/example_dags/example_sensors.py
[2023-05-14T05:56:47.276+0000] {logging_mixin.py:137} INFO - [2023-05-14T05:56:47.276+0000] {dag.py:2705} INFO - Sync 1 DAGs
[2023-05-14T05:56:47.296+0000] {logging_mixin.py:137} INFO - [2023-05-14T05:56:47.296+0000] {dag.py:3456} INFO - Setting next_dagrun for example_sensors to None, run_after=None
[2023-05-14T05:56:47.310+0000] {processor.py:175} INFO - Processing /home/airflow/.local/lib/python3.7/site-packages/airflow/example_dags/example_sensors.py took 0.096 seconds
[2023-05-14T05:57:18.152+0000] {processor.py:153} INFO - Started process (PID=14571) to work on /home/airflow/.local/lib/python3.7/site-packages/airflow/example_dags/example_sensors.py
[2023-05-14T05:57:18.153+0000] {processor.py:743} INFO - Processing file /home/airflow/.local/lib/python3.7/site-packages/airflow/example_dags/example_sensors.py for tasks to queue
[2023-05-14T05:57:18.155+0000] {logging_mixin.py:137} INFO - [2023-05-14T05:57:18.155+0000] {dagbag.py:532} INFO - Filling up the DagBag from /home/airflow/.local/lib/python3.7/site-packages/airflow/example_dags/example_sensors.py
[2023-05-14T05:57:18.175+0000] {processor.py:753} INFO - DAG(s) dict_keys(['example_sensors']) retrieved from /home/airflow/.local/lib/python3.7/site-packages/airflow/example_dags/example_sensors.py
[2023-05-14T05:57:18.206+0000] {logging_mixin.py:137} INFO - [2023-05-14T05:57:18.205+0000] {dag.py:2705} INFO - Sync 1 DAGs
[2023-05-14T05:57:18.227+0000] {logging_mixin.py:137} INFO - [2023-05-14T05:57:18.227+0000] {dag.py:3456} INFO - Setting next_dagrun for example_sensors to None, run_after=None
[2023-05-14T05:57:18.242+0000] {processor.py:175} INFO - Processing /home/airflow/.local/lib/python3.7/site-packages/airflow/example_dags/example_sensors.py took 0.094 seconds
[2023-05-14T05:57:48.448+0000] {processor.py:153} INFO - Started process (PID=14795) to work on /home/airflow/.local/lib/python3.7/site-packages/airflow/example_dags/example_sensors.py
[2023-05-14T05:57:48.450+0000] {processor.py:743} INFO - Processing file /home/airflow/.local/lib/python3.7/site-packages/airflow/example_dags/example_sensors.py for tasks to queue
[2023-05-14T05:57:48.452+0000] {logging_mixin.py:137} INFO - [2023-05-14T05:57:48.452+0000] {dagbag.py:532} INFO - Filling up the DagBag from /home/airflow/.local/lib/python3.7/site-packages/airflow/example_dags/example_sensors.py
[2023-05-14T05:57:48.472+0000] {processor.py:753} INFO - DAG(s) dict_keys(['example_sensors']) retrieved from /home/airflow/.local/lib/python3.7/site-packages/airflow/example_dags/example_sensors.py
[2023-05-14T05:57:48.503+0000] {logging_mixin.py:137} INFO - [2023-05-14T05:57:48.502+0000] {dag.py:2705} INFO - Sync 1 DAGs
[2023-05-14T05:57:48.523+0000] {logging_mixin.py:137} INFO - [2023-05-14T05:57:48.523+0000] {dag.py:3456} INFO - Setting next_dagrun for example_sensors to None, run_after=None
[2023-05-14T05:57:48.543+0000] {processor.py:175} INFO - Processing /home/airflow/.local/lib/python3.7/site-packages/airflow/example_dags/example_sensors.py took 0.098 seconds
[2023-05-14T05:58:18.992+0000] {processor.py:153} INFO - Started process (PID=15019) to work on /home/airflow/.local/lib/python3.7/site-packages/airflow/example_dags/example_sensors.py
[2023-05-14T05:58:18.994+0000] {processor.py:743} INFO - Processing file /home/airflow/.local/lib/python3.7/site-packages/airflow/example_dags/example_sensors.py for tasks to queue
[2023-05-14T05:58:18.996+0000] {logging_mixin.py:137} INFO - [2023-05-14T05:58:18.995+0000] {dagbag.py:532} INFO - Filling up the DagBag from /home/airflow/.local/lib/python3.7/site-packages/airflow/example_dags/example_sensors.py
[2023-05-14T05:58:19.015+0000] {processor.py:753} INFO - DAG(s) dict_keys(['example_sensors']) retrieved from /home/airflow/.local/lib/python3.7/site-packages/airflow/example_dags/example_sensors.py
[2023-05-14T05:58:19.040+0000] {logging_mixin.py:137} INFO - [2023-05-14T05:58:19.040+0000] {dag.py:2705} INFO - Sync 1 DAGs
[2023-05-14T05:58:19.059+0000] {logging_mixin.py:137} INFO - [2023-05-14T05:58:19.059+0000] {dag.py:3456} INFO - Setting next_dagrun for example_sensors to None, run_after=None
[2023-05-14T05:58:19.072+0000] {processor.py:175} INFO - Processing /home/airflow/.local/lib/python3.7/site-packages/airflow/example_dags/example_sensors.py took 0.083 seconds
[2023-05-14T05:58:49.254+0000] {processor.py:153} INFO - Started process (PID=15243) to work on /home/airflow/.local/lib/python3.7/site-packages/airflow/example_dags/example_sensors.py
[2023-05-14T05:58:49.256+0000] {processor.py:743} INFO - Processing file /home/airflow/.local/lib/python3.7/site-packages/airflow/example_dags/example_sensors.py for tasks to queue
[2023-05-14T05:58:49.275+0000] {logging_mixin.py:137} INFO - [2023-05-14T05:58:49.274+0000] {dagbag.py:532} INFO - Filling up the DagBag from /home/airflow/.local/lib/python3.7/site-packages/airflow/example_dags/example_sensors.py
[2023-05-14T05:58:49.293+0000] {processor.py:753} INFO - DAG(s) dict_keys(['example_sensors']) retrieved from /home/airflow/.local/lib/python3.7/site-packages/airflow/example_dags/example_sensors.py
[2023-05-14T05:58:49.317+0000] {logging_mixin.py:137} INFO - [2023-05-14T05:58:49.317+0000] {dag.py:2705} INFO - Sync 1 DAGs
[2023-05-14T05:58:49.333+0000] {logging_mixin.py:137} INFO - [2023-05-14T05:58:49.333+0000] {dag.py:3456} INFO - Setting next_dagrun for example_sensors to None, run_after=None
[2023-05-14T05:58:49.346+0000] {processor.py:175} INFO - Processing /home/airflow/.local/lib/python3.7/site-packages/airflow/example_dags/example_sensors.py took 0.095 seconds
[2023-05-14T05:59:19.537+0000] {processor.py:153} INFO - Started process (PID=15467) to work on /home/airflow/.local/lib/python3.7/site-packages/airflow/example_dags/example_sensors.py
[2023-05-14T05:59:19.538+0000] {processor.py:743} INFO - Processing file /home/airflow/.local/lib/python3.7/site-packages/airflow/example_dags/example_sensors.py for tasks to queue
[2023-05-14T05:59:19.540+0000] {logging_mixin.py:137} INFO - [2023-05-14T05:59:19.540+0000] {dagbag.py:532} INFO - Filling up the DagBag from /home/airflow/.local/lib/python3.7/site-packages/airflow/example_dags/example_sensors.py
[2023-05-14T05:59:19.559+0000] {processor.py:753} INFO - DAG(s) dict_keys(['example_sensors']) retrieved from /home/airflow/.local/lib/python3.7/site-packages/airflow/example_dags/example_sensors.py
[2023-05-14T05:59:19.584+0000] {logging_mixin.py:137} INFO - [2023-05-14T05:59:19.584+0000] {dag.py:2705} INFO - Sync 1 DAGs
[2023-05-14T05:59:19.601+0000] {logging_mixin.py:137} INFO - [2023-05-14T05:59:19.601+0000] {dag.py:3456} INFO - Setting next_dagrun for example_sensors to None, run_after=None
[2023-05-14T05:59:19.613+0000] {processor.py:175} INFO - Processing /home/airflow/.local/lib/python3.7/site-packages/airflow/example_dags/example_sensors.py took 0.079 seconds
[2023-05-14T05:59:49.975+0000] {processor.py:153} INFO - Started process (PID=15691) to work on /home/airflow/.local/lib/python3.7/site-packages/airflow/example_dags/example_sensors.py
[2023-05-14T05:59:49.979+0000] {processor.py:743} INFO - Processing file /home/airflow/.local/lib/python3.7/site-packages/airflow/example_dags/example_sensors.py for tasks to queue
[2023-05-14T05:59:49.981+0000] {logging_mixin.py:137} INFO - [2023-05-14T05:59:49.981+0000] {dagbag.py:532} INFO - Filling up the DagBag from /home/airflow/.local/lib/python3.7/site-packages/airflow/example_dags/example_sensors.py
[2023-05-14T05:59:50.001+0000] {processor.py:753} INFO - DAG(s) dict_keys(['example_sensors']) retrieved from /home/airflow/.local/lib/python3.7/site-packages/airflow/example_dags/example_sensors.py
[2023-05-14T05:59:50.027+0000] {logging_mixin.py:137} INFO - [2023-05-14T05:59:50.027+0000] {dag.py:2705} INFO - Sync 1 DAGs
[2023-05-14T05:59:50.047+0000] {logging_mixin.py:137} INFO - [2023-05-14T05:59:50.046+0000] {dag.py:3456} INFO - Setting next_dagrun for example_sensors to None, run_after=None
[2023-05-14T05:59:50.062+0000] {processor.py:175} INFO - Processing /home/airflow/.local/lib/python3.7/site-packages/airflow/example_dags/example_sensors.py took 0.091 seconds
[2023-05-14T06:00:20.245+0000] {processor.py:153} INFO - Started process (PID=15915) to work on /home/airflow/.local/lib/python3.7/site-packages/airflow/example_dags/example_sensors.py
[2023-05-14T06:00:20.247+0000] {processor.py:743} INFO - Processing file /home/airflow/.local/lib/python3.7/site-packages/airflow/example_dags/example_sensors.py for tasks to queue
[2023-05-14T06:00:20.248+0000] {logging_mixin.py:137} INFO - [2023-05-14T06:00:20.248+0000] {dagbag.py:532} INFO - Filling up the DagBag from /home/airflow/.local/lib/python3.7/site-packages/airflow/example_dags/example_sensors.py
[2023-05-14T06:00:20.267+0000] {processor.py:753} INFO - DAG(s) dict_keys(['example_sensors']) retrieved from /home/airflow/.local/lib/python3.7/site-packages/airflow/example_dags/example_sensors.py
[2023-05-14T06:00:20.298+0000] {logging_mixin.py:137} INFO - [2023-05-14T06:00:20.298+0000] {dag.py:2705} INFO - Sync 1 DAGs
[2023-05-14T06:00:20.315+0000] {logging_mixin.py:137} INFO - [2023-05-14T06:00:20.315+0000] {dag.py:3456} INFO - Setting next_dagrun for example_sensors to None, run_after=None
[2023-05-14T06:00:20.328+0000] {processor.py:175} INFO - Processing /home/airflow/.local/lib/python3.7/site-packages/airflow/example_dags/example_sensors.py took 0.086 seconds
[2023-05-14T06:00:50.849+0000] {processor.py:153} INFO - Started process (PID=16139) to work on /home/airflow/.local/lib/python3.7/site-packages/airflow/example_dags/example_sensors.py
[2023-05-14T06:00:50.851+0000] {processor.py:743} INFO - Processing file /home/airflow/.local/lib/python3.7/site-packages/airflow/example_dags/example_sensors.py for tasks to queue
[2023-05-14T06:00:50.853+0000] {logging_mixin.py:137} INFO - [2023-05-14T06:00:50.853+0000] {dagbag.py:532} INFO - Filling up the DagBag from /home/airflow/.local/lib/python3.7/site-packages/airflow/example_dags/example_sensors.py
[2023-05-14T06:00:50.872+0000] {processor.py:753} INFO - DAG(s) dict_keys(['example_sensors']) retrieved from /home/airflow/.local/lib/python3.7/site-packages/airflow/example_dags/example_sensors.py
[2023-05-14T06:00:50.904+0000] {logging_mixin.py:137} INFO - [2023-05-14T06:00:50.904+0000] {dag.py:2705} INFO - Sync 1 DAGs
[2023-05-14T06:00:50.921+0000] {logging_mixin.py:137} INFO - [2023-05-14T06:00:50.921+0000] {dag.py:3456} INFO - Setting next_dagrun for example_sensors to None, run_after=None
[2023-05-14T06:00:50.943+0000] {processor.py:175} INFO - Processing /home/airflow/.local/lib/python3.7/site-packages/airflow/example_dags/example_sensors.py took 0.097 seconds
[2023-05-14T06:01:21.757+0000] {processor.py:153} INFO - Started process (PID=16367) to work on /home/airflow/.local/lib/python3.7/site-packages/airflow/example_dags/example_sensors.py
[2023-05-14T06:01:21.763+0000] {processor.py:743} INFO - Processing file /home/airflow/.local/lib/python3.7/site-packages/airflow/example_dags/example_sensors.py for tasks to queue
[2023-05-14T06:01:21.765+0000] {logging_mixin.py:137} INFO - [2023-05-14T06:01:21.765+0000] {dagbag.py:532} INFO - Filling up the DagBag from /home/airflow/.local/lib/python3.7/site-packages/airflow/example_dags/example_sensors.py
[2023-05-14T06:01:21.794+0000] {processor.py:753} INFO - DAG(s) dict_keys(['example_sensors']) retrieved from /home/airflow/.local/lib/python3.7/site-packages/airflow/example_dags/example_sensors.py
[2023-05-14T06:01:21.831+0000] {logging_mixin.py:137} INFO - [2023-05-14T06:01:21.831+0000] {dag.py:2705} INFO - Sync 1 DAGs
[2023-05-14T06:01:21.852+0000] {logging_mixin.py:137} INFO - [2023-05-14T06:01:21.852+0000] {dag.py:3456} INFO - Setting next_dagrun for example_sensors to None, run_after=None
[2023-05-14T06:01:21.867+0000] {processor.py:175} INFO - Processing /home/airflow/.local/lib/python3.7/site-packages/airflow/example_dags/example_sensors.py took 0.115 seconds
[2023-05-14T06:01:52.263+0000] {processor.py:153} INFO - Started process (PID=16593) to work on /home/airflow/.local/lib/python3.7/site-packages/airflow/example_dags/example_sensors.py
[2023-05-14T06:01:52.267+0000] {processor.py:743} INFO - Processing file /home/airflow/.local/lib/python3.7/site-packages/airflow/example_dags/example_sensors.py for tasks to queue
[2023-05-14T06:01:52.269+0000] {logging_mixin.py:137} INFO - [2023-05-14T06:01:52.268+0000] {dagbag.py:532} INFO - Filling up the DagBag from /home/airflow/.local/lib/python3.7/site-packages/airflow/example_dags/example_sensors.py
[2023-05-14T06:01:52.288+0000] {processor.py:753} INFO - DAG(s) dict_keys(['example_sensors']) retrieved from /home/airflow/.local/lib/python3.7/site-packages/airflow/example_dags/example_sensors.py
[2023-05-14T06:01:52.311+0000] {logging_mixin.py:137} INFO - [2023-05-14T06:01:52.311+0000] {dag.py:2705} INFO - Sync 1 DAGs
[2023-05-14T06:01:52.329+0000] {logging_mixin.py:137} INFO - [2023-05-14T06:01:52.329+0000] {dag.py:3456} INFO - Setting next_dagrun for example_sensors to None, run_after=None
[2023-05-14T06:01:52.343+0000] {processor.py:175} INFO - Processing /home/airflow/.local/lib/python3.7/site-packages/airflow/example_dags/example_sensors.py took 0.083 seconds
[2023-05-14T06:02:22.722+0000] {processor.py:153} INFO - Started process (PID=16824) to work on /home/airflow/.local/lib/python3.7/site-packages/airflow/example_dags/example_sensors.py
[2023-05-14T06:02:22.724+0000] {processor.py:743} INFO - Processing file /home/airflow/.local/lib/python3.7/site-packages/airflow/example_dags/example_sensors.py for tasks to queue
[2023-05-14T06:02:22.725+0000] {logging_mixin.py:137} INFO - [2023-05-14T06:02:22.725+0000] {dagbag.py:532} INFO - Filling up the DagBag from /home/airflow/.local/lib/python3.7/site-packages/airflow/example_dags/example_sensors.py
[2023-05-14T06:02:22.745+0000] {processor.py:753} INFO - DAG(s) dict_keys(['example_sensors']) retrieved from /home/airflow/.local/lib/python3.7/site-packages/airflow/example_dags/example_sensors.py
[2023-05-14T06:02:22.777+0000] {logging_mixin.py:137} INFO - [2023-05-14T06:02:22.777+0000] {dag.py:2705} INFO - Sync 1 DAGs
[2023-05-14T06:02:22.795+0000] {logging_mixin.py:137} INFO - [2023-05-14T06:02:22.795+0000] {dag.py:3456} INFO - Setting next_dagrun for example_sensors to None, run_after=None
[2023-05-14T06:02:22.808+0000] {processor.py:175} INFO - Processing /home/airflow/.local/lib/python3.7/site-packages/airflow/example_dags/example_sensors.py took 0.088 seconds
[2023-05-14T06:02:53.160+0000] {processor.py:153} INFO - Started process (PID=17048) to work on /home/airflow/.local/lib/python3.7/site-packages/airflow/example_dags/example_sensors.py
[2023-05-14T06:02:53.162+0000] {processor.py:743} INFO - Processing file /home/airflow/.local/lib/python3.7/site-packages/airflow/example_dags/example_sensors.py for tasks to queue
[2023-05-14T06:02:53.163+0000] {logging_mixin.py:137} INFO - [2023-05-14T06:02:53.163+0000] {dagbag.py:532} INFO - Filling up the DagBag from /home/airflow/.local/lib/python3.7/site-packages/airflow/example_dags/example_sensors.py
[2023-05-14T06:02:53.182+0000] {processor.py:753} INFO - DAG(s) dict_keys(['example_sensors']) retrieved from /home/airflow/.local/lib/python3.7/site-packages/airflow/example_dags/example_sensors.py
[2023-05-14T06:02:53.205+0000] {logging_mixin.py:137} INFO - [2023-05-14T06:02:53.204+0000] {dag.py:2705} INFO - Sync 1 DAGs
[2023-05-14T06:02:53.221+0000] {logging_mixin.py:137} INFO - [2023-05-14T06:02:53.221+0000] {dag.py:3456} INFO - Setting next_dagrun for example_sensors to None, run_after=None
[2023-05-14T06:02:53.234+0000] {processor.py:175} INFO - Processing /home/airflow/.local/lib/python3.7/site-packages/airflow/example_dags/example_sensors.py took 0.076 seconds
[2023-05-14T06:03:23.743+0000] {processor.py:153} INFO - Started process (PID=17273) to work on /home/airflow/.local/lib/python3.7/site-packages/airflow/example_dags/example_sensors.py
[2023-05-14T06:03:23.748+0000] {processor.py:743} INFO - Processing file /home/airflow/.local/lib/python3.7/site-packages/airflow/example_dags/example_sensors.py for tasks to queue
[2023-05-14T06:03:23.749+0000] {logging_mixin.py:137} INFO - [2023-05-14T06:03:23.749+0000] {dagbag.py:532} INFO - Filling up the DagBag from /home/airflow/.local/lib/python3.7/site-packages/airflow/example_dags/example_sensors.py
[2023-05-14T06:03:23.771+0000] {processor.py:753} INFO - DAG(s) dict_keys(['example_sensors']) retrieved from /home/airflow/.local/lib/python3.7/site-packages/airflow/example_dags/example_sensors.py
[2023-05-14T06:03:23.794+0000] {logging_mixin.py:137} INFO - [2023-05-14T06:03:23.794+0000] {dag.py:2705} INFO - Sync 1 DAGs
[2023-05-14T06:03:23.813+0000] {logging_mixin.py:137} INFO - [2023-05-14T06:03:23.813+0000] {dag.py:3456} INFO - Setting next_dagrun for example_sensors to None, run_after=None
[2023-05-14T06:03:23.828+0000] {processor.py:175} INFO - Processing /home/airflow/.local/lib/python3.7/site-packages/airflow/example_dags/example_sensors.py took 0.088 seconds
[2023-05-14T06:03:54.266+0000] {processor.py:153} INFO - Started process (PID=17498) to work on /home/airflow/.local/lib/python3.7/site-packages/airflow/example_dags/example_sensors.py
[2023-05-14T06:03:54.268+0000] {processor.py:743} INFO - Processing file /home/airflow/.local/lib/python3.7/site-packages/airflow/example_dags/example_sensors.py for tasks to queue
[2023-05-14T06:03:54.269+0000] {logging_mixin.py:137} INFO - [2023-05-14T06:03:54.269+0000] {dagbag.py:532} INFO - Filling up the DagBag from /home/airflow/.local/lib/python3.7/site-packages/airflow/example_dags/example_sensors.py
[2023-05-14T06:03:54.386+0000] {processor.py:753} INFO - DAG(s) dict_keys(['example_sensors']) retrieved from /home/airflow/.local/lib/python3.7/site-packages/airflow/example_dags/example_sensors.py
[2023-05-14T06:03:54.426+0000] {logging_mixin.py:137} INFO - [2023-05-14T06:03:54.426+0000] {dag.py:2705} INFO - Sync 1 DAGs
[2023-05-14T06:03:54.445+0000] {logging_mixin.py:137} INFO - [2023-05-14T06:03:54.445+0000] {dag.py:3456} INFO - Setting next_dagrun for example_sensors to None, run_after=None
[2023-05-14T06:03:54.465+0000] {processor.py:175} INFO - Processing /home/airflow/.local/lib/python3.7/site-packages/airflow/example_dags/example_sensors.py took 0.201 seconds
[2023-05-14T06:04:24.882+0000] {processor.py:153} INFO - Started process (PID=17721) to work on /home/airflow/.local/lib/python3.7/site-packages/airflow/example_dags/example_sensors.py
[2023-05-14T06:04:24.885+0000] {processor.py:743} INFO - Processing file /home/airflow/.local/lib/python3.7/site-packages/airflow/example_dags/example_sensors.py for tasks to queue
[2023-05-14T06:04:24.886+0000] {logging_mixin.py:137} INFO - [2023-05-14T06:04:24.886+0000] {dagbag.py:532} INFO - Filling up the DagBag from /home/airflow/.local/lib/python3.7/site-packages/airflow/example_dags/example_sensors.py
[2023-05-14T06:04:24.910+0000] {processor.py:753} INFO - DAG(s) dict_keys(['example_sensors']) retrieved from /home/airflow/.local/lib/python3.7/site-packages/airflow/example_dags/example_sensors.py
[2023-05-14T06:04:24.943+0000] {logging_mixin.py:137} INFO - [2023-05-14T06:04:24.943+0000] {dag.py:2705} INFO - Sync 1 DAGs
[2023-05-14T06:04:24.967+0000] {logging_mixin.py:137} INFO - [2023-05-14T06:04:24.967+0000] {dag.py:3456} INFO - Setting next_dagrun for example_sensors to None, run_after=None
[2023-05-14T06:04:24.982+0000] {processor.py:175} INFO - Processing /home/airflow/.local/lib/python3.7/site-packages/airflow/example_dags/example_sensors.py took 0.103 seconds
[2023-05-14T06:04:55.121+0000] {processor.py:153} INFO - Started process (PID=17947) to work on /home/airflow/.local/lib/python3.7/site-packages/airflow/example_dags/example_sensors.py
[2023-05-14T06:04:55.123+0000] {processor.py:743} INFO - Processing file /home/airflow/.local/lib/python3.7/site-packages/airflow/example_dags/example_sensors.py for tasks to queue
[2023-05-14T06:04:55.124+0000] {logging_mixin.py:137} INFO - [2023-05-14T06:04:55.124+0000] {dagbag.py:532} INFO - Filling up the DagBag from /home/airflow/.local/lib/python3.7/site-packages/airflow/example_dags/example_sensors.py
[2023-05-14T06:04:55.140+0000] {processor.py:753} INFO - DAG(s) dict_keys(['example_sensors']) retrieved from /home/airflow/.local/lib/python3.7/site-packages/airflow/example_dags/example_sensors.py
[2023-05-14T06:04:55.164+0000] {logging_mixin.py:137} INFO - [2023-05-14T06:04:55.164+0000] {dag.py:2705} INFO - Sync 1 DAGs
[2023-05-14T06:04:55.180+0000] {logging_mixin.py:137} INFO - [2023-05-14T06:04:55.180+0000] {dag.py:3456} INFO - Setting next_dagrun for example_sensors to None, run_after=None
[2023-05-14T06:04:55.197+0000] {processor.py:175} INFO - Processing /home/airflow/.local/lib/python3.7/site-packages/airflow/example_dags/example_sensors.py took 0.079 seconds
[2023-05-14T06:05:25.551+0000] {processor.py:153} INFO - Started process (PID=18169) to work on /home/airflow/.local/lib/python3.7/site-packages/airflow/example_dags/example_sensors.py
[2023-05-14T06:05:25.553+0000] {processor.py:743} INFO - Processing file /home/airflow/.local/lib/python3.7/site-packages/airflow/example_dags/example_sensors.py for tasks to queue
[2023-05-14T06:05:25.555+0000] {logging_mixin.py:137} INFO - [2023-05-14T06:05:25.554+0000] {dagbag.py:532} INFO - Filling up the DagBag from /home/airflow/.local/lib/python3.7/site-packages/airflow/example_dags/example_sensors.py
[2023-05-14T06:05:25.574+0000] {processor.py:753} INFO - DAG(s) dict_keys(['example_sensors']) retrieved from /home/airflow/.local/lib/python3.7/site-packages/airflow/example_dags/example_sensors.py
[2023-05-14T06:05:25.601+0000] {logging_mixin.py:137} INFO - [2023-05-14T06:05:25.601+0000] {dag.py:2705} INFO - Sync 1 DAGs
[2023-05-14T06:05:25.618+0000] {logging_mixin.py:137} INFO - [2023-05-14T06:05:25.618+0000] {dag.py:3456} INFO - Setting next_dagrun for example_sensors to None, run_after=None
[2023-05-14T06:05:25.633+0000] {processor.py:175} INFO - Processing /home/airflow/.local/lib/python3.7/site-packages/airflow/example_dags/example_sensors.py took 0.084 seconds
[2023-05-14T06:05:56.049+0000] {processor.py:153} INFO - Started process (PID=18393) to work on /home/airflow/.local/lib/python3.7/site-packages/airflow/example_dags/example_sensors.py
[2023-05-14T06:05:56.051+0000] {processor.py:743} INFO - Processing file /home/airflow/.local/lib/python3.7/site-packages/airflow/example_dags/example_sensors.py for tasks to queue
[2023-05-14T06:05:56.053+0000] {logging_mixin.py:137} INFO - [2023-05-14T06:05:56.053+0000] {dagbag.py:532} INFO - Filling up the DagBag from /home/airflow/.local/lib/python3.7/site-packages/airflow/example_dags/example_sensors.py
[2023-05-14T06:05:56.076+0000] {processor.py:753} INFO - DAG(s) dict_keys(['example_sensors']) retrieved from /home/airflow/.local/lib/python3.7/site-packages/airflow/example_dags/example_sensors.py
[2023-05-14T06:05:56.104+0000] {logging_mixin.py:137} INFO - [2023-05-14T06:05:56.104+0000] {dag.py:2705} INFO - Sync 1 DAGs
[2023-05-14T06:05:56.122+0000] {logging_mixin.py:137} INFO - [2023-05-14T06:05:56.122+0000] {dag.py:3456} INFO - Setting next_dagrun for example_sensors to None, run_after=None
[2023-05-14T06:05:56.139+0000] {processor.py:175} INFO - Processing /home/airflow/.local/lib/python3.7/site-packages/airflow/example_dags/example_sensors.py took 0.093 seconds
[2023-05-14T06:06:26.768+0000] {processor.py:153} INFO - Started process (PID=18618) to work on /home/airflow/.local/lib/python3.7/site-packages/airflow/example_dags/example_sensors.py
[2023-05-14T06:06:26.769+0000] {processor.py:743} INFO - Processing file /home/airflow/.local/lib/python3.7/site-packages/airflow/example_dags/example_sensors.py for tasks to queue
[2023-05-14T06:06:26.771+0000] {logging_mixin.py:137} INFO - [2023-05-14T06:06:26.771+0000] {dagbag.py:532} INFO - Filling up the DagBag from /home/airflow/.local/lib/python3.7/site-packages/airflow/example_dags/example_sensors.py
[2023-05-14T06:06:26.790+0000] {processor.py:753} INFO - DAG(s) dict_keys(['example_sensors']) retrieved from /home/airflow/.local/lib/python3.7/site-packages/airflow/example_dags/example_sensors.py
[2023-05-14T06:06:26.816+0000] {logging_mixin.py:137} INFO - [2023-05-14T06:06:26.816+0000] {dag.py:2705} INFO - Sync 1 DAGs
[2023-05-14T06:06:26.833+0000] {logging_mixin.py:137} INFO - [2023-05-14T06:06:26.833+0000] {dag.py:3456} INFO - Setting next_dagrun for example_sensors to None, run_after=None
[2023-05-14T06:06:26.848+0000] {processor.py:175} INFO - Processing /home/airflow/.local/lib/python3.7/site-packages/airflow/example_dags/example_sensors.py took 0.083 seconds
[2023-05-14T06:06:57.237+0000] {processor.py:153} INFO - Started process (PID=18842) to work on /home/airflow/.local/lib/python3.7/site-packages/airflow/example_dags/example_sensors.py
[2023-05-14T06:06:57.239+0000] {processor.py:743} INFO - Processing file /home/airflow/.local/lib/python3.7/site-packages/airflow/example_dags/example_sensors.py for tasks to queue
[2023-05-14T06:06:57.240+0000] {logging_mixin.py:137} INFO - [2023-05-14T06:06:57.240+0000] {dagbag.py:532} INFO - Filling up the DagBag from /home/airflow/.local/lib/python3.7/site-packages/airflow/example_dags/example_sensors.py
[2023-05-14T06:06:57.259+0000] {processor.py:753} INFO - DAG(s) dict_keys(['example_sensors']) retrieved from /home/airflow/.local/lib/python3.7/site-packages/airflow/example_dags/example_sensors.py
[2023-05-14T06:06:57.283+0000] {logging_mixin.py:137} INFO - [2023-05-14T06:06:57.283+0000] {dag.py:2705} INFO - Sync 1 DAGs
[2023-05-14T06:06:57.306+0000] {logging_mixin.py:137} INFO - [2023-05-14T06:06:57.306+0000] {dag.py:3456} INFO - Setting next_dagrun for example_sensors to None, run_after=None
[2023-05-14T06:06:57.323+0000] {processor.py:175} INFO - Processing /home/airflow/.local/lib/python3.7/site-packages/airflow/example_dags/example_sensors.py took 0.090 seconds
[2023-05-14T06:07:27.876+0000] {processor.py:153} INFO - Started process (PID=19072) to work on /home/airflow/.local/lib/python3.7/site-packages/airflow/example_dags/example_sensors.py
[2023-05-14T06:07:27.878+0000] {processor.py:743} INFO - Processing file /home/airflow/.local/lib/python3.7/site-packages/airflow/example_dags/example_sensors.py for tasks to queue
[2023-05-14T06:07:27.880+0000] {logging_mixin.py:137} INFO - [2023-05-14T06:07:27.879+0000] {dagbag.py:532} INFO - Filling up the DagBag from /home/airflow/.local/lib/python3.7/site-packages/airflow/example_dags/example_sensors.py
[2023-05-14T06:07:27.898+0000] {processor.py:753} INFO - DAG(s) dict_keys(['example_sensors']) retrieved from /home/airflow/.local/lib/python3.7/site-packages/airflow/example_dags/example_sensors.py
[2023-05-14T06:07:27.924+0000] {logging_mixin.py:137} INFO - [2023-05-14T06:07:27.924+0000] {dag.py:2705} INFO - Sync 1 DAGs
[2023-05-14T06:07:27.942+0000] {logging_mixin.py:137} INFO - [2023-05-14T06:07:27.942+0000] {dag.py:3456} INFO - Setting next_dagrun for example_sensors to None, run_after=None
[2023-05-14T06:07:27.956+0000] {processor.py:175} INFO - Processing /home/airflow/.local/lib/python3.7/site-packages/airflow/example_dags/example_sensors.py took 0.083 seconds
