[2023-05-14T00:21:07.792+0000] {processor.py:153} INFO - Started process (PID=2958) to work on /home/airflow/.local/lib/python3.7/site-packages/airflow/example_dags/example_sensor_decorator.py
[2023-05-14T00:21:07.795+0000] {processor.py:743} INFO - Processing file /home/airflow/.local/lib/python3.7/site-packages/airflow/example_dags/example_sensor_decorator.py for tasks to queue
[2023-05-14T00:21:07.796+0000] {logging_mixin.py:137} INFO - [2023-05-14T00:21:07.796+0000] {dagbag.py:532} INFO - Filling up the DagBag from /home/airflow/.local/lib/python3.7/site-packages/airflow/example_dags/example_sensor_decorator.py
[2023-05-14T00:21:07.814+0000] {processor.py:753} INFO - DAG(s) dict_keys(['example_sensor_decorator']) retrieved from /home/airflow/.local/lib/python3.7/site-packages/airflow/example_dags/example_sensor_decorator.py
[2023-05-14T00:21:07.835+0000] {logging_mixin.py:137} INFO - [2023-05-14T00:21:07.835+0000] {dag.py:2705} INFO - Sync 1 DAGs
[2023-05-14T00:21:07.853+0000] {logging_mixin.py:137} INFO - [2023-05-14T00:21:07.853+0000] {dag.py:3456} INFO - Setting next_dagrun for example_sensor_decorator to None, run_after=None
[2023-05-14T00:21:07.867+0000] {processor.py:175} INFO - Processing /home/airflow/.local/lib/python3.7/site-packages/airflow/example_dags/example_sensor_decorator.py took 0.079 seconds
[2023-05-14T01:15:59.163+0000] {processor.py:153} INFO - Started process (PID=3182) to work on /home/airflow/.local/lib/python3.7/site-packages/airflow/example_dags/example_sensor_decorator.py
[2023-05-14T01:15:59.164+0000] {processor.py:743} INFO - Processing file /home/airflow/.local/lib/python3.7/site-packages/airflow/example_dags/example_sensor_decorator.py for tasks to queue
[2023-05-14T01:15:59.165+0000] {logging_mixin.py:137} INFO - [2023-05-14T01:15:59.165+0000] {dagbag.py:532} INFO - Filling up the DagBag from /home/airflow/.local/lib/python3.7/site-packages/airflow/example_dags/example_sensor_decorator.py
[2023-05-14T01:15:59.184+0000] {processor.py:753} INFO - DAG(s) dict_keys(['example_sensor_decorator']) retrieved from /home/airflow/.local/lib/python3.7/site-packages/airflow/example_dags/example_sensor_decorator.py
[2023-05-14T01:15:59.207+0000] {logging_mixin.py:137} INFO - [2023-05-14T01:15:59.207+0000] {dag.py:2705} INFO - Sync 1 DAGs
[2023-05-14T01:15:59.238+0000] {logging_mixin.py:137} INFO - [2023-05-14T01:15:59.238+0000] {dag.py:3456} INFO - Setting next_dagrun for example_sensor_decorator to None, run_after=None
[2023-05-14T01:15:59.252+0000] {processor.py:175} INFO - Processing /home/airflow/.local/lib/python3.7/site-packages/airflow/example_dags/example_sensor_decorator.py took 0.093 seconds
[2023-05-14T02:15:39.123+0000] {processor.py:153} INFO - Started process (PID=3405) to work on /home/airflow/.local/lib/python3.7/site-packages/airflow/example_dags/example_sensor_decorator.py
[2023-05-14T02:15:39.126+0000] {processor.py:743} INFO - Processing file /home/airflow/.local/lib/python3.7/site-packages/airflow/example_dags/example_sensor_decorator.py for tasks to queue
[2023-05-14T02:15:39.128+0000] {logging_mixin.py:137} INFO - [2023-05-14T02:15:39.128+0000] {dagbag.py:532} INFO - Filling up the DagBag from /home/airflow/.local/lib/python3.7/site-packages/airflow/example_dags/example_sensor_decorator.py
[2023-05-14T02:15:39.146+0000] {processor.py:753} INFO - DAG(s) dict_keys(['example_sensor_decorator']) retrieved from /home/airflow/.local/lib/python3.7/site-packages/airflow/example_dags/example_sensor_decorator.py
[2023-05-14T02:15:39.168+0000] {logging_mixin.py:137} INFO - [2023-05-14T02:15:39.168+0000] {dag.py:2705} INFO - Sync 1 DAGs
[2023-05-14T02:15:39.187+0000] {logging_mixin.py:137} INFO - [2023-05-14T02:15:39.186+0000] {dag.py:3456} INFO - Setting next_dagrun for example_sensor_decorator to None, run_after=None
[2023-05-14T02:15:39.201+0000] {processor.py:175} INFO - Processing /home/airflow/.local/lib/python3.7/site-packages/airflow/example_dags/example_sensor_decorator.py took 0.081 seconds
[2023-05-14T02:41:29.861+0000] {processor.py:153} INFO - Started process (PID=3628) to work on /home/airflow/.local/lib/python3.7/site-packages/airflow/example_dags/example_sensor_decorator.py
[2023-05-14T02:41:29.869+0000] {processor.py:743} INFO - Processing file /home/airflow/.local/lib/python3.7/site-packages/airflow/example_dags/example_sensor_decorator.py for tasks to queue
[2023-05-14T02:41:29.870+0000] {logging_mixin.py:137} INFO - [2023-05-14T02:41:29.870+0000] {dagbag.py:532} INFO - Filling up the DagBag from /home/airflow/.local/lib/python3.7/site-packages/airflow/example_dags/example_sensor_decorator.py
[2023-05-14T02:41:29.887+0000] {processor.py:753} INFO - DAG(s) dict_keys(['example_sensor_decorator']) retrieved from /home/airflow/.local/lib/python3.7/site-packages/airflow/example_dags/example_sensor_decorator.py
[2023-05-14T02:41:29.910+0000] {logging_mixin.py:137} INFO - [2023-05-14T02:41:29.909+0000] {dag.py:2705} INFO - Sync 1 DAGs
[2023-05-14T02:41:29.926+0000] {logging_mixin.py:137} INFO - [2023-05-14T02:41:29.926+0000] {dag.py:3456} INFO - Setting next_dagrun for example_sensor_decorator to None, run_after=None
[2023-05-14T02:41:29.937+0000] {processor.py:175} INFO - Processing /home/airflow/.local/lib/python3.7/site-packages/airflow/example_dags/example_sensor_decorator.py took 0.080 seconds
[2023-05-14T02:54:57.394+0000] {processor.py:153} INFO - Started process (PID=3851) to work on /home/airflow/.local/lib/python3.7/site-packages/airflow/example_dags/example_sensor_decorator.py
[2023-05-14T02:54:57.396+0000] {processor.py:743} INFO - Processing file /home/airflow/.local/lib/python3.7/site-packages/airflow/example_dags/example_sensor_decorator.py for tasks to queue
[2023-05-14T02:54:57.399+0000] {logging_mixin.py:137} INFO - [2023-05-14T02:54:57.399+0000] {dagbag.py:532} INFO - Filling up the DagBag from /home/airflow/.local/lib/python3.7/site-packages/airflow/example_dags/example_sensor_decorator.py
[2023-05-14T02:54:57.423+0000] {processor.py:753} INFO - DAG(s) dict_keys(['example_sensor_decorator']) retrieved from /home/airflow/.local/lib/python3.7/site-packages/airflow/example_dags/example_sensor_decorator.py
[2023-05-14T02:54:57.448+0000] {logging_mixin.py:137} INFO - [2023-05-14T02:54:57.448+0000] {dag.py:2705} INFO - Sync 1 DAGs
[2023-05-14T02:54:57.465+0000] {logging_mixin.py:137} INFO - [2023-05-14T02:54:57.465+0000] {dag.py:3456} INFO - Setting next_dagrun for example_sensor_decorator to None, run_after=None
[2023-05-14T02:54:57.489+0000] {processor.py:175} INFO - Processing /home/airflow/.local/lib/python3.7/site-packages/airflow/example_dags/example_sensor_decorator.py took 0.098 seconds
[2023-05-14T02:59:02.158+0000] {processor.py:153} INFO - Started process (PID=4076) to work on /home/airflow/.local/lib/python3.7/site-packages/airflow/example_dags/example_sensor_decorator.py
[2023-05-14T02:59:02.160+0000] {processor.py:743} INFO - Processing file /home/airflow/.local/lib/python3.7/site-packages/airflow/example_dags/example_sensor_decorator.py for tasks to queue
[2023-05-14T02:59:02.161+0000] {logging_mixin.py:137} INFO - [2023-05-14T02:59:02.161+0000] {dagbag.py:532} INFO - Filling up the DagBag from /home/airflow/.local/lib/python3.7/site-packages/airflow/example_dags/example_sensor_decorator.py
[2023-05-14T02:59:02.177+0000] {processor.py:753} INFO - DAG(s) dict_keys(['example_sensor_decorator']) retrieved from /home/airflow/.local/lib/python3.7/site-packages/airflow/example_dags/example_sensor_decorator.py
[2023-05-14T02:59:02.199+0000] {logging_mixin.py:137} INFO - [2023-05-14T02:59:02.199+0000] {dag.py:2705} INFO - Sync 1 DAGs
[2023-05-14T02:59:02.215+0000] {logging_mixin.py:137} INFO - [2023-05-14T02:59:02.215+0000] {dag.py:3456} INFO - Setting next_dagrun for example_sensor_decorator to None, run_after=None
[2023-05-14T02:59:02.227+0000] {processor.py:175} INFO - Processing /home/airflow/.local/lib/python3.7/site-packages/airflow/example_dags/example_sensor_decorator.py took 0.071 seconds
[2023-05-14T02:59:33.162+0000] {processor.py:153} INFO - Started process (PID=4295) to work on /home/airflow/.local/lib/python3.7/site-packages/airflow/example_dags/example_sensor_decorator.py
[2023-05-14T02:59:33.164+0000] {processor.py:743} INFO - Processing file /home/airflow/.local/lib/python3.7/site-packages/airflow/example_dags/example_sensor_decorator.py for tasks to queue
[2023-05-14T02:59:33.166+0000] {logging_mixin.py:137} INFO - [2023-05-14T02:59:33.166+0000] {dagbag.py:532} INFO - Filling up the DagBag from /home/airflow/.local/lib/python3.7/site-packages/airflow/example_dags/example_sensor_decorator.py
[2023-05-14T02:59:33.180+0000] {processor.py:753} INFO - DAG(s) dict_keys(['example_sensor_decorator']) retrieved from /home/airflow/.local/lib/python3.7/site-packages/airflow/example_dags/example_sensor_decorator.py
[2023-05-14T02:59:33.201+0000] {logging_mixin.py:137} INFO - [2023-05-14T02:59:33.200+0000] {dag.py:2705} INFO - Sync 1 DAGs
[2023-05-14T02:59:33.215+0000] {logging_mixin.py:137} INFO - [2023-05-14T02:59:33.215+0000] {dag.py:3456} INFO - Setting next_dagrun for example_sensor_decorator to None, run_after=None
[2023-05-14T02:59:33.227+0000] {processor.py:175} INFO - Processing /home/airflow/.local/lib/python3.7/site-packages/airflow/example_dags/example_sensor_decorator.py took 0.067 seconds
[2023-05-14T03:16:08.553+0000] {processor.py:153} INFO - Started process (PID=4521) to work on /home/airflow/.local/lib/python3.7/site-packages/airflow/example_dags/example_sensor_decorator.py
[2023-05-14T03:16:08.555+0000] {processor.py:743} INFO - Processing file /home/airflow/.local/lib/python3.7/site-packages/airflow/example_dags/example_sensor_decorator.py for tasks to queue
[2023-05-14T03:16:08.556+0000] {logging_mixin.py:137} INFO - [2023-05-14T03:16:08.556+0000] {dagbag.py:532} INFO - Filling up the DagBag from /home/airflow/.local/lib/python3.7/site-packages/airflow/example_dags/example_sensor_decorator.py
[2023-05-14T03:16:08.572+0000] {processor.py:753} INFO - DAG(s) dict_keys(['example_sensor_decorator']) retrieved from /home/airflow/.local/lib/python3.7/site-packages/airflow/example_dags/example_sensor_decorator.py
[2023-05-14T03:16:08.597+0000] {logging_mixin.py:137} INFO - [2023-05-14T03:16:08.597+0000] {dag.py:2705} INFO - Sync 1 DAGs
[2023-05-14T03:16:08.615+0000] {logging_mixin.py:137} INFO - [2023-05-14T03:16:08.615+0000] {dag.py:3456} INFO - Setting next_dagrun for example_sensor_decorator to None, run_after=None
[2023-05-14T03:16:08.628+0000] {processor.py:175} INFO - Processing /home/airflow/.local/lib/python3.7/site-packages/airflow/example_dags/example_sensor_decorator.py took 0.078 seconds
[2023-05-14T04:20:58.436+0000] {processor.py:153} INFO - Started process (PID=4744) to work on /home/airflow/.local/lib/python3.7/site-packages/airflow/example_dags/example_sensor_decorator.py
[2023-05-14T04:20:58.438+0000] {processor.py:743} INFO - Processing file /home/airflow/.local/lib/python3.7/site-packages/airflow/example_dags/example_sensor_decorator.py for tasks to queue
[2023-05-14T04:20:58.439+0000] {logging_mixin.py:137} INFO - [2023-05-14T04:20:58.439+0000] {dagbag.py:532} INFO - Filling up the DagBag from /home/airflow/.local/lib/python3.7/site-packages/airflow/example_dags/example_sensor_decorator.py
[2023-05-14T04:20:58.455+0000] {processor.py:753} INFO - DAG(s) dict_keys(['example_sensor_decorator']) retrieved from /home/airflow/.local/lib/python3.7/site-packages/airflow/example_dags/example_sensor_decorator.py
[2023-05-14T04:20:58.475+0000] {logging_mixin.py:137} INFO - [2023-05-14T04:20:58.475+0000] {dag.py:2705} INFO - Sync 1 DAGs
[2023-05-14T04:20:58.492+0000] {logging_mixin.py:137} INFO - [2023-05-14T04:20:58.492+0000] {dag.py:3456} INFO - Setting next_dagrun for example_sensor_decorator to None, run_after=None
[2023-05-14T04:20:58.505+0000] {processor.py:175} INFO - Processing /home/airflow/.local/lib/python3.7/site-packages/airflow/example_dags/example_sensor_decorator.py took 0.072 seconds
[2023-05-14T05:35:32.308+0000] {processor.py:153} INFO - Started process (PID=4969) to work on /home/airflow/.local/lib/python3.7/site-packages/airflow/example_dags/example_sensor_decorator.py
[2023-05-14T05:35:32.310+0000] {processor.py:743} INFO - Processing file /home/airflow/.local/lib/python3.7/site-packages/airflow/example_dags/example_sensor_decorator.py for tasks to queue
[2023-05-14T05:35:32.313+0000] {logging_mixin.py:137} INFO - [2023-05-14T05:35:32.313+0000] {dagbag.py:532} INFO - Filling up the DagBag from /home/airflow/.local/lib/python3.7/site-packages/airflow/example_dags/example_sensor_decorator.py
[2023-05-14T05:35:32.329+0000] {processor.py:753} INFO - DAG(s) dict_keys(['example_sensor_decorator']) retrieved from /home/airflow/.local/lib/python3.7/site-packages/airflow/example_dags/example_sensor_decorator.py
[2023-05-14T05:35:32.350+0000] {logging_mixin.py:137} INFO - [2023-05-14T05:35:32.350+0000] {dag.py:2705} INFO - Sync 1 DAGs
[2023-05-14T05:35:32.368+0000] {logging_mixin.py:137} INFO - [2023-05-14T05:35:32.367+0000] {dag.py:3456} INFO - Setting next_dagrun for example_sensor_decorator to None, run_after=None
[2023-05-14T05:35:32.386+0000] {processor.py:175} INFO - Processing /home/airflow/.local/lib/python3.7/site-packages/airflow/example_dags/example_sensor_decorator.py took 0.081 seconds
[2023-05-14T05:36:02.523+0000] {processor.py:153} INFO - Started process (PID=5192) to work on /home/airflow/.local/lib/python3.7/site-packages/airflow/example_dags/example_sensor_decorator.py
[2023-05-14T05:36:02.525+0000] {processor.py:743} INFO - Processing file /home/airflow/.local/lib/python3.7/site-packages/airflow/example_dags/example_sensor_decorator.py for tasks to queue
[2023-05-14T05:36:02.526+0000] {logging_mixin.py:137} INFO - [2023-05-14T05:36:02.526+0000] {dagbag.py:532} INFO - Filling up the DagBag from /home/airflow/.local/lib/python3.7/site-packages/airflow/example_dags/example_sensor_decorator.py
[2023-05-14T05:36:02.542+0000] {processor.py:753} INFO - DAG(s) dict_keys(['example_sensor_decorator']) retrieved from /home/airflow/.local/lib/python3.7/site-packages/airflow/example_dags/example_sensor_decorator.py
[2023-05-14T05:36:02.564+0000] {logging_mixin.py:137} INFO - [2023-05-14T05:36:02.564+0000] {dag.py:2705} INFO - Sync 1 DAGs
[2023-05-14T05:36:02.581+0000] {logging_mixin.py:137} INFO - [2023-05-14T05:36:02.581+0000] {dag.py:3456} INFO - Setting next_dagrun for example_sensor_decorator to None, run_after=None
[2023-05-14T05:36:02.594+0000] {processor.py:175} INFO - Processing /home/airflow/.local/lib/python3.7/site-packages/airflow/example_dags/example_sensor_decorator.py took 0.074 seconds
[2023-05-14T05:36:34.319+0000] {processor.py:153} INFO - Started process (PID=5414) to work on /home/airflow/.local/lib/python3.7/site-packages/airflow/example_dags/example_sensor_decorator.py
[2023-05-14T05:36:34.332+0000] {processor.py:743} INFO - Processing file /home/airflow/.local/lib/python3.7/site-packages/airflow/example_dags/example_sensor_decorator.py for tasks to queue
[2023-05-14T05:36:34.334+0000] {logging_mixin.py:137} INFO - [2023-05-14T05:36:34.334+0000] {dagbag.py:532} INFO - Filling up the DagBag from /home/airflow/.local/lib/python3.7/site-packages/airflow/example_dags/example_sensor_decorator.py
[2023-05-14T05:36:34.352+0000] {processor.py:753} INFO - DAG(s) dict_keys(['example_sensor_decorator']) retrieved from /home/airflow/.local/lib/python3.7/site-packages/airflow/example_dags/example_sensor_decorator.py
[2023-05-14T05:36:34.375+0000] {logging_mixin.py:137} INFO - [2023-05-14T05:36:34.375+0000] {dag.py:2705} INFO - Sync 1 DAGs
[2023-05-14T05:36:34.399+0000] {logging_mixin.py:137} INFO - [2023-05-14T05:36:34.399+0000] {dag.py:3456} INFO - Setting next_dagrun for example_sensor_decorator to None, run_after=None
[2023-05-14T05:36:34.419+0000] {processor.py:175} INFO - Processing /home/airflow/.local/lib/python3.7/site-packages/airflow/example_dags/example_sensor_decorator.py took 0.104 seconds
[2023-05-14T05:37:04.490+0000] {processor.py:153} INFO - Started process (PID=5636) to work on /home/airflow/.local/lib/python3.7/site-packages/airflow/example_dags/example_sensor_decorator.py
[2023-05-14T05:37:04.491+0000] {processor.py:743} INFO - Processing file /home/airflow/.local/lib/python3.7/site-packages/airflow/example_dags/example_sensor_decorator.py for tasks to queue
[2023-05-14T05:37:04.493+0000] {logging_mixin.py:137} INFO - [2023-05-14T05:37:04.493+0000] {dagbag.py:532} INFO - Filling up the DagBag from /home/airflow/.local/lib/python3.7/site-packages/airflow/example_dags/example_sensor_decorator.py
[2023-05-14T05:37:04.509+0000] {processor.py:753} INFO - DAG(s) dict_keys(['example_sensor_decorator']) retrieved from /home/airflow/.local/lib/python3.7/site-packages/airflow/example_dags/example_sensor_decorator.py
[2023-05-14T05:37:04.536+0000] {logging_mixin.py:137} INFO - [2023-05-14T05:37:04.536+0000] {dag.py:2705} INFO - Sync 1 DAGs
[2023-05-14T05:37:04.555+0000] {logging_mixin.py:137} INFO - [2023-05-14T05:37:04.555+0000] {dag.py:3456} INFO - Setting next_dagrun for example_sensor_decorator to None, run_after=None
[2023-05-14T05:37:04.567+0000] {processor.py:175} INFO - Processing /home/airflow/.local/lib/python3.7/site-packages/airflow/example_dags/example_sensor_decorator.py took 0.081 seconds
[2023-05-14T05:37:35.465+0000] {processor.py:153} INFO - Started process (PID=5865) to work on /home/airflow/.local/lib/python3.7/site-packages/airflow/example_dags/example_sensor_decorator.py
[2023-05-14T05:37:35.467+0000] {processor.py:743} INFO - Processing file /home/airflow/.local/lib/python3.7/site-packages/airflow/example_dags/example_sensor_decorator.py for tasks to queue
[2023-05-14T05:37:35.469+0000] {logging_mixin.py:137} INFO - [2023-05-14T05:37:35.469+0000] {dagbag.py:532} INFO - Filling up the DagBag from /home/airflow/.local/lib/python3.7/site-packages/airflow/example_dags/example_sensor_decorator.py
[2023-05-14T05:37:35.486+0000] {processor.py:753} INFO - DAG(s) dict_keys(['example_sensor_decorator']) retrieved from /home/airflow/.local/lib/python3.7/site-packages/airflow/example_dags/example_sensor_decorator.py
[2023-05-14T05:37:35.510+0000] {logging_mixin.py:137} INFO - [2023-05-14T05:37:35.510+0000] {dag.py:2705} INFO - Sync 1 DAGs
[2023-05-14T05:37:35.533+0000] {logging_mixin.py:137} INFO - [2023-05-14T05:37:35.533+0000] {dag.py:3456} INFO - Setting next_dagrun for example_sensor_decorator to None, run_after=None
[2023-05-14T05:37:35.548+0000] {processor.py:175} INFO - Processing /home/airflow/.local/lib/python3.7/site-packages/airflow/example_dags/example_sensor_decorator.py took 0.086 seconds
[2023-05-14T05:38:05.951+0000] {processor.py:153} INFO - Started process (PID=6091) to work on /home/airflow/.local/lib/python3.7/site-packages/airflow/example_dags/example_sensor_decorator.py
[2023-05-14T05:38:05.953+0000] {processor.py:743} INFO - Processing file /home/airflow/.local/lib/python3.7/site-packages/airflow/example_dags/example_sensor_decorator.py for tasks to queue
[2023-05-14T05:38:05.955+0000] {logging_mixin.py:137} INFO - [2023-05-14T05:38:05.954+0000] {dagbag.py:532} INFO - Filling up the DagBag from /home/airflow/.local/lib/python3.7/site-packages/airflow/example_dags/example_sensor_decorator.py
[2023-05-14T05:38:05.970+0000] {processor.py:753} INFO - DAG(s) dict_keys(['example_sensor_decorator']) retrieved from /home/airflow/.local/lib/python3.7/site-packages/airflow/example_dags/example_sensor_decorator.py
[2023-05-14T05:38:05.990+0000] {logging_mixin.py:137} INFO - [2023-05-14T05:38:05.990+0000] {dag.py:2705} INFO - Sync 1 DAGs
[2023-05-14T05:38:06.004+0000] {logging_mixin.py:137} INFO - [2023-05-14T05:38:06.004+0000] {dag.py:3456} INFO - Setting next_dagrun for example_sensor_decorator to None, run_after=None
[2023-05-14T05:38:06.016+0000] {processor.py:175} INFO - Processing /home/airflow/.local/lib/python3.7/site-packages/airflow/example_dags/example_sensor_decorator.py took 0.067 seconds
[2023-05-14T05:38:36.251+0000] {processor.py:153} INFO - Started process (PID=6318) to work on /home/airflow/.local/lib/python3.7/site-packages/airflow/example_dags/example_sensor_decorator.py
[2023-05-14T05:38:36.253+0000] {processor.py:743} INFO - Processing file /home/airflow/.local/lib/python3.7/site-packages/airflow/example_dags/example_sensor_decorator.py for tasks to queue
[2023-05-14T05:38:36.254+0000] {logging_mixin.py:137} INFO - [2023-05-14T05:38:36.254+0000] {dagbag.py:532} INFO - Filling up the DagBag from /home/airflow/.local/lib/python3.7/site-packages/airflow/example_dags/example_sensor_decorator.py
[2023-05-14T05:38:36.272+0000] {processor.py:753} INFO - DAG(s) dict_keys(['example_sensor_decorator']) retrieved from /home/airflow/.local/lib/python3.7/site-packages/airflow/example_dags/example_sensor_decorator.py
[2023-05-14T05:38:36.294+0000] {logging_mixin.py:137} INFO - [2023-05-14T05:38:36.294+0000] {dag.py:2705} INFO - Sync 1 DAGs
[2023-05-14T05:38:36.313+0000] {logging_mixin.py:137} INFO - [2023-05-14T05:38:36.313+0000] {dag.py:3456} INFO - Setting next_dagrun for example_sensor_decorator to None, run_after=None
[2023-05-14T05:38:36.324+0000] {processor.py:175} INFO - Processing /home/airflow/.local/lib/python3.7/site-packages/airflow/example_dags/example_sensor_decorator.py took 0.076 seconds
[2023-05-14T05:39:06.764+0000] {processor.py:153} INFO - Started process (PID=6548) to work on /home/airflow/.local/lib/python3.7/site-packages/airflow/example_dags/example_sensor_decorator.py
[2023-05-14T05:39:06.766+0000] {processor.py:743} INFO - Processing file /home/airflow/.local/lib/python3.7/site-packages/airflow/example_dags/example_sensor_decorator.py for tasks to queue
[2023-05-14T05:39:06.767+0000] {logging_mixin.py:137} INFO - [2023-05-14T05:39:06.767+0000] {dagbag.py:532} INFO - Filling up the DagBag from /home/airflow/.local/lib/python3.7/site-packages/airflow/example_dags/example_sensor_decorator.py
[2023-05-14T05:39:06.783+0000] {processor.py:753} INFO - DAG(s) dict_keys(['example_sensor_decorator']) retrieved from /home/airflow/.local/lib/python3.7/site-packages/airflow/example_dags/example_sensor_decorator.py
[2023-05-14T05:39:06.805+0000] {logging_mixin.py:137} INFO - [2023-05-14T05:39:06.804+0000] {dag.py:2705} INFO - Sync 1 DAGs
[2023-05-14T05:39:06.822+0000] {logging_mixin.py:137} INFO - [2023-05-14T05:39:06.822+0000] {dag.py:3456} INFO - Setting next_dagrun for example_sensor_decorator to None, run_after=None
[2023-05-14T05:39:06.837+0000] {processor.py:175} INFO - Processing /home/airflow/.local/lib/python3.7/site-packages/airflow/example_dags/example_sensor_decorator.py took 0.075 seconds
[2023-05-14T05:39:37.961+0000] {processor.py:153} INFO - Started process (PID=6784) to work on /home/airflow/.local/lib/python3.7/site-packages/airflow/example_dags/example_sensor_decorator.py
[2023-05-14T05:39:37.963+0000] {processor.py:743} INFO - Processing file /home/airflow/.local/lib/python3.7/site-packages/airflow/example_dags/example_sensor_decorator.py for tasks to queue
[2023-05-14T05:39:37.965+0000] {logging_mixin.py:137} INFO - [2023-05-14T05:39:37.965+0000] {dagbag.py:532} INFO - Filling up the DagBag from /home/airflow/.local/lib/python3.7/site-packages/airflow/example_dags/example_sensor_decorator.py
[2023-05-14T05:39:37.982+0000] {processor.py:753} INFO - DAG(s) dict_keys(['example_sensor_decorator']) retrieved from /home/airflow/.local/lib/python3.7/site-packages/airflow/example_dags/example_sensor_decorator.py
[2023-05-14T05:39:38.006+0000] {logging_mixin.py:137} INFO - [2023-05-14T05:39:38.006+0000] {dag.py:2705} INFO - Sync 1 DAGs
[2023-05-14T05:39:38.024+0000] {logging_mixin.py:137} INFO - [2023-05-14T05:39:38.024+0000] {dag.py:3456} INFO - Setting next_dagrun for example_sensor_decorator to None, run_after=None
[2023-05-14T05:39:38.038+0000] {processor.py:175} INFO - Processing /home/airflow/.local/lib/python3.7/site-packages/airflow/example_dags/example_sensor_decorator.py took 0.080 seconds
[2023-05-14T05:40:08.589+0000] {processor.py:153} INFO - Started process (PID=7021) to work on /home/airflow/.local/lib/python3.7/site-packages/airflow/example_dags/example_sensor_decorator.py
[2023-05-14T05:40:08.591+0000] {processor.py:743} INFO - Processing file /home/airflow/.local/lib/python3.7/site-packages/airflow/example_dags/example_sensor_decorator.py for tasks to queue
[2023-05-14T05:40:08.592+0000] {logging_mixin.py:137} INFO - [2023-05-14T05:40:08.592+0000] {dagbag.py:532} INFO - Filling up the DagBag from /home/airflow/.local/lib/python3.7/site-packages/airflow/example_dags/example_sensor_decorator.py
[2023-05-14T05:40:08.609+0000] {processor.py:753} INFO - DAG(s) dict_keys(['example_sensor_decorator']) retrieved from /home/airflow/.local/lib/python3.7/site-packages/airflow/example_dags/example_sensor_decorator.py
[2023-05-14T05:40:08.629+0000] {logging_mixin.py:137} INFO - [2023-05-14T05:40:08.629+0000] {dag.py:2705} INFO - Sync 1 DAGs
[2023-05-14T05:40:08.646+0000] {logging_mixin.py:137} INFO - [2023-05-14T05:40:08.646+0000] {dag.py:3456} INFO - Setting next_dagrun for example_sensor_decorator to None, run_after=None
[2023-05-14T05:40:08.659+0000] {processor.py:175} INFO - Processing /home/airflow/.local/lib/python3.7/site-packages/airflow/example_dags/example_sensor_decorator.py took 0.072 seconds
[2023-05-14T05:40:39.490+0000] {processor.py:153} INFO - Started process (PID=7245) to work on /home/airflow/.local/lib/python3.7/site-packages/airflow/example_dags/example_sensor_decorator.py
[2023-05-14T05:40:39.492+0000] {processor.py:743} INFO - Processing file /home/airflow/.local/lib/python3.7/site-packages/airflow/example_dags/example_sensor_decorator.py for tasks to queue
[2023-05-14T05:40:39.493+0000] {logging_mixin.py:137} INFO - [2023-05-14T05:40:39.493+0000] {dagbag.py:532} INFO - Filling up the DagBag from /home/airflow/.local/lib/python3.7/site-packages/airflow/example_dags/example_sensor_decorator.py
[2023-05-14T05:40:39.509+0000] {processor.py:753} INFO - DAG(s) dict_keys(['example_sensor_decorator']) retrieved from /home/airflow/.local/lib/python3.7/site-packages/airflow/example_dags/example_sensor_decorator.py
[2023-05-14T05:40:39.530+0000] {logging_mixin.py:137} INFO - [2023-05-14T05:40:39.530+0000] {dag.py:2705} INFO - Sync 1 DAGs
[2023-05-14T05:40:39.547+0000] {logging_mixin.py:137} INFO - [2023-05-14T05:40:39.547+0000] {dag.py:3456} INFO - Setting next_dagrun for example_sensor_decorator to None, run_after=None
[2023-05-14T05:40:39.560+0000] {processor.py:175} INFO - Processing /home/airflow/.local/lib/python3.7/site-packages/airflow/example_dags/example_sensor_decorator.py took 0.073 seconds
[2023-05-14T05:41:10.064+0000] {processor.py:153} INFO - Started process (PID=7477) to work on /home/airflow/.local/lib/python3.7/site-packages/airflow/example_dags/example_sensor_decorator.py
[2023-05-14T05:41:10.065+0000] {processor.py:743} INFO - Processing file /home/airflow/.local/lib/python3.7/site-packages/airflow/example_dags/example_sensor_decorator.py for tasks to queue
[2023-05-14T05:41:10.067+0000] {logging_mixin.py:137} INFO - [2023-05-14T05:41:10.067+0000] {dagbag.py:532} INFO - Filling up the DagBag from /home/airflow/.local/lib/python3.7/site-packages/airflow/example_dags/example_sensor_decorator.py
[2023-05-14T05:41:10.084+0000] {processor.py:753} INFO - DAG(s) dict_keys(['example_sensor_decorator']) retrieved from /home/airflow/.local/lib/python3.7/site-packages/airflow/example_dags/example_sensor_decorator.py
[2023-05-14T05:41:10.104+0000] {logging_mixin.py:137} INFO - [2023-05-14T05:41:10.104+0000] {dag.py:2705} INFO - Sync 1 DAGs
[2023-05-14T05:41:10.121+0000] {logging_mixin.py:137} INFO - [2023-05-14T05:41:10.120+0000] {dag.py:3456} INFO - Setting next_dagrun for example_sensor_decorator to None, run_after=None
[2023-05-14T05:41:10.148+0000] {processor.py:175} INFO - Processing /home/airflow/.local/lib/python3.7/site-packages/airflow/example_dags/example_sensor_decorator.py took 0.088 seconds
[2023-05-14T05:41:40.473+0000] {processor.py:153} INFO - Started process (PID=7705) to work on /home/airflow/.local/lib/python3.7/site-packages/airflow/example_dags/example_sensor_decorator.py
[2023-05-14T05:41:40.475+0000] {processor.py:743} INFO - Processing file /home/airflow/.local/lib/python3.7/site-packages/airflow/example_dags/example_sensor_decorator.py for tasks to queue
[2023-05-14T05:41:40.476+0000] {logging_mixin.py:137} INFO - [2023-05-14T05:41:40.476+0000] {dagbag.py:532} INFO - Filling up the DagBag from /home/airflow/.local/lib/python3.7/site-packages/airflow/example_dags/example_sensor_decorator.py
[2023-05-14T05:41:40.492+0000] {processor.py:753} INFO - DAG(s) dict_keys(['example_sensor_decorator']) retrieved from /home/airflow/.local/lib/python3.7/site-packages/airflow/example_dags/example_sensor_decorator.py
[2023-05-14T05:41:40.512+0000] {logging_mixin.py:137} INFO - [2023-05-14T05:41:40.512+0000] {dag.py:2705} INFO - Sync 1 DAGs
[2023-05-14T05:41:40.531+0000] {logging_mixin.py:137} INFO - [2023-05-14T05:41:40.531+0000] {dag.py:3456} INFO - Setting next_dagrun for example_sensor_decorator to None, run_after=None
[2023-05-14T05:41:40.546+0000] {processor.py:175} INFO - Processing /home/airflow/.local/lib/python3.7/site-packages/airflow/example_dags/example_sensor_decorator.py took 0.076 seconds
[2023-05-14T05:42:11.072+0000] {processor.py:153} INFO - Started process (PID=7929) to work on /home/airflow/.local/lib/python3.7/site-packages/airflow/example_dags/example_sensor_decorator.py
[2023-05-14T05:42:11.091+0000] {processor.py:743} INFO - Processing file /home/airflow/.local/lib/python3.7/site-packages/airflow/example_dags/example_sensor_decorator.py for tasks to queue
[2023-05-14T05:42:11.093+0000] {logging_mixin.py:137} INFO - [2023-05-14T05:42:11.093+0000] {dagbag.py:532} INFO - Filling up the DagBag from /home/airflow/.local/lib/python3.7/site-packages/airflow/example_dags/example_sensor_decorator.py
[2023-05-14T05:42:11.113+0000] {processor.py:753} INFO - DAG(s) dict_keys(['example_sensor_decorator']) retrieved from /home/airflow/.local/lib/python3.7/site-packages/airflow/example_dags/example_sensor_decorator.py
[2023-05-14T05:42:11.136+0000] {logging_mixin.py:137} INFO - [2023-05-14T05:42:11.136+0000] {dag.py:2705} INFO - Sync 1 DAGs
[2023-05-14T05:42:11.154+0000] {logging_mixin.py:137} INFO - [2023-05-14T05:42:11.154+0000] {dag.py:3456} INFO - Setting next_dagrun for example_sensor_decorator to None, run_after=None
[2023-05-14T05:42:11.167+0000] {processor.py:175} INFO - Processing /home/airflow/.local/lib/python3.7/site-packages/airflow/example_dags/example_sensor_decorator.py took 0.098 seconds
[2023-05-14T05:42:41.322+0000] {processor.py:153} INFO - Started process (PID=8152) to work on /home/airflow/.local/lib/python3.7/site-packages/airflow/example_dags/example_sensor_decorator.py
[2023-05-14T05:42:41.324+0000] {processor.py:743} INFO - Processing file /home/airflow/.local/lib/python3.7/site-packages/airflow/example_dags/example_sensor_decorator.py for tasks to queue
[2023-05-14T05:42:41.325+0000] {logging_mixin.py:137} INFO - [2023-05-14T05:42:41.325+0000] {dagbag.py:532} INFO - Filling up the DagBag from /home/airflow/.local/lib/python3.7/site-packages/airflow/example_dags/example_sensor_decorator.py
[2023-05-14T05:42:41.345+0000] {processor.py:753} INFO - DAG(s) dict_keys(['example_sensor_decorator']) retrieved from /home/airflow/.local/lib/python3.7/site-packages/airflow/example_dags/example_sensor_decorator.py
[2023-05-14T05:42:41.366+0000] {logging_mixin.py:137} INFO - [2023-05-14T05:42:41.366+0000] {dag.py:2705} INFO - Sync 1 DAGs
[2023-05-14T05:42:41.384+0000] {logging_mixin.py:137} INFO - [2023-05-14T05:42:41.384+0000] {dag.py:3456} INFO - Setting next_dagrun for example_sensor_decorator to None, run_after=None
[2023-05-14T05:42:41.398+0000] {processor.py:175} INFO - Processing /home/airflow/.local/lib/python3.7/site-packages/airflow/example_dags/example_sensor_decorator.py took 0.080 seconds
[2023-05-14T05:43:11.958+0000] {processor.py:153} INFO - Started process (PID=8383) to work on /home/airflow/.local/lib/python3.7/site-packages/airflow/example_dags/example_sensor_decorator.py
[2023-05-14T05:43:11.960+0000] {processor.py:743} INFO - Processing file /home/airflow/.local/lib/python3.7/site-packages/airflow/example_dags/example_sensor_decorator.py for tasks to queue
[2023-05-14T05:43:11.961+0000] {logging_mixin.py:137} INFO - [2023-05-14T05:43:11.961+0000] {dagbag.py:532} INFO - Filling up the DagBag from /home/airflow/.local/lib/python3.7/site-packages/airflow/example_dags/example_sensor_decorator.py
[2023-05-14T05:43:11.977+0000] {processor.py:753} INFO - DAG(s) dict_keys(['example_sensor_decorator']) retrieved from /home/airflow/.local/lib/python3.7/site-packages/airflow/example_dags/example_sensor_decorator.py
[2023-05-14T05:43:11.998+0000] {logging_mixin.py:137} INFO - [2023-05-14T05:43:11.998+0000] {dag.py:2705} INFO - Sync 1 DAGs
[2023-05-14T05:43:12.017+0000] {logging_mixin.py:137} INFO - [2023-05-14T05:43:12.017+0000] {dag.py:3456} INFO - Setting next_dagrun for example_sensor_decorator to None, run_after=None
[2023-05-14T05:43:12.033+0000] {processor.py:175} INFO - Processing /home/airflow/.local/lib/python3.7/site-packages/airflow/example_dags/example_sensor_decorator.py took 0.077 seconds
[2023-05-14T05:43:42.119+0000] {processor.py:153} INFO - Started process (PID=8608) to work on /home/airflow/.local/lib/python3.7/site-packages/airflow/example_dags/example_sensor_decorator.py
[2023-05-14T05:43:42.121+0000] {processor.py:743} INFO - Processing file /home/airflow/.local/lib/python3.7/site-packages/airflow/example_dags/example_sensor_decorator.py for tasks to queue
[2023-05-14T05:43:42.123+0000] {logging_mixin.py:137} INFO - [2023-05-14T05:43:42.122+0000] {dagbag.py:532} INFO - Filling up the DagBag from /home/airflow/.local/lib/python3.7/site-packages/airflow/example_dags/example_sensor_decorator.py
[2023-05-14T05:43:42.138+0000] {processor.py:753} INFO - DAG(s) dict_keys(['example_sensor_decorator']) retrieved from /home/airflow/.local/lib/python3.7/site-packages/airflow/example_dags/example_sensor_decorator.py
[2023-05-14T05:43:42.159+0000] {logging_mixin.py:137} INFO - [2023-05-14T05:43:42.159+0000] {dag.py:2705} INFO - Sync 1 DAGs
[2023-05-14T05:43:42.177+0000] {logging_mixin.py:137} INFO - [2023-05-14T05:43:42.177+0000] {dag.py:3456} INFO - Setting next_dagrun for example_sensor_decorator to None, run_after=None
[2023-05-14T05:43:42.193+0000] {processor.py:175} INFO - Processing /home/airflow/.local/lib/python3.7/site-packages/airflow/example_dags/example_sensor_decorator.py took 0.076 seconds
[2023-05-14T05:44:12.645+0000] {processor.py:153} INFO - Started process (PID=8844) to work on /home/airflow/.local/lib/python3.7/site-packages/airflow/example_dags/example_sensor_decorator.py
[2023-05-14T05:44:12.646+0000] {processor.py:743} INFO - Processing file /home/airflow/.local/lib/python3.7/site-packages/airflow/example_dags/example_sensor_decorator.py for tasks to queue
[2023-05-14T05:44:12.648+0000] {logging_mixin.py:137} INFO - [2023-05-14T05:44:12.648+0000] {dagbag.py:532} INFO - Filling up the DagBag from /home/airflow/.local/lib/python3.7/site-packages/airflow/example_dags/example_sensor_decorator.py
[2023-05-14T05:44:12.664+0000] {processor.py:753} INFO - DAG(s) dict_keys(['example_sensor_decorator']) retrieved from /home/airflow/.local/lib/python3.7/site-packages/airflow/example_dags/example_sensor_decorator.py
[2023-05-14T05:44:12.685+0000] {logging_mixin.py:137} INFO - [2023-05-14T05:44:12.685+0000] {dag.py:2705} INFO - Sync 1 DAGs
[2023-05-14T05:44:12.704+0000] {logging_mixin.py:137} INFO - [2023-05-14T05:44:12.704+0000] {dag.py:3456} INFO - Setting next_dagrun for example_sensor_decorator to None, run_after=None
[2023-05-14T05:44:12.718+0000] {processor.py:175} INFO - Processing /home/airflow/.local/lib/python3.7/site-packages/airflow/example_dags/example_sensor_decorator.py took 0.076 seconds
[2023-05-14T05:44:42.910+0000] {processor.py:153} INFO - Started process (PID=9074) to work on /home/airflow/.local/lib/python3.7/site-packages/airflow/example_dags/example_sensor_decorator.py
[2023-05-14T05:44:42.911+0000] {processor.py:743} INFO - Processing file /home/airflow/.local/lib/python3.7/site-packages/airflow/example_dags/example_sensor_decorator.py for tasks to queue
[2023-05-14T05:44:42.912+0000] {logging_mixin.py:137} INFO - [2023-05-14T05:44:42.912+0000] {dagbag.py:532} INFO - Filling up the DagBag from /home/airflow/.local/lib/python3.7/site-packages/airflow/example_dags/example_sensor_decorator.py
[2023-05-14T05:44:42.929+0000] {processor.py:753} INFO - DAG(s) dict_keys(['example_sensor_decorator']) retrieved from /home/airflow/.local/lib/python3.7/site-packages/airflow/example_dags/example_sensor_decorator.py
[2023-05-14T05:44:42.950+0000] {logging_mixin.py:137} INFO - [2023-05-14T05:44:42.950+0000] {dag.py:2705} INFO - Sync 1 DAGs
[2023-05-14T05:44:42.966+0000] {logging_mixin.py:137} INFO - [2023-05-14T05:44:42.966+0000] {dag.py:3456} INFO - Setting next_dagrun for example_sensor_decorator to None, run_after=None
[2023-05-14T05:44:42.978+0000] {processor.py:175} INFO - Processing /home/airflow/.local/lib/python3.7/site-packages/airflow/example_dags/example_sensor_decorator.py took 0.072 seconds
[2023-05-14T05:45:13.281+0000] {processor.py:153} INFO - Started process (PID=9298) to work on /home/airflow/.local/lib/python3.7/site-packages/airflow/example_dags/example_sensor_decorator.py
[2023-05-14T05:45:13.283+0000] {processor.py:743} INFO - Processing file /home/airflow/.local/lib/python3.7/site-packages/airflow/example_dags/example_sensor_decorator.py for tasks to queue
[2023-05-14T05:45:13.284+0000] {logging_mixin.py:137} INFO - [2023-05-14T05:45:13.284+0000] {dagbag.py:532} INFO - Filling up the DagBag from /home/airflow/.local/lib/python3.7/site-packages/airflow/example_dags/example_sensor_decorator.py
[2023-05-14T05:45:13.302+0000] {processor.py:753} INFO - DAG(s) dict_keys(['example_sensor_decorator']) retrieved from /home/airflow/.local/lib/python3.7/site-packages/airflow/example_dags/example_sensor_decorator.py
[2023-05-14T05:45:13.323+0000] {logging_mixin.py:137} INFO - [2023-05-14T05:45:13.323+0000] {dag.py:2705} INFO - Sync 1 DAGs
[2023-05-14T05:45:13.341+0000] {logging_mixin.py:137} INFO - [2023-05-14T05:45:13.341+0000] {dag.py:3456} INFO - Setting next_dagrun for example_sensor_decorator to None, run_after=None
[2023-05-14T05:45:13.354+0000] {processor.py:175} INFO - Processing /home/airflow/.local/lib/python3.7/site-packages/airflow/example_dags/example_sensor_decorator.py took 0.076 seconds
[2023-05-14T05:45:44.345+0000] {processor.py:153} INFO - Started process (PID=9537) to work on /home/airflow/.local/lib/python3.7/site-packages/airflow/example_dags/example_sensor_decorator.py
[2023-05-14T05:45:44.347+0000] {processor.py:743} INFO - Processing file /home/airflow/.local/lib/python3.7/site-packages/airflow/example_dags/example_sensor_decorator.py for tasks to queue
[2023-05-14T05:45:44.348+0000] {logging_mixin.py:137} INFO - [2023-05-14T05:45:44.348+0000] {dagbag.py:532} INFO - Filling up the DagBag from /home/airflow/.local/lib/python3.7/site-packages/airflow/example_dags/example_sensor_decorator.py
[2023-05-14T05:45:44.363+0000] {processor.py:753} INFO - DAG(s) dict_keys(['example_sensor_decorator']) retrieved from /home/airflow/.local/lib/python3.7/site-packages/airflow/example_dags/example_sensor_decorator.py
[2023-05-14T05:45:44.404+0000] {logging_mixin.py:137} INFO - [2023-05-14T05:45:44.404+0000] {dag.py:2705} INFO - Sync 1 DAGs
[2023-05-14T05:45:44.425+0000] {logging_mixin.py:137} INFO - [2023-05-14T05:45:44.425+0000] {dag.py:3456} INFO - Setting next_dagrun for example_sensor_decorator to None, run_after=None
[2023-05-14T05:45:44.442+0000] {processor.py:175} INFO - Processing /home/airflow/.local/lib/python3.7/site-packages/airflow/example_dags/example_sensor_decorator.py took 0.100 seconds
[2023-05-14T05:46:14.553+0000] {processor.py:153} INFO - Started process (PID=9763) to work on /home/airflow/.local/lib/python3.7/site-packages/airflow/example_dags/example_sensor_decorator.py
[2023-05-14T05:46:14.555+0000] {processor.py:743} INFO - Processing file /home/airflow/.local/lib/python3.7/site-packages/airflow/example_dags/example_sensor_decorator.py for tasks to queue
[2023-05-14T05:46:14.556+0000] {logging_mixin.py:137} INFO - [2023-05-14T05:46:14.556+0000] {dagbag.py:532} INFO - Filling up the DagBag from /home/airflow/.local/lib/python3.7/site-packages/airflow/example_dags/example_sensor_decorator.py
[2023-05-14T05:46:14.573+0000] {processor.py:753} INFO - DAG(s) dict_keys(['example_sensor_decorator']) retrieved from /home/airflow/.local/lib/python3.7/site-packages/airflow/example_dags/example_sensor_decorator.py
[2023-05-14T05:46:14.596+0000] {logging_mixin.py:137} INFO - [2023-05-14T05:46:14.596+0000] {dag.py:2705} INFO - Sync 1 DAGs
[2023-05-14T05:46:14.619+0000] {logging_mixin.py:137} INFO - [2023-05-14T05:46:14.619+0000] {dag.py:3456} INFO - Setting next_dagrun for example_sensor_decorator to None, run_after=None
[2023-05-14T05:46:14.630+0000] {processor.py:175} INFO - Processing /home/airflow/.local/lib/python3.7/site-packages/airflow/example_dags/example_sensor_decorator.py took 0.080 seconds
[2023-05-14T05:46:44.796+0000] {processor.py:153} INFO - Started process (PID=9987) to work on /home/airflow/.local/lib/python3.7/site-packages/airflow/example_dags/example_sensor_decorator.py
[2023-05-14T05:46:44.798+0000] {processor.py:743} INFO - Processing file /home/airflow/.local/lib/python3.7/site-packages/airflow/example_dags/example_sensor_decorator.py for tasks to queue
[2023-05-14T05:46:44.799+0000] {logging_mixin.py:137} INFO - [2023-05-14T05:46:44.799+0000] {dagbag.py:532} INFO - Filling up the DagBag from /home/airflow/.local/lib/python3.7/site-packages/airflow/example_dags/example_sensor_decorator.py
[2023-05-14T05:46:44.816+0000] {processor.py:753} INFO - DAG(s) dict_keys(['example_sensor_decorator']) retrieved from /home/airflow/.local/lib/python3.7/site-packages/airflow/example_dags/example_sensor_decorator.py
[2023-05-14T05:46:44.838+0000] {logging_mixin.py:137} INFO - [2023-05-14T05:46:44.838+0000] {dag.py:2705} INFO - Sync 1 DAGs
[2023-05-14T05:46:44.856+0000] {logging_mixin.py:137} INFO - [2023-05-14T05:46:44.856+0000] {dag.py:3456} INFO - Setting next_dagrun for example_sensor_decorator to None, run_after=None
[2023-05-14T05:46:44.869+0000] {processor.py:175} INFO - Processing /home/airflow/.local/lib/python3.7/site-packages/airflow/example_dags/example_sensor_decorator.py took 0.076 seconds
[2023-05-14T05:47:15.146+0000] {processor.py:153} INFO - Started process (PID=10211) to work on /home/airflow/.local/lib/python3.7/site-packages/airflow/example_dags/example_sensor_decorator.py
[2023-05-14T05:47:15.149+0000] {processor.py:743} INFO - Processing file /home/airflow/.local/lib/python3.7/site-packages/airflow/example_dags/example_sensor_decorator.py for tasks to queue
[2023-05-14T05:47:15.150+0000] {logging_mixin.py:137} INFO - [2023-05-14T05:47:15.150+0000] {dagbag.py:532} INFO - Filling up the DagBag from /home/airflow/.local/lib/python3.7/site-packages/airflow/example_dags/example_sensor_decorator.py
[2023-05-14T05:47:15.168+0000] {processor.py:753} INFO - DAG(s) dict_keys(['example_sensor_decorator']) retrieved from /home/airflow/.local/lib/python3.7/site-packages/airflow/example_dags/example_sensor_decorator.py
[2023-05-14T05:47:15.190+0000] {logging_mixin.py:137} INFO - [2023-05-14T05:47:15.189+0000] {dag.py:2705} INFO - Sync 1 DAGs
[2023-05-14T05:47:15.210+0000] {logging_mixin.py:137} INFO - [2023-05-14T05:47:15.210+0000] {dag.py:3456} INFO - Setting next_dagrun for example_sensor_decorator to None, run_after=None
[2023-05-14T05:47:15.225+0000] {processor.py:175} INFO - Processing /home/airflow/.local/lib/python3.7/site-packages/airflow/example_dags/example_sensor_decorator.py took 0.083 seconds
[2023-05-14T05:47:45.601+0000] {processor.py:153} INFO - Started process (PID=10434) to work on /home/airflow/.local/lib/python3.7/site-packages/airflow/example_dags/example_sensor_decorator.py
[2023-05-14T05:47:45.605+0000] {processor.py:743} INFO - Processing file /home/airflow/.local/lib/python3.7/site-packages/airflow/example_dags/example_sensor_decorator.py for tasks to queue
[2023-05-14T05:47:45.609+0000] {logging_mixin.py:137} INFO - [2023-05-14T05:47:45.608+0000] {dagbag.py:532} INFO - Filling up the DagBag from /home/airflow/.local/lib/python3.7/site-packages/airflow/example_dags/example_sensor_decorator.py
[2023-05-14T05:47:45.631+0000] {processor.py:753} INFO - DAG(s) dict_keys(['example_sensor_decorator']) retrieved from /home/airflow/.local/lib/python3.7/site-packages/airflow/example_dags/example_sensor_decorator.py
[2023-05-14T05:47:45.655+0000] {logging_mixin.py:137} INFO - [2023-05-14T05:47:45.655+0000] {dag.py:2705} INFO - Sync 1 DAGs
[2023-05-14T05:47:45.676+0000] {logging_mixin.py:137} INFO - [2023-05-14T05:47:45.676+0000] {dag.py:3456} INFO - Setting next_dagrun for example_sensor_decorator to None, run_after=None
[2023-05-14T05:47:45.695+0000] {processor.py:175} INFO - Processing /home/airflow/.local/lib/python3.7/site-packages/airflow/example_dags/example_sensor_decorator.py took 0.098 seconds
[2023-05-14T05:48:15.982+0000] {processor.py:153} INFO - Started process (PID=10660) to work on /home/airflow/.local/lib/python3.7/site-packages/airflow/example_dags/example_sensor_decorator.py
[2023-05-14T05:48:15.984+0000] {processor.py:743} INFO - Processing file /home/airflow/.local/lib/python3.7/site-packages/airflow/example_dags/example_sensor_decorator.py for tasks to queue
[2023-05-14T05:48:15.986+0000] {logging_mixin.py:137} INFO - [2023-05-14T05:48:15.986+0000] {dagbag.py:532} INFO - Filling up the DagBag from /home/airflow/.local/lib/python3.7/site-packages/airflow/example_dags/example_sensor_decorator.py
[2023-05-14T05:48:16.002+0000] {processor.py:753} INFO - DAG(s) dict_keys(['example_sensor_decorator']) retrieved from /home/airflow/.local/lib/python3.7/site-packages/airflow/example_dags/example_sensor_decorator.py
[2023-05-14T05:48:16.024+0000] {logging_mixin.py:137} INFO - [2023-05-14T05:48:16.024+0000] {dag.py:2705} INFO - Sync 1 DAGs
[2023-05-14T05:48:16.041+0000] {logging_mixin.py:137} INFO - [2023-05-14T05:48:16.041+0000] {dag.py:3456} INFO - Setting next_dagrun for example_sensor_decorator to None, run_after=None
[2023-05-14T05:48:16.054+0000] {processor.py:175} INFO - Processing /home/airflow/.local/lib/python3.7/site-packages/airflow/example_dags/example_sensor_decorator.py took 0.074 seconds
[2023-05-14T05:48:46.162+0000] {processor.py:153} INFO - Started process (PID=10882) to work on /home/airflow/.local/lib/python3.7/site-packages/airflow/example_dags/example_sensor_decorator.py
[2023-05-14T05:48:46.164+0000] {processor.py:743} INFO - Processing file /home/airflow/.local/lib/python3.7/site-packages/airflow/example_dags/example_sensor_decorator.py for tasks to queue
[2023-05-14T05:48:46.165+0000] {logging_mixin.py:137} INFO - [2023-05-14T05:48:46.165+0000] {dagbag.py:532} INFO - Filling up the DagBag from /home/airflow/.local/lib/python3.7/site-packages/airflow/example_dags/example_sensor_decorator.py
[2023-05-14T05:48:46.183+0000] {processor.py:753} INFO - DAG(s) dict_keys(['example_sensor_decorator']) retrieved from /home/airflow/.local/lib/python3.7/site-packages/airflow/example_dags/example_sensor_decorator.py
[2023-05-14T05:48:46.205+0000] {logging_mixin.py:137} INFO - [2023-05-14T05:48:46.205+0000] {dag.py:2705} INFO - Sync 1 DAGs
[2023-05-14T05:48:46.224+0000] {logging_mixin.py:137} INFO - [2023-05-14T05:48:46.224+0000] {dag.py:3456} INFO - Setting next_dagrun for example_sensor_decorator to None, run_after=None
[2023-05-14T05:48:46.241+0000] {processor.py:175} INFO - Processing /home/airflow/.local/lib/python3.7/site-packages/airflow/example_dags/example_sensor_decorator.py took 0.082 seconds
[2023-05-14T05:49:16.659+0000] {processor.py:153} INFO - Started process (PID=11106) to work on /home/airflow/.local/lib/python3.7/site-packages/airflow/example_dags/example_sensor_decorator.py
[2023-05-14T05:49:16.661+0000] {processor.py:743} INFO - Processing file /home/airflow/.local/lib/python3.7/site-packages/airflow/example_dags/example_sensor_decorator.py for tasks to queue
[2023-05-14T05:49:16.662+0000] {logging_mixin.py:137} INFO - [2023-05-14T05:49:16.662+0000] {dagbag.py:532} INFO - Filling up the DagBag from /home/airflow/.local/lib/python3.7/site-packages/airflow/example_dags/example_sensor_decorator.py
[2023-05-14T05:49:16.679+0000] {processor.py:753} INFO - DAG(s) dict_keys(['example_sensor_decorator']) retrieved from /home/airflow/.local/lib/python3.7/site-packages/airflow/example_dags/example_sensor_decorator.py
[2023-05-14T05:49:16.703+0000] {logging_mixin.py:137} INFO - [2023-05-14T05:49:16.702+0000] {dag.py:2705} INFO - Sync 1 DAGs
[2023-05-14T05:49:16.736+0000] {logging_mixin.py:137} INFO - [2023-05-14T05:49:16.736+0000] {dag.py:3456} INFO - Setting next_dagrun for example_sensor_decorator to None, run_after=None
[2023-05-14T05:49:16.750+0000] {processor.py:175} INFO - Processing /home/airflow/.local/lib/python3.7/site-packages/airflow/example_dags/example_sensor_decorator.py took 0.094 seconds
[2023-05-14T05:49:46.900+0000] {processor.py:153} INFO - Started process (PID=11334) to work on /home/airflow/.local/lib/python3.7/site-packages/airflow/example_dags/example_sensor_decorator.py
[2023-05-14T05:49:46.902+0000] {processor.py:743} INFO - Processing file /home/airflow/.local/lib/python3.7/site-packages/airflow/example_dags/example_sensor_decorator.py for tasks to queue
[2023-05-14T05:49:46.906+0000] {logging_mixin.py:137} INFO - [2023-05-14T05:49:46.906+0000] {dagbag.py:532} INFO - Filling up the DagBag from /home/airflow/.local/lib/python3.7/site-packages/airflow/example_dags/example_sensor_decorator.py
[2023-05-14T05:49:46.922+0000] {processor.py:753} INFO - DAG(s) dict_keys(['example_sensor_decorator']) retrieved from /home/airflow/.local/lib/python3.7/site-packages/airflow/example_dags/example_sensor_decorator.py
[2023-05-14T05:49:46.943+0000] {logging_mixin.py:137} INFO - [2023-05-14T05:49:46.943+0000] {dag.py:2705} INFO - Sync 1 DAGs
[2023-05-14T05:49:46.960+0000] {logging_mixin.py:137} INFO - [2023-05-14T05:49:46.960+0000] {dag.py:3456} INFO - Setting next_dagrun for example_sensor_decorator to None, run_after=None
[2023-05-14T05:49:46.974+0000] {processor.py:175} INFO - Processing /home/airflow/.local/lib/python3.7/site-packages/airflow/example_dags/example_sensor_decorator.py took 0.077 seconds
[2023-05-14T05:50:17.048+0000] {processor.py:153} INFO - Started process (PID=11556) to work on /home/airflow/.local/lib/python3.7/site-packages/airflow/example_dags/example_sensor_decorator.py
[2023-05-14T05:50:17.062+0000] {processor.py:743} INFO - Processing file /home/airflow/.local/lib/python3.7/site-packages/airflow/example_dags/example_sensor_decorator.py for tasks to queue
[2023-05-14T05:50:17.063+0000] {logging_mixin.py:137} INFO - [2023-05-14T05:50:17.063+0000] {dagbag.py:532} INFO - Filling up the DagBag from /home/airflow/.local/lib/python3.7/site-packages/airflow/example_dags/example_sensor_decorator.py
[2023-05-14T05:50:17.081+0000] {processor.py:753} INFO - DAG(s) dict_keys(['example_sensor_decorator']) retrieved from /home/airflow/.local/lib/python3.7/site-packages/airflow/example_dags/example_sensor_decorator.py
[2023-05-14T05:50:17.103+0000] {logging_mixin.py:137} INFO - [2023-05-14T05:50:17.103+0000] {dag.py:2705} INFO - Sync 1 DAGs
[2023-05-14T05:50:17.124+0000] {logging_mixin.py:137} INFO - [2023-05-14T05:50:17.124+0000] {dag.py:3456} INFO - Setting next_dagrun for example_sensor_decorator to None, run_after=None
[2023-05-14T05:50:17.141+0000] {processor.py:175} INFO - Processing /home/airflow/.local/lib/python3.7/site-packages/airflow/example_dags/example_sensor_decorator.py took 0.097 seconds
[2023-05-14T05:50:47.535+0000] {processor.py:153} INFO - Started process (PID=11780) to work on /home/airflow/.local/lib/python3.7/site-packages/airflow/example_dags/example_sensor_decorator.py
[2023-05-14T05:50:47.537+0000] {processor.py:743} INFO - Processing file /home/airflow/.local/lib/python3.7/site-packages/airflow/example_dags/example_sensor_decorator.py for tasks to queue
[2023-05-14T05:50:47.538+0000] {logging_mixin.py:137} INFO - [2023-05-14T05:50:47.538+0000] {dagbag.py:532} INFO - Filling up the DagBag from /home/airflow/.local/lib/python3.7/site-packages/airflow/example_dags/example_sensor_decorator.py
[2023-05-14T05:50:47.557+0000] {processor.py:753} INFO - DAG(s) dict_keys(['example_sensor_decorator']) retrieved from /home/airflow/.local/lib/python3.7/site-packages/airflow/example_dags/example_sensor_decorator.py
[2023-05-14T05:50:47.580+0000] {logging_mixin.py:137} INFO - [2023-05-14T05:50:47.580+0000] {dag.py:2705} INFO - Sync 1 DAGs
[2023-05-14T05:50:47.605+0000] {logging_mixin.py:137} INFO - [2023-05-14T05:50:47.605+0000] {dag.py:3456} INFO - Setting next_dagrun for example_sensor_decorator to None, run_after=None
[2023-05-14T05:50:47.624+0000] {processor.py:175} INFO - Processing /home/airflow/.local/lib/python3.7/site-packages/airflow/example_dags/example_sensor_decorator.py took 0.092 seconds
[2023-05-14T05:51:17.858+0000] {processor.py:153} INFO - Started process (PID=12004) to work on /home/airflow/.local/lib/python3.7/site-packages/airflow/example_dags/example_sensor_decorator.py
[2023-05-14T05:51:17.859+0000] {processor.py:743} INFO - Processing file /home/airflow/.local/lib/python3.7/site-packages/airflow/example_dags/example_sensor_decorator.py for tasks to queue
[2023-05-14T05:51:17.860+0000] {logging_mixin.py:137} INFO - [2023-05-14T05:51:17.860+0000] {dagbag.py:532} INFO - Filling up the DagBag from /home/airflow/.local/lib/python3.7/site-packages/airflow/example_dags/example_sensor_decorator.py
[2023-05-14T05:51:17.877+0000] {processor.py:753} INFO - DAG(s) dict_keys(['example_sensor_decorator']) retrieved from /home/airflow/.local/lib/python3.7/site-packages/airflow/example_dags/example_sensor_decorator.py
[2023-05-14T05:51:17.899+0000] {logging_mixin.py:137} INFO - [2023-05-14T05:51:17.899+0000] {dag.py:2705} INFO - Sync 1 DAGs
[2023-05-14T05:51:17.916+0000] {logging_mixin.py:137} INFO - [2023-05-14T05:51:17.915+0000] {dag.py:3456} INFO - Setting next_dagrun for example_sensor_decorator to None, run_after=None
[2023-05-14T05:51:17.927+0000] {processor.py:175} INFO - Processing /home/airflow/.local/lib/python3.7/site-packages/airflow/example_dags/example_sensor_decorator.py took 0.072 seconds
[2023-05-14T05:51:48.162+0000] {processor.py:153} INFO - Started process (PID=12223) to work on /home/airflow/.local/lib/python3.7/site-packages/airflow/example_dags/example_sensor_decorator.py
[2023-05-14T05:51:48.164+0000] {processor.py:743} INFO - Processing file /home/airflow/.local/lib/python3.7/site-packages/airflow/example_dags/example_sensor_decorator.py for tasks to queue
[2023-05-14T05:51:48.165+0000] {logging_mixin.py:137} INFO - [2023-05-14T05:51:48.165+0000] {dagbag.py:532} INFO - Filling up the DagBag from /home/airflow/.local/lib/python3.7/site-packages/airflow/example_dags/example_sensor_decorator.py
[2023-05-14T05:51:48.184+0000] {processor.py:753} INFO - DAG(s) dict_keys(['example_sensor_decorator']) retrieved from /home/airflow/.local/lib/python3.7/site-packages/airflow/example_dags/example_sensor_decorator.py
[2023-05-14T05:51:48.207+0000] {logging_mixin.py:137} INFO - [2023-05-14T05:51:48.207+0000] {dag.py:2705} INFO - Sync 1 DAGs
[2023-05-14T05:51:48.223+0000] {logging_mixin.py:137} INFO - [2023-05-14T05:51:48.223+0000] {dag.py:3456} INFO - Setting next_dagrun for example_sensor_decorator to None, run_after=None
[2023-05-14T05:51:48.236+0000] {processor.py:175} INFO - Processing /home/airflow/.local/lib/python3.7/site-packages/airflow/example_dags/example_sensor_decorator.py took 0.076 seconds
[2023-05-14T05:52:18.500+0000] {processor.py:153} INFO - Started process (PID=12448) to work on /home/airflow/.local/lib/python3.7/site-packages/airflow/example_dags/example_sensor_decorator.py
[2023-05-14T05:52:18.501+0000] {processor.py:743} INFO - Processing file /home/airflow/.local/lib/python3.7/site-packages/airflow/example_dags/example_sensor_decorator.py for tasks to queue
[2023-05-14T05:52:18.502+0000] {logging_mixin.py:137} INFO - [2023-05-14T05:52:18.502+0000] {dagbag.py:532} INFO - Filling up the DagBag from /home/airflow/.local/lib/python3.7/site-packages/airflow/example_dags/example_sensor_decorator.py
[2023-05-14T05:52:18.518+0000] {processor.py:753} INFO - DAG(s) dict_keys(['example_sensor_decorator']) retrieved from /home/airflow/.local/lib/python3.7/site-packages/airflow/example_dags/example_sensor_decorator.py
[2023-05-14T05:52:18.541+0000] {logging_mixin.py:137} INFO - [2023-05-14T05:52:18.541+0000] {dag.py:2705} INFO - Sync 1 DAGs
[2023-05-14T05:52:18.557+0000] {logging_mixin.py:137} INFO - [2023-05-14T05:52:18.557+0000] {dag.py:3456} INFO - Setting next_dagrun for example_sensor_decorator to None, run_after=None
[2023-05-14T05:52:18.570+0000] {processor.py:175} INFO - Processing /home/airflow/.local/lib/python3.7/site-packages/airflow/example_dags/example_sensor_decorator.py took 0.073 seconds
[2023-05-14T05:52:48.689+0000] {processor.py:153} INFO - Started process (PID=12670) to work on /home/airflow/.local/lib/python3.7/site-packages/airflow/example_dags/example_sensor_decorator.py
[2023-05-14T05:52:48.691+0000] {processor.py:743} INFO - Processing file /home/airflow/.local/lib/python3.7/site-packages/airflow/example_dags/example_sensor_decorator.py for tasks to queue
[2023-05-14T05:52:48.693+0000] {logging_mixin.py:137} INFO - [2023-05-14T05:52:48.693+0000] {dagbag.py:532} INFO - Filling up the DagBag from /home/airflow/.local/lib/python3.7/site-packages/airflow/example_dags/example_sensor_decorator.py
[2023-05-14T05:52:48.710+0000] {processor.py:753} INFO - DAG(s) dict_keys(['example_sensor_decorator']) retrieved from /home/airflow/.local/lib/python3.7/site-packages/airflow/example_dags/example_sensor_decorator.py
[2023-05-14T05:52:48.732+0000] {logging_mixin.py:137} INFO - [2023-05-14T05:52:48.732+0000] {dag.py:2705} INFO - Sync 1 DAGs
[2023-05-14T05:52:48.751+0000] {logging_mixin.py:137} INFO - [2023-05-14T05:52:48.751+0000] {dag.py:3456} INFO - Setting next_dagrun for example_sensor_decorator to None, run_after=None
[2023-05-14T05:52:48.762+0000] {processor.py:175} INFO - Processing /home/airflow/.local/lib/python3.7/site-packages/airflow/example_dags/example_sensor_decorator.py took 0.077 seconds
[2023-05-14T05:53:19.239+0000] {processor.py:153} INFO - Started process (PID=12899) to work on /home/airflow/.local/lib/python3.7/site-packages/airflow/example_dags/example_sensor_decorator.py
[2023-05-14T05:53:19.241+0000] {processor.py:743} INFO - Processing file /home/airflow/.local/lib/python3.7/site-packages/airflow/example_dags/example_sensor_decorator.py for tasks to queue
[2023-05-14T05:53:19.242+0000] {logging_mixin.py:137} INFO - [2023-05-14T05:53:19.242+0000] {dagbag.py:532} INFO - Filling up the DagBag from /home/airflow/.local/lib/python3.7/site-packages/airflow/example_dags/example_sensor_decorator.py
[2023-05-14T05:53:19.259+0000] {processor.py:753} INFO - DAG(s) dict_keys(['example_sensor_decorator']) retrieved from /home/airflow/.local/lib/python3.7/site-packages/airflow/example_dags/example_sensor_decorator.py
[2023-05-14T05:53:19.284+0000] {logging_mixin.py:137} INFO - [2023-05-14T05:53:19.284+0000] {dag.py:2705} INFO - Sync 1 DAGs
[2023-05-14T05:53:19.306+0000] {logging_mixin.py:137} INFO - [2023-05-14T05:53:19.306+0000] {dag.py:3456} INFO - Setting next_dagrun for example_sensor_decorator to None, run_after=None
[2023-05-14T05:53:19.323+0000] {processor.py:175} INFO - Processing /home/airflow/.local/lib/python3.7/site-packages/airflow/example_dags/example_sensor_decorator.py took 0.086 seconds
[2023-05-14T05:53:50.497+0000] {processor.py:153} INFO - Started process (PID=13124) to work on /home/airflow/.local/lib/python3.7/site-packages/airflow/example_dags/example_sensor_decorator.py
[2023-05-14T05:53:50.514+0000] {processor.py:743} INFO - Processing file /home/airflow/.local/lib/python3.7/site-packages/airflow/example_dags/example_sensor_decorator.py for tasks to queue
[2023-05-14T05:53:50.515+0000] {logging_mixin.py:137} INFO - [2023-05-14T05:53:50.515+0000] {dagbag.py:532} INFO - Filling up the DagBag from /home/airflow/.local/lib/python3.7/site-packages/airflow/example_dags/example_sensor_decorator.py
[2023-05-14T05:53:50.532+0000] {processor.py:753} INFO - DAG(s) dict_keys(['example_sensor_decorator']) retrieved from /home/airflow/.local/lib/python3.7/site-packages/airflow/example_dags/example_sensor_decorator.py
[2023-05-14T05:53:50.553+0000] {logging_mixin.py:137} INFO - [2023-05-14T05:53:50.553+0000] {dag.py:2705} INFO - Sync 1 DAGs
[2023-05-14T05:53:50.571+0000] {logging_mixin.py:137} INFO - [2023-05-14T05:53:50.571+0000] {dag.py:3456} INFO - Setting next_dagrun for example_sensor_decorator to None, run_after=None
[2023-05-14T05:53:50.583+0000] {processor.py:175} INFO - Processing /home/airflow/.local/lib/python3.7/site-packages/airflow/example_dags/example_sensor_decorator.py took 0.089 seconds
[2023-05-14T05:54:20.886+0000] {processor.py:153} INFO - Started process (PID=13348) to work on /home/airflow/.local/lib/python3.7/site-packages/airflow/example_dags/example_sensor_decorator.py
[2023-05-14T05:54:20.887+0000] {processor.py:743} INFO - Processing file /home/airflow/.local/lib/python3.7/site-packages/airflow/example_dags/example_sensor_decorator.py for tasks to queue
[2023-05-14T05:54:20.888+0000] {logging_mixin.py:137} INFO - [2023-05-14T05:54:20.888+0000] {dagbag.py:532} INFO - Filling up the DagBag from /home/airflow/.local/lib/python3.7/site-packages/airflow/example_dags/example_sensor_decorator.py
[2023-05-14T05:54:20.904+0000] {processor.py:753} INFO - DAG(s) dict_keys(['example_sensor_decorator']) retrieved from /home/airflow/.local/lib/python3.7/site-packages/airflow/example_dags/example_sensor_decorator.py
[2023-05-14T05:54:20.925+0000] {logging_mixin.py:137} INFO - [2023-05-14T05:54:20.925+0000] {dag.py:2705} INFO - Sync 1 DAGs
[2023-05-14T05:54:20.945+0000] {logging_mixin.py:137} INFO - [2023-05-14T05:54:20.945+0000] {dag.py:3456} INFO - Setting next_dagrun for example_sensor_decorator to None, run_after=None
[2023-05-14T05:54:20.958+0000] {processor.py:175} INFO - Processing /home/airflow/.local/lib/python3.7/site-packages/airflow/example_dags/example_sensor_decorator.py took 0.075 seconds
[2023-05-14T05:54:51.176+0000] {processor.py:153} INFO - Started process (PID=13571) to work on /home/airflow/.local/lib/python3.7/site-packages/airflow/example_dags/example_sensor_decorator.py
[2023-05-14T05:54:51.178+0000] {processor.py:743} INFO - Processing file /home/airflow/.local/lib/python3.7/site-packages/airflow/example_dags/example_sensor_decorator.py for tasks to queue
[2023-05-14T05:54:51.179+0000] {logging_mixin.py:137} INFO - [2023-05-14T05:54:51.179+0000] {dagbag.py:532} INFO - Filling up the DagBag from /home/airflow/.local/lib/python3.7/site-packages/airflow/example_dags/example_sensor_decorator.py
[2023-05-14T05:54:51.195+0000] {processor.py:753} INFO - DAG(s) dict_keys(['example_sensor_decorator']) retrieved from /home/airflow/.local/lib/python3.7/site-packages/airflow/example_dags/example_sensor_decorator.py
[2023-05-14T05:54:51.216+0000] {logging_mixin.py:137} INFO - [2023-05-14T05:54:51.216+0000] {dag.py:2705} INFO - Sync 1 DAGs
[2023-05-14T05:54:51.236+0000] {logging_mixin.py:137} INFO - [2023-05-14T05:54:51.236+0000] {dag.py:3456} INFO - Setting next_dagrun for example_sensor_decorator to None, run_after=None
[2023-05-14T05:54:51.249+0000] {processor.py:175} INFO - Processing /home/airflow/.local/lib/python3.7/site-packages/airflow/example_dags/example_sensor_decorator.py took 0.076 seconds
[2023-05-14T05:55:21.561+0000] {processor.py:153} INFO - Started process (PID=13795) to work on /home/airflow/.local/lib/python3.7/site-packages/airflow/example_dags/example_sensor_decorator.py
[2023-05-14T05:55:21.564+0000] {processor.py:743} INFO - Processing file /home/airflow/.local/lib/python3.7/site-packages/airflow/example_dags/example_sensor_decorator.py for tasks to queue
[2023-05-14T05:55:21.565+0000] {logging_mixin.py:137} INFO - [2023-05-14T05:55:21.565+0000] {dagbag.py:532} INFO - Filling up the DagBag from /home/airflow/.local/lib/python3.7/site-packages/airflow/example_dags/example_sensor_decorator.py
[2023-05-14T05:55:21.583+0000] {processor.py:753} INFO - DAG(s) dict_keys(['example_sensor_decorator']) retrieved from /home/airflow/.local/lib/python3.7/site-packages/airflow/example_dags/example_sensor_decorator.py
[2023-05-14T05:55:21.606+0000] {logging_mixin.py:137} INFO - [2023-05-14T05:55:21.606+0000] {dag.py:2705} INFO - Sync 1 DAGs
[2023-05-14T05:55:21.634+0000] {logging_mixin.py:137} INFO - [2023-05-14T05:55:21.633+0000] {dag.py:3456} INFO - Setting next_dagrun for example_sensor_decorator to None, run_after=None
[2023-05-14T05:55:21.647+0000] {processor.py:175} INFO - Processing /home/airflow/.local/lib/python3.7/site-packages/airflow/example_dags/example_sensor_decorator.py took 0.089 seconds
[2023-05-14T05:55:51.921+0000] {processor.py:153} INFO - Started process (PID=14019) to work on /home/airflow/.local/lib/python3.7/site-packages/airflow/example_dags/example_sensor_decorator.py
[2023-05-14T05:55:51.924+0000] {processor.py:743} INFO - Processing file /home/airflow/.local/lib/python3.7/site-packages/airflow/example_dags/example_sensor_decorator.py for tasks to queue
[2023-05-14T05:55:51.925+0000] {logging_mixin.py:137} INFO - [2023-05-14T05:55:51.925+0000] {dagbag.py:532} INFO - Filling up the DagBag from /home/airflow/.local/lib/python3.7/site-packages/airflow/example_dags/example_sensor_decorator.py
[2023-05-14T05:55:51.945+0000] {processor.py:753} INFO - DAG(s) dict_keys(['example_sensor_decorator']) retrieved from /home/airflow/.local/lib/python3.7/site-packages/airflow/example_dags/example_sensor_decorator.py
[2023-05-14T05:55:51.969+0000] {logging_mixin.py:137} INFO - [2023-05-14T05:55:51.969+0000] {dag.py:2705} INFO - Sync 1 DAGs
[2023-05-14T05:55:51.986+0000] {logging_mixin.py:137} INFO - [2023-05-14T05:55:51.986+0000] {dag.py:3456} INFO - Setting next_dagrun for example_sensor_decorator to None, run_after=None
[2023-05-14T05:55:51.999+0000] {processor.py:175} INFO - Processing /home/airflow/.local/lib/python3.7/site-packages/airflow/example_dags/example_sensor_decorator.py took 0.081 seconds
[2023-05-14T05:56:22.238+0000] {processor.py:153} INFO - Started process (PID=14243) to work on /home/airflow/.local/lib/python3.7/site-packages/airflow/example_dags/example_sensor_decorator.py
[2023-05-14T05:56:22.241+0000] {processor.py:743} INFO - Processing file /home/airflow/.local/lib/python3.7/site-packages/airflow/example_dags/example_sensor_decorator.py for tasks to queue
[2023-05-14T05:56:22.245+0000] {logging_mixin.py:137} INFO - [2023-05-14T05:56:22.244+0000] {dagbag.py:532} INFO - Filling up the DagBag from /home/airflow/.local/lib/python3.7/site-packages/airflow/example_dags/example_sensor_decorator.py
[2023-05-14T05:56:22.282+0000] {processor.py:753} INFO - DAG(s) dict_keys(['example_sensor_decorator']) retrieved from /home/airflow/.local/lib/python3.7/site-packages/airflow/example_dags/example_sensor_decorator.py
[2023-05-14T05:56:22.312+0000] {logging_mixin.py:137} INFO - [2023-05-14T05:56:22.312+0000] {dag.py:2705} INFO - Sync 1 DAGs
[2023-05-14T05:56:22.343+0000] {logging_mixin.py:137} INFO - [2023-05-14T05:56:22.343+0000] {dag.py:3456} INFO - Setting next_dagrun for example_sensor_decorator to None, run_after=None
[2023-05-14T05:56:22.377+0000] {processor.py:175} INFO - Processing /home/airflow/.local/lib/python3.7/site-packages/airflow/example_dags/example_sensor_decorator.py took 0.142 seconds
[2023-05-14T05:56:53.021+0000] {processor.py:153} INFO - Started process (PID=14467) to work on /home/airflow/.local/lib/python3.7/site-packages/airflow/example_dags/example_sensor_decorator.py
[2023-05-14T05:56:53.023+0000] {processor.py:743} INFO - Processing file /home/airflow/.local/lib/python3.7/site-packages/airflow/example_dags/example_sensor_decorator.py for tasks to queue
[2023-05-14T05:56:53.024+0000] {logging_mixin.py:137} INFO - [2023-05-14T05:56:53.024+0000] {dagbag.py:532} INFO - Filling up the DagBag from /home/airflow/.local/lib/python3.7/site-packages/airflow/example_dags/example_sensor_decorator.py
[2023-05-14T05:56:53.045+0000] {processor.py:753} INFO - DAG(s) dict_keys(['example_sensor_decorator']) retrieved from /home/airflow/.local/lib/python3.7/site-packages/airflow/example_dags/example_sensor_decorator.py
[2023-05-14T05:56:53.068+0000] {logging_mixin.py:137} INFO - [2023-05-14T05:56:53.068+0000] {dag.py:2705} INFO - Sync 1 DAGs
[2023-05-14T05:56:53.159+0000] {logging_mixin.py:137} INFO - [2023-05-14T05:56:53.158+0000] {dag.py:3456} INFO - Setting next_dagrun for example_sensor_decorator to None, run_after=None
[2023-05-14T05:56:53.181+0000] {processor.py:175} INFO - Processing /home/airflow/.local/lib/python3.7/site-packages/airflow/example_dags/example_sensor_decorator.py took 0.163 seconds
[2023-05-14T05:57:23.878+0000] {processor.py:153} INFO - Started process (PID=14691) to work on /home/airflow/.local/lib/python3.7/site-packages/airflow/example_dags/example_sensor_decorator.py
[2023-05-14T05:57:23.880+0000] {processor.py:743} INFO - Processing file /home/airflow/.local/lib/python3.7/site-packages/airflow/example_dags/example_sensor_decorator.py for tasks to queue
[2023-05-14T05:57:23.881+0000] {logging_mixin.py:137} INFO - [2023-05-14T05:57:23.881+0000] {dagbag.py:532} INFO - Filling up the DagBag from /home/airflow/.local/lib/python3.7/site-packages/airflow/example_dags/example_sensor_decorator.py
[2023-05-14T05:57:23.900+0000] {processor.py:753} INFO - DAG(s) dict_keys(['example_sensor_decorator']) retrieved from /home/airflow/.local/lib/python3.7/site-packages/airflow/example_dags/example_sensor_decorator.py
[2023-05-14T05:57:23.920+0000] {logging_mixin.py:137} INFO - [2023-05-14T05:57:23.920+0000] {dag.py:2705} INFO - Sync 1 DAGs
[2023-05-14T05:57:23.945+0000] {logging_mixin.py:137} INFO - [2023-05-14T05:57:23.945+0000] {dag.py:3456} INFO - Setting next_dagrun for example_sensor_decorator to None, run_after=None
[2023-05-14T05:57:23.960+0000] {processor.py:175} INFO - Processing /home/airflow/.local/lib/python3.7/site-packages/airflow/example_dags/example_sensor_decorator.py took 0.085 seconds
[2023-05-14T05:57:54.235+0000] {processor.py:153} INFO - Started process (PID=14915) to work on /home/airflow/.local/lib/python3.7/site-packages/airflow/example_dags/example_sensor_decorator.py
[2023-05-14T05:57:54.237+0000] {processor.py:743} INFO - Processing file /home/airflow/.local/lib/python3.7/site-packages/airflow/example_dags/example_sensor_decorator.py for tasks to queue
[2023-05-14T05:57:54.238+0000] {logging_mixin.py:137} INFO - [2023-05-14T05:57:54.237+0000] {dagbag.py:532} INFO - Filling up the DagBag from /home/airflow/.local/lib/python3.7/site-packages/airflow/example_dags/example_sensor_decorator.py
[2023-05-14T05:57:54.262+0000] {processor.py:753} INFO - DAG(s) dict_keys(['example_sensor_decorator']) retrieved from /home/airflow/.local/lib/python3.7/site-packages/airflow/example_dags/example_sensor_decorator.py
[2023-05-14T05:57:54.288+0000] {logging_mixin.py:137} INFO - [2023-05-14T05:57:54.288+0000] {dag.py:2705} INFO - Sync 1 DAGs
[2023-05-14T05:57:54.313+0000] {logging_mixin.py:137} INFO - [2023-05-14T05:57:54.313+0000] {dag.py:3456} INFO - Setting next_dagrun for example_sensor_decorator to None, run_after=None
[2023-05-14T05:57:54.329+0000] {processor.py:175} INFO - Processing /home/airflow/.local/lib/python3.7/site-packages/airflow/example_dags/example_sensor_decorator.py took 0.097 seconds
[2023-05-14T05:58:24.570+0000] {processor.py:153} INFO - Started process (PID=15139) to work on /home/airflow/.local/lib/python3.7/site-packages/airflow/example_dags/example_sensor_decorator.py
[2023-05-14T05:58:24.572+0000] {processor.py:743} INFO - Processing file /home/airflow/.local/lib/python3.7/site-packages/airflow/example_dags/example_sensor_decorator.py for tasks to queue
[2023-05-14T05:58:24.589+0000] {logging_mixin.py:137} INFO - [2023-05-14T05:58:24.589+0000] {dagbag.py:532} INFO - Filling up the DagBag from /home/airflow/.local/lib/python3.7/site-packages/airflow/example_dags/example_sensor_decorator.py
[2023-05-14T05:58:24.610+0000] {processor.py:753} INFO - DAG(s) dict_keys(['example_sensor_decorator']) retrieved from /home/airflow/.local/lib/python3.7/site-packages/airflow/example_dags/example_sensor_decorator.py
[2023-05-14T05:58:24.636+0000] {logging_mixin.py:137} INFO - [2023-05-14T05:58:24.635+0000] {dag.py:2705} INFO - Sync 1 DAGs
[2023-05-14T05:58:24.656+0000] {logging_mixin.py:137} INFO - [2023-05-14T05:58:24.656+0000] {dag.py:3456} INFO - Setting next_dagrun for example_sensor_decorator to None, run_after=None
[2023-05-14T05:58:24.672+0000] {processor.py:175} INFO - Processing /home/airflow/.local/lib/python3.7/site-packages/airflow/example_dags/example_sensor_decorator.py took 0.104 seconds
[2023-05-14T05:58:54.803+0000] {processor.py:153} INFO - Started process (PID=15363) to work on /home/airflow/.local/lib/python3.7/site-packages/airflow/example_dags/example_sensor_decorator.py
[2023-05-14T05:58:54.805+0000] {processor.py:743} INFO - Processing file /home/airflow/.local/lib/python3.7/site-packages/airflow/example_dags/example_sensor_decorator.py for tasks to queue
[2023-05-14T05:58:54.807+0000] {logging_mixin.py:137} INFO - [2023-05-14T05:58:54.806+0000] {dagbag.py:532} INFO - Filling up the DagBag from /home/airflow/.local/lib/python3.7/site-packages/airflow/example_dags/example_sensor_decorator.py
[2023-05-14T05:58:54.826+0000] {processor.py:753} INFO - DAG(s) dict_keys(['example_sensor_decorator']) retrieved from /home/airflow/.local/lib/python3.7/site-packages/airflow/example_dags/example_sensor_decorator.py
[2023-05-14T05:58:54.848+0000] {logging_mixin.py:137} INFO - [2023-05-14T05:58:54.848+0000] {dag.py:2705} INFO - Sync 1 DAGs
[2023-05-14T05:58:54.872+0000] {logging_mixin.py:137} INFO - [2023-05-14T05:58:54.872+0000] {dag.py:3456} INFO - Setting next_dagrun for example_sensor_decorator to None, run_after=None
[2023-05-14T05:58:54.884+0000] {processor.py:175} INFO - Processing /home/airflow/.local/lib/python3.7/site-packages/airflow/example_dags/example_sensor_decorator.py took 0.085 seconds
[2023-05-14T05:59:25.232+0000] {processor.py:153} INFO - Started process (PID=15587) to work on /home/airflow/.local/lib/python3.7/site-packages/airflow/example_dags/example_sensor_decorator.py
[2023-05-14T05:59:25.233+0000] {processor.py:743} INFO - Processing file /home/airflow/.local/lib/python3.7/site-packages/airflow/example_dags/example_sensor_decorator.py for tasks to queue
[2023-05-14T05:59:25.234+0000] {logging_mixin.py:137} INFO - [2023-05-14T05:59:25.234+0000] {dagbag.py:532} INFO - Filling up the DagBag from /home/airflow/.local/lib/python3.7/site-packages/airflow/example_dags/example_sensor_decorator.py
[2023-05-14T05:59:25.256+0000] {processor.py:753} INFO - DAG(s) dict_keys(['example_sensor_decorator']) retrieved from /home/airflow/.local/lib/python3.7/site-packages/airflow/example_dags/example_sensor_decorator.py
[2023-05-14T05:59:25.278+0000] {logging_mixin.py:137} INFO - [2023-05-14T05:59:25.278+0000] {dag.py:2705} INFO - Sync 1 DAGs
[2023-05-14T05:59:25.297+0000] {logging_mixin.py:137} INFO - [2023-05-14T05:59:25.297+0000] {dag.py:3456} INFO - Setting next_dagrun for example_sensor_decorator to None, run_after=None
[2023-05-14T05:59:25.333+0000] {processor.py:175} INFO - Processing /home/airflow/.local/lib/python3.7/site-packages/airflow/example_dags/example_sensor_decorator.py took 0.104 seconds
[2023-05-14T05:59:55.681+0000] {processor.py:153} INFO - Started process (PID=15811) to work on /home/airflow/.local/lib/python3.7/site-packages/airflow/example_dags/example_sensor_decorator.py
[2023-05-14T05:59:55.683+0000] {processor.py:743} INFO - Processing file /home/airflow/.local/lib/python3.7/site-packages/airflow/example_dags/example_sensor_decorator.py for tasks to queue
[2023-05-14T05:59:55.684+0000] {logging_mixin.py:137} INFO - [2023-05-14T05:59:55.684+0000] {dagbag.py:532} INFO - Filling up the DagBag from /home/airflow/.local/lib/python3.7/site-packages/airflow/example_dags/example_sensor_decorator.py
[2023-05-14T05:59:55.703+0000] {processor.py:753} INFO - DAG(s) dict_keys(['example_sensor_decorator']) retrieved from /home/airflow/.local/lib/python3.7/site-packages/airflow/example_dags/example_sensor_decorator.py
[2023-05-14T05:59:55.727+0000] {logging_mixin.py:137} INFO - [2023-05-14T05:59:55.727+0000] {dag.py:2705} INFO - Sync 1 DAGs
[2023-05-14T05:59:55.748+0000] {logging_mixin.py:137} INFO - [2023-05-14T05:59:55.747+0000] {dag.py:3456} INFO - Setting next_dagrun for example_sensor_decorator to None, run_after=None
[2023-05-14T05:59:55.761+0000] {processor.py:175} INFO - Processing /home/airflow/.local/lib/python3.7/site-packages/airflow/example_dags/example_sensor_decorator.py took 0.083 seconds
[2023-05-14T06:00:25.915+0000] {processor.py:153} INFO - Started process (PID=16035) to work on /home/airflow/.local/lib/python3.7/site-packages/airflow/example_dags/example_sensor_decorator.py
[2023-05-14T06:00:25.917+0000] {processor.py:743} INFO - Processing file /home/airflow/.local/lib/python3.7/site-packages/airflow/example_dags/example_sensor_decorator.py for tasks to queue
[2023-05-14T06:00:25.922+0000] {logging_mixin.py:137} INFO - [2023-05-14T06:00:25.922+0000] {dagbag.py:532} INFO - Filling up the DagBag from /home/airflow/.local/lib/python3.7/site-packages/airflow/example_dags/example_sensor_decorator.py
[2023-05-14T06:00:25.941+0000] {processor.py:753} INFO - DAG(s) dict_keys(['example_sensor_decorator']) retrieved from /home/airflow/.local/lib/python3.7/site-packages/airflow/example_dags/example_sensor_decorator.py
[2023-05-14T06:00:25.963+0000] {logging_mixin.py:137} INFO - [2023-05-14T06:00:25.962+0000] {dag.py:2705} INFO - Sync 1 DAGs
[2023-05-14T06:00:25.980+0000] {logging_mixin.py:137} INFO - [2023-05-14T06:00:25.980+0000] {dag.py:3456} INFO - Setting next_dagrun for example_sensor_decorator to None, run_after=None
[2023-05-14T06:00:25.995+0000] {processor.py:175} INFO - Processing /home/airflow/.local/lib/python3.7/site-packages/airflow/example_dags/example_sensor_decorator.py took 0.083 seconds
[2023-05-14T06:00:56.817+0000] {processor.py:153} INFO - Started process (PID=16259) to work on /home/airflow/.local/lib/python3.7/site-packages/airflow/example_dags/example_sensor_decorator.py
[2023-05-14T06:00:56.827+0000] {processor.py:743} INFO - Processing file /home/airflow/.local/lib/python3.7/site-packages/airflow/example_dags/example_sensor_decorator.py for tasks to queue
[2023-05-14T06:00:56.834+0000] {logging_mixin.py:137} INFO - [2023-05-14T06:00:56.834+0000] {dagbag.py:532} INFO - Filling up the DagBag from /home/airflow/.local/lib/python3.7/site-packages/airflow/example_dags/example_sensor_decorator.py
[2023-05-14T06:00:56.855+0000] {processor.py:753} INFO - DAG(s) dict_keys(['example_sensor_decorator']) retrieved from /home/airflow/.local/lib/python3.7/site-packages/airflow/example_dags/example_sensor_decorator.py
[2023-05-14T06:00:56.878+0000] {logging_mixin.py:137} INFO - [2023-05-14T06:00:56.878+0000] {dag.py:2705} INFO - Sync 1 DAGs
[2023-05-14T06:00:56.898+0000] {logging_mixin.py:137} INFO - [2023-05-14T06:00:56.897+0000] {dag.py:3456} INFO - Setting next_dagrun for example_sensor_decorator to None, run_after=None
[2023-05-14T06:00:56.915+0000] {processor.py:175} INFO - Processing /home/airflow/.local/lib/python3.7/site-packages/airflow/example_dags/example_sensor_decorator.py took 0.101 seconds
[2023-05-14T06:01:27.484+0000] {processor.py:153} INFO - Started process (PID=16487) to work on /home/airflow/.local/lib/python3.7/site-packages/airflow/example_dags/example_sensor_decorator.py
[2023-05-14T06:01:27.486+0000] {processor.py:743} INFO - Processing file /home/airflow/.local/lib/python3.7/site-packages/airflow/example_dags/example_sensor_decorator.py for tasks to queue
[2023-05-14T06:01:27.488+0000] {logging_mixin.py:137} INFO - [2023-05-14T06:01:27.488+0000] {dagbag.py:532} INFO - Filling up the DagBag from /home/airflow/.local/lib/python3.7/site-packages/airflow/example_dags/example_sensor_decorator.py
[2023-05-14T06:01:27.512+0000] {processor.py:753} INFO - DAG(s) dict_keys(['example_sensor_decorator']) retrieved from /home/airflow/.local/lib/python3.7/site-packages/airflow/example_dags/example_sensor_decorator.py
[2023-05-14T06:01:27.551+0000] {logging_mixin.py:137} INFO - [2023-05-14T06:01:27.551+0000] {dag.py:2705} INFO - Sync 1 DAGs
[2023-05-14T06:01:27.583+0000] {logging_mixin.py:137} INFO - [2023-05-14T06:01:27.583+0000] {dag.py:3456} INFO - Setting next_dagrun for example_sensor_decorator to None, run_after=None
[2023-05-14T06:01:27.602+0000] {processor.py:175} INFO - Processing /home/airflow/.local/lib/python3.7/site-packages/airflow/example_dags/example_sensor_decorator.py took 0.121 seconds
[2023-05-14T06:01:57.974+0000] {processor.py:153} INFO - Started process (PID=16711) to work on /home/airflow/.local/lib/python3.7/site-packages/airflow/example_dags/example_sensor_decorator.py
[2023-05-14T06:01:57.975+0000] {processor.py:743} INFO - Processing file /home/airflow/.local/lib/python3.7/site-packages/airflow/example_dags/example_sensor_decorator.py for tasks to queue
[2023-05-14T06:01:57.976+0000] {logging_mixin.py:137} INFO - [2023-05-14T06:01:57.976+0000] {dagbag.py:532} INFO - Filling up the DagBag from /home/airflow/.local/lib/python3.7/site-packages/airflow/example_dags/example_sensor_decorator.py
[2023-05-14T06:01:58.012+0000] {processor.py:753} INFO - DAG(s) dict_keys(['example_sensor_decorator']) retrieved from /home/airflow/.local/lib/python3.7/site-packages/airflow/example_dags/example_sensor_decorator.py
[2023-05-14T06:01:58.060+0000] {logging_mixin.py:137} INFO - [2023-05-14T06:01:58.060+0000] {dag.py:2705} INFO - Sync 1 DAGs
[2023-05-14T06:01:58.082+0000] {logging_mixin.py:137} INFO - [2023-05-14T06:01:58.082+0000] {dag.py:3456} INFO - Setting next_dagrun for example_sensor_decorator to None, run_after=None
[2023-05-14T06:01:58.096+0000] {processor.py:175} INFO - Processing /home/airflow/.local/lib/python3.7/site-packages/airflow/example_dags/example_sensor_decorator.py took 0.126 seconds
[2023-05-14T06:02:28.514+0000] {processor.py:153} INFO - Started process (PID=16946) to work on /home/airflow/.local/lib/python3.7/site-packages/airflow/example_dags/example_sensor_decorator.py
[2023-05-14T06:02:28.516+0000] {processor.py:743} INFO - Processing file /home/airflow/.local/lib/python3.7/site-packages/airflow/example_dags/example_sensor_decorator.py for tasks to queue
[2023-05-14T06:02:28.518+0000] {logging_mixin.py:137} INFO - [2023-05-14T06:02:28.517+0000] {dagbag.py:532} INFO - Filling up the DagBag from /home/airflow/.local/lib/python3.7/site-packages/airflow/example_dags/example_sensor_decorator.py
[2023-05-14T06:02:28.538+0000] {processor.py:753} INFO - DAG(s) dict_keys(['example_sensor_decorator']) retrieved from /home/airflow/.local/lib/python3.7/site-packages/airflow/example_dags/example_sensor_decorator.py
[2023-05-14T06:02:28.559+0000] {logging_mixin.py:137} INFO - [2023-05-14T06:02:28.559+0000] {dag.py:2705} INFO - Sync 1 DAGs
[2023-05-14T06:02:28.574+0000] {logging_mixin.py:137} INFO - [2023-05-14T06:02:28.574+0000] {dag.py:3456} INFO - Setting next_dagrun for example_sensor_decorator to None, run_after=None
[2023-05-14T06:02:28.585+0000] {processor.py:175} INFO - Processing /home/airflow/.local/lib/python3.7/site-packages/airflow/example_dags/example_sensor_decorator.py took 0.075 seconds
[2023-05-14T06:02:59.031+0000] {processor.py:153} INFO - Started process (PID=17168) to work on /home/airflow/.local/lib/python3.7/site-packages/airflow/example_dags/example_sensor_decorator.py
[2023-05-14T06:02:59.033+0000] {processor.py:743} INFO - Processing file /home/airflow/.local/lib/python3.7/site-packages/airflow/example_dags/example_sensor_decorator.py for tasks to queue
[2023-05-14T06:02:59.034+0000] {logging_mixin.py:137} INFO - [2023-05-14T06:02:59.034+0000] {dagbag.py:532} INFO - Filling up the DagBag from /home/airflow/.local/lib/python3.7/site-packages/airflow/example_dags/example_sensor_decorator.py
[2023-05-14T06:02:59.055+0000] {processor.py:753} INFO - DAG(s) dict_keys(['example_sensor_decorator']) retrieved from /home/airflow/.local/lib/python3.7/site-packages/airflow/example_dags/example_sensor_decorator.py
[2023-05-14T06:02:59.079+0000] {logging_mixin.py:137} INFO - [2023-05-14T06:02:59.079+0000] {dag.py:2705} INFO - Sync 1 DAGs
[2023-05-14T06:02:59.108+0000] {logging_mixin.py:137} INFO - [2023-05-14T06:02:59.108+0000] {dag.py:3456} INFO - Setting next_dagrun for example_sensor_decorator to None, run_after=None
[2023-05-14T06:02:59.124+0000] {processor.py:175} INFO - Processing /home/airflow/.local/lib/python3.7/site-packages/airflow/example_dags/example_sensor_decorator.py took 0.096 seconds
[2023-05-14T06:03:29.326+0000] {processor.py:153} INFO - Started process (PID=17393) to work on /home/airflow/.local/lib/python3.7/site-packages/airflow/example_dags/example_sensor_decorator.py
[2023-05-14T06:03:29.327+0000] {processor.py:743} INFO - Processing file /home/airflow/.local/lib/python3.7/site-packages/airflow/example_dags/example_sensor_decorator.py for tasks to queue
[2023-05-14T06:03:29.328+0000] {logging_mixin.py:137} INFO - [2023-05-14T06:03:29.328+0000] {dagbag.py:532} INFO - Filling up the DagBag from /home/airflow/.local/lib/python3.7/site-packages/airflow/example_dags/example_sensor_decorator.py
[2023-05-14T06:03:29.348+0000] {processor.py:753} INFO - DAG(s) dict_keys(['example_sensor_decorator']) retrieved from /home/airflow/.local/lib/python3.7/site-packages/airflow/example_dags/example_sensor_decorator.py
[2023-05-14T06:03:29.370+0000] {logging_mixin.py:137} INFO - [2023-05-14T06:03:29.370+0000] {dag.py:2705} INFO - Sync 1 DAGs
[2023-05-14T06:03:29.389+0000] {logging_mixin.py:137} INFO - [2023-05-14T06:03:29.389+0000] {dag.py:3456} INFO - Setting next_dagrun for example_sensor_decorator to None, run_after=None
[2023-05-14T06:03:29.401+0000] {processor.py:175} INFO - Processing /home/airflow/.local/lib/python3.7/site-packages/airflow/example_dags/example_sensor_decorator.py took 0.077 seconds
[2023-05-14T06:04:00.252+0000] {processor.py:153} INFO - Started process (PID=17624) to work on /home/airflow/.local/lib/python3.7/site-packages/airflow/example_dags/example_sensor_decorator.py
[2023-05-14T06:04:00.254+0000] {processor.py:743} INFO - Processing file /home/airflow/.local/lib/python3.7/site-packages/airflow/example_dags/example_sensor_decorator.py for tasks to queue
[2023-05-14T06:04:00.256+0000] {logging_mixin.py:137} INFO - [2023-05-14T06:04:00.256+0000] {dagbag.py:532} INFO - Filling up the DagBag from /home/airflow/.local/lib/python3.7/site-packages/airflow/example_dags/example_sensor_decorator.py
[2023-05-14T06:04:00.278+0000] {processor.py:753} INFO - DAG(s) dict_keys(['example_sensor_decorator']) retrieved from /home/airflow/.local/lib/python3.7/site-packages/airflow/example_dags/example_sensor_decorator.py
[2023-05-14T06:04:00.300+0000] {logging_mixin.py:137} INFO - [2023-05-14T06:04:00.300+0000] {dag.py:2705} INFO - Sync 1 DAGs
[2023-05-14T06:04:00.319+0000] {logging_mixin.py:137} INFO - [2023-05-14T06:04:00.319+0000] {dag.py:3456} INFO - Setting next_dagrun for example_sensor_decorator to None, run_after=None
[2023-05-14T06:04:00.334+0000] {processor.py:175} INFO - Processing /home/airflow/.local/lib/python3.7/site-packages/airflow/example_dags/example_sensor_decorator.py took 0.085 seconds
[2023-05-14T06:04:30.576+0000] {processor.py:153} INFO - Started process (PID=17848) to work on /home/airflow/.local/lib/python3.7/site-packages/airflow/example_dags/example_sensor_decorator.py
[2023-05-14T06:04:30.579+0000] {processor.py:743} INFO - Processing file /home/airflow/.local/lib/python3.7/site-packages/airflow/example_dags/example_sensor_decorator.py for tasks to queue
[2023-05-14T06:04:30.580+0000] {logging_mixin.py:137} INFO - [2023-05-14T06:04:30.580+0000] {dagbag.py:532} INFO - Filling up the DagBag from /home/airflow/.local/lib/python3.7/site-packages/airflow/example_dags/example_sensor_decorator.py
[2023-05-14T06:04:30.601+0000] {processor.py:753} INFO - DAG(s) dict_keys(['example_sensor_decorator']) retrieved from /home/airflow/.local/lib/python3.7/site-packages/airflow/example_dags/example_sensor_decorator.py
[2023-05-14T06:04:30.623+0000] {logging_mixin.py:137} INFO - [2023-05-14T06:04:30.623+0000] {dag.py:2705} INFO - Sync 1 DAGs
[2023-05-14T06:04:30.645+0000] {logging_mixin.py:137} INFO - [2023-05-14T06:04:30.645+0000] {dag.py:3456} INFO - Setting next_dagrun for example_sensor_decorator to None, run_after=None
[2023-05-14T06:04:30.660+0000] {processor.py:175} INFO - Processing /home/airflow/.local/lib/python3.7/site-packages/airflow/example_dags/example_sensor_decorator.py took 0.086 seconds
[2023-05-14T06:05:00.723+0000] {processor.py:153} INFO - Started process (PID=18072) to work on /home/airflow/.local/lib/python3.7/site-packages/airflow/example_dags/example_sensor_decorator.py
[2023-05-14T06:05:00.725+0000] {processor.py:743} INFO - Processing file /home/airflow/.local/lib/python3.7/site-packages/airflow/example_dags/example_sensor_decorator.py for tasks to queue
[2023-05-14T06:05:00.727+0000] {logging_mixin.py:137} INFO - [2023-05-14T06:05:00.727+0000] {dagbag.py:532} INFO - Filling up the DagBag from /home/airflow/.local/lib/python3.7/site-packages/airflow/example_dags/example_sensor_decorator.py
[2023-05-14T06:05:00.749+0000] {processor.py:753} INFO - DAG(s) dict_keys(['example_sensor_decorator']) retrieved from /home/airflow/.local/lib/python3.7/site-packages/airflow/example_dags/example_sensor_decorator.py
[2023-05-14T06:05:00.772+0000] {logging_mixin.py:137} INFO - [2023-05-14T06:05:00.772+0000] {dag.py:2705} INFO - Sync 1 DAGs
[2023-05-14T06:05:00.789+0000] {logging_mixin.py:137} INFO - [2023-05-14T06:05:00.789+0000] {dag.py:3456} INFO - Setting next_dagrun for example_sensor_decorator to None, run_after=None
[2023-05-14T06:05:00.816+0000] {processor.py:175} INFO - Processing /home/airflow/.local/lib/python3.7/site-packages/airflow/example_dags/example_sensor_decorator.py took 0.097 seconds
[2023-05-14T06:05:31.729+0000] {processor.py:153} INFO - Started process (PID=18298) to work on /home/airflow/.local/lib/python3.7/site-packages/airflow/example_dags/example_sensor_decorator.py
[2023-05-14T06:05:31.730+0000] {processor.py:743} INFO - Processing file /home/airflow/.local/lib/python3.7/site-packages/airflow/example_dags/example_sensor_decorator.py for tasks to queue
[2023-05-14T06:05:31.731+0000] {logging_mixin.py:137} INFO - [2023-05-14T06:05:31.731+0000] {dagbag.py:532} INFO - Filling up the DagBag from /home/airflow/.local/lib/python3.7/site-packages/airflow/example_dags/example_sensor_decorator.py
[2023-05-14T06:05:31.754+0000] {processor.py:753} INFO - DAG(s) dict_keys(['example_sensor_decorator']) retrieved from /home/airflow/.local/lib/python3.7/site-packages/airflow/example_dags/example_sensor_decorator.py
[2023-05-14T06:05:31.776+0000] {logging_mixin.py:137} INFO - [2023-05-14T06:05:31.776+0000] {dag.py:2705} INFO - Sync 1 DAGs
[2023-05-14T06:05:31.798+0000] {logging_mixin.py:137} INFO - [2023-05-14T06:05:31.798+0000] {dag.py:3456} INFO - Setting next_dagrun for example_sensor_decorator to None, run_after=None
[2023-05-14T06:05:31.814+0000] {processor.py:175} INFO - Processing /home/airflow/.local/lib/python3.7/site-packages/airflow/example_dags/example_sensor_decorator.py took 0.089 seconds
[2023-05-14T06:06:01.899+0000] {processor.py:153} INFO - Started process (PID=18521) to work on /home/airflow/.local/lib/python3.7/site-packages/airflow/example_dags/example_sensor_decorator.py
[2023-05-14T06:06:01.902+0000] {processor.py:743} INFO - Processing file /home/airflow/.local/lib/python3.7/site-packages/airflow/example_dags/example_sensor_decorator.py for tasks to queue
[2023-05-14T06:06:01.903+0000] {logging_mixin.py:137} INFO - [2023-05-14T06:06:01.903+0000] {dagbag.py:532} INFO - Filling up the DagBag from /home/airflow/.local/lib/python3.7/site-packages/airflow/example_dags/example_sensor_decorator.py
[2023-05-14T06:06:01.932+0000] {processor.py:753} INFO - DAG(s) dict_keys(['example_sensor_decorator']) retrieved from /home/airflow/.local/lib/python3.7/site-packages/airflow/example_dags/example_sensor_decorator.py
[2023-05-14T06:06:01.960+0000] {logging_mixin.py:137} INFO - [2023-05-14T06:06:01.959+0000] {dag.py:2705} INFO - Sync 1 DAGs
[2023-05-14T06:06:01.984+0000] {logging_mixin.py:137} INFO - [2023-05-14T06:06:01.984+0000] {dag.py:3456} INFO - Setting next_dagrun for example_sensor_decorator to None, run_after=None
[2023-05-14T06:06:02.011+0000] {processor.py:175} INFO - Processing /home/airflow/.local/lib/python3.7/site-packages/airflow/example_dags/example_sensor_decorator.py took 0.116 seconds
[2023-05-14T06:06:32.396+0000] {processor.py:153} INFO - Started process (PID=18745) to work on /home/airflow/.local/lib/python3.7/site-packages/airflow/example_dags/example_sensor_decorator.py
[2023-05-14T06:06:32.398+0000] {processor.py:743} INFO - Processing file /home/airflow/.local/lib/python3.7/site-packages/airflow/example_dags/example_sensor_decorator.py for tasks to queue
[2023-05-14T06:06:32.399+0000] {logging_mixin.py:137} INFO - [2023-05-14T06:06:32.399+0000] {dagbag.py:532} INFO - Filling up the DagBag from /home/airflow/.local/lib/python3.7/site-packages/airflow/example_dags/example_sensor_decorator.py
[2023-05-14T06:06:32.418+0000] {processor.py:753} INFO - DAG(s) dict_keys(['example_sensor_decorator']) retrieved from /home/airflow/.local/lib/python3.7/site-packages/airflow/example_dags/example_sensor_decorator.py
[2023-05-14T06:06:32.440+0000] {logging_mixin.py:137} INFO - [2023-05-14T06:06:32.440+0000] {dag.py:2705} INFO - Sync 1 DAGs
[2023-05-14T06:06:32.461+0000] {logging_mixin.py:137} INFO - [2023-05-14T06:06:32.461+0000] {dag.py:3456} INFO - Setting next_dagrun for example_sensor_decorator to None, run_after=None
[2023-05-14T06:06:32.475+0000] {processor.py:175} INFO - Processing /home/airflow/.local/lib/python3.7/site-packages/airflow/example_dags/example_sensor_decorator.py took 0.082 seconds
[2023-05-14T06:07:02.802+0000] {processor.py:153} INFO - Started process (PID=18969) to work on /home/airflow/.local/lib/python3.7/site-packages/airflow/example_dags/example_sensor_decorator.py
[2023-05-14T06:07:02.804+0000] {processor.py:743} INFO - Processing file /home/airflow/.local/lib/python3.7/site-packages/airflow/example_dags/example_sensor_decorator.py for tasks to queue
[2023-05-14T06:07:02.805+0000] {logging_mixin.py:137} INFO - [2023-05-14T06:07:02.805+0000] {dagbag.py:532} INFO - Filling up the DagBag from /home/airflow/.local/lib/python3.7/site-packages/airflow/example_dags/example_sensor_decorator.py
[2023-05-14T06:07:02.829+0000] {processor.py:753} INFO - DAG(s) dict_keys(['example_sensor_decorator']) retrieved from /home/airflow/.local/lib/python3.7/site-packages/airflow/example_dags/example_sensor_decorator.py
[2023-05-14T06:07:02.851+0000] {logging_mixin.py:137} INFO - [2023-05-14T06:07:02.851+0000] {dag.py:2705} INFO - Sync 1 DAGs
[2023-05-14T06:07:02.870+0000] {logging_mixin.py:137} INFO - [2023-05-14T06:07:02.870+0000] {dag.py:3456} INFO - Setting next_dagrun for example_sensor_decorator to None, run_after=None
[2023-05-14T06:07:02.882+0000] {processor.py:175} INFO - Processing /home/airflow/.local/lib/python3.7/site-packages/airflow/example_dags/example_sensor_decorator.py took 0.083 seconds
