[2023-05-14T00:21:05.252+0000] {processor.py:153} INFO - Started process (PID=2823) to work on /home/airflow/.local/lib/python3.7/site-packages/airflow/example_dags/tutorial.py
[2023-05-14T00:21:05.253+0000] {processor.py:743} INFO - Processing file /home/airflow/.local/lib/python3.7/site-packages/airflow/example_dags/tutorial.py for tasks to queue
[2023-05-14T00:21:05.255+0000] {logging_mixin.py:137} INFO - [2023-05-14T00:21:05.254+0000] {dagbag.py:532} INFO - Filling up the DagBag from /home/airflow/.local/lib/python3.7/site-packages/airflow/example_dags/tutorial.py
[2023-05-14T00:21:05.265+0000] {processor.py:753} INFO - DAG(s) dict_keys(['tutorial']) retrieved from /home/airflow/.local/lib/python3.7/site-packages/airflow/example_dags/tutorial.py
[2023-05-14T00:21:05.291+0000] {logging_mixin.py:137} INFO - [2023-05-14T00:21:05.291+0000] {dag.py:2705} INFO - Sync 1 DAGs
[2023-05-14T00:21:05.313+0000] {logging_mixin.py:137} INFO - [2023-05-14T00:21:05.313+0000] {dag.py:3456} INFO - Setting next_dagrun for tutorial to 2023-05-13T00:21:05.313238+00:00, run_after=2023-05-14T00:21:05.313238+00:00
[2023-05-14T00:21:05.354+0000] {processor.py:175} INFO - Processing /home/airflow/.local/lib/python3.7/site-packages/airflow/example_dags/tutorial.py took 0.105 seconds
[2023-05-14T01:15:57.453+0000] {processor.py:153} INFO - Started process (PID=3047) to work on /home/airflow/.local/lib/python3.7/site-packages/airflow/example_dags/tutorial.py
[2023-05-14T01:15:57.455+0000] {processor.py:743} INFO - Processing file /home/airflow/.local/lib/python3.7/site-packages/airflow/example_dags/tutorial.py for tasks to queue
[2023-05-14T01:15:57.456+0000] {logging_mixin.py:137} INFO - [2023-05-14T01:15:57.456+0000] {dagbag.py:532} INFO - Filling up the DagBag from /home/airflow/.local/lib/python3.7/site-packages/airflow/example_dags/tutorial.py
[2023-05-14T01:15:57.471+0000] {processor.py:753} INFO - DAG(s) dict_keys(['tutorial']) retrieved from /home/airflow/.local/lib/python3.7/site-packages/airflow/example_dags/tutorial.py
[2023-05-14T01:15:57.495+0000] {logging_mixin.py:137} INFO - [2023-05-14T01:15:57.495+0000] {dag.py:2705} INFO - Sync 1 DAGs
[2023-05-14T01:15:57.516+0000] {logging_mixin.py:137} INFO - [2023-05-14T01:15:57.516+0000] {dag.py:3456} INFO - Setting next_dagrun for tutorial to 2023-05-13T01:15:57.516274+00:00, run_after=2023-05-14T01:15:57.516274+00:00
[2023-05-14T01:15:57.532+0000] {processor.py:175} INFO - Processing /home/airflow/.local/lib/python3.7/site-packages/airflow/example_dags/tutorial.py took 0.083 seconds
[2023-05-14T02:15:37.019+0000] {processor.py:153} INFO - Started process (PID=3270) to work on /home/airflow/.local/lib/python3.7/site-packages/airflow/example_dags/tutorial.py
[2023-05-14T02:15:37.022+0000] {processor.py:743} INFO - Processing file /home/airflow/.local/lib/python3.7/site-packages/airflow/example_dags/tutorial.py for tasks to queue
[2023-05-14T02:15:37.026+0000] {logging_mixin.py:137} INFO - [2023-05-14T02:15:37.026+0000] {dagbag.py:532} INFO - Filling up the DagBag from /home/airflow/.local/lib/python3.7/site-packages/airflow/example_dags/tutorial.py
[2023-05-14T02:15:37.038+0000] {processor.py:753} INFO - DAG(s) dict_keys(['tutorial']) retrieved from /home/airflow/.local/lib/python3.7/site-packages/airflow/example_dags/tutorial.py
[2023-05-14T02:15:37.062+0000] {logging_mixin.py:137} INFO - [2023-05-14T02:15:37.062+0000] {dag.py:2705} INFO - Sync 1 DAGs
[2023-05-14T02:15:37.082+0000] {logging_mixin.py:137} INFO - [2023-05-14T02:15:37.082+0000] {dag.py:3456} INFO - Setting next_dagrun for tutorial to 2023-05-13T02:15:37.082150+00:00, run_after=2023-05-14T02:15:37.082150+00:00
[2023-05-14T02:15:37.099+0000] {processor.py:175} INFO - Processing /home/airflow/.local/lib/python3.7/site-packages/airflow/example_dags/tutorial.py took 0.084 seconds
[2023-05-14T02:41:27.530+0000] {processor.py:153} INFO - Started process (PID=3493) to work on /home/airflow/.local/lib/python3.7/site-packages/airflow/example_dags/tutorial.py
[2023-05-14T02:41:27.533+0000] {processor.py:743} INFO - Processing file /home/airflow/.local/lib/python3.7/site-packages/airflow/example_dags/tutorial.py for tasks to queue
[2023-05-14T02:41:27.537+0000] {logging_mixin.py:137} INFO - [2023-05-14T02:41:27.537+0000] {dagbag.py:532} INFO - Filling up the DagBag from /home/airflow/.local/lib/python3.7/site-packages/airflow/example_dags/tutorial.py
[2023-05-14T02:41:27.549+0000] {processor.py:753} INFO - DAG(s) dict_keys(['tutorial']) retrieved from /home/airflow/.local/lib/python3.7/site-packages/airflow/example_dags/tutorial.py
[2023-05-14T02:41:27.573+0000] {logging_mixin.py:137} INFO - [2023-05-14T02:41:27.572+0000] {dag.py:2705} INFO - Sync 1 DAGs
[2023-05-14T02:41:27.592+0000] {logging_mixin.py:137} INFO - [2023-05-14T02:41:27.592+0000] {dag.py:3456} INFO - Setting next_dagrun for tutorial to 2023-05-13T02:41:27.592193+00:00, run_after=2023-05-14T02:41:27.592193+00:00
[2023-05-14T02:41:27.607+0000] {processor.py:175} INFO - Processing /home/airflow/.local/lib/python3.7/site-packages/airflow/example_dags/tutorial.py took 0.079 seconds
[2023-05-14T02:54:55.608+0000] {processor.py:153} INFO - Started process (PID=3716) to work on /home/airflow/.local/lib/python3.7/site-packages/airflow/example_dags/tutorial.py
[2023-05-14T02:54:55.610+0000] {processor.py:743} INFO - Processing file /home/airflow/.local/lib/python3.7/site-packages/airflow/example_dags/tutorial.py for tasks to queue
[2023-05-14T02:54:55.617+0000] {logging_mixin.py:137} INFO - [2023-05-14T02:54:55.617+0000] {dagbag.py:532} INFO - Filling up the DagBag from /home/airflow/.local/lib/python3.7/site-packages/airflow/example_dags/tutorial.py
[2023-05-14T02:54:55.629+0000] {processor.py:753} INFO - DAG(s) dict_keys(['tutorial']) retrieved from /home/airflow/.local/lib/python3.7/site-packages/airflow/example_dags/tutorial.py
[2023-05-14T02:54:55.653+0000] {logging_mixin.py:137} INFO - [2023-05-14T02:54:55.653+0000] {dag.py:2705} INFO - Sync 1 DAGs
[2023-05-14T02:54:55.675+0000] {logging_mixin.py:137} INFO - [2023-05-14T02:54:55.675+0000] {dag.py:3456} INFO - Setting next_dagrun for tutorial to 2023-05-13T02:54:55.675081+00:00, run_after=2023-05-14T02:54:55.675081+00:00
[2023-05-14T02:54:55.690+0000] {processor.py:175} INFO - Processing /home/airflow/.local/lib/python3.7/site-packages/airflow/example_dags/tutorial.py took 0.085 seconds
[2023-05-14T02:59:00.585+0000] {processor.py:153} INFO - Started process (PID=3941) to work on /home/airflow/.local/lib/python3.7/site-packages/airflow/example_dags/tutorial.py
[2023-05-14T02:59:00.587+0000] {processor.py:743} INFO - Processing file /home/airflow/.local/lib/python3.7/site-packages/airflow/example_dags/tutorial.py for tasks to queue
[2023-05-14T02:59:00.588+0000] {logging_mixin.py:137} INFO - [2023-05-14T02:59:00.588+0000] {dagbag.py:532} INFO - Filling up the DagBag from /home/airflow/.local/lib/python3.7/site-packages/airflow/example_dags/tutorial.py
[2023-05-14T02:59:00.614+0000] {processor.py:753} INFO - DAG(s) dict_keys(['tutorial']) retrieved from /home/airflow/.local/lib/python3.7/site-packages/airflow/example_dags/tutorial.py
[2023-05-14T02:59:00.638+0000] {logging_mixin.py:137} INFO - [2023-05-14T02:59:00.638+0000] {dag.py:2705} INFO - Sync 1 DAGs
[2023-05-14T02:59:00.662+0000] {logging_mixin.py:137} INFO - [2023-05-14T02:59:00.662+0000] {dag.py:3456} INFO - Setting next_dagrun for tutorial to 2023-05-13T02:59:00.662085+00:00, run_after=2023-05-14T02:59:00.662085+00:00
[2023-05-14T02:59:00.675+0000] {processor.py:175} INFO - Processing /home/airflow/.local/lib/python3.7/site-packages/airflow/example_dags/tutorial.py took 0.093 seconds
[2023-05-14T02:59:31.652+0000] {processor.py:153} INFO - Started process (PID=4163) to work on /home/airflow/.local/lib/python3.7/site-packages/airflow/example_dags/tutorial.py
[2023-05-14T02:59:31.654+0000] {processor.py:743} INFO - Processing file /home/airflow/.local/lib/python3.7/site-packages/airflow/example_dags/tutorial.py for tasks to queue
[2023-05-14T02:59:31.655+0000] {logging_mixin.py:137} INFO - [2023-05-14T02:59:31.655+0000] {dagbag.py:532} INFO - Filling up the DagBag from /home/airflow/.local/lib/python3.7/site-packages/airflow/example_dags/tutorial.py
[2023-05-14T02:59:31.666+0000] {processor.py:753} INFO - DAG(s) dict_keys(['tutorial']) retrieved from /home/airflow/.local/lib/python3.7/site-packages/airflow/example_dags/tutorial.py
[2023-05-14T02:59:31.689+0000] {logging_mixin.py:137} INFO - [2023-05-14T02:59:31.689+0000] {dag.py:2705} INFO - Sync 1 DAGs
[2023-05-14T02:59:31.708+0000] {logging_mixin.py:137} INFO - [2023-05-14T02:59:31.707+0000] {dag.py:3456} INFO - Setting next_dagrun for tutorial to 2023-05-13T02:59:31.707762+00:00, run_after=2023-05-14T02:59:31.707762+00:00
[2023-05-14T02:59:31.721+0000] {processor.py:175} INFO - Processing /home/airflow/.local/lib/python3.7/site-packages/airflow/example_dags/tutorial.py took 0.073 seconds
[2023-05-14T03:16:06.191+0000] {processor.py:153} INFO - Started process (PID=4386) to work on /home/airflow/.local/lib/python3.7/site-packages/airflow/example_dags/tutorial.py
[2023-05-14T03:16:06.193+0000] {processor.py:743} INFO - Processing file /home/airflow/.local/lib/python3.7/site-packages/airflow/example_dags/tutorial.py for tasks to queue
[2023-05-14T03:16:06.194+0000] {logging_mixin.py:137} INFO - [2023-05-14T03:16:06.194+0000] {dagbag.py:532} INFO - Filling up the DagBag from /home/airflow/.local/lib/python3.7/site-packages/airflow/example_dags/tutorial.py
[2023-05-14T03:16:06.206+0000] {processor.py:753} INFO - DAG(s) dict_keys(['tutorial']) retrieved from /home/airflow/.local/lib/python3.7/site-packages/airflow/example_dags/tutorial.py
[2023-05-14T03:16:06.228+0000] {logging_mixin.py:137} INFO - [2023-05-14T03:16:06.228+0000] {dag.py:2705} INFO - Sync 1 DAGs
[2023-05-14T03:16:06.246+0000] {logging_mixin.py:137} INFO - [2023-05-14T03:16:06.246+0000] {dag.py:3456} INFO - Setting next_dagrun for tutorial to 2023-05-13T03:16:06.245918+00:00, run_after=2023-05-14T03:16:06.245918+00:00
[2023-05-14T03:16:06.273+0000] {processor.py:175} INFO - Processing /home/airflow/.local/lib/python3.7/site-packages/airflow/example_dags/tutorial.py took 0.085 seconds
[2023-05-14T04:20:56.467+0000] {processor.py:153} INFO - Started process (PID=4609) to work on /home/airflow/.local/lib/python3.7/site-packages/airflow/example_dags/tutorial.py
[2023-05-14T04:20:56.469+0000] {processor.py:743} INFO - Processing file /home/airflow/.local/lib/python3.7/site-packages/airflow/example_dags/tutorial.py for tasks to queue
[2023-05-14T04:20:56.471+0000] {logging_mixin.py:137} INFO - [2023-05-14T04:20:56.471+0000] {dagbag.py:532} INFO - Filling up the DagBag from /home/airflow/.local/lib/python3.7/site-packages/airflow/example_dags/tutorial.py
[2023-05-14T04:20:56.482+0000] {processor.py:753} INFO - DAG(s) dict_keys(['tutorial']) retrieved from /home/airflow/.local/lib/python3.7/site-packages/airflow/example_dags/tutorial.py
[2023-05-14T04:20:56.504+0000] {logging_mixin.py:137} INFO - [2023-05-14T04:20:56.504+0000] {dag.py:2705} INFO - Sync 1 DAGs
[2023-05-14T04:20:56.523+0000] {logging_mixin.py:137} INFO - [2023-05-14T04:20:56.523+0000] {dag.py:3456} INFO - Setting next_dagrun for tutorial to 2023-05-13T04:20:56.523479+00:00, run_after=2023-05-14T04:20:56.523479+00:00
[2023-05-14T04:20:56.539+0000] {processor.py:175} INFO - Processing /home/airflow/.local/lib/python3.7/site-packages/airflow/example_dags/tutorial.py took 0.074 seconds
[2023-05-14T05:35:30.419+0000] {processor.py:153} INFO - Started process (PID=4832) to work on /home/airflow/.local/lib/python3.7/site-packages/airflow/example_dags/tutorial.py
[2023-05-14T05:35:30.421+0000] {processor.py:743} INFO - Processing file /home/airflow/.local/lib/python3.7/site-packages/airflow/example_dags/tutorial.py for tasks to queue
[2023-05-14T05:35:30.422+0000] {logging_mixin.py:137} INFO - [2023-05-14T05:35:30.422+0000] {dagbag.py:532} INFO - Filling up the DagBag from /home/airflow/.local/lib/python3.7/site-packages/airflow/example_dags/tutorial.py
[2023-05-14T05:35:30.436+0000] {processor.py:753} INFO - DAG(s) dict_keys(['tutorial']) retrieved from /home/airflow/.local/lib/python3.7/site-packages/airflow/example_dags/tutorial.py
[2023-05-14T05:35:30.461+0000] {logging_mixin.py:137} INFO - [2023-05-14T05:35:30.461+0000] {dag.py:2705} INFO - Sync 1 DAGs
[2023-05-14T05:35:30.504+0000] {logging_mixin.py:137} INFO - [2023-05-14T05:35:30.504+0000] {dag.py:3456} INFO - Setting next_dagrun for tutorial to 2023-05-13T05:35:30.504205+00:00, run_after=2023-05-14T05:35:30.504205+00:00
[2023-05-14T05:35:30.520+0000] {processor.py:175} INFO - Processing /home/airflow/.local/lib/python3.7/site-packages/airflow/example_dags/tutorial.py took 0.104 seconds
[2023-05-14T05:36:00.688+0000] {processor.py:153} INFO - Started process (PID=5055) to work on /home/airflow/.local/lib/python3.7/site-packages/airflow/example_dags/tutorial.py
[2023-05-14T05:36:00.690+0000] {processor.py:743} INFO - Processing file /home/airflow/.local/lib/python3.7/site-packages/airflow/example_dags/tutorial.py for tasks to queue
[2023-05-14T05:36:00.691+0000] {logging_mixin.py:137} INFO - [2023-05-14T05:36:00.691+0000] {dagbag.py:532} INFO - Filling up the DagBag from /home/airflow/.local/lib/python3.7/site-packages/airflow/example_dags/tutorial.py
[2023-05-14T05:36:00.703+0000] {processor.py:753} INFO - DAG(s) dict_keys(['tutorial']) retrieved from /home/airflow/.local/lib/python3.7/site-packages/airflow/example_dags/tutorial.py
[2023-05-14T05:36:00.727+0000] {logging_mixin.py:137} INFO - [2023-05-14T05:36:00.727+0000] {dag.py:2705} INFO - Sync 1 DAGs
[2023-05-14T05:36:00.750+0000] {logging_mixin.py:137} INFO - [2023-05-14T05:36:00.750+0000] {dag.py:3456} INFO - Setting next_dagrun for tutorial to 2023-05-13T05:36:00.750025+00:00, run_after=2023-05-14T05:36:00.750025+00:00
[2023-05-14T05:36:00.764+0000] {processor.py:175} INFO - Processing /home/airflow/.local/lib/python3.7/site-packages/airflow/example_dags/tutorial.py took 0.079 seconds
[2023-05-14T05:36:30.882+0000] {processor.py:153} INFO - Started process (PID=5279) to work on /home/airflow/.local/lib/python3.7/site-packages/airflow/example_dags/tutorial.py
[2023-05-14T05:36:30.884+0000] {processor.py:743} INFO - Processing file /home/airflow/.local/lib/python3.7/site-packages/airflow/example_dags/tutorial.py for tasks to queue
[2023-05-14T05:36:30.885+0000] {logging_mixin.py:137} INFO - [2023-05-14T05:36:30.885+0000] {dagbag.py:532} INFO - Filling up the DagBag from /home/airflow/.local/lib/python3.7/site-packages/airflow/example_dags/tutorial.py
[2023-05-14T05:36:30.895+0000] {processor.py:753} INFO - DAG(s) dict_keys(['tutorial']) retrieved from /home/airflow/.local/lib/python3.7/site-packages/airflow/example_dags/tutorial.py
[2023-05-14T05:36:30.918+0000] {logging_mixin.py:137} INFO - [2023-05-14T05:36:30.918+0000] {dag.py:2705} INFO - Sync 1 DAGs
[2023-05-14T05:36:30.937+0000] {logging_mixin.py:137} INFO - [2023-05-14T05:36:30.937+0000] {dag.py:3456} INFO - Setting next_dagrun for tutorial to 2023-05-13T05:36:30.937193+00:00, run_after=2023-05-14T05:36:30.937193+00:00
[2023-05-14T05:36:30.963+0000] {processor.py:175} INFO - Processing /home/airflow/.local/lib/python3.7/site-packages/airflow/example_dags/tutorial.py took 0.084 seconds
[2023-05-14T05:37:01.808+0000] {processor.py:153} INFO - Started process (PID=5502) to work on /home/airflow/.local/lib/python3.7/site-packages/airflow/example_dags/tutorial.py
[2023-05-14T05:37:01.810+0000] {processor.py:743} INFO - Processing file /home/airflow/.local/lib/python3.7/site-packages/airflow/example_dags/tutorial.py for tasks to queue
[2023-05-14T05:37:01.811+0000] {logging_mixin.py:137} INFO - [2023-05-14T05:37:01.811+0000] {dagbag.py:532} INFO - Filling up the DagBag from /home/airflow/.local/lib/python3.7/site-packages/airflow/example_dags/tutorial.py
[2023-05-14T05:37:01.822+0000] {processor.py:753} INFO - DAG(s) dict_keys(['tutorial']) retrieved from /home/airflow/.local/lib/python3.7/site-packages/airflow/example_dags/tutorial.py
[2023-05-14T05:37:01.844+0000] {logging_mixin.py:137} INFO - [2023-05-14T05:37:01.844+0000] {dag.py:2705} INFO - Sync 1 DAGs
[2023-05-14T05:37:01.864+0000] {logging_mixin.py:137} INFO - [2023-05-14T05:37:01.863+0000] {dag.py:3456} INFO - Setting next_dagrun for tutorial to 2023-05-13T05:37:01.863710+00:00, run_after=2023-05-14T05:37:01.863710+00:00
[2023-05-14T05:37:01.878+0000] {processor.py:175} INFO - Processing /home/airflow/.local/lib/python3.7/site-packages/airflow/example_dags/tutorial.py took 0.072 seconds
[2023-05-14T05:37:32.086+0000] {processor.py:153} INFO - Started process (PID=5725) to work on /home/airflow/.local/lib/python3.7/site-packages/airflow/example_dags/tutorial.py
[2023-05-14T05:37:32.089+0000] {processor.py:743} INFO - Processing file /home/airflow/.local/lib/python3.7/site-packages/airflow/example_dags/tutorial.py for tasks to queue
[2023-05-14T05:37:32.091+0000] {logging_mixin.py:137} INFO - [2023-05-14T05:37:32.091+0000] {dagbag.py:532} INFO - Filling up the DagBag from /home/airflow/.local/lib/python3.7/site-packages/airflow/example_dags/tutorial.py
[2023-05-14T05:37:32.109+0000] {processor.py:753} INFO - DAG(s) dict_keys(['tutorial']) retrieved from /home/airflow/.local/lib/python3.7/site-packages/airflow/example_dags/tutorial.py
[2023-05-14T05:37:32.133+0000] {logging_mixin.py:137} INFO - [2023-05-14T05:37:32.133+0000] {dag.py:2705} INFO - Sync 1 DAGs
[2023-05-14T05:37:32.169+0000] {logging_mixin.py:137} INFO - [2023-05-14T05:37:32.169+0000] {dag.py:3456} INFO - Setting next_dagrun for tutorial to 2023-05-13T05:37:32.169201+00:00, run_after=2023-05-14T05:37:32.169201+00:00
[2023-05-14T05:37:32.191+0000] {processor.py:175} INFO - Processing /home/airflow/.local/lib/python3.7/site-packages/airflow/example_dags/tutorial.py took 0.110 seconds
[2023-05-14T05:38:03.022+0000] {processor.py:153} INFO - Started process (PID=5954) to work on /home/airflow/.local/lib/python3.7/site-packages/airflow/example_dags/tutorial.py
[2023-05-14T05:38:03.024+0000] {processor.py:743} INFO - Processing file /home/airflow/.local/lib/python3.7/site-packages/airflow/example_dags/tutorial.py for tasks to queue
[2023-05-14T05:38:03.025+0000] {logging_mixin.py:137} INFO - [2023-05-14T05:38:03.025+0000] {dagbag.py:532} INFO - Filling up the DagBag from /home/airflow/.local/lib/python3.7/site-packages/airflow/example_dags/tutorial.py
[2023-05-14T05:38:03.036+0000] {processor.py:753} INFO - DAG(s) dict_keys(['tutorial']) retrieved from /home/airflow/.local/lib/python3.7/site-packages/airflow/example_dags/tutorial.py
[2023-05-14T05:38:03.059+0000] {logging_mixin.py:137} INFO - [2023-05-14T05:38:03.059+0000] {dag.py:2705} INFO - Sync 1 DAGs
[2023-05-14T05:38:03.081+0000] {logging_mixin.py:137} INFO - [2023-05-14T05:38:03.081+0000] {dag.py:3456} INFO - Setting next_dagrun for tutorial to 2023-05-13T05:38:03.080723+00:00, run_after=2023-05-14T05:38:03.080723+00:00
[2023-05-14T05:38:03.098+0000] {processor.py:175} INFO - Processing /home/airflow/.local/lib/python3.7/site-packages/airflow/example_dags/tutorial.py took 0.079 seconds
[2023-05-14T05:38:33.499+0000] {processor.py:153} INFO - Started process (PID=6185) to work on /home/airflow/.local/lib/python3.7/site-packages/airflow/example_dags/tutorial.py
[2023-05-14T05:38:33.501+0000] {processor.py:743} INFO - Processing file /home/airflow/.local/lib/python3.7/site-packages/airflow/example_dags/tutorial.py for tasks to queue
[2023-05-14T05:38:33.503+0000] {logging_mixin.py:137} INFO - [2023-05-14T05:38:33.503+0000] {dagbag.py:532} INFO - Filling up the DagBag from /home/airflow/.local/lib/python3.7/site-packages/airflow/example_dags/tutorial.py
[2023-05-14T05:38:33.515+0000] {processor.py:753} INFO - DAG(s) dict_keys(['tutorial']) retrieved from /home/airflow/.local/lib/python3.7/site-packages/airflow/example_dags/tutorial.py
[2023-05-14T05:38:33.539+0000] {logging_mixin.py:137} INFO - [2023-05-14T05:38:33.539+0000] {dag.py:2705} INFO - Sync 1 DAGs
[2023-05-14T05:38:33.558+0000] {logging_mixin.py:137} INFO - [2023-05-14T05:38:33.558+0000] {dag.py:3456} INFO - Setting next_dagrun for tutorial to 2023-05-13T05:38:33.558069+00:00, run_after=2023-05-14T05:38:33.558069+00:00
[2023-05-14T05:38:33.572+0000] {processor.py:175} INFO - Processing /home/airflow/.local/lib/python3.7/site-packages/airflow/example_dags/tutorial.py took 0.076 seconds
[2023-05-14T05:39:04.062+0000] {processor.py:153} INFO - Started process (PID=6413) to work on /home/airflow/.local/lib/python3.7/site-packages/airflow/example_dags/tutorial.py
[2023-05-14T05:39:04.064+0000] {processor.py:743} INFO - Processing file /home/airflow/.local/lib/python3.7/site-packages/airflow/example_dags/tutorial.py for tasks to queue
[2023-05-14T05:39:04.065+0000] {logging_mixin.py:137} INFO - [2023-05-14T05:39:04.065+0000] {dagbag.py:532} INFO - Filling up the DagBag from /home/airflow/.local/lib/python3.7/site-packages/airflow/example_dags/tutorial.py
[2023-05-14T05:39:04.075+0000] {processor.py:753} INFO - DAG(s) dict_keys(['tutorial']) retrieved from /home/airflow/.local/lib/python3.7/site-packages/airflow/example_dags/tutorial.py
[2023-05-14T05:39:04.098+0000] {logging_mixin.py:137} INFO - [2023-05-14T05:39:04.098+0000] {dag.py:2705} INFO - Sync 1 DAGs
[2023-05-14T05:39:04.116+0000] {logging_mixin.py:137} INFO - [2023-05-14T05:39:04.115+0000] {dag.py:3456} INFO - Setting next_dagrun for tutorial to 2023-05-13T05:39:04.115318+00:00, run_after=2023-05-14T05:39:04.115318+00:00
[2023-05-14T05:39:04.127+0000] {processor.py:175} INFO - Processing /home/airflow/.local/lib/python3.7/site-packages/airflow/example_dags/tutorial.py took 0.068 seconds
[2023-05-14T05:39:34.609+0000] {processor.py:153} INFO - Started process (PID=6643) to work on /home/airflow/.local/lib/python3.7/site-packages/airflow/example_dags/tutorial.py
[2023-05-14T05:39:34.611+0000] {processor.py:743} INFO - Processing file /home/airflow/.local/lib/python3.7/site-packages/airflow/example_dags/tutorial.py for tasks to queue
[2023-05-14T05:39:34.614+0000] {logging_mixin.py:137} INFO - [2023-05-14T05:39:34.614+0000] {dagbag.py:532} INFO - Filling up the DagBag from /home/airflow/.local/lib/python3.7/site-packages/airflow/example_dags/tutorial.py
[2023-05-14T05:39:34.641+0000] {processor.py:753} INFO - DAG(s) dict_keys(['tutorial']) retrieved from /home/airflow/.local/lib/python3.7/site-packages/airflow/example_dags/tutorial.py
[2023-05-14T05:39:34.692+0000] {logging_mixin.py:137} INFO - [2023-05-14T05:39:34.691+0000] {dag.py:2705} INFO - Sync 1 DAGs
[2023-05-14T05:39:34.715+0000] {logging_mixin.py:137} INFO - [2023-05-14T05:39:34.715+0000] {dag.py:3456} INFO - Setting next_dagrun for tutorial to 2023-05-13T05:39:34.714894+00:00, run_after=2023-05-14T05:39:34.714894+00:00
[2023-05-14T05:39:34.732+0000] {processor.py:175} INFO - Processing /home/airflow/.local/lib/python3.7/site-packages/airflow/example_dags/tutorial.py took 0.128 seconds
[2023-05-14T05:40:04.980+0000] {processor.py:153} INFO - Started process (PID=6888) to work on /home/airflow/.local/lib/python3.7/site-packages/airflow/example_dags/tutorial.py
[2023-05-14T05:40:04.981+0000] {processor.py:743} INFO - Processing file /home/airflow/.local/lib/python3.7/site-packages/airflow/example_dags/tutorial.py for tasks to queue
[2023-05-14T05:40:04.982+0000] {logging_mixin.py:137} INFO - [2023-05-14T05:40:04.982+0000] {dagbag.py:532} INFO - Filling up the DagBag from /home/airflow/.local/lib/python3.7/site-packages/airflow/example_dags/tutorial.py
[2023-05-14T05:40:04.995+0000] {processor.py:753} INFO - DAG(s) dict_keys(['tutorial']) retrieved from /home/airflow/.local/lib/python3.7/site-packages/airflow/example_dags/tutorial.py
[2023-05-14T05:40:05.016+0000] {logging_mixin.py:137} INFO - [2023-05-14T05:40:05.016+0000] {dag.py:2705} INFO - Sync 1 DAGs
[2023-05-14T05:40:05.034+0000] {logging_mixin.py:137} INFO - [2023-05-14T05:40:05.034+0000] {dag.py:3456} INFO - Setting next_dagrun for tutorial to 2023-05-13T05:40:05.034298+00:00, run_after=2023-05-14T05:40:05.034298+00:00
[2023-05-14T05:40:05.046+0000] {processor.py:175} INFO - Processing /home/airflow/.local/lib/python3.7/site-packages/airflow/example_dags/tutorial.py took 0.069 seconds
[2023-05-14T05:40:35.736+0000] {processor.py:153} INFO - Started process (PID=7112) to work on /home/airflow/.local/lib/python3.7/site-packages/airflow/example_dags/tutorial.py
[2023-05-14T05:40:35.737+0000] {processor.py:743} INFO - Processing file /home/airflow/.local/lib/python3.7/site-packages/airflow/example_dags/tutorial.py for tasks to queue
[2023-05-14T05:40:35.739+0000] {logging_mixin.py:137} INFO - [2023-05-14T05:40:35.739+0000] {dagbag.py:532} INFO - Filling up the DagBag from /home/airflow/.local/lib/python3.7/site-packages/airflow/example_dags/tutorial.py
[2023-05-14T05:40:35.750+0000] {processor.py:753} INFO - DAG(s) dict_keys(['tutorial']) retrieved from /home/airflow/.local/lib/python3.7/site-packages/airflow/example_dags/tutorial.py
[2023-05-14T05:40:35.771+0000] {logging_mixin.py:137} INFO - [2023-05-14T05:40:35.771+0000] {dag.py:2705} INFO - Sync 1 DAGs
[2023-05-14T05:40:35.786+0000] {logging_mixin.py:137} INFO - [2023-05-14T05:40:35.786+0000] {dag.py:3456} INFO - Setting next_dagrun for tutorial to 2023-05-13T05:40:35.786506+00:00, run_after=2023-05-14T05:40:35.786506+00:00
[2023-05-14T05:40:35.798+0000] {processor.py:175} INFO - Processing /home/airflow/.local/lib/python3.7/site-packages/airflow/example_dags/tutorial.py took 0.065 seconds
[2023-05-14T05:41:06.220+0000] {processor.py:153} INFO - Started process (PID=7342) to work on /home/airflow/.local/lib/python3.7/site-packages/airflow/example_dags/tutorial.py
[2023-05-14T05:41:06.222+0000] {processor.py:743} INFO - Processing file /home/airflow/.local/lib/python3.7/site-packages/airflow/example_dags/tutorial.py for tasks to queue
[2023-05-14T05:41:06.224+0000] {logging_mixin.py:137} INFO - [2023-05-14T05:41:06.224+0000] {dagbag.py:532} INFO - Filling up the DagBag from /home/airflow/.local/lib/python3.7/site-packages/airflow/example_dags/tutorial.py
[2023-05-14T05:41:06.252+0000] {processor.py:753} INFO - DAG(s) dict_keys(['tutorial']) retrieved from /home/airflow/.local/lib/python3.7/site-packages/airflow/example_dags/tutorial.py
[2023-05-14T05:41:06.278+0000] {logging_mixin.py:137} INFO - [2023-05-14T05:41:06.278+0000] {dag.py:2705} INFO - Sync 1 DAGs
[2023-05-14T05:41:06.296+0000] {logging_mixin.py:137} INFO - [2023-05-14T05:41:06.296+0000] {dag.py:3456} INFO - Setting next_dagrun for tutorial to 2023-05-13T05:41:06.296112+00:00, run_after=2023-05-14T05:41:06.296112+00:00
[2023-05-14T05:41:06.310+0000] {processor.py:175} INFO - Processing /home/airflow/.local/lib/python3.7/site-packages/airflow/example_dags/tutorial.py took 0.095 seconds
[2023-05-14T05:41:36.439+0000] {processor.py:153} INFO - Started process (PID=7566) to work on /home/airflow/.local/lib/python3.7/site-packages/airflow/example_dags/tutorial.py
[2023-05-14T05:41:36.441+0000] {processor.py:743} INFO - Processing file /home/airflow/.local/lib/python3.7/site-packages/airflow/example_dags/tutorial.py for tasks to queue
[2023-05-14T05:41:36.442+0000] {logging_mixin.py:137} INFO - [2023-05-14T05:41:36.442+0000] {dagbag.py:532} INFO - Filling up the DagBag from /home/airflow/.local/lib/python3.7/site-packages/airflow/example_dags/tutorial.py
[2023-05-14T05:41:36.455+0000] {processor.py:753} INFO - DAG(s) dict_keys(['tutorial']) retrieved from /home/airflow/.local/lib/python3.7/site-packages/airflow/example_dags/tutorial.py
[2023-05-14T05:41:36.478+0000] {logging_mixin.py:137} INFO - [2023-05-14T05:41:36.477+0000] {dag.py:2705} INFO - Sync 1 DAGs
[2023-05-14T05:41:36.496+0000] {logging_mixin.py:137} INFO - [2023-05-14T05:41:36.496+0000] {dag.py:3456} INFO - Setting next_dagrun for tutorial to 2023-05-13T05:41:36.496360+00:00, run_after=2023-05-14T05:41:36.496360+00:00
[2023-05-14T05:41:36.508+0000] {processor.py:175} INFO - Processing /home/airflow/.local/lib/python3.7/site-packages/airflow/example_dags/tutorial.py took 0.072 seconds
[2023-05-14T05:42:06.887+0000] {processor.py:153} INFO - Started process (PID=7796) to work on /home/airflow/.local/lib/python3.7/site-packages/airflow/example_dags/tutorial.py
[2023-05-14T05:42:06.902+0000] {processor.py:743} INFO - Processing file /home/airflow/.local/lib/python3.7/site-packages/airflow/example_dags/tutorial.py for tasks to queue
[2023-05-14T05:42:06.906+0000] {logging_mixin.py:137} INFO - [2023-05-14T05:42:06.906+0000] {dagbag.py:532} INFO - Filling up the DagBag from /home/airflow/.local/lib/python3.7/site-packages/airflow/example_dags/tutorial.py
[2023-05-14T05:42:06.924+0000] {processor.py:753} INFO - DAG(s) dict_keys(['tutorial']) retrieved from /home/airflow/.local/lib/python3.7/site-packages/airflow/example_dags/tutorial.py
[2023-05-14T05:42:06.950+0000] {logging_mixin.py:137} INFO - [2023-05-14T05:42:06.950+0000] {dag.py:2705} INFO - Sync 1 DAGs
[2023-05-14T05:42:06.971+0000] {logging_mixin.py:137} INFO - [2023-05-14T05:42:06.971+0000] {dag.py:3456} INFO - Setting next_dagrun for tutorial to 2023-05-13T05:42:06.971451+00:00, run_after=2023-05-14T05:42:06.971451+00:00
[2023-05-14T05:42:06.997+0000] {processor.py:175} INFO - Processing /home/airflow/.local/lib/python3.7/site-packages/airflow/example_dags/tutorial.py took 0.115 seconds
[2023-05-14T05:42:37.595+0000] {processor.py:153} INFO - Started process (PID=8017) to work on /home/airflow/.local/lib/python3.7/site-packages/airflow/example_dags/tutorial.py
[2023-05-14T05:42:37.597+0000] {processor.py:743} INFO - Processing file /home/airflow/.local/lib/python3.7/site-packages/airflow/example_dags/tutorial.py for tasks to queue
[2023-05-14T05:42:37.598+0000] {logging_mixin.py:137} INFO - [2023-05-14T05:42:37.598+0000] {dagbag.py:532} INFO - Filling up the DagBag from /home/airflow/.local/lib/python3.7/site-packages/airflow/example_dags/tutorial.py
[2023-05-14T05:42:37.609+0000] {processor.py:753} INFO - DAG(s) dict_keys(['tutorial']) retrieved from /home/airflow/.local/lib/python3.7/site-packages/airflow/example_dags/tutorial.py
[2023-05-14T05:42:37.631+0000] {logging_mixin.py:137} INFO - [2023-05-14T05:42:37.631+0000] {dag.py:2705} INFO - Sync 1 DAGs
[2023-05-14T05:42:37.655+0000] {logging_mixin.py:137} INFO - [2023-05-14T05:42:37.655+0000] {dag.py:3456} INFO - Setting next_dagrun for tutorial to 2023-05-13T05:42:37.654980+00:00, run_after=2023-05-14T05:42:37.654980+00:00
[2023-05-14T05:42:37.668+0000] {processor.py:175} INFO - Processing /home/airflow/.local/lib/python3.7/site-packages/airflow/example_dags/tutorial.py took 0.075 seconds
[2023-05-14T05:43:08.209+0000] {processor.py:153} INFO - Started process (PID=8248) to work on /home/airflow/.local/lib/python3.7/site-packages/airflow/example_dags/tutorial.py
[2023-05-14T05:43:08.211+0000] {processor.py:743} INFO - Processing file /home/airflow/.local/lib/python3.7/site-packages/airflow/example_dags/tutorial.py for tasks to queue
[2023-05-14T05:43:08.216+0000] {logging_mixin.py:137} INFO - [2023-05-14T05:43:08.215+0000] {dagbag.py:532} INFO - Filling up the DagBag from /home/airflow/.local/lib/python3.7/site-packages/airflow/example_dags/tutorial.py
[2023-05-14T05:43:08.227+0000] {processor.py:753} INFO - DAG(s) dict_keys(['tutorial']) retrieved from /home/airflow/.local/lib/python3.7/site-packages/airflow/example_dags/tutorial.py
[2023-05-14T05:43:08.250+0000] {logging_mixin.py:137} INFO - [2023-05-14T05:43:08.250+0000] {dag.py:2705} INFO - Sync 1 DAGs
[2023-05-14T05:43:08.267+0000] {logging_mixin.py:137} INFO - [2023-05-14T05:43:08.267+0000] {dag.py:3456} INFO - Setting next_dagrun for tutorial to 2023-05-13T05:43:08.267509+00:00, run_after=2023-05-14T05:43:08.267509+00:00
[2023-05-14T05:43:08.280+0000] {processor.py:175} INFO - Processing /home/airflow/.local/lib/python3.7/site-packages/airflow/example_dags/tutorial.py took 0.074 seconds
[2023-05-14T05:43:38.511+0000] {processor.py:153} INFO - Started process (PID=8473) to work on /home/airflow/.local/lib/python3.7/site-packages/airflow/example_dags/tutorial.py
[2023-05-14T05:43:38.513+0000] {processor.py:743} INFO - Processing file /home/airflow/.local/lib/python3.7/site-packages/airflow/example_dags/tutorial.py for tasks to queue
[2023-05-14T05:43:38.514+0000] {logging_mixin.py:137} INFO - [2023-05-14T05:43:38.514+0000] {dagbag.py:532} INFO - Filling up the DagBag from /home/airflow/.local/lib/python3.7/site-packages/airflow/example_dags/tutorial.py
[2023-05-14T05:43:38.526+0000] {processor.py:753} INFO - DAG(s) dict_keys(['tutorial']) retrieved from /home/airflow/.local/lib/python3.7/site-packages/airflow/example_dags/tutorial.py
[2023-05-14T05:43:38.553+0000] {logging_mixin.py:137} INFO - [2023-05-14T05:43:38.553+0000] {dag.py:2705} INFO - Sync 1 DAGs
[2023-05-14T05:43:38.572+0000] {logging_mixin.py:137} INFO - [2023-05-14T05:43:38.571+0000] {dag.py:3456} INFO - Setting next_dagrun for tutorial to 2023-05-13T05:43:38.571724+00:00, run_after=2023-05-14T05:43:38.571724+00:00
[2023-05-14T05:43:38.585+0000] {processor.py:175} INFO - Processing /home/airflow/.local/lib/python3.7/site-packages/airflow/example_dags/tutorial.py took 0.077 seconds
[2023-05-14T05:44:08.844+0000] {processor.py:153} INFO - Started process (PID=8705) to work on /home/airflow/.local/lib/python3.7/site-packages/airflow/example_dags/tutorial.py
[2023-05-14T05:44:08.845+0000] {processor.py:743} INFO - Processing file /home/airflow/.local/lib/python3.7/site-packages/airflow/example_dags/tutorial.py for tasks to queue
[2023-05-14T05:44:08.847+0000] {logging_mixin.py:137} INFO - [2023-05-14T05:44:08.847+0000] {dagbag.py:532} INFO - Filling up the DagBag from /home/airflow/.local/lib/python3.7/site-packages/airflow/example_dags/tutorial.py
[2023-05-14T05:44:08.859+0000] {processor.py:753} INFO - DAG(s) dict_keys(['tutorial']) retrieved from /home/airflow/.local/lib/python3.7/site-packages/airflow/example_dags/tutorial.py
[2023-05-14T05:44:08.884+0000] {logging_mixin.py:137} INFO - [2023-05-14T05:44:08.884+0000] {dag.py:2705} INFO - Sync 1 DAGs
[2023-05-14T05:44:08.903+0000] {logging_mixin.py:137} INFO - [2023-05-14T05:44:08.903+0000] {dag.py:3456} INFO - Setting next_dagrun for tutorial to 2023-05-13T05:44:08.903045+00:00, run_after=2023-05-14T05:44:08.903045+00:00
[2023-05-14T05:44:08.916+0000] {processor.py:175} INFO - Processing /home/airflow/.local/lib/python3.7/site-packages/airflow/example_dags/tutorial.py took 0.075 seconds
[2023-05-14T05:44:39.020+0000] {processor.py:153} INFO - Started process (PID=8935) to work on /home/airflow/.local/lib/python3.7/site-packages/airflow/example_dags/tutorial.py
[2023-05-14T05:44:39.022+0000] {processor.py:743} INFO - Processing file /home/airflow/.local/lib/python3.7/site-packages/airflow/example_dags/tutorial.py for tasks to queue
[2023-05-14T05:44:39.023+0000] {logging_mixin.py:137} INFO - [2023-05-14T05:44:39.023+0000] {dagbag.py:532} INFO - Filling up the DagBag from /home/airflow/.local/lib/python3.7/site-packages/airflow/example_dags/tutorial.py
[2023-05-14T05:44:39.035+0000] {processor.py:753} INFO - DAG(s) dict_keys(['tutorial']) retrieved from /home/airflow/.local/lib/python3.7/site-packages/airflow/example_dags/tutorial.py
[2023-05-14T05:44:39.057+0000] {logging_mixin.py:137} INFO - [2023-05-14T05:44:39.057+0000] {dag.py:2705} INFO - Sync 1 DAGs
[2023-05-14T05:44:39.074+0000] {logging_mixin.py:137} INFO - [2023-05-14T05:44:39.073+0000] {dag.py:3456} INFO - Setting next_dagrun for tutorial to 2023-05-13T05:44:39.073680+00:00, run_after=2023-05-14T05:44:39.073680+00:00
[2023-05-14T05:44:39.085+0000] {processor.py:175} INFO - Processing /home/airflow/.local/lib/python3.7/site-packages/airflow/example_dags/tutorial.py took 0.068 seconds
[2023-05-14T05:45:09.252+0000] {processor.py:153} INFO - Started process (PID=9157) to work on /home/airflow/.local/lib/python3.7/site-packages/airflow/example_dags/tutorial.py
[2023-05-14T05:45:09.254+0000] {processor.py:743} INFO - Processing file /home/airflow/.local/lib/python3.7/site-packages/airflow/example_dags/tutorial.py for tasks to queue
[2023-05-14T05:45:09.255+0000] {logging_mixin.py:137} INFO - [2023-05-14T05:45:09.255+0000] {dagbag.py:532} INFO - Filling up the DagBag from /home/airflow/.local/lib/python3.7/site-packages/airflow/example_dags/tutorial.py
[2023-05-14T05:45:09.267+0000] {processor.py:753} INFO - DAG(s) dict_keys(['tutorial']) retrieved from /home/airflow/.local/lib/python3.7/site-packages/airflow/example_dags/tutorial.py
[2023-05-14T05:45:09.289+0000] {logging_mixin.py:137} INFO - [2023-05-14T05:45:09.289+0000] {dag.py:2705} INFO - Sync 1 DAGs
[2023-05-14T05:45:09.306+0000] {logging_mixin.py:137} INFO - [2023-05-14T05:45:09.306+0000] {dag.py:3456} INFO - Setting next_dagrun for tutorial to 2023-05-13T05:45:09.306359+00:00, run_after=2023-05-14T05:45:09.306359+00:00
[2023-05-14T05:45:09.320+0000] {processor.py:175} INFO - Processing /home/airflow/.local/lib/python3.7/site-packages/airflow/example_dags/tutorial.py took 0.072 seconds
[2023-05-14T05:45:39.603+0000] {processor.py:153} INFO - Started process (PID=9399) to work on /home/airflow/.local/lib/python3.7/site-packages/airflow/example_dags/tutorial.py
[2023-05-14T05:45:39.605+0000] {processor.py:743} INFO - Processing file /home/airflow/.local/lib/python3.7/site-packages/airflow/example_dags/tutorial.py for tasks to queue
[2023-05-14T05:45:39.606+0000] {logging_mixin.py:137} INFO - [2023-05-14T05:45:39.606+0000] {dagbag.py:532} INFO - Filling up the DagBag from /home/airflow/.local/lib/python3.7/site-packages/airflow/example_dags/tutorial.py
[2023-05-14T05:45:39.618+0000] {processor.py:753} INFO - DAG(s) dict_keys(['tutorial']) retrieved from /home/airflow/.local/lib/python3.7/site-packages/airflow/example_dags/tutorial.py
[2023-05-14T05:45:39.643+0000] {logging_mixin.py:137} INFO - [2023-05-14T05:45:39.642+0000] {dag.py:2705} INFO - Sync 1 DAGs
[2023-05-14T05:45:39.663+0000] {logging_mixin.py:137} INFO - [2023-05-14T05:45:39.663+0000] {dag.py:3456} INFO - Setting next_dagrun for tutorial to 2023-05-13T05:45:39.662974+00:00, run_after=2023-05-14T05:45:39.662974+00:00
[2023-05-14T05:45:39.678+0000] {processor.py:175} INFO - Processing /home/airflow/.local/lib/python3.7/site-packages/airflow/example_dags/tutorial.py took 0.079 seconds
[2023-05-14T05:46:09.773+0000] {processor.py:153} INFO - Started process (PID=9628) to work on /home/airflow/.local/lib/python3.7/site-packages/airflow/example_dags/tutorial.py
[2023-05-14T05:46:09.775+0000] {processor.py:743} INFO - Processing file /home/airflow/.local/lib/python3.7/site-packages/airflow/example_dags/tutorial.py for tasks to queue
[2023-05-14T05:46:09.776+0000] {logging_mixin.py:137} INFO - [2023-05-14T05:46:09.776+0000] {dagbag.py:532} INFO - Filling up the DagBag from /home/airflow/.local/lib/python3.7/site-packages/airflow/example_dags/tutorial.py
[2023-05-14T05:46:09.787+0000] {processor.py:753} INFO - DAG(s) dict_keys(['tutorial']) retrieved from /home/airflow/.local/lib/python3.7/site-packages/airflow/example_dags/tutorial.py
[2023-05-14T05:46:09.809+0000] {logging_mixin.py:137} INFO - [2023-05-14T05:46:09.809+0000] {dag.py:2705} INFO - Sync 1 DAGs
[2023-05-14T05:46:09.827+0000] {logging_mixin.py:137} INFO - [2023-05-14T05:46:09.827+0000] {dag.py:3456} INFO - Setting next_dagrun for tutorial to 2023-05-13T05:46:09.826925+00:00, run_after=2023-05-14T05:46:09.826925+00:00
[2023-05-14T05:46:09.839+0000] {processor.py:175} INFO - Processing /home/airflow/.local/lib/python3.7/site-packages/airflow/example_dags/tutorial.py took 0.070 seconds
[2023-05-14T05:46:39.998+0000] {processor.py:153} INFO - Started process (PID=9852) to work on /home/airflow/.local/lib/python3.7/site-packages/airflow/example_dags/tutorial.py
[2023-05-14T05:46:39.999+0000] {processor.py:743} INFO - Processing file /home/airflow/.local/lib/python3.7/site-packages/airflow/example_dags/tutorial.py for tasks to queue
[2023-05-14T05:46:40.001+0000] {logging_mixin.py:137} INFO - [2023-05-14T05:46:40.000+0000] {dagbag.py:532} INFO - Filling up the DagBag from /home/airflow/.local/lib/python3.7/site-packages/airflow/example_dags/tutorial.py
[2023-05-14T05:46:40.011+0000] {processor.py:753} INFO - DAG(s) dict_keys(['tutorial']) retrieved from /home/airflow/.local/lib/python3.7/site-packages/airflow/example_dags/tutorial.py
[2023-05-14T05:46:40.035+0000] {logging_mixin.py:137} INFO - [2023-05-14T05:46:40.035+0000] {dag.py:2705} INFO - Sync 1 DAGs
[2023-05-14T05:46:40.053+0000] {logging_mixin.py:137} INFO - [2023-05-14T05:46:40.053+0000] {dag.py:3456} INFO - Setting next_dagrun for tutorial to 2023-05-13T05:46:40.053293+00:00, run_after=2023-05-14T05:46:40.053293+00:00
[2023-05-14T05:46:40.067+0000] {processor.py:175} INFO - Processing /home/airflow/.local/lib/python3.7/site-packages/airflow/example_dags/tutorial.py took 0.072 seconds
[2023-05-14T05:47:10.289+0000] {processor.py:153} INFO - Started process (PID=10076) to work on /home/airflow/.local/lib/python3.7/site-packages/airflow/example_dags/tutorial.py
[2023-05-14T05:47:10.291+0000] {processor.py:743} INFO - Processing file /home/airflow/.local/lib/python3.7/site-packages/airflow/example_dags/tutorial.py for tasks to queue
[2023-05-14T05:47:10.292+0000] {logging_mixin.py:137} INFO - [2023-05-14T05:47:10.292+0000] {dagbag.py:532} INFO - Filling up the DagBag from /home/airflow/.local/lib/python3.7/site-packages/airflow/example_dags/tutorial.py
[2023-05-14T05:47:10.307+0000] {processor.py:753} INFO - DAG(s) dict_keys(['tutorial']) retrieved from /home/airflow/.local/lib/python3.7/site-packages/airflow/example_dags/tutorial.py
[2023-05-14T05:47:10.330+0000] {logging_mixin.py:137} INFO - [2023-05-14T05:47:10.330+0000] {dag.py:2705} INFO - Sync 1 DAGs
[2023-05-14T05:47:10.346+0000] {logging_mixin.py:137} INFO - [2023-05-14T05:47:10.346+0000] {dag.py:3456} INFO - Setting next_dagrun for tutorial to 2023-05-13T05:47:10.346558+00:00, run_after=2023-05-14T05:47:10.346558+00:00
[2023-05-14T05:47:10.360+0000] {processor.py:175} INFO - Processing /home/airflow/.local/lib/python3.7/site-packages/airflow/example_dags/tutorial.py took 0.075 seconds
[2023-05-14T05:47:40.599+0000] {processor.py:153} INFO - Started process (PID=10299) to work on /home/airflow/.local/lib/python3.7/site-packages/airflow/example_dags/tutorial.py
[2023-05-14T05:47:40.600+0000] {processor.py:743} INFO - Processing file /home/airflow/.local/lib/python3.7/site-packages/airflow/example_dags/tutorial.py for tasks to queue
[2023-05-14T05:47:40.601+0000] {logging_mixin.py:137} INFO - [2023-05-14T05:47:40.601+0000] {dagbag.py:532} INFO - Filling up the DagBag from /home/airflow/.local/lib/python3.7/site-packages/airflow/example_dags/tutorial.py
[2023-05-14T05:47:40.614+0000] {processor.py:753} INFO - DAG(s) dict_keys(['tutorial']) retrieved from /home/airflow/.local/lib/python3.7/site-packages/airflow/example_dags/tutorial.py
[2023-05-14T05:47:40.638+0000] {logging_mixin.py:137} INFO - [2023-05-14T05:47:40.638+0000] {dag.py:2705} INFO - Sync 1 DAGs
[2023-05-14T05:47:40.656+0000] {logging_mixin.py:137} INFO - [2023-05-14T05:47:40.656+0000] {dag.py:3456} INFO - Setting next_dagrun for tutorial to 2023-05-13T05:47:40.655873+00:00, run_after=2023-05-14T05:47:40.655873+00:00
[2023-05-14T05:47:40.669+0000] {processor.py:175} INFO - Processing /home/airflow/.local/lib/python3.7/site-packages/airflow/example_dags/tutorial.py took 0.075 seconds
[2023-05-14T05:48:11.045+0000] {processor.py:153} INFO - Started process (PID=10523) to work on /home/airflow/.local/lib/python3.7/site-packages/airflow/example_dags/tutorial.py
[2023-05-14T05:48:11.046+0000] {processor.py:743} INFO - Processing file /home/airflow/.local/lib/python3.7/site-packages/airflow/example_dags/tutorial.py for tasks to queue
[2023-05-14T05:48:11.063+0000] {logging_mixin.py:137} INFO - [2023-05-14T05:48:11.063+0000] {dagbag.py:532} INFO - Filling up the DagBag from /home/airflow/.local/lib/python3.7/site-packages/airflow/example_dags/tutorial.py
[2023-05-14T05:48:11.076+0000] {processor.py:753} INFO - DAG(s) dict_keys(['tutorial']) retrieved from /home/airflow/.local/lib/python3.7/site-packages/airflow/example_dags/tutorial.py
[2023-05-14T05:48:11.099+0000] {logging_mixin.py:137} INFO - [2023-05-14T05:48:11.099+0000] {dag.py:2705} INFO - Sync 1 DAGs
[2023-05-14T05:48:11.118+0000] {logging_mixin.py:137} INFO - [2023-05-14T05:48:11.118+0000] {dag.py:3456} INFO - Setting next_dagrun for tutorial to 2023-05-13T05:48:11.117810+00:00, run_after=2023-05-14T05:48:11.117810+00:00
[2023-05-14T05:48:11.134+0000] {processor.py:175} INFO - Processing /home/airflow/.local/lib/python3.7/site-packages/airflow/example_dags/tutorial.py took 0.092 seconds
[2023-05-14T05:48:41.467+0000] {processor.py:153} INFO - Started process (PID=10747) to work on /home/airflow/.local/lib/python3.7/site-packages/airflow/example_dags/tutorial.py
[2023-05-14T05:48:41.468+0000] {processor.py:743} INFO - Processing file /home/airflow/.local/lib/python3.7/site-packages/airflow/example_dags/tutorial.py for tasks to queue
[2023-05-14T05:48:41.474+0000] {logging_mixin.py:137} INFO - [2023-05-14T05:48:41.474+0000] {dagbag.py:532} INFO - Filling up the DagBag from /home/airflow/.local/lib/python3.7/site-packages/airflow/example_dags/tutorial.py
[2023-05-14T05:48:41.487+0000] {processor.py:753} INFO - DAG(s) dict_keys(['tutorial']) retrieved from /home/airflow/.local/lib/python3.7/site-packages/airflow/example_dags/tutorial.py
[2023-05-14T05:48:41.511+0000] {logging_mixin.py:137} INFO - [2023-05-14T05:48:41.511+0000] {dag.py:2705} INFO - Sync 1 DAGs
[2023-05-14T05:48:41.529+0000] {logging_mixin.py:137} INFO - [2023-05-14T05:48:41.529+0000] {dag.py:3456} INFO - Setting next_dagrun for tutorial to 2023-05-13T05:48:41.529032+00:00, run_after=2023-05-14T05:48:41.529032+00:00
[2023-05-14T05:48:41.545+0000] {processor.py:175} INFO - Processing /home/airflow/.local/lib/python3.7/site-packages/airflow/example_dags/tutorial.py took 0.082 seconds
[2023-05-14T05:49:11.716+0000] {processor.py:153} INFO - Started process (PID=10971) to work on /home/airflow/.local/lib/python3.7/site-packages/airflow/example_dags/tutorial.py
[2023-05-14T05:49:11.718+0000] {processor.py:743} INFO - Processing file /home/airflow/.local/lib/python3.7/site-packages/airflow/example_dags/tutorial.py for tasks to queue
[2023-05-14T05:49:11.719+0000] {logging_mixin.py:137} INFO - [2023-05-14T05:49:11.719+0000] {dagbag.py:532} INFO - Filling up the DagBag from /home/airflow/.local/lib/python3.7/site-packages/airflow/example_dags/tutorial.py
[2023-05-14T05:49:11.730+0000] {processor.py:753} INFO - DAG(s) dict_keys(['tutorial']) retrieved from /home/airflow/.local/lib/python3.7/site-packages/airflow/example_dags/tutorial.py
[2023-05-14T05:49:11.754+0000] {logging_mixin.py:137} INFO - [2023-05-14T05:49:11.754+0000] {dag.py:2705} INFO - Sync 1 DAGs
[2023-05-14T05:49:11.773+0000] {logging_mixin.py:137} INFO - [2023-05-14T05:49:11.773+0000] {dag.py:3456} INFO - Setting next_dagrun for tutorial to 2023-05-13T05:49:11.773121+00:00, run_after=2023-05-14T05:49:11.773121+00:00
[2023-05-14T05:49:11.788+0000] {processor.py:175} INFO - Processing /home/airflow/.local/lib/python3.7/site-packages/airflow/example_dags/tutorial.py took 0.076 seconds
[2023-05-14T05:49:42.084+0000] {processor.py:153} INFO - Started process (PID=11197) to work on /home/airflow/.local/lib/python3.7/site-packages/airflow/example_dags/tutorial.py
[2023-05-14T05:49:42.087+0000] {processor.py:743} INFO - Processing file /home/airflow/.local/lib/python3.7/site-packages/airflow/example_dags/tutorial.py for tasks to queue
[2023-05-14T05:49:42.088+0000] {logging_mixin.py:137} INFO - [2023-05-14T05:49:42.088+0000] {dagbag.py:532} INFO - Filling up the DagBag from /home/airflow/.local/lib/python3.7/site-packages/airflow/example_dags/tutorial.py
[2023-05-14T05:49:42.107+0000] {processor.py:753} INFO - DAG(s) dict_keys(['tutorial']) retrieved from /home/airflow/.local/lib/python3.7/site-packages/airflow/example_dags/tutorial.py
[2023-05-14T05:49:42.129+0000] {logging_mixin.py:137} INFO - [2023-05-14T05:49:42.129+0000] {dag.py:2705} INFO - Sync 1 DAGs
[2023-05-14T05:49:42.148+0000] {logging_mixin.py:137} INFO - [2023-05-14T05:49:42.148+0000] {dag.py:3456} INFO - Setting next_dagrun for tutorial to 2023-05-13T05:49:42.148393+00:00, run_after=2023-05-14T05:49:42.148393+00:00
[2023-05-14T05:49:42.161+0000] {processor.py:175} INFO - Processing /home/airflow/.local/lib/python3.7/site-packages/airflow/example_dags/tutorial.py took 0.081 seconds
[2023-05-14T05:50:12.246+0000] {processor.py:153} INFO - Started process (PID=11421) to work on /home/airflow/.local/lib/python3.7/site-packages/airflow/example_dags/tutorial.py
[2023-05-14T05:50:12.248+0000] {processor.py:743} INFO - Processing file /home/airflow/.local/lib/python3.7/site-packages/airflow/example_dags/tutorial.py for tasks to queue
[2023-05-14T05:50:12.249+0000] {logging_mixin.py:137} INFO - [2023-05-14T05:50:12.249+0000] {dagbag.py:532} INFO - Filling up the DagBag from /home/airflow/.local/lib/python3.7/site-packages/airflow/example_dags/tutorial.py
[2023-05-14T05:50:12.261+0000] {processor.py:753} INFO - DAG(s) dict_keys(['tutorial']) retrieved from /home/airflow/.local/lib/python3.7/site-packages/airflow/example_dags/tutorial.py
[2023-05-14T05:50:12.286+0000] {logging_mixin.py:137} INFO - [2023-05-14T05:50:12.285+0000] {dag.py:2705} INFO - Sync 1 DAGs
[2023-05-14T05:50:12.303+0000] {logging_mixin.py:137} INFO - [2023-05-14T05:50:12.303+0000] {dag.py:3456} INFO - Setting next_dagrun for tutorial to 2023-05-13T05:50:12.303110+00:00, run_after=2023-05-14T05:50:12.303110+00:00
[2023-05-14T05:50:12.316+0000] {processor.py:175} INFO - Processing /home/airflow/.local/lib/python3.7/site-packages/airflow/example_dags/tutorial.py took 0.074 seconds
[2023-05-14T05:50:42.691+0000] {processor.py:153} INFO - Started process (PID=11645) to work on /home/airflow/.local/lib/python3.7/site-packages/airflow/example_dags/tutorial.py
[2023-05-14T05:50:42.693+0000] {processor.py:743} INFO - Processing file /home/airflow/.local/lib/python3.7/site-packages/airflow/example_dags/tutorial.py for tasks to queue
[2023-05-14T05:50:42.694+0000] {logging_mixin.py:137} INFO - [2023-05-14T05:50:42.694+0000] {dagbag.py:532} INFO - Filling up the DagBag from /home/airflow/.local/lib/python3.7/site-packages/airflow/example_dags/tutorial.py
[2023-05-14T05:50:42.708+0000] {processor.py:753} INFO - DAG(s) dict_keys(['tutorial']) retrieved from /home/airflow/.local/lib/python3.7/site-packages/airflow/example_dags/tutorial.py
[2023-05-14T05:50:42.747+0000] {logging_mixin.py:137} INFO - [2023-05-14T05:50:42.747+0000] {dag.py:2705} INFO - Sync 1 DAGs
[2023-05-14T05:50:42.766+0000] {logging_mixin.py:137} INFO - [2023-05-14T05:50:42.766+0000] {dag.py:3456} INFO - Setting next_dagrun for tutorial to 2023-05-13T05:50:42.765692+00:00, run_after=2023-05-14T05:50:42.765692+00:00
[2023-05-14T05:50:42.780+0000] {processor.py:175} INFO - Processing /home/airflow/.local/lib/python3.7/site-packages/airflow/example_dags/tutorial.py took 0.094 seconds
[2023-05-14T05:51:13.063+0000] {processor.py:153} INFO - Started process (PID=11869) to work on /home/airflow/.local/lib/python3.7/site-packages/airflow/example_dags/tutorial.py
[2023-05-14T05:51:13.066+0000] {processor.py:743} INFO - Processing file /home/airflow/.local/lib/python3.7/site-packages/airflow/example_dags/tutorial.py for tasks to queue
[2023-05-14T05:51:13.068+0000] {logging_mixin.py:137} INFO - [2023-05-14T05:51:13.068+0000] {dagbag.py:532} INFO - Filling up the DagBag from /home/airflow/.local/lib/python3.7/site-packages/airflow/example_dags/tutorial.py
[2023-05-14T05:51:13.085+0000] {processor.py:753} INFO - DAG(s) dict_keys(['tutorial']) retrieved from /home/airflow/.local/lib/python3.7/site-packages/airflow/example_dags/tutorial.py
[2023-05-14T05:51:13.110+0000] {logging_mixin.py:137} INFO - [2023-05-14T05:51:13.110+0000] {dag.py:2705} INFO - Sync 1 DAGs
[2023-05-14T05:51:13.129+0000] {logging_mixin.py:137} INFO - [2023-05-14T05:51:13.129+0000] {dag.py:3456} INFO - Setting next_dagrun for tutorial to 2023-05-13T05:51:13.128702+00:00, run_after=2023-05-14T05:51:13.128702+00:00
[2023-05-14T05:51:13.142+0000] {processor.py:175} INFO - Processing /home/airflow/.local/lib/python3.7/site-packages/airflow/example_dags/tutorial.py took 0.083 seconds
[2023-05-14T05:51:43.408+0000] {processor.py:153} INFO - Started process (PID=12093) to work on /home/airflow/.local/lib/python3.7/site-packages/airflow/example_dags/tutorial.py
[2023-05-14T05:51:43.410+0000] {processor.py:743} INFO - Processing file /home/airflow/.local/lib/python3.7/site-packages/airflow/example_dags/tutorial.py for tasks to queue
[2023-05-14T05:51:43.427+0000] {logging_mixin.py:137} INFO - [2023-05-14T05:51:43.427+0000] {dagbag.py:532} INFO - Filling up the DagBag from /home/airflow/.local/lib/python3.7/site-packages/airflow/example_dags/tutorial.py
[2023-05-14T05:51:43.440+0000] {processor.py:753} INFO - DAG(s) dict_keys(['tutorial']) retrieved from /home/airflow/.local/lib/python3.7/site-packages/airflow/example_dags/tutorial.py
[2023-05-14T05:51:43.464+0000] {logging_mixin.py:137} INFO - [2023-05-14T05:51:43.464+0000] {dag.py:2705} INFO - Sync 1 DAGs
[2023-05-14T05:51:43.481+0000] {logging_mixin.py:137} INFO - [2023-05-14T05:51:43.481+0000] {dag.py:3456} INFO - Setting next_dagrun for tutorial to 2023-05-13T05:51:43.480894+00:00, run_after=2023-05-14T05:51:43.480894+00:00
[2023-05-14T05:51:43.495+0000] {processor.py:175} INFO - Processing /home/airflow/.local/lib/python3.7/site-packages/airflow/example_dags/tutorial.py took 0.090 seconds
[2023-05-14T05:52:13.669+0000] {processor.py:153} INFO - Started process (PID=12316) to work on /home/airflow/.local/lib/python3.7/site-packages/airflow/example_dags/tutorial.py
[2023-05-14T05:52:13.670+0000] {processor.py:743} INFO - Processing file /home/airflow/.local/lib/python3.7/site-packages/airflow/example_dags/tutorial.py for tasks to queue
[2023-05-14T05:52:13.671+0000] {logging_mixin.py:137} INFO - [2023-05-14T05:52:13.671+0000] {dagbag.py:532} INFO - Filling up the DagBag from /home/airflow/.local/lib/python3.7/site-packages/airflow/example_dags/tutorial.py
[2023-05-14T05:52:13.683+0000] {processor.py:753} INFO - DAG(s) dict_keys(['tutorial']) retrieved from /home/airflow/.local/lib/python3.7/site-packages/airflow/example_dags/tutorial.py
[2023-05-14T05:52:13.706+0000] {logging_mixin.py:137} INFO - [2023-05-14T05:52:13.705+0000] {dag.py:2705} INFO - Sync 1 DAGs
[2023-05-14T05:52:13.723+0000] {logging_mixin.py:137} INFO - [2023-05-14T05:52:13.723+0000] {dag.py:3456} INFO - Setting next_dagrun for tutorial to 2023-05-13T05:52:13.723086+00:00, run_after=2023-05-14T05:52:13.723086+00:00
[2023-05-14T05:52:13.737+0000] {processor.py:175} INFO - Processing /home/airflow/.local/lib/python3.7/site-packages/airflow/example_dags/tutorial.py took 0.073 seconds
[2023-05-14T05:52:44.046+0000] {processor.py:153} INFO - Started process (PID=12537) to work on /home/airflow/.local/lib/python3.7/site-packages/airflow/example_dags/tutorial.py
[2023-05-14T05:52:44.047+0000] {processor.py:743} INFO - Processing file /home/airflow/.local/lib/python3.7/site-packages/airflow/example_dags/tutorial.py for tasks to queue
[2023-05-14T05:52:44.049+0000] {logging_mixin.py:137} INFO - [2023-05-14T05:52:44.049+0000] {dagbag.py:532} INFO - Filling up the DagBag from /home/airflow/.local/lib/python3.7/site-packages/airflow/example_dags/tutorial.py
[2023-05-14T05:52:44.060+0000] {processor.py:753} INFO - DAG(s) dict_keys(['tutorial']) retrieved from /home/airflow/.local/lib/python3.7/site-packages/airflow/example_dags/tutorial.py
[2023-05-14T05:52:44.086+0000] {logging_mixin.py:137} INFO - [2023-05-14T05:52:44.086+0000] {dag.py:2705} INFO - Sync 1 DAGs
[2023-05-14T05:52:44.102+0000] {logging_mixin.py:137} INFO - [2023-05-14T05:52:44.102+0000] {dag.py:3456} INFO - Setting next_dagrun for tutorial to 2023-05-13T05:52:44.102389+00:00, run_after=2023-05-14T05:52:44.102389+00:00
[2023-05-14T05:52:44.114+0000] {processor.py:175} INFO - Processing /home/airflow/.local/lib/python3.7/site-packages/airflow/example_dags/tutorial.py took 0.071 seconds
[2023-05-14T05:53:14.470+0000] {processor.py:153} INFO - Started process (PID=12764) to work on /home/airflow/.local/lib/python3.7/site-packages/airflow/example_dags/tutorial.py
[2023-05-14T05:53:14.472+0000] {processor.py:743} INFO - Processing file /home/airflow/.local/lib/python3.7/site-packages/airflow/example_dags/tutorial.py for tasks to queue
[2023-05-14T05:53:14.473+0000] {logging_mixin.py:137} INFO - [2023-05-14T05:53:14.473+0000] {dagbag.py:532} INFO - Filling up the DagBag from /home/airflow/.local/lib/python3.7/site-packages/airflow/example_dags/tutorial.py
[2023-05-14T05:53:14.484+0000] {processor.py:753} INFO - DAG(s) dict_keys(['tutorial']) retrieved from /home/airflow/.local/lib/python3.7/site-packages/airflow/example_dags/tutorial.py
[2023-05-14T05:53:14.510+0000] {logging_mixin.py:137} INFO - [2023-05-14T05:53:14.510+0000] {dag.py:2705} INFO - Sync 1 DAGs
[2023-05-14T05:53:14.532+0000] {logging_mixin.py:137} INFO - [2023-05-14T05:53:14.532+0000] {dag.py:3456} INFO - Setting next_dagrun for tutorial to 2023-05-13T05:53:14.531668+00:00, run_after=2023-05-14T05:53:14.531668+00:00
[2023-05-14T05:53:14.546+0000] {processor.py:175} INFO - Processing /home/airflow/.local/lib/python3.7/site-packages/airflow/example_dags/tutorial.py took 0.080 seconds
[2023-05-14T05:53:44.655+0000] {processor.py:153} INFO - Started process (PID=12989) to work on /home/airflow/.local/lib/python3.7/site-packages/airflow/example_dags/tutorial.py
[2023-05-14T05:53:44.668+0000] {processor.py:743} INFO - Processing file /home/airflow/.local/lib/python3.7/site-packages/airflow/example_dags/tutorial.py for tasks to queue
[2023-05-14T05:53:44.670+0000] {logging_mixin.py:137} INFO - [2023-05-14T05:53:44.670+0000] {dagbag.py:532} INFO - Filling up the DagBag from /home/airflow/.local/lib/python3.7/site-packages/airflow/example_dags/tutorial.py
[2023-05-14T05:53:44.681+0000] {processor.py:753} INFO - DAG(s) dict_keys(['tutorial']) retrieved from /home/airflow/.local/lib/python3.7/site-packages/airflow/example_dags/tutorial.py
[2023-05-14T05:53:44.705+0000] {logging_mixin.py:137} INFO - [2023-05-14T05:53:44.705+0000] {dag.py:2705} INFO - Sync 1 DAGs
[2023-05-14T05:53:44.722+0000] {logging_mixin.py:137} INFO - [2023-05-14T05:53:44.722+0000] {dag.py:3456} INFO - Setting next_dagrun for tutorial to 2023-05-13T05:53:44.722326+00:00, run_after=2023-05-14T05:53:44.722326+00:00
[2023-05-14T05:53:44.735+0000] {processor.py:175} INFO - Processing /home/airflow/.local/lib/python3.7/site-packages/airflow/example_dags/tutorial.py took 0.085 seconds
[2023-05-14T05:54:14.992+0000] {processor.py:153} INFO - Started process (PID=13213) to work on /home/airflow/.local/lib/python3.7/site-packages/airflow/example_dags/tutorial.py
[2023-05-14T05:54:14.994+0000] {processor.py:743} INFO - Processing file /home/airflow/.local/lib/python3.7/site-packages/airflow/example_dags/tutorial.py for tasks to queue
[2023-05-14T05:54:14.995+0000] {logging_mixin.py:137} INFO - [2023-05-14T05:54:14.995+0000] {dagbag.py:532} INFO - Filling up the DagBag from /home/airflow/.local/lib/python3.7/site-packages/airflow/example_dags/tutorial.py
[2023-05-14T05:54:15.006+0000] {processor.py:753} INFO - DAG(s) dict_keys(['tutorial']) retrieved from /home/airflow/.local/lib/python3.7/site-packages/airflow/example_dags/tutorial.py
[2023-05-14T05:54:15.030+0000] {logging_mixin.py:137} INFO - [2023-05-14T05:54:15.030+0000] {dag.py:2705} INFO - Sync 1 DAGs
[2023-05-14T05:54:15.048+0000] {logging_mixin.py:137} INFO - [2023-05-14T05:54:15.048+0000] {dag.py:3456} INFO - Setting next_dagrun for tutorial to 2023-05-13T05:54:15.047922+00:00, run_after=2023-05-14T05:54:15.047922+00:00
[2023-05-14T05:54:15.061+0000] {processor.py:175} INFO - Processing /home/airflow/.local/lib/python3.7/site-packages/airflow/example_dags/tutorial.py took 0.072 seconds
[2023-05-14T05:54:45.292+0000] {processor.py:153} INFO - Started process (PID=13438) to work on /home/airflow/.local/lib/python3.7/site-packages/airflow/example_dags/tutorial.py
[2023-05-14T05:54:45.293+0000] {processor.py:743} INFO - Processing file /home/airflow/.local/lib/python3.7/site-packages/airflow/example_dags/tutorial.py for tasks to queue
[2023-05-14T05:54:45.295+0000] {logging_mixin.py:137} INFO - [2023-05-14T05:54:45.294+0000] {dagbag.py:532} INFO - Filling up the DagBag from /home/airflow/.local/lib/python3.7/site-packages/airflow/example_dags/tutorial.py
[2023-05-14T05:54:45.307+0000] {processor.py:753} INFO - DAG(s) dict_keys(['tutorial']) retrieved from /home/airflow/.local/lib/python3.7/site-packages/airflow/example_dags/tutorial.py
[2023-05-14T05:54:45.331+0000] {logging_mixin.py:137} INFO - [2023-05-14T05:54:45.330+0000] {dag.py:2705} INFO - Sync 1 DAGs
[2023-05-14T05:54:45.350+0000] {logging_mixin.py:137} INFO - [2023-05-14T05:54:45.350+0000] {dag.py:3456} INFO - Setting next_dagrun for tutorial to 2023-05-13T05:54:45.350407+00:00, run_after=2023-05-14T05:54:45.350407+00:00
[2023-05-14T05:54:45.365+0000] {processor.py:175} INFO - Processing /home/airflow/.local/lib/python3.7/site-packages/airflow/example_dags/tutorial.py took 0.076 seconds
[2023-05-14T05:55:15.746+0000] {processor.py:153} INFO - Started process (PID=13662) to work on /home/airflow/.local/lib/python3.7/site-packages/airflow/example_dags/tutorial.py
[2023-05-14T05:55:15.748+0000] {processor.py:743} INFO - Processing file /home/airflow/.local/lib/python3.7/site-packages/airflow/example_dags/tutorial.py for tasks to queue
[2023-05-14T05:55:15.749+0000] {logging_mixin.py:137} INFO - [2023-05-14T05:55:15.749+0000] {dagbag.py:532} INFO - Filling up the DagBag from /home/airflow/.local/lib/python3.7/site-packages/airflow/example_dags/tutorial.py
[2023-05-14T05:55:15.761+0000] {processor.py:753} INFO - DAG(s) dict_keys(['tutorial']) retrieved from /home/airflow/.local/lib/python3.7/site-packages/airflow/example_dags/tutorial.py
[2023-05-14T05:55:15.786+0000] {logging_mixin.py:137} INFO - [2023-05-14T05:55:15.786+0000] {dag.py:2705} INFO - Sync 1 DAGs
[2023-05-14T05:55:15.809+0000] {logging_mixin.py:137} INFO - [2023-05-14T05:55:15.809+0000] {dag.py:3456} INFO - Setting next_dagrun for tutorial to 2023-05-13T05:55:15.809127+00:00, run_after=2023-05-14T05:55:15.809127+00:00
[2023-05-14T05:55:15.825+0000] {processor.py:175} INFO - Processing /home/airflow/.local/lib/python3.7/site-packages/airflow/example_dags/tutorial.py took 0.082 seconds
[2023-05-14T05:55:46.044+0000] {processor.py:153} INFO - Started process (PID=13883) to work on /home/airflow/.local/lib/python3.7/site-packages/airflow/example_dags/tutorial.py
[2023-05-14T05:55:46.046+0000] {processor.py:743} INFO - Processing file /home/airflow/.local/lib/python3.7/site-packages/airflow/example_dags/tutorial.py for tasks to queue
[2023-05-14T05:55:46.047+0000] {logging_mixin.py:137} INFO - [2023-05-14T05:55:46.047+0000] {dagbag.py:532} INFO - Filling up the DagBag from /home/airflow/.local/lib/python3.7/site-packages/airflow/example_dags/tutorial.py
[2023-05-14T05:55:46.058+0000] {processor.py:753} INFO - DAG(s) dict_keys(['tutorial']) retrieved from /home/airflow/.local/lib/python3.7/site-packages/airflow/example_dags/tutorial.py
[2023-05-14T05:55:46.084+0000] {logging_mixin.py:137} INFO - [2023-05-14T05:55:46.084+0000] {dag.py:2705} INFO - Sync 1 DAGs
[2023-05-14T05:55:46.102+0000] {logging_mixin.py:137} INFO - [2023-05-14T05:55:46.102+0000] {dag.py:3456} INFO - Setting next_dagrun for tutorial to 2023-05-13T05:55:46.102214+00:00, run_after=2023-05-14T05:55:46.102214+00:00
[2023-05-14T05:55:46.117+0000] {processor.py:175} INFO - Processing /home/airflow/.local/lib/python3.7/site-packages/airflow/example_dags/tutorial.py took 0.075 seconds
[2023-05-14T05:56:16.283+0000] {processor.py:153} INFO - Started process (PID=14105) to work on /home/airflow/.local/lib/python3.7/site-packages/airflow/example_dags/tutorial.py
[2023-05-14T05:56:16.285+0000] {processor.py:743} INFO - Processing file /home/airflow/.local/lib/python3.7/site-packages/airflow/example_dags/tutorial.py for tasks to queue
[2023-05-14T05:56:16.287+0000] {logging_mixin.py:137} INFO - [2023-05-14T05:56:16.287+0000] {dagbag.py:532} INFO - Filling up the DagBag from /home/airflow/.local/lib/python3.7/site-packages/airflow/example_dags/tutorial.py
[2023-05-14T05:56:16.297+0000] {processor.py:753} INFO - DAG(s) dict_keys(['tutorial']) retrieved from /home/airflow/.local/lib/python3.7/site-packages/airflow/example_dags/tutorial.py
[2023-05-14T05:56:16.327+0000] {logging_mixin.py:137} INFO - [2023-05-14T05:56:16.327+0000] {dag.py:2705} INFO - Sync 1 DAGs
[2023-05-14T05:56:16.346+0000] {logging_mixin.py:137} INFO - [2023-05-14T05:56:16.346+0000] {dag.py:3456} INFO - Setting next_dagrun for tutorial to 2023-05-13T05:56:16.346466+00:00, run_after=2023-05-14T05:56:16.346466+00:00
[2023-05-14T05:56:16.363+0000] {processor.py:175} INFO - Processing /home/airflow/.local/lib/python3.7/site-packages/airflow/example_dags/tutorial.py took 0.082 seconds
[2023-05-14T05:56:46.978+0000] {processor.py:153} INFO - Started process (PID=14331) to work on /home/airflow/.local/lib/python3.7/site-packages/airflow/example_dags/tutorial.py
[2023-05-14T05:56:46.980+0000] {processor.py:743} INFO - Processing file /home/airflow/.local/lib/python3.7/site-packages/airflow/example_dags/tutorial.py for tasks to queue
[2023-05-14T05:56:46.982+0000] {logging_mixin.py:137} INFO - [2023-05-14T05:56:46.982+0000] {dagbag.py:532} INFO - Filling up the DagBag from /home/airflow/.local/lib/python3.7/site-packages/airflow/example_dags/tutorial.py
[2023-05-14T05:56:46.994+0000] {processor.py:753} INFO - DAG(s) dict_keys(['tutorial']) retrieved from /home/airflow/.local/lib/python3.7/site-packages/airflow/example_dags/tutorial.py
[2023-05-14T05:56:47.023+0000] {logging_mixin.py:137} INFO - [2023-05-14T05:56:47.022+0000] {dag.py:2705} INFO - Sync 1 DAGs
[2023-05-14T05:56:47.042+0000] {logging_mixin.py:137} INFO - [2023-05-14T05:56:47.042+0000] {dag.py:3456} INFO - Setting next_dagrun for tutorial to 2023-05-13T05:56:47.042210+00:00, run_after=2023-05-14T05:56:47.042210+00:00
[2023-05-14T05:56:47.056+0000] {processor.py:175} INFO - Processing /home/airflow/.local/lib/python3.7/site-packages/airflow/example_dags/tutorial.py took 0.083 seconds
[2023-05-14T05:57:17.877+0000] {processor.py:153} INFO - Started process (PID=14556) to work on /home/airflow/.local/lib/python3.7/site-packages/airflow/example_dags/tutorial.py
[2023-05-14T05:57:17.879+0000] {processor.py:743} INFO - Processing file /home/airflow/.local/lib/python3.7/site-packages/airflow/example_dags/tutorial.py for tasks to queue
[2023-05-14T05:57:17.881+0000] {logging_mixin.py:137} INFO - [2023-05-14T05:57:17.881+0000] {dagbag.py:532} INFO - Filling up the DagBag from /home/airflow/.local/lib/python3.7/site-packages/airflow/example_dags/tutorial.py
[2023-05-14T05:57:17.892+0000] {processor.py:753} INFO - DAG(s) dict_keys(['tutorial']) retrieved from /home/airflow/.local/lib/python3.7/site-packages/airflow/example_dags/tutorial.py
[2023-05-14T05:57:17.926+0000] {logging_mixin.py:137} INFO - [2023-05-14T05:57:17.926+0000] {dag.py:2705} INFO - Sync 1 DAGs
[2023-05-14T05:57:17.947+0000] {logging_mixin.py:137} INFO - [2023-05-14T05:57:17.946+0000] {dag.py:3456} INFO - Setting next_dagrun for tutorial to 2023-05-13T05:57:17.946344+00:00, run_after=2023-05-14T05:57:17.946344+00:00
[2023-05-14T05:57:17.963+0000] {processor.py:175} INFO - Processing /home/airflow/.local/lib/python3.7/site-packages/airflow/example_dags/tutorial.py took 0.091 seconds
[2023-05-14T05:57:48.284+0000] {processor.py:153} INFO - Started process (PID=14780) to work on /home/airflow/.local/lib/python3.7/site-packages/airflow/example_dags/tutorial.py
[2023-05-14T05:57:48.286+0000] {processor.py:743} INFO - Processing file /home/airflow/.local/lib/python3.7/site-packages/airflow/example_dags/tutorial.py for tasks to queue
[2023-05-14T05:57:48.288+0000] {logging_mixin.py:137} INFO - [2023-05-14T05:57:48.288+0000] {dagbag.py:532} INFO - Filling up the DagBag from /home/airflow/.local/lib/python3.7/site-packages/airflow/example_dags/tutorial.py
[2023-05-14T05:57:48.304+0000] {processor.py:753} INFO - DAG(s) dict_keys(['tutorial']) retrieved from /home/airflow/.local/lib/python3.7/site-packages/airflow/example_dags/tutorial.py
[2023-05-14T05:57:48.330+0000] {logging_mixin.py:137} INFO - [2023-05-14T05:57:48.330+0000] {dag.py:2705} INFO - Sync 1 DAGs
[2023-05-14T05:57:48.360+0000] {logging_mixin.py:137} INFO - [2023-05-14T05:57:48.360+0000] {dag.py:3456} INFO - Setting next_dagrun for tutorial to 2023-05-13T05:57:48.360030+00:00, run_after=2023-05-14T05:57:48.360030+00:00
[2023-05-14T05:57:48.378+0000] {processor.py:175} INFO - Processing /home/airflow/.local/lib/python3.7/site-packages/airflow/example_dags/tutorial.py took 0.096 seconds
[2023-05-14T05:58:18.743+0000] {processor.py:153} INFO - Started process (PID=15004) to work on /home/airflow/.local/lib/python3.7/site-packages/airflow/example_dags/tutorial.py
[2023-05-14T05:58:18.745+0000] {processor.py:743} INFO - Processing file /home/airflow/.local/lib/python3.7/site-packages/airflow/example_dags/tutorial.py for tasks to queue
[2023-05-14T05:58:18.746+0000] {logging_mixin.py:137} INFO - [2023-05-14T05:58:18.746+0000] {dagbag.py:532} INFO - Filling up the DagBag from /home/airflow/.local/lib/python3.7/site-packages/airflow/example_dags/tutorial.py
[2023-05-14T05:58:18.758+0000] {processor.py:753} INFO - DAG(s) dict_keys(['tutorial']) retrieved from /home/airflow/.local/lib/python3.7/site-packages/airflow/example_dags/tutorial.py
[2023-05-14T05:58:18.787+0000] {logging_mixin.py:137} INFO - [2023-05-14T05:58:18.786+0000] {dag.py:2705} INFO - Sync 1 DAGs
[2023-05-14T05:58:18.806+0000] {logging_mixin.py:137} INFO - [2023-05-14T05:58:18.806+0000] {dag.py:3456} INFO - Setting next_dagrun for tutorial to 2023-05-13T05:58:18.805766+00:00, run_after=2023-05-14T05:58:18.805766+00:00
[2023-05-14T05:58:18.819+0000] {processor.py:175} INFO - Processing /home/airflow/.local/lib/python3.7/site-packages/airflow/example_dags/tutorial.py took 0.079 seconds
[2023-05-14T05:58:48.960+0000] {processor.py:153} INFO - Started process (PID=15228) to work on /home/airflow/.local/lib/python3.7/site-packages/airflow/example_dags/tutorial.py
[2023-05-14T05:58:48.962+0000] {processor.py:743} INFO - Processing file /home/airflow/.local/lib/python3.7/site-packages/airflow/example_dags/tutorial.py for tasks to queue
[2023-05-14T05:58:48.963+0000] {logging_mixin.py:137} INFO - [2023-05-14T05:58:48.963+0000] {dagbag.py:532} INFO - Filling up the DagBag from /home/airflow/.local/lib/python3.7/site-packages/airflow/example_dags/tutorial.py
[2023-05-14T05:58:48.974+0000] {processor.py:753} INFO - DAG(s) dict_keys(['tutorial']) retrieved from /home/airflow/.local/lib/python3.7/site-packages/airflow/example_dags/tutorial.py
[2023-05-14T05:58:49.003+0000] {logging_mixin.py:137} INFO - [2023-05-14T05:58:49.003+0000] {dag.py:2705} INFO - Sync 1 DAGs
[2023-05-14T05:58:49.025+0000] {logging_mixin.py:137} INFO - [2023-05-14T05:58:49.025+0000] {dag.py:3456} INFO - Setting next_dagrun for tutorial to 2023-05-13T05:58:49.025343+00:00, run_after=2023-05-14T05:58:49.025343+00:00
[2023-05-14T05:58:49.038+0000] {processor.py:175} INFO - Processing /home/airflow/.local/lib/python3.7/site-packages/airflow/example_dags/tutorial.py took 0.081 seconds
[2023-05-14T05:59:19.291+0000] {processor.py:153} INFO - Started process (PID=15452) to work on /home/airflow/.local/lib/python3.7/site-packages/airflow/example_dags/tutorial.py
[2023-05-14T05:59:19.292+0000] {processor.py:743} INFO - Processing file /home/airflow/.local/lib/python3.7/site-packages/airflow/example_dags/tutorial.py for tasks to queue
[2023-05-14T05:59:19.293+0000] {logging_mixin.py:137} INFO - [2023-05-14T05:59:19.293+0000] {dagbag.py:532} INFO - Filling up the DagBag from /home/airflow/.local/lib/python3.7/site-packages/airflow/example_dags/tutorial.py
[2023-05-14T05:59:19.305+0000] {processor.py:753} INFO - DAG(s) dict_keys(['tutorial']) retrieved from /home/airflow/.local/lib/python3.7/site-packages/airflow/example_dags/tutorial.py
[2023-05-14T05:59:19.333+0000] {logging_mixin.py:137} INFO - [2023-05-14T05:59:19.333+0000] {dag.py:2705} INFO - Sync 1 DAGs
[2023-05-14T05:59:19.362+0000] {logging_mixin.py:137} INFO - [2023-05-14T05:59:19.362+0000] {dag.py:3456} INFO - Setting next_dagrun for tutorial to 2023-05-13T05:59:19.362138+00:00, run_after=2023-05-14T05:59:19.362138+00:00
[2023-05-14T05:59:19.375+0000] {processor.py:175} INFO - Processing /home/airflow/.local/lib/python3.7/site-packages/airflow/example_dags/tutorial.py took 0.087 seconds
[2023-05-14T05:59:49.712+0000] {processor.py:153} INFO - Started process (PID=15673) to work on /home/airflow/.local/lib/python3.7/site-packages/airflow/example_dags/tutorial.py
[2023-05-14T05:59:49.714+0000] {processor.py:743} INFO - Processing file /home/airflow/.local/lib/python3.7/site-packages/airflow/example_dags/tutorial.py for tasks to queue
[2023-05-14T05:59:49.715+0000] {logging_mixin.py:137} INFO - [2023-05-14T05:59:49.715+0000] {dagbag.py:532} INFO - Filling up the DagBag from /home/airflow/.local/lib/python3.7/site-packages/airflow/example_dags/tutorial.py
[2023-05-14T05:59:49.725+0000] {processor.py:753} INFO - DAG(s) dict_keys(['tutorial']) retrieved from /home/airflow/.local/lib/python3.7/site-packages/airflow/example_dags/tutorial.py
[2023-05-14T05:59:49.750+0000] {logging_mixin.py:137} INFO - [2023-05-14T05:59:49.749+0000] {dag.py:2705} INFO - Sync 1 DAGs
[2023-05-14T05:59:49.765+0000] {logging_mixin.py:137} INFO - [2023-05-14T05:59:49.765+0000] {dag.py:3456} INFO - Setting next_dagrun for tutorial to 2023-05-13T05:59:49.765061+00:00, run_after=2023-05-14T05:59:49.765061+00:00
[2023-05-14T05:59:49.776+0000] {processor.py:175} INFO - Processing /home/airflow/.local/lib/python3.7/site-packages/airflow/example_dags/tutorial.py took 0.068 seconds
[2023-05-14T06:00:20.022+0000] {processor.py:153} INFO - Started process (PID=15900) to work on /home/airflow/.local/lib/python3.7/site-packages/airflow/example_dags/tutorial.py
[2023-05-14T06:00:20.025+0000] {processor.py:743} INFO - Processing file /home/airflow/.local/lib/python3.7/site-packages/airflow/example_dags/tutorial.py for tasks to queue
[2023-05-14T06:00:20.026+0000] {logging_mixin.py:137} INFO - [2023-05-14T06:00:20.026+0000] {dagbag.py:532} INFO - Filling up the DagBag from /home/airflow/.local/lib/python3.7/site-packages/airflow/example_dags/tutorial.py
[2023-05-14T06:00:20.037+0000] {processor.py:753} INFO - DAG(s) dict_keys(['tutorial']) retrieved from /home/airflow/.local/lib/python3.7/site-packages/airflow/example_dags/tutorial.py
[2023-05-14T06:00:20.064+0000] {logging_mixin.py:137} INFO - [2023-05-14T06:00:20.063+0000] {dag.py:2705} INFO - Sync 1 DAGs
[2023-05-14T06:00:20.082+0000] {logging_mixin.py:137} INFO - [2023-05-14T06:00:20.082+0000] {dag.py:3456} INFO - Setting next_dagrun for tutorial to 2023-05-13T06:00:20.081959+00:00, run_after=2023-05-14T06:00:20.081959+00:00
[2023-05-14T06:00:20.095+0000] {processor.py:175} INFO - Processing /home/airflow/.local/lib/python3.7/site-packages/airflow/example_dags/tutorial.py took 0.075 seconds
[2023-05-14T06:00:50.599+0000] {processor.py:153} INFO - Started process (PID=16126) to work on /home/airflow/.local/lib/python3.7/site-packages/airflow/example_dags/tutorial.py
[2023-05-14T06:00:50.602+0000] {processor.py:743} INFO - Processing file /home/airflow/.local/lib/python3.7/site-packages/airflow/example_dags/tutorial.py for tasks to queue
[2023-05-14T06:00:50.603+0000] {logging_mixin.py:137} INFO - [2023-05-14T06:00:50.603+0000] {dagbag.py:532} INFO - Filling up the DagBag from /home/airflow/.local/lib/python3.7/site-packages/airflow/example_dags/tutorial.py
[2023-05-14T06:00:50.617+0000] {processor.py:753} INFO - DAG(s) dict_keys(['tutorial']) retrieved from /home/airflow/.local/lib/python3.7/site-packages/airflow/example_dags/tutorial.py
[2023-05-14T06:00:50.639+0000] {logging_mixin.py:137} INFO - [2023-05-14T06:00:50.639+0000] {dag.py:2705} INFO - Sync 1 DAGs
[2023-05-14T06:00:50.656+0000] {logging_mixin.py:137} INFO - [2023-05-14T06:00:50.656+0000] {dag.py:3456} INFO - Setting next_dagrun for tutorial to 2023-05-13T06:00:50.656130+00:00, run_after=2023-05-14T06:00:50.656130+00:00
[2023-05-14T06:00:50.670+0000] {processor.py:175} INFO - Processing /home/airflow/.local/lib/python3.7/site-packages/airflow/example_dags/tutorial.py took 0.074 seconds
[2023-05-14T06:01:21.422+0000] {processor.py:153} INFO - Started process (PID=16352) to work on /home/airflow/.local/lib/python3.7/site-packages/airflow/example_dags/tutorial.py
[2023-05-14T06:01:21.424+0000] {processor.py:743} INFO - Processing file /home/airflow/.local/lib/python3.7/site-packages/airflow/example_dags/tutorial.py for tasks to queue
[2023-05-14T06:01:21.426+0000] {logging_mixin.py:137} INFO - [2023-05-14T06:01:21.425+0000] {dagbag.py:532} INFO - Filling up the DagBag from /home/airflow/.local/lib/python3.7/site-packages/airflow/example_dags/tutorial.py
[2023-05-14T06:01:21.443+0000] {processor.py:753} INFO - DAG(s) dict_keys(['tutorial']) retrieved from /home/airflow/.local/lib/python3.7/site-packages/airflow/example_dags/tutorial.py
[2023-05-14T06:01:21.479+0000] {logging_mixin.py:137} INFO - [2023-05-14T06:01:21.479+0000] {dag.py:2705} INFO - Sync 1 DAGs
[2023-05-14T06:01:21.506+0000] {logging_mixin.py:137} INFO - [2023-05-14T06:01:21.506+0000] {dag.py:3456} INFO - Setting next_dagrun for tutorial to 2023-05-13T06:01:21.505751+00:00, run_after=2023-05-14T06:01:21.505751+00:00
[2023-05-14T06:01:21.524+0000] {processor.py:175} INFO - Processing /home/airflow/.local/lib/python3.7/site-packages/airflow/example_dags/tutorial.py took 0.106 seconds
[2023-05-14T06:01:51.990+0000] {processor.py:153} INFO - Started process (PID=16578) to work on /home/airflow/.local/lib/python3.7/site-packages/airflow/example_dags/tutorial.py
[2023-05-14T06:01:51.993+0000] {processor.py:743} INFO - Processing file /home/airflow/.local/lib/python3.7/site-packages/airflow/example_dags/tutorial.py for tasks to queue
[2023-05-14T06:01:51.994+0000] {logging_mixin.py:137} INFO - [2023-05-14T06:01:51.994+0000] {dagbag.py:532} INFO - Filling up the DagBag from /home/airflow/.local/lib/python3.7/site-packages/airflow/example_dags/tutorial.py
[2023-05-14T06:01:52.024+0000] {processor.py:753} INFO - DAG(s) dict_keys(['tutorial']) retrieved from /home/airflow/.local/lib/python3.7/site-packages/airflow/example_dags/tutorial.py
[2023-05-14T06:01:52.047+0000] {logging_mixin.py:137} INFO - [2023-05-14T06:01:52.047+0000] {dag.py:2705} INFO - Sync 1 DAGs
[2023-05-14T06:01:52.064+0000] {logging_mixin.py:137} INFO - [2023-05-14T06:01:52.064+0000] {dag.py:3456} INFO - Setting next_dagrun for tutorial to 2023-05-13T06:01:52.064204+00:00, run_after=2023-05-14T06:01:52.064204+00:00
[2023-05-14T06:01:52.078+0000] {processor.py:175} INFO - Processing /home/airflow/.local/lib/python3.7/site-packages/airflow/example_dags/tutorial.py took 0.095 seconds
[2023-05-14T06:02:22.481+0000] {processor.py:153} INFO - Started process (PID=16809) to work on /home/airflow/.local/lib/python3.7/site-packages/airflow/example_dags/tutorial.py
[2023-05-14T06:02:22.483+0000] {processor.py:743} INFO - Processing file /home/airflow/.local/lib/python3.7/site-packages/airflow/example_dags/tutorial.py for tasks to queue
[2023-05-14T06:02:22.484+0000] {logging_mixin.py:137} INFO - [2023-05-14T06:02:22.484+0000] {dagbag.py:532} INFO - Filling up the DagBag from /home/airflow/.local/lib/python3.7/site-packages/airflow/example_dags/tutorial.py
[2023-05-14T06:02:22.511+0000] {processor.py:753} INFO - DAG(s) dict_keys(['tutorial']) retrieved from /home/airflow/.local/lib/python3.7/site-packages/airflow/example_dags/tutorial.py
[2023-05-14T06:02:22.551+0000] {logging_mixin.py:137} INFO - [2023-05-14T06:02:22.551+0000] {dag.py:2705} INFO - Sync 1 DAGs
[2023-05-14T06:02:22.569+0000] {logging_mixin.py:137} INFO - [2023-05-14T06:02:22.569+0000] {dag.py:3456} INFO - Setting next_dagrun for tutorial to 2023-05-13T06:02:22.568934+00:00, run_after=2023-05-14T06:02:22.568934+00:00
[2023-05-14T06:02:22.583+0000] {processor.py:175} INFO - Processing /home/airflow/.local/lib/python3.7/site-packages/airflow/example_dags/tutorial.py took 0.106 seconds
[2023-05-14T06:02:53.046+0000] {processor.py:153} INFO - Started process (PID=17035) to work on /home/airflow/.local/lib/python3.7/site-packages/airflow/example_dags/tutorial.py
[2023-05-14T06:02:53.048+0000] {processor.py:743} INFO - Processing file /home/airflow/.local/lib/python3.7/site-packages/airflow/example_dags/tutorial.py for tasks to queue
[2023-05-14T06:02:53.049+0000] {logging_mixin.py:137} INFO - [2023-05-14T06:02:53.049+0000] {dagbag.py:532} INFO - Filling up the DagBag from /home/airflow/.local/lib/python3.7/site-packages/airflow/example_dags/tutorial.py
[2023-05-14T06:02:53.064+0000] {processor.py:753} INFO - DAG(s) dict_keys(['tutorial']) retrieved from /home/airflow/.local/lib/python3.7/site-packages/airflow/example_dags/tutorial.py
[2023-05-14T06:02:53.085+0000] {logging_mixin.py:137} INFO - [2023-05-14T06:02:53.085+0000] {dag.py:2705} INFO - Sync 1 DAGs
[2023-05-14T06:02:53.103+0000] {logging_mixin.py:137} INFO - [2023-05-14T06:02:53.103+0000] {dag.py:3456} INFO - Setting next_dagrun for tutorial to 2023-05-13T06:02:53.103360+00:00, run_after=2023-05-14T06:02:53.103360+00:00
[2023-05-14T06:02:53.116+0000] {processor.py:175} INFO - Processing /home/airflow/.local/lib/python3.7/site-packages/airflow/example_dags/tutorial.py took 0.072 seconds
[2023-05-14T06:03:23.598+0000] {processor.py:153} INFO - Started process (PID=17260) to work on /home/airflow/.local/lib/python3.7/site-packages/airflow/example_dags/tutorial.py
[2023-05-14T06:03:23.600+0000] {processor.py:743} INFO - Processing file /home/airflow/.local/lib/python3.7/site-packages/airflow/example_dags/tutorial.py for tasks to queue
[2023-05-14T06:03:23.602+0000] {logging_mixin.py:137} INFO - [2023-05-14T06:03:23.602+0000] {dagbag.py:532} INFO - Filling up the DagBag from /home/airflow/.local/lib/python3.7/site-packages/airflow/example_dags/tutorial.py
[2023-05-14T06:03:23.625+0000] {processor.py:753} INFO - DAG(s) dict_keys(['tutorial']) retrieved from /home/airflow/.local/lib/python3.7/site-packages/airflow/example_dags/tutorial.py
[2023-05-14T06:03:23.651+0000] {logging_mixin.py:137} INFO - [2023-05-14T06:03:23.651+0000] {dag.py:2705} INFO - Sync 1 DAGs
[2023-05-14T06:03:23.669+0000] {logging_mixin.py:137} INFO - [2023-05-14T06:03:23.669+0000] {dag.py:3456} INFO - Setting next_dagrun for tutorial to 2023-05-13T06:03:23.669461+00:00, run_after=2023-05-14T06:03:23.669461+00:00
[2023-05-14T06:03:23.683+0000] {processor.py:175} INFO - Processing /home/airflow/.local/lib/python3.7/site-packages/airflow/example_dags/tutorial.py took 0.088 seconds
[2023-05-14T06:03:54.130+0000] {processor.py:153} INFO - Started process (PID=17485) to work on /home/airflow/.local/lib/python3.7/site-packages/airflow/example_dags/tutorial.py
[2023-05-14T06:03:54.132+0000] {processor.py:743} INFO - Processing file /home/airflow/.local/lib/python3.7/site-packages/airflow/example_dags/tutorial.py for tasks to queue
[2023-05-14T06:03:54.133+0000] {logging_mixin.py:137} INFO - [2023-05-14T06:03:54.133+0000] {dagbag.py:532} INFO - Filling up the DagBag from /home/airflow/.local/lib/python3.7/site-packages/airflow/example_dags/tutorial.py
[2023-05-14T06:03:54.148+0000] {processor.py:753} INFO - DAG(s) dict_keys(['tutorial']) retrieved from /home/airflow/.local/lib/python3.7/site-packages/airflow/example_dags/tutorial.py
[2023-05-14T06:03:54.171+0000] {logging_mixin.py:137} INFO - [2023-05-14T06:03:54.171+0000] {dag.py:2705} INFO - Sync 1 DAGs
[2023-05-14T06:03:54.190+0000] {logging_mixin.py:137} INFO - [2023-05-14T06:03:54.190+0000] {dag.py:3456} INFO - Setting next_dagrun for tutorial to 2023-05-13T06:03:54.190083+00:00, run_after=2023-05-14T06:03:54.190083+00:00
[2023-05-14T06:03:54.209+0000] {processor.py:175} INFO - Processing /home/airflow/.local/lib/python3.7/site-packages/airflow/example_dags/tutorial.py took 0.081 seconds
[2023-05-14T06:04:24.625+0000] {processor.py:153} INFO - Started process (PID=17706) to work on /home/airflow/.local/lib/python3.7/site-packages/airflow/example_dags/tutorial.py
[2023-05-14T06:04:24.627+0000] {processor.py:743} INFO - Processing file /home/airflow/.local/lib/python3.7/site-packages/airflow/example_dags/tutorial.py for tasks to queue
[2023-05-14T06:04:24.629+0000] {logging_mixin.py:137} INFO - [2023-05-14T06:04:24.628+0000] {dagbag.py:532} INFO - Filling up the DagBag from /home/airflow/.local/lib/python3.7/site-packages/airflow/example_dags/tutorial.py
[2023-05-14T06:04:24.642+0000] {processor.py:753} INFO - DAG(s) dict_keys(['tutorial']) retrieved from /home/airflow/.local/lib/python3.7/site-packages/airflow/example_dags/tutorial.py
[2023-05-14T06:04:24.668+0000] {logging_mixin.py:137} INFO - [2023-05-14T06:04:24.668+0000] {dag.py:2705} INFO - Sync 1 DAGs
[2023-05-14T06:04:24.687+0000] {logging_mixin.py:137} INFO - [2023-05-14T06:04:24.687+0000] {dag.py:3456} INFO - Setting next_dagrun for tutorial to 2023-05-13T06:04:24.686400+00:00, run_after=2023-05-14T06:04:24.686400+00:00
[2023-05-14T06:04:24.704+0000] {processor.py:175} INFO - Processing /home/airflow/.local/lib/python3.7/site-packages/airflow/example_dags/tutorial.py took 0.081 seconds
[2023-05-14T06:04:54.873+0000] {processor.py:153} INFO - Started process (PID=17930) to work on /home/airflow/.local/lib/python3.7/site-packages/airflow/example_dags/tutorial.py
[2023-05-14T06:04:54.875+0000] {processor.py:743} INFO - Processing file /home/airflow/.local/lib/python3.7/site-packages/airflow/example_dags/tutorial.py for tasks to queue
[2023-05-14T06:04:54.876+0000] {logging_mixin.py:137} INFO - [2023-05-14T06:04:54.876+0000] {dagbag.py:532} INFO - Filling up the DagBag from /home/airflow/.local/lib/python3.7/site-packages/airflow/example_dags/tutorial.py
[2023-05-14T06:04:54.890+0000] {processor.py:753} INFO - DAG(s) dict_keys(['tutorial']) retrieved from /home/airflow/.local/lib/python3.7/site-packages/airflow/example_dags/tutorial.py
[2023-05-14T06:04:54.916+0000] {logging_mixin.py:137} INFO - [2023-05-14T06:04:54.916+0000] {dag.py:2705} INFO - Sync 1 DAGs
[2023-05-14T06:04:54.934+0000] {logging_mixin.py:137} INFO - [2023-05-14T06:04:54.933+0000] {dag.py:3456} INFO - Setting next_dagrun for tutorial to 2023-05-13T06:04:54.933750+00:00, run_after=2023-05-14T06:04:54.933750+00:00
[2023-05-14T06:04:54.947+0000] {processor.py:175} INFO - Processing /home/airflow/.local/lib/python3.7/site-packages/airflow/example_dags/tutorial.py took 0.077 seconds
[2023-05-14T06:05:25.415+0000] {processor.py:153} INFO - Started process (PID=18156) to work on /home/airflow/.local/lib/python3.7/site-packages/airflow/example_dags/tutorial.py
[2023-05-14T06:05:25.416+0000] {processor.py:743} INFO - Processing file /home/airflow/.local/lib/python3.7/site-packages/airflow/example_dags/tutorial.py for tasks to queue
[2023-05-14T06:05:25.418+0000] {logging_mixin.py:137} INFO - [2023-05-14T06:05:25.418+0000] {dagbag.py:532} INFO - Filling up the DagBag from /home/airflow/.local/lib/python3.7/site-packages/airflow/example_dags/tutorial.py
[2023-05-14T06:05:25.435+0000] {processor.py:753} INFO - DAG(s) dict_keys(['tutorial']) retrieved from /home/airflow/.local/lib/python3.7/site-packages/airflow/example_dags/tutorial.py
[2023-05-14T06:05:25.455+0000] {logging_mixin.py:137} INFO - [2023-05-14T06:05:25.455+0000] {dag.py:2705} INFO - Sync 1 DAGs
[2023-05-14T06:05:25.475+0000] {logging_mixin.py:137} INFO - [2023-05-14T06:05:25.475+0000] {dag.py:3456} INFO - Setting next_dagrun for tutorial to 2023-05-13T06:05:25.475123+00:00, run_after=2023-05-14T06:05:25.475123+00:00
[2023-05-14T06:05:25.488+0000] {processor.py:175} INFO - Processing /home/airflow/.local/lib/python3.7/site-packages/airflow/example_dags/tutorial.py took 0.076 seconds
[2023-05-14T06:05:55.901+0000] {processor.py:153} INFO - Started process (PID=18380) to work on /home/airflow/.local/lib/python3.7/site-packages/airflow/example_dags/tutorial.py
[2023-05-14T06:05:55.902+0000] {processor.py:743} INFO - Processing file /home/airflow/.local/lib/python3.7/site-packages/airflow/example_dags/tutorial.py for tasks to queue
[2023-05-14T06:05:55.903+0000] {logging_mixin.py:137} INFO - [2023-05-14T06:05:55.903+0000] {dagbag.py:532} INFO - Filling up the DagBag from /home/airflow/.local/lib/python3.7/site-packages/airflow/example_dags/tutorial.py
[2023-05-14T06:05:55.929+0000] {processor.py:753} INFO - DAG(s) dict_keys(['tutorial']) retrieved from /home/airflow/.local/lib/python3.7/site-packages/airflow/example_dags/tutorial.py
[2023-05-14T06:05:55.952+0000] {logging_mixin.py:137} INFO - [2023-05-14T06:05:55.952+0000] {dag.py:2705} INFO - Sync 1 DAGs
[2023-05-14T06:05:55.970+0000] {logging_mixin.py:137} INFO - [2023-05-14T06:05:55.970+0000] {dag.py:3456} INFO - Setting next_dagrun for tutorial to 2023-05-13T06:05:55.970413+00:00, run_after=2023-05-14T06:05:55.970413+00:00
[2023-05-14T06:05:55.984+0000] {processor.py:175} INFO - Processing /home/airflow/.local/lib/python3.7/site-packages/airflow/example_dags/tutorial.py took 0.086 seconds
[2023-05-14T06:06:26.518+0000] {processor.py:153} INFO - Started process (PID=18603) to work on /home/airflow/.local/lib/python3.7/site-packages/airflow/example_dags/tutorial.py
[2023-05-14T06:06:26.520+0000] {processor.py:743} INFO - Processing file /home/airflow/.local/lib/python3.7/site-packages/airflow/example_dags/tutorial.py for tasks to queue
[2023-05-14T06:06:26.521+0000] {logging_mixin.py:137} INFO - [2023-05-14T06:06:26.521+0000] {dagbag.py:532} INFO - Filling up the DagBag from /home/airflow/.local/lib/python3.7/site-packages/airflow/example_dags/tutorial.py
[2023-05-14T06:06:26.540+0000] {processor.py:753} INFO - DAG(s) dict_keys(['tutorial']) retrieved from /home/airflow/.local/lib/python3.7/site-packages/airflow/example_dags/tutorial.py
[2023-05-14T06:06:26.565+0000] {logging_mixin.py:137} INFO - [2023-05-14T06:06:26.565+0000] {dag.py:2705} INFO - Sync 1 DAGs
[2023-05-14T06:06:26.582+0000] {logging_mixin.py:137} INFO - [2023-05-14T06:06:26.582+0000] {dag.py:3456} INFO - Setting next_dagrun for tutorial to 2023-05-13T06:06:26.582171+00:00, run_after=2023-05-14T06:06:26.582171+00:00
[2023-05-14T06:06:26.596+0000] {processor.py:175} INFO - Processing /home/airflow/.local/lib/python3.7/site-packages/airflow/example_dags/tutorial.py took 0.080 seconds
[2023-05-14T06:06:56.956+0000] {processor.py:153} INFO - Started process (PID=18824) to work on /home/airflow/.local/lib/python3.7/site-packages/airflow/example_dags/tutorial.py
[2023-05-14T06:06:56.961+0000] {processor.py:743} INFO - Processing file /home/airflow/.local/lib/python3.7/site-packages/airflow/example_dags/tutorial.py for tasks to queue
[2023-05-14T06:06:56.963+0000] {logging_mixin.py:137} INFO - [2023-05-14T06:06:56.963+0000] {dagbag.py:532} INFO - Filling up the DagBag from /home/airflow/.local/lib/python3.7/site-packages/airflow/example_dags/tutorial.py
[2023-05-14T06:06:56.980+0000] {processor.py:753} INFO - DAG(s) dict_keys(['tutorial']) retrieved from /home/airflow/.local/lib/python3.7/site-packages/airflow/example_dags/tutorial.py
[2023-05-14T06:06:57.005+0000] {logging_mixin.py:137} INFO - [2023-05-14T06:06:57.005+0000] {dag.py:2705} INFO - Sync 1 DAGs
[2023-05-14T06:06:57.023+0000] {logging_mixin.py:137} INFO - [2023-05-14T06:06:57.023+0000] {dag.py:3456} INFO - Setting next_dagrun for tutorial to 2023-05-13T06:06:57.023305+00:00, run_after=2023-05-14T06:06:57.023305+00:00
[2023-05-14T06:06:57.036+0000] {processor.py:175} INFO - Processing /home/airflow/.local/lib/python3.7/site-packages/airflow/example_dags/tutorial.py took 0.083 seconds
[2023-05-14T06:07:27.740+0000] {processor.py:153} INFO - Started process (PID=19059) to work on /home/airflow/.local/lib/python3.7/site-packages/airflow/example_dags/tutorial.py
[2023-05-14T06:07:27.742+0000] {processor.py:743} INFO - Processing file /home/airflow/.local/lib/python3.7/site-packages/airflow/example_dags/tutorial.py for tasks to queue
[2023-05-14T06:07:27.743+0000] {logging_mixin.py:137} INFO - [2023-05-14T06:07:27.743+0000] {dagbag.py:532} INFO - Filling up the DagBag from /home/airflow/.local/lib/python3.7/site-packages/airflow/example_dags/tutorial.py
[2023-05-14T06:07:27.762+0000] {processor.py:753} INFO - DAG(s) dict_keys(['tutorial']) retrieved from /home/airflow/.local/lib/python3.7/site-packages/airflow/example_dags/tutorial.py
[2023-05-14T06:07:27.785+0000] {logging_mixin.py:137} INFO - [2023-05-14T06:07:27.785+0000] {dag.py:2705} INFO - Sync 1 DAGs
[2023-05-14T06:07:27.804+0000] {logging_mixin.py:137} INFO - [2023-05-14T06:07:27.804+0000] {dag.py:3456} INFO - Setting next_dagrun for tutorial to 2023-05-13T06:07:27.804104+00:00, run_after=2023-05-14T06:07:27.804104+00:00
[2023-05-14T06:07:27.820+0000] {processor.py:175} INFO - Processing /home/airflow/.local/lib/python3.7/site-packages/airflow/example_dags/tutorial.py took 0.083 seconds
