[2023-05-14T00:21:04.871+0000] {processor.py:153} INFO - Started process (PID=2802) to work on /home/airflow/.local/lib/python3.7/site-packages/airflow/example_dags/tutorial_taskflow_api.py
[2023-05-14T00:21:04.874+0000] {processor.py:743} INFO - Processing file /home/airflow/.local/lib/python3.7/site-packages/airflow/example_dags/tutorial_taskflow_api.py for tasks to queue
[2023-05-14T00:21:04.875+0000] {logging_mixin.py:137} INFO - [2023-05-14T00:21:04.875+0000] {dagbag.py:532} INFO - Filling up the DagBag from /home/airflow/.local/lib/python3.7/site-packages/airflow/example_dags/tutorial_taskflow_api.py
[2023-05-14T00:21:04.914+0000] {processor.py:753} INFO - DAG(s) dict_keys(['tutorial_taskflow_api']) retrieved from /home/airflow/.local/lib/python3.7/site-packages/airflow/example_dags/tutorial_taskflow_api.py
[2023-05-14T00:21:04.946+0000] {logging_mixin.py:137} INFO - [2023-05-14T00:21:04.946+0000] {dag.py:2705} INFO - Sync 1 DAGs
[2023-05-14T00:21:04.977+0000] {logging_mixin.py:137} INFO - [2023-05-14T00:21:04.977+0000] {dag.py:3456} INFO - Setting next_dagrun for tutorial_taskflow_api to None, run_after=None
[2023-05-14T00:21:04.996+0000] {processor.py:175} INFO - Processing /home/airflow/.local/lib/python3.7/site-packages/airflow/example_dags/tutorial_taskflow_api.py took 0.131 seconds
[2023-05-14T01:15:56.591+0000] {processor.py:153} INFO - Started process (PID=3026) to work on /home/airflow/.local/lib/python3.7/site-packages/airflow/example_dags/tutorial_taskflow_api.py
[2023-05-14T01:15:56.598+0000] {processor.py:743} INFO - Processing file /home/airflow/.local/lib/python3.7/site-packages/airflow/example_dags/tutorial_taskflow_api.py for tasks to queue
[2023-05-14T01:15:56.600+0000] {logging_mixin.py:137} INFO - [2023-05-14T01:15:56.600+0000] {dagbag.py:532} INFO - Filling up the DagBag from /home/airflow/.local/lib/python3.7/site-packages/airflow/example_dags/tutorial_taskflow_api.py
[2023-05-14T01:15:56.694+0000] {processor.py:753} INFO - DAG(s) dict_keys(['tutorial_taskflow_api']) retrieved from /home/airflow/.local/lib/python3.7/site-packages/airflow/example_dags/tutorial_taskflow_api.py
[2023-05-14T01:15:56.788+0000] {logging_mixin.py:137} INFO - [2023-05-14T01:15:56.788+0000] {dag.py:2705} INFO - Sync 1 DAGs
[2023-05-14T01:15:56.889+0000] {logging_mixin.py:137} INFO - [2023-05-14T01:15:56.889+0000] {dag.py:3456} INFO - Setting next_dagrun for tutorial_taskflow_api to None, run_after=None
[2023-05-14T01:15:56.939+0000] {processor.py:175} INFO - Processing /home/airflow/.local/lib/python3.7/site-packages/airflow/example_dags/tutorial_taskflow_api.py took 0.361 seconds
[2023-05-14T02:15:36.113+0000] {processor.py:153} INFO - Started process (PID=3249) to work on /home/airflow/.local/lib/python3.7/site-packages/airflow/example_dags/tutorial_taskflow_api.py
[2023-05-14T02:15:36.118+0000] {processor.py:743} INFO - Processing file /home/airflow/.local/lib/python3.7/site-packages/airflow/example_dags/tutorial_taskflow_api.py for tasks to queue
[2023-05-14T02:15:36.146+0000] {logging_mixin.py:137} INFO - [2023-05-14T02:15:36.145+0000] {dagbag.py:532} INFO - Filling up the DagBag from /home/airflow/.local/lib/python3.7/site-packages/airflow/example_dags/tutorial_taskflow_api.py
[2023-05-14T02:15:36.231+0000] {processor.py:753} INFO - DAG(s) dict_keys(['tutorial_taskflow_api']) retrieved from /home/airflow/.local/lib/python3.7/site-packages/airflow/example_dags/tutorial_taskflow_api.py
[2023-05-14T02:15:36.299+0000] {logging_mixin.py:137} INFO - [2023-05-14T02:15:36.298+0000] {dag.py:2705} INFO - Sync 1 DAGs
[2023-05-14T02:15:36.383+0000] {logging_mixin.py:137} INFO - [2023-05-14T02:15:36.383+0000] {dag.py:3456} INFO - Setting next_dagrun for tutorial_taskflow_api to None, run_after=None
[2023-05-14T02:15:36.422+0000] {processor.py:175} INFO - Processing /home/airflow/.local/lib/python3.7/site-packages/airflow/example_dags/tutorial_taskflow_api.py took 0.320 seconds
[2023-05-14T02:41:27.171+0000] {processor.py:153} INFO - Started process (PID=3472) to work on /home/airflow/.local/lib/python3.7/site-packages/airflow/example_dags/tutorial_taskflow_api.py
[2023-05-14T02:41:27.177+0000] {processor.py:743} INFO - Processing file /home/airflow/.local/lib/python3.7/site-packages/airflow/example_dags/tutorial_taskflow_api.py for tasks to queue
[2023-05-14T02:41:27.179+0000] {logging_mixin.py:137} INFO - [2023-05-14T02:41:27.179+0000] {dagbag.py:532} INFO - Filling up the DagBag from /home/airflow/.local/lib/python3.7/site-packages/airflow/example_dags/tutorial_taskflow_api.py
[2023-05-14T02:41:27.226+0000] {processor.py:753} INFO - DAG(s) dict_keys(['tutorial_taskflow_api']) retrieved from /home/airflow/.local/lib/python3.7/site-packages/airflow/example_dags/tutorial_taskflow_api.py
[2023-05-14T02:41:27.266+0000] {logging_mixin.py:137} INFO - [2023-05-14T02:41:27.266+0000] {dag.py:2705} INFO - Sync 1 DAGs
[2023-05-14T02:41:27.290+0000] {logging_mixin.py:137} INFO - [2023-05-14T02:41:27.290+0000] {dag.py:3456} INFO - Setting next_dagrun for tutorial_taskflow_api to None, run_after=None
[2023-05-14T02:41:27.306+0000] {processor.py:175} INFO - Processing /home/airflow/.local/lib/python3.7/site-packages/airflow/example_dags/tutorial_taskflow_api.py took 0.148 seconds
[2023-05-14T02:54:54.551+0000] {processor.py:153} INFO - Started process (PID=3695) to work on /home/airflow/.local/lib/python3.7/site-packages/airflow/example_dags/tutorial_taskflow_api.py
[2023-05-14T02:54:54.557+0000] {processor.py:743} INFO - Processing file /home/airflow/.local/lib/python3.7/site-packages/airflow/example_dags/tutorial_taskflow_api.py for tasks to queue
[2023-05-14T02:54:54.563+0000] {logging_mixin.py:137} INFO - [2023-05-14T02:54:54.563+0000] {dagbag.py:532} INFO - Filling up the DagBag from /home/airflow/.local/lib/python3.7/site-packages/airflow/example_dags/tutorial_taskflow_api.py
[2023-05-14T02:54:54.616+0000] {processor.py:753} INFO - DAG(s) dict_keys(['tutorial_taskflow_api']) retrieved from /home/airflow/.local/lib/python3.7/site-packages/airflow/example_dags/tutorial_taskflow_api.py
[2023-05-14T02:54:54.823+0000] {logging_mixin.py:137} INFO - [2023-05-14T02:54:54.823+0000] {dag.py:2705} INFO - Sync 1 DAGs
[2023-05-14T02:54:54.970+0000] {logging_mixin.py:137} INFO - [2023-05-14T02:54:54.969+0000] {dag.py:3456} INFO - Setting next_dagrun for tutorial_taskflow_api to None, run_after=None
[2023-05-14T02:54:55.064+0000] {processor.py:175} INFO - Processing /home/airflow/.local/lib/python3.7/site-packages/airflow/example_dags/tutorial_taskflow_api.py took 0.525 seconds
[2023-05-14T02:59:00.043+0000] {processor.py:153} INFO - Started process (PID=3920) to work on /home/airflow/.local/lib/python3.7/site-packages/airflow/example_dags/tutorial_taskflow_api.py
[2023-05-14T02:59:00.050+0000] {processor.py:743} INFO - Processing file /home/airflow/.local/lib/python3.7/site-packages/airflow/example_dags/tutorial_taskflow_api.py for tasks to queue
[2023-05-14T02:59:00.055+0000] {logging_mixin.py:137} INFO - [2023-05-14T02:59:00.055+0000] {dagbag.py:532} INFO - Filling up the DagBag from /home/airflow/.local/lib/python3.7/site-packages/airflow/example_dags/tutorial_taskflow_api.py
[2023-05-14T02:59:00.165+0000] {processor.py:753} INFO - DAG(s) dict_keys(['tutorial_taskflow_api']) retrieved from /home/airflow/.local/lib/python3.7/site-packages/airflow/example_dags/tutorial_taskflow_api.py
[2023-05-14T02:59:00.253+0000] {logging_mixin.py:137} INFO - [2023-05-14T02:59:00.253+0000] {dag.py:2705} INFO - Sync 1 DAGs
[2023-05-14T02:59:00.321+0000] {logging_mixin.py:137} INFO - [2023-05-14T02:59:00.321+0000] {dag.py:3456} INFO - Setting next_dagrun for tutorial_taskflow_api to None, run_after=None
[2023-05-14T02:59:00.361+0000] {processor.py:175} INFO - Processing /home/airflow/.local/lib/python3.7/site-packages/airflow/example_dags/tutorial_taskflow_api.py took 0.331 seconds
[2023-05-14T02:59:31.366+0000] {processor.py:153} INFO - Started process (PID=4143) to work on /home/airflow/.local/lib/python3.7/site-packages/airflow/example_dags/tutorial_taskflow_api.py
[2023-05-14T02:59:31.368+0000] {processor.py:743} INFO - Processing file /home/airflow/.local/lib/python3.7/site-packages/airflow/example_dags/tutorial_taskflow_api.py for tasks to queue
[2023-05-14T02:59:31.371+0000] {logging_mixin.py:137} INFO - [2023-05-14T02:59:31.371+0000] {dagbag.py:532} INFO - Filling up the DagBag from /home/airflow/.local/lib/python3.7/site-packages/airflow/example_dags/tutorial_taskflow_api.py
[2023-05-14T02:59:31.391+0000] {processor.py:753} INFO - DAG(s) dict_keys(['tutorial_taskflow_api']) retrieved from /home/airflow/.local/lib/python3.7/site-packages/airflow/example_dags/tutorial_taskflow_api.py
[2023-05-14T02:59:31.417+0000] {logging_mixin.py:137} INFO - [2023-05-14T02:59:31.417+0000] {dag.py:2705} INFO - Sync 1 DAGs
[2023-05-14T02:59:31.436+0000] {logging_mixin.py:137} INFO - [2023-05-14T02:59:31.436+0000] {dag.py:3456} INFO - Setting next_dagrun for tutorial_taskflow_api to None, run_after=None
[2023-05-14T02:59:31.450+0000] {processor.py:175} INFO - Processing /home/airflow/.local/lib/python3.7/site-packages/airflow/example_dags/tutorial_taskflow_api.py took 0.090 seconds
[2023-05-14T03:16:05.908+0000] {processor.py:153} INFO - Started process (PID=4366) to work on /home/airflow/.local/lib/python3.7/site-packages/airflow/example_dags/tutorial_taskflow_api.py
[2023-05-14T03:16:05.910+0000] {processor.py:743} INFO - Processing file /home/airflow/.local/lib/python3.7/site-packages/airflow/example_dags/tutorial_taskflow_api.py for tasks to queue
[2023-05-14T03:16:05.912+0000] {logging_mixin.py:137} INFO - [2023-05-14T03:16:05.911+0000] {dagbag.py:532} INFO - Filling up the DagBag from /home/airflow/.local/lib/python3.7/site-packages/airflow/example_dags/tutorial_taskflow_api.py
[2023-05-14T03:16:05.935+0000] {processor.py:753} INFO - DAG(s) dict_keys(['tutorial_taskflow_api']) retrieved from /home/airflow/.local/lib/python3.7/site-packages/airflow/example_dags/tutorial_taskflow_api.py
[2023-05-14T03:16:05.962+0000] {logging_mixin.py:137} INFO - [2023-05-14T03:16:05.962+0000] {dag.py:2705} INFO - Sync 1 DAGs
[2023-05-14T03:16:05.982+0000] {logging_mixin.py:137} INFO - [2023-05-14T03:16:05.982+0000] {dag.py:3456} INFO - Setting next_dagrun for tutorial_taskflow_api to None, run_after=None
[2023-05-14T03:16:05.996+0000] {processor.py:175} INFO - Processing /home/airflow/.local/lib/python3.7/site-packages/airflow/example_dags/tutorial_taskflow_api.py took 0.094 seconds
[2023-05-14T04:20:56.024+0000] {processor.py:153} INFO - Started process (PID=4589) to work on /home/airflow/.local/lib/python3.7/site-packages/airflow/example_dags/tutorial_taskflow_api.py
[2023-05-14T04:20:56.032+0000] {processor.py:743} INFO - Processing file /home/airflow/.local/lib/python3.7/site-packages/airflow/example_dags/tutorial_taskflow_api.py for tasks to queue
[2023-05-14T04:20:56.034+0000] {logging_mixin.py:137} INFO - [2023-05-14T04:20:56.034+0000] {dagbag.py:532} INFO - Filling up the DagBag from /home/airflow/.local/lib/python3.7/site-packages/airflow/example_dags/tutorial_taskflow_api.py
[2023-05-14T04:20:56.113+0000] {processor.py:753} INFO - DAG(s) dict_keys(['tutorial_taskflow_api']) retrieved from /home/airflow/.local/lib/python3.7/site-packages/airflow/example_dags/tutorial_taskflow_api.py
[2023-05-14T04:20:56.180+0000] {logging_mixin.py:137} INFO - [2023-05-14T04:20:56.180+0000] {dag.py:2705} INFO - Sync 1 DAGs
[2023-05-14T04:20:56.232+0000] {logging_mixin.py:137} INFO - [2023-05-14T04:20:56.232+0000] {dag.py:3456} INFO - Setting next_dagrun for tutorial_taskflow_api to None, run_after=None
[2023-05-14T04:20:56.249+0000] {processor.py:175} INFO - Processing /home/airflow/.local/lib/python3.7/site-packages/airflow/example_dags/tutorial_taskflow_api.py took 0.230 seconds
[2023-05-14T05:35:29.530+0000] {processor.py:153} INFO - Started process (PID=4810) to work on /home/airflow/.local/lib/python3.7/site-packages/airflow/example_dags/tutorial_taskflow_api.py
[2023-05-14T05:35:29.541+0000] {processor.py:743} INFO - Processing file /home/airflow/.local/lib/python3.7/site-packages/airflow/example_dags/tutorial_taskflow_api.py for tasks to queue
[2023-05-14T05:35:29.549+0000] {logging_mixin.py:137} INFO - [2023-05-14T05:35:29.548+0000] {dagbag.py:532} INFO - Filling up the DagBag from /home/airflow/.local/lib/python3.7/site-packages/airflow/example_dags/tutorial_taskflow_api.py
[2023-05-14T05:35:29.707+0000] {processor.py:753} INFO - DAG(s) dict_keys(['tutorial_taskflow_api']) retrieved from /home/airflow/.local/lib/python3.7/site-packages/airflow/example_dags/tutorial_taskflow_api.py
[2023-05-14T05:35:29.823+0000] {logging_mixin.py:137} INFO - [2023-05-14T05:35:29.822+0000] {dag.py:2705} INFO - Sync 1 DAGs
[2023-05-14T05:35:29.914+0000] {logging_mixin.py:137} INFO - [2023-05-14T05:35:29.913+0000] {dag.py:3456} INFO - Setting next_dagrun for tutorial_taskflow_api to None, run_after=None
[2023-05-14T05:35:29.975+0000] {processor.py:175} INFO - Processing /home/airflow/.local/lib/python3.7/site-packages/airflow/example_dags/tutorial_taskflow_api.py took 0.470 seconds
[2023-05-14T05:36:00.310+0000] {processor.py:153} INFO - Started process (PID=5034) to work on /home/airflow/.local/lib/python3.7/site-packages/airflow/example_dags/tutorial_taskflow_api.py
[2023-05-14T05:36:00.313+0000] {processor.py:743} INFO - Processing file /home/airflow/.local/lib/python3.7/site-packages/airflow/example_dags/tutorial_taskflow_api.py for tasks to queue
[2023-05-14T05:36:00.320+0000] {logging_mixin.py:137} INFO - [2023-05-14T05:36:00.319+0000] {dagbag.py:532} INFO - Filling up the DagBag from /home/airflow/.local/lib/python3.7/site-packages/airflow/example_dags/tutorial_taskflow_api.py
[2023-05-14T05:36:00.360+0000] {processor.py:753} INFO - DAG(s) dict_keys(['tutorial_taskflow_api']) retrieved from /home/airflow/.local/lib/python3.7/site-packages/airflow/example_dags/tutorial_taskflow_api.py
[2023-05-14T05:36:00.396+0000] {logging_mixin.py:137} INFO - [2023-05-14T05:36:00.396+0000] {dag.py:2705} INFO - Sync 1 DAGs
[2023-05-14T05:36:00.424+0000] {logging_mixin.py:137} INFO - [2023-05-14T05:36:00.423+0000] {dag.py:3456} INFO - Setting next_dagrun for tutorial_taskflow_api to None, run_after=None
[2023-05-14T05:36:00.441+0000] {processor.py:175} INFO - Processing /home/airflow/.local/lib/python3.7/site-packages/airflow/example_dags/tutorial_taskflow_api.py took 0.139 seconds
[2023-05-14T05:36:30.597+0000] {processor.py:153} INFO - Started process (PID=5258) to work on /home/airflow/.local/lib/python3.7/site-packages/airflow/example_dags/tutorial_taskflow_api.py
[2023-05-14T05:36:30.600+0000] {processor.py:743} INFO - Processing file /home/airflow/.local/lib/python3.7/site-packages/airflow/example_dags/tutorial_taskflow_api.py for tasks to queue
[2023-05-14T05:36:30.602+0000] {logging_mixin.py:137} INFO - [2023-05-14T05:36:30.601+0000] {dagbag.py:532} INFO - Filling up the DagBag from /home/airflow/.local/lib/python3.7/site-packages/airflow/example_dags/tutorial_taskflow_api.py
[2023-05-14T05:36:30.619+0000] {processor.py:753} INFO - DAG(s) dict_keys(['tutorial_taskflow_api']) retrieved from /home/airflow/.local/lib/python3.7/site-packages/airflow/example_dags/tutorial_taskflow_api.py
[2023-05-14T05:36:30.643+0000] {logging_mixin.py:137} INFO - [2023-05-14T05:36:30.642+0000] {dag.py:2705} INFO - Sync 1 DAGs
[2023-05-14T05:36:30.660+0000] {logging_mixin.py:137} INFO - [2023-05-14T05:36:30.660+0000] {dag.py:3456} INFO - Setting next_dagrun for tutorial_taskflow_api to None, run_after=None
[2023-05-14T05:36:30.679+0000] {processor.py:175} INFO - Processing /home/airflow/.local/lib/python3.7/site-packages/airflow/example_dags/tutorial_taskflow_api.py took 0.090 seconds
[2023-05-14T05:37:01.504+0000] {processor.py:153} INFO - Started process (PID=5482) to work on /home/airflow/.local/lib/python3.7/site-packages/airflow/example_dags/tutorial_taskflow_api.py
[2023-05-14T05:37:01.509+0000] {processor.py:743} INFO - Processing file /home/airflow/.local/lib/python3.7/site-packages/airflow/example_dags/tutorial_taskflow_api.py for tasks to queue
[2023-05-14T05:37:01.510+0000] {logging_mixin.py:137} INFO - [2023-05-14T05:37:01.510+0000] {dagbag.py:532} INFO - Filling up the DagBag from /home/airflow/.local/lib/python3.7/site-packages/airflow/example_dags/tutorial_taskflow_api.py
[2023-05-14T05:37:01.532+0000] {processor.py:753} INFO - DAG(s) dict_keys(['tutorial_taskflow_api']) retrieved from /home/airflow/.local/lib/python3.7/site-packages/airflow/example_dags/tutorial_taskflow_api.py
[2023-05-14T05:37:01.557+0000] {logging_mixin.py:137} INFO - [2023-05-14T05:37:01.557+0000] {dag.py:2705} INFO - Sync 1 DAGs
[2023-05-14T05:37:01.582+0000] {logging_mixin.py:137} INFO - [2023-05-14T05:37:01.582+0000] {dag.py:3456} INFO - Setting next_dagrun for tutorial_taskflow_api to None, run_after=None
[2023-05-14T05:37:01.599+0000] {processor.py:175} INFO - Processing /home/airflow/.local/lib/python3.7/site-packages/airflow/example_dags/tutorial_taskflow_api.py took 0.099 seconds
[2023-05-14T05:37:31.711+0000] {processor.py:153} INFO - Started process (PID=5705) to work on /home/airflow/.local/lib/python3.7/site-packages/airflow/example_dags/tutorial_taskflow_api.py
[2023-05-14T05:37:31.718+0000] {processor.py:743} INFO - Processing file /home/airflow/.local/lib/python3.7/site-packages/airflow/example_dags/tutorial_taskflow_api.py for tasks to queue
[2023-05-14T05:37:31.719+0000] {logging_mixin.py:137} INFO - [2023-05-14T05:37:31.719+0000] {dagbag.py:532} INFO - Filling up the DagBag from /home/airflow/.local/lib/python3.7/site-packages/airflow/example_dags/tutorial_taskflow_api.py
[2023-05-14T05:37:31.747+0000] {processor.py:753} INFO - DAG(s) dict_keys(['tutorial_taskflow_api']) retrieved from /home/airflow/.local/lib/python3.7/site-packages/airflow/example_dags/tutorial_taskflow_api.py
[2023-05-14T05:37:31.787+0000] {logging_mixin.py:137} INFO - [2023-05-14T05:37:31.787+0000] {dag.py:2705} INFO - Sync 1 DAGs
[2023-05-14T05:37:31.814+0000] {logging_mixin.py:137} INFO - [2023-05-14T05:37:31.814+0000] {dag.py:3456} INFO - Setting next_dagrun for tutorial_taskflow_api to None, run_after=None
[2023-05-14T05:37:31.828+0000] {processor.py:175} INFO - Processing /home/airflow/.local/lib/python3.7/site-packages/airflow/example_dags/tutorial_taskflow_api.py took 0.121 seconds
[2023-05-14T05:38:02.557+0000] {processor.py:153} INFO - Started process (PID=5933) to work on /home/airflow/.local/lib/python3.7/site-packages/airflow/example_dags/tutorial_taskflow_api.py
[2023-05-14T05:38:02.576+0000] {processor.py:743} INFO - Processing file /home/airflow/.local/lib/python3.7/site-packages/airflow/example_dags/tutorial_taskflow_api.py for tasks to queue
[2023-05-14T05:38:02.577+0000] {logging_mixin.py:137} INFO - [2023-05-14T05:38:02.577+0000] {dagbag.py:532} INFO - Filling up the DagBag from /home/airflow/.local/lib/python3.7/site-packages/airflow/example_dags/tutorial_taskflow_api.py
[2023-05-14T05:38:02.628+0000] {processor.py:753} INFO - DAG(s) dict_keys(['tutorial_taskflow_api']) retrieved from /home/airflow/.local/lib/python3.7/site-packages/airflow/example_dags/tutorial_taskflow_api.py
[2023-05-14T05:38:02.707+0000] {logging_mixin.py:137} INFO - [2023-05-14T05:38:02.707+0000] {dag.py:2705} INFO - Sync 1 DAGs
[2023-05-14T05:38:02.738+0000] {logging_mixin.py:137} INFO - [2023-05-14T05:38:02.738+0000] {dag.py:3456} INFO - Setting next_dagrun for tutorial_taskflow_api to None, run_after=None
[2023-05-14T05:38:02.754+0000] {processor.py:175} INFO - Processing /home/airflow/.local/lib/python3.7/site-packages/airflow/example_dags/tutorial_taskflow_api.py took 0.202 seconds
[2023-05-14T05:38:33.110+0000] {processor.py:153} INFO - Started process (PID=6165) to work on /home/airflow/.local/lib/python3.7/site-packages/airflow/example_dags/tutorial_taskflow_api.py
[2023-05-14T05:38:33.112+0000] {processor.py:743} INFO - Processing file /home/airflow/.local/lib/python3.7/site-packages/airflow/example_dags/tutorial_taskflow_api.py for tasks to queue
[2023-05-14T05:38:33.114+0000] {logging_mixin.py:137} INFO - [2023-05-14T05:38:33.113+0000] {dagbag.py:532} INFO - Filling up the DagBag from /home/airflow/.local/lib/python3.7/site-packages/airflow/example_dags/tutorial_taskflow_api.py
[2023-05-14T05:38:33.134+0000] {processor.py:753} INFO - DAG(s) dict_keys(['tutorial_taskflow_api']) retrieved from /home/airflow/.local/lib/python3.7/site-packages/airflow/example_dags/tutorial_taskflow_api.py
[2023-05-14T05:38:33.162+0000] {logging_mixin.py:137} INFO - [2023-05-14T05:38:33.162+0000] {dag.py:2705} INFO - Sync 1 DAGs
[2023-05-14T05:38:33.181+0000] {logging_mixin.py:137} INFO - [2023-05-14T05:38:33.181+0000] {dag.py:3456} INFO - Setting next_dagrun for tutorial_taskflow_api to None, run_after=None
[2023-05-14T05:38:33.201+0000] {processor.py:175} INFO - Processing /home/airflow/.local/lib/python3.7/site-packages/airflow/example_dags/tutorial_taskflow_api.py took 0.095 seconds
[2023-05-14T05:39:03.820+0000] {processor.py:153} INFO - Started process (PID=6395) to work on /home/airflow/.local/lib/python3.7/site-packages/airflow/example_dags/tutorial_taskflow_api.py
[2023-05-14T05:39:03.823+0000] {processor.py:743} INFO - Processing file /home/airflow/.local/lib/python3.7/site-packages/airflow/example_dags/tutorial_taskflow_api.py for tasks to queue
[2023-05-14T05:39:03.825+0000] {logging_mixin.py:137} INFO - [2023-05-14T05:39:03.825+0000] {dagbag.py:532} INFO - Filling up the DagBag from /home/airflow/.local/lib/python3.7/site-packages/airflow/example_dags/tutorial_taskflow_api.py
[2023-05-14T05:39:03.862+0000] {processor.py:753} INFO - DAG(s) dict_keys(['tutorial_taskflow_api']) retrieved from /home/airflow/.local/lib/python3.7/site-packages/airflow/example_dags/tutorial_taskflow_api.py
[2023-05-14T05:39:03.884+0000] {logging_mixin.py:137} INFO - [2023-05-14T05:39:03.884+0000] {dag.py:2705} INFO - Sync 1 DAGs
[2023-05-14T05:39:03.908+0000] {logging_mixin.py:137} INFO - [2023-05-14T05:39:03.908+0000] {dag.py:3456} INFO - Setting next_dagrun for tutorial_taskflow_api to None, run_after=None
[2023-05-14T05:39:03.921+0000] {processor.py:175} INFO - Processing /home/airflow/.local/lib/python3.7/site-packages/airflow/example_dags/tutorial_taskflow_api.py took 0.106 seconds
[2023-05-14T05:39:34.077+0000] {processor.py:153} INFO - Started process (PID=6623) to work on /home/airflow/.local/lib/python3.7/site-packages/airflow/example_dags/tutorial_taskflow_api.py
[2023-05-14T05:39:34.080+0000] {processor.py:743} INFO - Processing file /home/airflow/.local/lib/python3.7/site-packages/airflow/example_dags/tutorial_taskflow_api.py for tasks to queue
[2023-05-14T05:39:34.084+0000] {logging_mixin.py:137} INFO - [2023-05-14T05:39:34.084+0000] {dagbag.py:532} INFO - Filling up the DagBag from /home/airflow/.local/lib/python3.7/site-packages/airflow/example_dags/tutorial_taskflow_api.py
[2023-05-14T05:39:34.107+0000] {processor.py:753} INFO - DAG(s) dict_keys(['tutorial_taskflow_api']) retrieved from /home/airflow/.local/lib/python3.7/site-packages/airflow/example_dags/tutorial_taskflow_api.py
[2023-05-14T05:39:34.135+0000] {logging_mixin.py:137} INFO - [2023-05-14T05:39:34.135+0000] {dag.py:2705} INFO - Sync 1 DAGs
[2023-05-14T05:39:34.161+0000] {logging_mixin.py:137} INFO - [2023-05-14T05:39:34.161+0000] {dag.py:3456} INFO - Setting next_dagrun for tutorial_taskflow_api to None, run_after=None
[2023-05-14T05:39:34.194+0000] {processor.py:175} INFO - Processing /home/airflow/.local/lib/python3.7/site-packages/airflow/example_dags/tutorial_taskflow_api.py took 0.122 seconds
[2023-05-14T05:40:04.743+0000] {processor.py:153} INFO - Started process (PID=6868) to work on /home/airflow/.local/lib/python3.7/site-packages/airflow/example_dags/tutorial_taskflow_api.py
[2023-05-14T05:40:04.747+0000] {processor.py:743} INFO - Processing file /home/airflow/.local/lib/python3.7/site-packages/airflow/example_dags/tutorial_taskflow_api.py for tasks to queue
[2023-05-14T05:40:04.749+0000] {logging_mixin.py:137} INFO - [2023-05-14T05:40:04.749+0000] {dagbag.py:532} INFO - Filling up the DagBag from /home/airflow/.local/lib/python3.7/site-packages/airflow/example_dags/tutorial_taskflow_api.py
[2023-05-14T05:40:04.771+0000] {processor.py:753} INFO - DAG(s) dict_keys(['tutorial_taskflow_api']) retrieved from /home/airflow/.local/lib/python3.7/site-packages/airflow/example_dags/tutorial_taskflow_api.py
[2023-05-14T05:40:04.794+0000] {logging_mixin.py:137} INFO - [2023-05-14T05:40:04.794+0000] {dag.py:2705} INFO - Sync 1 DAGs
[2023-05-14T05:40:04.813+0000] {logging_mixin.py:137} INFO - [2023-05-14T05:40:04.813+0000] {dag.py:3456} INFO - Setting next_dagrun for tutorial_taskflow_api to None, run_after=None
[2023-05-14T05:40:04.827+0000] {processor.py:175} INFO - Processing /home/airflow/.local/lib/python3.7/site-packages/airflow/example_dags/tutorial_taskflow_api.py took 0.089 seconds
[2023-05-14T05:40:35.455+0000] {processor.py:153} INFO - Started process (PID=7092) to work on /home/airflow/.local/lib/python3.7/site-packages/airflow/example_dags/tutorial_taskflow_api.py
[2023-05-14T05:40:35.458+0000] {processor.py:743} INFO - Processing file /home/airflow/.local/lib/python3.7/site-packages/airflow/example_dags/tutorial_taskflow_api.py for tasks to queue
[2023-05-14T05:40:35.460+0000] {logging_mixin.py:137} INFO - [2023-05-14T05:40:35.459+0000] {dagbag.py:532} INFO - Filling up the DagBag from /home/airflow/.local/lib/python3.7/site-packages/airflow/example_dags/tutorial_taskflow_api.py
[2023-05-14T05:40:35.486+0000] {processor.py:753} INFO - DAG(s) dict_keys(['tutorial_taskflow_api']) retrieved from /home/airflow/.local/lib/python3.7/site-packages/airflow/example_dags/tutorial_taskflow_api.py
[2023-05-14T05:40:35.530+0000] {logging_mixin.py:137} INFO - [2023-05-14T05:40:35.530+0000] {dag.py:2705} INFO - Sync 1 DAGs
[2023-05-14T05:40:35.552+0000] {logging_mixin.py:137} INFO - [2023-05-14T05:40:35.552+0000] {dag.py:3456} INFO - Setting next_dagrun for tutorial_taskflow_api to None, run_after=None
[2023-05-14T05:40:35.566+0000] {processor.py:175} INFO - Processing /home/airflow/.local/lib/python3.7/site-packages/airflow/example_dags/tutorial_taskflow_api.py took 0.120 seconds
[2023-05-14T05:41:05.868+0000] {processor.py:153} INFO - Started process (PID=7322) to work on /home/airflow/.local/lib/python3.7/site-packages/airflow/example_dags/tutorial_taskflow_api.py
[2023-05-14T05:41:05.871+0000] {processor.py:743} INFO - Processing file /home/airflow/.local/lib/python3.7/site-packages/airflow/example_dags/tutorial_taskflow_api.py for tasks to queue
[2023-05-14T05:41:05.873+0000] {logging_mixin.py:137} INFO - [2023-05-14T05:41:05.873+0000] {dagbag.py:532} INFO - Filling up the DagBag from /home/airflow/.local/lib/python3.7/site-packages/airflow/example_dags/tutorial_taskflow_api.py
[2023-05-14T05:41:05.891+0000] {processor.py:753} INFO - DAG(s) dict_keys(['tutorial_taskflow_api']) retrieved from /home/airflow/.local/lib/python3.7/site-packages/airflow/example_dags/tutorial_taskflow_api.py
[2023-05-14T05:41:05.916+0000] {logging_mixin.py:137} INFO - [2023-05-14T05:41:05.916+0000] {dag.py:2705} INFO - Sync 1 DAGs
[2023-05-14T05:41:05.934+0000] {logging_mixin.py:137} INFO - [2023-05-14T05:41:05.934+0000] {dag.py:3456} INFO - Setting next_dagrun for tutorial_taskflow_api to None, run_after=None
[2023-05-14T05:41:05.946+0000] {processor.py:175} INFO - Processing /home/airflow/.local/lib/python3.7/site-packages/airflow/example_dags/tutorial_taskflow_api.py took 0.083 seconds
[2023-05-14T05:41:36.182+0000] {processor.py:153} INFO - Started process (PID=7546) to work on /home/airflow/.local/lib/python3.7/site-packages/airflow/example_dags/tutorial_taskflow_api.py
[2023-05-14T05:41:36.184+0000] {processor.py:743} INFO - Processing file /home/airflow/.local/lib/python3.7/site-packages/airflow/example_dags/tutorial_taskflow_api.py for tasks to queue
[2023-05-14T05:41:36.187+0000] {logging_mixin.py:137} INFO - [2023-05-14T05:41:36.187+0000] {dagbag.py:532} INFO - Filling up the DagBag from /home/airflow/.local/lib/python3.7/site-packages/airflow/example_dags/tutorial_taskflow_api.py
[2023-05-14T05:41:36.210+0000] {processor.py:753} INFO - DAG(s) dict_keys(['tutorial_taskflow_api']) retrieved from /home/airflow/.local/lib/python3.7/site-packages/airflow/example_dags/tutorial_taskflow_api.py
[2023-05-14T05:41:36.234+0000] {logging_mixin.py:137} INFO - [2023-05-14T05:41:36.234+0000] {dag.py:2705} INFO - Sync 1 DAGs
[2023-05-14T05:41:36.253+0000] {logging_mixin.py:137} INFO - [2023-05-14T05:41:36.253+0000] {dag.py:3456} INFO - Setting next_dagrun for tutorial_taskflow_api to None, run_after=None
[2023-05-14T05:41:36.270+0000] {processor.py:175} INFO - Processing /home/airflow/.local/lib/python3.7/site-packages/airflow/example_dags/tutorial_taskflow_api.py took 0.097 seconds
[2023-05-14T05:42:06.572+0000] {processor.py:153} INFO - Started process (PID=7776) to work on /home/airflow/.local/lib/python3.7/site-packages/airflow/example_dags/tutorial_taskflow_api.py
[2023-05-14T05:42:06.575+0000] {processor.py:743} INFO - Processing file /home/airflow/.local/lib/python3.7/site-packages/airflow/example_dags/tutorial_taskflow_api.py for tasks to queue
[2023-05-14T05:42:06.576+0000] {logging_mixin.py:137} INFO - [2023-05-14T05:42:06.576+0000] {dagbag.py:532} INFO - Filling up the DagBag from /home/airflow/.local/lib/python3.7/site-packages/airflow/example_dags/tutorial_taskflow_api.py
[2023-05-14T05:42:06.606+0000] {processor.py:753} INFO - DAG(s) dict_keys(['tutorial_taskflow_api']) retrieved from /home/airflow/.local/lib/python3.7/site-packages/airflow/example_dags/tutorial_taskflow_api.py
[2023-05-14T05:42:06.643+0000] {logging_mixin.py:137} INFO - [2023-05-14T05:42:06.643+0000] {dag.py:2705} INFO - Sync 1 DAGs
[2023-05-14T05:42:06.682+0000] {logging_mixin.py:137} INFO - [2023-05-14T05:42:06.682+0000] {dag.py:3456} INFO - Setting next_dagrun for tutorial_taskflow_api to None, run_after=None
[2023-05-14T05:42:06.698+0000] {processor.py:175} INFO - Processing /home/airflow/.local/lib/python3.7/site-packages/airflow/example_dags/tutorial_taskflow_api.py took 0.133 seconds
[2023-05-14T05:42:37.327+0000] {processor.py:153} INFO - Started process (PID=7999) to work on /home/airflow/.local/lib/python3.7/site-packages/airflow/example_dags/tutorial_taskflow_api.py
[2023-05-14T05:42:37.330+0000] {processor.py:743} INFO - Processing file /home/airflow/.local/lib/python3.7/site-packages/airflow/example_dags/tutorial_taskflow_api.py for tasks to queue
[2023-05-14T05:42:37.331+0000] {logging_mixin.py:137} INFO - [2023-05-14T05:42:37.331+0000] {dagbag.py:532} INFO - Filling up the DagBag from /home/airflow/.local/lib/python3.7/site-packages/airflow/example_dags/tutorial_taskflow_api.py
[2023-05-14T05:42:37.363+0000] {processor.py:753} INFO - DAG(s) dict_keys(['tutorial_taskflow_api']) retrieved from /home/airflow/.local/lib/python3.7/site-packages/airflow/example_dags/tutorial_taskflow_api.py
[2023-05-14T05:42:37.402+0000] {logging_mixin.py:137} INFO - [2023-05-14T05:42:37.402+0000] {dag.py:2705} INFO - Sync 1 DAGs
[2023-05-14T05:42:37.428+0000] {logging_mixin.py:137} INFO - [2023-05-14T05:42:37.428+0000] {dag.py:3456} INFO - Setting next_dagrun for tutorial_taskflow_api to None, run_after=None
[2023-05-14T05:42:37.442+0000] {processor.py:175} INFO - Processing /home/airflow/.local/lib/python3.7/site-packages/airflow/example_dags/tutorial_taskflow_api.py took 0.122 seconds
[2023-05-14T05:43:07.947+0000] {processor.py:153} INFO - Started process (PID=8230) to work on /home/airflow/.local/lib/python3.7/site-packages/airflow/example_dags/tutorial_taskflow_api.py
[2023-05-14T05:43:07.950+0000] {processor.py:743} INFO - Processing file /home/airflow/.local/lib/python3.7/site-packages/airflow/example_dags/tutorial_taskflow_api.py for tasks to queue
[2023-05-14T05:43:07.952+0000] {logging_mixin.py:137} INFO - [2023-05-14T05:43:07.952+0000] {dagbag.py:532} INFO - Filling up the DagBag from /home/airflow/.local/lib/python3.7/site-packages/airflow/example_dags/tutorial_taskflow_api.py
[2023-05-14T05:43:07.981+0000] {processor.py:753} INFO - DAG(s) dict_keys(['tutorial_taskflow_api']) retrieved from /home/airflow/.local/lib/python3.7/site-packages/airflow/example_dags/tutorial_taskflow_api.py
[2023-05-14T05:43:08.008+0000] {logging_mixin.py:137} INFO - [2023-05-14T05:43:08.008+0000] {dag.py:2705} INFO - Sync 1 DAGs
[2023-05-14T05:43:08.032+0000] {logging_mixin.py:137} INFO - [2023-05-14T05:43:08.032+0000] {dag.py:3456} INFO - Setting next_dagrun for tutorial_taskflow_api to None, run_after=None
[2023-05-14T05:43:08.048+0000] {processor.py:175} INFO - Processing /home/airflow/.local/lib/python3.7/site-packages/airflow/example_dags/tutorial_taskflow_api.py took 0.110 seconds
[2023-05-14T05:43:38.271+0000] {processor.py:153} INFO - Started process (PID=8455) to work on /home/airflow/.local/lib/python3.7/site-packages/airflow/example_dags/tutorial_taskflow_api.py
[2023-05-14T05:43:38.277+0000] {processor.py:743} INFO - Processing file /home/airflow/.local/lib/python3.7/site-packages/airflow/example_dags/tutorial_taskflow_api.py for tasks to queue
[2023-05-14T05:43:38.280+0000] {logging_mixin.py:137} INFO - [2023-05-14T05:43:38.280+0000] {dagbag.py:532} INFO - Filling up the DagBag from /home/airflow/.local/lib/python3.7/site-packages/airflow/example_dags/tutorial_taskflow_api.py
[2023-05-14T05:43:38.305+0000] {processor.py:753} INFO - DAG(s) dict_keys(['tutorial_taskflow_api']) retrieved from /home/airflow/.local/lib/python3.7/site-packages/airflow/example_dags/tutorial_taskflow_api.py
[2023-05-14T05:43:38.330+0000] {logging_mixin.py:137} INFO - [2023-05-14T05:43:38.330+0000] {dag.py:2705} INFO - Sync 1 DAGs
[2023-05-14T05:43:38.347+0000] {logging_mixin.py:137} INFO - [2023-05-14T05:43:38.347+0000] {dag.py:3456} INFO - Setting next_dagrun for tutorial_taskflow_api to None, run_after=None
[2023-05-14T05:43:38.361+0000] {processor.py:175} INFO - Processing /home/airflow/.local/lib/python3.7/site-packages/airflow/example_dags/tutorial_taskflow_api.py took 0.096 seconds
[2023-05-14T05:44:08.468+0000] {processor.py:153} INFO - Started process (PID=8685) to work on /home/airflow/.local/lib/python3.7/site-packages/airflow/example_dags/tutorial_taskflow_api.py
[2023-05-14T05:44:08.471+0000] {processor.py:743} INFO - Processing file /home/airflow/.local/lib/python3.7/site-packages/airflow/example_dags/tutorial_taskflow_api.py for tasks to queue
[2023-05-14T05:44:08.474+0000] {logging_mixin.py:137} INFO - [2023-05-14T05:44:08.474+0000] {dagbag.py:532} INFO - Filling up the DagBag from /home/airflow/.local/lib/python3.7/site-packages/airflow/example_dags/tutorial_taskflow_api.py
[2023-05-14T05:44:08.503+0000] {processor.py:753} INFO - DAG(s) dict_keys(['tutorial_taskflow_api']) retrieved from /home/airflow/.local/lib/python3.7/site-packages/airflow/example_dags/tutorial_taskflow_api.py
[2023-05-14T05:44:08.535+0000] {logging_mixin.py:137} INFO - [2023-05-14T05:44:08.534+0000] {dag.py:2705} INFO - Sync 1 DAGs
[2023-05-14T05:44:08.556+0000] {logging_mixin.py:137} INFO - [2023-05-14T05:44:08.556+0000] {dag.py:3456} INFO - Setting next_dagrun for tutorial_taskflow_api to None, run_after=None
[2023-05-14T05:44:08.570+0000] {processor.py:175} INFO - Processing /home/airflow/.local/lib/python3.7/site-packages/airflow/example_dags/tutorial_taskflow_api.py took 0.111 seconds
[2023-05-14T05:44:38.693+0000] {processor.py:153} INFO - Started process (PID=8915) to work on /home/airflow/.local/lib/python3.7/site-packages/airflow/example_dags/tutorial_taskflow_api.py
[2023-05-14T05:44:38.695+0000] {processor.py:743} INFO - Processing file /home/airflow/.local/lib/python3.7/site-packages/airflow/example_dags/tutorial_taskflow_api.py for tasks to queue
[2023-05-14T05:44:38.697+0000] {logging_mixin.py:137} INFO - [2023-05-14T05:44:38.697+0000] {dagbag.py:532} INFO - Filling up the DagBag from /home/airflow/.local/lib/python3.7/site-packages/airflow/example_dags/tutorial_taskflow_api.py
[2023-05-14T05:44:38.723+0000] {processor.py:753} INFO - DAG(s) dict_keys(['tutorial_taskflow_api']) retrieved from /home/airflow/.local/lib/python3.7/site-packages/airflow/example_dags/tutorial_taskflow_api.py
[2023-05-14T05:44:38.751+0000] {logging_mixin.py:137} INFO - [2023-05-14T05:44:38.751+0000] {dag.py:2705} INFO - Sync 1 DAGs
[2023-05-14T05:44:38.803+0000] {logging_mixin.py:137} INFO - [2023-05-14T05:44:38.803+0000] {dag.py:3456} INFO - Setting next_dagrun for tutorial_taskflow_api to None, run_after=None
[2023-05-14T05:44:38.843+0000] {processor.py:175} INFO - Processing /home/airflow/.local/lib/python3.7/site-packages/airflow/example_dags/tutorial_taskflow_api.py took 0.158 seconds
[2023-05-14T05:45:08.963+0000] {processor.py:153} INFO - Started process (PID=9139) to work on /home/airflow/.local/lib/python3.7/site-packages/airflow/example_dags/tutorial_taskflow_api.py
[2023-05-14T05:45:08.968+0000] {processor.py:743} INFO - Processing file /home/airflow/.local/lib/python3.7/site-packages/airflow/example_dags/tutorial_taskflow_api.py for tasks to queue
[2023-05-14T05:45:08.969+0000] {logging_mixin.py:137} INFO - [2023-05-14T05:45:08.969+0000] {dagbag.py:532} INFO - Filling up the DagBag from /home/airflow/.local/lib/python3.7/site-packages/airflow/example_dags/tutorial_taskflow_api.py
[2023-05-14T05:45:09.007+0000] {processor.py:753} INFO - DAG(s) dict_keys(['tutorial_taskflow_api']) retrieved from /home/airflow/.local/lib/python3.7/site-packages/airflow/example_dags/tutorial_taskflow_api.py
[2023-05-14T05:45:09.062+0000] {logging_mixin.py:137} INFO - [2023-05-14T05:45:09.062+0000] {dag.py:2705} INFO - Sync 1 DAGs
[2023-05-14T05:45:09.082+0000] {logging_mixin.py:137} INFO - [2023-05-14T05:45:09.082+0000] {dag.py:3456} INFO - Setting next_dagrun for tutorial_taskflow_api to None, run_after=None
[2023-05-14T05:45:09.096+0000] {processor.py:175} INFO - Processing /home/airflow/.local/lib/python3.7/site-packages/airflow/example_dags/tutorial_taskflow_api.py took 0.141 seconds
[2023-05-14T05:45:39.303+0000] {processor.py:153} INFO - Started process (PID=9381) to work on /home/airflow/.local/lib/python3.7/site-packages/airflow/example_dags/tutorial_taskflow_api.py
[2023-05-14T05:45:39.306+0000] {processor.py:743} INFO - Processing file /home/airflow/.local/lib/python3.7/site-packages/airflow/example_dags/tutorial_taskflow_api.py for tasks to queue
[2023-05-14T05:45:39.308+0000] {logging_mixin.py:137} INFO - [2023-05-14T05:45:39.308+0000] {dagbag.py:532} INFO - Filling up the DagBag from /home/airflow/.local/lib/python3.7/site-packages/airflow/example_dags/tutorial_taskflow_api.py
[2023-05-14T05:45:39.346+0000] {processor.py:753} INFO - DAG(s) dict_keys(['tutorial_taskflow_api']) retrieved from /home/airflow/.local/lib/python3.7/site-packages/airflow/example_dags/tutorial_taskflow_api.py
[2023-05-14T05:45:39.379+0000] {logging_mixin.py:137} INFO - [2023-05-14T05:45:39.379+0000] {dag.py:2705} INFO - Sync 1 DAGs
[2023-05-14T05:45:39.406+0000] {logging_mixin.py:137} INFO - [2023-05-14T05:45:39.406+0000] {dag.py:3456} INFO - Setting next_dagrun for tutorial_taskflow_api to None, run_after=None
[2023-05-14T05:45:39.421+0000] {processor.py:175} INFO - Processing /home/airflow/.local/lib/python3.7/site-packages/airflow/example_dags/tutorial_taskflow_api.py took 0.127 seconds
[2023-05-14T05:46:09.524+0000] {processor.py:153} INFO - Started process (PID=9610) to work on /home/airflow/.local/lib/python3.7/site-packages/airflow/example_dags/tutorial_taskflow_api.py
[2023-05-14T05:46:09.527+0000] {processor.py:743} INFO - Processing file /home/airflow/.local/lib/python3.7/site-packages/airflow/example_dags/tutorial_taskflow_api.py for tasks to queue
[2023-05-14T05:46:09.529+0000] {logging_mixin.py:137} INFO - [2023-05-14T05:46:09.529+0000] {dagbag.py:532} INFO - Filling up the DagBag from /home/airflow/.local/lib/python3.7/site-packages/airflow/example_dags/tutorial_taskflow_api.py
[2023-05-14T05:46:09.557+0000] {processor.py:753} INFO - DAG(s) dict_keys(['tutorial_taskflow_api']) retrieved from /home/airflow/.local/lib/python3.7/site-packages/airflow/example_dags/tutorial_taskflow_api.py
[2023-05-14T05:46:09.584+0000] {logging_mixin.py:137} INFO - [2023-05-14T05:46:09.584+0000] {dag.py:2705} INFO - Sync 1 DAGs
[2023-05-14T05:46:09.604+0000] {logging_mixin.py:137} INFO - [2023-05-14T05:46:09.604+0000] {dag.py:3456} INFO - Setting next_dagrun for tutorial_taskflow_api to None, run_after=None
[2023-05-14T05:46:09.617+0000] {processor.py:175} INFO - Processing /home/airflow/.local/lib/python3.7/site-packages/airflow/example_dags/tutorial_taskflow_api.py took 0.099 seconds
[2023-05-14T05:46:39.747+0000] {processor.py:153} INFO - Started process (PID=9834) to work on /home/airflow/.local/lib/python3.7/site-packages/airflow/example_dags/tutorial_taskflow_api.py
[2023-05-14T05:46:39.768+0000] {processor.py:743} INFO - Processing file /home/airflow/.local/lib/python3.7/site-packages/airflow/example_dags/tutorial_taskflow_api.py for tasks to queue
[2023-05-14T05:46:39.772+0000] {logging_mixin.py:137} INFO - [2023-05-14T05:46:39.772+0000] {dagbag.py:532} INFO - Filling up the DagBag from /home/airflow/.local/lib/python3.7/site-packages/airflow/example_dags/tutorial_taskflow_api.py
[2023-05-14T05:46:39.791+0000] {processor.py:753} INFO - DAG(s) dict_keys(['tutorial_taskflow_api']) retrieved from /home/airflow/.local/lib/python3.7/site-packages/airflow/example_dags/tutorial_taskflow_api.py
[2023-05-14T05:46:39.813+0000] {logging_mixin.py:137} INFO - [2023-05-14T05:46:39.813+0000] {dag.py:2705} INFO - Sync 1 DAGs
[2023-05-14T05:46:39.831+0000] {logging_mixin.py:137} INFO - [2023-05-14T05:46:39.831+0000] {dag.py:3456} INFO - Setting next_dagrun for tutorial_taskflow_api to None, run_after=None
[2023-05-14T05:46:39.845+0000] {processor.py:175} INFO - Processing /home/airflow/.local/lib/python3.7/site-packages/airflow/example_dags/tutorial_taskflow_api.py took 0.103 seconds
[2023-05-14T05:47:10.029+0000] {processor.py:153} INFO - Started process (PID=10058) to work on /home/airflow/.local/lib/python3.7/site-packages/airflow/example_dags/tutorial_taskflow_api.py
[2023-05-14T05:47:10.031+0000] {processor.py:743} INFO - Processing file /home/airflow/.local/lib/python3.7/site-packages/airflow/example_dags/tutorial_taskflow_api.py for tasks to queue
[2023-05-14T05:47:10.032+0000] {logging_mixin.py:137} INFO - [2023-05-14T05:47:10.032+0000] {dagbag.py:532} INFO - Filling up the DagBag from /home/airflow/.local/lib/python3.7/site-packages/airflow/example_dags/tutorial_taskflow_api.py
[2023-05-14T05:47:10.056+0000] {processor.py:753} INFO - DAG(s) dict_keys(['tutorial_taskflow_api']) retrieved from /home/airflow/.local/lib/python3.7/site-packages/airflow/example_dags/tutorial_taskflow_api.py
[2023-05-14T05:47:10.087+0000] {logging_mixin.py:137} INFO - [2023-05-14T05:47:10.086+0000] {dag.py:2705} INFO - Sync 1 DAGs
[2023-05-14T05:47:10.107+0000] {logging_mixin.py:137} INFO - [2023-05-14T05:47:10.107+0000] {dag.py:3456} INFO - Setting next_dagrun for tutorial_taskflow_api to None, run_after=None
[2023-05-14T05:47:10.121+0000] {processor.py:175} INFO - Processing /home/airflow/.local/lib/python3.7/site-packages/airflow/example_dags/tutorial_taskflow_api.py took 0.101 seconds
[2023-05-14T05:47:40.349+0000] {processor.py:153} INFO - Started process (PID=10281) to work on /home/airflow/.local/lib/python3.7/site-packages/airflow/example_dags/tutorial_taskflow_api.py
[2023-05-14T05:47:40.352+0000] {processor.py:743} INFO - Processing file /home/airflow/.local/lib/python3.7/site-packages/airflow/example_dags/tutorial_taskflow_api.py for tasks to queue
[2023-05-14T05:47:40.354+0000] {logging_mixin.py:137} INFO - [2023-05-14T05:47:40.354+0000] {dagbag.py:532} INFO - Filling up the DagBag from /home/airflow/.local/lib/python3.7/site-packages/airflow/example_dags/tutorial_taskflow_api.py
[2023-05-14T05:47:40.389+0000] {processor.py:753} INFO - DAG(s) dict_keys(['tutorial_taskflow_api']) retrieved from /home/airflow/.local/lib/python3.7/site-packages/airflow/example_dags/tutorial_taskflow_api.py
[2023-05-14T05:47:40.412+0000] {logging_mixin.py:137} INFO - [2023-05-14T05:47:40.412+0000] {dag.py:2705} INFO - Sync 1 DAGs
[2023-05-14T05:47:40.429+0000] {logging_mixin.py:137} INFO - [2023-05-14T05:47:40.429+0000] {dag.py:3456} INFO - Setting next_dagrun for tutorial_taskflow_api to None, run_after=None
[2023-05-14T05:47:40.441+0000] {processor.py:175} INFO - Processing /home/airflow/.local/lib/python3.7/site-packages/airflow/example_dags/tutorial_taskflow_api.py took 0.099 seconds
[2023-05-14T05:48:10.804+0000] {processor.py:153} INFO - Started process (PID=10505) to work on /home/airflow/.local/lib/python3.7/site-packages/airflow/example_dags/tutorial_taskflow_api.py
[2023-05-14T05:48:10.810+0000] {processor.py:743} INFO - Processing file /home/airflow/.local/lib/python3.7/site-packages/airflow/example_dags/tutorial_taskflow_api.py for tasks to queue
[2023-05-14T05:48:10.813+0000] {logging_mixin.py:137} INFO - [2023-05-14T05:48:10.813+0000] {dagbag.py:532} INFO - Filling up the DagBag from /home/airflow/.local/lib/python3.7/site-packages/airflow/example_dags/tutorial_taskflow_api.py
[2023-05-14T05:48:10.834+0000] {processor.py:753} INFO - DAG(s) dict_keys(['tutorial_taskflow_api']) retrieved from /home/airflow/.local/lib/python3.7/site-packages/airflow/example_dags/tutorial_taskflow_api.py
[2023-05-14T05:48:10.862+0000] {logging_mixin.py:137} INFO - [2023-05-14T05:48:10.862+0000] {dag.py:2705} INFO - Sync 1 DAGs
[2023-05-14T05:48:10.881+0000] {logging_mixin.py:137} INFO - [2023-05-14T05:48:10.881+0000] {dag.py:3456} INFO - Setting next_dagrun for tutorial_taskflow_api to None, run_after=None
[2023-05-14T05:48:10.895+0000] {processor.py:175} INFO - Processing /home/airflow/.local/lib/python3.7/site-packages/airflow/example_dags/tutorial_taskflow_api.py took 0.098 seconds
[2023-05-14T05:48:41.161+0000] {processor.py:153} INFO - Started process (PID=10729) to work on /home/airflow/.local/lib/python3.7/site-packages/airflow/example_dags/tutorial_taskflow_api.py
[2023-05-14T05:48:41.165+0000] {processor.py:743} INFO - Processing file /home/airflow/.local/lib/python3.7/site-packages/airflow/example_dags/tutorial_taskflow_api.py for tasks to queue
[2023-05-14T05:48:41.169+0000] {logging_mixin.py:137} INFO - [2023-05-14T05:48:41.168+0000] {dagbag.py:532} INFO - Filling up the DagBag from /home/airflow/.local/lib/python3.7/site-packages/airflow/example_dags/tutorial_taskflow_api.py
[2023-05-14T05:48:41.200+0000] {processor.py:753} INFO - DAG(s) dict_keys(['tutorial_taskflow_api']) retrieved from /home/airflow/.local/lib/python3.7/site-packages/airflow/example_dags/tutorial_taskflow_api.py
[2023-05-14T05:48:41.254+0000] {logging_mixin.py:137} INFO - [2023-05-14T05:48:41.254+0000] {dag.py:2705} INFO - Sync 1 DAGs
[2023-05-14T05:48:41.276+0000] {logging_mixin.py:137} INFO - [2023-05-14T05:48:41.275+0000] {dag.py:3456} INFO - Setting next_dagrun for tutorial_taskflow_api to None, run_after=None
[2023-05-14T05:48:41.291+0000] {processor.py:175} INFO - Processing /home/airflow/.local/lib/python3.7/site-packages/airflow/example_dags/tutorial_taskflow_api.py took 0.135 seconds
[2023-05-14T05:49:11.450+0000] {processor.py:153} INFO - Started process (PID=10953) to work on /home/airflow/.local/lib/python3.7/site-packages/airflow/example_dags/tutorial_taskflow_api.py
[2023-05-14T05:49:11.471+0000] {processor.py:743} INFO - Processing file /home/airflow/.local/lib/python3.7/site-packages/airflow/example_dags/tutorial_taskflow_api.py for tasks to queue
[2023-05-14T05:49:11.473+0000] {logging_mixin.py:137} INFO - [2023-05-14T05:49:11.473+0000] {dagbag.py:532} INFO - Filling up the DagBag from /home/airflow/.local/lib/python3.7/site-packages/airflow/example_dags/tutorial_taskflow_api.py
[2023-05-14T05:49:11.501+0000] {processor.py:753} INFO - DAG(s) dict_keys(['tutorial_taskflow_api']) retrieved from /home/airflow/.local/lib/python3.7/site-packages/airflow/example_dags/tutorial_taskflow_api.py
[2023-05-14T05:49:11.532+0000] {logging_mixin.py:137} INFO - [2023-05-14T05:49:11.532+0000] {dag.py:2705} INFO - Sync 1 DAGs
[2023-05-14T05:49:11.554+0000] {logging_mixin.py:137} INFO - [2023-05-14T05:49:11.554+0000] {dag.py:3456} INFO - Setting next_dagrun for tutorial_taskflow_api to None, run_after=None
[2023-05-14T05:49:11.568+0000] {processor.py:175} INFO - Processing /home/airflow/.local/lib/python3.7/site-packages/airflow/example_dags/tutorial_taskflow_api.py took 0.125 seconds
[2023-05-14T05:49:41.807+0000] {processor.py:153} INFO - Started process (PID=11179) to work on /home/airflow/.local/lib/python3.7/site-packages/airflow/example_dags/tutorial_taskflow_api.py
[2023-05-14T05:49:41.811+0000] {processor.py:743} INFO - Processing file /home/airflow/.local/lib/python3.7/site-packages/airflow/example_dags/tutorial_taskflow_api.py for tasks to queue
[2023-05-14T05:49:41.813+0000] {logging_mixin.py:137} INFO - [2023-05-14T05:49:41.813+0000] {dagbag.py:532} INFO - Filling up the DagBag from /home/airflow/.local/lib/python3.7/site-packages/airflow/example_dags/tutorial_taskflow_api.py
[2023-05-14T05:49:41.837+0000] {processor.py:753} INFO - DAG(s) dict_keys(['tutorial_taskflow_api']) retrieved from /home/airflow/.local/lib/python3.7/site-packages/airflow/example_dags/tutorial_taskflow_api.py
[2023-05-14T05:49:41.862+0000] {logging_mixin.py:137} INFO - [2023-05-14T05:49:41.862+0000] {dag.py:2705} INFO - Sync 1 DAGs
[2023-05-14T05:49:41.879+0000] {logging_mixin.py:137} INFO - [2023-05-14T05:49:41.879+0000] {dag.py:3456} INFO - Setting next_dagrun for tutorial_taskflow_api to None, run_after=None
[2023-05-14T05:49:41.892+0000] {processor.py:175} INFO - Processing /home/airflow/.local/lib/python3.7/site-packages/airflow/example_dags/tutorial_taskflow_api.py took 0.091 seconds
[2023-05-14T05:50:12.017+0000] {processor.py:153} INFO - Started process (PID=11403) to work on /home/airflow/.local/lib/python3.7/site-packages/airflow/example_dags/tutorial_taskflow_api.py
[2023-05-14T05:50:12.021+0000] {processor.py:743} INFO - Processing file /home/airflow/.local/lib/python3.7/site-packages/airflow/example_dags/tutorial_taskflow_api.py for tasks to queue
[2023-05-14T05:50:12.022+0000] {logging_mixin.py:137} INFO - [2023-05-14T05:50:12.022+0000] {dagbag.py:532} INFO - Filling up the DagBag from /home/airflow/.local/lib/python3.7/site-packages/airflow/example_dags/tutorial_taskflow_api.py
[2023-05-14T05:50:12.043+0000] {processor.py:753} INFO - DAG(s) dict_keys(['tutorial_taskflow_api']) retrieved from /home/airflow/.local/lib/python3.7/site-packages/airflow/example_dags/tutorial_taskflow_api.py
[2023-05-14T05:50:12.067+0000] {logging_mixin.py:137} INFO - [2023-05-14T05:50:12.066+0000] {dag.py:2705} INFO - Sync 1 DAGs
[2023-05-14T05:50:12.087+0000] {logging_mixin.py:137} INFO - [2023-05-14T05:50:12.087+0000] {dag.py:3456} INFO - Setting next_dagrun for tutorial_taskflow_api to None, run_after=None
[2023-05-14T05:50:12.099+0000] {processor.py:175} INFO - Processing /home/airflow/.local/lib/python3.7/site-packages/airflow/example_dags/tutorial_taskflow_api.py took 0.090 seconds
[2023-05-14T05:50:42.449+0000] {processor.py:153} INFO - Started process (PID=11627) to work on /home/airflow/.local/lib/python3.7/site-packages/airflow/example_dags/tutorial_taskflow_api.py
[2023-05-14T05:50:42.456+0000] {processor.py:743} INFO - Processing file /home/airflow/.local/lib/python3.7/site-packages/airflow/example_dags/tutorial_taskflow_api.py for tasks to queue
[2023-05-14T05:50:42.458+0000] {logging_mixin.py:137} INFO - [2023-05-14T05:50:42.458+0000] {dagbag.py:532} INFO - Filling up the DagBag from /home/airflow/.local/lib/python3.7/site-packages/airflow/example_dags/tutorial_taskflow_api.py
[2023-05-14T05:50:42.479+0000] {processor.py:753} INFO - DAG(s) dict_keys(['tutorial_taskflow_api']) retrieved from /home/airflow/.local/lib/python3.7/site-packages/airflow/example_dags/tutorial_taskflow_api.py
[2023-05-14T05:50:42.506+0000] {logging_mixin.py:137} INFO - [2023-05-14T05:50:42.505+0000] {dag.py:2705} INFO - Sync 1 DAGs
[2023-05-14T05:50:42.524+0000] {logging_mixin.py:137} INFO - [2023-05-14T05:50:42.524+0000] {dag.py:3456} INFO - Setting next_dagrun for tutorial_taskflow_api to None, run_after=None
[2023-05-14T05:50:42.540+0000] {processor.py:175} INFO - Processing /home/airflow/.local/lib/python3.7/site-packages/airflow/example_dags/tutorial_taskflow_api.py took 0.098 seconds
[2023-05-14T05:51:12.773+0000] {processor.py:153} INFO - Started process (PID=11851) to work on /home/airflow/.local/lib/python3.7/site-packages/airflow/example_dags/tutorial_taskflow_api.py
[2023-05-14T05:51:12.777+0000] {processor.py:743} INFO - Processing file /home/airflow/.local/lib/python3.7/site-packages/airflow/example_dags/tutorial_taskflow_api.py for tasks to queue
[2023-05-14T05:51:12.779+0000] {logging_mixin.py:137} INFO - [2023-05-14T05:51:12.779+0000] {dagbag.py:532} INFO - Filling up the DagBag from /home/airflow/.local/lib/python3.7/site-packages/airflow/example_dags/tutorial_taskflow_api.py
[2023-05-14T05:51:12.805+0000] {processor.py:753} INFO - DAG(s) dict_keys(['tutorial_taskflow_api']) retrieved from /home/airflow/.local/lib/python3.7/site-packages/airflow/example_dags/tutorial_taskflow_api.py
[2023-05-14T05:51:12.835+0000] {logging_mixin.py:137} INFO - [2023-05-14T05:51:12.835+0000] {dag.py:2705} INFO - Sync 1 DAGs
[2023-05-14T05:51:12.876+0000] {logging_mixin.py:137} INFO - [2023-05-14T05:51:12.876+0000] {dag.py:3456} INFO - Setting next_dagrun for tutorial_taskflow_api to None, run_after=None
[2023-05-14T05:51:12.891+0000] {processor.py:175} INFO - Processing /home/airflow/.local/lib/python3.7/site-packages/airflow/example_dags/tutorial_taskflow_api.py took 0.123 seconds
[2023-05-14T05:51:43.142+0000] {processor.py:153} INFO - Started process (PID=12075) to work on /home/airflow/.local/lib/python3.7/site-packages/airflow/example_dags/tutorial_taskflow_api.py
[2023-05-14T05:51:43.146+0000] {processor.py:743} INFO - Processing file /home/airflow/.local/lib/python3.7/site-packages/airflow/example_dags/tutorial_taskflow_api.py for tasks to queue
[2023-05-14T05:51:43.147+0000] {logging_mixin.py:137} INFO - [2023-05-14T05:51:43.147+0000] {dagbag.py:532} INFO - Filling up the DagBag from /home/airflow/.local/lib/python3.7/site-packages/airflow/example_dags/tutorial_taskflow_api.py
[2023-05-14T05:51:43.175+0000] {processor.py:753} INFO - DAG(s) dict_keys(['tutorial_taskflow_api']) retrieved from /home/airflow/.local/lib/python3.7/site-packages/airflow/example_dags/tutorial_taskflow_api.py
[2023-05-14T05:51:43.207+0000] {logging_mixin.py:137} INFO - [2023-05-14T05:51:43.207+0000] {dag.py:2705} INFO - Sync 1 DAGs
[2023-05-14T05:51:43.234+0000] {logging_mixin.py:137} INFO - [2023-05-14T05:51:43.233+0000] {dag.py:3456} INFO - Setting next_dagrun for tutorial_taskflow_api to None, run_after=None
[2023-05-14T05:51:43.248+0000] {processor.py:175} INFO - Processing /home/airflow/.local/lib/python3.7/site-packages/airflow/example_dags/tutorial_taskflow_api.py took 0.112 seconds
[2023-05-14T05:52:13.389+0000] {processor.py:153} INFO - Started process (PID=12298) to work on /home/airflow/.local/lib/python3.7/site-packages/airflow/example_dags/tutorial_taskflow_api.py
[2023-05-14T05:52:13.408+0000] {processor.py:743} INFO - Processing file /home/airflow/.local/lib/python3.7/site-packages/airflow/example_dags/tutorial_taskflow_api.py for tasks to queue
[2023-05-14T05:52:13.410+0000] {logging_mixin.py:137} INFO - [2023-05-14T05:52:13.410+0000] {dagbag.py:532} INFO - Filling up the DagBag from /home/airflow/.local/lib/python3.7/site-packages/airflow/example_dags/tutorial_taskflow_api.py
[2023-05-14T05:52:13.442+0000] {processor.py:753} INFO - DAG(s) dict_keys(['tutorial_taskflow_api']) retrieved from /home/airflow/.local/lib/python3.7/site-packages/airflow/example_dags/tutorial_taskflow_api.py
[2023-05-14T05:52:13.474+0000] {logging_mixin.py:137} INFO - [2023-05-14T05:52:13.473+0000] {dag.py:2705} INFO - Sync 1 DAGs
[2023-05-14T05:52:13.495+0000] {logging_mixin.py:137} INFO - [2023-05-14T05:52:13.495+0000] {dag.py:3456} INFO - Setting next_dagrun for tutorial_taskflow_api to None, run_after=None
[2023-05-14T05:52:13.510+0000] {processor.py:175} INFO - Processing /home/airflow/.local/lib/python3.7/site-packages/airflow/example_dags/tutorial_taskflow_api.py took 0.130 seconds
[2023-05-14T05:52:43.821+0000] {processor.py:153} INFO - Started process (PID=12522) to work on /home/airflow/.local/lib/python3.7/site-packages/airflow/example_dags/tutorial_taskflow_api.py
[2023-05-14T05:52:43.825+0000] {processor.py:743} INFO - Processing file /home/airflow/.local/lib/python3.7/site-packages/airflow/example_dags/tutorial_taskflow_api.py for tasks to queue
[2023-05-14T05:52:43.826+0000] {logging_mixin.py:137} INFO - [2023-05-14T05:52:43.826+0000] {dagbag.py:532} INFO - Filling up the DagBag from /home/airflow/.local/lib/python3.7/site-packages/airflow/example_dags/tutorial_taskflow_api.py
[2023-05-14T05:52:43.852+0000] {processor.py:753} INFO - DAG(s) dict_keys(['tutorial_taskflow_api']) retrieved from /home/airflow/.local/lib/python3.7/site-packages/airflow/example_dags/tutorial_taskflow_api.py
[2023-05-14T05:52:43.876+0000] {logging_mixin.py:137} INFO - [2023-05-14T05:52:43.876+0000] {dag.py:2705} INFO - Sync 1 DAGs
[2023-05-14T05:52:43.893+0000] {logging_mixin.py:137} INFO - [2023-05-14T05:52:43.893+0000] {dag.py:3456} INFO - Setting next_dagrun for tutorial_taskflow_api to None, run_after=None
[2023-05-14T05:52:43.906+0000] {processor.py:175} INFO - Processing /home/airflow/.local/lib/python3.7/site-packages/airflow/example_dags/tutorial_taskflow_api.py took 0.090 seconds
[2023-05-14T05:53:14.140+0000] {processor.py:153} INFO - Started process (PID=12746) to work on /home/airflow/.local/lib/python3.7/site-packages/airflow/example_dags/tutorial_taskflow_api.py
[2023-05-14T05:53:14.143+0000] {processor.py:743} INFO - Processing file /home/airflow/.local/lib/python3.7/site-packages/airflow/example_dags/tutorial_taskflow_api.py for tasks to queue
[2023-05-14T05:53:14.170+0000] {logging_mixin.py:137} INFO - [2023-05-14T05:53:14.170+0000] {dagbag.py:532} INFO - Filling up the DagBag from /home/airflow/.local/lib/python3.7/site-packages/airflow/example_dags/tutorial_taskflow_api.py
[2023-05-14T05:53:14.199+0000] {processor.py:753} INFO - DAG(s) dict_keys(['tutorial_taskflow_api']) retrieved from /home/airflow/.local/lib/python3.7/site-packages/airflow/example_dags/tutorial_taskflow_api.py
[2023-05-14T05:53:14.235+0000] {logging_mixin.py:137} INFO - [2023-05-14T05:53:14.234+0000] {dag.py:2705} INFO - Sync 1 DAGs
[2023-05-14T05:53:14.260+0000] {logging_mixin.py:137} INFO - [2023-05-14T05:53:14.259+0000] {dag.py:3456} INFO - Setting next_dagrun for tutorial_taskflow_api to None, run_after=None
[2023-05-14T05:53:14.275+0000] {processor.py:175} INFO - Processing /home/airflow/.local/lib/python3.7/site-packages/airflow/example_dags/tutorial_taskflow_api.py took 0.145 seconds
[2023-05-14T05:53:44.420+0000] {processor.py:153} INFO - Started process (PID=12971) to work on /home/airflow/.local/lib/python3.7/site-packages/airflow/example_dags/tutorial_taskflow_api.py
[2023-05-14T05:53:44.427+0000] {processor.py:743} INFO - Processing file /home/airflow/.local/lib/python3.7/site-packages/airflow/example_dags/tutorial_taskflow_api.py for tasks to queue
[2023-05-14T05:53:44.429+0000] {logging_mixin.py:137} INFO - [2023-05-14T05:53:44.429+0000] {dagbag.py:532} INFO - Filling up the DagBag from /home/airflow/.local/lib/python3.7/site-packages/airflow/example_dags/tutorial_taskflow_api.py
[2023-05-14T05:53:44.451+0000] {processor.py:753} INFO - DAG(s) dict_keys(['tutorial_taskflow_api']) retrieved from /home/airflow/.local/lib/python3.7/site-packages/airflow/example_dags/tutorial_taskflow_api.py
[2023-05-14T05:53:44.474+0000] {logging_mixin.py:137} INFO - [2023-05-14T05:53:44.474+0000] {dag.py:2705} INFO - Sync 1 DAGs
[2023-05-14T05:53:44.492+0000] {logging_mixin.py:137} INFO - [2023-05-14T05:53:44.491+0000] {dag.py:3456} INFO - Setting next_dagrun for tutorial_taskflow_api to None, run_after=None
[2023-05-14T05:53:44.505+0000] {processor.py:175} INFO - Processing /home/airflow/.local/lib/python3.7/site-packages/airflow/example_dags/tutorial_taskflow_api.py took 0.091 seconds
[2023-05-14T05:54:14.749+0000] {processor.py:153} INFO - Started process (PID=13195) to work on /home/airflow/.local/lib/python3.7/site-packages/airflow/example_dags/tutorial_taskflow_api.py
[2023-05-14T05:54:14.752+0000] {processor.py:743} INFO - Processing file /home/airflow/.local/lib/python3.7/site-packages/airflow/example_dags/tutorial_taskflow_api.py for tasks to queue
[2023-05-14T05:54:14.754+0000] {logging_mixin.py:137} INFO - [2023-05-14T05:54:14.754+0000] {dagbag.py:532} INFO - Filling up the DagBag from /home/airflow/.local/lib/python3.7/site-packages/airflow/example_dags/tutorial_taskflow_api.py
[2023-05-14T05:54:14.775+0000] {processor.py:753} INFO - DAG(s) dict_keys(['tutorial_taskflow_api']) retrieved from /home/airflow/.local/lib/python3.7/site-packages/airflow/example_dags/tutorial_taskflow_api.py
[2023-05-14T05:54:14.800+0000] {logging_mixin.py:137} INFO - [2023-05-14T05:54:14.800+0000] {dag.py:2705} INFO - Sync 1 DAGs
[2023-05-14T05:54:14.818+0000] {logging_mixin.py:137} INFO - [2023-05-14T05:54:14.818+0000] {dag.py:3456} INFO - Setting next_dagrun for tutorial_taskflow_api to None, run_after=None
[2023-05-14T05:54:14.846+0000] {processor.py:175} INFO - Processing /home/airflow/.local/lib/python3.7/site-packages/airflow/example_dags/tutorial_taskflow_api.py took 0.103 seconds
[2023-05-14T05:54:45.030+0000] {processor.py:153} INFO - Started process (PID=13418) to work on /home/airflow/.local/lib/python3.7/site-packages/airflow/example_dags/tutorial_taskflow_api.py
[2023-05-14T05:54:45.034+0000] {processor.py:743} INFO - Processing file /home/airflow/.local/lib/python3.7/site-packages/airflow/example_dags/tutorial_taskflow_api.py for tasks to queue
[2023-05-14T05:54:45.037+0000] {logging_mixin.py:137} INFO - [2023-05-14T05:54:45.037+0000] {dagbag.py:532} INFO - Filling up the DagBag from /home/airflow/.local/lib/python3.7/site-packages/airflow/example_dags/tutorial_taskflow_api.py
[2023-05-14T05:54:45.063+0000] {processor.py:753} INFO - DAG(s) dict_keys(['tutorial_taskflow_api']) retrieved from /home/airflow/.local/lib/python3.7/site-packages/airflow/example_dags/tutorial_taskflow_api.py
[2023-05-14T05:54:45.089+0000] {logging_mixin.py:137} INFO - [2023-05-14T05:54:45.089+0000] {dag.py:2705} INFO - Sync 1 DAGs
[2023-05-14T05:54:45.109+0000] {logging_mixin.py:137} INFO - [2023-05-14T05:54:45.109+0000] {dag.py:3456} INFO - Setting next_dagrun for tutorial_taskflow_api to None, run_after=None
[2023-05-14T05:54:45.122+0000] {processor.py:175} INFO - Processing /home/airflow/.local/lib/python3.7/site-packages/airflow/example_dags/tutorial_taskflow_api.py took 0.098 seconds
[2023-05-14T05:55:15.341+0000] {processor.py:153} INFO - Started process (PID=13642) to work on /home/airflow/.local/lib/python3.7/site-packages/airflow/example_dags/tutorial_taskflow_api.py
[2023-05-14T05:55:15.345+0000] {processor.py:743} INFO - Processing file /home/airflow/.local/lib/python3.7/site-packages/airflow/example_dags/tutorial_taskflow_api.py for tasks to queue
[2023-05-14T05:55:15.347+0000] {logging_mixin.py:137} INFO - [2023-05-14T05:55:15.347+0000] {dagbag.py:532} INFO - Filling up the DagBag from /home/airflow/.local/lib/python3.7/site-packages/airflow/example_dags/tutorial_taskflow_api.py
[2023-05-14T05:55:15.386+0000] {processor.py:753} INFO - DAG(s) dict_keys(['tutorial_taskflow_api']) retrieved from /home/airflow/.local/lib/python3.7/site-packages/airflow/example_dags/tutorial_taskflow_api.py
[2023-05-14T05:55:15.414+0000] {logging_mixin.py:137} INFO - [2023-05-14T05:55:15.414+0000] {dag.py:2705} INFO - Sync 1 DAGs
[2023-05-14T05:55:15.434+0000] {logging_mixin.py:137} INFO - [2023-05-14T05:55:15.434+0000] {dag.py:3456} INFO - Setting next_dagrun for tutorial_taskflow_api to None, run_after=None
[2023-05-14T05:55:15.448+0000] {processor.py:175} INFO - Processing /home/airflow/.local/lib/python3.7/site-packages/airflow/example_dags/tutorial_taskflow_api.py took 0.113 seconds
[2023-05-14T05:55:45.765+0000] {processor.py:153} INFO - Started process (PID=13866) to work on /home/airflow/.local/lib/python3.7/site-packages/airflow/example_dags/tutorial_taskflow_api.py
[2023-05-14T05:55:45.771+0000] {processor.py:743} INFO - Processing file /home/airflow/.local/lib/python3.7/site-packages/airflow/example_dags/tutorial_taskflow_api.py for tasks to queue
[2023-05-14T05:55:45.773+0000] {logging_mixin.py:137} INFO - [2023-05-14T05:55:45.773+0000] {dagbag.py:532} INFO - Filling up the DagBag from /home/airflow/.local/lib/python3.7/site-packages/airflow/example_dags/tutorial_taskflow_api.py
[2023-05-14T05:55:45.799+0000] {processor.py:753} INFO - DAG(s) dict_keys(['tutorial_taskflow_api']) retrieved from /home/airflow/.local/lib/python3.7/site-packages/airflow/example_dags/tutorial_taskflow_api.py
[2023-05-14T05:55:45.824+0000] {logging_mixin.py:137} INFO - [2023-05-14T05:55:45.824+0000] {dag.py:2705} INFO - Sync 1 DAGs
[2023-05-14T05:55:45.843+0000] {logging_mixin.py:137} INFO - [2023-05-14T05:55:45.843+0000] {dag.py:3456} INFO - Setting next_dagrun for tutorial_taskflow_api to None, run_after=None
[2023-05-14T05:55:45.861+0000] {processor.py:175} INFO - Processing /home/airflow/.local/lib/python3.7/site-packages/airflow/example_dags/tutorial_taskflow_api.py took 0.104 seconds
[2023-05-14T05:56:16.019+0000] {processor.py:153} INFO - Started process (PID=14090) to work on /home/airflow/.local/lib/python3.7/site-packages/airflow/example_dags/tutorial_taskflow_api.py
[2023-05-14T05:56:16.022+0000] {processor.py:743} INFO - Processing file /home/airflow/.local/lib/python3.7/site-packages/airflow/example_dags/tutorial_taskflow_api.py for tasks to queue
[2023-05-14T05:56:16.024+0000] {logging_mixin.py:137} INFO - [2023-05-14T05:56:16.024+0000] {dagbag.py:532} INFO - Filling up the DagBag from /home/airflow/.local/lib/python3.7/site-packages/airflow/example_dags/tutorial_taskflow_api.py
[2023-05-14T05:56:16.056+0000] {processor.py:753} INFO - DAG(s) dict_keys(['tutorial_taskflow_api']) retrieved from /home/airflow/.local/lib/python3.7/site-packages/airflow/example_dags/tutorial_taskflow_api.py
[2023-05-14T05:56:16.086+0000] {logging_mixin.py:137} INFO - [2023-05-14T05:56:16.086+0000] {dag.py:2705} INFO - Sync 1 DAGs
[2023-05-14T05:56:16.107+0000] {logging_mixin.py:137} INFO - [2023-05-14T05:56:16.107+0000] {dag.py:3456} INFO - Setting next_dagrun for tutorial_taskflow_api to None, run_after=None
[2023-05-14T05:56:16.120+0000] {processor.py:175} INFO - Processing /home/airflow/.local/lib/python3.7/site-packages/airflow/example_dags/tutorial_taskflow_api.py took 0.107 seconds
[2023-05-14T05:56:46.704+0000] {processor.py:153} INFO - Started process (PID=14314) to work on /home/airflow/.local/lib/python3.7/site-packages/airflow/example_dags/tutorial_taskflow_api.py
[2023-05-14T05:56:46.708+0000] {processor.py:743} INFO - Processing file /home/airflow/.local/lib/python3.7/site-packages/airflow/example_dags/tutorial_taskflow_api.py for tasks to queue
[2023-05-14T05:56:46.711+0000] {logging_mixin.py:137} INFO - [2023-05-14T05:56:46.711+0000] {dagbag.py:532} INFO - Filling up the DagBag from /home/airflow/.local/lib/python3.7/site-packages/airflow/example_dags/tutorial_taskflow_api.py
[2023-05-14T05:56:46.739+0000] {processor.py:753} INFO - DAG(s) dict_keys(['tutorial_taskflow_api']) retrieved from /home/airflow/.local/lib/python3.7/site-packages/airflow/example_dags/tutorial_taskflow_api.py
[2023-05-14T05:56:46.771+0000] {logging_mixin.py:137} INFO - [2023-05-14T05:56:46.771+0000] {dag.py:2705} INFO - Sync 1 DAGs
[2023-05-14T05:56:46.790+0000] {logging_mixin.py:137} INFO - [2023-05-14T05:56:46.790+0000] {dag.py:3456} INFO - Setting next_dagrun for tutorial_taskflow_api to None, run_after=None
[2023-05-14T05:56:46.805+0000] {processor.py:175} INFO - Processing /home/airflow/.local/lib/python3.7/site-packages/airflow/example_dags/tutorial_taskflow_api.py took 0.107 seconds
[2023-05-14T05:57:17.462+0000] {processor.py:153} INFO - Started process (PID=14538) to work on /home/airflow/.local/lib/python3.7/site-packages/airflow/example_dags/tutorial_taskflow_api.py
[2023-05-14T05:57:17.466+0000] {processor.py:743} INFO - Processing file /home/airflow/.local/lib/python3.7/site-packages/airflow/example_dags/tutorial_taskflow_api.py for tasks to queue
[2023-05-14T05:57:17.488+0000] {logging_mixin.py:137} INFO - [2023-05-14T05:57:17.487+0000] {dagbag.py:532} INFO - Filling up the DagBag from /home/airflow/.local/lib/python3.7/site-packages/airflow/example_dags/tutorial_taskflow_api.py
[2023-05-14T05:57:17.555+0000] {processor.py:753} INFO - DAG(s) dict_keys(['tutorial_taskflow_api']) retrieved from /home/airflow/.local/lib/python3.7/site-packages/airflow/example_dags/tutorial_taskflow_api.py
[2023-05-14T05:57:17.589+0000] {logging_mixin.py:137} INFO - [2023-05-14T05:57:17.588+0000] {dag.py:2705} INFO - Sync 1 DAGs
[2023-05-14T05:57:17.613+0000] {logging_mixin.py:137} INFO - [2023-05-14T05:57:17.613+0000] {dag.py:3456} INFO - Setting next_dagrun for tutorial_taskflow_api to None, run_after=None
[2023-05-14T05:57:17.649+0000] {processor.py:175} INFO - Processing /home/airflow/.local/lib/python3.7/site-packages/airflow/example_dags/tutorial_taskflow_api.py took 0.194 seconds
[2023-05-14T05:57:48.007+0000] {processor.py:153} INFO - Started process (PID=14762) to work on /home/airflow/.local/lib/python3.7/site-packages/airflow/example_dags/tutorial_taskflow_api.py
[2023-05-14T05:57:48.010+0000] {processor.py:743} INFO - Processing file /home/airflow/.local/lib/python3.7/site-packages/airflow/example_dags/tutorial_taskflow_api.py for tasks to queue
[2023-05-14T05:57:48.011+0000] {logging_mixin.py:137} INFO - [2023-05-14T05:57:48.011+0000] {dagbag.py:532} INFO - Filling up the DagBag from /home/airflow/.local/lib/python3.7/site-packages/airflow/example_dags/tutorial_taskflow_api.py
[2023-05-14T05:57:48.038+0000] {processor.py:753} INFO - DAG(s) dict_keys(['tutorial_taskflow_api']) retrieved from /home/airflow/.local/lib/python3.7/site-packages/airflow/example_dags/tutorial_taskflow_api.py
[2023-05-14T05:57:48.065+0000] {logging_mixin.py:137} INFO - [2023-05-14T05:57:48.065+0000] {dag.py:2705} INFO - Sync 1 DAGs
[2023-05-14T05:57:48.088+0000] {logging_mixin.py:137} INFO - [2023-05-14T05:57:48.087+0000] {dag.py:3456} INFO - Setting next_dagrun for tutorial_taskflow_api to None, run_after=None
[2023-05-14T05:57:48.104+0000] {processor.py:175} INFO - Processing /home/airflow/.local/lib/python3.7/site-packages/airflow/example_dags/tutorial_taskflow_api.py took 0.105 seconds
[2023-05-14T05:58:18.486+0000] {processor.py:153} INFO - Started process (PID=14986) to work on /home/airflow/.local/lib/python3.7/site-packages/airflow/example_dags/tutorial_taskflow_api.py
[2023-05-14T05:58:18.489+0000] {processor.py:743} INFO - Processing file /home/airflow/.local/lib/python3.7/site-packages/airflow/example_dags/tutorial_taskflow_api.py for tasks to queue
[2023-05-14T05:58:18.495+0000] {logging_mixin.py:137} INFO - [2023-05-14T05:58:18.495+0000] {dagbag.py:532} INFO - Filling up the DagBag from /home/airflow/.local/lib/python3.7/site-packages/airflow/example_dags/tutorial_taskflow_api.py
[2023-05-14T05:58:18.521+0000] {processor.py:753} INFO - DAG(s) dict_keys(['tutorial_taskflow_api']) retrieved from /home/airflow/.local/lib/python3.7/site-packages/airflow/example_dags/tutorial_taskflow_api.py
[2023-05-14T05:58:18.544+0000] {logging_mixin.py:137} INFO - [2023-05-14T05:58:18.544+0000] {dag.py:2705} INFO - Sync 1 DAGs
[2023-05-14T05:58:18.561+0000] {logging_mixin.py:137} INFO - [2023-05-14T05:58:18.561+0000] {dag.py:3456} INFO - Setting next_dagrun for tutorial_taskflow_api to None, run_after=None
[2023-05-14T05:58:18.573+0000] {processor.py:175} INFO - Processing /home/airflow/.local/lib/python3.7/site-packages/airflow/example_dags/tutorial_taskflow_api.py took 0.094 seconds
[2023-05-14T05:58:48.703+0000] {processor.py:153} INFO - Started process (PID=15210) to work on /home/airflow/.local/lib/python3.7/site-packages/airflow/example_dags/tutorial_taskflow_api.py
[2023-05-14T05:58:48.705+0000] {processor.py:743} INFO - Processing file /home/airflow/.local/lib/python3.7/site-packages/airflow/example_dags/tutorial_taskflow_api.py for tasks to queue
[2023-05-14T05:58:48.706+0000] {logging_mixin.py:137} INFO - [2023-05-14T05:58:48.706+0000] {dagbag.py:532} INFO - Filling up the DagBag from /home/airflow/.local/lib/python3.7/site-packages/airflow/example_dags/tutorial_taskflow_api.py
[2023-05-14T05:58:48.729+0000] {processor.py:753} INFO - DAG(s) dict_keys(['tutorial_taskflow_api']) retrieved from /home/airflow/.local/lib/python3.7/site-packages/airflow/example_dags/tutorial_taskflow_api.py
[2023-05-14T05:58:48.753+0000] {logging_mixin.py:137} INFO - [2023-05-14T05:58:48.753+0000] {dag.py:2705} INFO - Sync 1 DAGs
[2023-05-14T05:58:48.772+0000] {logging_mixin.py:137} INFO - [2023-05-14T05:58:48.771+0000] {dag.py:3456} INFO - Setting next_dagrun for tutorial_taskflow_api to None, run_after=None
[2023-05-14T05:58:48.784+0000] {processor.py:175} INFO - Processing /home/airflow/.local/lib/python3.7/site-packages/airflow/example_dags/tutorial_taskflow_api.py took 0.087 seconds
[2023-05-14T05:59:18.983+0000] {processor.py:153} INFO - Started process (PID=15434) to work on /home/airflow/.local/lib/python3.7/site-packages/airflow/example_dags/tutorial_taskflow_api.py
[2023-05-14T05:59:18.988+0000] {processor.py:743} INFO - Processing file /home/airflow/.local/lib/python3.7/site-packages/airflow/example_dags/tutorial_taskflow_api.py for tasks to queue
[2023-05-14T05:59:18.989+0000] {logging_mixin.py:137} INFO - [2023-05-14T05:59:18.989+0000] {dagbag.py:532} INFO - Filling up the DagBag from /home/airflow/.local/lib/python3.7/site-packages/airflow/example_dags/tutorial_taskflow_api.py
[2023-05-14T05:59:19.021+0000] {processor.py:753} INFO - DAG(s) dict_keys(['tutorial_taskflow_api']) retrieved from /home/airflow/.local/lib/python3.7/site-packages/airflow/example_dags/tutorial_taskflow_api.py
[2023-05-14T05:59:19.055+0000] {logging_mixin.py:137} INFO - [2023-05-14T05:59:19.055+0000] {dag.py:2705} INFO - Sync 1 DAGs
[2023-05-14T05:59:19.080+0000] {logging_mixin.py:137} INFO - [2023-05-14T05:59:19.080+0000] {dag.py:3456} INFO - Setting next_dagrun for tutorial_taskflow_api to None, run_after=None
[2023-05-14T05:59:19.097+0000] {processor.py:175} INFO - Processing /home/airflow/.local/lib/python3.7/site-packages/airflow/example_dags/tutorial_taskflow_api.py took 0.119 seconds
[2023-05-14T05:59:49.462+0000] {processor.py:153} INFO - Started process (PID=15658) to work on /home/airflow/.local/lib/python3.7/site-packages/airflow/example_dags/tutorial_taskflow_api.py
[2023-05-14T05:59:49.464+0000] {processor.py:743} INFO - Processing file /home/airflow/.local/lib/python3.7/site-packages/airflow/example_dags/tutorial_taskflow_api.py for tasks to queue
[2023-05-14T05:59:49.466+0000] {logging_mixin.py:137} INFO - [2023-05-14T05:59:49.466+0000] {dagbag.py:532} INFO - Filling up the DagBag from /home/airflow/.local/lib/python3.7/site-packages/airflow/example_dags/tutorial_taskflow_api.py
[2023-05-14T05:59:49.487+0000] {processor.py:753} INFO - DAG(s) dict_keys(['tutorial_taskflow_api']) retrieved from /home/airflow/.local/lib/python3.7/site-packages/airflow/example_dags/tutorial_taskflow_api.py
[2023-05-14T05:59:49.513+0000] {logging_mixin.py:137} INFO - [2023-05-14T05:59:49.513+0000] {dag.py:2705} INFO - Sync 1 DAGs
[2023-05-14T05:59:49.532+0000] {logging_mixin.py:137} INFO - [2023-05-14T05:59:49.531+0000] {dag.py:3456} INFO - Setting next_dagrun for tutorial_taskflow_api to None, run_after=None
[2023-05-14T05:59:49.545+0000] {processor.py:175} INFO - Processing /home/airflow/.local/lib/python3.7/site-packages/airflow/example_dags/tutorial_taskflow_api.py took 0.087 seconds
[2023-05-14T06:00:19.769+0000] {processor.py:153} INFO - Started process (PID=15882) to work on /home/airflow/.local/lib/python3.7/site-packages/airflow/example_dags/tutorial_taskflow_api.py
[2023-05-14T06:00:19.772+0000] {processor.py:743} INFO - Processing file /home/airflow/.local/lib/python3.7/site-packages/airflow/example_dags/tutorial_taskflow_api.py for tasks to queue
[2023-05-14T06:00:19.773+0000] {logging_mixin.py:137} INFO - [2023-05-14T06:00:19.773+0000] {dagbag.py:532} INFO - Filling up the DagBag from /home/airflow/.local/lib/python3.7/site-packages/airflow/example_dags/tutorial_taskflow_api.py
[2023-05-14T06:00:19.802+0000] {processor.py:753} INFO - DAG(s) dict_keys(['tutorial_taskflow_api']) retrieved from /home/airflow/.local/lib/python3.7/site-packages/airflow/example_dags/tutorial_taskflow_api.py
[2023-05-14T06:00:19.829+0000] {logging_mixin.py:137} INFO - [2023-05-14T06:00:19.829+0000] {dag.py:2705} INFO - Sync 1 DAGs
[2023-05-14T06:00:19.849+0000] {logging_mixin.py:137} INFO - [2023-05-14T06:00:19.849+0000] {dag.py:3456} INFO - Setting next_dagrun for tutorial_taskflow_api to None, run_after=None
[2023-05-14T06:00:19.863+0000] {processor.py:175} INFO - Processing /home/airflow/.local/lib/python3.7/site-packages/airflow/example_dags/tutorial_taskflow_api.py took 0.099 seconds
[2023-05-14T06:00:50.268+0000] {processor.py:153} INFO - Started process (PID=16106) to work on /home/airflow/.local/lib/python3.7/site-packages/airflow/example_dags/tutorial_taskflow_api.py
[2023-05-14T06:00:50.271+0000] {processor.py:743} INFO - Processing file /home/airflow/.local/lib/python3.7/site-packages/airflow/example_dags/tutorial_taskflow_api.py for tasks to queue
[2023-05-14T06:00:50.276+0000] {logging_mixin.py:137} INFO - [2023-05-14T06:00:50.276+0000] {dagbag.py:532} INFO - Filling up the DagBag from /home/airflow/.local/lib/python3.7/site-packages/airflow/example_dags/tutorial_taskflow_api.py
[2023-05-14T06:00:50.303+0000] {processor.py:753} INFO - DAG(s) dict_keys(['tutorial_taskflow_api']) retrieved from /home/airflow/.local/lib/python3.7/site-packages/airflow/example_dags/tutorial_taskflow_api.py
[2023-05-14T06:00:50.335+0000] {logging_mixin.py:137} INFO - [2023-05-14T06:00:50.335+0000] {dag.py:2705} INFO - Sync 1 DAGs
[2023-05-14T06:00:50.368+0000] {logging_mixin.py:137} INFO - [2023-05-14T06:00:50.368+0000] {dag.py:3456} INFO - Setting next_dagrun for tutorial_taskflow_api to None, run_after=None
[2023-05-14T06:00:50.385+0000] {processor.py:175} INFO - Processing /home/airflow/.local/lib/python3.7/site-packages/airflow/example_dags/tutorial_taskflow_api.py took 0.126 seconds
[2023-05-14T06:01:21.071+0000] {processor.py:153} INFO - Started process (PID=16334) to work on /home/airflow/.local/lib/python3.7/site-packages/airflow/example_dags/tutorial_taskflow_api.py
[2023-05-14T06:01:21.074+0000] {processor.py:743} INFO - Processing file /home/airflow/.local/lib/python3.7/site-packages/airflow/example_dags/tutorial_taskflow_api.py for tasks to queue
[2023-05-14T06:01:21.076+0000] {logging_mixin.py:137} INFO - [2023-05-14T06:01:21.076+0000] {dagbag.py:532} INFO - Filling up the DagBag from /home/airflow/.local/lib/python3.7/site-packages/airflow/example_dags/tutorial_taskflow_api.py
[2023-05-14T06:01:21.113+0000] {processor.py:753} INFO - DAG(s) dict_keys(['tutorial_taskflow_api']) retrieved from /home/airflow/.local/lib/python3.7/site-packages/airflow/example_dags/tutorial_taskflow_api.py
[2023-05-14T06:01:21.161+0000] {logging_mixin.py:137} INFO - [2023-05-14T06:01:21.161+0000] {dag.py:2705} INFO - Sync 1 DAGs
[2023-05-14T06:01:21.185+0000] {logging_mixin.py:137} INFO - [2023-05-14T06:01:21.185+0000] {dag.py:3456} INFO - Setting next_dagrun for tutorial_taskflow_api to None, run_after=None
[2023-05-14T06:01:21.216+0000] {processor.py:175} INFO - Processing /home/airflow/.local/lib/python3.7/site-packages/airflow/example_dags/tutorial_taskflow_api.py took 0.160 seconds
[2023-05-14T06:01:51.703+0000] {processor.py:153} INFO - Started process (PID=16558) to work on /home/airflow/.local/lib/python3.7/site-packages/airflow/example_dags/tutorial_taskflow_api.py
[2023-05-14T06:01:51.712+0000] {processor.py:743} INFO - Processing file /home/airflow/.local/lib/python3.7/site-packages/airflow/example_dags/tutorial_taskflow_api.py for tasks to queue
[2023-05-14T06:01:51.714+0000] {logging_mixin.py:137} INFO - [2023-05-14T06:01:51.714+0000] {dagbag.py:532} INFO - Filling up the DagBag from /home/airflow/.local/lib/python3.7/site-packages/airflow/example_dags/tutorial_taskflow_api.py
[2023-05-14T06:01:51.756+0000] {processor.py:753} INFO - DAG(s) dict_keys(['tutorial_taskflow_api']) retrieved from /home/airflow/.local/lib/python3.7/site-packages/airflow/example_dags/tutorial_taskflow_api.py
[2023-05-14T06:01:51.785+0000] {logging_mixin.py:137} INFO - [2023-05-14T06:01:51.785+0000] {dag.py:2705} INFO - Sync 1 DAGs
[2023-05-14T06:01:51.806+0000] {logging_mixin.py:137} INFO - [2023-05-14T06:01:51.806+0000] {dag.py:3456} INFO - Setting next_dagrun for tutorial_taskflow_api to None, run_after=None
[2023-05-14T06:01:51.823+0000] {processor.py:175} INFO - Processing /home/airflow/.local/lib/python3.7/site-packages/airflow/example_dags/tutorial_taskflow_api.py took 0.128 seconds
[2023-05-14T06:02:22.206+0000] {processor.py:153} INFO - Started process (PID=16791) to work on /home/airflow/.local/lib/python3.7/site-packages/airflow/example_dags/tutorial_taskflow_api.py
[2023-05-14T06:02:22.209+0000] {processor.py:743} INFO - Processing file /home/airflow/.local/lib/python3.7/site-packages/airflow/example_dags/tutorial_taskflow_api.py for tasks to queue
[2023-05-14T06:02:22.211+0000] {logging_mixin.py:137} INFO - [2023-05-14T06:02:22.211+0000] {dagbag.py:532} INFO - Filling up the DagBag from /home/airflow/.local/lib/python3.7/site-packages/airflow/example_dags/tutorial_taskflow_api.py
[2023-05-14T06:02:22.240+0000] {processor.py:753} INFO - DAG(s) dict_keys(['tutorial_taskflow_api']) retrieved from /home/airflow/.local/lib/python3.7/site-packages/airflow/example_dags/tutorial_taskflow_api.py
[2023-05-14T06:02:22.271+0000] {logging_mixin.py:137} INFO - [2023-05-14T06:02:22.271+0000] {dag.py:2705} INFO - Sync 1 DAGs
[2023-05-14T06:02:22.299+0000] {logging_mixin.py:137} INFO - [2023-05-14T06:02:22.299+0000] {dag.py:3456} INFO - Setting next_dagrun for tutorial_taskflow_api to None, run_after=None
[2023-05-14T06:02:22.313+0000] {processor.py:175} INFO - Processing /home/airflow/.local/lib/python3.7/site-packages/airflow/example_dags/tutorial_taskflow_api.py took 0.113 seconds
[2023-05-14T06:02:52.701+0000] {processor.py:153} INFO - Started process (PID=17015) to work on /home/airflow/.local/lib/python3.7/site-packages/airflow/example_dags/tutorial_taskflow_api.py
[2023-05-14T06:02:52.704+0000] {processor.py:743} INFO - Processing file /home/airflow/.local/lib/python3.7/site-packages/airflow/example_dags/tutorial_taskflow_api.py for tasks to queue
[2023-05-14T06:02:52.706+0000] {logging_mixin.py:137} INFO - [2023-05-14T06:02:52.706+0000] {dagbag.py:532} INFO - Filling up the DagBag from /home/airflow/.local/lib/python3.7/site-packages/airflow/example_dags/tutorial_taskflow_api.py
[2023-05-14T06:02:52.741+0000] {processor.py:753} INFO - DAG(s) dict_keys(['tutorial_taskflow_api']) retrieved from /home/airflow/.local/lib/python3.7/site-packages/airflow/example_dags/tutorial_taskflow_api.py
[2023-05-14T06:02:52.774+0000] {logging_mixin.py:137} INFO - [2023-05-14T06:02:52.774+0000] {dag.py:2705} INFO - Sync 1 DAGs
[2023-05-14T06:02:52.794+0000] {logging_mixin.py:137} INFO - [2023-05-14T06:02:52.794+0000] {dag.py:3456} INFO - Setting next_dagrun for tutorial_taskflow_api to None, run_after=None
[2023-05-14T06:02:52.808+0000] {processor.py:175} INFO - Processing /home/airflow/.local/lib/python3.7/site-packages/airflow/example_dags/tutorial_taskflow_api.py took 0.113 seconds
[2023-05-14T06:03:23.310+0000] {processor.py:153} INFO - Started process (PID=17240) to work on /home/airflow/.local/lib/python3.7/site-packages/airflow/example_dags/tutorial_taskflow_api.py
[2023-05-14T06:03:23.332+0000] {processor.py:743} INFO - Processing file /home/airflow/.local/lib/python3.7/site-packages/airflow/example_dags/tutorial_taskflow_api.py for tasks to queue
[2023-05-14T06:03:23.334+0000] {logging_mixin.py:137} INFO - [2023-05-14T06:03:23.334+0000] {dagbag.py:532} INFO - Filling up the DagBag from /home/airflow/.local/lib/python3.7/site-packages/airflow/example_dags/tutorial_taskflow_api.py
[2023-05-14T06:03:23.363+0000] {processor.py:753} INFO - DAG(s) dict_keys(['tutorial_taskflow_api']) retrieved from /home/airflow/.local/lib/python3.7/site-packages/airflow/example_dags/tutorial_taskflow_api.py
[2023-05-14T06:03:23.390+0000] {logging_mixin.py:137} INFO - [2023-05-14T06:03:23.389+0000] {dag.py:2705} INFO - Sync 1 DAGs
[2023-05-14T06:03:23.409+0000] {logging_mixin.py:137} INFO - [2023-05-14T06:03:23.409+0000] {dag.py:3456} INFO - Setting next_dagrun for tutorial_taskflow_api to None, run_after=None
[2023-05-14T06:03:23.425+0000] {processor.py:175} INFO - Processing /home/airflow/.local/lib/python3.7/site-packages/airflow/example_dags/tutorial_taskflow_api.py took 0.121 seconds
[2023-05-14T06:03:53.712+0000] {processor.py:153} INFO - Started process (PID=17465) to work on /home/airflow/.local/lib/python3.7/site-packages/airflow/example_dags/tutorial_taskflow_api.py
[2023-05-14T06:03:53.716+0000] {processor.py:743} INFO - Processing file /home/airflow/.local/lib/python3.7/site-packages/airflow/example_dags/tutorial_taskflow_api.py for tasks to queue
[2023-05-14T06:03:53.718+0000] {logging_mixin.py:137} INFO - [2023-05-14T06:03:53.717+0000] {dagbag.py:532} INFO - Filling up the DagBag from /home/airflow/.local/lib/python3.7/site-packages/airflow/example_dags/tutorial_taskflow_api.py
[2023-05-14T06:03:53.794+0000] {processor.py:753} INFO - DAG(s) dict_keys(['tutorial_taskflow_api']) retrieved from /home/airflow/.local/lib/python3.7/site-packages/airflow/example_dags/tutorial_taskflow_api.py
[2023-05-14T06:03:53.821+0000] {logging_mixin.py:137} INFO - [2023-05-14T06:03:53.821+0000] {dag.py:2705} INFO - Sync 1 DAGs
[2023-05-14T06:03:53.843+0000] {logging_mixin.py:137} INFO - [2023-05-14T06:03:53.843+0000] {dag.py:3456} INFO - Setting next_dagrun for tutorial_taskflow_api to None, run_after=None
[2023-05-14T06:03:53.857+0000] {processor.py:175} INFO - Processing /home/airflow/.local/lib/python3.7/site-packages/airflow/example_dags/tutorial_taskflow_api.py took 0.155 seconds
[2023-05-14T06:04:24.302+0000] {processor.py:153} INFO - Started process (PID=17688) to work on /home/airflow/.local/lib/python3.7/site-packages/airflow/example_dags/tutorial_taskflow_api.py
[2023-05-14T06:04:24.316+0000] {processor.py:743} INFO - Processing file /home/airflow/.local/lib/python3.7/site-packages/airflow/example_dags/tutorial_taskflow_api.py for tasks to queue
[2023-05-14T06:04:24.318+0000] {logging_mixin.py:137} INFO - [2023-05-14T06:04:24.318+0000] {dagbag.py:532} INFO - Filling up the DagBag from /home/airflow/.local/lib/python3.7/site-packages/airflow/example_dags/tutorial_taskflow_api.py
[2023-05-14T06:04:24.357+0000] {processor.py:753} INFO - DAG(s) dict_keys(['tutorial_taskflow_api']) retrieved from /home/airflow/.local/lib/python3.7/site-packages/airflow/example_dags/tutorial_taskflow_api.py
[2023-05-14T06:04:24.410+0000] {logging_mixin.py:137} INFO - [2023-05-14T06:04:24.410+0000] {dag.py:2705} INFO - Sync 1 DAGs
[2023-05-14T06:04:24.434+0000] {logging_mixin.py:137} INFO - [2023-05-14T06:04:24.434+0000] {dag.py:3456} INFO - Setting next_dagrun for tutorial_taskflow_api to None, run_after=None
[2023-05-14T06:04:24.450+0000] {processor.py:175} INFO - Processing /home/airflow/.local/lib/python3.7/site-packages/airflow/example_dags/tutorial_taskflow_api.py took 0.157 seconds
[2023-05-14T06:04:54.631+0000] {processor.py:153} INFO - Started process (PID=17912) to work on /home/airflow/.local/lib/python3.7/site-packages/airflow/example_dags/tutorial_taskflow_api.py
[2023-05-14T06:04:54.633+0000] {processor.py:743} INFO - Processing file /home/airflow/.local/lib/python3.7/site-packages/airflow/example_dags/tutorial_taskflow_api.py for tasks to queue
[2023-05-14T06:04:54.635+0000] {logging_mixin.py:137} INFO - [2023-05-14T06:04:54.635+0000] {dagbag.py:532} INFO - Filling up the DagBag from /home/airflow/.local/lib/python3.7/site-packages/airflow/example_dags/tutorial_taskflow_api.py
[2023-05-14T06:04:54.658+0000] {processor.py:753} INFO - DAG(s) dict_keys(['tutorial_taskflow_api']) retrieved from /home/airflow/.local/lib/python3.7/site-packages/airflow/example_dags/tutorial_taskflow_api.py
[2023-05-14T06:04:54.680+0000] {logging_mixin.py:137} INFO - [2023-05-14T06:04:54.680+0000] {dag.py:2705} INFO - Sync 1 DAGs
[2023-05-14T06:04:54.697+0000] {logging_mixin.py:137} INFO - [2023-05-14T06:04:54.697+0000] {dag.py:3456} INFO - Setting next_dagrun for tutorial_taskflow_api to None, run_after=None
[2023-05-14T06:04:54.710+0000] {processor.py:175} INFO - Processing /home/airflow/.local/lib/python3.7/site-packages/airflow/example_dags/tutorial_taskflow_api.py took 0.084 seconds
[2023-05-14T06:05:25.097+0000] {processor.py:153} INFO - Started process (PID=18136) to work on /home/airflow/.local/lib/python3.7/site-packages/airflow/example_dags/tutorial_taskflow_api.py
[2023-05-14T06:05:25.100+0000] {processor.py:743} INFO - Processing file /home/airflow/.local/lib/python3.7/site-packages/airflow/example_dags/tutorial_taskflow_api.py for tasks to queue
[2023-05-14T06:05:25.101+0000] {logging_mixin.py:137} INFO - [2023-05-14T06:05:25.101+0000] {dagbag.py:532} INFO - Filling up the DagBag from /home/airflow/.local/lib/python3.7/site-packages/airflow/example_dags/tutorial_taskflow_api.py
[2023-05-14T06:05:25.130+0000] {processor.py:753} INFO - DAG(s) dict_keys(['tutorial_taskflow_api']) retrieved from /home/airflow/.local/lib/python3.7/site-packages/airflow/example_dags/tutorial_taskflow_api.py
[2023-05-14T06:05:25.161+0000] {logging_mixin.py:137} INFO - [2023-05-14T06:05:25.161+0000] {dag.py:2705} INFO - Sync 1 DAGs
[2023-05-14T06:05:25.184+0000] {logging_mixin.py:137} INFO - [2023-05-14T06:05:25.184+0000] {dag.py:3456} INFO - Setting next_dagrun for tutorial_taskflow_api to None, run_after=None
[2023-05-14T06:05:25.207+0000] {processor.py:175} INFO - Processing /home/airflow/.local/lib/python3.7/site-packages/airflow/example_dags/tutorial_taskflow_api.py took 0.115 seconds
[2023-05-14T06:05:55.491+0000] {processor.py:153} INFO - Started process (PID=18360) to work on /home/airflow/.local/lib/python3.7/site-packages/airflow/example_dags/tutorial_taskflow_api.py
[2023-05-14T06:05:55.496+0000] {processor.py:743} INFO - Processing file /home/airflow/.local/lib/python3.7/site-packages/airflow/example_dags/tutorial_taskflow_api.py for tasks to queue
[2023-05-14T06:05:55.505+0000] {logging_mixin.py:137} INFO - [2023-05-14T06:05:55.504+0000] {dagbag.py:532} INFO - Filling up the DagBag from /home/airflow/.local/lib/python3.7/site-packages/airflow/example_dags/tutorial_taskflow_api.py
[2023-05-14T06:05:55.596+0000] {processor.py:753} INFO - DAG(s) dict_keys(['tutorial_taskflow_api']) retrieved from /home/airflow/.local/lib/python3.7/site-packages/airflow/example_dags/tutorial_taskflow_api.py
[2023-05-14T06:05:55.647+0000] {logging_mixin.py:137} INFO - [2023-05-14T06:05:55.647+0000] {dag.py:2705} INFO - Sync 1 DAGs
[2023-05-14T06:05:55.672+0000] {logging_mixin.py:137} INFO - [2023-05-14T06:05:55.672+0000] {dag.py:3456} INFO - Setting next_dagrun for tutorial_taskflow_api to None, run_after=None
[2023-05-14T06:05:55.693+0000] {processor.py:175} INFO - Processing /home/airflow/.local/lib/python3.7/site-packages/airflow/example_dags/tutorial_taskflow_api.py took 0.208 seconds
[2023-05-14T06:06:26.266+0000] {processor.py:153} INFO - Started process (PID=18585) to work on /home/airflow/.local/lib/python3.7/site-packages/airflow/example_dags/tutorial_taskflow_api.py
[2023-05-14T06:06:26.269+0000] {processor.py:743} INFO - Processing file /home/airflow/.local/lib/python3.7/site-packages/airflow/example_dags/tutorial_taskflow_api.py for tasks to queue
[2023-05-14T06:06:26.270+0000] {logging_mixin.py:137} INFO - [2023-05-14T06:06:26.270+0000] {dagbag.py:532} INFO - Filling up the DagBag from /home/airflow/.local/lib/python3.7/site-packages/airflow/example_dags/tutorial_taskflow_api.py
[2023-05-14T06:06:26.294+0000] {processor.py:753} INFO - DAG(s) dict_keys(['tutorial_taskflow_api']) retrieved from /home/airflow/.local/lib/python3.7/site-packages/airflow/example_dags/tutorial_taskflow_api.py
[2023-05-14T06:06:26.318+0000] {logging_mixin.py:137} INFO - [2023-05-14T06:06:26.317+0000] {dag.py:2705} INFO - Sync 1 DAGs
[2023-05-14T06:06:26.338+0000] {logging_mixin.py:137} INFO - [2023-05-14T06:06:26.338+0000] {dag.py:3456} INFO - Setting next_dagrun for tutorial_taskflow_api to None, run_after=None
[2023-05-14T06:06:26.356+0000] {processor.py:175} INFO - Processing /home/airflow/.local/lib/python3.7/site-packages/airflow/example_dags/tutorial_taskflow_api.py took 0.097 seconds
[2023-05-14T06:06:56.678+0000] {processor.py:153} INFO - Started process (PID=18809) to work on /home/airflow/.local/lib/python3.7/site-packages/airflow/example_dags/tutorial_taskflow_api.py
[2023-05-14T06:06:56.681+0000] {processor.py:743} INFO - Processing file /home/airflow/.local/lib/python3.7/site-packages/airflow/example_dags/tutorial_taskflow_api.py for tasks to queue
[2023-05-14T06:06:56.683+0000] {logging_mixin.py:137} INFO - [2023-05-14T06:06:56.683+0000] {dagbag.py:532} INFO - Filling up the DagBag from /home/airflow/.local/lib/python3.7/site-packages/airflow/example_dags/tutorial_taskflow_api.py
[2023-05-14T06:06:56.707+0000] {processor.py:753} INFO - DAG(s) dict_keys(['tutorial_taskflow_api']) retrieved from /home/airflow/.local/lib/python3.7/site-packages/airflow/example_dags/tutorial_taskflow_api.py
[2023-05-14T06:06:56.735+0000] {logging_mixin.py:137} INFO - [2023-05-14T06:06:56.735+0000] {dag.py:2705} INFO - Sync 1 DAGs
[2023-05-14T06:06:56.757+0000] {logging_mixin.py:137} INFO - [2023-05-14T06:06:56.757+0000] {dag.py:3456} INFO - Setting next_dagrun for tutorial_taskflow_api to None, run_after=None
[2023-05-14T06:06:56.772+0000] {processor.py:175} INFO - Processing /home/airflow/.local/lib/python3.7/site-packages/airflow/example_dags/tutorial_taskflow_api.py took 0.105 seconds
[2023-05-14T06:07:27.353+0000] {processor.py:153} INFO - Started process (PID=19039) to work on /home/airflow/.local/lib/python3.7/site-packages/airflow/example_dags/tutorial_taskflow_api.py
[2023-05-14T06:07:27.357+0000] {processor.py:743} INFO - Processing file /home/airflow/.local/lib/python3.7/site-packages/airflow/example_dags/tutorial_taskflow_api.py for tasks to queue
[2023-05-14T06:07:27.359+0000] {logging_mixin.py:137} INFO - [2023-05-14T06:07:27.359+0000] {dagbag.py:532} INFO - Filling up the DagBag from /home/airflow/.local/lib/python3.7/site-packages/airflow/example_dags/tutorial_taskflow_api.py
[2023-05-14T06:07:27.421+0000] {processor.py:753} INFO - DAG(s) dict_keys(['tutorial_taskflow_api']) retrieved from /home/airflow/.local/lib/python3.7/site-packages/airflow/example_dags/tutorial_taskflow_api.py
[2023-05-14T06:07:27.473+0000] {logging_mixin.py:137} INFO - [2023-05-14T06:07:27.472+0000] {dag.py:2705} INFO - Sync 1 DAGs
[2023-05-14T06:07:27.494+0000] {logging_mixin.py:137} INFO - [2023-05-14T06:07:27.494+0000] {dag.py:3456} INFO - Setting next_dagrun for tutorial_taskflow_api to None, run_after=None
[2023-05-14T06:07:27.510+0000] {processor.py:175} INFO - Processing /home/airflow/.local/lib/python3.7/site-packages/airflow/example_dags/tutorial_taskflow_api.py took 0.164 seconds
