[2023-05-14T00:21:07.687+0000] {processor.py:153} INFO - Started process (PID=2950) to work on /home/airflow/.local/lib/python3.7/site-packages/airflow/example_dags/tutorial_dag.py
[2023-05-14T00:21:07.689+0000] {processor.py:743} INFO - Processing file /home/airflow/.local/lib/python3.7/site-packages/airflow/example_dags/tutorial_dag.py for tasks to queue
[2023-05-14T00:21:07.694+0000] {logging_mixin.py:137} INFO - [2023-05-14T00:21:07.693+0000] {dagbag.py:532} INFO - Filling up the DagBag from /home/airflow/.local/lib/python3.7/site-packages/airflow/example_dags/tutorial_dag.py
[2023-05-14T00:21:07.706+0000] {processor.py:753} INFO - DAG(s) dict_keys(['tutorial_dag']) retrieved from /home/airflow/.local/lib/python3.7/site-packages/airflow/example_dags/tutorial_dag.py
[2023-05-14T00:21:07.728+0000] {logging_mixin.py:137} INFO - [2023-05-14T00:21:07.728+0000] {dag.py:2705} INFO - Sync 1 DAGs
[2023-05-14T00:21:07.745+0000] {logging_mixin.py:137} INFO - [2023-05-14T00:21:07.745+0000] {dag.py:3456} INFO - Setting next_dagrun for tutorial_dag to None, run_after=None
[2023-05-14T00:21:07.757+0000] {processor.py:175} INFO - Processing /home/airflow/.local/lib/python3.7/site-packages/airflow/example_dags/tutorial_dag.py took 0.073 seconds
[2023-05-14T01:15:59.062+0000] {processor.py:153} INFO - Started process (PID=3172) to work on /home/airflow/.local/lib/python3.7/site-packages/airflow/example_dags/tutorial_dag.py
[2023-05-14T01:15:59.064+0000] {processor.py:743} INFO - Processing file /home/airflow/.local/lib/python3.7/site-packages/airflow/example_dags/tutorial_dag.py for tasks to queue
[2023-05-14T01:15:59.065+0000] {logging_mixin.py:137} INFO - [2023-05-14T01:15:59.065+0000] {dagbag.py:532} INFO - Filling up the DagBag from /home/airflow/.local/lib/python3.7/site-packages/airflow/example_dags/tutorial_dag.py
[2023-05-14T01:15:59.075+0000] {processor.py:753} INFO - DAG(s) dict_keys(['tutorial_dag']) retrieved from /home/airflow/.local/lib/python3.7/site-packages/airflow/example_dags/tutorial_dag.py
[2023-05-14T01:15:59.097+0000] {logging_mixin.py:137} INFO - [2023-05-14T01:15:59.097+0000] {dag.py:2705} INFO - Sync 1 DAGs
[2023-05-14T01:15:59.112+0000] {logging_mixin.py:137} INFO - [2023-05-14T01:15:59.112+0000] {dag.py:3456} INFO - Setting next_dagrun for tutorial_dag to None, run_after=None
[2023-05-14T01:15:59.125+0000] {processor.py:175} INFO - Processing /home/airflow/.local/lib/python3.7/site-packages/airflow/example_dags/tutorial_dag.py took 0.066 seconds
[2023-05-14T02:15:38.984+0000] {processor.py:153} INFO - Started process (PID=3395) to work on /home/airflow/.local/lib/python3.7/site-packages/airflow/example_dags/tutorial_dag.py
[2023-05-14T02:15:38.987+0000] {processor.py:743} INFO - Processing file /home/airflow/.local/lib/python3.7/site-packages/airflow/example_dags/tutorial_dag.py for tasks to queue
[2023-05-14T02:15:38.989+0000] {logging_mixin.py:137} INFO - [2023-05-14T02:15:38.988+0000] {dagbag.py:532} INFO - Filling up the DagBag from /home/airflow/.local/lib/python3.7/site-packages/airflow/example_dags/tutorial_dag.py
[2023-05-14T02:15:39.003+0000] {processor.py:753} INFO - DAG(s) dict_keys(['tutorial_dag']) retrieved from /home/airflow/.local/lib/python3.7/site-packages/airflow/example_dags/tutorial_dag.py
[2023-05-14T02:15:39.032+0000] {logging_mixin.py:137} INFO - [2023-05-14T02:15:39.032+0000] {dag.py:2705} INFO - Sync 1 DAGs
[2023-05-14T02:15:39.053+0000] {logging_mixin.py:137} INFO - [2023-05-14T02:15:39.053+0000] {dag.py:3456} INFO - Setting next_dagrun for tutorial_dag to None, run_after=None
[2023-05-14T02:15:39.078+0000] {processor.py:175} INFO - Processing /home/airflow/.local/lib/python3.7/site-packages/airflow/example_dags/tutorial_dag.py took 0.097 seconds
[2023-05-14T02:41:29.752+0000] {processor.py:153} INFO - Started process (PID=3618) to work on /home/airflow/.local/lib/python3.7/site-packages/airflow/example_dags/tutorial_dag.py
[2023-05-14T02:41:29.754+0000] {processor.py:743} INFO - Processing file /home/airflow/.local/lib/python3.7/site-packages/airflow/example_dags/tutorial_dag.py for tasks to queue
[2023-05-14T02:41:29.756+0000] {logging_mixin.py:137} INFO - [2023-05-14T02:41:29.756+0000] {dagbag.py:532} INFO - Filling up the DagBag from /home/airflow/.local/lib/python3.7/site-packages/airflow/example_dags/tutorial_dag.py
[2023-05-14T02:41:29.767+0000] {processor.py:753} INFO - DAG(s) dict_keys(['tutorial_dag']) retrieved from /home/airflow/.local/lib/python3.7/site-packages/airflow/example_dags/tutorial_dag.py
[2023-05-14T02:41:29.789+0000] {logging_mixin.py:137} INFO - [2023-05-14T02:41:29.789+0000] {dag.py:2705} INFO - Sync 1 DAGs
[2023-05-14T02:41:29.806+0000] {logging_mixin.py:137} INFO - [2023-05-14T02:41:29.806+0000] {dag.py:3456} INFO - Setting next_dagrun for tutorial_dag to None, run_after=None
[2023-05-14T02:41:29.819+0000] {processor.py:175} INFO - Processing /home/airflow/.local/lib/python3.7/site-packages/airflow/example_dags/tutorial_dag.py took 0.070 seconds
[2023-05-14T02:54:57.232+0000] {processor.py:153} INFO - Started process (PID=3841) to work on /home/airflow/.local/lib/python3.7/site-packages/airflow/example_dags/tutorial_dag.py
[2023-05-14T02:54:57.235+0000] {processor.py:743} INFO - Processing file /home/airflow/.local/lib/python3.7/site-packages/airflow/example_dags/tutorial_dag.py for tasks to queue
[2023-05-14T02:54:57.238+0000] {logging_mixin.py:137} INFO - [2023-05-14T02:54:57.237+0000] {dagbag.py:532} INFO - Filling up the DagBag from /home/airflow/.local/lib/python3.7/site-packages/airflow/example_dags/tutorial_dag.py
[2023-05-14T02:54:57.256+0000] {processor.py:753} INFO - DAG(s) dict_keys(['tutorial_dag']) retrieved from /home/airflow/.local/lib/python3.7/site-packages/airflow/example_dags/tutorial_dag.py
[2023-05-14T02:54:57.292+0000] {logging_mixin.py:137} INFO - [2023-05-14T02:54:57.292+0000] {dag.py:2705} INFO - Sync 1 DAGs
[2023-05-14T02:54:57.319+0000] {logging_mixin.py:137} INFO - [2023-05-14T02:54:57.319+0000] {dag.py:3456} INFO - Setting next_dagrun for tutorial_dag to None, run_after=None
[2023-05-14T02:54:57.338+0000] {processor.py:175} INFO - Processing /home/airflow/.local/lib/python3.7/site-packages/airflow/example_dags/tutorial_dag.py took 0.111 seconds
[2023-05-14T02:59:02.056+0000] {processor.py:153} INFO - Started process (PID=4066) to work on /home/airflow/.local/lib/python3.7/site-packages/airflow/example_dags/tutorial_dag.py
[2023-05-14T02:59:02.058+0000] {processor.py:743} INFO - Processing file /home/airflow/.local/lib/python3.7/site-packages/airflow/example_dags/tutorial_dag.py for tasks to queue
[2023-05-14T02:59:02.059+0000] {logging_mixin.py:137} INFO - [2023-05-14T02:59:02.059+0000] {dagbag.py:532} INFO - Filling up the DagBag from /home/airflow/.local/lib/python3.7/site-packages/airflow/example_dags/tutorial_dag.py
[2023-05-14T02:59:02.070+0000] {processor.py:753} INFO - DAG(s) dict_keys(['tutorial_dag']) retrieved from /home/airflow/.local/lib/python3.7/site-packages/airflow/example_dags/tutorial_dag.py
[2023-05-14T02:59:02.091+0000] {logging_mixin.py:137} INFO - [2023-05-14T02:59:02.091+0000] {dag.py:2705} INFO - Sync 1 DAGs
[2023-05-14T02:59:02.111+0000] {logging_mixin.py:137} INFO - [2023-05-14T02:59:02.111+0000] {dag.py:3456} INFO - Setting next_dagrun for tutorial_dag to None, run_after=None
[2023-05-14T02:59:02.125+0000] {processor.py:175} INFO - Processing /home/airflow/.local/lib/python3.7/site-packages/airflow/example_dags/tutorial_dag.py took 0.072 seconds
[2023-05-14T02:59:33.061+0000] {processor.py:153} INFO - Started process (PID=4288) to work on /home/airflow/.local/lib/python3.7/site-packages/airflow/example_dags/tutorial_dag.py
[2023-05-14T02:59:33.063+0000] {processor.py:743} INFO - Processing file /home/airflow/.local/lib/python3.7/site-packages/airflow/example_dags/tutorial_dag.py for tasks to queue
[2023-05-14T02:59:33.064+0000] {logging_mixin.py:137} INFO - [2023-05-14T02:59:33.064+0000] {dagbag.py:532} INFO - Filling up the DagBag from /home/airflow/.local/lib/python3.7/site-packages/airflow/example_dags/tutorial_dag.py
[2023-05-14T02:59:33.075+0000] {processor.py:753} INFO - DAG(s) dict_keys(['tutorial_dag']) retrieved from /home/airflow/.local/lib/python3.7/site-packages/airflow/example_dags/tutorial_dag.py
[2023-05-14T02:59:33.097+0000] {logging_mixin.py:137} INFO - [2023-05-14T02:59:33.097+0000] {dag.py:2705} INFO - Sync 1 DAGs
[2023-05-14T02:59:33.115+0000] {logging_mixin.py:137} INFO - [2023-05-14T02:59:33.115+0000] {dag.py:3456} INFO - Setting next_dagrun for tutorial_dag to None, run_after=None
[2023-05-14T02:59:33.126+0000] {processor.py:175} INFO - Processing /home/airflow/.local/lib/python3.7/site-packages/airflow/example_dags/tutorial_dag.py took 0.068 seconds
[2023-05-14T03:16:08.449+0000] {processor.py:153} INFO - Started process (PID=4513) to work on /home/airflow/.local/lib/python3.7/site-packages/airflow/example_dags/tutorial_dag.py
[2023-05-14T03:16:08.451+0000] {processor.py:743} INFO - Processing file /home/airflow/.local/lib/python3.7/site-packages/airflow/example_dags/tutorial_dag.py for tasks to queue
[2023-05-14T03:16:08.452+0000] {logging_mixin.py:137} INFO - [2023-05-14T03:16:08.452+0000] {dagbag.py:532} INFO - Filling up the DagBag from /home/airflow/.local/lib/python3.7/site-packages/airflow/example_dags/tutorial_dag.py
[2023-05-14T03:16:08.463+0000] {processor.py:753} INFO - DAG(s) dict_keys(['tutorial_dag']) retrieved from /home/airflow/.local/lib/python3.7/site-packages/airflow/example_dags/tutorial_dag.py
[2023-05-14T03:16:08.485+0000] {logging_mixin.py:137} INFO - [2023-05-14T03:16:08.485+0000] {dag.py:2705} INFO - Sync 1 DAGs
[2023-05-14T03:16:08.503+0000] {logging_mixin.py:137} INFO - [2023-05-14T03:16:08.503+0000] {dag.py:3456} INFO - Setting next_dagrun for tutorial_dag to None, run_after=None
[2023-05-14T03:16:08.515+0000] {processor.py:175} INFO - Processing /home/airflow/.local/lib/python3.7/site-packages/airflow/example_dags/tutorial_dag.py took 0.069 seconds
[2023-05-14T04:20:58.318+0000] {processor.py:153} INFO - Started process (PID=4734) to work on /home/airflow/.local/lib/python3.7/site-packages/airflow/example_dags/tutorial_dag.py
[2023-05-14T04:20:58.320+0000] {processor.py:743} INFO - Processing file /home/airflow/.local/lib/python3.7/site-packages/airflow/example_dags/tutorial_dag.py for tasks to queue
[2023-05-14T04:20:58.322+0000] {logging_mixin.py:137} INFO - [2023-05-14T04:20:58.322+0000] {dagbag.py:532} INFO - Filling up the DagBag from /home/airflow/.local/lib/python3.7/site-packages/airflow/example_dags/tutorial_dag.py
[2023-05-14T04:20:58.334+0000] {processor.py:753} INFO - DAG(s) dict_keys(['tutorial_dag']) retrieved from /home/airflow/.local/lib/python3.7/site-packages/airflow/example_dags/tutorial_dag.py
[2023-05-14T04:20:58.359+0000] {logging_mixin.py:137} INFO - [2023-05-14T04:20:58.359+0000] {dag.py:2705} INFO - Sync 1 DAGs
[2023-05-14T04:20:58.382+0000] {logging_mixin.py:137} INFO - [2023-05-14T04:20:58.382+0000] {dag.py:3456} INFO - Setting next_dagrun for tutorial_dag to None, run_after=None
[2023-05-14T04:20:58.399+0000] {processor.py:175} INFO - Processing /home/airflow/.local/lib/python3.7/site-packages/airflow/example_dags/tutorial_dag.py took 0.084 seconds
[2023-05-14T05:35:32.065+0000] {processor.py:153} INFO - Started process (PID=4957) to work on /home/airflow/.local/lib/python3.7/site-packages/airflow/example_dags/tutorial_dag.py
[2023-05-14T05:35:32.067+0000] {processor.py:743} INFO - Processing file /home/airflow/.local/lib/python3.7/site-packages/airflow/example_dags/tutorial_dag.py for tasks to queue
[2023-05-14T05:35:32.068+0000] {logging_mixin.py:137} INFO - [2023-05-14T05:35:32.068+0000] {dagbag.py:532} INFO - Filling up the DagBag from /home/airflow/.local/lib/python3.7/site-packages/airflow/example_dags/tutorial_dag.py
[2023-05-14T05:35:32.080+0000] {processor.py:753} INFO - DAG(s) dict_keys(['tutorial_dag']) retrieved from /home/airflow/.local/lib/python3.7/site-packages/airflow/example_dags/tutorial_dag.py
[2023-05-14T05:35:32.102+0000] {logging_mixin.py:137} INFO - [2023-05-14T05:35:32.102+0000] {dag.py:2705} INFO - Sync 1 DAGs
[2023-05-14T05:35:32.118+0000] {logging_mixin.py:137} INFO - [2023-05-14T05:35:32.118+0000] {dag.py:3456} INFO - Setting next_dagrun for tutorial_dag to None, run_after=None
[2023-05-14T05:35:32.131+0000] {processor.py:175} INFO - Processing /home/airflow/.local/lib/python3.7/site-packages/airflow/example_dags/tutorial_dag.py took 0.069 seconds
[2023-05-14T05:36:02.312+0000] {processor.py:153} INFO - Started process (PID=5180) to work on /home/airflow/.local/lib/python3.7/site-packages/airflow/example_dags/tutorial_dag.py
[2023-05-14T05:36:02.314+0000] {processor.py:743} INFO - Processing file /home/airflow/.local/lib/python3.7/site-packages/airflow/example_dags/tutorial_dag.py for tasks to queue
[2023-05-14T05:36:02.315+0000] {logging_mixin.py:137} INFO - [2023-05-14T05:36:02.315+0000] {dagbag.py:532} INFO - Filling up the DagBag from /home/airflow/.local/lib/python3.7/site-packages/airflow/example_dags/tutorial_dag.py
[2023-05-14T05:36:02.325+0000] {processor.py:753} INFO - DAG(s) dict_keys(['tutorial_dag']) retrieved from /home/airflow/.local/lib/python3.7/site-packages/airflow/example_dags/tutorial_dag.py
[2023-05-14T05:36:02.347+0000] {logging_mixin.py:137} INFO - [2023-05-14T05:36:02.347+0000] {dag.py:2705} INFO - Sync 1 DAGs
[2023-05-14T05:36:02.364+0000] {logging_mixin.py:137} INFO - [2023-05-14T05:36:02.364+0000] {dag.py:3456} INFO - Setting next_dagrun for tutorial_dag to None, run_after=None
[2023-05-14T05:36:02.378+0000] {processor.py:175} INFO - Processing /home/airflow/.local/lib/python3.7/site-packages/airflow/example_dags/tutorial_dag.py took 0.070 seconds
[2023-05-14T05:36:34.196+0000] {processor.py:153} INFO - Started process (PID=5404) to work on /home/airflow/.local/lib/python3.7/site-packages/airflow/example_dags/tutorial_dag.py
[2023-05-14T05:36:34.199+0000] {processor.py:743} INFO - Processing file /home/airflow/.local/lib/python3.7/site-packages/airflow/example_dags/tutorial_dag.py for tasks to queue
[2023-05-14T05:36:34.200+0000] {logging_mixin.py:137} INFO - [2023-05-14T05:36:34.200+0000] {dagbag.py:532} INFO - Filling up the DagBag from /home/airflow/.local/lib/python3.7/site-packages/airflow/example_dags/tutorial_dag.py
[2023-05-14T05:36:34.214+0000] {processor.py:753} INFO - DAG(s) dict_keys(['tutorial_dag']) retrieved from /home/airflow/.local/lib/python3.7/site-packages/airflow/example_dags/tutorial_dag.py
[2023-05-14T05:36:34.241+0000] {logging_mixin.py:137} INFO - [2023-05-14T05:36:34.241+0000] {dag.py:2705} INFO - Sync 1 DAGs
[2023-05-14T05:36:34.263+0000] {logging_mixin.py:137} INFO - [2023-05-14T05:36:34.262+0000] {dag.py:3456} INFO - Setting next_dagrun for tutorial_dag to None, run_after=None
[2023-05-14T05:36:34.279+0000] {processor.py:175} INFO - Processing /home/airflow/.local/lib/python3.7/site-packages/airflow/example_dags/tutorial_dag.py took 0.086 seconds
[2023-05-14T05:37:04.390+0000] {processor.py:153} INFO - Started process (PID=5629) to work on /home/airflow/.local/lib/python3.7/site-packages/airflow/example_dags/tutorial_dag.py
[2023-05-14T05:37:04.392+0000] {processor.py:743} INFO - Processing file /home/airflow/.local/lib/python3.7/site-packages/airflow/example_dags/tutorial_dag.py for tasks to queue
[2023-05-14T05:37:04.393+0000] {logging_mixin.py:137} INFO - [2023-05-14T05:37:04.393+0000] {dagbag.py:532} INFO - Filling up the DagBag from /home/airflow/.local/lib/python3.7/site-packages/airflow/example_dags/tutorial_dag.py
[2023-05-14T05:37:04.402+0000] {processor.py:753} INFO - DAG(s) dict_keys(['tutorial_dag']) retrieved from /home/airflow/.local/lib/python3.7/site-packages/airflow/example_dags/tutorial_dag.py
[2023-05-14T05:37:04.423+0000] {logging_mixin.py:137} INFO - [2023-05-14T05:37:04.423+0000] {dag.py:2705} INFO - Sync 1 DAGs
[2023-05-14T05:37:04.442+0000] {logging_mixin.py:137} INFO - [2023-05-14T05:37:04.442+0000] {dag.py:3456} INFO - Setting next_dagrun for tutorial_dag to None, run_after=None
[2023-05-14T05:37:04.453+0000] {processor.py:175} INFO - Processing /home/airflow/.local/lib/python3.7/site-packages/airflow/example_dags/tutorial_dag.py took 0.066 seconds
[2023-05-14T05:37:35.332+0000] {processor.py:153} INFO - Started process (PID=5855) to work on /home/airflow/.local/lib/python3.7/site-packages/airflow/example_dags/tutorial_dag.py
[2023-05-14T05:37:35.336+0000] {processor.py:743} INFO - Processing file /home/airflow/.local/lib/python3.7/site-packages/airflow/example_dags/tutorial_dag.py for tasks to queue
[2023-05-14T05:37:35.338+0000] {logging_mixin.py:137} INFO - [2023-05-14T05:37:35.338+0000] {dagbag.py:532} INFO - Filling up the DagBag from /home/airflow/.local/lib/python3.7/site-packages/airflow/example_dags/tutorial_dag.py
[2023-05-14T05:37:35.349+0000] {processor.py:753} INFO - DAG(s) dict_keys(['tutorial_dag']) retrieved from /home/airflow/.local/lib/python3.7/site-packages/airflow/example_dags/tutorial_dag.py
[2023-05-14T05:37:35.378+0000] {logging_mixin.py:137} INFO - [2023-05-14T05:37:35.378+0000] {dag.py:2705} INFO - Sync 1 DAGs
[2023-05-14T05:37:35.402+0000] {logging_mixin.py:137} INFO - [2023-05-14T05:37:35.402+0000] {dag.py:3456} INFO - Setting next_dagrun for tutorial_dag to None, run_after=None
[2023-05-14T05:37:35.422+0000] {processor.py:175} INFO - Processing /home/airflow/.local/lib/python3.7/site-packages/airflow/example_dags/tutorial_dag.py took 0.093 seconds
[2023-05-14T05:38:05.698+0000] {processor.py:153} INFO - Started process (PID=6079) to work on /home/airflow/.local/lib/python3.7/site-packages/airflow/example_dags/tutorial_dag.py
[2023-05-14T05:38:05.700+0000] {processor.py:743} INFO - Processing file /home/airflow/.local/lib/python3.7/site-packages/airflow/example_dags/tutorial_dag.py for tasks to queue
[2023-05-14T05:38:05.701+0000] {logging_mixin.py:137} INFO - [2023-05-14T05:38:05.701+0000] {dagbag.py:532} INFO - Filling up the DagBag from /home/airflow/.local/lib/python3.7/site-packages/airflow/example_dags/tutorial_dag.py
[2023-05-14T05:38:05.712+0000] {processor.py:753} INFO - DAG(s) dict_keys(['tutorial_dag']) retrieved from /home/airflow/.local/lib/python3.7/site-packages/airflow/example_dags/tutorial_dag.py
[2023-05-14T05:38:05.734+0000] {logging_mixin.py:137} INFO - [2023-05-14T05:38:05.734+0000] {dag.py:2705} INFO - Sync 1 DAGs
[2023-05-14T05:38:05.751+0000] {logging_mixin.py:137} INFO - [2023-05-14T05:38:05.751+0000] {dag.py:3456} INFO - Setting next_dagrun for tutorial_dag to None, run_after=None
[2023-05-14T05:38:05.763+0000] {processor.py:175} INFO - Processing /home/airflow/.local/lib/python3.7/site-packages/airflow/example_dags/tutorial_dag.py took 0.068 seconds
[2023-05-14T05:38:36.151+0000] {processor.py:153} INFO - Started process (PID=6308) to work on /home/airflow/.local/lib/python3.7/site-packages/airflow/example_dags/tutorial_dag.py
[2023-05-14T05:38:36.153+0000] {processor.py:743} INFO - Processing file /home/airflow/.local/lib/python3.7/site-packages/airflow/example_dags/tutorial_dag.py for tasks to queue
[2023-05-14T05:38:36.154+0000] {logging_mixin.py:137} INFO - [2023-05-14T05:38:36.154+0000] {dagbag.py:532} INFO - Filling up the DagBag from /home/airflow/.local/lib/python3.7/site-packages/airflow/example_dags/tutorial_dag.py
[2023-05-14T05:38:36.165+0000] {processor.py:753} INFO - DAG(s) dict_keys(['tutorial_dag']) retrieved from /home/airflow/.local/lib/python3.7/site-packages/airflow/example_dags/tutorial_dag.py
[2023-05-14T05:38:36.186+0000] {logging_mixin.py:137} INFO - [2023-05-14T05:38:36.186+0000] {dag.py:2705} INFO - Sync 1 DAGs
[2023-05-14T05:38:36.204+0000] {logging_mixin.py:137} INFO - [2023-05-14T05:38:36.204+0000] {dag.py:3456} INFO - Setting next_dagrun for tutorial_dag to None, run_after=None
[2023-05-14T05:38:36.216+0000] {processor.py:175} INFO - Processing /home/airflow/.local/lib/python3.7/site-packages/airflow/example_dags/tutorial_dag.py took 0.069 seconds
[2023-05-14T05:39:06.668+0000] {processor.py:153} INFO - Started process (PID=6540) to work on /home/airflow/.local/lib/python3.7/site-packages/airflow/example_dags/tutorial_dag.py
[2023-05-14T05:39:06.669+0000] {processor.py:743} INFO - Processing file /home/airflow/.local/lib/python3.7/site-packages/airflow/example_dags/tutorial_dag.py for tasks to queue
[2023-05-14T05:39:06.670+0000] {logging_mixin.py:137} INFO - [2023-05-14T05:39:06.670+0000] {dagbag.py:532} INFO - Filling up the DagBag from /home/airflow/.local/lib/python3.7/site-packages/airflow/example_dags/tutorial_dag.py
[2023-05-14T05:39:06.682+0000] {processor.py:753} INFO - DAG(s) dict_keys(['tutorial_dag']) retrieved from /home/airflow/.local/lib/python3.7/site-packages/airflow/example_dags/tutorial_dag.py
[2023-05-14T05:39:06.705+0000] {logging_mixin.py:137} INFO - [2023-05-14T05:39:06.705+0000] {dag.py:2705} INFO - Sync 1 DAGs
[2023-05-14T05:39:06.722+0000] {logging_mixin.py:137} INFO - [2023-05-14T05:39:06.722+0000] {dag.py:3456} INFO - Setting next_dagrun for tutorial_dag to None, run_after=None
[2023-05-14T05:39:06.734+0000] {processor.py:175} INFO - Processing /home/airflow/.local/lib/python3.7/site-packages/airflow/example_dags/tutorial_dag.py took 0.069 seconds
[2023-05-14T05:39:37.824+0000] {processor.py:153} INFO - Started process (PID=6774) to work on /home/airflow/.local/lib/python3.7/site-packages/airflow/example_dags/tutorial_dag.py
[2023-05-14T05:39:37.827+0000] {processor.py:743} INFO - Processing file /home/airflow/.local/lib/python3.7/site-packages/airflow/example_dags/tutorial_dag.py for tasks to queue
[2023-05-14T05:39:37.828+0000] {logging_mixin.py:137} INFO - [2023-05-14T05:39:37.828+0000] {dagbag.py:532} INFO - Filling up the DagBag from /home/airflow/.local/lib/python3.7/site-packages/airflow/example_dags/tutorial_dag.py
[2023-05-14T05:39:37.841+0000] {processor.py:753} INFO - DAG(s) dict_keys(['tutorial_dag']) retrieved from /home/airflow/.local/lib/python3.7/site-packages/airflow/example_dags/tutorial_dag.py
[2023-05-14T05:39:37.869+0000] {logging_mixin.py:137} INFO - [2023-05-14T05:39:37.869+0000] {dag.py:2705} INFO - Sync 1 DAGs
[2023-05-14T05:39:37.893+0000] {logging_mixin.py:137} INFO - [2023-05-14T05:39:37.893+0000] {dag.py:3456} INFO - Setting next_dagrun for tutorial_dag to None, run_after=None
[2023-05-14T05:39:37.911+0000] {processor.py:175} INFO - Processing /home/airflow/.local/lib/python3.7/site-packages/airflow/example_dags/tutorial_dag.py took 0.092 seconds
[2023-05-14T05:40:08.473+0000] {processor.py:153} INFO - Started process (PID=7011) to work on /home/airflow/.local/lib/python3.7/site-packages/airflow/example_dags/tutorial_dag.py
[2023-05-14T05:40:08.475+0000] {processor.py:743} INFO - Processing file /home/airflow/.local/lib/python3.7/site-packages/airflow/example_dags/tutorial_dag.py for tasks to queue
[2023-05-14T05:40:08.476+0000] {logging_mixin.py:137} INFO - [2023-05-14T05:40:08.476+0000] {dagbag.py:532} INFO - Filling up the DagBag from /home/airflow/.local/lib/python3.7/site-packages/airflow/example_dags/tutorial_dag.py
[2023-05-14T05:40:08.486+0000] {processor.py:753} INFO - DAG(s) dict_keys(['tutorial_dag']) retrieved from /home/airflow/.local/lib/python3.7/site-packages/airflow/example_dags/tutorial_dag.py
[2023-05-14T05:40:08.507+0000] {logging_mixin.py:137} INFO - [2023-05-14T05:40:08.507+0000] {dag.py:2705} INFO - Sync 1 DAGs
[2023-05-14T05:40:08.526+0000] {logging_mixin.py:137} INFO - [2023-05-14T05:40:08.526+0000] {dag.py:3456} INFO - Setting next_dagrun for tutorial_dag to None, run_after=None
[2023-05-14T05:40:08.543+0000] {processor.py:175} INFO - Processing /home/airflow/.local/lib/python3.7/site-packages/airflow/example_dags/tutorial_dag.py took 0.072 seconds
[2023-05-14T05:40:39.386+0000] {processor.py:153} INFO - Started process (PID=7235) to work on /home/airflow/.local/lib/python3.7/site-packages/airflow/example_dags/tutorial_dag.py
[2023-05-14T05:40:39.388+0000] {processor.py:743} INFO - Processing file /home/airflow/.local/lib/python3.7/site-packages/airflow/example_dags/tutorial_dag.py for tasks to queue
[2023-05-14T05:40:39.389+0000] {logging_mixin.py:137} INFO - [2023-05-14T05:40:39.389+0000] {dagbag.py:532} INFO - Filling up the DagBag from /home/airflow/.local/lib/python3.7/site-packages/airflow/example_dags/tutorial_dag.py
[2023-05-14T05:40:39.400+0000] {processor.py:753} INFO - DAG(s) dict_keys(['tutorial_dag']) retrieved from /home/airflow/.local/lib/python3.7/site-packages/airflow/example_dags/tutorial_dag.py
[2023-05-14T05:40:39.424+0000] {logging_mixin.py:137} INFO - [2023-05-14T05:40:39.424+0000] {dag.py:2705} INFO - Sync 1 DAGs
[2023-05-14T05:40:39.443+0000] {logging_mixin.py:137} INFO - [2023-05-14T05:40:39.443+0000] {dag.py:3456} INFO - Setting next_dagrun for tutorial_dag to None, run_after=None
[2023-05-14T05:40:39.457+0000] {processor.py:175} INFO - Processing /home/airflow/.local/lib/python3.7/site-packages/airflow/example_dags/tutorial_dag.py took 0.074 seconds
[2023-05-14T05:41:09.823+0000] {processor.py:153} INFO - Started process (PID=7465) to work on /home/airflow/.local/lib/python3.7/site-packages/airflow/example_dags/tutorial_dag.py
[2023-05-14T05:41:09.825+0000] {processor.py:743} INFO - Processing file /home/airflow/.local/lib/python3.7/site-packages/airflow/example_dags/tutorial_dag.py for tasks to queue
[2023-05-14T05:41:09.830+0000] {logging_mixin.py:137} INFO - [2023-05-14T05:41:09.830+0000] {dagbag.py:532} INFO - Filling up the DagBag from /home/airflow/.local/lib/python3.7/site-packages/airflow/example_dags/tutorial_dag.py
[2023-05-14T05:41:09.841+0000] {processor.py:753} INFO - DAG(s) dict_keys(['tutorial_dag']) retrieved from /home/airflow/.local/lib/python3.7/site-packages/airflow/example_dags/tutorial_dag.py
[2023-05-14T05:41:09.866+0000] {logging_mixin.py:137} INFO - [2023-05-14T05:41:09.866+0000] {dag.py:2705} INFO - Sync 1 DAGs
[2023-05-14T05:41:09.883+0000] {logging_mixin.py:137} INFO - [2023-05-14T05:41:09.883+0000] {dag.py:3456} INFO - Setting next_dagrun for tutorial_dag to None, run_after=None
[2023-05-14T05:41:09.896+0000] {processor.py:175} INFO - Processing /home/airflow/.local/lib/python3.7/site-packages/airflow/example_dags/tutorial_dag.py took 0.078 seconds
[2023-05-14T05:41:40.371+0000] {processor.py:153} INFO - Started process (PID=7695) to work on /home/airflow/.local/lib/python3.7/site-packages/airflow/example_dags/tutorial_dag.py
[2023-05-14T05:41:40.373+0000] {processor.py:743} INFO - Processing file /home/airflow/.local/lib/python3.7/site-packages/airflow/example_dags/tutorial_dag.py for tasks to queue
[2023-05-14T05:41:40.374+0000] {logging_mixin.py:137} INFO - [2023-05-14T05:41:40.374+0000] {dagbag.py:532} INFO - Filling up the DagBag from /home/airflow/.local/lib/python3.7/site-packages/airflow/example_dags/tutorial_dag.py
[2023-05-14T05:41:40.385+0000] {processor.py:753} INFO - DAG(s) dict_keys(['tutorial_dag']) retrieved from /home/airflow/.local/lib/python3.7/site-packages/airflow/example_dags/tutorial_dag.py
[2023-05-14T05:41:40.409+0000] {logging_mixin.py:137} INFO - [2023-05-14T05:41:40.408+0000] {dag.py:2705} INFO - Sync 1 DAGs
[2023-05-14T05:41:40.426+0000] {logging_mixin.py:137} INFO - [2023-05-14T05:41:40.426+0000] {dag.py:3456} INFO - Setting next_dagrun for tutorial_dag to None, run_after=None
[2023-05-14T05:41:40.439+0000] {processor.py:175} INFO - Processing /home/airflow/.local/lib/python3.7/site-packages/airflow/example_dags/tutorial_dag.py took 0.071 seconds
[2023-05-14T05:42:10.968+0000] {processor.py:153} INFO - Started process (PID=7921) to work on /home/airflow/.local/lib/python3.7/site-packages/airflow/example_dags/tutorial_dag.py
[2023-05-14T05:42:10.971+0000] {processor.py:743} INFO - Processing file /home/airflow/.local/lib/python3.7/site-packages/airflow/example_dags/tutorial_dag.py for tasks to queue
[2023-05-14T05:42:10.972+0000] {logging_mixin.py:137} INFO - [2023-05-14T05:42:10.972+0000] {dagbag.py:532} INFO - Filling up the DagBag from /home/airflow/.local/lib/python3.7/site-packages/airflow/example_dags/tutorial_dag.py
[2023-05-14T05:42:10.984+0000] {processor.py:753} INFO - DAG(s) dict_keys(['tutorial_dag']) retrieved from /home/airflow/.local/lib/python3.7/site-packages/airflow/example_dags/tutorial_dag.py
[2023-05-14T05:42:11.008+0000] {logging_mixin.py:137} INFO - [2023-05-14T05:42:11.008+0000] {dag.py:2705} INFO - Sync 1 DAGs
[2023-05-14T05:42:11.026+0000] {logging_mixin.py:137} INFO - [2023-05-14T05:42:11.026+0000] {dag.py:3456} INFO - Setting next_dagrun for tutorial_dag to None, run_after=None
[2023-05-14T05:42:11.039+0000] {processor.py:175} INFO - Processing /home/airflow/.local/lib/python3.7/site-packages/airflow/example_dags/tutorial_dag.py took 0.075 seconds
[2023-05-14T05:42:41.219+0000] {processor.py:153} INFO - Started process (PID=8142) to work on /home/airflow/.local/lib/python3.7/site-packages/airflow/example_dags/tutorial_dag.py
[2023-05-14T05:42:41.221+0000] {processor.py:743} INFO - Processing file /home/airflow/.local/lib/python3.7/site-packages/airflow/example_dags/tutorial_dag.py for tasks to queue
[2023-05-14T05:42:41.222+0000] {logging_mixin.py:137} INFO - [2023-05-14T05:42:41.222+0000] {dagbag.py:532} INFO - Filling up the DagBag from /home/airflow/.local/lib/python3.7/site-packages/airflow/example_dags/tutorial_dag.py
[2023-05-14T05:42:41.233+0000] {processor.py:753} INFO - DAG(s) dict_keys(['tutorial_dag']) retrieved from /home/airflow/.local/lib/python3.7/site-packages/airflow/example_dags/tutorial_dag.py
[2023-05-14T05:42:41.256+0000] {logging_mixin.py:137} INFO - [2023-05-14T05:42:41.256+0000] {dag.py:2705} INFO - Sync 1 DAGs
[2023-05-14T05:42:41.274+0000] {logging_mixin.py:137} INFO - [2023-05-14T05:42:41.274+0000] {dag.py:3456} INFO - Setting next_dagrun for tutorial_dag to None, run_after=None
[2023-05-14T05:42:41.287+0000] {processor.py:175} INFO - Processing /home/airflow/.local/lib/python3.7/site-packages/airflow/example_dags/tutorial_dag.py took 0.071 seconds
[2023-05-14T05:43:11.850+0000] {processor.py:153} INFO - Started process (PID=8373) to work on /home/airflow/.local/lib/python3.7/site-packages/airflow/example_dags/tutorial_dag.py
[2023-05-14T05:43:11.852+0000] {processor.py:743} INFO - Processing file /home/airflow/.local/lib/python3.7/site-packages/airflow/example_dags/tutorial_dag.py for tasks to queue
[2023-05-14T05:43:11.853+0000] {logging_mixin.py:137} INFO - [2023-05-14T05:43:11.853+0000] {dagbag.py:532} INFO - Filling up the DagBag from /home/airflow/.local/lib/python3.7/site-packages/airflow/example_dags/tutorial_dag.py
[2023-05-14T05:43:11.868+0000] {processor.py:753} INFO - DAG(s) dict_keys(['tutorial_dag']) retrieved from /home/airflow/.local/lib/python3.7/site-packages/airflow/example_dags/tutorial_dag.py
[2023-05-14T05:43:11.892+0000] {logging_mixin.py:137} INFO - [2023-05-14T05:43:11.892+0000] {dag.py:2705} INFO - Sync 1 DAGs
[2023-05-14T05:43:11.911+0000] {logging_mixin.py:137} INFO - [2023-05-14T05:43:11.911+0000] {dag.py:3456} INFO - Setting next_dagrun for tutorial_dag to None, run_after=None
[2023-05-14T05:43:11.922+0000] {processor.py:175} INFO - Processing /home/airflow/.local/lib/python3.7/site-packages/airflow/example_dags/tutorial_dag.py took 0.075 seconds
[2023-05-14T05:43:42.008+0000] {processor.py:153} INFO - Started process (PID=8598) to work on /home/airflow/.local/lib/python3.7/site-packages/airflow/example_dags/tutorial_dag.py
[2023-05-14T05:43:42.010+0000] {processor.py:743} INFO - Processing file /home/airflow/.local/lib/python3.7/site-packages/airflow/example_dags/tutorial_dag.py for tasks to queue
[2023-05-14T05:43:42.011+0000] {logging_mixin.py:137} INFO - [2023-05-14T05:43:42.011+0000] {dagbag.py:532} INFO - Filling up the DagBag from /home/airflow/.local/lib/python3.7/site-packages/airflow/example_dags/tutorial_dag.py
[2023-05-14T05:43:42.023+0000] {processor.py:753} INFO - DAG(s) dict_keys(['tutorial_dag']) retrieved from /home/airflow/.local/lib/python3.7/site-packages/airflow/example_dags/tutorial_dag.py
[2023-05-14T05:43:42.046+0000] {logging_mixin.py:137} INFO - [2023-05-14T05:43:42.046+0000] {dag.py:2705} INFO - Sync 1 DAGs
[2023-05-14T05:43:42.072+0000] {logging_mixin.py:137} INFO - [2023-05-14T05:43:42.072+0000] {dag.py:3456} INFO - Setting next_dagrun for tutorial_dag to None, run_after=None
[2023-05-14T05:43:42.085+0000] {processor.py:175} INFO - Processing /home/airflow/.local/lib/python3.7/site-packages/airflow/example_dags/tutorial_dag.py took 0.080 seconds
[2023-05-14T05:44:12.545+0000] {processor.py:153} INFO - Started process (PID=8834) to work on /home/airflow/.local/lib/python3.7/site-packages/airflow/example_dags/tutorial_dag.py
[2023-05-14T05:44:12.546+0000] {processor.py:743} INFO - Processing file /home/airflow/.local/lib/python3.7/site-packages/airflow/example_dags/tutorial_dag.py for tasks to queue
[2023-05-14T05:44:12.548+0000] {logging_mixin.py:137} INFO - [2023-05-14T05:44:12.548+0000] {dagbag.py:532} INFO - Filling up the DagBag from /home/airflow/.local/lib/python3.7/site-packages/airflow/example_dags/tutorial_dag.py
[2023-05-14T05:44:12.559+0000] {processor.py:753} INFO - DAG(s) dict_keys(['tutorial_dag']) retrieved from /home/airflow/.local/lib/python3.7/site-packages/airflow/example_dags/tutorial_dag.py
[2023-05-14T05:44:12.584+0000] {logging_mixin.py:137} INFO - [2023-05-14T05:44:12.584+0000] {dag.py:2705} INFO - Sync 1 DAGs
[2023-05-14T05:44:12.602+0000] {logging_mixin.py:137} INFO - [2023-05-14T05:44:12.602+0000] {dag.py:3456} INFO - Setting next_dagrun for tutorial_dag to None, run_after=None
[2023-05-14T05:44:12.613+0000] {processor.py:175} INFO - Processing /home/airflow/.local/lib/python3.7/site-packages/airflow/example_dags/tutorial_dag.py took 0.071 seconds
[2023-05-14T05:44:42.809+0000] {processor.py:153} INFO - Started process (PID=9064) to work on /home/airflow/.local/lib/python3.7/site-packages/airflow/example_dags/tutorial_dag.py
[2023-05-14T05:44:42.811+0000] {processor.py:743} INFO - Processing file /home/airflow/.local/lib/python3.7/site-packages/airflow/example_dags/tutorial_dag.py for tasks to queue
[2023-05-14T05:44:42.812+0000] {logging_mixin.py:137} INFO - [2023-05-14T05:44:42.812+0000] {dagbag.py:532} INFO - Filling up the DagBag from /home/airflow/.local/lib/python3.7/site-packages/airflow/example_dags/tutorial_dag.py
[2023-05-14T05:44:42.822+0000] {processor.py:753} INFO - DAG(s) dict_keys(['tutorial_dag']) retrieved from /home/airflow/.local/lib/python3.7/site-packages/airflow/example_dags/tutorial_dag.py
[2023-05-14T05:44:42.845+0000] {logging_mixin.py:137} INFO - [2023-05-14T05:44:42.845+0000] {dag.py:2705} INFO - Sync 1 DAGs
[2023-05-14T05:44:42.864+0000] {logging_mixin.py:137} INFO - [2023-05-14T05:44:42.864+0000] {dag.py:3456} INFO - Setting next_dagrun for tutorial_dag to None, run_after=None
[2023-05-14T05:44:42.879+0000] {processor.py:175} INFO - Processing /home/airflow/.local/lib/python3.7/site-packages/airflow/example_dags/tutorial_dag.py took 0.072 seconds
[2023-05-14T05:45:13.150+0000] {processor.py:153} INFO - Started process (PID=9288) to work on /home/airflow/.local/lib/python3.7/site-packages/airflow/example_dags/tutorial_dag.py
[2023-05-14T05:45:13.152+0000] {processor.py:743} INFO - Processing file /home/airflow/.local/lib/python3.7/site-packages/airflow/example_dags/tutorial_dag.py for tasks to queue
[2023-05-14T05:45:13.153+0000] {logging_mixin.py:137} INFO - [2023-05-14T05:45:13.153+0000] {dagbag.py:532} INFO - Filling up the DagBag from /home/airflow/.local/lib/python3.7/site-packages/airflow/example_dags/tutorial_dag.py
[2023-05-14T05:45:13.163+0000] {processor.py:753} INFO - DAG(s) dict_keys(['tutorial_dag']) retrieved from /home/airflow/.local/lib/python3.7/site-packages/airflow/example_dags/tutorial_dag.py
[2023-05-14T05:45:13.187+0000] {logging_mixin.py:137} INFO - [2023-05-14T05:45:13.187+0000] {dag.py:2705} INFO - Sync 1 DAGs
[2023-05-14T05:45:13.207+0000] {logging_mixin.py:137} INFO - [2023-05-14T05:45:13.206+0000] {dag.py:3456} INFO - Setting next_dagrun for tutorial_dag to None, run_after=None
[2023-05-14T05:45:13.223+0000] {processor.py:175} INFO - Processing /home/airflow/.local/lib/python3.7/site-packages/airflow/example_dags/tutorial_dag.py took 0.076 seconds
[2023-05-14T05:45:44.237+0000] {processor.py:153} INFO - Started process (PID=9527) to work on /home/airflow/.local/lib/python3.7/site-packages/airflow/example_dags/tutorial_dag.py
[2023-05-14T05:45:44.239+0000] {processor.py:743} INFO - Processing file /home/airflow/.local/lib/python3.7/site-packages/airflow/example_dags/tutorial_dag.py for tasks to queue
[2023-05-14T05:45:44.241+0000] {logging_mixin.py:137} INFO - [2023-05-14T05:45:44.241+0000] {dagbag.py:532} INFO - Filling up the DagBag from /home/airflow/.local/lib/python3.7/site-packages/airflow/example_dags/tutorial_dag.py
[2023-05-14T05:45:44.257+0000] {processor.py:753} INFO - DAG(s) dict_keys(['tutorial_dag']) retrieved from /home/airflow/.local/lib/python3.7/site-packages/airflow/example_dags/tutorial_dag.py
[2023-05-14T05:45:44.282+0000] {logging_mixin.py:137} INFO - [2023-05-14T05:45:44.282+0000] {dag.py:2705} INFO - Sync 1 DAGs
[2023-05-14T05:45:44.300+0000] {logging_mixin.py:137} INFO - [2023-05-14T05:45:44.300+0000] {dag.py:3456} INFO - Setting next_dagrun for tutorial_dag to None, run_after=None
[2023-05-14T05:45:44.314+0000] {processor.py:175} INFO - Processing /home/airflow/.local/lib/python3.7/site-packages/airflow/example_dags/tutorial_dag.py took 0.081 seconds
[2023-05-14T05:46:14.438+0000] {processor.py:153} INFO - Started process (PID=9753) to work on /home/airflow/.local/lib/python3.7/site-packages/airflow/example_dags/tutorial_dag.py
[2023-05-14T05:46:14.440+0000] {processor.py:743} INFO - Processing file /home/airflow/.local/lib/python3.7/site-packages/airflow/example_dags/tutorial_dag.py for tasks to queue
[2023-05-14T05:46:14.441+0000] {logging_mixin.py:137} INFO - [2023-05-14T05:46:14.441+0000] {dagbag.py:532} INFO - Filling up the DagBag from /home/airflow/.local/lib/python3.7/site-packages/airflow/example_dags/tutorial_dag.py
[2023-05-14T05:46:14.452+0000] {processor.py:753} INFO - DAG(s) dict_keys(['tutorial_dag']) retrieved from /home/airflow/.local/lib/python3.7/site-packages/airflow/example_dags/tutorial_dag.py
[2023-05-14T05:46:14.477+0000] {logging_mixin.py:137} INFO - [2023-05-14T05:46:14.476+0000] {dag.py:2705} INFO - Sync 1 DAGs
[2023-05-14T05:46:14.493+0000] {logging_mixin.py:137} INFO - [2023-05-14T05:46:14.493+0000] {dag.py:3456} INFO - Setting next_dagrun for tutorial_dag to None, run_after=None
[2023-05-14T05:46:14.506+0000] {processor.py:175} INFO - Processing /home/airflow/.local/lib/python3.7/site-packages/airflow/example_dags/tutorial_dag.py took 0.070 seconds
[2023-05-14T05:46:44.699+0000] {processor.py:153} INFO - Started process (PID=9979) to work on /home/airflow/.local/lib/python3.7/site-packages/airflow/example_dags/tutorial_dag.py
[2023-05-14T05:46:44.702+0000] {processor.py:743} INFO - Processing file /home/airflow/.local/lib/python3.7/site-packages/airflow/example_dags/tutorial_dag.py for tasks to queue
[2023-05-14T05:46:44.704+0000] {logging_mixin.py:137} INFO - [2023-05-14T05:46:44.704+0000] {dagbag.py:532} INFO - Filling up the DagBag from /home/airflow/.local/lib/python3.7/site-packages/airflow/example_dags/tutorial_dag.py
[2023-05-14T05:46:44.715+0000] {processor.py:753} INFO - DAG(s) dict_keys(['tutorial_dag']) retrieved from /home/airflow/.local/lib/python3.7/site-packages/airflow/example_dags/tutorial_dag.py
[2023-05-14T05:46:44.736+0000] {logging_mixin.py:137} INFO - [2023-05-14T05:46:44.736+0000] {dag.py:2705} INFO - Sync 1 DAGs
[2023-05-14T05:46:44.754+0000] {logging_mixin.py:137} INFO - [2023-05-14T05:46:44.754+0000] {dag.py:3456} INFO - Setting next_dagrun for tutorial_dag to None, run_after=None
[2023-05-14T05:46:44.766+0000] {processor.py:175} INFO - Processing /home/airflow/.local/lib/python3.7/site-packages/airflow/example_dags/tutorial_dag.py took 0.070 seconds
[2023-05-14T05:47:14.963+0000] {processor.py:153} INFO - Started process (PID=10201) to work on /home/airflow/.local/lib/python3.7/site-packages/airflow/example_dags/tutorial_dag.py
[2023-05-14T05:47:14.965+0000] {processor.py:743} INFO - Processing file /home/airflow/.local/lib/python3.7/site-packages/airflow/example_dags/tutorial_dag.py for tasks to queue
[2023-05-14T05:47:14.966+0000] {logging_mixin.py:137} INFO - [2023-05-14T05:47:14.966+0000] {dagbag.py:532} INFO - Filling up the DagBag from /home/airflow/.local/lib/python3.7/site-packages/airflow/example_dags/tutorial_dag.py
[2023-05-14T05:47:14.977+0000] {processor.py:753} INFO - DAG(s) dict_keys(['tutorial_dag']) retrieved from /home/airflow/.local/lib/python3.7/site-packages/airflow/example_dags/tutorial_dag.py
[2023-05-14T05:47:14.998+0000] {logging_mixin.py:137} INFO - [2023-05-14T05:47:14.998+0000] {dag.py:2705} INFO - Sync 1 DAGs
[2023-05-14T05:47:15.022+0000] {logging_mixin.py:137} INFO - [2023-05-14T05:47:15.022+0000] {dag.py:3456} INFO - Setting next_dagrun for tutorial_dag to None, run_after=None
[2023-05-14T05:47:15.067+0000] {processor.py:175} INFO - Processing /home/airflow/.local/lib/python3.7/site-packages/airflow/example_dags/tutorial_dag.py took 0.107 seconds
[2023-05-14T05:47:45.480+0000] {processor.py:153} INFO - Started process (PID=10424) to work on /home/airflow/.local/lib/python3.7/site-packages/airflow/example_dags/tutorial_dag.py
[2023-05-14T05:47:45.482+0000] {processor.py:743} INFO - Processing file /home/airflow/.local/lib/python3.7/site-packages/airflow/example_dags/tutorial_dag.py for tasks to queue
[2023-05-14T05:47:45.483+0000] {logging_mixin.py:137} INFO - [2023-05-14T05:47:45.483+0000] {dagbag.py:532} INFO - Filling up the DagBag from /home/airflow/.local/lib/python3.7/site-packages/airflow/example_dags/tutorial_dag.py
[2023-05-14T05:47:45.494+0000] {processor.py:753} INFO - DAG(s) dict_keys(['tutorial_dag']) retrieved from /home/airflow/.local/lib/python3.7/site-packages/airflow/example_dags/tutorial_dag.py
[2023-05-14T05:47:45.520+0000] {logging_mixin.py:137} INFO - [2023-05-14T05:47:45.519+0000] {dag.py:2705} INFO - Sync 1 DAGs
[2023-05-14T05:47:45.539+0000] {logging_mixin.py:137} INFO - [2023-05-14T05:47:45.539+0000] {dag.py:3456} INFO - Setting next_dagrun for tutorial_dag to None, run_after=None
[2023-05-14T05:47:45.556+0000] {processor.py:175} INFO - Processing /home/airflow/.local/lib/python3.7/site-packages/airflow/example_dags/tutorial_dag.py took 0.079 seconds
[2023-05-14T05:48:15.709+0000] {processor.py:153} INFO - Started process (PID=10648) to work on /home/airflow/.local/lib/python3.7/site-packages/airflow/example_dags/tutorial_dag.py
[2023-05-14T05:48:15.712+0000] {processor.py:743} INFO - Processing file /home/airflow/.local/lib/python3.7/site-packages/airflow/example_dags/tutorial_dag.py for tasks to queue
[2023-05-14T05:48:15.715+0000] {logging_mixin.py:137} INFO - [2023-05-14T05:48:15.715+0000] {dagbag.py:532} INFO - Filling up the DagBag from /home/airflow/.local/lib/python3.7/site-packages/airflow/example_dags/tutorial_dag.py
[2023-05-14T05:48:15.728+0000] {processor.py:753} INFO - DAG(s) dict_keys(['tutorial_dag']) retrieved from /home/airflow/.local/lib/python3.7/site-packages/airflow/example_dags/tutorial_dag.py
[2023-05-14T05:48:15.758+0000] {logging_mixin.py:137} INFO - [2023-05-14T05:48:15.758+0000] {dag.py:2705} INFO - Sync 1 DAGs
[2023-05-14T05:48:15.775+0000] {logging_mixin.py:137} INFO - [2023-05-14T05:48:15.775+0000] {dag.py:3456} INFO - Setting next_dagrun for tutorial_dag to None, run_after=None
[2023-05-14T05:48:15.789+0000] {processor.py:175} INFO - Processing /home/airflow/.local/lib/python3.7/site-packages/airflow/example_dags/tutorial_dag.py took 0.083 seconds
[2023-05-14T05:48:46.028+0000] {processor.py:153} INFO - Started process (PID=10872) to work on /home/airflow/.local/lib/python3.7/site-packages/airflow/example_dags/tutorial_dag.py
[2023-05-14T05:48:46.042+0000] {processor.py:743} INFO - Processing file /home/airflow/.local/lib/python3.7/site-packages/airflow/example_dags/tutorial_dag.py for tasks to queue
[2023-05-14T05:48:46.044+0000] {logging_mixin.py:137} INFO - [2023-05-14T05:48:46.044+0000] {dagbag.py:532} INFO - Filling up the DagBag from /home/airflow/.local/lib/python3.7/site-packages/airflow/example_dags/tutorial_dag.py
[2023-05-14T05:48:46.058+0000] {processor.py:753} INFO - DAG(s) dict_keys(['tutorial_dag']) retrieved from /home/airflow/.local/lib/python3.7/site-packages/airflow/example_dags/tutorial_dag.py
[2023-05-14T05:48:46.084+0000] {logging_mixin.py:137} INFO - [2023-05-14T05:48:46.084+0000] {dag.py:2705} INFO - Sync 1 DAGs
[2023-05-14T05:48:46.106+0000] {logging_mixin.py:137} INFO - [2023-05-14T05:48:46.106+0000] {dag.py:3456} INFO - Setting next_dagrun for tutorial_dag to None, run_after=None
[2023-05-14T05:48:46.120+0000] {processor.py:175} INFO - Processing /home/airflow/.local/lib/python3.7/site-packages/airflow/example_dags/tutorial_dag.py took 0.095 seconds
[2023-05-14T05:49:16.551+0000] {processor.py:153} INFO - Started process (PID=11098) to work on /home/airflow/.local/lib/python3.7/site-packages/airflow/example_dags/tutorial_dag.py
[2023-05-14T05:49:16.554+0000] {processor.py:743} INFO - Processing file /home/airflow/.local/lib/python3.7/site-packages/airflow/example_dags/tutorial_dag.py for tasks to queue
[2023-05-14T05:49:16.555+0000] {logging_mixin.py:137} INFO - [2023-05-14T05:49:16.555+0000] {dagbag.py:532} INFO - Filling up the DagBag from /home/airflow/.local/lib/python3.7/site-packages/airflow/example_dags/tutorial_dag.py
[2023-05-14T05:49:16.572+0000] {processor.py:753} INFO - DAG(s) dict_keys(['tutorial_dag']) retrieved from /home/airflow/.local/lib/python3.7/site-packages/airflow/example_dags/tutorial_dag.py
[2023-05-14T05:49:16.593+0000] {logging_mixin.py:137} INFO - [2023-05-14T05:49:16.593+0000] {dag.py:2705} INFO - Sync 1 DAGs
[2023-05-14T05:49:16.611+0000] {logging_mixin.py:137} INFO - [2023-05-14T05:49:16.611+0000] {dag.py:3456} INFO - Setting next_dagrun for tutorial_dag to None, run_after=None
[2023-05-14T05:49:16.624+0000] {processor.py:175} INFO - Processing /home/airflow/.local/lib/python3.7/site-packages/airflow/example_dags/tutorial_dag.py took 0.075 seconds
[2023-05-14T05:49:46.676+0000] {processor.py:153} INFO - Started process (PID=11324) to work on /home/airflow/.local/lib/python3.7/site-packages/airflow/example_dags/tutorial_dag.py
[2023-05-14T05:49:46.678+0000] {processor.py:743} INFO - Processing file /home/airflow/.local/lib/python3.7/site-packages/airflow/example_dags/tutorial_dag.py for tasks to queue
[2023-05-14T05:49:46.679+0000] {logging_mixin.py:137} INFO - [2023-05-14T05:49:46.679+0000] {dagbag.py:532} INFO - Filling up the DagBag from /home/airflow/.local/lib/python3.7/site-packages/airflow/example_dags/tutorial_dag.py
[2023-05-14T05:49:46.690+0000] {processor.py:753} INFO - DAG(s) dict_keys(['tutorial_dag']) retrieved from /home/airflow/.local/lib/python3.7/site-packages/airflow/example_dags/tutorial_dag.py
[2023-05-14T05:49:46.710+0000] {logging_mixin.py:137} INFO - [2023-05-14T05:49:46.710+0000] {dag.py:2705} INFO - Sync 1 DAGs
[2023-05-14T05:49:46.726+0000] {logging_mixin.py:137} INFO - [2023-05-14T05:49:46.726+0000] {dag.py:3456} INFO - Setting next_dagrun for tutorial_dag to None, run_after=None
[2023-05-14T05:49:46.736+0000] {processor.py:175} INFO - Processing /home/airflow/.local/lib/python3.7/site-packages/airflow/example_dags/tutorial_dag.py took 0.063 seconds
[2023-05-14T05:50:16.942+0000] {processor.py:153} INFO - Started process (PID=11547) to work on /home/airflow/.local/lib/python3.7/site-packages/airflow/example_dags/tutorial_dag.py
[2023-05-14T05:50:16.945+0000] {processor.py:743} INFO - Processing file /home/airflow/.local/lib/python3.7/site-packages/airflow/example_dags/tutorial_dag.py for tasks to queue
[2023-05-14T05:50:16.946+0000] {logging_mixin.py:137} INFO - [2023-05-14T05:50:16.946+0000] {dagbag.py:532} INFO - Filling up the DagBag from /home/airflow/.local/lib/python3.7/site-packages/airflow/example_dags/tutorial_dag.py
[2023-05-14T05:50:16.958+0000] {processor.py:753} INFO - DAG(s) dict_keys(['tutorial_dag']) retrieved from /home/airflow/.local/lib/python3.7/site-packages/airflow/example_dags/tutorial_dag.py
[2023-05-14T05:50:16.981+0000] {logging_mixin.py:137} INFO - [2023-05-14T05:50:16.981+0000] {dag.py:2705} INFO - Sync 1 DAGs
[2023-05-14T05:50:17.000+0000] {logging_mixin.py:137} INFO - [2023-05-14T05:50:17.000+0000] {dag.py:3456} INFO - Setting next_dagrun for tutorial_dag to None, run_after=None
[2023-05-14T05:50:17.015+0000] {processor.py:175} INFO - Processing /home/airflow/.local/lib/python3.7/site-packages/airflow/example_dags/tutorial_dag.py took 0.075 seconds
[2023-05-14T05:50:47.424+0000] {processor.py:153} INFO - Started process (PID=11772) to work on /home/airflow/.local/lib/python3.7/site-packages/airflow/example_dags/tutorial_dag.py
[2023-05-14T05:50:47.426+0000] {processor.py:743} INFO - Processing file /home/airflow/.local/lib/python3.7/site-packages/airflow/example_dags/tutorial_dag.py for tasks to queue
[2023-05-14T05:50:47.429+0000] {logging_mixin.py:137} INFO - [2023-05-14T05:50:47.429+0000] {dagbag.py:532} INFO - Filling up the DagBag from /home/airflow/.local/lib/python3.7/site-packages/airflow/example_dags/tutorial_dag.py
[2023-05-14T05:50:47.439+0000] {processor.py:753} INFO - DAG(s) dict_keys(['tutorial_dag']) retrieved from /home/airflow/.local/lib/python3.7/site-packages/airflow/example_dags/tutorial_dag.py
[2023-05-14T05:50:47.461+0000] {logging_mixin.py:137} INFO - [2023-05-14T05:50:47.461+0000] {dag.py:2705} INFO - Sync 1 DAGs
[2023-05-14T05:50:47.479+0000] {logging_mixin.py:137} INFO - [2023-05-14T05:50:47.479+0000] {dag.py:3456} INFO - Setting next_dagrun for tutorial_dag to None, run_after=None
[2023-05-14T05:50:47.495+0000] {processor.py:175} INFO - Processing /home/airflow/.local/lib/python3.7/site-packages/airflow/example_dags/tutorial_dag.py took 0.076 seconds
[2023-05-14T05:51:17.751+0000] {processor.py:153} INFO - Started process (PID=11994) to work on /home/airflow/.local/lib/python3.7/site-packages/airflow/example_dags/tutorial_dag.py
[2023-05-14T05:51:17.756+0000] {processor.py:743} INFO - Processing file /home/airflow/.local/lib/python3.7/site-packages/airflow/example_dags/tutorial_dag.py for tasks to queue
[2023-05-14T05:51:17.757+0000] {logging_mixin.py:137} INFO - [2023-05-14T05:51:17.757+0000] {dagbag.py:532} INFO - Filling up the DagBag from /home/airflow/.local/lib/python3.7/site-packages/airflow/example_dags/tutorial_dag.py
[2023-05-14T05:51:17.767+0000] {processor.py:753} INFO - DAG(s) dict_keys(['tutorial_dag']) retrieved from /home/airflow/.local/lib/python3.7/site-packages/airflow/example_dags/tutorial_dag.py
[2023-05-14T05:51:17.787+0000] {logging_mixin.py:137} INFO - [2023-05-14T05:51:17.787+0000] {dag.py:2705} INFO - Sync 1 DAGs
[2023-05-14T05:51:17.804+0000] {logging_mixin.py:137} INFO - [2023-05-14T05:51:17.804+0000] {dag.py:3456} INFO - Setting next_dagrun for tutorial_dag to None, run_after=None
[2023-05-14T05:51:17.817+0000] {processor.py:175} INFO - Processing /home/airflow/.local/lib/python3.7/site-packages/airflow/example_dags/tutorial_dag.py took 0.069 seconds
[2023-05-14T05:51:48.100+0000] {processor.py:153} INFO - Started process (PID=12218) to work on /home/airflow/.local/lib/python3.7/site-packages/airflow/example_dags/tutorial_dag.py
[2023-05-14T05:51:48.102+0000] {processor.py:743} INFO - Processing file /home/airflow/.local/lib/python3.7/site-packages/airflow/example_dags/tutorial_dag.py for tasks to queue
[2023-05-14T05:51:48.103+0000] {logging_mixin.py:137} INFO - [2023-05-14T05:51:48.103+0000] {dagbag.py:532} INFO - Filling up the DagBag from /home/airflow/.local/lib/python3.7/site-packages/airflow/example_dags/tutorial_dag.py
[2023-05-14T05:51:48.113+0000] {processor.py:753} INFO - DAG(s) dict_keys(['tutorial_dag']) retrieved from /home/airflow/.local/lib/python3.7/site-packages/airflow/example_dags/tutorial_dag.py
[2023-05-14T05:51:48.137+0000] {logging_mixin.py:137} INFO - [2023-05-14T05:51:48.137+0000] {dag.py:2705} INFO - Sync 1 DAGs
[2023-05-14T05:51:48.155+0000] {logging_mixin.py:137} INFO - [2023-05-14T05:51:48.155+0000] {dag.py:3456} INFO - Setting next_dagrun for tutorial_dag to None, run_after=None
[2023-05-14T05:51:48.169+0000] {processor.py:175} INFO - Processing /home/airflow/.local/lib/python3.7/site-packages/airflow/example_dags/tutorial_dag.py took 0.072 seconds
[2023-05-14T05:52:18.396+0000] {processor.py:153} INFO - Started process (PID=12441) to work on /home/airflow/.local/lib/python3.7/site-packages/airflow/example_dags/tutorial_dag.py
[2023-05-14T05:52:18.398+0000] {processor.py:743} INFO - Processing file /home/airflow/.local/lib/python3.7/site-packages/airflow/example_dags/tutorial_dag.py for tasks to queue
[2023-05-14T05:52:18.399+0000] {logging_mixin.py:137} INFO - [2023-05-14T05:52:18.399+0000] {dagbag.py:532} INFO - Filling up the DagBag from /home/airflow/.local/lib/python3.7/site-packages/airflow/example_dags/tutorial_dag.py
[2023-05-14T05:52:18.412+0000] {processor.py:753} INFO - DAG(s) dict_keys(['tutorial_dag']) retrieved from /home/airflow/.local/lib/python3.7/site-packages/airflow/example_dags/tutorial_dag.py
[2023-05-14T05:52:18.434+0000] {logging_mixin.py:137} INFO - [2023-05-14T05:52:18.434+0000] {dag.py:2705} INFO - Sync 1 DAGs
[2023-05-14T05:52:18.450+0000] {logging_mixin.py:137} INFO - [2023-05-14T05:52:18.450+0000] {dag.py:3456} INFO - Setting next_dagrun for tutorial_dag to None, run_after=None
[2023-05-14T05:52:18.463+0000] {processor.py:175} INFO - Processing /home/airflow/.local/lib/python3.7/site-packages/airflow/example_dags/tutorial_dag.py took 0.069 seconds
[2023-05-14T05:52:48.640+0000] {processor.py:153} INFO - Started process (PID=12665) to work on /home/airflow/.local/lib/python3.7/site-packages/airflow/example_dags/tutorial_dag.py
[2023-05-14T05:52:48.642+0000] {processor.py:743} INFO - Processing file /home/airflow/.local/lib/python3.7/site-packages/airflow/example_dags/tutorial_dag.py for tasks to queue
[2023-05-14T05:52:48.644+0000] {logging_mixin.py:137} INFO - [2023-05-14T05:52:48.643+0000] {dagbag.py:532} INFO - Filling up the DagBag from /home/airflow/.local/lib/python3.7/site-packages/airflow/example_dags/tutorial_dag.py
[2023-05-14T05:52:48.655+0000] {processor.py:753} INFO - DAG(s) dict_keys(['tutorial_dag']) retrieved from /home/airflow/.local/lib/python3.7/site-packages/airflow/example_dags/tutorial_dag.py
[2023-05-14T05:52:48.678+0000] {logging_mixin.py:137} INFO - [2023-05-14T05:52:48.678+0000] {dag.py:2705} INFO - Sync 1 DAGs
[2023-05-14T05:52:48.702+0000] {logging_mixin.py:137} INFO - [2023-05-14T05:52:48.701+0000] {dag.py:3456} INFO - Setting next_dagrun for tutorial_dag to None, run_after=None
[2023-05-14T05:52:48.714+0000] {processor.py:175} INFO - Processing /home/airflow/.local/lib/python3.7/site-packages/airflow/example_dags/tutorial_dag.py took 0.077 seconds
[2023-05-14T05:53:19.133+0000] {processor.py:153} INFO - Started process (PID=12889) to work on /home/airflow/.local/lib/python3.7/site-packages/airflow/example_dags/tutorial_dag.py
[2023-05-14T05:53:19.135+0000] {processor.py:743} INFO - Processing file /home/airflow/.local/lib/python3.7/site-packages/airflow/example_dags/tutorial_dag.py for tasks to queue
[2023-05-14T05:53:19.136+0000] {logging_mixin.py:137} INFO - [2023-05-14T05:53:19.136+0000] {dagbag.py:532} INFO - Filling up the DagBag from /home/airflow/.local/lib/python3.7/site-packages/airflow/example_dags/tutorial_dag.py
[2023-05-14T05:53:19.151+0000] {processor.py:753} INFO - DAG(s) dict_keys(['tutorial_dag']) retrieved from /home/airflow/.local/lib/python3.7/site-packages/airflow/example_dags/tutorial_dag.py
[2023-05-14T05:53:19.177+0000] {logging_mixin.py:137} INFO - [2023-05-14T05:53:19.177+0000] {dag.py:2705} INFO - Sync 1 DAGs
[2023-05-14T05:53:19.194+0000] {logging_mixin.py:137} INFO - [2023-05-14T05:53:19.194+0000] {dag.py:3456} INFO - Setting next_dagrun for tutorial_dag to None, run_after=None
[2023-05-14T05:53:19.207+0000] {processor.py:175} INFO - Processing /home/airflow/.local/lib/python3.7/site-packages/airflow/example_dags/tutorial_dag.py took 0.076 seconds
[2023-05-14T05:53:50.382+0000] {processor.py:153} INFO - Started process (PID=13114) to work on /home/airflow/.local/lib/python3.7/site-packages/airflow/example_dags/tutorial_dag.py
[2023-05-14T05:53:50.383+0000] {processor.py:743} INFO - Processing file /home/airflow/.local/lib/python3.7/site-packages/airflow/example_dags/tutorial_dag.py for tasks to queue
[2023-05-14T05:53:50.384+0000] {logging_mixin.py:137} INFO - [2023-05-14T05:53:50.384+0000] {dagbag.py:532} INFO - Filling up the DagBag from /home/airflow/.local/lib/python3.7/site-packages/airflow/example_dags/tutorial_dag.py
[2023-05-14T05:53:50.394+0000] {processor.py:753} INFO - DAG(s) dict_keys(['tutorial_dag']) retrieved from /home/airflow/.local/lib/python3.7/site-packages/airflow/example_dags/tutorial_dag.py
[2023-05-14T05:53:50.419+0000] {logging_mixin.py:137} INFO - [2023-05-14T05:53:50.419+0000] {dag.py:2705} INFO - Sync 1 DAGs
[2023-05-14T05:53:50.436+0000] {logging_mixin.py:137} INFO - [2023-05-14T05:53:50.436+0000] {dag.py:3456} INFO - Setting next_dagrun for tutorial_dag to None, run_after=None
[2023-05-14T05:53:50.454+0000] {processor.py:175} INFO - Processing /home/airflow/.local/lib/python3.7/site-packages/airflow/example_dags/tutorial_dag.py took 0.075 seconds
[2023-05-14T05:54:20.781+0000] {processor.py:153} INFO - Started process (PID=13339) to work on /home/airflow/.local/lib/python3.7/site-packages/airflow/example_dags/tutorial_dag.py
[2023-05-14T05:54:20.783+0000] {processor.py:743} INFO - Processing file /home/airflow/.local/lib/python3.7/site-packages/airflow/example_dags/tutorial_dag.py for tasks to queue
[2023-05-14T05:54:20.784+0000] {logging_mixin.py:137} INFO - [2023-05-14T05:54:20.784+0000] {dagbag.py:532} INFO - Filling up the DagBag from /home/airflow/.local/lib/python3.7/site-packages/airflow/example_dags/tutorial_dag.py
[2023-05-14T05:54:20.795+0000] {processor.py:753} INFO - DAG(s) dict_keys(['tutorial_dag']) retrieved from /home/airflow/.local/lib/python3.7/site-packages/airflow/example_dags/tutorial_dag.py
[2023-05-14T05:54:20.823+0000] {logging_mixin.py:137} INFO - [2023-05-14T05:54:20.823+0000] {dag.py:2705} INFO - Sync 1 DAGs
[2023-05-14T05:54:20.840+0000] {logging_mixin.py:137} INFO - [2023-05-14T05:54:20.840+0000] {dag.py:3456} INFO - Setting next_dagrun for tutorial_dag to None, run_after=None
[2023-05-14T05:54:20.854+0000] {processor.py:175} INFO - Processing /home/airflow/.local/lib/python3.7/site-packages/airflow/example_dags/tutorial_dag.py took 0.076 seconds
[2023-05-14T05:54:51.052+0000] {processor.py:153} INFO - Started process (PID=13563) to work on /home/airflow/.local/lib/python3.7/site-packages/airflow/example_dags/tutorial_dag.py
[2023-05-14T05:54:51.054+0000] {processor.py:743} INFO - Processing file /home/airflow/.local/lib/python3.7/site-packages/airflow/example_dags/tutorial_dag.py for tasks to queue
[2023-05-14T05:54:51.056+0000] {logging_mixin.py:137} INFO - [2023-05-14T05:54:51.056+0000] {dagbag.py:532} INFO - Filling up the DagBag from /home/airflow/.local/lib/python3.7/site-packages/airflow/example_dags/tutorial_dag.py
[2023-05-14T05:54:51.068+0000] {processor.py:753} INFO - DAG(s) dict_keys(['tutorial_dag']) retrieved from /home/airflow/.local/lib/python3.7/site-packages/airflow/example_dags/tutorial_dag.py
[2023-05-14T05:54:51.105+0000] {logging_mixin.py:137} INFO - [2023-05-14T05:54:51.105+0000] {dag.py:2705} INFO - Sync 1 DAGs
[2023-05-14T05:54:51.124+0000] {logging_mixin.py:137} INFO - [2023-05-14T05:54:51.124+0000] {dag.py:3456} INFO - Setting next_dagrun for tutorial_dag to None, run_after=None
[2023-05-14T05:54:51.139+0000] {processor.py:175} INFO - Processing /home/airflow/.local/lib/python3.7/site-packages/airflow/example_dags/tutorial_dag.py took 0.089 seconds
[2023-05-14T05:55:21.449+0000] {processor.py:153} INFO - Started process (PID=13785) to work on /home/airflow/.local/lib/python3.7/site-packages/airflow/example_dags/tutorial_dag.py
[2023-05-14T05:55:21.451+0000] {processor.py:743} INFO - Processing file /home/airflow/.local/lib/python3.7/site-packages/airflow/example_dags/tutorial_dag.py for tasks to queue
[2023-05-14T05:55:21.452+0000] {logging_mixin.py:137} INFO - [2023-05-14T05:55:21.452+0000] {dagbag.py:532} INFO - Filling up the DagBag from /home/airflow/.local/lib/python3.7/site-packages/airflow/example_dags/tutorial_dag.py
[2023-05-14T05:55:21.465+0000] {processor.py:753} INFO - DAG(s) dict_keys(['tutorial_dag']) retrieved from /home/airflow/.local/lib/python3.7/site-packages/airflow/example_dags/tutorial_dag.py
[2023-05-14T05:55:21.491+0000] {logging_mixin.py:137} INFO - [2023-05-14T05:55:21.491+0000] {dag.py:2705} INFO - Sync 1 DAGs
[2023-05-14T05:55:21.508+0000] {logging_mixin.py:137} INFO - [2023-05-14T05:55:21.508+0000] {dag.py:3456} INFO - Setting next_dagrun for tutorial_dag to None, run_after=None
[2023-05-14T05:55:21.524+0000] {processor.py:175} INFO - Processing /home/airflow/.local/lib/python3.7/site-packages/airflow/example_dags/tutorial_dag.py took 0.078 seconds
[2023-05-14T05:55:51.816+0000] {processor.py:153} INFO - Started process (PID=14011) to work on /home/airflow/.local/lib/python3.7/site-packages/airflow/example_dags/tutorial_dag.py
[2023-05-14T05:55:51.819+0000] {processor.py:743} INFO - Processing file /home/airflow/.local/lib/python3.7/site-packages/airflow/example_dags/tutorial_dag.py for tasks to queue
[2023-05-14T05:55:51.821+0000] {logging_mixin.py:137} INFO - [2023-05-14T05:55:51.820+0000] {dagbag.py:532} INFO - Filling up the DagBag from /home/airflow/.local/lib/python3.7/site-packages/airflow/example_dags/tutorial_dag.py
[2023-05-14T05:55:51.832+0000] {processor.py:753} INFO - DAG(s) dict_keys(['tutorial_dag']) retrieved from /home/airflow/.local/lib/python3.7/site-packages/airflow/example_dags/tutorial_dag.py
[2023-05-14T05:55:51.857+0000] {logging_mixin.py:137} INFO - [2023-05-14T05:55:51.857+0000] {dag.py:2705} INFO - Sync 1 DAGs
[2023-05-14T05:55:51.875+0000] {logging_mixin.py:137} INFO - [2023-05-14T05:55:51.875+0000] {dag.py:3456} INFO - Setting next_dagrun for tutorial_dag to None, run_after=None
[2023-05-14T05:55:51.887+0000] {processor.py:175} INFO - Processing /home/airflow/.local/lib/python3.7/site-packages/airflow/example_dags/tutorial_dag.py took 0.074 seconds
[2023-05-14T05:56:22.092+0000] {processor.py:153} INFO - Started process (PID=14233) to work on /home/airflow/.local/lib/python3.7/site-packages/airflow/example_dags/tutorial_dag.py
[2023-05-14T05:56:22.094+0000] {processor.py:743} INFO - Processing file /home/airflow/.local/lib/python3.7/site-packages/airflow/example_dags/tutorial_dag.py for tasks to queue
[2023-05-14T05:56:22.096+0000] {logging_mixin.py:137} INFO - [2023-05-14T05:56:22.096+0000] {dagbag.py:532} INFO - Filling up the DagBag from /home/airflow/.local/lib/python3.7/site-packages/airflow/example_dags/tutorial_dag.py
[2023-05-14T05:56:22.111+0000] {processor.py:753} INFO - DAG(s) dict_keys(['tutorial_dag']) retrieved from /home/airflow/.local/lib/python3.7/site-packages/airflow/example_dags/tutorial_dag.py
[2023-05-14T05:56:22.151+0000] {logging_mixin.py:137} INFO - [2023-05-14T05:56:22.151+0000] {dag.py:2705} INFO - Sync 1 DAGs
[2023-05-14T05:56:22.177+0000] {logging_mixin.py:137} INFO - [2023-05-14T05:56:22.177+0000] {dag.py:3456} INFO - Setting next_dagrun for tutorial_dag to None, run_after=None
[2023-05-14T05:56:22.192+0000] {processor.py:175} INFO - Processing /home/airflow/.local/lib/python3.7/site-packages/airflow/example_dags/tutorial_dag.py took 0.103 seconds
[2023-05-14T05:56:52.893+0000] {processor.py:153} INFO - Started process (PID=14457) to work on /home/airflow/.local/lib/python3.7/site-packages/airflow/example_dags/tutorial_dag.py
[2023-05-14T05:56:52.896+0000] {processor.py:743} INFO - Processing file /home/airflow/.local/lib/python3.7/site-packages/airflow/example_dags/tutorial_dag.py for tasks to queue
[2023-05-14T05:56:52.897+0000] {logging_mixin.py:137} INFO - [2023-05-14T05:56:52.897+0000] {dagbag.py:532} INFO - Filling up the DagBag from /home/airflow/.local/lib/python3.7/site-packages/airflow/example_dags/tutorial_dag.py
[2023-05-14T05:56:52.910+0000] {processor.py:753} INFO - DAG(s) dict_keys(['tutorial_dag']) retrieved from /home/airflow/.local/lib/python3.7/site-packages/airflow/example_dags/tutorial_dag.py
[2023-05-14T05:56:52.938+0000] {logging_mixin.py:137} INFO - [2023-05-14T05:56:52.938+0000] {dag.py:2705} INFO - Sync 1 DAGs
[2023-05-14T05:56:52.964+0000] {logging_mixin.py:137} INFO - [2023-05-14T05:56:52.964+0000] {dag.py:3456} INFO - Setting next_dagrun for tutorial_dag to None, run_after=None
[2023-05-14T05:56:52.979+0000] {processor.py:175} INFO - Processing /home/airflow/.local/lib/python3.7/site-packages/airflow/example_dags/tutorial_dag.py took 0.088 seconds
[2023-05-14T05:57:23.771+0000] {processor.py:153} INFO - Started process (PID=14681) to work on /home/airflow/.local/lib/python3.7/site-packages/airflow/example_dags/tutorial_dag.py
[2023-05-14T05:57:23.773+0000] {processor.py:743} INFO - Processing file /home/airflow/.local/lib/python3.7/site-packages/airflow/example_dags/tutorial_dag.py for tasks to queue
[2023-05-14T05:57:23.774+0000] {logging_mixin.py:137} INFO - [2023-05-14T05:57:23.774+0000] {dagbag.py:532} INFO - Filling up the DagBag from /home/airflow/.local/lib/python3.7/site-packages/airflow/example_dags/tutorial_dag.py
[2023-05-14T05:57:23.791+0000] {processor.py:753} INFO - DAG(s) dict_keys(['tutorial_dag']) retrieved from /home/airflow/.local/lib/python3.7/site-packages/airflow/example_dags/tutorial_dag.py
[2023-05-14T05:57:23.817+0000] {logging_mixin.py:137} INFO - [2023-05-14T05:57:23.817+0000] {dag.py:2705} INFO - Sync 1 DAGs
[2023-05-14T05:57:23.834+0000] {logging_mixin.py:137} INFO - [2023-05-14T05:57:23.834+0000] {dag.py:3456} INFO - Setting next_dagrun for tutorial_dag to None, run_after=None
[2023-05-14T05:57:23.845+0000] {processor.py:175} INFO - Processing /home/airflow/.local/lib/python3.7/site-packages/airflow/example_dags/tutorial_dag.py took 0.077 seconds
[2023-05-14T05:57:54.132+0000] {processor.py:153} INFO - Started process (PID=14905) to work on /home/airflow/.local/lib/python3.7/site-packages/airflow/example_dags/tutorial_dag.py
[2023-05-14T05:57:54.134+0000] {processor.py:743} INFO - Processing file /home/airflow/.local/lib/python3.7/site-packages/airflow/example_dags/tutorial_dag.py for tasks to queue
[2023-05-14T05:57:54.136+0000] {logging_mixin.py:137} INFO - [2023-05-14T05:57:54.135+0000] {dagbag.py:532} INFO - Filling up the DagBag from /home/airflow/.local/lib/python3.7/site-packages/airflow/example_dags/tutorial_dag.py
[2023-05-14T05:57:54.146+0000] {processor.py:753} INFO - DAG(s) dict_keys(['tutorial_dag']) retrieved from /home/airflow/.local/lib/python3.7/site-packages/airflow/example_dags/tutorial_dag.py
[2023-05-14T05:57:54.170+0000] {logging_mixin.py:137} INFO - [2023-05-14T05:57:54.170+0000] {dag.py:2705} INFO - Sync 1 DAGs
[2023-05-14T05:57:54.187+0000] {logging_mixin.py:137} INFO - [2023-05-14T05:57:54.187+0000] {dag.py:3456} INFO - Setting next_dagrun for tutorial_dag to None, run_after=None
[2023-05-14T05:57:54.200+0000] {processor.py:175} INFO - Processing /home/airflow/.local/lib/python3.7/site-packages/airflow/example_dags/tutorial_dag.py took 0.073 seconds
[2023-05-14T05:58:24.447+0000] {processor.py:153} INFO - Started process (PID=15129) to work on /home/airflow/.local/lib/python3.7/site-packages/airflow/example_dags/tutorial_dag.py
[2023-05-14T05:58:24.450+0000] {processor.py:743} INFO - Processing file /home/airflow/.local/lib/python3.7/site-packages/airflow/example_dags/tutorial_dag.py for tasks to queue
[2023-05-14T05:58:24.452+0000] {logging_mixin.py:137} INFO - [2023-05-14T05:58:24.452+0000] {dagbag.py:532} INFO - Filling up the DagBag from /home/airflow/.local/lib/python3.7/site-packages/airflow/example_dags/tutorial_dag.py
[2023-05-14T05:58:24.464+0000] {processor.py:753} INFO - DAG(s) dict_keys(['tutorial_dag']) retrieved from /home/airflow/.local/lib/python3.7/site-packages/airflow/example_dags/tutorial_dag.py
[2023-05-14T05:58:24.501+0000] {logging_mixin.py:137} INFO - [2023-05-14T05:58:24.501+0000] {dag.py:2705} INFO - Sync 1 DAGs
[2023-05-14T05:58:24.521+0000] {logging_mixin.py:137} INFO - [2023-05-14T05:58:24.521+0000] {dag.py:3456} INFO - Setting next_dagrun for tutorial_dag to None, run_after=None
[2023-05-14T05:58:24.535+0000] {processor.py:175} INFO - Processing /home/airflow/.local/lib/python3.7/site-packages/airflow/example_dags/tutorial_dag.py took 0.091 seconds
[2023-05-14T05:58:54.693+0000] {processor.py:153} INFO - Started process (PID=15353) to work on /home/airflow/.local/lib/python3.7/site-packages/airflow/example_dags/tutorial_dag.py
[2023-05-14T05:58:54.695+0000] {processor.py:743} INFO - Processing file /home/airflow/.local/lib/python3.7/site-packages/airflow/example_dags/tutorial_dag.py for tasks to queue
[2023-05-14T05:58:54.696+0000] {logging_mixin.py:137} INFO - [2023-05-14T05:58:54.696+0000] {dagbag.py:532} INFO - Filling up the DagBag from /home/airflow/.local/lib/python3.7/site-packages/airflow/example_dags/tutorial_dag.py
[2023-05-14T05:58:54.707+0000] {processor.py:753} INFO - DAG(s) dict_keys(['tutorial_dag']) retrieved from /home/airflow/.local/lib/python3.7/site-packages/airflow/example_dags/tutorial_dag.py
[2023-05-14T05:58:54.732+0000] {logging_mixin.py:137} INFO - [2023-05-14T05:58:54.732+0000] {dag.py:2705} INFO - Sync 1 DAGs
[2023-05-14T05:58:54.749+0000] {logging_mixin.py:137} INFO - [2023-05-14T05:58:54.749+0000] {dag.py:3456} INFO - Setting next_dagrun for tutorial_dag to None, run_after=None
[2023-05-14T05:58:54.766+0000] {processor.py:175} INFO - Processing /home/airflow/.local/lib/python3.7/site-packages/airflow/example_dags/tutorial_dag.py took 0.075 seconds
[2023-05-14T05:59:25.122+0000] {processor.py:153} INFO - Started process (PID=15577) to work on /home/airflow/.local/lib/python3.7/site-packages/airflow/example_dags/tutorial_dag.py
[2023-05-14T05:59:25.124+0000] {processor.py:743} INFO - Processing file /home/airflow/.local/lib/python3.7/site-packages/airflow/example_dags/tutorial_dag.py for tasks to queue
[2023-05-14T05:59:25.127+0000] {logging_mixin.py:137} INFO - [2023-05-14T05:59:25.127+0000] {dagbag.py:532} INFO - Filling up the DagBag from /home/airflow/.local/lib/python3.7/site-packages/airflow/example_dags/tutorial_dag.py
[2023-05-14T05:59:25.141+0000] {processor.py:753} INFO - DAG(s) dict_keys(['tutorial_dag']) retrieved from /home/airflow/.local/lib/python3.7/site-packages/airflow/example_dags/tutorial_dag.py
[2023-05-14T05:59:25.170+0000] {logging_mixin.py:137} INFO - [2023-05-14T05:59:25.170+0000] {dag.py:2705} INFO - Sync 1 DAGs
[2023-05-14T05:59:25.187+0000] {logging_mixin.py:137} INFO - [2023-05-14T05:59:25.187+0000] {dag.py:3456} INFO - Setting next_dagrun for tutorial_dag to None, run_after=None
[2023-05-14T05:59:25.199+0000] {processor.py:175} INFO - Processing /home/airflow/.local/lib/python3.7/site-packages/airflow/example_dags/tutorial_dag.py took 0.080 seconds
[2023-05-14T05:59:55.541+0000] {processor.py:153} INFO - Started process (PID=15801) to work on /home/airflow/.local/lib/python3.7/site-packages/airflow/example_dags/tutorial_dag.py
[2023-05-14T05:59:55.544+0000] {processor.py:743} INFO - Processing file /home/airflow/.local/lib/python3.7/site-packages/airflow/example_dags/tutorial_dag.py for tasks to queue
[2023-05-14T05:59:55.545+0000] {logging_mixin.py:137} INFO - [2023-05-14T05:59:55.545+0000] {dagbag.py:532} INFO - Filling up the DagBag from /home/airflow/.local/lib/python3.7/site-packages/airflow/example_dags/tutorial_dag.py
[2023-05-14T05:59:55.557+0000] {processor.py:753} INFO - DAG(s) dict_keys(['tutorial_dag']) retrieved from /home/airflow/.local/lib/python3.7/site-packages/airflow/example_dags/tutorial_dag.py
[2023-05-14T05:59:55.608+0000] {logging_mixin.py:137} INFO - [2023-05-14T05:59:55.608+0000] {dag.py:2705} INFO - Sync 1 DAGs
[2023-05-14T05:59:55.629+0000] {logging_mixin.py:137} INFO - [2023-05-14T05:59:55.629+0000] {dag.py:3456} INFO - Setting next_dagrun for tutorial_dag to None, run_after=None
[2023-05-14T05:59:55.644+0000] {processor.py:175} INFO - Processing /home/airflow/.local/lib/python3.7/site-packages/airflow/example_dags/tutorial_dag.py took 0.106 seconds
[2023-05-14T06:00:25.789+0000] {processor.py:153} INFO - Started process (PID=16025) to work on /home/airflow/.local/lib/python3.7/site-packages/airflow/example_dags/tutorial_dag.py
[2023-05-14T06:00:25.792+0000] {processor.py:743} INFO - Processing file /home/airflow/.local/lib/python3.7/site-packages/airflow/example_dags/tutorial_dag.py for tasks to queue
[2023-05-14T06:00:25.795+0000] {logging_mixin.py:137} INFO - [2023-05-14T06:00:25.795+0000] {dagbag.py:532} INFO - Filling up the DagBag from /home/airflow/.local/lib/python3.7/site-packages/airflow/example_dags/tutorial_dag.py
[2023-05-14T06:00:25.809+0000] {processor.py:753} INFO - DAG(s) dict_keys(['tutorial_dag']) retrieved from /home/airflow/.local/lib/python3.7/site-packages/airflow/example_dags/tutorial_dag.py
[2023-05-14T06:00:25.848+0000] {logging_mixin.py:137} INFO - [2023-05-14T06:00:25.848+0000] {dag.py:2705} INFO - Sync 1 DAGs
[2023-05-14T06:00:25.867+0000] {logging_mixin.py:137} INFO - [2023-05-14T06:00:25.867+0000] {dag.py:3456} INFO - Setting next_dagrun for tutorial_dag to None, run_after=None
[2023-05-14T06:00:25.881+0000] {processor.py:175} INFO - Processing /home/airflow/.local/lib/python3.7/site-packages/airflow/example_dags/tutorial_dag.py took 0.095 seconds
[2023-05-14T06:00:56.700+0000] {processor.py:153} INFO - Started process (PID=16249) to work on /home/airflow/.local/lib/python3.7/site-packages/airflow/example_dags/tutorial_dag.py
[2023-05-14T06:00:56.702+0000] {processor.py:743} INFO - Processing file /home/airflow/.local/lib/python3.7/site-packages/airflow/example_dags/tutorial_dag.py for tasks to queue
[2023-05-14T06:00:56.703+0000] {logging_mixin.py:137} INFO - [2023-05-14T06:00:56.703+0000] {dagbag.py:532} INFO - Filling up the DagBag from /home/airflow/.local/lib/python3.7/site-packages/airflow/example_dags/tutorial_dag.py
[2023-05-14T06:00:56.719+0000] {processor.py:753} INFO - DAG(s) dict_keys(['tutorial_dag']) retrieved from /home/airflow/.local/lib/python3.7/site-packages/airflow/example_dags/tutorial_dag.py
[2023-05-14T06:00:56.747+0000] {logging_mixin.py:137} INFO - [2023-05-14T06:00:56.747+0000] {dag.py:2705} INFO - Sync 1 DAGs
[2023-05-14T06:00:56.766+0000] {logging_mixin.py:137} INFO - [2023-05-14T06:00:56.766+0000] {dag.py:3456} INFO - Setting next_dagrun for tutorial_dag to None, run_after=None
[2023-05-14T06:00:56.779+0000] {processor.py:175} INFO - Processing /home/airflow/.local/lib/python3.7/site-packages/airflow/example_dags/tutorial_dag.py took 0.082 seconds
[2023-05-14T06:01:27.328+0000] {processor.py:153} INFO - Started process (PID=16477) to work on /home/airflow/.local/lib/python3.7/site-packages/airflow/example_dags/tutorial_dag.py
[2023-05-14T06:01:27.335+0000] {processor.py:743} INFO - Processing file /home/airflow/.local/lib/python3.7/site-packages/airflow/example_dags/tutorial_dag.py for tasks to queue
[2023-05-14T06:01:27.337+0000] {logging_mixin.py:137} INFO - [2023-05-14T06:01:27.337+0000] {dagbag.py:532} INFO - Filling up the DagBag from /home/airflow/.local/lib/python3.7/site-packages/airflow/example_dags/tutorial_dag.py
[2023-05-14T06:01:27.369+0000] {processor.py:753} INFO - DAG(s) dict_keys(['tutorial_dag']) retrieved from /home/airflow/.local/lib/python3.7/site-packages/airflow/example_dags/tutorial_dag.py
[2023-05-14T06:01:27.398+0000] {logging_mixin.py:137} INFO - [2023-05-14T06:01:27.398+0000] {dag.py:2705} INFO - Sync 1 DAGs
[2023-05-14T06:01:27.419+0000] {logging_mixin.py:137} INFO - [2023-05-14T06:01:27.419+0000] {dag.py:3456} INFO - Setting next_dagrun for tutorial_dag to None, run_after=None
[2023-05-14T06:01:27.437+0000] {processor.py:175} INFO - Processing /home/airflow/.local/lib/python3.7/site-packages/airflow/example_dags/tutorial_dag.py took 0.119 seconds
[2023-05-14T06:01:57.862+0000] {processor.py:153} INFO - Started process (PID=16701) to work on /home/airflow/.local/lib/python3.7/site-packages/airflow/example_dags/tutorial_dag.py
[2023-05-14T06:01:57.865+0000] {processor.py:743} INFO - Processing file /home/airflow/.local/lib/python3.7/site-packages/airflow/example_dags/tutorial_dag.py for tasks to queue
[2023-05-14T06:01:57.866+0000] {logging_mixin.py:137} INFO - [2023-05-14T06:01:57.866+0000] {dagbag.py:532} INFO - Filling up the DagBag from /home/airflow/.local/lib/python3.7/site-packages/airflow/example_dags/tutorial_dag.py
[2023-05-14T06:01:57.887+0000] {processor.py:753} INFO - DAG(s) dict_keys(['tutorial_dag']) retrieved from /home/airflow/.local/lib/python3.7/site-packages/airflow/example_dags/tutorial_dag.py
[2023-05-14T06:01:57.912+0000] {logging_mixin.py:137} INFO - [2023-05-14T06:01:57.911+0000] {dag.py:2705} INFO - Sync 1 DAGs
[2023-05-14T06:01:57.930+0000] {logging_mixin.py:137} INFO - [2023-05-14T06:01:57.930+0000] {dag.py:3456} INFO - Setting next_dagrun for tutorial_dag to None, run_after=None
[2023-05-14T06:01:57.943+0000] {processor.py:175} INFO - Processing /home/airflow/.local/lib/python3.7/site-packages/airflow/example_dags/tutorial_dag.py took 0.085 seconds
[2023-05-14T06:02:28.186+0000] {processor.py:153} INFO - Started process (PID=16934) to work on /home/airflow/.local/lib/python3.7/site-packages/airflow/example_dags/tutorial_dag.py
[2023-05-14T06:02:28.189+0000] {processor.py:743} INFO - Processing file /home/airflow/.local/lib/python3.7/site-packages/airflow/example_dags/tutorial_dag.py for tasks to queue
[2023-05-14T06:02:28.191+0000] {logging_mixin.py:137} INFO - [2023-05-14T06:02:28.190+0000] {dagbag.py:532} INFO - Filling up the DagBag from /home/airflow/.local/lib/python3.7/site-packages/airflow/example_dags/tutorial_dag.py
[2023-05-14T06:02:28.204+0000] {processor.py:753} INFO - DAG(s) dict_keys(['tutorial_dag']) retrieved from /home/airflow/.local/lib/python3.7/site-packages/airflow/example_dags/tutorial_dag.py
[2023-05-14T06:02:28.232+0000] {logging_mixin.py:137} INFO - [2023-05-14T06:02:28.232+0000] {dag.py:2705} INFO - Sync 1 DAGs
[2023-05-14T06:02:28.251+0000] {logging_mixin.py:137} INFO - [2023-05-14T06:02:28.251+0000] {dag.py:3456} INFO - Setting next_dagrun for tutorial_dag to None, run_after=None
[2023-05-14T06:02:28.270+0000] {processor.py:175} INFO - Processing /home/airflow/.local/lib/python3.7/site-packages/airflow/example_dags/tutorial_dag.py took 0.087 seconds
[2023-05-14T06:02:58.903+0000] {processor.py:153} INFO - Started process (PID=17158) to work on /home/airflow/.local/lib/python3.7/site-packages/airflow/example_dags/tutorial_dag.py
[2023-05-14T06:02:58.908+0000] {processor.py:743} INFO - Processing file /home/airflow/.local/lib/python3.7/site-packages/airflow/example_dags/tutorial_dag.py for tasks to queue
[2023-05-14T06:02:58.917+0000] {logging_mixin.py:137} INFO - [2023-05-14T06:02:58.917+0000] {dagbag.py:532} INFO - Filling up the DagBag from /home/airflow/.local/lib/python3.7/site-packages/airflow/example_dags/tutorial_dag.py
[2023-05-14T06:02:58.933+0000] {processor.py:753} INFO - DAG(s) dict_keys(['tutorial_dag']) retrieved from /home/airflow/.local/lib/python3.7/site-packages/airflow/example_dags/tutorial_dag.py
[2023-05-14T06:02:58.959+0000] {logging_mixin.py:137} INFO - [2023-05-14T06:02:58.959+0000] {dag.py:2705} INFO - Sync 1 DAGs
[2023-05-14T06:02:58.979+0000] {logging_mixin.py:137} INFO - [2023-05-14T06:02:58.979+0000] {dag.py:3456} INFO - Setting next_dagrun for tutorial_dag to None, run_after=None
[2023-05-14T06:02:58.994+0000] {processor.py:175} INFO - Processing /home/airflow/.local/lib/python3.7/site-packages/airflow/example_dags/tutorial_dag.py took 0.093 seconds
[2023-05-14T06:03:29.220+0000] {processor.py:153} INFO - Started process (PID=17383) to work on /home/airflow/.local/lib/python3.7/site-packages/airflow/example_dags/tutorial_dag.py
[2023-05-14T06:03:29.222+0000] {processor.py:743} INFO - Processing file /home/airflow/.local/lib/python3.7/site-packages/airflow/example_dags/tutorial_dag.py for tasks to queue
[2023-05-14T06:03:29.223+0000] {logging_mixin.py:137} INFO - [2023-05-14T06:03:29.223+0000] {dagbag.py:532} INFO - Filling up the DagBag from /home/airflow/.local/lib/python3.7/site-packages/airflow/example_dags/tutorial_dag.py
[2023-05-14T06:03:29.235+0000] {processor.py:753} INFO - DAG(s) dict_keys(['tutorial_dag']) retrieved from /home/airflow/.local/lib/python3.7/site-packages/airflow/example_dags/tutorial_dag.py
[2023-05-14T06:03:29.257+0000] {logging_mixin.py:137} INFO - [2023-05-14T06:03:29.257+0000] {dag.py:2705} INFO - Sync 1 DAGs
[2023-05-14T06:03:29.275+0000] {logging_mixin.py:137} INFO - [2023-05-14T06:03:29.275+0000] {dag.py:3456} INFO - Setting next_dagrun for tutorial_dag to None, run_after=None
[2023-05-14T06:03:29.288+0000] {processor.py:175} INFO - Processing /home/airflow/.local/lib/python3.7/site-packages/airflow/example_dags/tutorial_dag.py took 0.072 seconds
[2023-05-14T06:04:00.112+0000] {processor.py:153} INFO - Started process (PID=17614) to work on /home/airflow/.local/lib/python3.7/site-packages/airflow/example_dags/tutorial_dag.py
[2023-05-14T06:04:00.116+0000] {processor.py:743} INFO - Processing file /home/airflow/.local/lib/python3.7/site-packages/airflow/example_dags/tutorial_dag.py for tasks to queue
[2023-05-14T06:04:00.120+0000] {logging_mixin.py:137} INFO - [2023-05-14T06:04:00.120+0000] {dagbag.py:532} INFO - Filling up the DagBag from /home/airflow/.local/lib/python3.7/site-packages/airflow/example_dags/tutorial_dag.py
[2023-05-14T06:04:00.142+0000] {processor.py:753} INFO - DAG(s) dict_keys(['tutorial_dag']) retrieved from /home/airflow/.local/lib/python3.7/site-packages/airflow/example_dags/tutorial_dag.py
[2023-05-14T06:04:00.169+0000] {logging_mixin.py:137} INFO - [2023-05-14T06:04:00.169+0000] {dag.py:2705} INFO - Sync 1 DAGs
[2023-05-14T06:04:00.202+0000] {logging_mixin.py:137} INFO - [2023-05-14T06:04:00.201+0000] {dag.py:3456} INFO - Setting next_dagrun for tutorial_dag to None, run_after=None
[2023-05-14T06:04:00.219+0000] {processor.py:175} INFO - Processing /home/airflow/.local/lib/python3.7/site-packages/airflow/example_dags/tutorial_dag.py took 0.111 seconds
[2023-05-14T06:04:30.436+0000] {processor.py:153} INFO - Started process (PID=17838) to work on /home/airflow/.local/lib/python3.7/site-packages/airflow/example_dags/tutorial_dag.py
[2023-05-14T06:04:30.438+0000] {processor.py:743} INFO - Processing file /home/airflow/.local/lib/python3.7/site-packages/airflow/example_dags/tutorial_dag.py for tasks to queue
[2023-05-14T06:04:30.439+0000] {logging_mixin.py:137} INFO - [2023-05-14T06:04:30.439+0000] {dagbag.py:532} INFO - Filling up the DagBag from /home/airflow/.local/lib/python3.7/site-packages/airflow/example_dags/tutorial_dag.py
[2023-05-14T06:04:30.453+0000] {processor.py:753} INFO - DAG(s) dict_keys(['tutorial_dag']) retrieved from /home/airflow/.local/lib/python3.7/site-packages/airflow/example_dags/tutorial_dag.py
[2023-05-14T06:04:30.488+0000] {logging_mixin.py:137} INFO - [2023-05-14T06:04:30.488+0000] {dag.py:2705} INFO - Sync 1 DAGs
[2023-05-14T06:04:30.506+0000] {logging_mixin.py:137} INFO - [2023-05-14T06:04:30.506+0000] {dag.py:3456} INFO - Setting next_dagrun for tutorial_dag to None, run_after=None
[2023-05-14T06:04:30.528+0000] {processor.py:175} INFO - Processing /home/airflow/.local/lib/python3.7/site-packages/airflow/example_dags/tutorial_dag.py took 0.095 seconds
[2023-05-14T06:05:00.605+0000] {processor.py:153} INFO - Started process (PID=18064) to work on /home/airflow/.local/lib/python3.7/site-packages/airflow/example_dags/tutorial_dag.py
[2023-05-14T06:05:00.607+0000] {processor.py:743} INFO - Processing file /home/airflow/.local/lib/python3.7/site-packages/airflow/example_dags/tutorial_dag.py for tasks to queue
[2023-05-14T06:05:00.608+0000] {logging_mixin.py:137} INFO - [2023-05-14T06:05:00.608+0000] {dagbag.py:532} INFO - Filling up the DagBag from /home/airflow/.local/lib/python3.7/site-packages/airflow/example_dags/tutorial_dag.py
[2023-05-14T06:05:00.621+0000] {processor.py:753} INFO - DAG(s) dict_keys(['tutorial_dag']) retrieved from /home/airflow/.local/lib/python3.7/site-packages/airflow/example_dags/tutorial_dag.py
[2023-05-14T06:05:00.642+0000] {logging_mixin.py:137} INFO - [2023-05-14T06:05:00.642+0000] {dag.py:2705} INFO - Sync 1 DAGs
[2023-05-14T06:05:00.659+0000] {logging_mixin.py:137} INFO - [2023-05-14T06:05:00.659+0000] {dag.py:3456} INFO - Setting next_dagrun for tutorial_dag to None, run_after=None
[2023-05-14T06:05:00.671+0000] {processor.py:175} INFO - Processing /home/airflow/.local/lib/python3.7/site-packages/airflow/example_dags/tutorial_dag.py took 0.072 seconds
[2023-05-14T06:05:31.462+0000] {processor.py:153} INFO - Started process (PID=18285) to work on /home/airflow/.local/lib/python3.7/site-packages/airflow/example_dags/tutorial_dag.py
[2023-05-14T06:05:31.473+0000] {processor.py:743} INFO - Processing file /home/airflow/.local/lib/python3.7/site-packages/airflow/example_dags/tutorial_dag.py for tasks to queue
[2023-05-14T06:05:31.475+0000] {logging_mixin.py:137} INFO - [2023-05-14T06:05:31.475+0000] {dagbag.py:532} INFO - Filling up the DagBag from /home/airflow/.local/lib/python3.7/site-packages/airflow/example_dags/tutorial_dag.py
[2023-05-14T06:05:31.491+0000] {processor.py:753} INFO - DAG(s) dict_keys(['tutorial_dag']) retrieved from /home/airflow/.local/lib/python3.7/site-packages/airflow/example_dags/tutorial_dag.py
[2023-05-14T06:05:31.513+0000] {logging_mixin.py:137} INFO - [2023-05-14T06:05:31.513+0000] {dag.py:2705} INFO - Sync 1 DAGs
[2023-05-14T06:05:31.534+0000] {logging_mixin.py:137} INFO - [2023-05-14T06:05:31.534+0000] {dag.py:3456} INFO - Setting next_dagrun for tutorial_dag to None, run_after=None
[2023-05-14T06:05:31.547+0000] {processor.py:175} INFO - Processing /home/airflow/.local/lib/python3.7/site-packages/airflow/example_dags/tutorial_dag.py took 0.089 seconds
[2023-05-14T06:06:01.755+0000] {processor.py:153} INFO - Started process (PID=18511) to work on /home/airflow/.local/lib/python3.7/site-packages/airflow/example_dags/tutorial_dag.py
[2023-05-14T06:06:01.759+0000] {processor.py:743} INFO - Processing file /home/airflow/.local/lib/python3.7/site-packages/airflow/example_dags/tutorial_dag.py for tasks to queue
[2023-05-14T06:06:01.761+0000] {logging_mixin.py:137} INFO - [2023-05-14T06:06:01.761+0000] {dagbag.py:532} INFO - Filling up the DagBag from /home/airflow/.local/lib/python3.7/site-packages/airflow/example_dags/tutorial_dag.py
[2023-05-14T06:06:01.777+0000] {processor.py:753} INFO - DAG(s) dict_keys(['tutorial_dag']) retrieved from /home/airflow/.local/lib/python3.7/site-packages/airflow/example_dags/tutorial_dag.py
[2023-05-14T06:06:01.806+0000] {logging_mixin.py:137} INFO - [2023-05-14T06:06:01.806+0000] {dag.py:2705} INFO - Sync 1 DAGs
[2023-05-14T06:06:01.833+0000] {logging_mixin.py:137} INFO - [2023-05-14T06:06:01.832+0000] {dag.py:3456} INFO - Setting next_dagrun for tutorial_dag to None, run_after=None
[2023-05-14T06:06:01.850+0000] {processor.py:175} INFO - Processing /home/airflow/.local/lib/python3.7/site-packages/airflow/example_dags/tutorial_dag.py took 0.099 seconds
[2023-05-14T06:06:32.276+0000] {processor.py:153} INFO - Started process (PID=18737) to work on /home/airflow/.local/lib/python3.7/site-packages/airflow/example_dags/tutorial_dag.py
[2023-05-14T06:06:32.278+0000] {processor.py:743} INFO - Processing file /home/airflow/.local/lib/python3.7/site-packages/airflow/example_dags/tutorial_dag.py for tasks to queue
[2023-05-14T06:06:32.281+0000] {logging_mixin.py:137} INFO - [2023-05-14T06:06:32.281+0000] {dagbag.py:532} INFO - Filling up the DagBag from /home/airflow/.local/lib/python3.7/site-packages/airflow/example_dags/tutorial_dag.py
[2023-05-14T06:06:32.303+0000] {processor.py:753} INFO - DAG(s) dict_keys(['tutorial_dag']) retrieved from /home/airflow/.local/lib/python3.7/site-packages/airflow/example_dags/tutorial_dag.py
[2023-05-14T06:06:32.332+0000] {logging_mixin.py:137} INFO - [2023-05-14T06:06:32.332+0000] {dag.py:2705} INFO - Sync 1 DAGs
[2023-05-14T06:06:32.350+0000] {logging_mixin.py:137} INFO - [2023-05-14T06:06:32.350+0000] {dag.py:3456} INFO - Setting next_dagrun for tutorial_dag to None, run_after=None
[2023-05-14T06:06:32.364+0000] {processor.py:175} INFO - Processing /home/airflow/.local/lib/python3.7/site-packages/airflow/example_dags/tutorial_dag.py took 0.091 seconds
[2023-05-14T06:07:02.671+0000] {processor.py:153} INFO - Started process (PID=18959) to work on /home/airflow/.local/lib/python3.7/site-packages/airflow/example_dags/tutorial_dag.py
[2023-05-14T06:07:02.673+0000] {processor.py:743} INFO - Processing file /home/airflow/.local/lib/python3.7/site-packages/airflow/example_dags/tutorial_dag.py for tasks to queue
[2023-05-14T06:07:02.675+0000] {logging_mixin.py:137} INFO - [2023-05-14T06:07:02.675+0000] {dagbag.py:532} INFO - Filling up the DagBag from /home/airflow/.local/lib/python3.7/site-packages/airflow/example_dags/tutorial_dag.py
[2023-05-14T06:07:02.706+0000] {processor.py:753} INFO - DAG(s) dict_keys(['tutorial_dag']) retrieved from /home/airflow/.local/lib/python3.7/site-packages/airflow/example_dags/tutorial_dag.py
[2023-05-14T06:07:02.732+0000] {logging_mixin.py:137} INFO - [2023-05-14T06:07:02.732+0000] {dag.py:2705} INFO - Sync 1 DAGs
[2023-05-14T06:07:02.751+0000] {logging_mixin.py:137} INFO - [2023-05-14T06:07:02.751+0000] {dag.py:3456} INFO - Setting next_dagrun for tutorial_dag to None, run_after=None
[2023-05-14T06:07:02.764+0000] {processor.py:175} INFO - Processing /home/airflow/.local/lib/python3.7/site-packages/airflow/example_dags/tutorial_dag.py took 0.096 seconds
